[INFO] 2024-05-07 16:02:32.604 +0800 - ***********************************************************************************************
[INFO] 2024-05-07 16:02:32.609 +0800 - *********************************  Initialize task context  ***********************************
[INFO] 2024-05-07 16:02:32.611 +0800 - ***********************************************************************************************
[INFO] 2024-05-07 16:02:32.616 +0800 - Begin to initialize task
[INFO] 2024-05-07 16:02:32.617 +0800 - Set task startTime: 1715068952617
[INFO] 2024-05-07 16:02:32.617 +0800 - Set task appId: 1107_4008
[INFO] 2024-05-07 16:02:32.617 +0800 - End initialize task {
  "taskInstanceId" : 4008,
  "taskName" : "duplicate_check",
  "firstSubmitTime" : 1715068952561,
  "startTime" : 1715068952617,
  "taskType" : "DATA_QUALITY",
  "workflowInstanceHost" : "172.18.0.14:5678",
  "host" : "172.18.1.1:1234",
  "logPath" : "/opt/dolphinscheduler/logs/20240507/13520356270336/8/1107/4008.log",
  "processId" : 0,
  "processDefineCode" : 13520356270336,
  "processDefineVersion" : 8,
  "processInstanceId" : 1107,
  "scheduleTime" : 0,
  "executorId" : 1,
  "cmdTypeIfComplement" : 0,
  "tenantCode" : "default",
  "processDefineId" : 0,
  "projectId" : 0,
  "projectCode" : 13001194483488,
  "taskParams" : "{\"localParams\":[],\"resourceList\":[],\"ruleId\":6,\"ruleInputParameter\":{\"check_type\":\"0\",\"comparison_type\":1,\"comparison_name\":\"0\",\"failure_strategy\":\"1\",\"operator\":\"0\",\"src_connector_type\":1,\"src_datasource_id\":5,\"src_database\":\"gnews_article_hash_db\",\"src_field\":\"hash\",\"src_table\":\"article_hashes\",\"threshold\":\"0\"},\"sparkParameters\":{\"deployMode\":\"local\",\"driverCores\":1,\"driverMemory\":\"512M\",\"executorCores\":1,\"executorMemory\":\"1G\",\"numExecutors\":1,\"others\":\"--conf spark.driver.extraJavaOptions=\\\"-Divy.cache.dir=/tmp -Divy.home=/tmp\\\" \\\\\\n--packages org.postgresql:postgresql:42.7.3 \\\\\\n--packages org.apache.commons:commons-collections4:4.4\",\"yarnQueue\":\"\"}}",
  "environmentConfig" : "export SPARK_HOME=/opt/spark-2.4.0-bin-hadoop2.7\nexport JAVA_HOME=/opt/java/openjdk",
  "prepareParamsMap" : {
    "system.task.definition.name" : {
      "prop" : "system.task.definition.name",
      "direct" : "IN",
      "type" : "VARCHAR",
      "value" : "duplicate_check"
    },
    "system.project.name" : {
      "prop" : "system.project.name",
      "direct" : "IN",
      "type" : "VARCHAR",
      "value" : null
    },
    "system.project.code" : {
      "prop" : "system.project.code",
      "direct" : "IN",
      "type" : "VARCHAR",
      "value" : "13001194483488"
    },
    "system.workflow.instance.id" : {
      "prop" : "system.workflow.instance.id",
      "direct" : "IN",
      "type" : "VARCHAR",
      "value" : "1107"
    },
    "system.biz.curdate" : {
      "prop" : "system.biz.curdate",
      "direct" : "IN",
      "type" : "VARCHAR",
      "value" : "20240507"
    },
    "system.biz.date" : {
      "prop" : "system.biz.date",
      "direct" : "IN",
      "type" : "VARCHAR",
      "value" : "20240506"
    },
    "system.task.instance.id" : {
      "prop" : "system.task.instance.id",
      "direct" : "IN",
      "type" : "VARCHAR",
      "value" : "4008"
    },
    "system.workflow.definition.name" : {
      "prop" : "system.workflow.definition.name",
      "direct" : "IN",
      "type" : "VARCHAR",
      "value" : "duplicate_check"
    },
    "system.task.definition.code" : {
      "prop" : "system.task.definition.code",
      "direct" : "IN",
      "type" : "VARCHAR",
      "value" : "13520346003328"
    },
    "system.workflow.definition.code" : {
      "prop" : "system.workflow.definition.code",
      "direct" : "IN",
      "type" : "VARCHAR",
      "value" : "13520356270336"
    },
    "system.datetime" : {
      "prop" : "system.datetime",
      "direct" : "IN",
      "type" : "VARCHAR",
      "value" : "20240507160232"
    }
  },
  "taskAppId" : "1107_4008",
  "taskTimeout" : 2147483647,
  "workerGroup" : "default",
  "delayTime" : 0,
  "currentExecutionStatus" : "SUBMITTED_SUCCESS",
  "endTime" : 0,
  "dryRun" : 0,
  "paramsMap" : { },
  "dataQualityTaskExecutionContext" : {
    "ruleId" : 6,
    "ruleName" : "$t(uniqueness_check)",
    "ruleType" : 0,
    "ruleInputEntryList" : "[{\"id\":1,\"field\":\"src_connector_type\",\"type\":\"select\",\"title\":\"$t(src_connector_type)\",\"data\":\"\",\"options\":\"[{\\\"label\\\":\\\"HIVE\\\",\\\"value\\\":\\\"HIVE\\\"},{\\\"label\\\":\\\"JDBC\\\",\\\"value\\\":\\\"JDBC\\\"}]\",\"placeholder\":\"please select source connector type\",\"optionSourceType\":2,\"dataType\":2,\"inputType\":0,\"isShow\":true,\"canEdit\":true,\"isEmit\":true,\"isValidate\":false,\"valuesMap\":null,\"index\":1,\"createTime\":null,\"updateTime\":null},{\"id\":2,\"field\":\"src_datasource_id\",\"type\":\"select\",\"title\":\"$t(src_datasource_id)\",\"data\":\"\",\"options\":null,\"placeholder\":\"please select source datasource id\",\"optionSourceType\":1,\"dataType\":2,\"inputType\":0,\"isShow\":true,\"canEdit\":true,\"isEmit\":true,\"isValidate\":false,\"valuesMap\":null,\"index\":2,\"createTime\":null,\"updateTime\":null},{\"id\":30,\"field\":\"src_database\",\"type\":\"select\",\"title\":\"$t(src_database)\",\"data\":null,\"options\":null,\"placeholder\":\"Please select source database\",\"optionSourceType\":0,\"dataType\":0,\"inputType\":0,\"isShow\":true,\"canEdit\":true,\"isEmit\":true,\"isValidate\":true,\"valuesMap\":null,\"index\":2,\"createTime\":null,\"updateTime\":null},{\"id\":3,\"field\":\"src_table\",\"type\":\"select\",\"title\":\"$t(src_table)\",\"data\":null,\"options\":null,\"placeholder\":\"Please enter source table name\",\"optionSourceType\":0,\"dataType\":0,\"inputType\":0,\"isShow\":true,\"canEdit\":true,\"isEmit\":true,\"isValidate\":true,\"valuesMap\":null,\"index\":3,\"createTime\":null,\"updateTime\":null},{\"id\":4,\"field\":\"src_filter\",\"type\":\"input\",\"title\":\"$t(src_filter)\",\"data\":null,\"options\":null,\"placeholder\":\"Please enter filter expression\",\"optionSourceType\":0,\"dataType\":3,\"inputType\":0,\"isShow\":true,\"canEdit\":true,\"isEmit\":false,\"isValidate\":false,\"valuesMap\":null,\"index\":4,\"createTime\":null,\"updateTime\":null},{\"id\":5,\"field\":\"src_field\",\"type\":\"select\",\"title\":\"$t(src_field)\",\"data\":null,\"options\":null,\"placeholder\":\"Please enter column, only single column is supported\",\"optionSourceType\":0,\"dataType\":0,\"inputType\":0,\"isShow\":true,\"canEdit\":true,\"isEmit\":false,\"isValidate\":true,\"valuesMap\":null,\"index\":5,\"createTime\":null,\"updateTime\":null},{\"id\":6,\"field\":\"statistics_name\",\"type\":\"input\",\"title\":\"$t(statistics_name)\",\"data\":\"duplicate_count.duplicates\",\"options\":null,\"placeholder\":\"Please enter statistics name, the alias in statistics execute sql\",\"optionSourceType\":0,\"dataType\":0,\"inputType\":1,\"isShow\":false,\"canEdit\":false,\"isEmit\":false,\"isValidate\":true,\"valuesMap\":\"{\\\"statistics_name\\\":\\\"duplicate_count.duplicates\\\"}\",\"index\":6,\"createTime\":null,\"updateTime\":null},{\"id\":7,\"field\":\"check_type\",\"type\":\"select\",\"title\":\"$t(check_type)\",\"data\":\"0\",\"options\":\"[{\\\"label\\\":\\\"Expected - Actual\\\",\\\"value\\\":\\\"0\\\"},{\\\"label\\\":\\\"Actual - Expected\\\",\\\"value\\\":\\\"1\\\"},{\\\"label\\\":\\\"Actual / Expected\\\",\\\"value\\\":\\\"2\\\"},{\\\"label\\\":\\\"(Expected - Actual) / Expected\\\",\\\"value\\\":\\\"3\\\"}]\",\"placeholder\":\"please select check type\",\"optionSourceType\":0,\"dataType\":0,\"inputType\":3,\"isShow\":true,\"canEdit\":true,\"isEmit\":true,\"isValidate\":false,\"valuesMap\":null,\"index\":7,\"createTime\":null,\"updateTime\":null},{\"id\":8,\"field\":\"operator\",\"type\":\"select\",\"title\":\"$t(operator)\",\"data\":\"0\",\"options\":\"[{\\\"label\\\":\\\"=\\\",\\\"value\\\":\\\"0\\\"},{\\\"label\\\":\\\"<\\\",\\\"value\\\":\\\"1\\\"},{\\\"label\\\":\\\"<=\\\",\\\"value\\\":\\\"2\\\"},{\\\"label\\\":\\\">\\\",\\\"value\\\":\\\"3\\\"},{\\\"label\\\":\\\">=\\\",\\\"value\\\":\\\"4\\\"},{\\\"label\\\":\\\"!=\\\",\\\"value\\\":\\\"5\\\"}]\",\"placeholder\":\"please select operator\",\"optionSourceType\":0,\"dataType\":0,\"inputType\":3,\"isShow\":true,\"canEdit\":true,\"isEmit\":false,\"isValidate\":false,\"valuesMap\":null,\"index\":8,\"createTime\":null,\"updateTime\":null},{\"id\":9,\"field\":\"threshold\",\"type\":\"input\",\"title\":\"$t(threshold)\",\"data\":null,\"options\":null,\"placeholder\":\"Please enter threshold, number is needed\",\"optionSourceType\":0,\"dataType\":2,\"inputType\":3,\"isShow\":true,\"canEdit\":true,\"isEmit\":false,\"isValidate\":true,\"valuesMap\":null,\"index\":9,\"createTime\":null,\"updateTime\":null},{\"id\":10,\"field\":\"failure_strategy\",\"type\":\"select\",\"title\":\"$t(failure_strategy)\",\"data\":\"0\",\"options\":\"[{\\\"label\\\":\\\"Alert\\\",\\\"value\\\":\\\"0\\\"},{\\\"label\\\":\\\"Block\\\",\\\"value\\\":\\\"1\\\"}]\",\"placeholder\":\"please select failure strategy\",\"optionSourceType\":0,\"dataType\":0,\"inputType\":3,\"isShow\":true,\"canEdit\":true,\"isEmit\":false,\"isValidate\":false,\"valuesMap\":null,\"index\":10,\"createTime\":null,\"updateTime\":null},{\"id\":17,\"field\":\"comparison_name\",\"type\":\"input\",\"title\":\"$t(comparison_name)\",\"data\":null,\"options\":null,\"placeholder\":\"Please enter comparison name, the alias in comparison execute sql\",\"optionSourceType\":0,\"dataType\":0,\"inputType\":0,\"isShow\":false,\"canEdit\":false,\"isEmit\":false,\"isValidate\":true,\"valuesMap\":\"\",\"index\":11,\"createTime\":null,\"updateTime\":null},{\"id\":19,\"field\":\"comparison_type\",\"type\":\"select\",\"title\":\"$t(comparison_type)\",\"data\":\"\",\"options\":null,\"placeholder\":\"Please enter comparison title\",\"optionSourceType\":3,\"dataType\":0,\"inputType\":2,\"isShow\":true,\"canEdit\":false,\"isEmit\":true,\"isValidate\":false,\"valuesMap\":null,\"index\":12,\"createTime\":null,\"updateTime\":null}]",
    "executeSqlList" : "[{\"id\":6,\"index\":1,\"sql\":\"SELECT ${src_field} FROM ${src_table} group by ${src_field} having count(*) > 1\",\"tableAlias\":\"duplicate_items\",\"type\":0,\"createTime\":\"2021-03-03 11:31:24\",\"updateTime\":\"2021-03-03 11:31:24\",\"errorOutputSql\":true},{\"id\":7,\"index\":1,\"sql\":\"SELECT COUNT(*) AS duplicates FROM duplicate_items\",\"tableAlias\":\"duplicate_count\",\"type\":1,\"createTime\":\"2021-03-03 11:31:24\",\"updateTime\":\"2021-03-03 11:31:24\",\"errorOutputSql\":false}]",
    "comparisonNeedStatisticsValueTable" : false,
    "compareWithFixedValue" : true,
    "hdfsPath" : "hdfs://mycluster:8020/user/default/data_quality_error_data",
    "sourceConnectorType" : "JDBC",
    "sourceType" : 1,
    "sourceConnectionParams" : "{\"user\":\"root\",\"password\":\"******\",\"address\":\"jdbc:postgresql://dolphinscheduler-postgresql:5432\",\"database\":\"gnews_article_hash_db\",\"jdbcUrl\":\"jdbc:postgresql://dolphinscheduler-postgresql:5432/gnews_article_hash_db\",\"driverClassName\":\"org.postgresql.Driver\",\"validationQuery\":\"select version()\",\"other\":{\"password\":\"****\"}}",
    "targetConnectorType" : null,
    "targetType" : 0,
    "targetConnectionParams" : null,
    "writerConnectorType" : "JDBC",
    "writerType" : 1,
    "writerTable" : "t_ds_dq_execute_result",
    "writerConnectionParams" : "{\"user\":\"root\",\"password\":\"****\",\"address\":\"jdbc:postgresql://dolphinscheduler-postgresql:5432\",\"database\":\"dolphinscheduler\",\"jdbcUrl\":\"jdbc:postgresql://dolphinscheduler-postgresql:5432/dolphinscheduler\"}",
    "statisticsValueConnectorType" : "JDBC",
    "statisticsValueType" : 1,
    "statisticsValueTable" : "t_ds_dq_task_statistics_value",
    "statisticsValueWriterConnectionParams" : "{\"user\":\"root\",\"password\":\"****\",\"address\":\"jdbc:postgresql://dolphinscheduler-postgresql:5432\",\"database\":\"dolphinscheduler\",\"jdbcUrl\":\"jdbc:postgresql://dolphinscheduler-postgresql:5432/dolphinscheduler\"}"
  },
  "cpuQuota" : -1,
  "memoryMax" : -1,
  "testFlag" : 0,
  "logBufferEnable" : false,
  "dispatchFailTimes" : 0
}
[INFO] 2024-05-07 16:02:32.618 +0800 - ***********************************************************************************************
[INFO] 2024-05-07 16:02:32.618 +0800 - *********************************  Load task instance plugin  *********************************
[INFO] 2024-05-07 16:02:32.618 +0800 - ***********************************************************************************************
[INFO] 2024-05-07 16:02:32.641 +0800 - Send task status RUNNING_EXECUTION master: 172.18.1.1:1234
[INFO] 2024-05-07 16:02:32.642 +0800 - TenantCode: default check successfully
[INFO] 2024-05-07 16:02:32.644 +0800 - WorkflowInstanceExecDir: /tmp/dolphinscheduler/exec/process/default/13001194483488/13520356270336_8/1107/4008 check successfully
[INFO] 2024-05-07 16:02:32.645 +0800 - Create TaskChannel: org.apache.dolphinscheduler.plugin.task.dq.DataQualityTaskChannel successfully
[INFO] 2024-05-07 16:02:32.645 +0800 - Download resources successfully: 
ResourceContext(resourceItemMap={})
[INFO] 2024-05-07 16:02:32.645 +0800 - Download upstream files: [] successfully
[INFO] 2024-05-07 16:02:32.645 +0800 - Task plugin instance: DATA_QUALITY create successfully
[INFO] 2024-05-07 16:02:32.660 +0800 - Initialize data quality task params {
  "localParams" : [ ],
  "varPool" : null,
  "ruleId" : 6,
  "ruleInputParameter" : {
    "check_type" : "0",
    "comparison_type" : "1",
    "comparison_name" : "0",
    "failure_strategy" : "1",
    "operator" : "0",
    "src_connector_type" : "1",
    "src_datasource_id" : "5",
    "src_database" : "gnews_article_hash_db",
    "src_field" : "hash",
    "src_table" : "article_hashes",
    "threshold" : "0"
  },
  "sparkParameters" : {
    "localParams" : null,
    "varPool" : null,
    "mainJar" : null,
    "mainClass" : null,
    "deployMode" : "local",
    "mainArgs" : null,
    "driverCores" : 1,
    "driverMemory" : "512M",
    "numExecutors" : 1,
    "executorCores" : 1,
    "executorMemory" : "1G",
    "appName" : null,
    "yarnQueue" : "",
    "others" : "--conf spark.driver.extraJavaOptions=\"-Divy.cache.dir=/tmp -Divy.home=/tmp\" \\\n--packages org.postgresql:postgresql:42.7.3 \\\n--packages org.apache.commons:commons-collections4:4.4",
    "programType" : null,
    "resourceList" : [ ]
  }
}
[INFO] 2024-05-07 16:02:32.663 +0800 - data quality configuration: {
  "name" : "$t(uniqueness_check)",
  "env" : {
    "type" : "batch",
    "config" : null
  },
  "readers" : [ {
    "type" : "JDBC",
    "config" : {
      "database" : "gnews_article_hash_db",
      "password" : "******",
      "driver" : "org.postgresql.Driver",
      "user" : "root",
      "output_table" : "gnews_article_hash_db_article_hashes",
      "table" : "article_hashes",
      "url" : "jdbc:postgresql://dolphinscheduler-postgresql:5432/gnews_article_hash_db?password=root"
    }
  } ],
  "transformers" : [ {
    "type" : "sql",
    "config" : {
      "index" : 1,
      "output_table" : "duplicate_items",
      "sql" : "SELECT hash FROM gnews_article_hash_db_article_hashes group by hash having count(*) > 1"
    }
  }, {
    "type" : "sql",
    "config" : {
      "index" : 2,
      "output_table" : "duplicate_count",
      "sql" : "SELECT COUNT(*) AS duplicates FROM duplicate_items"
    }
  } ],
  "writers" : [ {
    "type" : "JDBC",
    "config" : {
      "database" : "dolphinscheduler",
      "password" : "****",
      "driver" : "org.postgresql.Driver",
      "user" : "root",
      "table" : "t_ds_dq_execute_result",
      "url" : "jdbc:postgresql://dolphinscheduler-postgresql:5432/dolphinscheduler",
      "sql" : "select 0 as rule_type,'$t(uniqueness_check)' as rule_name,0 as process_definition_id,1107 as process_instance_id,4008 as task_instance_id,duplicate_count.duplicates AS statistics_value,0 AS comparison_value,1 AS comparison_type,0 as check_type,0 as threshold,0 as operator,1 as failure_strategy,'hdfs://mycluster:8020/user/default/data_quality_error_data/0_1107_duplicate_check' as error_output_path,'2024-05-07 16:02:32' as create_time,'2024-05-07 16:02:32' as update_time from duplicate_count "
    }
  }, {
    "type" : "JDBC",
    "config" : {
      "database" : "dolphinscheduler",
      "password" : "****",
      "driver" : "org.postgresql.Driver",
      "user" : "root",
      "table" : "t_ds_dq_task_statistics_value",
      "url" : "jdbc:postgresql://dolphinscheduler-postgresql:5432/dolphinscheduler",
      "sql" : "select 0 as process_definition_id,4008 as task_instance_id,6 as rule_id,'DZCW3I5WNG8NHLKOL6KOERQY9YLFPIMPJZG2BME8ELS=' as unique_code,'duplicate_count.duplicates'AS statistics_name,duplicate_count.duplicates AS statistics_value,'2024-05-07 16:02:32' as data_time,'2024-05-07 16:02:32' as create_time,'2024-05-07 16:02:32' as update_time from duplicate_count"
    }
  }, {
    "type" : "hdfs_file",
    "config" : {
      "path" : "hdfs://mycluster:8020/user/default/data_quality_error_data/0_1107_duplicate_check",
      "input_table" : "duplicate_items"
    }
  } ]
}
[INFO] 2024-05-07 16:02:32.665 +0800 - Trying to get data quality jar in path
[INFO] 2024-05-07 16:02:32.665 +0800 - Success initialized task plugin instance successfully
[INFO] 2024-05-07 16:02:32.665 +0800 - Set taskVarPool: null successfully
[INFO] 2024-05-07 16:02:32.665 +0800 - ***********************************************************************************************
[INFO] 2024-05-07 16:02:32.669 +0800 - *********************************  Execute task instance  *************************************
[INFO] 2024-05-07 16:02:32.674 +0800 - ***********************************************************************************************
[INFO] 2024-05-07 16:02:32.684 +0800 - Final Shell file is: 
[INFO] 2024-05-07 16:02:32.684 +0800 - ****************************** Script Content *****************************************************************
[INFO] 2024-05-07 16:02:32.684 +0800 - #!/bin/bash
BASEDIR=$(cd `dirname $0`; pwd)
cd $BASEDIR
export SPARK_HOME=/opt/spark-2.4.0-bin-hadoop2.7
export JAVA_HOME=/opt/java/openjdk
${SPARK_HOME}/bin/spark-submit --master local --driver-cores 1 --driver-memory 512M --num-executors 1 --executor-cores 1 --executor-memory 1G --conf spark.driver.extraJavaOptions="-Divy.cache.dir=/tmp -Divy.home=/tmp" \
--packages org.postgresql:postgresql:42.7.3 \
--packages org.apache.commons:commons-collections4:4.4 /opt/dolphinscheduler/conf/../libs/dolphinscheduler-data-quality-3.2.1.jar "{\"name\":\"$t(uniqueness_check)\",\"env\":{\"type\":\"batch\",\"config\":null},\"readers\":[{\"type\":\"JDBC\",\"config\":{\"database\":\"gnews_article_hash_db\",\"password\":\"******\",\"driver\":\"org.postgresql.Driver\",\"user\":\"root\",\"output_table\":\"gnews_article_hash_db_article_hashes\",\"table\":\"article_hashes\",\"url\":\"jdbc:postgresql://dolphinscheduler-postgresql:5432/gnews_article_hash_db?password=root\"} }],\"transformers\":[{\"type\":\"sql\",\"config\":{\"index\":1,\"output_table\":\"duplicate_items\",\"sql\":\"SELECT hash FROM gnews_article_hash_db_article_hashes group by hash having count(*) > 1\"} },{\"type\":\"sql\",\"config\":{\"index\":2,\"output_table\":\"duplicate_count\",\"sql\":\"SELECT COUNT(*) AS duplicates FROM duplicate_items\"} }],\"writers\":[{\"type\":\"JDBC\",\"config\":{\"database\":\"dolphinscheduler\",\"password\":\"****\",\"driver\":\"org.postgresql.Driver\",\"user\":\"root\",\"table\":\"t_ds_dq_execute_result\",\"url\":\"jdbc:postgresql://dolphinscheduler-postgresql:5432/dolphinscheduler\",\"sql\":\"select 0 as rule_type,'$t(uniqueness_check)' as rule_name,0 as process_definition_id,1107 as process_instance_id,4008 as task_instance_id,duplicate_count.duplicates AS statistics_value,0 AS comparison_value,1 AS comparison_type,0 as check_type,0 as threshold,0 as operator,1 as failure_strategy,'hdfs://mycluster:8020/user/default/data_quality_error_data/0_1107_duplicate_check' as error_output_path,'2024-05-07 16:02:32' as create_time,'2024-05-07 16:02:32' as update_time from duplicate_count \"} },{\"type\":\"JDBC\",\"config\":{\"database\":\"dolphinscheduler\",\"password\":\"****\",\"driver\":\"org.postgresql.Driver\",\"user\":\"root\",\"table\":\"t_ds_dq_task_statistics_value\",\"url\":\"jdbc:postgresql://dolphinscheduler-postgresql:5432/dolphinscheduler\",\"sql\":\"select 0 as process_definition_id,4008 as task_instance_id,6 as rule_id,'DZCW3I5WNG8NHLKOL6KOERQY9YLFPIMPJZG2BME8ELS=' as unique_code,'duplicate_count.duplicates'AS statistics_name,duplicate_count.duplicates AS statistics_value,'2024-05-07 16:02:32' as data_time,'2024-05-07 16:02:32' as create_time,'2024-05-07 16:02:32' as update_time from duplicate_count\"} },{\"type\":\"hdfs_file\",\"config\":{\"path\":\"hdfs://mycluster:8020/user/default/data_quality_error_data/0_1107_duplicate_check\",\"input_table\":\"duplicate_items\"} }]}"
[INFO] 2024-05-07 16:02:32.685 +0800 - ****************************** Script Content *****************************************************************
[INFO] 2024-05-07 16:02:32.685 +0800 - Executing shell command : sudo -u default -i /tmp/dolphinscheduler/exec/process/default/13001194483488/13520356270336_8/1107/4008/1107_4008.sh
[INFO] 2024-05-07 16:02:32.688 +0800 - process start, process id is: 1874
[INFO] 2024-05-07 16:02:33.691 +0800 -  -> 
	sudo: unable to change directory to /home/default: No such file or directory
[INFO] 2024-05-07 16:02:34.695 +0800 -  -> 
	Ivy Default Cache set to: /tmp
	The jars for the packages stored in: /tmp/jars
	:: loading settings :: url = jar:file:/opt/spark-2.4.0-bin-hadoop2.7/jars/ivy-2.4.0.jar!/org/apache/ivy/core/settings/ivysettings.xml
	org.apache.commons#commons-collections4 added as a dependency
	:: resolving dependencies :: org.apache.spark#spark-submit-parent-09373d8e-f1dd-45b9-ab67-d00352ef9746;1.0
		confs: [default]
		found org.apache.commons#commons-collections4;4.4 in central
	:: resolution report :: resolve 236ms :: artifacts dl 9ms
		:: modules in use:
		org.apache.commons#commons-collections4;4.4 from central in [default]
		---------------------------------------------------------------------
		|                  |            modules            ||   artifacts   |
		|       conf       | number| search|dwnlded|evicted|| number|dwnlded|
		---------------------------------------------------------------------
		|      default     |   1   |   0   |   0   |   0   ||   1   |   0   |
		---------------------------------------------------------------------
	:: retrieving :: org.apache.spark#spark-submit-parent-09373d8e-f1dd-45b9-ab67-d00352ef9746
		confs: [default]
		0 artifacts copied, 1 already retrieved (0kB/7ms)
[INFO] 2024-05-07 16:02:35.698 +0800 -  -> 
	2024-05-07 16:02:34 WARN  NativeCodeLoader:62 - Unable to load native-hadoop library for your platform... using builtin-java classes where applicable
	2024-05-07 16:02:35 INFO  SparkContext:54 - Running Spark version 2.4.0
	2024-05-07 16:02:35 INFO  SparkContext:54 - Submitted application: (uniqueness_check)
[INFO] 2024-05-07 16:02:36.702 +0800 -  -> 
	2024-05-07 16:02:35 INFO  SecurityManager:54 - Changing view acls to: default
	2024-05-07 16:02:35 INFO  SecurityManager:54 - Changing modify acls to: default
	2024-05-07 16:02:35 INFO  SecurityManager:54 - Changing view acls groups to: 
	2024-05-07 16:02:35 INFO  SecurityManager:54 - Changing modify acls groups to: 
	2024-05-07 16:02:35 INFO  SecurityManager:54 - SecurityManager: authentication disabled; ui acls disabled; users  with view permissions: Set(default); groups with view permissions: Set(); users  with modify permissions: Set(default); groups with modify permissions: Set()
	2024-05-07 16:02:36 INFO  Utils:54 - Successfully started service 'sparkDriver' on port 45603.
	2024-05-07 16:02:36 INFO  SparkEnv:54 - Registering MapOutputTracker
	2024-05-07 16:02:36 INFO  SparkEnv:54 - Registering BlockManagerMaster
	2024-05-07 16:02:36 INFO  BlockManagerMasterEndpoint:54 - Using org.apache.spark.storage.DefaultTopologyMapper for getting topology information
	2024-05-07 16:02:36 INFO  BlockManagerMasterEndpoint:54 - BlockManagerMasterEndpoint up
	2024-05-07 16:02:36 INFO  DiskBlockManager:54 - Created local directory at /tmp/blockmgr-7feb2df2-56a2-4bc9-95f7-6f48aa04e7c2
	2024-05-07 16:02:36 INFO  MemoryStore:54 - MemoryStore started with capacity 93.3 MB
	2024-05-07 16:02:36 INFO  SparkEnv:54 - Registering OutputCommitCoordinator
	2024-05-07 16:02:36 INFO  log:192 - Logging initialized @3266ms
	2024-05-07 16:02:36 INFO  Server:351 - jetty-9.3.z-SNAPSHOT, build timestamp: unknown, git hash: unknown
	2024-05-07 16:02:36 INFO  Server:419 - Started @3375ms
	2024-05-07 16:02:36 INFO  AbstractConnector:278 - Started ServerConnector@22013295{HTTP/1.1,[http/1.1]}{0.0.0.0:4040}
	2024-05-07 16:02:36 INFO  Utils:54 - Successfully started service 'SparkUI' on port 4040.
	2024-05-07 16:02:36 INFO  ContextHandler:781 - Started o.s.j.s.ServletContextHandler@5d1b9c3d{/jobs,null,AVAILABLE,@Spark}
	2024-05-07 16:02:36 INFO  ContextHandler:781 - Started o.s.j.s.ServletContextHandler@243f003c{/jobs/json,null,AVAILABLE,@Spark}
	2024-05-07 16:02:36 INFO  ContextHandler:781 - Started o.s.j.s.ServletContextHandler@71cb3139{/jobs/job,null,AVAILABLE,@Spark}
	2024-05-07 16:02:36 INFO  ContextHandler:781 - Started o.s.j.s.ServletContextHandler@3491e86e{/jobs/job/json,null,AVAILABLE,@Spark}
	2024-05-07 16:02:36 INFO  ContextHandler:781 - Started o.s.j.s.ServletContextHandler@68f32020{/stages,null,AVAILABLE,@Spark}
	2024-05-07 16:02:36 INFO  ContextHandler:781 - Started o.s.j.s.ServletContextHandler@409986fe{/stages/json,null,AVAILABLE,@Spark}
	2024-05-07 16:02:36 INFO  ContextHandler:781 - Started o.s.j.s.ServletContextHandler@19b047fe{/stages/stage,null,AVAILABLE,@Spark}
	2024-05-07 16:02:36 INFO  ContextHandler:781 - Started o.s.j.s.ServletContextHandler@5f780a86{/stages/stage/json,null,AVAILABLE,@Spark}
	2024-05-07 16:02:36 INFO  ContextHandler:781 - Started o.s.j.s.ServletContextHandler@446c3920{/stages/pool,null,AVAILABLE,@Spark}
	2024-05-07 16:02:36 INFO  ContextHandler:781 - Started o.s.j.s.ServletContextHandler@2eaef76d{/stages/pool/json,null,AVAILABLE,@Spark}
	2024-05-07 16:02:36 INFO  ContextHandler:781 - Started o.s.j.s.ServletContextHandler@2b329bbd{/storage,null,AVAILABLE,@Spark}
	2024-05-07 16:02:36 INFO  ContextHandler:781 - Started o.s.j.s.ServletContextHandler@34819867{/storage/json,null,AVAILABLE,@Spark}
	2024-05-07 16:02:36 INFO  ContextHandler:781 - Started o.s.j.s.ServletContextHandler@118102ee{/storage/rdd,null,AVAILABLE,@Spark}
	2024-05-07 16:02:36 INFO  ContextHandler:781 - Started o.s.j.s.ServletContextHandler@48cd9a2c{/storage/rdd/json,null,AVAILABLE,@Spark}
	2024-05-07 16:02:36 INFO  ContextHandler:781 - Started o.s.j.s.ServletContextHandler@771d1ffb{/environment,null,AVAILABLE,@Spark}
	2024-05-07 16:02:36 INFO  ContextHandler:781 - Started o.s.j.s.ServletContextHandler@4f67e3df{/environment/json,null,AVAILABLE,@Spark}
	2024-05-07 16:02:36 INFO  ContextHandler:781 - Started o.s.j.s.ServletContextHandler@56681eaf{/executors,null,AVAILABLE,@Spark}
	2024-05-07 16:02:36 INFO  ContextHandler:781 - Started o.s.j.s.ServletContextHandler@72d0f2b4{/executors/json,null,AVAILABLE,@Spark}
	2024-05-07 16:02:36 INFO  ContextHandler:781 - Started o.s.j.s.ServletContextHandler@6d2dc9d2{/executors/threadDump,null,AVAILABLE,@Spark}
	2024-05-07 16:02:36 INFO  ContextHandler:781 - Started o.s.j.s.ServletContextHandler@1da4b6b3{/executors/threadDump/json,null,AVAILABLE,@Spark}
	2024-05-07 16:02:36 INFO  ContextHandler:781 - Started o.s.j.s.ServletContextHandler@b2f4ece{/static,null,AVAILABLE,@Spark}
	2024-05-07 16:02:36 INFO  ContextHandler:781 - Started o.s.j.s.ServletContextHandler@736048ed{/,null,AVAILABLE,@Spark}
	2024-05-07 16:02:36 INFO  ContextHandler:781 - Started o.s.j.s.ServletContextHandler@1976f537{/api,null,AVAILABLE,@Spark}
	2024-05-07 16:02:36 INFO  ContextHandler:781 - Started o.s.j.s.ServletContextHandler@47b179d7{/jobs/job/kill,null,AVAILABLE,@Spark}
	2024-05-07 16:02:36 INFO  ContextHandler:781 - Started o.s.j.s.ServletContextHandler@39008c9f{/stages/stage/kill,null,AVAILABLE,@Spark}
	2024-05-07 16:02:36 INFO  SparkUI:54 - Bound SparkUI to 0.0.0.0, and started at http://a402221cd809:4040
[INFO] 2024-05-07 16:02:37.713 +0800 -  -> 
	2024-05-07 16:02:36 INFO  SparkContext:54 - Added JAR file:///tmp/jars/org.apache.commons_commons-collections4-4.4.jar at spark://a402221cd809:45603/jars/org.apache.commons_commons-collections4-4.4.jar with timestamp 1715068956714
	2024-05-07 16:02:36 INFO  SparkContext:54 - Added JAR file:/opt/dolphinscheduler/conf/../libs/dolphinscheduler-data-quality-3.2.1.jar at spark://a402221cd809:45603/jars/dolphinscheduler-data-quality-3.2.1.jar with timestamp 1715068956723
	2024-05-07 16:02:36 INFO  Executor:54 - Starting executor ID driver on host localhost
	2024-05-07 16:02:37 INFO  Utils:54 - Successfully started service 'org.apache.spark.network.netty.NettyBlockTransferService' on port 40289.
	2024-05-07 16:02:37 INFO  NettyBlockTransferService:54 - Server created on a402221cd809:40289
	2024-05-07 16:02:37 INFO  BlockManager:54 - Using org.apache.spark.storage.RandomBlockReplicationPolicy for block replication policy
	2024-05-07 16:02:37 INFO  BlockManagerMaster:54 - Registering BlockManager BlockManagerId(driver, a402221cd809, 40289, None)
	2024-05-07 16:02:37 INFO  BlockManagerMasterEndpoint:54 - Registering block manager a402221cd809:40289 with 93.3 MB RAM, BlockManagerId(driver, a402221cd809, 40289, None)
	2024-05-07 16:02:37 INFO  BlockManagerMaster:54 - Registered BlockManager BlockManagerId(driver, a402221cd809, 40289, None)
	2024-05-07 16:02:37 INFO  BlockManager:54 - Initialized BlockManager: BlockManagerId(driver, a402221cd809, 40289, None)
	2024-05-07 16:02:37 INFO  ContextHandler:781 - Started o.s.j.s.ServletContextHandler@102efc59{/metrics/json,null,AVAILABLE,@Spark}
	2024-05-07 16:02:37 INFO  SharedState:54 - Setting hive.metastore.warehouse.dir ('null') to the value of spark.sql.warehouse.dir ('file:/tmp/dolphinscheduler/exec/process/default/13001194483488/13520356270336_8/1107/4008/spark-warehouse').
	2024-05-07 16:02:37 INFO  SharedState:54 - Warehouse path is 'file:/tmp/dolphinscheduler/exec/process/default/13001194483488/13520356270336_8/1107/4008/spark-warehouse'.
	2024-05-07 16:02:37 INFO  ContextHandler:781 - Started o.s.j.s.ServletContextHandler@18da4dd{/SQL,null,AVAILABLE,@Spark}
	2024-05-07 16:02:37 INFO  ContextHandler:781 - Started o.s.j.s.ServletContextHandler@31a3f4de{/SQL/json,null,AVAILABLE,@Spark}
	2024-05-07 16:02:37 INFO  ContextHandler:781 - Started o.s.j.s.ServletContextHandler@6f3e19b3{/SQL/execution,null,AVAILABLE,@Spark}
	2024-05-07 16:02:37 INFO  ContextHandler:781 - Started o.s.j.s.ServletContextHandler@47ffe971{/SQL/execution/json,null,AVAILABLE,@Spark}
	2024-05-07 16:02:37 INFO  ContextHandler:781 - Started o.s.j.s.ServletContextHandler@6cd5122d{/static/sql,null,AVAILABLE,@Spark}
[INFO] 2024-05-07 16:02:39.716 +0800 -  -> 
	2024-05-07 16:02:38 INFO  StateStoreCoordinatorRef:54 - Registered StateStoreCoordinator endpoint
	Exception in thread "main" java.lang.ClassNotFoundException: org.postgresql.Driver
		at java.net.URLClassLoader.findClass(URLClassLoader.java:387)
		at java.lang.ClassLoader.loadClass(ClassLoader.java:418)
		at java.lang.ClassLoader.loadClass(ClassLoader.java:351)
		at org.apache.spark.sql.execution.datasources.jdbc.DriverRegistry$.register(DriverRegistry.scala:45)
		at org.apache.spark.sql.execution.datasources.jdbc.JDBCOptions$$anonfun$5.apply(JDBCOptions.scala:99)
		at org.apache.spark.sql.execution.datasources.jdbc.JDBCOptions$$anonfun$5.apply(JDBCOptions.scala:99)
		at scala.Option.foreach(Option.scala:257)
		at org.apache.spark.sql.execution.datasources.jdbc.JDBCOptions.<init>(JDBCOptions.scala:99)
		at org.apache.spark.sql.execution.datasources.jdbc.JDBCOptions.<init>(JDBCOptions.scala:35)
		at org.apache.spark.sql.execution.datasources.jdbc.JdbcRelationProvider.createRelation(JdbcRelationProvider.scala:32)
		at org.apache.spark.sql.execution.datasources.DataSource.resolveRelation(DataSource.scala:318)
		at org.apache.spark.sql.DataFrameReader.loadV1Source(DataFrameReader.scala:223)
		at org.apache.spark.sql.DataFrameReader.load(DataFrameReader.scala:211)
		at org.apache.spark.sql.DataFrameReader.load(DataFrameReader.scala:167)
		at org.apache.dolphinscheduler.data.quality.flow.batch.reader.JdbcReader.read(JdbcReader.java:74)
		at org.apache.dolphinscheduler.data.quality.execution.SparkBatchExecution.registerInputTempView(SparkBatchExecution.java:77)
		at org.apache.dolphinscheduler.data.quality.execution.SparkBatchExecution.lambda$execute$0(SparkBatchExecution.java:48)
		at java.util.ArrayList.forEach(ArrayList.java:1259)
		at org.apache.dolphinscheduler.data.quality.execution.SparkBatchExecution.execute(SparkBatchExecution.java:48)
		at org.apache.dolphinscheduler.data.quality.context.DataQualityContext.execute(DataQualityContext.java:62)
		at org.apache.dolphinscheduler.data.quality.DataQualityApplication.main(DataQualityApplication.java:78)
		at sun.reflect.NativeMethodAccessorImpl.invoke0(Native Method)
		at sun.reflect.NativeMethodAccessorImpl.invoke(NativeMethodAccessorImpl.java:62)
		at sun.reflect.DelegatingMethodAccessorImpl.invoke(DelegatingMethodAccessorImpl.java:43)
		at java.lang.reflect.Method.invoke(Method.java:498)
		at org.apache.spark.deploy.JavaMainApplication.start(SparkApplication.scala:52)
		at org.apache.spark.deploy.SparkSubmit.org$apache$spark$deploy$SparkSubmit$$runMain(SparkSubmit.scala:849)
		at org.apache.spark.deploy.SparkSubmit.doRunMain$1(SparkSubmit.scala:167)
		at org.apache.spark.deploy.SparkSubmit.submit(SparkSubmit.scala:195)
		at org.apache.spark.deploy.SparkSubmit.doSubmit(SparkSubmit.scala:86)
		at org.apache.spark.deploy.SparkSubmit$$anon$2.doSubmit(SparkSubmit.scala:924)
		at org.apache.spark.deploy.SparkSubmit$.main(SparkSubmit.scala:933)
		at org.apache.spark.deploy.SparkSubmit.main(SparkSubmit.scala)
	2024-05-07 16:02:38 INFO  SparkContext:54 - Invoking stop() from shutdown hook
	2024-05-07 16:02:38 INFO  AbstractConnector:318 - Stopped Spark@22013295{HTTP/1.1,[http/1.1]}{0.0.0.0:4040}
	2024-05-07 16:02:38 INFO  SparkUI:54 - Stopped Spark web UI at http://a402221cd809:4040
	2024-05-07 16:02:38 INFO  MapOutputTrackerMasterEndpoint:54 - MapOutputTrackerMasterEndpoint stopped!
	2024-05-07 16:02:39 INFO  MemoryStore:54 - MemoryStore cleared
	2024-05-07 16:02:39 INFO  BlockManager:54 - BlockManager stopped
	2024-05-07 16:02:39 INFO  BlockManagerMaster:54 - BlockManagerMaster stopped
	2024-05-07 16:02:39 INFO  OutputCommitCoordinator$OutputCommitCoordinatorEndpoint:54 - OutputCommitCoordinator stopped!
	2024-05-07 16:02:39 INFO  SparkContext:54 - Successfully stopped SparkContext
	2024-05-07 16:02:39 INFO  ShutdownHookManager:54 - Shutdown hook called
	2024-05-07 16:02:39 INFO  ShutdownHookManager:54 - Deleting directory /tmp/spark-b0390b65-ae59-4332-bd9f-5f8c5b0a87df
	2024-05-07 16:02:39 INFO  ShutdownHookManager:54 - Deleting directory /tmp/spark-dacffa0f-c6ce-4699-854b-7b69563d29bb
[INFO] 2024-05-07 16:02:39.717 +0800 - process has exited. execute path:/tmp/dolphinscheduler/exec/process/default/13001194483488/13520356270336_8/1107/4008, processId:1874 ,exitStatusCode:1 ,processWaitForStatus:true ,processExitValue:1
[INFO] 2024-05-07 16:02:39.719 +0800 - Start finding appId in /opt/dolphinscheduler/logs/20240507/13520356270336/8/1107/4008.log, fetch way: log 
[INFO] 2024-05-07 16:02:39.720 +0800 - ***********************************************************************************************
[INFO] 2024-05-07 16:02:39.721 +0800 - *********************************  Finalize task instance  ************************************
[INFO] 2024-05-07 16:02:39.721 +0800 - ***********************************************************************************************
[INFO] 2024-05-07 16:02:39.721 +0800 - Upload output files: [] successfully
[INFO] 2024-05-07 16:02:39.727 +0800 - Send task execute status: FAILURE to master : 172.18.1.1:1234
[INFO] 2024-05-07 16:02:39.728 +0800 - Remove the current task execute context from worker cache
[INFO] 2024-05-07 16:02:39.728 +0800 - The current execute mode isn't develop mode, will clear the task execute file: /tmp/dolphinscheduler/exec/process/default/13001194483488/13520356270336_8/1107/4008
[INFO] 2024-05-07 16:02:39.729 +0800 - Success clear the task execute file: /tmp/dolphinscheduler/exec/process/default/13001194483488/13520356270336_8/1107/4008
[INFO] 2024-05-07 16:02:39.730 +0800 - FINALIZE_SESSION
