[INFO] 2024-03-21 20:17:55.051 +0800 - ***********************************************************************************************
[INFO] 2024-03-21 20:17:55.056 +0800 - *********************************  Initialize task context  ***********************************
[INFO] 2024-03-21 20:17:55.056 +0800 - ***********************************************************************************************
[INFO] 2024-03-21 20:17:55.056 +0800 - Begin to initialize task
[INFO] 2024-03-21 20:17:55.057 +0800 - Set task startTime: 1711023475056
[INFO] 2024-03-21 20:17:55.057 +0800 - Set task appId: 27_135
[INFO] 2024-03-21 20:17:55.058 +0800 - End initialize task {
  "taskInstanceId" : 135,
  "taskName" : "show final state",
  "firstSubmitTime" : 1711023474998,
  "startTime" : 1711023475056,
  "taskType" : "SHELL",
  "workflowInstanceHost" : "172.20.0.6:5678",
  "host" : "172.20.0.5:1234",
  "logPath" : "/opt/dolphinscheduler/logs/20240321/13001314456096/23/27/135.log",
  "processId" : 0,
  "processDefineCode" : 13001314456096,
  "processDefineVersion" : 23,
  "processInstanceId" : 27,
  "scheduleTime" : 0,
  "executorId" : 1,
  "cmdTypeIfComplement" : 0,
  "tenantCode" : "default",
  "processDefineId" : 0,
  "projectId" : 0,
  "projectCode" : 13001194483488,
  "taskParams" : "{\"localParams\":[],\"rawScript\":\"echo \\\"${num1}\\\"\\necho \\\"${num2}\\\"\\necho \\\"${task_completed}\\\"\\necho \\\"${sum}\\\"\",\"resourceList\":[]}",
  "prepareParamsMap" : {
    "system.task.definition.name" : {
      "prop" : "system.task.definition.name",
      "direct" : "IN",
      "type" : "VARCHAR",
      "value" : "show final state"
    },
    "system.project.name" : {
      "prop" : "system.project.name",
      "direct" : "IN",
      "type" : "VARCHAR",
      "value" : null
    },
    "system.biz.curdate" : {
      "prop" : "system.biz.curdate",
      "direct" : "IN",
      "type" : "VARCHAR",
      "value" : "20240321"
    },
    "system.task.instance.id" : {
      "prop" : "system.task.instance.id",
      "direct" : "IN",
      "type" : "VARCHAR",
      "value" : "135"
    },
    "system.task.definition.code" : {
      "prop" : "system.task.definition.code",
      "direct" : "IN",
      "type" : "VARCHAR",
      "value" : "13001393547168"
    },
    "system.datetime" : {
      "prop" : "system.datetime",
      "direct" : "IN",
      "type" : "VARCHAR",
      "value" : "20240321201755"
    },
    "system.project.code" : {
      "prop" : "system.project.code",
      "direct" : "IN",
      "type" : "VARCHAR",
      "value" : "13001194483488"
    },
    "system.workflow.instance.id" : {
      "prop" : "system.workflow.instance.id",
      "direct" : "IN",
      "type" : "VARCHAR",
      "value" : "27"
    },
    "num1" : {
      "prop" : "num1",
      "direct" : "IN",
      "type" : "INTEGER",
      "value" : "0"
    },
    "system.biz.date" : {
      "prop" : "system.biz.date",
      "direct" : "IN",
      "type" : "VARCHAR",
      "value" : "20240320"
    },
    "system.workflow.definition.name" : {
      "prop" : "system.workflow.definition.name",
      "direct" : "IN",
      "type" : "VARCHAR",
      "value" : "random_numbers_generator"
    },
    "system.workflow.definition.code" : {
      "prop" : "system.workflow.definition.code",
      "direct" : "IN",
      "type" : "VARCHAR",
      "value" : "13001314456096"
    },
    "num2" : {
      "prop" : "num2",
      "direct" : "IN",
      "type" : "INTEGER",
      "value" : "0"
    }
  },
  "taskAppId" : "27_135",
  "taskTimeout" : 2147483647,
  "workerGroup" : "default",
  "delayTime" : 0,
  "currentExecutionStatus" : "SUBMITTED_SUCCESS",
  "endTime" : 0,
  "varPool" : "[{\"prop\":\"num1\",\"direct\":\"IN\",\"type\":\"INTEGER\",\"value\":\"0\"},{\"prop\":\"num2\",\"direct\":\"IN\",\"type\":\"INTEGER\",\"value\":\"0\"}]",
  "dryRun" : 0,
  "paramsMap" : { },
  "cpuQuota" : -1,
  "memoryMax" : -1,
  "testFlag" : 0,
  "logBufferEnable" : false,
  "dispatchFailTimes" : 0
}
[INFO] 2024-03-21 20:17:55.058 +0800 - ***********************************************************************************************
[INFO] 2024-03-21 20:17:55.059 +0800 - *********************************  Load task instance plugin  *********************************
[INFO] 2024-03-21 20:17:55.059 +0800 - ***********************************************************************************************
[INFO] 2024-03-21 20:17:55.089 +0800 - Send task status RUNNING_EXECUTION master: 172.20.0.5:1234
[INFO] 2024-03-21 20:17:55.099 +0800 - TenantCode: default check successfully
[INFO] 2024-03-21 20:17:55.102 +0800 - WorkflowInstanceExecDir: /tmp/dolphinscheduler/exec/process/default/13001194483488/13001314456096_23/27/135 check successfully
[INFO] 2024-03-21 20:17:55.103 +0800 - Create TaskChannel: org.apache.dolphinscheduler.plugin.task.shell.ShellTaskChannel successfully
[INFO] 2024-03-21 20:17:55.104 +0800 - Download resources successfully: 
ResourceContext(resourceItemMap={})
[INFO] 2024-03-21 20:17:55.122 +0800 - Download upstream files: [] successfully
[INFO] 2024-03-21 20:17:55.123 +0800 - Task plugin instance: SHELL create successfully
[INFO] 2024-03-21 20:17:55.124 +0800 - Initialize shell task params {
  "localParams" : [ ],
  "varPool" : null,
  "rawScript" : "echo \"${num1}\"\necho \"${num2}\"\necho \"${task_completed}\"\necho \"${sum}\"",
  "resourceList" : [ ]
}
[INFO] 2024-03-21 20:17:55.124 +0800 - Success initialized task plugin instance successfully
[INFO] 2024-03-21 20:17:55.124 +0800 - Set taskVarPool: [{"prop":"num1","direct":"IN","type":"INTEGER","value":"0"},{"prop":"num2","direct":"IN","type":"INTEGER","value":"0"}] successfully
[INFO] 2024-03-21 20:17:55.124 +0800 - ***********************************************************************************************
[INFO] 2024-03-21 20:17:55.124 +0800 - *********************************  Execute task instance  *************************************
[INFO] 2024-03-21 20:17:55.125 +0800 - ***********************************************************************************************
[INFO] 2024-03-21 20:17:55.144 +0800 - Final Shell file is: 
[INFO] 2024-03-21 20:17:55.145 +0800 - ****************************** Script Content *****************************************************************
[INFO] 2024-03-21 20:17:55.145 +0800 - #!/bin/bash
BASEDIR=$(cd `dirname $0`; pwd)
cd $BASEDIR
echo "0"
echo "0"
echo "${task_completed}"
echo "${sum}"
[INFO] 2024-03-21 20:17:55.145 +0800 - ****************************** Script Content *****************************************************************
[INFO] 2024-03-21 20:17:55.145 +0800 - Executing shell command : sudo -u default -i /tmp/dolphinscheduler/exec/process/default/13001194483488/13001314456096_23/27/135/27_135.sh
[INFO] 2024-03-21 20:17:55.173 +0800 - process start, process id is: 409
[INFO] 2024-03-21 20:17:56.176 +0800 -  -> 
	sudo: unable to change directory to /home/default: No such file or directory
	0
	0
	
	
[INFO] 2024-03-21 20:17:56.180 +0800 - process has exited. execute path:/tmp/dolphinscheduler/exec/process/default/13001194483488/13001314456096_23/27/135, processId:409 ,exitStatusCode:0 ,processWaitForStatus:true ,processExitValue:0
[INFO] 2024-03-21 20:17:56.180 +0800 - ***********************************************************************************************
[INFO] 2024-03-21 20:17:56.180 +0800 - *********************************  Finalize task instance  ************************************
[INFO] 2024-03-21 20:17:56.180 +0800 - ***********************************************************************************************
[INFO] 2024-03-21 20:17:56.181 +0800 - Upload output files: [] successfully
[INFO] 2024-03-21 20:17:56.186 +0800 - Send task execute status: SUCCESS to master : 172.20.0.5:1234
[INFO] 2024-03-21 20:17:56.186 +0800 - Remove the current task execute context from worker cache
[INFO] 2024-03-21 20:17:56.186 +0800 - The current execute mode isn't develop mode, will clear the task execute file: /tmp/dolphinscheduler/exec/process/default/13001194483488/13001314456096_23/27/135
[INFO] 2024-03-21 20:17:56.186 +0800 - Success clear the task execute file: /tmp/dolphinscheduler/exec/process/default/13001194483488/13001314456096_23/27/135
[INFO] 2024-03-21 20:17:56.187 +0800 - FINALIZE_SESSION
