[INFO] 2024-05-15 10:13:48.941 +0800 - ***********************************************************************************************
[INFO] 2024-05-15 10:13:48.943 +0800 - *********************************  Initialize task context  ***********************************
[INFO] 2024-05-15 10:13:48.943 +0800 - ***********************************************************************************************
[INFO] 2024-05-15 10:13:48.943 +0800 - Begin to initialize task
[INFO] 2024-05-15 10:13:48.943 +0800 - Set task startTime: 1715739228943
[INFO] 2024-05-15 10:13:48.943 +0800 - Set task appId: 1122_4130
[INFO] 2024-05-15 10:13:48.943 +0800 - End initialize task {
  "taskInstanceId" : 4130,
  "taskName" : "preprocessing and kafka",
  "firstSubmitTime" : 1715739228927,
  "startTime" : 1715739228943,
  "taskType" : "SHELL",
  "workflowInstanceHost" : "172.18.2.1:5678",
  "host" : "172.18.1.1:1234",
  "logPath" : "/opt/dolphinscheduler/logs/20240515/13201021801792/121/1122/4130.log",
  "processId" : 0,
  "processDefineCode" : 13201021801792,
  "processDefineVersion" : 121,
  "processInstanceId" : 1122,
  "scheduleTime" : 0,
  "globalParams" : "[{\"prop\":\"folder\",\"direct\":\"IN\",\"type\":\"VARCHAR\",\"value\":\"in\"}]",
  "executorId" : 1,
  "cmdTypeIfComplement" : 0,
  "tenantCode" : "default",
  "processDefineId" : 0,
  "projectId" : 0,
  "projectCode" : 13010050770016,
  "taskParams" : "{\"localParams\":[],\"rawScript\":\"$SPARK_HOME/bin/spark-submit \\\\\\n    --master local \\\\\\n    --deploy-mode client \\\\\\n    --conf spark.driver.cores=1 \\\\\\n    --conf spark.driver.memory=1G \\\\\\n    --conf spark.executor.instances=1 \\\\\\n    --conf spark.executor.cores=1 \\\\\\n    --conf spark.executor.memory=1G \\\\\\n    --name reddit_preprocessing \\\\\\n    --files ${raw_file_dir} \\\\\\n    --packages org.apache.spark:spark-sql-kafka-0-10_2.12:3.5.1 \\\\\\n    --conf spark.driver.extraJavaOptions=\\\"-Divy.cache.dir=/tmp -Divy.home=/tmp\\\" \\\\\\n    spark_reddit_preprocessing.py\\n\\n#     --jars spark_packages/spark-sql-kafka-0-10_2.12-3.5.1.jar \\\\\",\"resourceList\":[{\"id\":null,\"resourceName\":\"file:/dolphinscheduler/default/resources/spark_reddit_preprocessing.py\",\"res\":null}]}",
  "environmentConfig" : "export SPARK_HOME=/opt/spark-3.5.1-bin-hadoop3\nexport JAVA_HOME=/opt/java/openjdk\nexport PYSPARK_DRIVER_PYTHON=/bin/python3.11\nexport PYSPARK_PYTHON=/bin/python3.11",
  "prepareParamsMap" : {
    "GNEWS_HOME" : {
      "prop" : "GNEWS_HOME",
      "direct" : "IN",
      "type" : "VARCHAR",
      "value" : "/local_storage/google_news"
    },
    "system.task.definition.name" : {
      "prop" : "system.task.definition.name",
      "direct" : "IN",
      "type" : "VARCHAR",
      "value" : "preprocessing and kafka"
    },
    "system.project.name" : {
      "prop" : "system.project.name",
      "direct" : "IN",
      "type" : "VARCHAR",
      "value" : null
    },
    "REDDIT_HOME" : {
      "prop" : "REDDIT_HOME",
      "direct" : "IN",
      "type" : "VARCHAR",
      "value" : "/local_storage/reddit"
    },
    "system.biz.curdate" : {
      "prop" : "system.biz.curdate",
      "direct" : "IN",
      "type" : "VARCHAR",
      "value" : "20240515"
    },
    "system.task.instance.id" : {
      "prop" : "system.task.instance.id",
      "direct" : "IN",
      "type" : "VARCHAR",
      "value" : "4130"
    },
    "system.task.definition.code" : {
      "prop" : "system.task.definition.code",
      "direct" : "IN",
      "type" : "VARCHAR",
      "value" : "13210058002752"
    },
    "system.datetime" : {
      "prop" : "system.datetime",
      "direct" : "IN",
      "type" : "VARCHAR",
      "value" : "20240515101348"
    },
    "folder" : {
      "prop" : "folder",
      "direct" : "IN",
      "type" : "VARCHAR",
      "value" : "in"
    },
    "system.project.code" : {
      "prop" : "system.project.code",
      "direct" : "IN",
      "type" : "VARCHAR",
      "value" : "13010050770016"
    },
    "system.workflow.instance.id" : {
      "prop" : "system.workflow.instance.id",
      "direct" : "IN",
      "type" : "VARCHAR",
      "value" : "1122"
    },
    "raw_file_dir" : {
      "prop" : "raw_file_dir",
      "direct" : "IN",
      "type" : "VARCHAR",
      "value" : "/local_storage/reddit/processing/1118-20240514124016.json"
    },
    "system.biz.date" : {
      "prop" : "system.biz.date",
      "direct" : "IN",
      "type" : "VARCHAR",
      "value" : "20240514"
    },
    "system.workflow.definition.name" : {
      "prop" : "system.workflow.definition.name",
      "direct" : "IN",
      "type" : "VARCHAR",
      "value" : "preprocess_post"
    },
    "system.workflow.definition.code" : {
      "prop" : "system.workflow.definition.code",
      "direct" : "IN",
      "type" : "VARCHAR",
      "value" : "13201021801792"
    }
  },
  "taskAppId" : "1122_4130",
  "taskTimeout" : 2147483647,
  "workerGroup" : "default",
  "delayTime" : 0,
  "currentExecutionStatus" : "SUBMITTED_SUCCESS",
  "endTime" : 0,
  "varPool" : "[{\"prop\":\"raw_file_dir\",\"direct\":\"IN\",\"type\":\"VARCHAR\",\"value\":\"/local_storage/reddit/processing/1118-20240514124016.json\"}]",
  "dryRun" : 0,
  "paramsMap" : { },
  "cpuQuota" : -1,
  "memoryMax" : -1,
  "testFlag" : 0,
  "logBufferEnable" : false,
  "dispatchFailTimes" : 0
}
[INFO] 2024-05-15 10:13:48.944 +0800 - ***********************************************************************************************
[INFO] 2024-05-15 10:13:48.944 +0800 - *********************************  Load task instance plugin  *********************************
[INFO] 2024-05-15 10:13:48.944 +0800 - ***********************************************************************************************
[INFO] 2024-05-15 10:13:48.948 +0800 - Send task status RUNNING_EXECUTION master: 172.18.1.1:1234
[INFO] 2024-05-15 10:13:48.949 +0800 - TenantCode: default check successfully
[INFO] 2024-05-15 10:13:48.949 +0800 - WorkflowInstanceExecDir: /tmp/dolphinscheduler/exec/process/default/13010050770016/13201021801792_121/1122/4130 check successfully
[INFO] 2024-05-15 10:13:48.950 +0800 - Create TaskChannel: org.apache.dolphinscheduler.plugin.task.shell.ShellTaskChannel successfully
[INFO] 2024-05-15 10:13:48.952 +0800 - Download resources successfully: 
ResourceContext(resourceItemMap={file:/dolphinscheduler/default/resources/spark_reddit_preprocessing.py=ResourceContext.ResourceItem(resourceAbsolutePathInStorage=file:/dolphinscheduler/default/resources/spark_reddit_preprocessing.py, resourceRelativePath=spark_reddit_preprocessing.py, resourceAbsolutePathInLocal=/tmp/dolphinscheduler/exec/process/default/13010050770016/13201021801792_121/1122/4130/spark_reddit_preprocessing.py)})
[INFO] 2024-05-15 10:13:48.953 +0800 - Download upstream files: [] successfully
[INFO] 2024-05-15 10:13:48.953 +0800 - Task plugin instance: SHELL create successfully
[INFO] 2024-05-15 10:13:48.953 +0800 - Initialize shell task params {
  "localParams" : [ ],
  "varPool" : null,
  "rawScript" : "$SPARK_HOME/bin/spark-submit \\\n    --master local \\\n    --deploy-mode client \\\n    --conf spark.driver.cores=1 \\\n    --conf spark.driver.memory=1G \\\n    --conf spark.executor.instances=1 \\\n    --conf spark.executor.cores=1 \\\n    --conf spark.executor.memory=1G \\\n    --name reddit_preprocessing \\\n    --files ${raw_file_dir} \\\n    --packages org.apache.spark:spark-sql-kafka-0-10_2.12:3.5.1 \\\n    --conf spark.driver.extraJavaOptions=\"-Divy.cache.dir=/tmp -Divy.home=/tmp\" \\\n    spark_reddit_preprocessing.py\n\n#     --jars spark_packages/spark-sql-kafka-0-10_2.12-3.5.1.jar \\",
  "resourceList" : [ {
    "id" : null,
    "resourceName" : "file:/dolphinscheduler/default/resources/spark_reddit_preprocessing.py",
    "res" : null
  } ]
}
[INFO] 2024-05-15 10:13:48.954 +0800 - Success initialized task plugin instance successfully
[INFO] 2024-05-15 10:13:48.954 +0800 - Set taskVarPool: [{"prop":"raw_file_dir","direct":"IN","type":"VARCHAR","value":"/local_storage/reddit/processing/1118-20240514124016.json"}] successfully
[INFO] 2024-05-15 10:13:48.954 +0800 - ***********************************************************************************************
[INFO] 2024-05-15 10:13:48.954 +0800 - *********************************  Execute task instance  *************************************
[INFO] 2024-05-15 10:13:48.954 +0800 - ***********************************************************************************************
[INFO] 2024-05-15 10:13:48.954 +0800 - Final Shell file is: 
[INFO] 2024-05-15 10:13:48.954 +0800 - ****************************** Script Content *****************************************************************
[INFO] 2024-05-15 10:13:48.955 +0800 - #!/bin/bash
BASEDIR=$(cd `dirname $0`; pwd)
cd $BASEDIR
export SPARK_HOME=/opt/spark-3.5.1-bin-hadoop3
export JAVA_HOME=/opt/java/openjdk
export PYSPARK_DRIVER_PYTHON=/bin/python3.11
export PYSPARK_PYTHON=/bin/python3.11
$SPARK_HOME/bin/spark-submit \
    --master local \
    --deploy-mode client \
    --conf spark.driver.cores=1 \
    --conf spark.driver.memory=1G \
    --conf spark.executor.instances=1 \
    --conf spark.executor.cores=1 \
    --conf spark.executor.memory=1G \
    --name reddit_preprocessing \
    --files /local_storage/reddit/processing/1118-20240514124016.json \
    --packages org.apache.spark:spark-sql-kafka-0-10_2.12:3.5.1 \
    --conf spark.driver.extraJavaOptions="-Divy.cache.dir=/tmp -Divy.home=/tmp" \
    spark_reddit_preprocessing.py

#     --jars spark_packages/spark-sql-kafka-0-10_2.12-3.5.1.jar \
[INFO] 2024-05-15 10:13:48.955 +0800 - ****************************** Script Content *****************************************************************
[INFO] 2024-05-15 10:13:48.955 +0800 - Executing shell command : sudo -u default -i /tmp/dolphinscheduler/exec/process/default/13010050770016/13201021801792_121/1122/4130/1122_4130.sh
[INFO] 2024-05-15 10:13:48.959 +0800 - process start, process id is: 2060
[INFO] 2024-05-15 10:13:50.062 +0800 -  -> 
	sudo: unable to change directory to /home/default: No such file or directory
[INFO] 2024-05-15 10:13:52.069 +0800 -  -> 
	:: loading settings :: url = jar:file:/opt/spark-3.5.1-bin-hadoop3/jars/ivy-2.5.1.jar!/org/apache/ivy/core/settings/ivysettings.xml
	Ivy Default Cache set to: /tmp
	The jars for the packages stored in: /tmp/jars
	org.apache.spark#spark-sql-kafka-0-10_2.12 added as a dependency
	:: resolving dependencies :: org.apache.spark#spark-submit-parent-785f3aca-7df7-4cc5-8969-137943477e8e;1.0
		confs: [default]
		found org.apache.spark#spark-sql-kafka-0-10_2.12;3.5.1 in central
[INFO] 2024-05-15 10:13:53.406 +0800 -  -> 
		found org.apache.spark#spark-token-provider-kafka-0-10_2.12;3.5.1 in central
		found org.apache.kafka#kafka-clients;3.4.1 in central
		found org.lz4#lz4-java;1.8.0 in central
		found org.xerial.snappy#snappy-java;1.1.10.3 in central
		found org.slf4j#slf4j-api;2.0.7 in central
		found org.apache.hadoop#hadoop-client-runtime;3.3.4 in central
		found org.apache.hadoop#hadoop-client-api;3.3.4 in central
		found commons-logging#commons-logging;1.1.3 in central
		found com.google.code.findbugs#jsr305;3.0.0 in central
		found org.apache.commons#commons-pool2;2.11.1 in central
	:: resolution report :: resolve 566ms :: artifacts dl 12ms
		:: modules in use:
		com.google.code.findbugs#jsr305;3.0.0 from central in [default]
		commons-logging#commons-logging;1.1.3 from central in [default]
		org.apache.commons#commons-pool2;2.11.1 from central in [default]
		org.apache.hadoop#hadoop-client-api;3.3.4 from central in [default]
		org.apache.hadoop#hadoop-client-runtime;3.3.4 from central in [default]
		org.apache.kafka#kafka-clients;3.4.1 from central in [default]
		org.apache.spark#spark-sql-kafka-0-10_2.12;3.5.1 from central in [default]
		org.apache.spark#spark-token-provider-kafka-0-10_2.12;3.5.1 from central in [default]
		org.lz4#lz4-java;1.8.0 from central in [default]
		org.slf4j#slf4j-api;2.0.7 from central in [default]
		org.xerial.snappy#snappy-java;1.1.10.3 from central in [default]
		---------------------------------------------------------------------
		|                  |            modules            ||   artifacts   |
		|       conf       | number| search|dwnlded|evicted|| number|dwnlded|
		---------------------------------------------------------------------
		|      default     |   11  |   0   |   0   |   0   ||   11  |   0   |
		---------------------------------------------------------------------
	:: retrieving :: org.apache.spark#spark-submit-parent-785f3aca-7df7-4cc5-8969-137943477e8e
		confs: [default]
		0 artifacts copied, 11 already retrieved (0kB/7ms)
	24/05/15 10:13:52 WARN NativeCodeLoader: Unable to load native-hadoop library for your platform... using builtin-java classes where applicable
[INFO] 2024-05-15 10:13:54.411 +0800 -  -> 
	24/05/15 10:13:53 INFO SparkContext: Running Spark version 3.5.1
	24/05/15 10:13:53 INFO SparkContext: OS info Linux, 6.5.0-35-generic, amd64
	24/05/15 10:13:53 INFO SparkContext: Java version 1.8.0_402
	24/05/15 10:13:53 INFO ResourceUtils: ==============================================================
	24/05/15 10:13:53 INFO ResourceUtils: No custom resources configured for spark.driver.
	24/05/15 10:13:53 INFO ResourceUtils: ==============================================================
	24/05/15 10:13:53 INFO SparkContext: Submitted application: reddit_preprocessing
	24/05/15 10:13:53 INFO ResourceProfile: Default ResourceProfile created, executor resources: Map(cores -> name: cores, amount: 1, script: , vendor: , memory -> name: memory, amount: 1024, script: , vendor: , offHeap -> name: offHeap, amount: 0, script: , vendor: ), task resources: Map(cpus -> name: cpus, amount: 1.0)
	24/05/15 10:13:53 INFO ResourceProfile: Limiting resource is cpus at 1 tasks per executor
	24/05/15 10:13:53 INFO ResourceProfileManager: Added ResourceProfile id: 0
	24/05/15 10:13:53 INFO SecurityManager: Changing view acls to: default
	24/05/15 10:13:53 INFO SecurityManager: Changing modify acls to: default
	24/05/15 10:13:53 INFO SecurityManager: Changing view acls groups to: 
	24/05/15 10:13:53 INFO SecurityManager: Changing modify acls groups to: 
	24/05/15 10:13:53 INFO SecurityManager: SecurityManager: authentication disabled; ui acls disabled; users with view permissions: default; groups with view permissions: EMPTY; users with modify permissions: default; groups with modify permissions: EMPTY
	24/05/15 10:13:53 INFO Utils: Successfully started service 'sparkDriver' on port 40261.
	24/05/15 10:13:54 INFO SparkEnv: Registering MapOutputTracker
	24/05/15 10:13:54 INFO SparkEnv: Registering BlockManagerMaster
	24/05/15 10:13:54 INFO BlockManagerMasterEndpoint: Using org.apache.spark.storage.DefaultTopologyMapper for getting topology information
	24/05/15 10:13:54 INFO BlockManagerMasterEndpoint: BlockManagerMasterEndpoint up
	24/05/15 10:13:54 INFO SparkEnv: Registering BlockManagerMasterHeartbeat
	24/05/15 10:13:54 INFO DiskBlockManager: Created local directory at /tmp/blockmgr-6da00a39-903d-4794-8ce3-a181f8c2bf4c
	24/05/15 10:13:54 INFO MemoryStore: MemoryStore started with capacity 366.3 MiB
	24/05/15 10:13:54 INFO SparkEnv: Registering OutputCommitCoordinator
	24/05/15 10:13:54 INFO JettyUtils: Start Jetty 0.0.0.0:4040 for SparkUI
[INFO] 2024-05-15 10:13:55.419 +0800 -  -> 
	24/05/15 10:13:54 INFO Utils: Successfully started service 'SparkUI' on port 4040.
	24/05/15 10:13:54 INFO SparkContext: Added JAR file:///tmp/jars/org.apache.spark_spark-sql-kafka-0-10_2.12-3.5.1.jar at spark://e5be9fed912a:40261/jars/org.apache.spark_spark-sql-kafka-0-10_2.12-3.5.1.jar with timestamp 1715739233534
	24/05/15 10:13:54 INFO SparkContext: Added JAR file:///tmp/jars/org.apache.spark_spark-token-provider-kafka-0-10_2.12-3.5.1.jar at spark://e5be9fed912a:40261/jars/org.apache.spark_spark-token-provider-kafka-0-10_2.12-3.5.1.jar with timestamp 1715739233534
	24/05/15 10:13:54 INFO SparkContext: Added JAR file:///tmp/jars/org.apache.kafka_kafka-clients-3.4.1.jar at spark://e5be9fed912a:40261/jars/org.apache.kafka_kafka-clients-3.4.1.jar with timestamp 1715739233534
	24/05/15 10:13:54 INFO SparkContext: Added JAR file:///tmp/jars/com.google.code.findbugs_jsr305-3.0.0.jar at spark://e5be9fed912a:40261/jars/com.google.code.findbugs_jsr305-3.0.0.jar with timestamp 1715739233534
	24/05/15 10:13:54 INFO SparkContext: Added JAR file:///tmp/jars/org.apache.commons_commons-pool2-2.11.1.jar at spark://e5be9fed912a:40261/jars/org.apache.commons_commons-pool2-2.11.1.jar with timestamp 1715739233534
	24/05/15 10:13:54 INFO SparkContext: Added JAR file:///tmp/jars/org.apache.hadoop_hadoop-client-runtime-3.3.4.jar at spark://e5be9fed912a:40261/jars/org.apache.hadoop_hadoop-client-runtime-3.3.4.jar with timestamp 1715739233534
	24/05/15 10:13:54 INFO SparkContext: Added JAR file:///tmp/jars/org.lz4_lz4-java-1.8.0.jar at spark://e5be9fed912a:40261/jars/org.lz4_lz4-java-1.8.0.jar with timestamp 1715739233534
	24/05/15 10:13:54 INFO SparkContext: Added JAR file:///tmp/jars/org.xerial.snappy_snappy-java-1.1.10.3.jar at spark://e5be9fed912a:40261/jars/org.xerial.snappy_snappy-java-1.1.10.3.jar with timestamp 1715739233534
	24/05/15 10:13:54 INFO SparkContext: Added JAR file:///tmp/jars/org.slf4j_slf4j-api-2.0.7.jar at spark://e5be9fed912a:40261/jars/org.slf4j_slf4j-api-2.0.7.jar with timestamp 1715739233534
	24/05/15 10:13:54 INFO SparkContext: Added JAR file:///tmp/jars/org.apache.hadoop_hadoop-client-api-3.3.4.jar at spark://e5be9fed912a:40261/jars/org.apache.hadoop_hadoop-client-api-3.3.4.jar with timestamp 1715739233534
	24/05/15 10:13:54 INFO SparkContext: Added JAR file:///tmp/jars/commons-logging_commons-logging-1.1.3.jar at spark://e5be9fed912a:40261/jars/commons-logging_commons-logging-1.1.3.jar with timestamp 1715739233534
	24/05/15 10:13:54 INFO SparkContext: Added file file:///local_storage/reddit/processing/1118-20240514124016.json at file:///local_storage/reddit/processing/1118-20240514124016.json with timestamp 1715739233534
	24/05/15 10:13:54 INFO Utils: Copying /local_storage/reddit/processing/1118-20240514124016.json to /tmp/spark-c19d0d6c-22e6-437a-9af4-1b024dd5c877/userFiles-ca3a38e4-1399-4bc1-9113-3f510e678296/1118-20240514124016.json
	24/05/15 10:13:54 INFO SparkContext: Added file file:///tmp/jars/org.apache.spark_spark-sql-kafka-0-10_2.12-3.5.1.jar at file:///tmp/jars/org.apache.spark_spark-sql-kafka-0-10_2.12-3.5.1.jar with timestamp 1715739233534
	24/05/15 10:13:54 INFO Utils: Copying /tmp/jars/org.apache.spark_spark-sql-kafka-0-10_2.12-3.5.1.jar to /tmp/spark-c19d0d6c-22e6-437a-9af4-1b024dd5c877/userFiles-ca3a38e4-1399-4bc1-9113-3f510e678296/org.apache.spark_spark-sql-kafka-0-10_2.12-3.5.1.jar
	24/05/15 10:13:54 INFO SparkContext: Added file file:///tmp/jars/org.apache.spark_spark-token-provider-kafka-0-10_2.12-3.5.1.jar at file:///tmp/jars/org.apache.spark_spark-token-provider-kafka-0-10_2.12-3.5.1.jar with timestamp 1715739233534
	24/05/15 10:13:54 INFO Utils: Copying /tmp/jars/org.apache.spark_spark-token-provider-kafka-0-10_2.12-3.5.1.jar to /tmp/spark-c19d0d6c-22e6-437a-9af4-1b024dd5c877/userFiles-ca3a38e4-1399-4bc1-9113-3f510e678296/org.apache.spark_spark-token-provider-kafka-0-10_2.12-3.5.1.jar
	24/05/15 10:13:54 INFO SparkContext: Added file file:///tmp/jars/org.apache.kafka_kafka-clients-3.4.1.jar at file:///tmp/jars/org.apache.kafka_kafka-clients-3.4.1.jar with timestamp 1715739233534
	24/05/15 10:13:54 INFO Utils: Copying /tmp/jars/org.apache.kafka_kafka-clients-3.4.1.jar to /tmp/spark-c19d0d6c-22e6-437a-9af4-1b024dd5c877/userFiles-ca3a38e4-1399-4bc1-9113-3f510e678296/org.apache.kafka_kafka-clients-3.4.1.jar
	24/05/15 10:13:54 INFO SparkContext: Added file file:///tmp/jars/com.google.code.findbugs_jsr305-3.0.0.jar at file:///tmp/jars/com.google.code.findbugs_jsr305-3.0.0.jar with timestamp 1715739233534
	24/05/15 10:13:54 INFO Utils: Copying /tmp/jars/com.google.code.findbugs_jsr305-3.0.0.jar to /tmp/spark-c19d0d6c-22e6-437a-9af4-1b024dd5c877/userFiles-ca3a38e4-1399-4bc1-9113-3f510e678296/com.google.code.findbugs_jsr305-3.0.0.jar
	24/05/15 10:13:54 INFO SparkContext: Added file file:///tmp/jars/org.apache.commons_commons-pool2-2.11.1.jar at file:///tmp/jars/org.apache.commons_commons-pool2-2.11.1.jar with timestamp 1715739233534
	24/05/15 10:13:54 INFO Utils: Copying /tmp/jars/org.apache.commons_commons-pool2-2.11.1.jar to /tmp/spark-c19d0d6c-22e6-437a-9af4-1b024dd5c877/userFiles-ca3a38e4-1399-4bc1-9113-3f510e678296/org.apache.commons_commons-pool2-2.11.1.jar
	24/05/15 10:13:54 INFO SparkContext: Added file file:///tmp/jars/org.apache.hadoop_hadoop-client-runtime-3.3.4.jar at file:///tmp/jars/org.apache.hadoop_hadoop-client-runtime-3.3.4.jar with timestamp 1715739233534
	24/05/15 10:13:54 INFO Utils: Copying /tmp/jars/org.apache.hadoop_hadoop-client-runtime-3.3.4.jar to /tmp/spark-c19d0d6c-22e6-437a-9af4-1b024dd5c877/userFiles-ca3a38e4-1399-4bc1-9113-3f510e678296/org.apache.hadoop_hadoop-client-runtime-3.3.4.jar
	24/05/15 10:13:54 INFO SparkContext: Added file file:///tmp/jars/org.lz4_lz4-java-1.8.0.jar at file:///tmp/jars/org.lz4_lz4-java-1.8.0.jar with timestamp 1715739233534
	24/05/15 10:13:54 INFO Utils: Copying /tmp/jars/org.lz4_lz4-java-1.8.0.jar to /tmp/spark-c19d0d6c-22e6-437a-9af4-1b024dd5c877/userFiles-ca3a38e4-1399-4bc1-9113-3f510e678296/org.lz4_lz4-java-1.8.0.jar
	24/05/15 10:13:54 INFO SparkContext: Added file file:///tmp/jars/org.xerial.snappy_snappy-java-1.1.10.3.jar at file:///tmp/jars/org.xerial.snappy_snappy-java-1.1.10.3.jar with timestamp 1715739233534
	24/05/15 10:13:54 INFO Utils: Copying /tmp/jars/org.xerial.snappy_snappy-java-1.1.10.3.jar to /tmp/spark-c19d0d6c-22e6-437a-9af4-1b024dd5c877/userFiles-ca3a38e4-1399-4bc1-9113-3f510e678296/org.xerial.snappy_snappy-java-1.1.10.3.jar
	24/05/15 10:13:54 INFO SparkContext: Added file file:///tmp/jars/org.slf4j_slf4j-api-2.0.7.jar at file:///tmp/jars/org.slf4j_slf4j-api-2.0.7.jar with timestamp 1715739233534
	24/05/15 10:13:54 INFO Utils: Copying /tmp/jars/org.slf4j_slf4j-api-2.0.7.jar to /tmp/spark-c19d0d6c-22e6-437a-9af4-1b024dd5c877/userFiles-ca3a38e4-1399-4bc1-9113-3f510e678296/org.slf4j_slf4j-api-2.0.7.jar
	24/05/15 10:13:54 INFO SparkContext: Added file file:///tmp/jars/org.apache.hadoop_hadoop-client-api-3.3.4.jar at file:///tmp/jars/org.apache.hadoop_hadoop-client-api-3.3.4.jar with timestamp 1715739233534
	24/05/15 10:13:54 INFO Utils: Copying /tmp/jars/org.apache.hadoop_hadoop-client-api-3.3.4.jar to /tmp/spark-c19d0d6c-22e6-437a-9af4-1b024dd5c877/userFiles-ca3a38e4-1399-4bc1-9113-3f510e678296/org.apache.hadoop_hadoop-client-api-3.3.4.jar
	24/05/15 10:13:54 INFO SparkContext: Added file file:///tmp/jars/commons-logging_commons-logging-1.1.3.jar at file:///tmp/jars/commons-logging_commons-logging-1.1.3.jar with timestamp 1715739233534
	24/05/15 10:13:54 INFO Utils: Copying /tmp/jars/commons-logging_commons-logging-1.1.3.jar to /tmp/spark-c19d0d6c-22e6-437a-9af4-1b024dd5c877/userFiles-ca3a38e4-1399-4bc1-9113-3f510e678296/commons-logging_commons-logging-1.1.3.jar
	24/05/15 10:13:54 INFO Executor: Starting executor ID driver on host e5be9fed912a
	24/05/15 10:13:54 INFO Executor: OS info Linux, 6.5.0-35-generic, amd64
	24/05/15 10:13:54 INFO Executor: Java version 1.8.0_402
	24/05/15 10:13:54 INFO Executor: Starting executor with user classpath (userClassPathFirst = false): ''
	24/05/15 10:13:54 INFO Executor: Created or updated repl class loader org.apache.spark.util.MutableURLClassLoader@47899d9f for default.
	24/05/15 10:13:54 INFO Executor: Fetching file:///local_storage/reddit/processing/1118-20240514124016.json with timestamp 1715739233534
	24/05/15 10:13:54 INFO Utils: /local_storage/reddit/processing/1118-20240514124016.json has been previously copied to /tmp/spark-c19d0d6c-22e6-437a-9af4-1b024dd5c877/userFiles-ca3a38e4-1399-4bc1-9113-3f510e678296/1118-20240514124016.json
	24/05/15 10:13:54 INFO Executor: Fetching file:///tmp/jars/org.apache.hadoop_hadoop-client-runtime-3.3.4.jar with timestamp 1715739233534
	24/05/15 10:13:54 INFO Utils: /tmp/jars/org.apache.hadoop_hadoop-client-runtime-3.3.4.jar has been previously copied to /tmp/spark-c19d0d6c-22e6-437a-9af4-1b024dd5c877/userFiles-ca3a38e4-1399-4bc1-9113-3f510e678296/org.apache.hadoop_hadoop-client-runtime-3.3.4.jar
	24/05/15 10:13:54 INFO Executor: Fetching file:///tmp/jars/org.apache.commons_commons-pool2-2.11.1.jar with timestamp 1715739233534
	24/05/15 10:13:54 INFO Utils: /tmp/jars/org.apache.commons_commons-pool2-2.11.1.jar has been previously copied to /tmp/spark-c19d0d6c-22e6-437a-9af4-1b024dd5c877/userFiles-ca3a38e4-1399-4bc1-9113-3f510e678296/org.apache.commons_commons-pool2-2.11.1.jar
	24/05/15 10:13:54 INFO Executor: Fetching file:///tmp/jars/org.apache.kafka_kafka-clients-3.4.1.jar with timestamp 1715739233534
	24/05/15 10:13:54 INFO Utils: /tmp/jars/org.apache.kafka_kafka-clients-3.4.1.jar has been previously copied to /tmp/spark-c19d0d6c-22e6-437a-9af4-1b024dd5c877/userFiles-ca3a38e4-1399-4bc1-9113-3f510e678296/org.apache.kafka_kafka-clients-3.4.1.jar
	24/05/15 10:13:54 INFO Executor: Fetching file:///tmp/jars/org.lz4_lz4-java-1.8.0.jar with timestamp 1715739233534
	24/05/15 10:13:54 INFO Utils: /tmp/jars/org.lz4_lz4-java-1.8.0.jar has been previously copied to /tmp/spark-c19d0d6c-22e6-437a-9af4-1b024dd5c877/userFiles-ca3a38e4-1399-4bc1-9113-3f510e678296/org.lz4_lz4-java-1.8.0.jar
	24/05/15 10:13:54 INFO Executor: Fetching file:///tmp/jars/org.apache.spark_spark-sql-kafka-0-10_2.12-3.5.1.jar with timestamp 1715739233534
	24/05/15 10:13:54 INFO Utils: /tmp/jars/org.apache.spark_spark-sql-kafka-0-10_2.12-3.5.1.jar has been previously copied to /tmp/spark-c19d0d6c-22e6-437a-9af4-1b024dd5c877/userFiles-ca3a38e4-1399-4bc1-9113-3f510e678296/org.apache.spark_spark-sql-kafka-0-10_2.12-3.5.1.jar
	24/05/15 10:13:54 INFO Executor: Fetching file:///tmp/jars/org.xerial.snappy_snappy-java-1.1.10.3.jar with timestamp 1715739233534
	24/05/15 10:13:54 INFO Utils: /tmp/jars/org.xerial.snappy_snappy-java-1.1.10.3.jar has been previously copied to /tmp/spark-c19d0d6c-22e6-437a-9af4-1b024dd5c877/userFiles-ca3a38e4-1399-4bc1-9113-3f510e678296/org.xerial.snappy_snappy-java-1.1.10.3.jar
	24/05/15 10:13:54 INFO Executor: Fetching file:///tmp/jars/org.slf4j_slf4j-api-2.0.7.jar with timestamp 1715739233534
	24/05/15 10:13:54 INFO Utils: /tmp/jars/org.slf4j_slf4j-api-2.0.7.jar has been previously copied to /tmp/spark-c19d0d6c-22e6-437a-9af4-1b024dd5c877/userFiles-ca3a38e4-1399-4bc1-9113-3f510e678296/org.slf4j_slf4j-api-2.0.7.jar
	24/05/15 10:13:54 INFO Executor: Fetching file:///tmp/jars/com.google.code.findbugs_jsr305-3.0.0.jar with timestamp 1715739233534
	24/05/15 10:13:54 INFO Utils: /tmp/jars/com.google.code.findbugs_jsr305-3.0.0.jar has been previously copied to /tmp/spark-c19d0d6c-22e6-437a-9af4-1b024dd5c877/userFiles-ca3a38e4-1399-4bc1-9113-3f510e678296/com.google.code.findbugs_jsr305-3.0.0.jar
	24/05/15 10:13:54 INFO Executor: Fetching file:///tmp/jars/org.apache.spark_spark-token-provider-kafka-0-10_2.12-3.5.1.jar with timestamp 1715739233534
	24/05/15 10:13:54 INFO Utils: /tmp/jars/org.apache.spark_spark-token-provider-kafka-0-10_2.12-3.5.1.jar has been previously copied to /tmp/spark-c19d0d6c-22e6-437a-9af4-1b024dd5c877/userFiles-ca3a38e4-1399-4bc1-9113-3f510e678296/org.apache.spark_spark-token-provider-kafka-0-10_2.12-3.5.1.jar
	24/05/15 10:13:54 INFO Executor: Fetching file:///tmp/jars/commons-logging_commons-logging-1.1.3.jar with timestamp 1715739233534
	24/05/15 10:13:54 INFO Utils: /tmp/jars/commons-logging_commons-logging-1.1.3.jar has been previously copied to /tmp/spark-c19d0d6c-22e6-437a-9af4-1b024dd5c877/userFiles-ca3a38e4-1399-4bc1-9113-3f510e678296/commons-logging_commons-logging-1.1.3.jar
	24/05/15 10:13:54 INFO Executor: Fetching file:///tmp/jars/org.apache.hadoop_hadoop-client-api-3.3.4.jar with timestamp 1715739233534
	24/05/15 10:13:55 INFO Utils: /tmp/jars/org.apache.hadoop_hadoop-client-api-3.3.4.jar has been previously copied to /tmp/spark-c19d0d6c-22e6-437a-9af4-1b024dd5c877/userFiles-ca3a38e4-1399-4bc1-9113-3f510e678296/org.apache.hadoop_hadoop-client-api-3.3.4.jar
	24/05/15 10:13:55 INFO Executor: Fetching spark://e5be9fed912a:40261/jars/commons-logging_commons-logging-1.1.3.jar with timestamp 1715739233534
	24/05/15 10:13:55 INFO TransportClientFactory: Successfully created connection to e5be9fed912a/172.18.1.1:40261 after 37 ms (0 ms spent in bootstraps)
	24/05/15 10:13:55 INFO Utils: Fetching spark://e5be9fed912a:40261/jars/commons-logging_commons-logging-1.1.3.jar to /tmp/spark-c19d0d6c-22e6-437a-9af4-1b024dd5c877/userFiles-ca3a38e4-1399-4bc1-9113-3f510e678296/fetchFileTemp8099067221650801806.tmp
	24/05/15 10:13:55 INFO Utils: /tmp/spark-c19d0d6c-22e6-437a-9af4-1b024dd5c877/userFiles-ca3a38e4-1399-4bc1-9113-3f510e678296/fetchFileTemp8099067221650801806.tmp has been previously copied to /tmp/spark-c19d0d6c-22e6-437a-9af4-1b024dd5c877/userFiles-ca3a38e4-1399-4bc1-9113-3f510e678296/commons-logging_commons-logging-1.1.3.jar
	24/05/15 10:13:55 INFO Executor: Adding file:/tmp/spark-c19d0d6c-22e6-437a-9af4-1b024dd5c877/userFiles-ca3a38e4-1399-4bc1-9113-3f510e678296/commons-logging_commons-logging-1.1.3.jar to class loader default
	24/05/15 10:13:55 INFO Executor: Fetching spark://e5be9fed912a:40261/jars/com.google.code.findbugs_jsr305-3.0.0.jar with timestamp 1715739233534
	24/05/15 10:13:55 INFO Utils: Fetching spark://e5be9fed912a:40261/jars/com.google.code.findbugs_jsr305-3.0.0.jar to /tmp/spark-c19d0d6c-22e6-437a-9af4-1b024dd5c877/userFiles-ca3a38e4-1399-4bc1-9113-3f510e678296/fetchFileTemp1432107686819133116.tmp
	24/05/15 10:13:55 INFO Utils: /tmp/spark-c19d0d6c-22e6-437a-9af4-1b024dd5c877/userFiles-ca3a38e4-1399-4bc1-9113-3f510e678296/fetchFileTemp1432107686819133116.tmp has been previously copied to /tmp/spark-c19d0d6c-22e6-437a-9af4-1b024dd5c877/userFiles-ca3a38e4-1399-4bc1-9113-3f510e678296/com.google.code.findbugs_jsr305-3.0.0.jar
	24/05/15 10:13:55 INFO Executor: Adding file:/tmp/spark-c19d0d6c-22e6-437a-9af4-1b024dd5c877/userFiles-ca3a38e4-1399-4bc1-9113-3f510e678296/com.google.code.findbugs_jsr305-3.0.0.jar to class loader default
	24/05/15 10:13:55 INFO Executor: Fetching spark://e5be9fed912a:40261/jars/org.xerial.snappy_snappy-java-1.1.10.3.jar with timestamp 1715739233534
	24/05/15 10:13:55 INFO Utils: Fetching spark://e5be9fed912a:40261/jars/org.xerial.snappy_snappy-java-1.1.10.3.jar to /tmp/spark-c19d0d6c-22e6-437a-9af4-1b024dd5c877/userFiles-ca3a38e4-1399-4bc1-9113-3f510e678296/fetchFileTemp7299502736536379286.tmp
	24/05/15 10:13:55 INFO Utils: /tmp/spark-c19d0d6c-22e6-437a-9af4-1b024dd5c877/userFiles-ca3a38e4-1399-4bc1-9113-3f510e678296/fetchFileTemp7299502736536379286.tmp has been previously copied to /tmp/spark-c19d0d6c-22e6-437a-9af4-1b024dd5c877/userFiles-ca3a38e4-1399-4bc1-9113-3f510e678296/org.xerial.snappy_snappy-java-1.1.10.3.jar
	24/05/15 10:13:55 INFO Executor: Adding file:/tmp/spark-c19d0d6c-22e6-437a-9af4-1b024dd5c877/userFiles-ca3a38e4-1399-4bc1-9113-3f510e678296/org.xerial.snappy_snappy-java-1.1.10.3.jar to class loader default
	24/05/15 10:13:55 INFO Executor: Fetching spark://e5be9fed912a:40261/jars/org.apache.commons_commons-pool2-2.11.1.jar with timestamp 1715739233534
	24/05/15 10:13:55 INFO Utils: Fetching spark://e5be9fed912a:40261/jars/org.apache.commons_commons-pool2-2.11.1.jar to /tmp/spark-c19d0d6c-22e6-437a-9af4-1b024dd5c877/userFiles-ca3a38e4-1399-4bc1-9113-3f510e678296/fetchFileTemp6479472121541309736.tmp
	24/05/15 10:13:55 INFO Utils: /tmp/spark-c19d0d6c-22e6-437a-9af4-1b024dd5c877/userFiles-ca3a38e4-1399-4bc1-9113-3f510e678296/fetchFileTemp6479472121541309736.tmp has been previously copied to /tmp/spark-c19d0d6c-22e6-437a-9af4-1b024dd5c877/userFiles-ca3a38e4-1399-4bc1-9113-3f510e678296/org.apache.commons_commons-pool2-2.11.1.jar
	24/05/15 10:13:55 INFO Executor: Adding file:/tmp/spark-c19d0d6c-22e6-437a-9af4-1b024dd5c877/userFiles-ca3a38e4-1399-4bc1-9113-3f510e678296/org.apache.commons_commons-pool2-2.11.1.jar to class loader default
	24/05/15 10:13:55 INFO Executor: Fetching spark://e5be9fed912a:40261/jars/org.apache.hadoop_hadoop-client-api-3.3.4.jar with timestamp 1715739233534
	24/05/15 10:13:55 INFO Utils: Fetching spark://e5be9fed912a:40261/jars/org.apache.hadoop_hadoop-client-api-3.3.4.jar to /tmp/spark-c19d0d6c-22e6-437a-9af4-1b024dd5c877/userFiles-ca3a38e4-1399-4bc1-9113-3f510e678296/fetchFileTemp6648421322345033769.tmp
	24/05/15 10:13:55 INFO Utils: /tmp/spark-c19d0d6c-22e6-437a-9af4-1b024dd5c877/userFiles-ca3a38e4-1399-4bc1-9113-3f510e678296/fetchFileTemp6648421322345033769.tmp has been previously copied to /tmp/spark-c19d0d6c-22e6-437a-9af4-1b024dd5c877/userFiles-ca3a38e4-1399-4bc1-9113-3f510e678296/org.apache.hadoop_hadoop-client-api-3.3.4.jar
	24/05/15 10:13:55 INFO Executor: Adding file:/tmp/spark-c19d0d6c-22e6-437a-9af4-1b024dd5c877/userFiles-ca3a38e4-1399-4bc1-9113-3f510e678296/org.apache.hadoop_hadoop-client-api-3.3.4.jar to class loader default
	24/05/15 10:13:55 INFO Executor: Fetching spark://e5be9fed912a:40261/jars/org.lz4_lz4-java-1.8.0.jar with timestamp 1715739233534
	24/05/15 10:13:55 INFO Utils: Fetching spark://e5be9fed912a:40261/jars/org.lz4_lz4-java-1.8.0.jar to /tmp/spark-c19d0d6c-22e6-437a-9af4-1b024dd5c877/userFiles-ca3a38e4-1399-4bc1-9113-3f510e678296/fetchFileTemp7045299606532313657.tmp
	24/05/15 10:13:55 INFO Utils: /tmp/spark-c19d0d6c-22e6-437a-9af4-1b024dd5c877/userFiles-ca3a38e4-1399-4bc1-9113-3f510e678296/fetchFileTemp7045299606532313657.tmp has been previously copied to /tmp/spark-c19d0d6c-22e6-437a-9af4-1b024dd5c877/userFiles-ca3a38e4-1399-4bc1-9113-3f510e678296/org.lz4_lz4-java-1.8.0.jar
	24/05/15 10:13:55 INFO Executor: Adding file:/tmp/spark-c19d0d6c-22e6-437a-9af4-1b024dd5c877/userFiles-ca3a38e4-1399-4bc1-9113-3f510e678296/org.lz4_lz4-java-1.8.0.jar to class loader default
	24/05/15 10:13:55 INFO Executor: Fetching spark://e5be9fed912a:40261/jars/org.apache.spark_spark-sql-kafka-0-10_2.12-3.5.1.jar with timestamp 1715739233534
	24/05/15 10:13:55 INFO Utils: Fetching spark://e5be9fed912a:40261/jars/org.apache.spark_spark-sql-kafka-0-10_2.12-3.5.1.jar to /tmp/spark-c19d0d6c-22e6-437a-9af4-1b024dd5c877/userFiles-ca3a38e4-1399-4bc1-9113-3f510e678296/fetchFileTemp9029887635819401736.tmp
	24/05/15 10:13:55 INFO Utils: /tmp/spark-c19d0d6c-22e6-437a-9af4-1b024dd5c877/userFiles-ca3a38e4-1399-4bc1-9113-3f510e678296/fetchFileTemp9029887635819401736.tmp has been previously copied to /tmp/spark-c19d0d6c-22e6-437a-9af4-1b024dd5c877/userFiles-ca3a38e4-1399-4bc1-9113-3f510e678296/org.apache.spark_spark-sql-kafka-0-10_2.12-3.5.1.jar
	24/05/15 10:13:55 INFO Executor: Adding file:/tmp/spark-c19d0d6c-22e6-437a-9af4-1b024dd5c877/userFiles-ca3a38e4-1399-4bc1-9113-3f510e678296/org.apache.spark_spark-sql-kafka-0-10_2.12-3.5.1.jar to class loader default
	24/05/15 10:13:55 INFO Executor: Fetching spark://e5be9fed912a:40261/jars/org.apache.hadoop_hadoop-client-runtime-3.3.4.jar with timestamp 1715739233534
	24/05/15 10:13:55 INFO Utils: Fetching spark://e5be9fed912a:40261/jars/org.apache.hadoop_hadoop-client-runtime-3.3.4.jar to /tmp/spark-c19d0d6c-22e6-437a-9af4-1b024dd5c877/userFiles-ca3a38e4-1399-4bc1-9113-3f510e678296/fetchFileTemp495133736685436882.tmp
[INFO] 2024-05-15 10:13:56.421 +0800 -  -> 
	24/05/15 10:13:55 INFO Utils: /tmp/spark-c19d0d6c-22e6-437a-9af4-1b024dd5c877/userFiles-ca3a38e4-1399-4bc1-9113-3f510e678296/fetchFileTemp495133736685436882.tmp has been previously copied to /tmp/spark-c19d0d6c-22e6-437a-9af4-1b024dd5c877/userFiles-ca3a38e4-1399-4bc1-9113-3f510e678296/org.apache.hadoop_hadoop-client-runtime-3.3.4.jar
	24/05/15 10:13:55 INFO Executor: Adding file:/tmp/spark-c19d0d6c-22e6-437a-9af4-1b024dd5c877/userFiles-ca3a38e4-1399-4bc1-9113-3f510e678296/org.apache.hadoop_hadoop-client-runtime-3.3.4.jar to class loader default
	24/05/15 10:13:55 INFO Executor: Fetching spark://e5be9fed912a:40261/jars/org.apache.spark_spark-token-provider-kafka-0-10_2.12-3.5.1.jar with timestamp 1715739233534
	24/05/15 10:13:55 INFO Utils: Fetching spark://e5be9fed912a:40261/jars/org.apache.spark_spark-token-provider-kafka-0-10_2.12-3.5.1.jar to /tmp/spark-c19d0d6c-22e6-437a-9af4-1b024dd5c877/userFiles-ca3a38e4-1399-4bc1-9113-3f510e678296/fetchFileTemp7501041982161715233.tmp
	24/05/15 10:13:55 INFO Utils: /tmp/spark-c19d0d6c-22e6-437a-9af4-1b024dd5c877/userFiles-ca3a38e4-1399-4bc1-9113-3f510e678296/fetchFileTemp7501041982161715233.tmp has been previously copied to /tmp/spark-c19d0d6c-22e6-437a-9af4-1b024dd5c877/userFiles-ca3a38e4-1399-4bc1-9113-3f510e678296/org.apache.spark_spark-token-provider-kafka-0-10_2.12-3.5.1.jar
	24/05/15 10:13:55 INFO Executor: Adding file:/tmp/spark-c19d0d6c-22e6-437a-9af4-1b024dd5c877/userFiles-ca3a38e4-1399-4bc1-9113-3f510e678296/org.apache.spark_spark-token-provider-kafka-0-10_2.12-3.5.1.jar to class loader default
	24/05/15 10:13:55 INFO Executor: Fetching spark://e5be9fed912a:40261/jars/org.slf4j_slf4j-api-2.0.7.jar with timestamp 1715739233534
	24/05/15 10:13:55 INFO Utils: Fetching spark://e5be9fed912a:40261/jars/org.slf4j_slf4j-api-2.0.7.jar to /tmp/spark-c19d0d6c-22e6-437a-9af4-1b024dd5c877/userFiles-ca3a38e4-1399-4bc1-9113-3f510e678296/fetchFileTemp9207765767397018969.tmp
	24/05/15 10:13:55 INFO Utils: /tmp/spark-c19d0d6c-22e6-437a-9af4-1b024dd5c877/userFiles-ca3a38e4-1399-4bc1-9113-3f510e678296/fetchFileTemp9207765767397018969.tmp has been previously copied to /tmp/spark-c19d0d6c-22e6-437a-9af4-1b024dd5c877/userFiles-ca3a38e4-1399-4bc1-9113-3f510e678296/org.slf4j_slf4j-api-2.0.7.jar
	24/05/15 10:13:55 INFO Executor: Adding file:/tmp/spark-c19d0d6c-22e6-437a-9af4-1b024dd5c877/userFiles-ca3a38e4-1399-4bc1-9113-3f510e678296/org.slf4j_slf4j-api-2.0.7.jar to class loader default
	24/05/15 10:13:55 INFO Executor: Fetching spark://e5be9fed912a:40261/jars/org.apache.kafka_kafka-clients-3.4.1.jar with timestamp 1715739233534
	24/05/15 10:13:55 INFO Utils: Fetching spark://e5be9fed912a:40261/jars/org.apache.kafka_kafka-clients-3.4.1.jar to /tmp/spark-c19d0d6c-22e6-437a-9af4-1b024dd5c877/userFiles-ca3a38e4-1399-4bc1-9113-3f510e678296/fetchFileTemp215855920297071031.tmp
	24/05/15 10:13:55 INFO Utils: /tmp/spark-c19d0d6c-22e6-437a-9af4-1b024dd5c877/userFiles-ca3a38e4-1399-4bc1-9113-3f510e678296/fetchFileTemp215855920297071031.tmp has been previously copied to /tmp/spark-c19d0d6c-22e6-437a-9af4-1b024dd5c877/userFiles-ca3a38e4-1399-4bc1-9113-3f510e678296/org.apache.kafka_kafka-clients-3.4.1.jar
	24/05/15 10:13:55 INFO Executor: Adding file:/tmp/spark-c19d0d6c-22e6-437a-9af4-1b024dd5c877/userFiles-ca3a38e4-1399-4bc1-9113-3f510e678296/org.apache.kafka_kafka-clients-3.4.1.jar to class loader default
	24/05/15 10:13:55 INFO Utils: Successfully started service 'org.apache.spark.network.netty.NettyBlockTransferService' on port 44845.
	24/05/15 10:13:55 INFO NettyBlockTransferService: Server created on e5be9fed912a:44845
	24/05/15 10:13:55 INFO BlockManager: Using org.apache.spark.storage.RandomBlockReplicationPolicy for block replication policy
	24/05/15 10:13:55 INFO BlockManagerMaster: Registering BlockManager BlockManagerId(driver, e5be9fed912a, 44845, None)
	24/05/15 10:13:55 INFO BlockManagerMasterEndpoint: Registering block manager e5be9fed912a:44845 with 366.3 MiB RAM, BlockManagerId(driver, e5be9fed912a, 44845, None)
	24/05/15 10:13:55 INFO BlockManagerMaster: Registered BlockManager BlockManagerId(driver, e5be9fed912a, 44845, None)
	24/05/15 10:13:55 INFO BlockManager: Initialized BlockManager: BlockManagerId(driver, e5be9fed912a, 44845, None)
[INFO] 2024-05-15 10:13:57.427 +0800 -  -> 
	24/05/15 10:13:56 INFO MemoryStore: Block broadcast_0 stored as values in memory (estimated size 345.7 KiB, free 366.0 MiB)
	24/05/15 10:13:56 INFO MemoryStore: Block broadcast_0_piece0 stored as bytes in memory (estimated size 32.6 KiB, free 365.9 MiB)
	24/05/15 10:13:56 INFO BlockManagerInfo: Added broadcast_0_piece0 in memory on e5be9fed912a:44845 (size: 32.6 KiB, free: 366.3 MiB)
	24/05/15 10:13:56 INFO SparkContext: Created broadcast 0 from wholeTextFiles at NativeMethodAccessorImpl.java:0
	24/05/15 10:13:56 INFO SharedState: Setting hive.metastore.warehouse.dir ('null') to the value of spark.sql.warehouse.dir.
	24/05/15 10:13:56 INFO SharedState: Warehouse path is 'file:/tmp/dolphinscheduler/exec/process/default/13010050770016/13201021801792_121/1122/4130/spark-warehouse'.
[INFO] 2024-05-15 10:14:02.471 +0800 -  -> 
	24/05/15 10:14:01 INFO CodeGenerator: Code generated in 287.433121 ms
	24/05/15 10:14:01 INFO FileInputFormat: Total input files to process : 1
	24/05/15 10:14:01 INFO FileInputFormat: Total input files to process : 1
	24/05/15 10:14:01 INFO SparkContext: Starting job: json at NativeMethodAccessorImpl.java:0
	24/05/15 10:14:01 INFO DAGScheduler: Got job 0 (json at NativeMethodAccessorImpl.java:0) with 1 output partitions
	24/05/15 10:14:01 INFO DAGScheduler: Final stage: ResultStage 0 (json at NativeMethodAccessorImpl.java:0)
	24/05/15 10:14:01 INFO DAGScheduler: Parents of final stage: List()
	24/05/15 10:14:01 INFO DAGScheduler: Missing parents: List()
	24/05/15 10:14:02 INFO DAGScheduler: Submitting ResultStage 0 (MapPartitionsRDD[7] at json at NativeMethodAccessorImpl.java:0), which has no missing parents
	24/05/15 10:14:02 INFO MemoryStore: Block broadcast_1 stored as values in memory (estimated size 28.1 KiB, free 365.9 MiB)
	24/05/15 10:14:02 INFO MemoryStore: Block broadcast_1_piece0 stored as bytes in memory (estimated size 12.4 KiB, free 365.9 MiB)
	24/05/15 10:14:02 INFO BlockManagerInfo: Added broadcast_1_piece0 in memory on e5be9fed912a:44845 (size: 12.4 KiB, free: 366.3 MiB)
	24/05/15 10:14:02 INFO SparkContext: Created broadcast 1 from broadcast at DAGScheduler.scala:1585
	24/05/15 10:14:02 INFO DAGScheduler: Submitting 1 missing tasks from ResultStage 0 (MapPartitionsRDD[7] at json at NativeMethodAccessorImpl.java:0) (first 15 tasks are for partitions Vector(0))
	24/05/15 10:14:02 INFO TaskSchedulerImpl: Adding task set 0.0 with 1 tasks resource profile 0
	24/05/15 10:14:02 INFO TaskSetManager: Starting task 0.0 in stage 0.0 (TID 0) (e5be9fed912a, executor driver, partition 0, PROCESS_LOCAL, 9887 bytes) 
[INFO] 2024-05-15 10:14:03.507 +0800 -  -> 
	24/05/15 10:14:02 INFO Executor: Running task 0.0 in stage 0.0 (TID 0)
	24/05/15 10:14:02 INFO WholeTextFileRDD: Input split: Paths:/tmp/spark-c19d0d6c-22e6-437a-9af4-1b024dd5c877/userFiles-ca3a38e4-1399-4bc1-9113-3f510e678296/1118-20240514124016.json:0+30064
	24/05/15 10:14:03 INFO CodeGenerator: Code generated in 66.2392 ms
[INFO] 2024-05-15 10:14:04.508 +0800 -  -> 
	24/05/15 10:14:03 INFO PythonRunner: Times: total = 633, boot = 480, init = 150, finish = 3
	24/05/15 10:14:03 INFO Executor: Finished task 0.0 in stage 0.0 (TID 0). 2763 bytes result sent to driver
	24/05/15 10:14:03 INFO TaskSetManager: Finished task 0.0 in stage 0.0 (TID 0) in 1311 ms on e5be9fed912a (executor driver) (1/1)
	24/05/15 10:14:03 INFO TaskSchedulerImpl: Removed TaskSet 0.0, whose tasks have all completed, from pool 
	24/05/15 10:14:03 INFO PythonAccumulatorV2: Connected to AccumulatorServer at host: 127.0.0.1 port: 33371
	24/05/15 10:14:03 INFO DAGScheduler: ResultStage 0 (json at NativeMethodAccessorImpl.java:0) finished in 1.579 s
	24/05/15 10:14:03 INFO DAGScheduler: Job 0 is finished. Cancelling potential speculative or zombie tasks for this job
	24/05/15 10:14:03 INFO TaskSchedulerImpl: Killing all running tasks in stage 0: Stage finished
	24/05/15 10:14:03 INFO DAGScheduler: Job 0 finished: json at NativeMethodAccessorImpl.java:0, took 1.691985 s
	Traceback (most recent call last):
	  File "/tmp/dolphinscheduler/exec/process/default/13010050770016/13201021801792_121/1122/4130/spark_reddit_preprocessing.py", line 53, in <module>
	    new_df = raw_df.withColumn("author", split(col("author"), ",").cast(ArrayType(StringType())))
	                                               ^^^
	NameError: name 'col' is not defined
	24/05/15 10:14:03 INFO SparkContext: Invoking stop() from shutdown hook
	24/05/15 10:14:03 INFO SparkContext: SparkContext is stopping with exitCode 0.
	24/05/15 10:14:03 INFO SparkUI: Stopped Spark web UI at http://e5be9fed912a:4040
	24/05/15 10:14:03 INFO MapOutputTrackerMasterEndpoint: MapOutputTrackerMasterEndpoint stopped!
	24/05/15 10:14:03 INFO MemoryStore: MemoryStore cleared
	24/05/15 10:14:03 INFO BlockManager: BlockManager stopped
	24/05/15 10:14:03 INFO BlockManagerMaster: BlockManagerMaster stopped
	24/05/15 10:14:03 INFO OutputCommitCoordinator$OutputCommitCoordinatorEndpoint: OutputCommitCoordinator stopped!
	24/05/15 10:14:03 INFO SparkContext: Successfully stopped SparkContext
	24/05/15 10:14:03 INFO ShutdownHookManager: Shutdown hook called
	24/05/15 10:14:03 INFO ShutdownHookManager: Deleting directory /tmp/spark-c19d0d6c-22e6-437a-9af4-1b024dd5c877
	24/05/15 10:14:03 INFO ShutdownHookManager: Deleting directory /tmp/spark-8e1ae2f2-5500-48c7-a7ee-3a629ee6d94f
	24/05/15 10:14:03 INFO ShutdownHookManager: Deleting directory /tmp/spark-c19d0d6c-22e6-437a-9af4-1b024dd5c877/pyspark-9871789e-a523-4c76-9f75-a69fdc01cb7c
[INFO] 2024-05-15 10:14:04.509 +0800 - process has exited. execute path:/tmp/dolphinscheduler/exec/process/default/13010050770016/13201021801792_121/1122/4130, processId:2060 ,exitStatusCode:1 ,processWaitForStatus:true ,processExitValue:1
[INFO] 2024-05-15 10:14:04.509 +0800 - ***********************************************************************************************
[INFO] 2024-05-15 10:14:04.509 +0800 - *********************************  Finalize task instance  ************************************
[INFO] 2024-05-15 10:14:04.509 +0800 - ***********************************************************************************************
[INFO] 2024-05-15 10:14:04.510 +0800 - Upload output files: [] successfully
[INFO] 2024-05-15 10:14:04.513 +0800 - Send task execute status: FAILURE to master : 172.18.1.1:1234
[INFO] 2024-05-15 10:14:04.513 +0800 - Remove the current task execute context from worker cache
[INFO] 2024-05-15 10:14:04.513 +0800 - The current execute mode isn't develop mode, will clear the task execute file: /tmp/dolphinscheduler/exec/process/default/13010050770016/13201021801792_121/1122/4130
[INFO] 2024-05-15 10:14:04.514 +0800 - Success clear the task execute file: /tmp/dolphinscheduler/exec/process/default/13010050770016/13201021801792_121/1122/4130
[INFO] 2024-05-15 10:14:04.514 +0800 - FINALIZE_SESSION
