[INFO] 2024-05-15 10:12:20.288 +0800 - ***********************************************************************************************
[INFO] 2024-05-15 10:12:20.290 +0800 - *********************************  Initialize task context  ***********************************
[INFO] 2024-05-15 10:12:20.294 +0800 - ***********************************************************************************************
[INFO] 2024-05-15 10:12:20.298 +0800 - Begin to initialize task
[INFO] 2024-05-15 10:12:20.302 +0800 - Set task startTime: 1715739140302
[INFO] 2024-05-15 10:12:20.302 +0800 - Set task appId: 1120_4068
[INFO] 2024-05-15 10:12:20.304 +0800 - End initialize task {
  "taskInstanceId" : 4068,
  "taskName" : "preprocessing and kafka",
  "firstSubmitTime" : 1715739140249,
  "startTime" : 1715739140302,
  "taskType" : "SHELL",
  "workflowInstanceHost" : "172.18.2.1:5678",
  "host" : "172.18.1.1:1234",
  "logPath" : "/opt/dolphinscheduler/logs/20240515/13201021801792/121/1120/4068.log",
  "processId" : 0,
  "processDefineCode" : 13201021801792,
  "processDefineVersion" : 121,
  "processInstanceId" : 1120,
  "scheduleTime" : 0,
  "globalParams" : "[{\"prop\":\"folder\",\"direct\":\"IN\",\"type\":\"VARCHAR\",\"value\":\"in\"}]",
  "executorId" : 1,
  "cmdTypeIfComplement" : 0,
  "tenantCode" : "default",
  "processDefineId" : 0,
  "projectId" : 0,
  "projectCode" : 13010050770016,
  "taskParams" : "{\"localParams\":[],\"rawScript\":\"$SPARK_HOME/bin/spark-submit \\\\\\n    --master local \\\\\\n    --deploy-mode client \\\\\\n    --conf spark.driver.cores=1 \\\\\\n    --conf spark.driver.memory=1G \\\\\\n    --conf spark.executor.instances=1 \\\\\\n    --conf spark.executor.cores=1 \\\\\\n    --conf spark.executor.memory=1G \\\\\\n    --name reddit_preprocessing \\\\\\n    --files ${raw_file_dir} \\\\\\n    --packages org.apache.spark:spark-sql-kafka-0-10_2.12:3.5.1 \\\\\\n    --conf spark.driver.extraJavaOptions=\\\"-Divy.cache.dir=/tmp -Divy.home=/tmp\\\" \\\\\\n    spark_reddit_preprocessing.py\\n\\n#     --jars spark_packages/spark-sql-kafka-0-10_2.12-3.5.1.jar \\\\\",\"resourceList\":[{\"id\":null,\"resourceName\":\"file:/dolphinscheduler/default/resources/spark_reddit_preprocessing.py\",\"res\":null}]}",
  "environmentConfig" : "export SPARK_HOME=/opt/spark-3.5.1-bin-hadoop3\nexport JAVA_HOME=/opt/java/openjdk\nexport PYSPARK_DRIVER_PYTHON=/bin/python3.11\nexport PYSPARK_PYTHON=/bin/python3.11",
  "prepareParamsMap" : {
    "GNEWS_HOME" : {
      "prop" : "GNEWS_HOME",
      "direct" : "IN",
      "type" : "VARCHAR",
      "value" : "/local_storage/google_news"
    },
    "system.task.definition.name" : {
      "prop" : "system.task.definition.name",
      "direct" : "IN",
      "type" : "VARCHAR",
      "value" : "preprocessing and kafka"
    },
    "system.project.name" : {
      "prop" : "system.project.name",
      "direct" : "IN",
      "type" : "VARCHAR",
      "value" : null
    },
    "REDDIT_HOME" : {
      "prop" : "REDDIT_HOME",
      "direct" : "IN",
      "type" : "VARCHAR",
      "value" : "/local_storage/reddit"
    },
    "system.biz.curdate" : {
      "prop" : "system.biz.curdate",
      "direct" : "IN",
      "type" : "VARCHAR",
      "value" : "20240515"
    },
    "system.task.instance.id" : {
      "prop" : "system.task.instance.id",
      "direct" : "IN",
      "type" : "VARCHAR",
      "value" : "4068"
    },
    "system.task.definition.code" : {
      "prop" : "system.task.definition.code",
      "direct" : "IN",
      "type" : "VARCHAR",
      "value" : "13210058002752"
    },
    "system.datetime" : {
      "prop" : "system.datetime",
      "direct" : "IN",
      "type" : "VARCHAR",
      "value" : "20240515101220"
    },
    "folder" : {
      "prop" : "folder",
      "direct" : "IN",
      "type" : "VARCHAR",
      "value" : "in"
    },
    "system.project.code" : {
      "prop" : "system.project.code",
      "direct" : "IN",
      "type" : "VARCHAR",
      "value" : "13010050770016"
    },
    "system.workflow.instance.id" : {
      "prop" : "system.workflow.instance.id",
      "direct" : "IN",
      "type" : "VARCHAR",
      "value" : "1120"
    },
    "raw_file_dir" : {
      "prop" : "raw_file_dir",
      "direct" : "IN",
      "type" : "VARCHAR",
      "value" : "/local_storage/reddit/processing/1118-20240514124016.json"
    },
    "system.biz.date" : {
      "prop" : "system.biz.date",
      "direct" : "IN",
      "type" : "VARCHAR",
      "value" : "20240514"
    },
    "system.workflow.definition.name" : {
      "prop" : "system.workflow.definition.name",
      "direct" : "IN",
      "type" : "VARCHAR",
      "value" : "preprocess_post"
    },
    "system.workflow.definition.code" : {
      "prop" : "system.workflow.definition.code",
      "direct" : "IN",
      "type" : "VARCHAR",
      "value" : "13201021801792"
    }
  },
  "taskAppId" : "1120_4068",
  "taskTimeout" : 2147483647,
  "workerGroup" : "default",
  "delayTime" : 0,
  "currentExecutionStatus" : "SUBMITTED_SUCCESS",
  "endTime" : 0,
  "varPool" : "[{\"prop\":\"raw_file_dir\",\"direct\":\"IN\",\"type\":\"VARCHAR\",\"value\":\"/local_storage/reddit/processing/1118-20240514124016.json\"}]",
  "dryRun" : 0,
  "paramsMap" : { },
  "cpuQuota" : -1,
  "memoryMax" : -1,
  "testFlag" : 0,
  "logBufferEnable" : false,
  "dispatchFailTimes" : 0
}
[INFO] 2024-05-15 10:12:20.308 +0800 - ***********************************************************************************************
[INFO] 2024-05-15 10:12:20.311 +0800 - *********************************  Load task instance plugin  *********************************
[INFO] 2024-05-15 10:12:20.318 +0800 - ***********************************************************************************************
[INFO] 2024-05-15 10:12:20.327 +0800 - Send task status RUNNING_EXECUTION master: 172.18.1.1:1234
[INFO] 2024-05-15 10:12:20.330 +0800 - TenantCode: default check successfully
[INFO] 2024-05-15 10:12:20.350 +0800 - WorkflowInstanceExecDir: /tmp/dolphinscheduler/exec/process/default/13010050770016/13201021801792_121/1120/4068 check successfully
[INFO] 2024-05-15 10:12:20.350 +0800 - Create TaskChannel: org.apache.dolphinscheduler.plugin.task.shell.ShellTaskChannel successfully
[INFO] 2024-05-15 10:12:20.433 +0800 - Download resources successfully: 
ResourceContext(resourceItemMap={file:/dolphinscheduler/default/resources/spark_reddit_preprocessing.py=ResourceContext.ResourceItem(resourceAbsolutePathInStorage=file:/dolphinscheduler/default/resources/spark_reddit_preprocessing.py, resourceRelativePath=spark_reddit_preprocessing.py, resourceAbsolutePathInLocal=/tmp/dolphinscheduler/exec/process/default/13010050770016/13201021801792_121/1120/4068/spark_reddit_preprocessing.py)})
[INFO] 2024-05-15 10:12:20.439 +0800 - Download upstream files: [] successfully
[INFO] 2024-05-15 10:12:20.439 +0800 - Task plugin instance: SHELL create successfully
[INFO] 2024-05-15 10:12:20.448 +0800 - Initialize shell task params {
  "localParams" : [ ],
  "varPool" : null,
  "rawScript" : "$SPARK_HOME/bin/spark-submit \\\n    --master local \\\n    --deploy-mode client \\\n    --conf spark.driver.cores=1 \\\n    --conf spark.driver.memory=1G \\\n    --conf spark.executor.instances=1 \\\n    --conf spark.executor.cores=1 \\\n    --conf spark.executor.memory=1G \\\n    --name reddit_preprocessing \\\n    --files ${raw_file_dir} \\\n    --packages org.apache.spark:spark-sql-kafka-0-10_2.12:3.5.1 \\\n    --conf spark.driver.extraJavaOptions=\"-Divy.cache.dir=/tmp -Divy.home=/tmp\" \\\n    spark_reddit_preprocessing.py\n\n#     --jars spark_packages/spark-sql-kafka-0-10_2.12-3.5.1.jar \\",
  "resourceList" : [ {
    "id" : null,
    "resourceName" : "file:/dolphinscheduler/default/resources/spark_reddit_preprocessing.py",
    "res" : null
  } ]
}
[INFO] 2024-05-15 10:12:20.450 +0800 - Success initialized task plugin instance successfully
[INFO] 2024-05-15 10:12:20.458 +0800 - Set taskVarPool: [{"prop":"raw_file_dir","direct":"IN","type":"VARCHAR","value":"/local_storage/reddit/processing/1118-20240514124016.json"}] successfully
[INFO] 2024-05-15 10:12:20.464 +0800 - ***********************************************************************************************
[INFO] 2024-05-15 10:12:20.465 +0800 - *********************************  Execute task instance  *************************************
[INFO] 2024-05-15 10:12:20.466 +0800 - ***********************************************************************************************
[INFO] 2024-05-15 10:12:20.469 +0800 - Final Shell file is: 
[INFO] 2024-05-15 10:12:20.472 +0800 - ****************************** Script Content *****************************************************************
[INFO] 2024-05-15 10:12:20.475 +0800 - #!/bin/bash
BASEDIR=$(cd `dirname $0`; pwd)
cd $BASEDIR
export SPARK_HOME=/opt/spark-3.5.1-bin-hadoop3
export JAVA_HOME=/opt/java/openjdk
export PYSPARK_DRIVER_PYTHON=/bin/python3.11
export PYSPARK_PYTHON=/bin/python3.11
$SPARK_HOME/bin/spark-submit \
    --master local \
    --deploy-mode client \
    --conf spark.driver.cores=1 \
    --conf spark.driver.memory=1G \
    --conf spark.executor.instances=1 \
    --conf spark.executor.cores=1 \
    --conf spark.executor.memory=1G \
    --name reddit_preprocessing \
    --files /local_storage/reddit/processing/1118-20240514124016.json \
    --packages org.apache.spark:spark-sql-kafka-0-10_2.12:3.5.1 \
    --conf spark.driver.extraJavaOptions="-Divy.cache.dir=/tmp -Divy.home=/tmp" \
    spark_reddit_preprocessing.py

#     --jars spark_packages/spark-sql-kafka-0-10_2.12-3.5.1.jar \
[INFO] 2024-05-15 10:12:20.476 +0800 - ****************************** Script Content *****************************************************************
[INFO] 2024-05-15 10:12:20.478 +0800 - Executing shell command : sudo -u default -i /tmp/dolphinscheduler/exec/process/default/13010050770016/13201021801792_121/1120/4068/1120_4068.sh
[INFO] 2024-05-15 10:12:20.492 +0800 - process start, process id is: 494
[INFO] 2024-05-15 10:12:21.493 +0800 -  -> 
	sudo: unable to change directory to /home/default: No such file or directory
[INFO] 2024-05-15 10:12:26.519 +0800 -  -> 
	:: loading settings :: url = jar:file:/opt/spark-3.5.1-bin-hadoop3/jars/ivy-2.5.1.jar!/org/apache/ivy/core/settings/ivysettings.xml
[INFO] 2024-05-15 10:12:27.522 +0800 -  -> 
	Ivy Default Cache set to: /tmp
	The jars for the packages stored in: /tmp/jars
	org.apache.spark#spark-sql-kafka-0-10_2.12 added as a dependency
	:: resolving dependencies :: org.apache.spark#spark-submit-parent-6e457a13-db91-4b79-b447-019296e4dae2;1.0
		confs: [default]
[INFO] 2024-05-15 10:12:31.531 +0800 -  -> 
	:: resolution report :: resolve 4103ms :: artifacts dl 0ms
		:: modules in use:
		---------------------------------------------------------------------
		|                  |            modules            ||   artifacts   |
		|       conf       | number| search|dwnlded|evicted|| number|dwnlded|
		---------------------------------------------------------------------
		|      default     |   1   |   0   |   0   |   0   ||   0   |   0   |
		---------------------------------------------------------------------
	
	:: problems summary ::
	:::: WARNINGS
		problem while downloading module descriptor: https://repo1.maven.org/maven2/org/apache/spark/spark-parent_2.12/3.5.1/spark-parent_2.12-3.5.1.pom: Downloaded file size (0) doesn't match expected Content Length (136483) for https://repo1.maven.org/maven2/org/apache/spark/spark-parent_2.12/3.5.1/spark-parent_2.12-3.5.1.pom. Please retry. (645ms)
	
		io problem while parsing ivy file: https://repo1.maven.org/maven2/org/apache/spark/spark-sql-kafka-0-10_2.12/3.5.1/spark-sql-kafka-0-10_2.12-3.5.1.pom (java.io.IOException: Impossible to load parent for file:/tmp/org.apache.spark/spark-sql-kafka-0-10_2.12/ivy-3.5.1.xml.original. Parent=org.apache.spark#spark-parent_2.12;3.5.1)
	
			module not found: org.apache.spark#spark-sql-kafka-0-10_2.12;3.5.1
	
		==== local-m2-cache: tried
	
		  file:/home/default/.m2/repository/org/apache/spark/spark-parent_2.12/3.5.1/spark-parent_2.12-3.5.1.pom
	
		  -- artifact org.apache.spark#spark-parent_2.12;3.5.1!spark-parent_2.12.jar:
	
		  file:/home/default/.m2/repository/org/apache/spark/spark-parent_2.12/3.5.1/spark-parent_2.12-3.5.1.jar
	
		==== local-ivy-cache: tried
	
		  /tmp/local/org.apache.spark/spark-parent_2.12/3.5.1/ivys/ivy.xml
	
		  -- artifact org.apache.spark#spark-parent_2.12;3.5.1!spark-parent_2.12.jar:
	
		  /tmp/local/org.apache.spark/spark-parent_2.12/3.5.1/jars/spark-parent_2.12.jar
	
		==== central: tried
	
		  https://repo1.maven.org/maven2/org/apache/spark/spark-parent_2.12/3.5.1/spark-parent_2.12-3.5.1.pom
	
		==== spark-packages: tried
	
		  https://repos.spark-packages.org/org/apache/spark/spark-sql-kafka-0-10_2.12/3.5.1/spark-sql-kafka-0-10_2.12-3.5.1.pom
	
		  -- artifact org.apache.spark#spark-sql-kafka-0-10_2.12;3.5.1!spark-sql-kafka-0-10_2.12.jar:
	
		  https://repos.spark-packages.org/org/apache/spark/spark-sql-kafka-0-10_2.12/3.5.1/spark-sql-kafka-0-10_2.12-3.5.1.jar
	
			::::::::::::::::::::::::::::::::::::::::::::::
	
			::          UNRESOLVED DEPENDENCIES         ::
	
			::::::::::::::::::::::::::::::::::::::::::::::
	
			:: org.apache.spark#spark-sql-kafka-0-10_2.12;3.5.1: not found
	
			::::::::::::::::::::::::::::::::::::::::::::::
	
	
	
	:: USE VERBOSE OR DEBUG MESSAGE LEVEL FOR MORE DETAILS
	Exception in thread "main" java.lang.RuntimeException: [unresolved dependency: org.apache.spark#spark-sql-kafka-0-10_2.12;3.5.1: not found]
		at org.apache.spark.deploy.SparkSubmitUtils$.resolveMavenCoordinates(SparkSubmit.scala:1608)
		at org.apache.spark.util.DependencyUtils$.resolveMavenDependencies(DependencyUtils.scala:185)
		at org.apache.spark.deploy.SparkSubmit.prepareSubmitEnvironment(SparkSubmit.scala:334)
		at org.apache.spark.deploy.SparkSubmit.org$apache$spark$deploy$SparkSubmit$$runMain(SparkSubmit.scala:964)
		at org.apache.spark.deploy.SparkSubmit.doRunMain$1(SparkSubmit.scala:194)
		at org.apache.spark.deploy.SparkSubmit.submit(SparkSubmit.scala:217)
		at org.apache.spark.deploy.SparkSubmit.doSubmit(SparkSubmit.scala:91)
		at org.apache.spark.deploy.SparkSubmit$$anon$2.doSubmit(SparkSubmit.scala:1120)
		at org.apache.spark.deploy.SparkSubmit$.main(SparkSubmit.scala:1129)
		at org.apache.spark.deploy.SparkSubmit.main(SparkSubmit.scala)
[INFO] 2024-05-15 10:12:31.533 +0800 - process has exited. execute path:/tmp/dolphinscheduler/exec/process/default/13010050770016/13201021801792_121/1120/4068, processId:494 ,exitStatusCode:1 ,processWaitForStatus:true ,processExitValue:1
[INFO] 2024-05-15 10:12:31.535 +0800 - ***********************************************************************************************
[INFO] 2024-05-15 10:12:31.536 +0800 - *********************************  Finalize task instance  ************************************
[INFO] 2024-05-15 10:12:31.536 +0800 - ***********************************************************************************************
[INFO] 2024-05-15 10:12:31.536 +0800 - Upload output files: [] successfully
[INFO] 2024-05-15 10:12:31.544 +0800 - Send task execute status: FAILURE to master : 172.18.1.1:1234
[INFO] 2024-05-15 10:12:31.545 +0800 - Remove the current task execute context from worker cache
[INFO] 2024-05-15 10:12:31.545 +0800 - The current execute mode isn't develop mode, will clear the task execute file: /tmp/dolphinscheduler/exec/process/default/13010050770016/13201021801792_121/1120/4068
[INFO] 2024-05-15 10:12:31.546 +0800 - Success clear the task execute file: /tmp/dolphinscheduler/exec/process/default/13010050770016/13201021801792_121/1120/4068
[INFO] 2024-05-15 10:12:31.547 +0800 - FINALIZE_SESSION
