[INFO] 2024-04-15 09:44:10.166 +0800 - ***********************************************************************************************
[INFO] 2024-04-15 09:44:10.169 +0800 - *********************************  Initialize task context  ***********************************
[INFO] 2024-04-15 09:44:10.169 +0800 - ***********************************************************************************************
[INFO] 2024-04-15 09:44:10.170 +0800 - Begin to initialize task
[INFO] 2024-04-15 09:44:10.170 +0800 - Set task startTime: 1713145450170
[INFO] 2024-04-15 09:44:10.171 +0800 - Set task appId: 275_548
[INFO] 2024-04-15 09:44:10.171 +0800 - End initialize task {
  "taskInstanceId" : 548,
  "taskName" : "spark_shell",
  "firstSubmitTime" : 1713145450146,
  "startTime" : 1713145450170,
  "taskType" : "SHELL",
  "workflowInstanceHost" : "172.18.0.3:5678",
  "host" : "172.18.0.7:1234",
  "logPath" : "/opt/dolphinscheduler/logs/20240415/13201021801792/17/275/548.log",
  "processId" : 0,
  "processDefineCode" : 13201021801792,
  "processDefineVersion" : 17,
  "processInstanceId" : 275,
  "scheduleTime" : 0,
  "executorId" : 1,
  "cmdTypeIfComplement" : 0,
  "tenantCode" : "default",
  "processDefineId" : 0,
  "projectId" : 0,
  "projectCode" : 13010050770016,
  "taskParams" : "{\"localParams\":[],\"rawScript\":\"$SPARK_HOME/bin/spark-submit \\\\\\n    --master spark://spark-master:7077 \\\\\\n    --conf spark.driver.cores=1 \\\\\\n    --conf spark.driver.memory=512M \\\\\\n    --conf spark.executor.instances=2 \\\\\\n    --conf spark.executor.cores=2 \\\\\\n    --conf spark.executor.memory=1G \\\\\\n    --name myapple spark-test.py\\n\",\"resourceList\":[{\"id\":null,\"resourceName\":\"file:/dolphinscheduler/default/resources/spark-test.py\",\"res\":null}]}",
  "environmentConfig" : "export SPARK_HOME=/opt/spark-3.5.1-bin-hadoop3\nexport JAVA_HOME=/opt/java/openjdk\nexport HADOOP_CONF_DIR=/opt/hadoop-3.4.0/etc/hadoop\nexport PYSPARK_DRIVER_PYTHON=/bin/python3.11",
  "prepareParamsMap" : {
    "system.task.definition.name" : {
      "prop" : "system.task.definition.name",
      "direct" : "IN",
      "type" : "VARCHAR",
      "value" : "spark_shell"
    },
    "system.project.name" : {
      "prop" : "system.project.name",
      "direct" : "IN",
      "type" : "VARCHAR",
      "value" : null
    },
    "system.project.code" : {
      "prop" : "system.project.code",
      "direct" : "IN",
      "type" : "VARCHAR",
      "value" : "13010050770016"
    },
    "system.workflow.instance.id" : {
      "prop" : "system.workflow.instance.id",
      "direct" : "IN",
      "type" : "VARCHAR",
      "value" : "275"
    },
    "system.biz.curdate" : {
      "prop" : "system.biz.curdate",
      "direct" : "IN",
      "type" : "VARCHAR",
      "value" : "20240415"
    },
    "system.biz.date" : {
      "prop" : "system.biz.date",
      "direct" : "IN",
      "type" : "VARCHAR",
      "value" : "20240414"
    },
    "system.task.instance.id" : {
      "prop" : "system.task.instance.id",
      "direct" : "IN",
      "type" : "VARCHAR",
      "value" : "548"
    },
    "system.workflow.definition.name" : {
      "prop" : "system.workflow.definition.name",
      "direct" : "IN",
      "type" : "VARCHAR",
      "value" : "spark"
    },
    "system.task.definition.code" : {
      "prop" : "system.task.definition.code",
      "direct" : "IN",
      "type" : "VARCHAR",
      "value" : "13210058002752"
    },
    "system.workflow.definition.code" : {
      "prop" : "system.workflow.definition.code",
      "direct" : "IN",
      "type" : "VARCHAR",
      "value" : "13201021801792"
    },
    "system.datetime" : {
      "prop" : "system.datetime",
      "direct" : "IN",
      "type" : "VARCHAR",
      "value" : "20240415094410"
    }
  },
  "taskAppId" : "275_548",
  "taskTimeout" : 2147483647,
  "workerGroup" : "default",
  "delayTime" : 0,
  "currentExecutionStatus" : "SUBMITTED_SUCCESS",
  "endTime" : 0,
  "dryRun" : 0,
  "paramsMap" : { },
  "cpuQuota" : -1,
  "memoryMax" : -1,
  "testFlag" : 0,
  "logBufferEnable" : false,
  "dispatchFailTimes" : 0
}
[INFO] 2024-04-15 09:44:10.174 +0800 - ***********************************************************************************************
[INFO] 2024-04-15 09:44:10.174 +0800 - *********************************  Load task instance plugin  *********************************
[INFO] 2024-04-15 09:44:10.174 +0800 - ***********************************************************************************************
[INFO] 2024-04-15 09:44:10.182 +0800 - Send task status RUNNING_EXECUTION master: 172.18.0.7:1234
[INFO] 2024-04-15 09:44:10.183 +0800 - TenantCode: default check successfully
[INFO] 2024-04-15 09:44:10.183 +0800 - WorkflowInstanceExecDir: /tmp/dolphinscheduler/exec/process/default/13010050770016/13201021801792_17/275/548 check successfully
[INFO] 2024-04-15 09:44:10.183 +0800 - Create TaskChannel: org.apache.dolphinscheduler.plugin.task.shell.ShellTaskChannel successfully
[INFO] 2024-04-15 09:44:10.192 +0800 - Download resources successfully: 
ResourceContext(resourceItemMap={file:/dolphinscheduler/default/resources/spark-test.py=ResourceContext.ResourceItem(resourceAbsolutePathInStorage=file:/dolphinscheduler/default/resources/spark-test.py, resourceRelativePath=spark-test.py, resourceAbsolutePathInLocal=/tmp/dolphinscheduler/exec/process/default/13010050770016/13201021801792_17/275/548/spark-test.py)})
[INFO] 2024-04-15 09:44:10.193 +0800 - Download upstream files: [] successfully
[INFO] 2024-04-15 09:44:10.194 +0800 - Task plugin instance: SHELL create successfully
[INFO] 2024-04-15 09:44:10.201 +0800 - Initialize shell task params {
  "localParams" : [ ],
  "varPool" : null,
  "rawScript" : "$SPARK_HOME/bin/spark-submit \\\n    --master spark://spark-master:7077 \\\n    --conf spark.driver.cores=1 \\\n    --conf spark.driver.memory=512M \\\n    --conf spark.executor.instances=2 \\\n    --conf spark.executor.cores=2 \\\n    --conf spark.executor.memory=1G \\\n    --name myapple spark-test.py\n",
  "resourceList" : [ {
    "id" : null,
    "resourceName" : "file:/dolphinscheduler/default/resources/spark-test.py",
    "res" : null
  } ]
}
[INFO] 2024-04-15 09:44:10.201 +0800 - Success initialized task plugin instance successfully
[INFO] 2024-04-15 09:44:10.202 +0800 - Set taskVarPool: null successfully
[INFO] 2024-04-15 09:44:10.204 +0800 - ***********************************************************************************************
[INFO] 2024-04-15 09:44:10.204 +0800 - *********************************  Execute task instance  *************************************
[INFO] 2024-04-15 09:44:10.204 +0800 - ***********************************************************************************************
[INFO] 2024-04-15 09:44:10.205 +0800 - Final Shell file is: 
[INFO] 2024-04-15 09:44:10.205 +0800 - ****************************** Script Content *****************************************************************
[INFO] 2024-04-15 09:44:10.205 +0800 - #!/bin/bash
BASEDIR=$(cd `dirname $0`; pwd)
cd $BASEDIR
export SPARK_HOME=/opt/spark-3.5.1-bin-hadoop3
export JAVA_HOME=/opt/java/openjdk
export HADOOP_CONF_DIR=/opt/hadoop-3.4.0/etc/hadoop
export PYSPARK_DRIVER_PYTHON=/bin/python3.11
$SPARK_HOME/bin/spark-submit \
    --master spark://spark-master:7077 \
    --conf spark.driver.cores=1 \
    --conf spark.driver.memory=512M \
    --conf spark.executor.instances=2 \
    --conf spark.executor.cores=2 \
    --conf spark.executor.memory=1G \
    --name myapple spark-test.py

[INFO] 2024-04-15 09:44:10.206 +0800 - ****************************** Script Content *****************************************************************
[INFO] 2024-04-15 09:44:10.206 +0800 - Executing shell command : sudo -u default -i /tmp/dolphinscheduler/exec/process/default/13010050770016/13201021801792_17/275/548/275_548.sh
[INFO] 2024-04-15 09:44:10.211 +0800 - process start, process id is: 1967
[INFO] 2024-04-15 09:44:11.211 +0800 -  -> 
	sudo: unable to change directory to /home/default: No such file or directory
[INFO] 2024-04-15 09:44:19.222 +0800 -  -> 
	24/04/15 09:44:18 INFO SparkContext: Running Spark version 3.5.1
	24/04/15 09:44:18 INFO SparkContext: OS info Linux, 6.5.0-27-generic, amd64
	24/04/15 09:44:18 INFO SparkContext: Java version 1.8.0_402
	24/04/15 09:44:18 WARN NativeCodeLoader: Unable to load native-hadoop library for your platform... using builtin-java classes where applicable
[INFO] 2024-04-15 09:44:20.224 +0800 -  -> 
	24/04/15 09:44:19 INFO ResourceUtils: ==============================================================
	24/04/15 09:44:19 INFO ResourceUtils: No custom resources configured for spark.driver.
	24/04/15 09:44:19 INFO ResourceUtils: ==============================================================
	24/04/15 09:44:19 INFO SparkContext: Submitted application: My App
	24/04/15 09:44:19 INFO ResourceProfile: Default ResourceProfile created, executor resources: Map(cores -> name: cores, amount: 2, script: , vendor: , memory -> name: memory, amount: 1024, script: , vendor: , offHeap -> name: offHeap, amount: 0, script: , vendor: ), task resources: Map(cpus -> name: cpus, amount: 1.0)
	24/04/15 09:44:19 INFO ResourceProfile: Limiting resource is cpus at 2 tasks per executor
	24/04/15 09:44:19 INFO ResourceProfileManager: Added ResourceProfile id: 0
	24/04/15 09:44:19 INFO SecurityManager: Changing view acls to: default
	24/04/15 09:44:19 INFO SecurityManager: Changing modify acls to: default
	24/04/15 09:44:19 INFO SecurityManager: Changing view acls groups to: 
	24/04/15 09:44:19 INFO SecurityManager: Changing modify acls groups to: 
	24/04/15 09:44:19 INFO SecurityManager: SecurityManager: authentication disabled; ui acls disabled; users with view permissions: default; groups with view permissions: EMPTY; users with modify permissions: default; groups with modify permissions: EMPTY
[INFO] 2024-04-15 09:44:21.227 +0800 -  -> 
	24/04/15 09:44:20 INFO Utils: Successfully started service 'sparkDriver' on port 36791.
	24/04/15 09:44:20 INFO SparkEnv: Registering MapOutputTracker
	24/04/15 09:44:20 INFO SparkEnv: Registering BlockManagerMaster
	24/04/15 09:44:20 INFO BlockManagerMasterEndpoint: Using org.apache.spark.storage.DefaultTopologyMapper for getting topology information
	24/04/15 09:44:20 INFO BlockManagerMasterEndpoint: BlockManagerMasterEndpoint up
	24/04/15 09:44:20 INFO SparkEnv: Registering BlockManagerMasterHeartbeat
	24/04/15 09:44:20 INFO DiskBlockManager: Created local directory at /tmp/blockmgr-631355a0-a01a-4342-a366-feda5467d5cb
	24/04/15 09:44:20 INFO MemoryStore: MemoryStore started with capacity 93.3 MiB
	24/04/15 09:44:21 INFO SparkEnv: Registering OutputCommitCoordinator
[INFO] 2024-04-15 09:44:22.230 +0800 -  -> 
	24/04/15 09:44:21 INFO JettyUtils: Start Jetty 0.0.0.0:4040 for SparkUI
	24/04/15 09:44:21 INFO Utils: Successfully started service 'SparkUI' on port 4040.
	24/04/15 09:44:22 INFO StandaloneAppClient$ClientEndpoint: Connecting to master spark://spark-master:7077...
[INFO] 2024-04-15 09:44:23.234 +0800 -  -> 
	24/04/15 09:44:22 INFO TransportClientFactory: Successfully created connection to spark-master/172.18.0.5:7077 after 113 ms (0 ms spent in bootstraps)
	24/04/15 09:44:22 INFO StandaloneSchedulerBackend: Connected to Spark cluster with app ID app-20240415014422-0006
	24/04/15 09:44:22 INFO StandaloneAppClient$ClientEndpoint: Executor added: app-20240415014422-0006/0 on worker-20240415002944-172.18.0.6-35429 (172.18.0.6:35429) with 2 core(s)
	24/04/15 09:44:22 INFO StandaloneSchedulerBackend: Granted executor ID app-20240415014422-0006/0 on hostPort 172.18.0.6:35429 with 2 core(s), 1024.0 MiB RAM
	24/04/15 09:44:22 INFO Utils: Successfully started service 'org.apache.spark.network.netty.NettyBlockTransferService' on port 35923.
	24/04/15 09:44:22 INFO NettyBlockTransferService: Server created on 79bef8694a77:35923
	24/04/15 09:44:22 INFO BlockManager: Using org.apache.spark.storage.RandomBlockReplicationPolicy for block replication policy
	24/04/15 09:44:22 INFO StandaloneAppClient$ClientEndpoint: Executor updated: app-20240415014422-0006/0 is now RUNNING
	24/04/15 09:44:22 INFO BlockManagerMaster: Registering BlockManager BlockManagerId(driver, 79bef8694a77, 35923, None)
	24/04/15 09:44:22 INFO BlockManagerMasterEndpoint: Registering block manager 79bef8694a77:35923 with 93.3 MiB RAM, BlockManagerId(driver, 79bef8694a77, 35923, None)
	24/04/15 09:44:22 INFO BlockManagerMaster: Registered BlockManager BlockManagerId(driver, 79bef8694a77, 35923, None)
	24/04/15 09:44:22 INFO BlockManager: Initialized BlockManager: BlockManagerId(driver, 79bef8694a77, 35923, None)
[INFO] 2024-04-15 09:44:24.238 +0800 -  -> 
	24/04/15 09:44:23 INFO StandaloneSchedulerBackend: SchedulerBackend is ready for scheduling beginning after reached minRegisteredResourcesRatio: 0.0
[INFO] 2024-04-15 09:44:27.247 +0800 -  -> 
	24/04/15 09:44:26 INFO SparkContext: Starting job: sum at /tmp/dolphinscheduler/exec/process/default/13010050770016/13201021801792_17/275/548/spark-test.py:12
	24/04/15 09:44:26 INFO DAGScheduler: Got job 0 (sum at /tmp/dolphinscheduler/exec/process/default/13010050770016/13201021801792_17/275/548/spark-test.py:12) with 2 output partitions
	24/04/15 09:44:26 INFO DAGScheduler: Final stage: ResultStage 0 (sum at /tmp/dolphinscheduler/exec/process/default/13010050770016/13201021801792_17/275/548/spark-test.py:12)
	24/04/15 09:44:26 INFO DAGScheduler: Parents of final stage: List()
	24/04/15 09:44:26 INFO DAGScheduler: Missing parents: List()
	24/04/15 09:44:26 INFO DAGScheduler: Submitting ResultStage 0 (PythonRDD[1] at sum at /tmp/dolphinscheduler/exec/process/default/13010050770016/13201021801792_17/275/548/spark-test.py:12), which has no missing parents
[INFO] 2024-04-15 09:44:28.250 +0800 -  -> 
	24/04/15 09:44:27 INFO MemoryStore: Block broadcast_0 stored as values in memory (estimated size 8.1 KiB, free 93.3 MiB)
	24/04/15 09:44:27 INFO MemoryStore: Block broadcast_0_piece0 stored as bytes in memory (estimated size 5.1 KiB, free 93.3 MiB)
	24/04/15 09:44:27 INFO BlockManagerInfo: Added broadcast_0_piece0 in memory on 79bef8694a77:35923 (size: 5.1 KiB, free: 93.3 MiB)
	24/04/15 09:44:27 INFO SparkContext: Created broadcast 0 from broadcast at DAGScheduler.scala:1585
	24/04/15 09:44:27 INFO DAGScheduler: Submitting 2 missing tasks from ResultStage 0 (PythonRDD[1] at sum at /tmp/dolphinscheduler/exec/process/default/13010050770016/13201021801792_17/275/548/spark-test.py:12) (first 15 tasks are for partitions Vector(0, 1))
	24/04/15 09:44:27 INFO TaskSchedulerImpl: Adding task set 0.0 with 2 tasks resource profile 0
[INFO] 2024-04-15 09:44:31.253 +0800 -  -> 
	24/04/15 09:44:30 INFO StandaloneSchedulerBackend$StandaloneDriverEndpoint: Registered executor NettyRpcEndpointRef(spark-client://Executor) (172.18.0.6:37642) with ID 0,  ResourceProfileId 0
	24/04/15 09:44:30 INFO BlockManagerMasterEndpoint: Registering block manager 172.18.0.6:40195 with 434.4 MiB RAM, BlockManagerId(0, 172.18.0.6, 40195, None)
	24/04/15 09:44:31 INFO TaskSetManager: Starting task 0.0 in stage 0.0 (TID 0) (172.18.0.6, executor 0, partition 0, PROCESS_LOCAL, 7599 bytes) 
	24/04/15 09:44:31 INFO TaskSetManager: Starting task 1.0 in stage 0.0 (TID 1) (172.18.0.6, executor 0, partition 1, PROCESS_LOCAL, 7599 bytes) 
[INFO] 2024-04-15 09:44:32.255 +0800 -  -> 
	24/04/15 09:44:31 INFO BlockManagerInfo: Added broadcast_0_piece0 in memory on 172.18.0.6:40195 (size: 5.1 KiB, free: 434.4 MiB)
[INFO] 2024-04-15 09:44:34.257 +0800 -  -> 
	24/04/15 09:44:33 INFO TaskSetManager: Finished task 0.0 in stage 0.0 (TID 0) in 2371 ms on 172.18.0.6 (executor 0) (1/2)
	24/04/15 09:44:33 INFO TaskSetManager: Finished task 1.0 in stage 0.0 (TID 1) in 2323 ms on 172.18.0.6 (executor 0) (2/2)
	24/04/15 09:44:33 INFO TaskSchedulerImpl: Removed TaskSet 0.0, whose tasks have all completed, from pool 
	24/04/15 09:44:33 INFO PythonAccumulatorV2: Connected to AccumulatorServer at host: 127.0.0.1 port: 34363
	24/04/15 09:44:33 INFO DAGScheduler: ResultStage 0 (sum at /tmp/dolphinscheduler/exec/process/default/13010050770016/13201021801792_17/275/548/spark-test.py:12) finished in 6.884 s
	24/04/15 09:44:33 INFO DAGScheduler: Job 0 is finished. Cancelling potential speculative or zombie tasks for this job
	24/04/15 09:44:33 INFO TaskSchedulerImpl: Killing all running tasks in stage 0: Stage finished
	24/04/15 09:44:33 INFO DAGScheduler: Job 0 finished: sum at /tmp/dolphinscheduler/exec/process/default/13010050770016/13201021801792_17/275/548/spark-test.py:12, took 7.183298 s
	THE SUM IS HERE:  4950
	24/04/15 09:44:33 INFO SparkContext: SparkContext is stopping with exitCode 0.
	24/04/15 09:44:33 INFO SparkUI: Stopped Spark web UI at http://79bef8694a77:4040
	24/04/15 09:44:33 INFO StandaloneSchedulerBackend: Shutting down all executors
	24/04/15 09:44:33 INFO StandaloneSchedulerBackend$StandaloneDriverEndpoint: Asking each executor to shut down
	24/04/15 09:44:33 INFO MapOutputTrackerMasterEndpoint: MapOutputTrackerMasterEndpoint stopped!
	24/04/15 09:44:33 INFO MemoryStore: MemoryStore cleared
	24/04/15 09:44:33 INFO BlockManager: BlockManager stopped
	24/04/15 09:44:33 INFO BlockManagerMaster: BlockManagerMaster stopped
	24/04/15 09:44:33 INFO OutputCommitCoordinator$OutputCommitCoordinatorEndpoint: OutputCommitCoordinator stopped!
	24/04/15 09:44:33 INFO SparkContext: Successfully stopped SparkContext
[INFO] 2024-04-15 09:44:35.267 +0800 -  -> 
	24/04/15 09:44:34 INFO ShutdownHookManager: Shutdown hook called
	24/04/15 09:44:34 INFO ShutdownHookManager: Deleting directory /tmp/spark-e703d07e-66f6-4b67-b5ee-3d91bbf09382
	24/04/15 09:44:34 INFO ShutdownHookManager: Deleting directory /tmp/spark-36bf9a75-c6d0-4dc9-9f9e-2b77f25a4354
	24/04/15 09:44:34 INFO ShutdownHookManager: Deleting directory /tmp/spark-e703d07e-66f6-4b67-b5ee-3d91bbf09382/pyspark-db0fbd33-4ead-465f-902f-f5a1b313391c
[INFO] 2024-04-15 09:44:35.268 +0800 - process has exited. execute path:/tmp/dolphinscheduler/exec/process/default/13010050770016/13201021801792_17/275/548, processId:1967 ,exitStatusCode:0 ,processWaitForStatus:true ,processExitValue:0
[INFO] 2024-04-15 09:44:35.270 +0800 - ***********************************************************************************************
[INFO] 2024-04-15 09:44:35.278 +0800 - *********************************  Finalize task instance  ************************************
[INFO] 2024-04-15 09:44:35.300 +0800 - ***********************************************************************************************
[INFO] 2024-04-15 09:44:35.309 +0800 - Upload output files: [] successfully
[INFO] 2024-04-15 09:44:35.333 +0800 - Send task execute status: SUCCESS to master : 172.18.0.7:1234
[INFO] 2024-04-15 09:44:35.334 +0800 - Remove the current task execute context from worker cache
[INFO] 2024-04-15 09:44:35.335 +0800 - The current execute mode isn't develop mode, will clear the task execute file: /tmp/dolphinscheduler/exec/process/default/13010050770016/13201021801792_17/275/548
[INFO] 2024-04-15 09:44:35.338 +0800 - Success clear the task execute file: /tmp/dolphinscheduler/exec/process/default/13010050770016/13201021801792_17/275/548
[INFO] 2024-04-15 09:44:35.339 +0800 - FINALIZE_SESSION
