[INFO] 2024-03-22 02:54:15.704 +0800 - ***********************************************************************************************
[INFO] 2024-03-22 02:54:15.709 +0800 - *********************************  Initialize task context  ***********************************
[INFO] 2024-03-22 02:54:15.709 +0800 - ***********************************************************************************************
[INFO] 2024-03-22 02:54:15.710 +0800 - Begin to initialize task
[INFO] 2024-03-22 02:54:15.710 +0800 - Set task startTime: 1711047255710
[INFO] 2024-03-22 02:54:15.710 +0800 - Set task appId: 69_239
[INFO] 2024-03-22 02:54:15.710 +0800 - End initialize task {
  "taskInstanceId" : 239,
  "taskName" : "show parameters",
  "firstSubmitTime" : 1711047255688,
  "startTime" : 1711047255710,
  "taskType" : "SHELL",
  "workflowInstanceHost" : "172.20.0.6:5678",
  "host" : "172.20.0.5:1234",
  "logPath" : "/opt/dolphinscheduler/logs/20240322/13003655208096/10/69/239.log",
  "processId" : 0,
  "processDefineCode" : 13003655208096,
  "processDefineVersion" : 10,
  "processInstanceId" : 69,
  "scheduleTime" : 0,
  "globalParams" : "[{\"prop\":\"num1\",\"direct\":\"IN\",\"type\":\"VARCHAR\",\"value\":\"0\"},{\"prop\":\"num2\",\"direct\":\"IN\",\"type\":\"VARCHAR\",\"value\":\"1\"}]",
  "executorId" : 1,
  "cmdTypeIfComplement" : 0,
  "tenantCode" : "default",
  "processDefineId" : 0,
  "projectId" : 0,
  "projectCode" : 13001194483488,
  "taskParams" : "{\"localParams\":[],\"rawScript\":\"#!/bin/bash\\n\\necho \\\"${num1}\\\"\\necho \\\"${num2}\\\"\\n\",\"resourceList\":[]}",
  "prepareParamsMap" : {
    "system.task.definition.name" : {
      "prop" : "system.task.definition.name",
      "direct" : "IN",
      "type" : "VARCHAR",
      "value" : "show parameters"
    },
    "system.project.name" : {
      "prop" : "system.project.name",
      "direct" : "IN",
      "type" : "VARCHAR",
      "value" : null
    },
    "system.biz.curdate" : {
      "prop" : "system.biz.curdate",
      "direct" : "IN",
      "type" : "VARCHAR",
      "value" : "20240322"
    },
    "system.task.instance.id" : {
      "prop" : "system.task.instance.id",
      "direct" : "IN",
      "type" : "VARCHAR",
      "value" : "239"
    },
    "system.task.definition.code" : {
      "prop" : "system.task.definition.code",
      "direct" : "IN",
      "type" : "VARCHAR",
      "value" : "13003648543392"
    },
    "system.datetime" : {
      "prop" : "system.datetime",
      "direct" : "IN",
      "type" : "VARCHAR",
      "value" : "20240322025415"
    },
    "system.project.code" : {
      "prop" : "system.project.code",
      "direct" : "IN",
      "type" : "VARCHAR",
      "value" : "13001194483488"
    },
    "system.workflow.instance.id" : {
      "prop" : "system.workflow.instance.id",
      "direct" : "IN",
      "type" : "VARCHAR",
      "value" : "69"
    },
    "num1" : {
      "prop" : "num1",
      "direct" : "IN",
      "type" : "VARCHAR",
      "value" : "0"
    },
    "system.biz.date" : {
      "prop" : "system.biz.date",
      "direct" : "IN",
      "type" : "VARCHAR",
      "value" : "20240321"
    },
    "system.workflow.definition.name" : {
      "prop" : "system.workflow.definition.name",
      "direct" : "IN",
      "type" : "VARCHAR",
      "value" : "dynamic_task_subprocess"
    },
    "system.workflow.definition.code" : {
      "prop" : "system.workflow.definition.code",
      "direct" : "IN",
      "type" : "VARCHAR",
      "value" : "13003655208096"
    },
    "num2" : {
      "prop" : "num2",
      "direct" : "IN",
      "type" : "VARCHAR",
      "value" : "1"
    }
  },
  "taskAppId" : "69_239",
  "taskTimeout" : 2147483647,
  "workerGroup" : "default",
  "delayTime" : 0,
  "currentExecutionStatus" : "SUBMITTED_SUCCESS",
  "endTime" : 0,
  "dryRun" : 0,
  "paramsMap" : { },
  "cpuQuota" : -1,
  "memoryMax" : -1,
  "testFlag" : 0,
  "logBufferEnable" : false,
  "dispatchFailTimes" : 0
}
[INFO] 2024-03-22 02:54:15.711 +0800 - ***********************************************************************************************
[INFO] 2024-03-22 02:54:15.711 +0800 - *********************************  Load task instance plugin  *********************************
[INFO] 2024-03-22 02:54:15.711 +0800 - ***********************************************************************************************
[INFO] 2024-03-22 02:54:15.723 +0800 - Send task status RUNNING_EXECUTION master: 172.20.0.5:1234
[INFO] 2024-03-22 02:54:15.724 +0800 - TenantCode: default check successfully
[INFO] 2024-03-22 02:54:15.725 +0800 - WorkflowInstanceExecDir: /tmp/dolphinscheduler/exec/process/default/13001194483488/13003655208096_10/69/239 check successfully
[INFO] 2024-03-22 02:54:15.725 +0800 - Create TaskChannel: org.apache.dolphinscheduler.plugin.task.shell.ShellTaskChannel successfully
[INFO] 2024-03-22 02:54:15.725 +0800 - Download resources successfully: 
ResourceContext(resourceItemMap={})
[INFO] 2024-03-22 02:54:15.725 +0800 - Download upstream files: [] successfully
[INFO] 2024-03-22 02:54:15.729 +0800 - Task plugin instance: SHELL create successfully
[INFO] 2024-03-22 02:54:15.730 +0800 - Initialize shell task params {
  "localParams" : [ ],
  "varPool" : null,
  "rawScript" : "#!/bin/bash\n\necho \"${num1}\"\necho \"${num2}\"\n",
  "resourceList" : [ ]
}
[INFO] 2024-03-22 02:54:15.730 +0800 - Success initialized task plugin instance successfully
[INFO] 2024-03-22 02:54:15.730 +0800 - Set taskVarPool: null successfully
[INFO] 2024-03-22 02:54:15.730 +0800 - ***********************************************************************************************
[INFO] 2024-03-22 02:54:15.731 +0800 - *********************************  Execute task instance  *************************************
[INFO] 2024-03-22 02:54:15.731 +0800 - ***********************************************************************************************
[INFO] 2024-03-22 02:54:15.732 +0800 - Final Shell file is: 
[INFO] 2024-03-22 02:54:15.732 +0800 - ****************************** Script Content *****************************************************************
[INFO] 2024-03-22 02:54:15.733 +0800 - #!/bin/bash
BASEDIR=$(cd `dirname $0`; pwd)
cd $BASEDIR
#!/bin/bash

echo "0"
echo "1"

[INFO] 2024-03-22 02:54:15.733 +0800 - ****************************** Script Content *****************************************************************
[INFO] 2024-03-22 02:54:15.733 +0800 - Executing shell command : sudo -u default -i /tmp/dolphinscheduler/exec/process/default/13001194483488/13003655208096_10/69/239/69_239.sh
[INFO] 2024-03-22 02:54:15.791 +0800 -  -> 
	sudo: unable to change directory to /home/default: No such file or directory
[INFO] 2024-03-22 02:54:15.814 +0800 - process start, process id is: 5951
[INFO] 2024-03-22 02:54:16.821 +0800 -  -> 
	0
	1
[INFO] 2024-03-22 02:54:16.822 +0800 - process has exited. execute path:/tmp/dolphinscheduler/exec/process/default/13001194483488/13003655208096_10/69/239, processId:5951 ,exitStatusCode:0 ,processWaitForStatus:true ,processExitValue:0
[INFO] 2024-03-22 02:54:16.824 +0800 - ***********************************************************************************************
[INFO] 2024-03-22 02:54:16.825 +0800 - *********************************  Finalize task instance  ************************************
[INFO] 2024-03-22 02:54:16.825 +0800 - ***********************************************************************************************
[INFO] 2024-03-22 02:54:16.825 +0800 - Upload output files: [] successfully
[INFO] 2024-03-22 02:54:16.829 +0800 - Send task execute status: SUCCESS to master : 172.20.0.5:1234
[INFO] 2024-03-22 02:54:16.829 +0800 - Remove the current task execute context from worker cache
[INFO] 2024-03-22 02:54:16.829 +0800 - The current execute mode isn't develop mode, will clear the task execute file: /tmp/dolphinscheduler/exec/process/default/13001194483488/13003655208096_10/69/239
[INFO] 2024-03-22 02:54:16.830 +0800 - Success clear the task execute file: /tmp/dolphinscheduler/exec/process/default/13001194483488/13003655208096_10/69/239
[INFO] 2024-03-22 02:54:16.830 +0800 - FINALIZE_SESSION
