[INFO] 2024-03-21 20:03:48.192 +0800 - ***********************************************************************************************
[INFO] 2024-03-21 20:03:48.230 +0800 - *********************************  Initialize task context  ***********************************
[INFO] 2024-03-21 20:03:48.236 +0800 - ***********************************************************************************************
[INFO] 2024-03-21 20:03:48.237 +0800 - Begin to initialize task
[INFO] 2024-03-21 20:03:48.237 +0800 - Set task startTime: 1711022628237
[INFO] 2024-03-21 20:03:48.249 +0800 - Set task appId: 24_118
[INFO] 2024-03-21 20:03:48.265 +0800 - End initialize task {
  "taskInstanceId" : 118,
  "taskName" : "num_gen_2",
  "firstSubmitTime" : 1711022626286,
  "startTime" : 1711022628237,
  "taskType" : "SHELL",
  "workflowInstanceHost" : "172.20.0.6:5678",
  "host" : "172.20.0.5:1234",
  "logPath" : "/opt/dolphinscheduler/logs/20240321/13001314456096/21/24/118.log",
  "processId" : 0,
  "processDefineCode" : 13001314456096,
  "processDefineVersion" : 21,
  "processInstanceId" : 24,
  "scheduleTime" : 0,
  "executorId" : 1,
  "cmdTypeIfComplement" : 0,
  "tenantCode" : "default",
  "processDefineId" : 0,
  "projectId" : 0,
  "projectCode" : 13001194483488,
  "taskParams" : "{\"localParams\":[{\"prop\":\"num2\",\"direct\":\"OUT\",\"type\":\"INTEGER\",\"value\":\"\"}],\"rawScript\":\"#!/bin/bash\\n\\n# Generate a random number between 0 and 1\\nrandom_number=$((RANDOM % 2))\\n\\necho \\\"Random number: ${random_number}\\\"\\necho \\\"#{setValue(num2=${random_number})}\\\"\",\"resourceList\":[]}",
  "prepareParamsMap" : {
    "system.task.definition.name" : {
      "prop" : "system.task.definition.name",
      "direct" : "IN",
      "type" : "VARCHAR",
      "value" : "num_gen_2"
    },
    "system.project.name" : {
      "prop" : "system.project.name",
      "direct" : "IN",
      "type" : "VARCHAR",
      "value" : null
    },
    "system.project.code" : {
      "prop" : "system.project.code",
      "direct" : "IN",
      "type" : "VARCHAR",
      "value" : "13001194483488"
    },
    "system.workflow.instance.id" : {
      "prop" : "system.workflow.instance.id",
      "direct" : "IN",
      "type" : "VARCHAR",
      "value" : "24"
    },
    "system.biz.curdate" : {
      "prop" : "system.biz.curdate",
      "direct" : "IN",
      "type" : "VARCHAR",
      "value" : "20240321"
    },
    "system.biz.date" : {
      "prop" : "system.biz.date",
      "direct" : "IN",
      "type" : "VARCHAR",
      "value" : "20240320"
    },
    "system.task.instance.id" : {
      "prop" : "system.task.instance.id",
      "direct" : "IN",
      "type" : "VARCHAR",
      "value" : "118"
    },
    "system.workflow.definition.name" : {
      "prop" : "system.workflow.definition.name",
      "direct" : "IN",
      "type" : "VARCHAR",
      "value" : "random_numbers_generator"
    },
    "system.task.definition.code" : {
      "prop" : "system.task.definition.code",
      "direct" : "IN",
      "type" : "VARCHAR",
      "value" : "13001319154336"
    },
    "system.workflow.definition.code" : {
      "prop" : "system.workflow.definition.code",
      "direct" : "IN",
      "type" : "VARCHAR",
      "value" : "13001314456096"
    },
    "system.datetime" : {
      "prop" : "system.datetime",
      "direct" : "IN",
      "type" : "VARCHAR",
      "value" : "20240321200346"
    }
  },
  "taskAppId" : "24_118",
  "taskTimeout" : 2147483647,
  "workerGroup" : "default",
  "delayTime" : 0,
  "currentExecutionStatus" : "SUBMITTED_SUCCESS",
  "endTime" : 0,
  "dryRun" : 0,
  "paramsMap" : { },
  "cpuQuota" : -1,
  "memoryMax" : -1,
  "testFlag" : 0,
  "logBufferEnable" : false,
  "dispatchFailTimes" : 0
}
[INFO] 2024-03-21 20:03:48.312 +0800 - ***********************************************************************************************
[INFO] 2024-03-21 20:03:48.319 +0800 - *********************************  Load task instance plugin  *********************************
[INFO] 2024-03-21 20:03:48.320 +0800 - ***********************************************************************************************
[INFO] 2024-03-21 20:03:48.973 +0800 - Send task status RUNNING_EXECUTION master: 172.20.0.5:1234
[INFO] 2024-03-21 20:03:49.131 +0800 - create linux os user: default
[INFO] 2024-03-21 20:03:49.132 +0800 - execute cmd: sudo useradd -g root
 default
[INFO] 2024-03-21 20:03:49.532 +0800 - create user default success
[INFO] 2024-03-21 20:03:49.534 +0800 - TenantCode: default check successfully
[INFO] 2024-03-21 20:03:49.617 +0800 - WorkflowInstanceExecDir: /tmp/dolphinscheduler/exec/process/default/13001194483488/13001314456096_21/24/118 check successfully
[INFO] 2024-03-21 20:03:49.630 +0800 - Create TaskChannel: org.apache.dolphinscheduler.plugin.task.shell.ShellTaskChannel successfully
[INFO] 2024-03-21 20:03:49.713 +0800 - Download resources successfully: 
ResourceContext(resourceItemMap={})
[INFO] 2024-03-21 20:03:49.826 +0800 - Download upstream files: [] successfully
[INFO] 2024-03-21 20:03:49.856 +0800 - Task plugin instance: SHELL create successfully
[INFO] 2024-03-21 20:03:49.862 +0800 - Initialize shell task params {
  "localParams" : [ {
    "prop" : "num2",
    "direct" : "OUT",
    "type" : "INTEGER",
    "value" : ""
  } ],
  "varPool" : null,
  "rawScript" : "#!/bin/bash\n\n# Generate a random number between 0 and 1\nrandom_number=$((RANDOM % 2))\n\necho \"Random number: ${random_number}\"\necho \"#{setValue(num2=${random_number})}\"",
  "resourceList" : [ ]
}
[INFO] 2024-03-21 20:03:49.864 +0800 - Success initialized task plugin instance successfully
[INFO] 2024-03-21 20:03:49.864 +0800 - Set taskVarPool: null successfully
[INFO] 2024-03-21 20:03:49.889 +0800 - ***********************************************************************************************
[INFO] 2024-03-21 20:03:49.890 +0800 - *********************************  Execute task instance  *************************************
[INFO] 2024-03-21 20:03:49.890 +0800 - ***********************************************************************************************
[INFO] 2024-03-21 20:03:49.971 +0800 - Final Shell file is: 
[INFO] 2024-03-21 20:03:49.975 +0800 - ****************************** Script Content *****************************************************************
[INFO] 2024-03-21 20:03:49.976 +0800 - #!/bin/bash
BASEDIR=$(cd `dirname $0`; pwd)
cd $BASEDIR
#!/bin/bash

# Generate a random number between 0 and 1
random_number=$((RANDOM % 2))

echo "Random number: ${random_number}"
echo "#{setValue(num2=${random_number})}"
[INFO] 2024-03-21 20:03:49.976 +0800 - ****************************** Script Content *****************************************************************
[INFO] 2024-03-21 20:03:49.989 +0800 - Executing shell command : sudo -u default -i /tmp/dolphinscheduler/exec/process/default/13001194483488/13001314456096_21/24/118/24_118.sh
[INFO] 2024-03-21 20:03:50.014 +0800 - process start, process id is: 131
[INFO] 2024-03-21 20:03:51.014 +0800 -  -> 
	sudo: unable to change directory to /home/default: No such file or directory
	Random number: 0
	#{setValue(num2=0)}
[INFO] 2024-03-21 20:03:51.031 +0800 - process has exited. execute path:/tmp/dolphinscheduler/exec/process/default/13001194483488/13001314456096_21/24/118, processId:131 ,exitStatusCode:0 ,processWaitForStatus:true ,processExitValue:0
[INFO] 2024-03-21 20:03:51.034 +0800 - ***********************************************************************************************
[INFO] 2024-03-21 20:03:51.034 +0800 - *********************************  Finalize task instance  ************************************
[INFO] 2024-03-21 20:03:51.035 +0800 - ***********************************************************************************************
[INFO] 2024-03-21 20:03:51.058 +0800 - Upload output files: [] successfully
[INFO] 2024-03-21 20:03:51.133 +0800 - Send task execute status: SUCCESS to master : 172.20.0.5:1234
[INFO] 2024-03-21 20:03:51.134 +0800 - Remove the current task execute context from worker cache
[INFO] 2024-03-21 20:03:51.134 +0800 - The current execute mode isn't develop mode, will clear the task execute file: /tmp/dolphinscheduler/exec/process/default/13001194483488/13001314456096_21/24/118
[INFO] 2024-03-21 20:03:51.232 +0800 - Success clear the task execute file: /tmp/dolphinscheduler/exec/process/default/13001194483488/13001314456096_21/24/118
[INFO] 2024-03-21 20:03:51.261 +0800 - FINALIZE_SESSION
