[INFO] 2024-04-23 16:41:38.598 +0800 - ***********************************************************************************************
[INFO] 2024-04-23 16:41:38.600 +0800 - *********************************  Initialize task context  ***********************************
[INFO] 2024-04-23 16:41:38.600 +0800 - ***********************************************************************************************
[INFO] 2024-04-23 16:41:38.600 +0800 - Begin to initialize task
[INFO] 2024-04-23 16:41:38.600 +0800 - Set task startTime: 1713861698600
[INFO] 2024-04-23 16:41:38.600 +0800 - Set task appId: 507_1236
[INFO] 2024-04-23 16:41:38.601 +0800 - End initialize task {
  "taskInstanceId" : 1236,
  "taskName" : "spark preprocessing",
  "firstSubmitTime" : 1713861698576,
  "startTime" : 1713861698600,
  "taskType" : "SHELL",
  "workflowInstanceHost" : "172.18.0.9:5678",
  "host" : "172.18.1.1:1234",
  "logPath" : "/opt/dolphinscheduler/logs/20240423/13201021801792/87/507/1236.log",
  "processId" : 0,
  "processDefineCode" : 13201021801792,
  "processDefineVersion" : 87,
  "processInstanceId" : 507,
  "scheduleTime" : 0,
  "globalParams" : "[{\"prop\":\"folder\",\"direct\":\"IN\",\"type\":\"VARCHAR\",\"value\":\"processing\"}]",
  "executorId" : 1,
  "cmdTypeIfComplement" : 0,
  "tenantCode" : "default",
  "processDefineId" : 0,
  "projectId" : 0,
  "projectCode" : 13010050770016,
  "taskParams" : "{\"localParams\":[],\"rawScript\":\"# $SPARK_HOME/bin/spark-submit \\\\\\n#     --master spark://spark-master:7077 \\\\\\n#     --conf spark.driver.cores=2 \\\\\\n#     --conf spark.driver.memory=2G \\\\\\n#     --conf spark.executor.instances=1 \\\\\\n#     --conf spark.executor.cores=2 \\\\\\n#     --conf spark.executor.memory=2G \\\\\\n#     --files ${raw_file_dir} \\\\\\n#     --name reddit_preprocessing spark_reddit_preprocessing.py\\n\\n$SPARK_HOME/bin/spark-submit \\\\\\n    --master local \\\\\\n    --files ${raw_file_dir} \\\\\\n    --name reddit_preprocessing spark_reddit_preprocessing.py\\n\",\"resourceList\":[{\"id\":null,\"resourceName\":\"file:/dolphinscheduler/default/resources/spark_reddit_preprocessing.py\",\"res\":null}]}",
  "environmentConfig" : "export SPARK_HOME=/opt/spark-3.5.1-bin-hadoop3\nexport JAVA_HOME=/opt/java/openjdk\nexport PYSPARK_DRIVER_PYTHON=/bin/python3.11\nexport PYTHON_LAUNCHER=/bin/python3.11\nexport PYSPARK_PYTHON=/bin/python3.11",
  "prepareParamsMap" : {
    "system.task.definition.name" : {
      "prop" : "system.task.definition.name",
      "direct" : "IN",
      "type" : "VARCHAR",
      "value" : "spark preprocessing"
    },
    "system.project.name" : {
      "prop" : "system.project.name",
      "direct" : "IN",
      "type" : "VARCHAR",
      "value" : null
    },
    "REDDIT_HOME" : {
      "prop" : "REDDIT_HOME",
      "direct" : "IN",
      "type" : "VARCHAR",
      "value" : "/local_storage/reddit"
    },
    "system.biz.curdate" : {
      "prop" : "system.biz.curdate",
      "direct" : "IN",
      "type" : "VARCHAR",
      "value" : "20240423"
    },
    "system.task.instance.id" : {
      "prop" : "system.task.instance.id",
      "direct" : "IN",
      "type" : "VARCHAR",
      "value" : "1236"
    },
    "system.task.definition.code" : {
      "prop" : "system.task.definition.code",
      "direct" : "IN",
      "type" : "VARCHAR",
      "value" : "13210058002752"
    },
    "system.datetime" : {
      "prop" : "system.datetime",
      "direct" : "IN",
      "type" : "VARCHAR",
      "value" : "20240423164138"
    },
    "folder" : {
      "prop" : "folder",
      "direct" : "IN",
      "type" : "VARCHAR",
      "value" : "processing"
    },
    "system.project.code" : {
      "prop" : "system.project.code",
      "direct" : "IN",
      "type" : "VARCHAR",
      "value" : "13010050770016"
    },
    "system.workflow.instance.id" : {
      "prop" : "system.workflow.instance.id",
      "direct" : "IN",
      "type" : "VARCHAR",
      "value" : "507"
    },
    "raw_file_dir" : {
      "prop" : "raw_file_dir",
      "direct" : "IN",
      "type" : "VARCHAR",
      "value" : "/local_storage/reddit/processing/500-20240423.json"
    },
    "system.biz.date" : {
      "prop" : "system.biz.date",
      "direct" : "IN",
      "type" : "VARCHAR",
      "value" : "20240422"
    },
    "system.workflow.definition.name" : {
      "prop" : "system.workflow.definition.name",
      "direct" : "IN",
      "type" : "VARCHAR",
      "value" : "preprocess_post"
    },
    "system.workflow.definition.code" : {
      "prop" : "system.workflow.definition.code",
      "direct" : "IN",
      "type" : "VARCHAR",
      "value" : "13201021801792"
    }
  },
  "taskAppId" : "507_1236",
  "taskTimeout" : 2147483647,
  "workerGroup" : "default",
  "delayTime" : 0,
  "currentExecutionStatus" : "SUBMITTED_SUCCESS",
  "endTime" : 0,
  "varPool" : "[{\"prop\":\"raw_file_dir\",\"direct\":\"IN\",\"type\":\"VARCHAR\",\"value\":\"/local_storage/reddit/processing/500-20240423.json\"}]",
  "dryRun" : 0,
  "paramsMap" : { },
  "cpuQuota" : -1,
  "memoryMax" : -1,
  "testFlag" : 0,
  "logBufferEnable" : false,
  "dispatchFailTimes" : 0
}
[INFO] 2024-04-23 16:41:38.601 +0800 - ***********************************************************************************************
[INFO] 2024-04-23 16:41:38.602 +0800 - *********************************  Load task instance plugin  *********************************
[INFO] 2024-04-23 16:41:38.602 +0800 - ***********************************************************************************************
[INFO] 2024-04-23 16:41:38.605 +0800 - Send task status RUNNING_EXECUTION master: 172.18.1.1:1234
[INFO] 2024-04-23 16:41:38.606 +0800 - TenantCode: default check successfully
[INFO] 2024-04-23 16:41:38.606 +0800 - WorkflowInstanceExecDir: /tmp/dolphinscheduler/exec/process/default/13010050770016/13201021801792_87/507/1236 check successfully
[INFO] 2024-04-23 16:41:38.606 +0800 - Create TaskChannel: org.apache.dolphinscheduler.plugin.task.shell.ShellTaskChannel successfully
[INFO] 2024-04-23 16:41:38.608 +0800 - Download resources successfully: 
ResourceContext(resourceItemMap={file:/dolphinscheduler/default/resources/spark_reddit_preprocessing.py=ResourceContext.ResourceItem(resourceAbsolutePathInStorage=file:/dolphinscheduler/default/resources/spark_reddit_preprocessing.py, resourceRelativePath=spark_reddit_preprocessing.py, resourceAbsolutePathInLocal=/tmp/dolphinscheduler/exec/process/default/13010050770016/13201021801792_87/507/1236/spark_reddit_preprocessing.py)})
[INFO] 2024-04-23 16:41:38.608 +0800 - Download upstream files: [] successfully
[INFO] 2024-04-23 16:41:38.608 +0800 - Task plugin instance: SHELL create successfully
[INFO] 2024-04-23 16:41:38.608 +0800 - Initialize shell task params {
  "localParams" : [ ],
  "varPool" : null,
  "rawScript" : "# $SPARK_HOME/bin/spark-submit \\\n#     --master spark://spark-master:7077 \\\n#     --conf spark.driver.cores=2 \\\n#     --conf spark.driver.memory=2G \\\n#     --conf spark.executor.instances=1 \\\n#     --conf spark.executor.cores=2 \\\n#     --conf spark.executor.memory=2G \\\n#     --files ${raw_file_dir} \\\n#     --name reddit_preprocessing spark_reddit_preprocessing.py\n\n$SPARK_HOME/bin/spark-submit \\\n    --master local \\\n    --files ${raw_file_dir} \\\n    --name reddit_preprocessing spark_reddit_preprocessing.py\n",
  "resourceList" : [ {
    "id" : null,
    "resourceName" : "file:/dolphinscheduler/default/resources/spark_reddit_preprocessing.py",
    "res" : null
  } ]
}
[INFO] 2024-04-23 16:41:38.608 +0800 - Success initialized task plugin instance successfully
[INFO] 2024-04-23 16:41:38.608 +0800 - Set taskVarPool: [{"prop":"raw_file_dir","direct":"IN","type":"VARCHAR","value":"/local_storage/reddit/processing/500-20240423.json"}] successfully
[INFO] 2024-04-23 16:41:38.608 +0800 - ***********************************************************************************************
[INFO] 2024-04-23 16:41:38.608 +0800 - *********************************  Execute task instance  *************************************
[INFO] 2024-04-23 16:41:38.608 +0800 - ***********************************************************************************************
[INFO] 2024-04-23 16:41:38.609 +0800 - Final Shell file is: 
[INFO] 2024-04-23 16:41:38.609 +0800 - ****************************** Script Content *****************************************************************
[INFO] 2024-04-23 16:41:38.609 +0800 - #!/bin/bash
BASEDIR=$(cd `dirname $0`; pwd)
cd $BASEDIR
export SPARK_HOME=/opt/spark-3.5.1-bin-hadoop3
export JAVA_HOME=/opt/java/openjdk
export PYSPARK_DRIVER_PYTHON=/bin/python3.11
export PYTHON_LAUNCHER=/bin/python3.11
export PYSPARK_PYTHON=/bin/python3.11
# $SPARK_HOME/bin/spark-submit \
#     --master spark://spark-master:7077 \
#     --conf spark.driver.cores=2 \
#     --conf spark.driver.memory=2G \
#     --conf spark.executor.instances=1 \
#     --conf spark.executor.cores=2 \
#     --conf spark.executor.memory=2G \
#     --files /local_storage/reddit/processing/500-20240423.json \
#     --name reddit_preprocessing spark_reddit_preprocessing.py

$SPARK_HOME/bin/spark-submit \
    --master local \
    --files /local_storage/reddit/processing/500-20240423.json \
    --name reddit_preprocessing spark_reddit_preprocessing.py

[INFO] 2024-04-23 16:41:38.609 +0800 - ****************************** Script Content *****************************************************************
[INFO] 2024-04-23 16:41:38.609 +0800 - Executing shell command : sudo -u default -i /tmp/dolphinscheduler/exec/process/default/13010050770016/13201021801792_87/507/1236/507_1236.sh
[INFO] 2024-04-23 16:41:38.612 +0800 - process start, process id is: 10405
[INFO] 2024-04-23 16:41:39.614 +0800 -  -> 
	sudo: unable to change directory to /home/default: No such file or directory
[INFO] 2024-04-23 16:41:41.621 +0800 -  -> 
	24/04/23 16:41:40 WARN NativeCodeLoader: Unable to load native-hadoop library for your platform... using builtin-java classes where applicable
[INFO] 2024-04-23 16:41:42.623 +0800 -  -> 
	24/04/23 16:41:42 INFO SparkContext: Running Spark version 3.5.1
	24/04/23 16:41:42 INFO SparkContext: OS info Linux, 6.5.0-28-generic, amd64
	24/04/23 16:41:42 INFO SparkContext: Java version 1.8.0_402
	24/04/23 16:41:42 INFO ResourceUtils: ==============================================================
	24/04/23 16:41:42 INFO ResourceUtils: No custom resources configured for spark.driver.
	24/04/23 16:41:42 INFO ResourceUtils: ==============================================================
	24/04/23 16:41:42 INFO SparkContext: Submitted application: reddit_preprocessing
[INFO] 2024-04-23 16:41:43.634 +0800 -  -> 
	24/04/23 16:41:42 INFO ResourceProfile: Default ResourceProfile created, executor resources: Map(cores -> name: cores, amount: 1, script: , vendor: , memory -> name: memory, amount: 1024, script: , vendor: , offHeap -> name: offHeap, amount: 0, script: , vendor: ), task resources: Map(cpus -> name: cpus, amount: 1.0)
	24/04/23 16:41:42 INFO ResourceProfile: Limiting resource is cpu
	24/04/23 16:41:42 INFO ResourceProfileManager: Added ResourceProfile id: 0
	24/04/23 16:41:42 INFO SecurityManager: Changing view acls to: default
	24/04/23 16:41:42 INFO SecurityManager: Changing modify acls to: default
	24/04/23 16:41:42 INFO SecurityManager: Changing view acls groups to: 
	24/04/23 16:41:42 INFO SecurityManager: Changing modify acls groups to: 
	24/04/23 16:41:42 INFO SecurityManager: SecurityManager: authentication disabled; ui acls disabled; users with view permissions: default; groups with view permissions: EMPTY; users with modify permissions: default; groups with modify permissions: EMPTY
	24/04/23 16:41:43 INFO Utils: Successfully started service 'sparkDriver' on port 46175.
[INFO] 2024-04-23 16:41:44.639 +0800 -  -> 
	24/04/23 16:41:43 INFO SparkEnv: Registering MapOutputTracker
	24/04/23 16:41:43 INFO SparkEnv: Registering BlockManagerMaster
	24/04/23 16:41:43 INFO BlockManagerMasterEndpoint: Using org.apache.spark.storage.DefaultTopologyMapper for getting topology information
	24/04/23 16:41:43 INFO BlockManagerMasterEndpoint: BlockManagerMasterEndpoint up
	24/04/23 16:41:43 INFO SparkEnv: Registering BlockManagerMasterHeartbeat
	24/04/23 16:41:43 INFO DiskBlockManager: Created local directory at /tmp/blockmgr-6b020e7b-28ad-465c-a389-7c89e1ceafa4
	24/04/23 16:41:44 INFO MemoryStore: MemoryStore started with capacity 366.3 MiB
	24/04/23 16:41:44 INFO SparkEnv: Registering OutputCommitCoordinator
	24/04/23 16:41:44 INFO JettyUtils: Start Jetty 0.0.0.0:4040 for SparkUI
	24/04/23 16:41:44 WARN Utils: Service 'SparkUI' could not bind on port 4040. Attempting port 4041.
	24/04/23 16:41:44 WARN Utils: Service 'SparkUI' could not bind on port 4041. Attempting port 4042.
[INFO] 2024-04-23 16:41:45.641 +0800 -  -> 
	24/04/23 16:41:44 INFO Utils: Successfully started service 'SparkUI' on port 4042.
	24/04/23 16:41:44 INFO SparkContext: Added file file:///local_storage/reddit/processing/500-20240423.json at file:///local_storage/reddit/processing/500-20240423.json with timestamp 1713861702333
	24/04/23 16:41:44 INFO Utils: Copying /local_storage/reddit/processing/500-20240423.json to /tmp/spark-d790c00c-e060-4f7d-b854-a30b7e903bc6/userFiles-266c054d-1256-4625-bdfd-bf8c82fda20f/500-20240423.json
	24/04/23 16:41:44 INFO Executor: Starting executor ID driver on host c0e814e3f0bd
	24/04/23 16:41:44 INFO Executor: OS info Linux, 6.5.0-28-generic, amd64
	24/04/23 16:41:44 INFO Executor: Java version 1.8.0_402
	24/04/23 16:41:44 INFO Executor: Starting executor with user classpath (userClassPathFirst = false): ''
	24/04/23 16:41:44 INFO Executor: Created or updated repl class loader org.apache.spark.util.MutableURLClassLoader@76fc1586 for default.
	24/04/23 16:41:45 INFO Executor: Fetching file:///local_storage/reddit/processing/500-20240423.json with timestamp 1713861702333
	24/04/23 16:41:45 INFO Utils: /local_storage/reddit/processing/500-20240423.json has been previously copied to /tmp/spark-d790c00c-e060-4f7d-b854-a30b7e903bc6/userFiles-266c054d-1256-4625-bdfd-bf8c82fda20f/500-20240423.json
	24/04/23 16:41:45 INFO Utils: Successfully started service 'org.apache.spark.network.netty.NettyBlockTransferService' on port 46187.
	24/04/23 16:41:45 INFO NettyBlockTransferService: Server created on c0e814e3f0bd:46187
	24/04/23 16:41:45 INFO BlockManager: Using org.apache.spark.storage.RandomBlockReplicationPolicy for block replication policy
	24/04/23 16:41:45 INFO BlockManagerMaster: Registering BlockManager BlockManagerId(driver, c0e814e3f0bd, 46187, None)
	24/04/23 16:41:45 INFO BlockManagerMasterEndpoint: Registering block manager c0e814e3f0bd:46187 with 366.3 MiB RAM, BlockManagerId(driver, c0e814e3f0bd, 46187, None)
	24/04/23 16:41:45 INFO BlockManagerMaster: Registered BlockManager BlockManagerId(driver, c0e814e3f0bd, 46187, None)
	24/04/23 16:41:45 INFO BlockManager: Initialized BlockManager: BlockManagerId(driver, c0e814e3f0bd, 46187, None)
[INFO] 2024-04-23 16:41:46.646 +0800 -  -> 
	
	
	
	 file:////tmp/spark-d790c00c-e060-4f7d-b854-a30b7e903bc6/userFiles-266c054d-1256-4625-bdfd-bf8c82fda20f/500-20240423.json 
	
	
	
[INFO] 2024-04-23 16:41:47.649 +0800 -  -> 
	24/04/23 16:41:47 INFO MemoryStore: Block broadcast_0 stored as values in memory (estimated size 345.6 KiB, free 366.0 MiB)
[INFO] 2024-04-23 16:41:48.651 +0800 -  -> 
	24/04/23 16:41:47 INFO MemoryStore: Block broadcast_0_piece0 stored as bytes in memory (estimated size 32.7 KiB, free 365.9 MiB)
	24/04/23 16:41:47 INFO BlockManagerInfo: Added broadcast_0_piece0 in memory on c0e814e3f0bd:46187 (size: 32.7 KiB, free: 366.3 MiB)
	24/04/23 16:41:47 INFO SparkContext: Created broadcast 0 from wholeTextFiles at NativeMethodAccessorImpl.java:0
	24/04/23 16:41:47 INFO SharedState: Setting hive.metastore.warehouse.dir ('null') to the value of spark.sql.warehouse.dir.
	24/04/23 16:41:48 INFO SharedState: Warehouse path is 'file:/tmp/dolphinscheduler/exec/process/default/13010050770016/13201021801792_87/507/1236/spark-warehouse'.
[INFO] 2024-04-23 16:41:55.970 +0800 -  -> 
	24/04/23 16:41:55 INFO CodeGenerator: Code generated in 540.825098 ms
[INFO] 2024-04-23 16:41:56.972 +0800 -  -> 
	24/04/23 16:41:56 INFO FileInputFormat: Total input files to process : 1
	24/04/23 16:41:56 INFO FileInputFormat: Total input files to process : 1
	24/04/23 16:41:56 INFO SparkContext: Starting job: json at NativeMethodAccessorImpl.java:0
	24/04/23 16:41:56 INFO DAGScheduler: Got job 0 (json at NativeMethodAccessorImpl.java:0) with 1 output partitions
	24/04/23 16:41:56 INFO DAGScheduler: Final stage: ResultStage 0 (json at NativeMethodAccessorImpl.java:0)
	24/04/23 16:41:56 INFO DAGScheduler: Parents of final stage: List()
	24/04/23 16:41:56 INFO DAGScheduler: Missing parents: List()
	24/04/23 16:41:56 INFO DAGScheduler: Submitting ResultStage 0 (MapPartitionsRDD[7] at json at NativeMethodAccessorImpl.java:0), which has no missing parents
	24/04/23 16:41:56 INFO MemoryStore: Block broadcast_1 stored as values in memory (estimated size 23.3 KiB, free 365.9 MiB)
	24/04/23 16:41:56 INFO MemoryStore: Block broadcast_1_piece0 stored as bytes in memory (estimated size 11.4 KiB, free 365.9 MiB)
	24/04/23 16:41:56 INFO BlockManagerInfo: Added broadcast_1_piece0 in memory on c0e814e3f0bd:46187 (size: 11.4 KiB, free: 366.3 MiB)
	24/04/23 16:41:56 INFO SparkContext: Created broadcast 1 from broadcast at DAGScheduler.scala:1585
	24/04/23 16:41:56 INFO DAGScheduler: Submitting 1 missing tasks from ResultStage 0 (MapPartitionsRDD[7] at json at NativeMethodAccessorImpl.java:0) (first 15 tasks are for partitions Vector(0))
	24/04/23 16:41:56 INFO TaskSchedulerImpl: Adding task set 0.0 with 1 tasks resource profile 0
	24/04/23 16:41:56 INFO TaskSetManager: Starting task 0.0 in stage 0.0 (TID 0) (c0e814e3f0bd, executor driver, partition 0, PROCESS_LOCAL, 8011 bytes) 
	24/04/23 16:41:56 INFO Executor: Running task 0.0 in stage 0.0 (TID 0)
[INFO] 2024-04-23 16:41:57.973 +0800 -  -> 
	24/04/23 16:41:57 INFO WholeTextFileRDD: Input split: Paths:/tmp/spark-d790c00c-e060-4f7d-b854-a30b7e903bc6/userFiles-266c054d-1256-4625-bdfd-bf8c82fda20f/500-20240423.json:0+147333
[INFO] 2024-04-23 16:42:00.024 +0800 -  -> 
	24/04/23 16:41:59 INFO CodeGenerator: Code generated in 60.854042 ms
	24/04/23 16:41:59 INFO PythonRunner: Times: total = 1219, boot = 1025, init = 175, finish = 19
	24/04/23 16:41:59 INFO Executor: Finished task 0.0 in stage 0.0 (TID 0). 2794 bytes result sent to driver
	24/04/23 16:41:59 INFO TaskSetManager: Finished task 0.0 in stage 0.0 (TID 0) in 2605 ms on c0e814e3f0bd (executor driver) (1/1)
	24/04/23 16:41:59 INFO PythonAccumulatorV2: Connected to AccumulatorServer at host: 127.0.0.1 port: 47317
	24/04/23 16:41:59 INFO TaskSchedulerImpl: Removed TaskSet 0.0, whose tasks have all completed, from pool 
	24/04/23 16:41:59 INFO DAGScheduler: ResultStage 0 (json at NativeMethodAccessorImpl.java:0) finished in 3.106 s
	24/04/23 16:41:59 INFO DAGScheduler: Job 0 is finished. Cancelling potential speculative or zombie tasks for this job
	24/04/23 16:41:59 INFO TaskSchedulerImpl: Killing all running tasks in stage 0: Stage finished
	24/04/23 16:41:59 INFO DAGScheduler: Job 0 finished: json at NativeMethodAccessorImpl.java:0, took 3.304358 s
	
	
	
	 1 
	
	
	
	
	
	
	 2 
	
	
	
[INFO] 2024-04-23 16:42:01.067 +0800 -  -> 
	
	
	
	 lol 
	
	
	
	
	
	
	 sdfsdf 
	
	
	
	24/04/23 16:42:00 INFO CodeGenerator: Code generated in 48.095013 ms
[INFO] 2024-04-23 16:42:02.088 +0800 -  -> 
	24/04/23 16:42:01 INFO CodeGenerator: Code generated in 103.848607 ms
	24/04/23 16:42:01 INFO SparkContext: Starting job: collect at /tmp/dolphinscheduler/exec/process/default/13010050770016/13201021801792_87/507/1236/spark_reddit_preprocessing.py:84
	24/04/23 16:42:01 INFO DAGScheduler: Got job 1 (collect at /tmp/dolphinscheduler/exec/process/default/13010050770016/13201021801792_87/507/1236/spark_reddit_preprocessing.py:84) with 1 output partitions
	24/04/23 16:42:01 INFO DAGScheduler: Final stage: ResultStage 1 (collect at /tmp/dolphinscheduler/exec/process/default/13010050770016/13201021801792_87/507/1236/spark_reddit_preprocessing.py:84)
	24/04/23 16:42:01 INFO DAGScheduler: Parents of final stage: List()
	24/04/23 16:42:01 INFO DAGScheduler: Missing parents: List()
	24/04/23 16:42:01 INFO DAGScheduler: Submitting ResultStage 1 (MapPartitionsRDD[19] at toJavaRDD at NativeMethodAccessorImpl.java:0), which has no missing parents
	24/04/23 16:42:01 INFO MemoryStore: Block broadcast_2 stored as values in memory (estimated size 66.7 KiB, free 365.8 MiB)
	24/04/23 16:42:01 INFO MemoryStore: Block broadcast_2_piece0 stored as bytes in memory (estimated size 27.2 KiB, free 365.8 MiB)
	24/04/23 16:42:01 INFO BlockManagerInfo: Added broadcast_2_piece0 in memory on c0e814e3f0bd:46187 (size: 27.2 KiB, free: 366.2 MiB)
	24/04/23 16:42:01 INFO SparkContext: Created broadcast 2 from broadcast at DAGScheduler.scala:1585
	24/04/23 16:42:01 INFO DAGScheduler: Submitting 1 missing tasks from ResultStage 1 (MapPartitionsRDD[19] at toJavaRDD at NativeMethodAccessorImpl.java:0) (first 15 tasks are for partitions Vector(0))
	24/04/23 16:42:01 INFO TaskSchedulerImpl: Adding task set 1.0 with 1 tasks resource profile 0
	24/04/23 16:42:01 INFO TaskSetManager: Starting task 0.0 in stage 1.0 (TID 1) (c0e814e3f0bd, executor driver, partition 0, PROCESS_LOCAL, 8011 bytes) 
	24/04/23 16:42:01 INFO Executor: Running task 0.0 in stage 1.0 (TID 1)
	24/04/23 16:42:01 INFO WholeTextFileRDD: Input split: Paths:/tmp/spark-d790c00c-e060-4f7d-b854-a30b7e903bc6/userFiles-266c054d-1256-4625-bdfd-bf8c82fda20f/500-20240423.json:0+147333
[INFO] 2024-04-23 16:42:03.095 +0800 -  -> 
	24/04/23 16:42:02 INFO CodeGenerator: Code generated in 108.014551 ms
	24/04/23 16:42:02 INFO CodeGenerator: Code generated in 108.941041 ms
[INFO] 2024-04-23 16:42:04.114 +0800 -  -> 
	24/04/23 16:42:04 INFO CodeGenerator: Code generated in 41.961326 ms
	24/04/23 16:42:04 INFO CodeGenerator: Code generated in 67.538021 ms
	24/04/23 16:42:04 INFO PythonRunner: Times: total = 339, boot = -2870, init = 3186, finish = 23
[INFO] 2024-04-23 16:42:05.131 +0800 -  -> 
	24/04/23 16:42:04 INFO CodeGenerator: Code generated in 56.703158 ms
	24/04/23 16:42:04 INFO CodeGenerator: Code generated in 336.527413 ms
	24/04/23 16:42:04 INFO PythonUDFRunner: Times: total = 1628, boot = 1362, init = 263, finish = 3
	24/04/23 16:42:04 INFO Executor: Finished task 0.0 in stage 1.0 (TID 1). 135837 bytes result sent to driver
	24/04/23 16:42:05 INFO TaskSetManager: Finished task 0.0 in stage 1.0 (TID 1) in 3431 ms on c0e814e3f0bd (executor driver) (1/1)
	24/04/23 16:42:05 INFO TaskSchedulerImpl: Removed TaskSet 1.0, whose tasks have all completed, from pool 
	24/04/23 16:42:05 INFO DAGScheduler: ResultStage 1 (collect at /tmp/dolphinscheduler/exec/process/default/13010050770016/13201021801792_87/507/1236/spark_reddit_preprocessing.py:84) finished in 3.499 s
	24/04/23 16:42:05 INFO DAGScheduler: Job 1 is finished. Cancelling potential speculative or zombie tasks for this job
	24/04/23 16:42:05 INFO TaskSchedulerImpl: Killing all running tasks in stage 1: Stage finished
	24/04/23 16:42:05 INFO DAGScheduler: Job 1 finished: collect at /tmp/dolphinscheduler/exec/process/default/13010050770016/13201021801792_87/507/1236/spark_reddit_preprocessing.py:84, took 3.534571 s
[INFO] 2024-04-23 16:42:06.133 +0800 -  -> 
	Traceback (most recent call last):
	  File "/tmp/dolphinscheduler/exec/process/default/13010050770016/13201021801792_87/507/1236/spark_reddit_preprocessing.py", line 86, in <module>
	    with open(f"/local_storage/reddit/preprocessed/preprocessed-{reddit_json_file}", "w") as file:
	         ^^^^^^^^^^^^^^^^^^^^^^^^^^^^^^^^^^^^^^^^^^^^^^^^^^^^^^^^^^^^^^^^^^^^^^^^^^^^^^^^
	IsADirectoryError: [Errno 21] Is a directory: '/local_storage/reddit/preprocessed/preprocessed-500-20240423.json'
	24/04/23 16:42:05 INFO SparkContext: Invoking stop() from shutdown hook
	24/04/23 16:42:05 INFO SparkContext: SparkContext is stopping with exitCode 0.
	24/04/23 16:42:05 INFO SparkUI: Stopped Spark web UI at http://c0e814e3f0bd:4042
	24/04/23 16:42:05 INFO MapOutputTrackerMasterEndpoint: MapOutputTrackerMasterEndpoint stopped!
	24/04/23 16:42:05 INFO MemoryStore: MemoryStore cleared
	24/04/23 16:42:05 INFO BlockManager: BlockManager stopped
	24/04/23 16:42:05 INFO BlockManagerMaster: BlockManagerMaster stopped
	24/04/23 16:42:05 INFO OutputCommitCoordinator$OutputCommitCoordinatorEndpoint: OutputCommitCoordinator stopped!
	24/04/23 16:42:05 INFO SparkContext: Successfully stopped SparkContext
	24/04/23 16:42:05 INFO ShutdownHookManager: Shutdown hook called
	24/04/23 16:42:05 INFO ShutdownHookManager: Deleting directory /tmp/spark-f174c5a4-f5a1-4161-9876-ab3a8a13f868
	24/04/23 16:42:05 INFO ShutdownHookManager: Deleting directory /tmp/spark-d790c00c-e060-4f7d-b854-a30b7e903bc6
	24/04/23 16:42:06 INFO ShutdownHookManager: Deleting directory /tmp/spark-d790c00c-e060-4f7d-b854-a30b7e903bc6/pyspark-9a6c81a5-824b-4de8-8d77-17c5dbf46ad8
[INFO] 2024-04-23 16:42:07.141 +0800 - process has exited. execute path:/tmp/dolphinscheduler/exec/process/default/13010050770016/13201021801792_87/507/1236, processId:10405 ,exitStatusCode:1 ,processWaitForStatus:true ,processExitValue:1
[INFO] 2024-04-23 16:42:07.141 +0800 - ***********************************************************************************************
[INFO] 2024-04-23 16:42:07.141 +0800 - *********************************  Finalize task instance  ************************************
[INFO] 2024-04-23 16:42:07.141 +0800 - ***********************************************************************************************
[INFO] 2024-04-23 16:42:07.141 +0800 - Upload output files: [] successfully
[INFO] 2024-04-23 16:42:07.161 +0800 - Send task execute status: FAILURE to master : 172.18.1.1:1234
[INFO] 2024-04-23 16:42:07.161 +0800 - Remove the current task execute context from worker cache
[INFO] 2024-04-23 16:42:07.162 +0800 - The current execute mode isn't develop mode, will clear the task execute file: /tmp/dolphinscheduler/exec/process/default/13010050770016/13201021801792_87/507/1236
[INFO] 2024-04-23 16:42:07.162 +0800 - Success clear the task execute file: /tmp/dolphinscheduler/exec/process/default/13010050770016/13201021801792_87/507/1236
[INFO] 2024-04-23 16:42:07.163 +0800 - FINALIZE_SESSION
