[INFO] 2024-04-25 16:30:55.354 +0800 - ***********************************************************************************************
[INFO] 2024-04-25 16:30:55.355 +0800 - *********************************  Initialize task context  ***********************************
[INFO] 2024-04-25 16:30:55.355 +0800 - ***********************************************************************************************
[INFO] 2024-04-25 16:30:55.355 +0800 - Begin to initialize task
[INFO] 2024-04-25 16:30:55.355 +0800 - Set task startTime: 1714033855355
[INFO] 2024-04-25 16:30:55.355 +0800 - Set task appId: 680_1848
[INFO] 2024-04-25 16:30:55.356 +0800 - End initialize task {
  "taskInstanceId" : 1848,
  "taskName" : "move to processing",
  "firstSubmitTime" : 1714033855329,
  "startTime" : 1714033855355,
  "taskType" : "SHELL",
  "workflowInstanceHost" : "172.18.0.9:5678",
  "host" : "172.18.1.1:1234",
  "logPath" : "/opt/dolphinscheduler/logs/20240425/13201021801792/115/680/1848.log",
  "processId" : 0,
  "processDefineCode" : 13201021801792,
  "processDefineVersion" : 115,
  "processInstanceId" : 680,
  "scheduleTime" : 0,
  "globalParams" : "[{\"prop\":\"folder\",\"direct\":\"IN\",\"type\":\"VARCHAR\",\"value\":\"processing\"}]",
  "executorId" : 1,
  "cmdTypeIfComplement" : 0,
  "tenantCode" : "default",
  "processDefineId" : 0,
  "projectId" : 0,
  "projectCode" : 13010050770016,
  "taskParams" : "{\"localParams\":[{\"prop\":\"raw_file_dir\",\"direct\":\"OUT\",\"type\":\"VARCHAR\",\"value\":\"\"}],\"rawScript\":\"# move file to the reddit processing folder\\n# but dont move it, if it already exists in the folder, for example when the selected folder to search is reddit/processing, the file may already be inside the processing folder, which will lead to an error\\nfilename=$(basename \\\"${raw_file_dir}\\\")\\nif ! grep -q \\\"${REDDIT_HOME}/processing\\\" <<< \\\"${raw_file_dir}\\\"; then\\n    mv ${raw_file_dir} ${REDDIT_HOME}/processing\\nelse\\n    echo JSON is already in processing\\nfi\\n\\n# update the raw_file_dir parameters in the scenario that the raw file gets moved to processing\\necho \\\"#{setValue(raw_file_dir=${REDDIT_HOME}/processing/${filename})}\\\"\",\"resourceList\":[]}",
  "environmentConfig" : "export PYTHON_LAUNCHER=/bin/python3.11",
  "prepareParamsMap" : {
    "system.task.definition.name" : {
      "prop" : "system.task.definition.name",
      "direct" : "IN",
      "type" : "VARCHAR",
      "value" : "move to processing"
    },
    "system.project.name" : {
      "prop" : "system.project.name",
      "direct" : "IN",
      "type" : "VARCHAR",
      "value" : null
    },
    "REDDIT_HOME" : {
      "prop" : "REDDIT_HOME",
      "direct" : "IN",
      "type" : "VARCHAR",
      "value" : "/local_storage/reddit"
    },
    "system.biz.curdate" : {
      "prop" : "system.biz.curdate",
      "direct" : "IN",
      "type" : "VARCHAR",
      "value" : "20240425"
    },
    "system.task.instance.id" : {
      "prop" : "system.task.instance.id",
      "direct" : "IN",
      "type" : "VARCHAR",
      "value" : "1848"
    },
    "system.task.definition.code" : {
      "prop" : "system.task.definition.code",
      "direct" : "IN",
      "type" : "VARCHAR",
      "value" : "13340390094208"
    },
    "system.datetime" : {
      "prop" : "system.datetime",
      "direct" : "IN",
      "type" : "VARCHAR",
      "value" : "20240425163055"
    },
    "folder" : {
      "prop" : "folder",
      "direct" : "IN",
      "type" : "VARCHAR",
      "value" : "processing"
    },
    "system.project.code" : {
      "prop" : "system.project.code",
      "direct" : "IN",
      "type" : "VARCHAR",
      "value" : "13010050770016"
    },
    "system.workflow.instance.id" : {
      "prop" : "system.workflow.instance.id",
      "direct" : "IN",
      "type" : "VARCHAR",
      "value" : "680"
    },
    "raw_file_dir" : {
      "prop" : "raw_file_dir",
      "direct" : "IN",
      "type" : "VARCHAR",
      "value" : "/local_storage/reddit/processing/676-20240425162748.json"
    },
    "system.biz.date" : {
      "prop" : "system.biz.date",
      "direct" : "IN",
      "type" : "VARCHAR",
      "value" : "20240424"
    },
    "system.workflow.definition.name" : {
      "prop" : "system.workflow.definition.name",
      "direct" : "IN",
      "type" : "VARCHAR",
      "value" : "preprocess_post"
    },
    "system.workflow.definition.code" : {
      "prop" : "system.workflow.definition.code",
      "direct" : "IN",
      "type" : "VARCHAR",
      "value" : "13201021801792"
    }
  },
  "taskAppId" : "680_1848",
  "taskTimeout" : 2147483647,
  "workerGroup" : "default",
  "delayTime" : 0,
  "currentExecutionStatus" : "SUBMITTED_SUCCESS",
  "endTime" : 0,
  "varPool" : "[{\"prop\":\"raw_file_dir\",\"direct\":\"IN\",\"type\":\"VARCHAR\",\"value\":\"/local_storage/reddit/processing/676-20240425162748.json\"}]",
  "dryRun" : 0,
  "paramsMap" : { },
  "cpuQuota" : -1,
  "memoryMax" : -1,
  "testFlag" : 0,
  "logBufferEnable" : false,
  "dispatchFailTimes" : 0
}
[INFO] 2024-04-25 16:30:55.356 +0800 - ***********************************************************************************************
[INFO] 2024-04-25 16:30:55.356 +0800 - *********************************  Load task instance plugin  *********************************
[INFO] 2024-04-25 16:30:55.356 +0800 - ***********************************************************************************************
[INFO] 2024-04-25 16:30:55.359 +0800 - Send task status RUNNING_EXECUTION master: 172.18.1.1:1234
[INFO] 2024-04-25 16:30:55.360 +0800 - TenantCode: default check successfully
[INFO] 2024-04-25 16:30:55.360 +0800 - WorkflowInstanceExecDir: /tmp/dolphinscheduler/exec/process/default/13010050770016/13201021801792_115/680/1848 check successfully
[INFO] 2024-04-25 16:30:55.360 +0800 - Create TaskChannel: org.apache.dolphinscheduler.plugin.task.shell.ShellTaskChannel successfully
[INFO] 2024-04-25 16:30:55.361 +0800 - Download resources successfully: 
ResourceContext(resourceItemMap={})
[INFO] 2024-04-25 16:30:55.361 +0800 - Download upstream files: [] successfully
[INFO] 2024-04-25 16:30:55.361 +0800 - Task plugin instance: SHELL create successfully
[INFO] 2024-04-25 16:30:55.361 +0800 - Initialize shell task params {
  "localParams" : [ {
    "prop" : "raw_file_dir",
    "direct" : "OUT",
    "type" : "VARCHAR",
    "value" : ""
  } ],
  "varPool" : null,
  "rawScript" : "# move file to the reddit processing folder\n# but dont move it, if it already exists in the folder, for example when the selected folder to search is reddit/processing, the file may already be inside the processing folder, which will lead to an error\nfilename=$(basename \"${raw_file_dir}\")\nif ! grep -q \"${REDDIT_HOME}/processing\" <<< \"${raw_file_dir}\"; then\n    mv ${raw_file_dir} ${REDDIT_HOME}/processing\nelse\n    echo JSON is already in processing\nfi\n\n# update the raw_file_dir parameters in the scenario that the raw file gets moved to processing\necho \"#{setValue(raw_file_dir=${REDDIT_HOME}/processing/${filename})}\"",
  "resourceList" : [ ]
}
[INFO] 2024-04-25 16:30:55.361 +0800 - Success initialized task plugin instance successfully
[INFO] 2024-04-25 16:30:55.361 +0800 - Set taskVarPool: [{"prop":"raw_file_dir","direct":"IN","type":"VARCHAR","value":"/local_storage/reddit/processing/676-20240425162748.json"}] successfully
[INFO] 2024-04-25 16:30:55.361 +0800 - ***********************************************************************************************
[INFO] 2024-04-25 16:30:55.361 +0800 - *********************************  Execute task instance  *************************************
[INFO] 2024-04-25 16:30:55.361 +0800 - ***********************************************************************************************
[INFO] 2024-04-25 16:30:55.362 +0800 - Final Shell file is: 
[INFO] 2024-04-25 16:30:55.362 +0800 - ****************************** Script Content *****************************************************************
[INFO] 2024-04-25 16:30:55.362 +0800 - #!/bin/bash
BASEDIR=$(cd `dirname $0`; pwd)
cd $BASEDIR
export PYTHON_LAUNCHER=/bin/python3.11
# move file to the reddit processing folder
# but dont move it, if it already exists in the folder, for example when the selected folder to search is reddit/processing, the file may already be inside the processing folder, which will lead to an error
filename=$(basename "/local_storage/reddit/processing/676-20240425162748.json")
if ! grep -q "/local_storage/reddit/processing" <<< "/local_storage/reddit/processing/676-20240425162748.json"; then
    mv /local_storage/reddit/processing/676-20240425162748.json /local_storage/reddit/processing
else
    echo JSON is already in processing
fi

# update the raw_file_dir parameters in the scenario that the raw file gets moved to processing
echo "#{setValue(raw_file_dir=/local_storage/reddit/processing/${filename})}"
[INFO] 2024-04-25 16:30:55.362 +0800 - ****************************** Script Content *****************************************************************
[INFO] 2024-04-25 16:30:55.363 +0800 - Executing shell command : sudo -u default -i /tmp/dolphinscheduler/exec/process/default/13010050770016/13201021801792_115/680/1848/680_1848.sh
[INFO] 2024-04-25 16:30:55.367 +0800 - process start, process id is: 7243
[INFO] 2024-04-25 16:30:56.371 +0800 -  -> 
	sudo: unable to change directory to /home/default: No such file or directory
	JSON is already in processing
	#{setValue(raw_file_dir=/local_storage/reddit/processing/676-20240425162748.json)}
[INFO] 2024-04-25 16:30:56.372 +0800 - process has exited. execute path:/tmp/dolphinscheduler/exec/process/default/13010050770016/13201021801792_115/680/1848, processId:7243 ,exitStatusCode:0 ,processWaitForStatus:true ,processExitValue:0
[INFO] 2024-04-25 16:30:56.373 +0800 - ***********************************************************************************************
[INFO] 2024-04-25 16:30:56.373 +0800 - *********************************  Finalize task instance  ************************************
[INFO] 2024-04-25 16:30:56.373 +0800 - ***********************************************************************************************
[INFO] 2024-04-25 16:30:56.375 +0800 - Upload output files: [] successfully
[INFO] 2024-04-25 16:30:56.377 +0800 - Send task execute status: SUCCESS to master : 172.18.1.1:1234
[INFO] 2024-04-25 16:30:56.377 +0800 - Remove the current task execute context from worker cache
[INFO] 2024-04-25 16:30:56.378 +0800 - The current execute mode isn't develop mode, will clear the task execute file: /tmp/dolphinscheduler/exec/process/default/13010050770016/13201021801792_115/680/1848
[INFO] 2024-04-25 16:30:56.379 +0800 - Success clear the task execute file: /tmp/dolphinscheduler/exec/process/default/13010050770016/13201021801792_115/680/1848
[INFO] 2024-04-25 16:30:56.379 +0800 - FINALIZE_SESSION
