[INFO] 2024-04-25 16:30:57.367 +0800 - ***********************************************************************************************
[INFO] 2024-04-25 16:30:57.368 +0800 - *********************************  Initialize task context  ***********************************
[INFO] 2024-04-25 16:30:57.368 +0800 - ***********************************************************************************************
[INFO] 2024-04-25 16:30:57.368 +0800 - Begin to initialize task
[INFO] 2024-04-25 16:30:57.368 +0800 - Set task startTime: 1714033857368
[INFO] 2024-04-25 16:30:57.368 +0800 - Set task appId: 680_1849
[INFO] 2024-04-25 16:30:57.369 +0800 - End initialize task {
  "taskInstanceId" : 1849,
  "taskName" : "preprocessing and kafka",
  "firstSubmitTime" : 1714033857360,
  "startTime" : 1714033857368,
  "taskType" : "SHELL",
  "workflowInstanceHost" : "172.18.0.9:5678",
  "host" : "172.18.1.1:1234",
  "logPath" : "/opt/dolphinscheduler/logs/20240425/13201021801792/115/680/1849.log",
  "processId" : 0,
  "processDefineCode" : 13201021801792,
  "processDefineVersion" : 115,
  "processInstanceId" : 680,
  "scheduleTime" : 0,
  "globalParams" : "[{\"prop\":\"folder\",\"direct\":\"IN\",\"type\":\"VARCHAR\",\"value\":\"processing\"}]",
  "executorId" : 1,
  "cmdTypeIfComplement" : 0,
  "tenantCode" : "default",
  "processDefineId" : 0,
  "projectId" : 0,
  "projectCode" : 13010050770016,
  "taskParams" : "{\"localParams\":[],\"rawScript\":\"$SPARK_HOME/bin/spark-submit \\\\\\n    --master local \\\\\\n    --deploy-mode client \\\\\\n    --conf spark.driver.cores=1 \\\\\\n    --conf spark.driver.memory=1G \\\\\\n    --conf spark.executor.instances=1 \\\\\\n    --conf spark.executor.cores=1 \\\\\\n    --conf spark.executor.memory=1G \\\\\\n    --name reddit_preprocessing \\\\\\n    --files ${raw_file_dir} \\\\\\n    --packages org.apache.spark:spark-sql-kafka-0-10_2.13:3.5.1 \\\\\\n    --conf spark.driver.extraJavaOptions=\\\"-Divy.cache.dir=/tmp -Divy.home=/tmp\\\" \\\\\\n    spark_reddit_preprocessing.py\\n\\n#     --jars spark_packages/spark-sql-kafka-0-10_2.13-3.5.1.jar \\\\\",\"resourceList\":[{\"id\":null,\"resourceName\":\"file:/dolphinscheduler/default/resources/spark_reddit_preprocessing.py\",\"res\":null}]}",
  "environmentConfig" : "export SPARK_HOME=/opt/spark-3.5.1-bin-hadoop3\nexport JAVA_HOME=/opt/java/openjdk\nexport PYSPARK_DRIVER_PYTHON=/bin/python3.11\nexport PYSPARK_PYTHON=/bin/python3.11",
  "prepareParamsMap" : {
    "system.task.definition.name" : {
      "prop" : "system.task.definition.name",
      "direct" : "IN",
      "type" : "VARCHAR",
      "value" : "preprocessing and kafka"
    },
    "system.project.name" : {
      "prop" : "system.project.name",
      "direct" : "IN",
      "type" : "VARCHAR",
      "value" : null
    },
    "REDDIT_HOME" : {
      "prop" : "REDDIT_HOME",
      "direct" : "IN",
      "type" : "VARCHAR",
      "value" : "/local_storage/reddit"
    },
    "system.biz.curdate" : {
      "prop" : "system.biz.curdate",
      "direct" : "IN",
      "type" : "VARCHAR",
      "value" : "20240425"
    },
    "system.task.instance.id" : {
      "prop" : "system.task.instance.id",
      "direct" : "IN",
      "type" : "VARCHAR",
      "value" : "1849"
    },
    "system.task.definition.code" : {
      "prop" : "system.task.definition.code",
      "direct" : "IN",
      "type" : "VARCHAR",
      "value" : "13210058002752"
    },
    "system.datetime" : {
      "prop" : "system.datetime",
      "direct" : "IN",
      "type" : "VARCHAR",
      "value" : "20240425163057"
    },
    "folder" : {
      "prop" : "folder",
      "direct" : "IN",
      "type" : "VARCHAR",
      "value" : "processing"
    },
    "system.project.code" : {
      "prop" : "system.project.code",
      "direct" : "IN",
      "type" : "VARCHAR",
      "value" : "13010050770016"
    },
    "system.workflow.instance.id" : {
      "prop" : "system.workflow.instance.id",
      "direct" : "IN",
      "type" : "VARCHAR",
      "value" : "680"
    },
    "raw_file_dir" : {
      "prop" : "raw_file_dir",
      "direct" : "IN",
      "type" : "VARCHAR",
      "value" : "/local_storage/reddit/processing/676-20240425162748.json"
    },
    "system.biz.date" : {
      "prop" : "system.biz.date",
      "direct" : "IN",
      "type" : "VARCHAR",
      "value" : "20240424"
    },
    "system.workflow.definition.name" : {
      "prop" : "system.workflow.definition.name",
      "direct" : "IN",
      "type" : "VARCHAR",
      "value" : "preprocess_post"
    },
    "system.workflow.definition.code" : {
      "prop" : "system.workflow.definition.code",
      "direct" : "IN",
      "type" : "VARCHAR",
      "value" : "13201021801792"
    }
  },
  "taskAppId" : "680_1849",
  "taskTimeout" : 2147483647,
  "workerGroup" : "default",
  "delayTime" : 0,
  "currentExecutionStatus" : "SUBMITTED_SUCCESS",
  "endTime" : 0,
  "varPool" : "[{\"prop\":\"raw_file_dir\",\"direct\":\"IN\",\"type\":\"VARCHAR\",\"value\":\"/local_storage/reddit/processing/676-20240425162748.json\"}]",
  "dryRun" : 0,
  "paramsMap" : { },
  "cpuQuota" : -1,
  "memoryMax" : -1,
  "testFlag" : 0,
  "logBufferEnable" : false,
  "dispatchFailTimes" : 0
}
[INFO] 2024-04-25 16:30:57.369 +0800 - ***********************************************************************************************
[INFO] 2024-04-25 16:30:57.369 +0800 - *********************************  Load task instance plugin  *********************************
[INFO] 2024-04-25 16:30:57.369 +0800 - ***********************************************************************************************
[INFO] 2024-04-25 16:30:57.371 +0800 - Send task status RUNNING_EXECUTION master: 172.18.1.1:1234
[INFO] 2024-04-25 16:30:57.371 +0800 - TenantCode: default check successfully
[INFO] 2024-04-25 16:30:57.372 +0800 - WorkflowInstanceExecDir: /tmp/dolphinscheduler/exec/process/default/13010050770016/13201021801792_115/680/1849 check successfully
[INFO] 2024-04-25 16:30:57.372 +0800 - Create TaskChannel: org.apache.dolphinscheduler.plugin.task.shell.ShellTaskChannel successfully
[INFO] 2024-04-25 16:30:57.400 +0800 - Download resources successfully: 
ResourceContext(resourceItemMap={file:/dolphinscheduler/default/resources/spark_reddit_preprocessing.py=ResourceContext.ResourceItem(resourceAbsolutePathInStorage=file:/dolphinscheduler/default/resources/spark_reddit_preprocessing.py, resourceRelativePath=spark_reddit_preprocessing.py, resourceAbsolutePathInLocal=/tmp/dolphinscheduler/exec/process/default/13010050770016/13201021801792_115/680/1849/spark_reddit_preprocessing.py)})
[INFO] 2024-04-25 16:30:57.400 +0800 - Download upstream files: [] successfully
[INFO] 2024-04-25 16:30:57.401 +0800 - Task plugin instance: SHELL create successfully
[INFO] 2024-04-25 16:30:57.401 +0800 - Initialize shell task params {
  "localParams" : [ ],
  "varPool" : null,
  "rawScript" : "$SPARK_HOME/bin/spark-submit \\\n    --master local \\\n    --deploy-mode client \\\n    --conf spark.driver.cores=1 \\\n    --conf spark.driver.memory=1G \\\n    --conf spark.executor.instances=1 \\\n    --conf spark.executor.cores=1 \\\n    --conf spark.executor.memory=1G \\\n    --name reddit_preprocessing \\\n    --files ${raw_file_dir} \\\n    --packages org.apache.spark:spark-sql-kafka-0-10_2.13:3.5.1 \\\n    --conf spark.driver.extraJavaOptions=\"-Divy.cache.dir=/tmp -Divy.home=/tmp\" \\\n    spark_reddit_preprocessing.py\n\n#     --jars spark_packages/spark-sql-kafka-0-10_2.13-3.5.1.jar \\",
  "resourceList" : [ {
    "id" : null,
    "resourceName" : "file:/dolphinscheduler/default/resources/spark_reddit_preprocessing.py",
    "res" : null
  } ]
}
[INFO] 2024-04-25 16:30:57.401 +0800 - Success initialized task plugin instance successfully
[INFO] 2024-04-25 16:30:57.401 +0800 - Set taskVarPool: [{"prop":"raw_file_dir","direct":"IN","type":"VARCHAR","value":"/local_storage/reddit/processing/676-20240425162748.json"}] successfully
[INFO] 2024-04-25 16:30:57.401 +0800 - ***********************************************************************************************
[INFO] 2024-04-25 16:30:57.401 +0800 - *********************************  Execute task instance  *************************************
[INFO] 2024-04-25 16:30:57.401 +0800 - ***********************************************************************************************
[INFO] 2024-04-25 16:30:57.402 +0800 - Final Shell file is: 
[INFO] 2024-04-25 16:30:57.402 +0800 - ****************************** Script Content *****************************************************************
[INFO] 2024-04-25 16:30:57.402 +0800 - #!/bin/bash
BASEDIR=$(cd `dirname $0`; pwd)
cd $BASEDIR
export SPARK_HOME=/opt/spark-3.5.1-bin-hadoop3
export JAVA_HOME=/opt/java/openjdk
export PYSPARK_DRIVER_PYTHON=/bin/python3.11
export PYSPARK_PYTHON=/bin/python3.11
$SPARK_HOME/bin/spark-submit \
    --master local \
    --deploy-mode client \
    --conf spark.driver.cores=1 \
    --conf spark.driver.memory=1G \
    --conf spark.executor.instances=1 \
    --conf spark.executor.cores=1 \
    --conf spark.executor.memory=1G \
    --name reddit_preprocessing \
    --files /local_storage/reddit/processing/676-20240425162748.json \
    --packages org.apache.spark:spark-sql-kafka-0-10_2.13:3.5.1 \
    --conf spark.driver.extraJavaOptions="-Divy.cache.dir=/tmp -Divy.home=/tmp" \
    spark_reddit_preprocessing.py

#     --jars spark_packages/spark-sql-kafka-0-10_2.13-3.5.1.jar \
[INFO] 2024-04-25 16:30:57.402 +0800 - ****************************** Script Content *****************************************************************
[INFO] 2024-04-25 16:30:57.402 +0800 - Executing shell command : sudo -u default -i /tmp/dolphinscheduler/exec/process/default/13010050770016/13201021801792_115/680/1849/680_1849.sh
[INFO] 2024-04-25 16:30:57.406 +0800 - process start, process id is: 7255
[INFO] 2024-04-25 16:30:58.407 +0800 -  -> 
	sudo: unable to change directory to /home/default: No such file or directory
[INFO] 2024-04-25 16:31:00.416 +0800 -  -> 
	:: loading settings :: url = jar:file:/opt/spark-3.5.1-bin-hadoop3/jars/ivy-2.5.1.jar!/org/apache/ivy/core/settings/ivysettings.xml
	Ivy Default Cache set to: /tmp
	The jars for the packages stored in: /tmp/jars
	org.apache.spark#spark-sql-kafka-0-10_2.13 added as a dependency
	:: resolving dependencies :: org.apache.spark#spark-submit-parent-64746250-eea1-41d9-91e4-af9f2456ca4c;1.0
		confs: [default]
		found org.apache.spark#spark-sql-kafka-0-10_2.13;3.5.1 in central
		found org.apache.spark#spark-token-provider-kafka-0-10_2.13;3.5.1 in central
		found org.apache.kafka#kafka-clients;3.4.1 in central
[INFO] 2024-04-25 16:31:01.420 +0800 -  -> 
		found org.lz4#lz4-java;1.8.0 in central
		found org.xerial.snappy#snappy-java;1.1.10.3 in central
		found org.slf4j#slf4j-api;2.0.7 in central
		found org.apache.hadoop#hadoop-client-runtime;3.3.4 in central
		found org.apache.hadoop#hadoop-client-api;3.3.4 in central
		found commons-logging#commons-logging;1.1.3 in central
		found com.google.code.findbugs#jsr305;3.0.0 in central
		found org.scala-lang.modules#scala-parallel-collections_2.13;1.0.4 in central
		found org.apache.commons#commons-pool2;2.11.1 in central
	:: resolution report :: resolve 815ms :: artifacts dl 21ms
		:: modules in use:
		com.google.code.findbugs#jsr305;3.0.0 from central in [default]
		commons-logging#commons-logging;1.1.3 from central in [default]
		org.apache.commons#commons-pool2;2.11.1 from central in [default]
		org.apache.hadoop#hadoop-client-api;3.3.4 from central in [default]
		org.apache.hadoop#hadoop-client-runtime;3.3.4 from central in [default]
		org.apache.kafka#kafka-clients;3.4.1 from central in [default]
		org.apache.spark#spark-sql-kafka-0-10_2.13;3.5.1 from central in [default]
		org.apache.spark#spark-token-provider-kafka-0-10_2.13;3.5.1 from central in [default]
		org.lz4#lz4-java;1.8.0 from central in [default]
		org.scala-lang.modules#scala-parallel-collections_2.13;1.0.4 from central in [default]
		org.slf4j#slf4j-api;2.0.7 from central in [default]
		org.xerial.snappy#snappy-java;1.1.10.3 from central in [default]
		---------------------------------------------------------------------
		|                  |            modules            ||   artifacts   |
		|       conf       | number| search|dwnlded|evicted|| number|dwnlded|
		---------------------------------------------------------------------
		|      default     |   12  |   0   |   0   |   0   ||   12  |   0   |
		---------------------------------------------------------------------
	:: retrieving :: org.apache.spark#spark-submit-parent-64746250-eea1-41d9-91e4-af9f2456ca4c
		confs: [default]
		0 artifacts copied, 12 already retrieved (0kB/39ms)
[INFO] 2024-04-25 16:31:02.422 +0800 -  -> 
	24/04/25 16:31:01 WARN NativeCodeLoader: Unable to load native-hadoop library for your platform... using builtin-java classes where applicable
[INFO] 2024-04-25 16:31:03.423 +0800 -  -> 
	24/04/25 16:31:03 INFO SparkContext: Running Spark version 3.5.1
	24/04/25 16:31:03 INFO SparkContext: OS info Linux, 6.5.0-28-generic, amd64
	24/04/25 16:31:03 INFO SparkContext: Java version 1.8.0_402
	24/04/25 16:31:03 INFO ResourceUtils: ==============================================================
	24/04/25 16:31:03 INFO ResourceUtils: No custom resources configured for spark.driver.
	24/04/25 16:31:03 INFO ResourceUtils: ==============================================================
	24/04/25 16:31:03 INFO SparkContext: Submitted application: reddit_preprocessing
	24/04/25 16:31:03 INFO ResourceProfile: Default ResourceProfile created, executor resources: Map(cores -> name: cores, amount: 1, script: , vendor: , memory -> name: memory, amount: 1024, script: , vendor: , offHeap -> name: offHeap, amount: 0, script: , vendor: ), task resources: Map(cpus -> name: cpus, amount: 1.0)
	24/04/25 16:31:03 INFO ResourceProfile: Limiting resource is cpus at 1 tasks per executor
	24/04/25 16:31:03 INFO ResourceProfileManager: Added ResourceProfile id: 0
[INFO] 2024-04-25 16:31:04.424 +0800 -  -> 
	24/04/25 16:31:03 INFO SecurityManager: Changing view acls to: default
	24/04/25 16:31:03 INFO SecurityManager: Changing modify acls to: default
	24/04/25 16:31:03 INFO SecurityManager: Changing view acls groups to: 
	24/04/25 16:31:03 INFO SecurityManager: Changing modify acls groups to: 
	24/04/25 16:31:03 INFO SecurityManager: SecurityManager: authentication disabled; ui acls disabled; users with view permissions: default; groups with view permissions: EMPTY; users with modify permissions: default; groups with modify permissions: EMPTY
	24/04/25 16:31:04 INFO Utils: Successfully started service 'sparkDriver' on port 36147.
	24/04/25 16:31:04 INFO SparkEnv: Registering MapOutputTracker
	24/04/25 16:31:04 INFO SparkEnv: Registering BlockManagerMaster
[INFO] 2024-04-25 16:31:05.430 +0800 -  -> 
	24/04/25 16:31:04 INFO BlockManagerMasterEndpoint: Using org.apache.spark.storage.DefaultTopologyMapper for getting topology information
	24/04/25 16:31:04 INFO BlockManagerMasterEndpoint: BlockManagerMasterEndpoint up
	24/04/25 16:31:04 INFO SparkEnv: Registering BlockManagerMasterHeartbeat
	24/04/25 16:31:04 INFO DiskBlockManager: Created local directory at /tmp/blockmgr-60401efc-1da1-4c0c-97f3-ae566a0a7190
	24/04/25 16:31:04 INFO MemoryStore: MemoryStore started with capacity 366.3 MiB
	24/04/25 16:31:04 INFO SparkEnv: Registering OutputCommitCoordinator
	24/04/25 16:31:05 INFO JettyUtils: Start Jetty 0.0.0.0:4040 for SparkUI
	24/04/25 16:31:05 INFO Utils: Successfully started service 'SparkUI' on port 4040.
[INFO] 2024-04-25 16:31:06.439 +0800 -  -> 
	24/04/25 16:31:05 INFO SparkContext: Added JAR file:///tmp/jars/org.apache.spark_spark-sql-kafka-0-10_2.13-3.5.1.jar at spark://15dedf891bed:36147/jars/org.apache.spark_spark-sql-kafka-0-10_2.13-3.5.1.jar with timestamp 1714033863052
	24/04/25 16:31:05 INFO SparkContext: Added JAR file:///tmp/jars/org.apache.spark_spark-token-provider-kafka-0-10_2.13-3.5.1.jar at spark://15dedf891bed:36147/jars/org.apache.spark_spark-token-provider-kafka-0-10_2.13-3.5.1.jar with timestamp 1714033863052
	24/04/25 16:31:05 INFO SparkContext: Added JAR file:///tmp/jars/org.scala-lang.modules_scala-parallel-collections_2.13-1.0.4.jar at spark://15dedf891bed:36147/jars/org.scala-lang.modules_scala-parallel-collections_2.13-1.0.4.jar with timestamp 1714033863052
	24/04/25 16:31:05 INFO SparkContext: Added JAR file:///tmp/jars/org.apache.kafka_kafka-clients-3.4.1.jar at spark://15dedf891bed:36147/jars/org.apache.kafka_kafka-clients-3.4.1.jar with timestamp 1714033863052
	24/04/25 16:31:05 INFO SparkContext: Added JAR file:///tmp/jars/com.google.code.findbugs_jsr305-3.0.0.jar at spark://15dedf891bed:36147/jars/com.google.code.findbugs_jsr305-3.0.0.jar with timestamp 1714033863052
	24/04/25 16:31:05 INFO SparkContext: Added JAR file:///tmp/jars/org.apache.commons_commons-pool2-2.11.1.jar at spark://15dedf891bed:36147/jars/org.apache.commons_commons-pool2-2.11.1.jar with timestamp 1714033863052
	24/04/25 16:31:05 INFO SparkContext: Added JAR file:///tmp/jars/org.apache.hadoop_hadoop-client-runtime-3.3.4.jar at spark://15dedf891bed:36147/jars/org.apache.hadoop_hadoop-client-runtime-3.3.4.jar with timestamp 1714033863052
	24/04/25 16:31:05 INFO SparkContext: Added JAR file:///tmp/jars/org.lz4_lz4-java-1.8.0.jar at spark://15dedf891bed:36147/jars/org.lz4_lz4-java-1.8.0.jar with timestamp 1714033863052
	24/04/25 16:31:05 INFO SparkContext: Added JAR file:///tmp/jars/org.xerial.snappy_snappy-java-1.1.10.3.jar at spark://15dedf891bed:36147/jars/org.xerial.snappy_snappy-java-1.1.10.3.jar with timestamp 1714033863052
	24/04/25 16:31:05 INFO SparkContext: Added JAR file:///tmp/jars/org.slf4j_slf4j-api-2.0.7.jar at spark://15dedf891bed:36147/jars/org.slf4j_slf4j-api-2.0.7.jar with timestamp 1714033863052
	24/04/25 16:31:05 INFO SparkContext: Added JAR file:///tmp/jars/org.apache.hadoop_hadoop-client-api-3.3.4.jar at spark://15dedf891bed:36147/jars/org.apache.hadoop_hadoop-client-api-3.3.4.jar with timestamp 1714033863052
	24/04/25 16:31:05 INFO SparkContext: Added JAR file:///tmp/jars/commons-logging_commons-logging-1.1.3.jar at spark://15dedf891bed:36147/jars/commons-logging_commons-logging-1.1.3.jar with timestamp 1714033863052
	24/04/25 16:31:05 INFO SparkContext: Added file file:///local_storage/reddit/processing/676-20240425162748.json at file:///local_storage/reddit/processing/676-20240425162748.json with timestamp 1714033863052
	24/04/25 16:31:05 INFO Utils: Copying /local_storage/reddit/processing/676-20240425162748.json to /tmp/spark-a921383e-09b2-4d43-a46c-136c4899d036/userFiles-8d25b4f4-1fc8-4e7d-a365-4156de769d9e/676-20240425162748.json
	24/04/25 16:31:05 INFO SparkContext: Added file file:///tmp/jars/org.apache.spark_spark-sql-kafka-0-10_2.13-3.5.1.jar at file:///tmp/jars/org.apache.spark_spark-sql-kafka-0-10_2.13-3.5.1.jar with timestamp 1714033863052
	24/04/25 16:31:05 INFO Utils: Copying /tmp/jars/org.apache.spark_spark-sql-kafka-0-10_2.13-3.5.1.jar to /tmp/spark-a921383e-09b2-4d43-a46c-136c4899d036/userFiles-8d25b4f4-1fc8-4e7d-a365-4156de769d9e/org.apache.spark_spark-sql-kafka-0-10_2.13-3.5.1.jar
	24/04/25 16:31:05 INFO SparkContext: Added file file:///tmp/jars/org.apache.spark_spark-token-provider-kafka-0-10_2.13-3.5.1.jar at file:///tmp/jars/org.apache.spark_spark-token-provider-kafka-0-10_2.13-3.5.1.jar with timestamp 1714033863052
	24/04/25 16:31:05 INFO Utils: Copying /tmp/jars/org.apache.spark_spark-token-provider-kafka-0-10_2.13-3.5.1.jar to /tmp/spark-a921383e-09b2-4d43-a46c-136c4899d036/userFiles-8d25b4f4-1fc8-4e7d-a365-4156de769d9e/org.apache.spark_spark-token-provider-kafka-0-10_2.13-3.5.1.jar
	24/04/25 16:31:05 INFO SparkContext: Added file file:///tmp/jars/org.scala-lang.modules_scala-parallel-collections_2.13-1.0.4.jar at file:///tmp/jars/org.scala-lang.modules_scala-parallel-collections_2.13-1.0.4.jar with timestamp 1714033863052
	24/04/25 16:31:05 INFO Utils: Copying /tmp/jars/org.scala-lang.modules_scala-parallel-collections_2.13-1.0.4.jar to /tmp/spark-a921383e-09b2-4d43-a46c-136c4899d036/userFiles-8d25b4f4-1fc8-4e7d-a365-4156de769d9e/org.scala-lang.modules_scala-parallel-collections_2.13-1.0.4.jar
	24/04/25 16:31:05 INFO SparkContext: Added file file:///tmp/jars/org.apache.kafka_kafka-clients-3.4.1.jar at file:///tmp/jars/org.apache.kafka_kafka-clients-3.4.1.jar with timestamp 1714033863052
	24/04/25 16:31:05 INFO Utils: Copying /tmp/jars/org.apache.kafka_kafka-clients-3.4.1.jar to /tmp/spark-a921383e-09b2-4d43-a46c-136c4899d036/userFiles-8d25b4f4-1fc8-4e7d-a365-4156de769d9e/org.apache.kafka_kafka-clients-3.4.1.jar
	24/04/25 16:31:05 INFO SparkContext: Added file file:///tmp/jars/com.google.code.findbugs_jsr305-3.0.0.jar at file:///tmp/jars/com.google.code.findbugs_jsr305-3.0.0.jar with timestamp 1714033863052
	24/04/25 16:31:05 INFO Utils: Copying /tmp/jars/com.google.code.findbugs_jsr305-3.0.0.jar to /tmp/spark-a921383e-09b2-4d43-a46c-136c4899d036/userFiles-8d25b4f4-1fc8-4e7d-a365-4156de769d9e/com.google.code.findbugs_jsr305-3.0.0.jar
	24/04/25 16:31:05 INFO SparkContext: Added file file:///tmp/jars/org.apache.commons_commons-pool2-2.11.1.jar at file:///tmp/jars/org.apache.commons_commons-pool2-2.11.1.jar with timestamp 1714033863052
	24/04/25 16:31:05 INFO Utils: Copying /tmp/jars/org.apache.commons_commons-pool2-2.11.1.jar to /tmp/spark-a921383e-09b2-4d43-a46c-136c4899d036/userFiles-8d25b4f4-1fc8-4e7d-a365-4156de769d9e/org.apache.commons_commons-pool2-2.11.1.jar
	24/04/25 16:31:05 INFO SparkContext: Added file file:///tmp/jars/org.apache.hadoop_hadoop-client-runtime-3.3.4.jar at file:///tmp/jars/org.apache.hadoop_hadoop-client-runtime-3.3.4.jar with timestamp 1714033863052
	24/04/25 16:31:05 INFO Utils: Copying /tmp/jars/org.apache.hadoop_hadoop-client-runtime-3.3.4.jar to /tmp/spark-a921383e-09b2-4d43-a46c-136c4899d036/userFiles-8d25b4f4-1fc8-4e7d-a365-4156de769d9e/org.apache.hadoop_hadoop-client-runtime-3.3.4.jar
	24/04/25 16:31:05 INFO SparkContext: Added file file:///tmp/jars/org.lz4_lz4-java-1.8.0.jar at file:///tmp/jars/org.lz4_lz4-java-1.8.0.jar with timestamp 1714033863052
	24/04/25 16:31:05 INFO Utils: Copying /tmp/jars/org.lz4_lz4-java-1.8.0.jar to /tmp/spark-a921383e-09b2-4d43-a46c-136c4899d036/userFiles-8d25b4f4-1fc8-4e7d-a365-4156de769d9e/org.lz4_lz4-java-1.8.0.jar
	24/04/25 16:31:05 INFO SparkContext: Added file file:///tmp/jars/org.xerial.snappy_snappy-java-1.1.10.3.jar at file:///tmp/jars/org.xerial.snappy_snappy-java-1.1.10.3.jar with timestamp 1714033863052
	24/04/25 16:31:05 INFO Utils: Copying /tmp/jars/org.xerial.snappy_snappy-java-1.1.10.3.jar to /tmp/spark-a921383e-09b2-4d43-a46c-136c4899d036/userFiles-8d25b4f4-1fc8-4e7d-a365-4156de769d9e/org.xerial.snappy_snappy-java-1.1.10.3.jar
	24/04/25 16:31:06 INFO SparkContext: Added file file:///tmp/jars/org.slf4j_slf4j-api-2.0.7.jar at file:///tmp/jars/org.slf4j_slf4j-api-2.0.7.jar with timestamp 1714033863052
	24/04/25 16:31:06 INFO Utils: Copying /tmp/jars/org.slf4j_slf4j-api-2.0.7.jar to /tmp/spark-a921383e-09b2-4d43-a46c-136c4899d036/userFiles-8d25b4f4-1fc8-4e7d-a365-4156de769d9e/org.slf4j_slf4j-api-2.0.7.jar
	24/04/25 16:31:06 INFO SparkContext: Added file file:///tmp/jars/org.apache.hadoop_hadoop-client-api-3.3.4.jar at file:///tmp/jars/org.apache.hadoop_hadoop-client-api-3.3.4.jar with timestamp 1714033863052
	24/04/25 16:31:06 INFO Utils: Copying /tmp/jars/org.apache.hadoop_hadoop-client-api-3.3.4.jar to /tmp/spark-a921383e-09b2-4d43-a46c-136c4899d036/userFiles-8d25b4f4-1fc8-4e7d-a365-4156de769d9e/org.apache.hadoop_hadoop-client-api-3.3.4.jar
	24/04/25 16:31:06 INFO SparkContext: Added file file:///tmp/jars/commons-logging_commons-logging-1.1.3.jar at file:///tmp/jars/commons-logging_commons-logging-1.1.3.jar with timestamp 1714033863052
	24/04/25 16:31:06 INFO Utils: Copying /tmp/jars/commons-logging_commons-logging-1.1.3.jar to /tmp/spark-a921383e-09b2-4d43-a46c-136c4899d036/userFiles-8d25b4f4-1fc8-4e7d-a365-4156de769d9e/commons-logging_commons-logging-1.1.3.jar
	24/04/25 16:31:06 INFO Executor: Starting executor ID driver on host 15dedf891bed
	24/04/25 16:31:06 INFO Executor: OS info Linux, 6.5.0-28-generic, amd64
	24/04/25 16:31:06 INFO Executor: Java version 1.8.0_402
	24/04/25 16:31:06 INFO Executor: Starting executor with user classpath (userClassPathFirst = false): ''
	24/04/25 16:31:06 INFO Executor: Created or updated repl class loader org.apache.spark.util.MutableURLClassLoader@1e9d4c3c for default.
	24/04/25 16:31:06 INFO Executor: Fetching file:///local_storage/reddit/processing/676-20240425162748.json with timestamp 1714033863052
[INFO] 2024-04-25 16:31:07.442 +0800 -  -> 
	24/04/25 16:31:06 INFO Utils: /local_storage/reddit/processing/676-20240425162748.json has been previously copied to /tmp/spark-a921383e-09b2-4d43-a46c-136c4899d036/userFiles-8d25b4f4-1fc8-4e7d-a365-4156de769d9e/676-20240425162748.json
	24/04/25 16:31:06 INFO Executor: Fetching file:///tmp/jars/org.apache.spark_spark-token-provider-kafka-0-10_2.13-3.5.1.jar with timestamp 1714033863052
	24/04/25 16:31:06 INFO Utils: /tmp/jars/org.apache.spark_spark-token-provider-kafka-0-10_2.13-3.5.1.jar has been previously copied to /tmp/spark-a921383e-09b2-4d43-a46c-136c4899d036/userFiles-8d25b4f4-1fc8-4e7d-a365-4156de769d9e/org.apache.spark_spark-token-provider-kafka-0-10_2.13-3.5.1.jar
	24/04/25 16:31:06 INFO Executor: Fetching file:///tmp/jars/org.apache.hadoop_hadoop-client-runtime-3.3.4.jar with timestamp 1714033863052
	24/04/25 16:31:06 INFO Utils: /tmp/jars/org.apache.hadoop_hadoop-client-runtime-3.3.4.jar has been previously copied to /tmp/spark-a921383e-09b2-4d43-a46c-136c4899d036/userFiles-8d25b4f4-1fc8-4e7d-a365-4156de769d9e/org.apache.hadoop_hadoop-client-runtime-3.3.4.jar
	24/04/25 16:31:06 INFO Executor: Fetching file:///tmp/jars/org.apache.commons_commons-pool2-2.11.1.jar with timestamp 1714033863052
	24/04/25 16:31:06 INFO Utils: /tmp/jars/org.apache.commons_commons-pool2-2.11.1.jar has been previously copied to /tmp/spark-a921383e-09b2-4d43-a46c-136c4899d036/userFiles-8d25b4f4-1fc8-4e7d-a365-4156de769d9e/org.apache.commons_commons-pool2-2.11.1.jar
	24/04/25 16:31:06 INFO Executor: Fetching file:///tmp/jars/org.apache.spark_spark-sql-kafka-0-10_2.13-3.5.1.jar with timestamp 1714033863052
	24/04/25 16:31:06 INFO Utils: /tmp/jars/org.apache.spark_spark-sql-kafka-0-10_2.13-3.5.1.jar has been previously copied to /tmp/spark-a921383e-09b2-4d43-a46c-136c4899d036/userFiles-8d25b4f4-1fc8-4e7d-a365-4156de769d9e/org.apache.spark_spark-sql-kafka-0-10_2.13-3.5.1.jar
	24/04/25 16:31:06 INFO Executor: Fetching file:///tmp/jars/org.apache.kafka_kafka-clients-3.4.1.jar with timestamp 1714033863052
	24/04/25 16:31:06 INFO Utils: /tmp/jars/org.apache.kafka_kafka-clients-3.4.1.jar has been previously copied to /tmp/spark-a921383e-09b2-4d43-a46c-136c4899d036/userFiles-8d25b4f4-1fc8-4e7d-a365-4156de769d9e/org.apache.kafka_kafka-clients-3.4.1.jar
	24/04/25 16:31:06 INFO Executor: Fetching file:///tmp/jars/org.lz4_lz4-java-1.8.0.jar with timestamp 1714033863052
	24/04/25 16:31:06 INFO Utils: /tmp/jars/org.lz4_lz4-java-1.8.0.jar has been previously copied to /tmp/spark-a921383e-09b2-4d43-a46c-136c4899d036/userFiles-8d25b4f4-1fc8-4e7d-a365-4156de769d9e/org.lz4_lz4-java-1.8.0.jar
	24/04/25 16:31:06 INFO Executor: Fetching file:///tmp/jars/org.xerial.snappy_snappy-java-1.1.10.3.jar with timestamp 1714033863052
	24/04/25 16:31:06 INFO Utils: /tmp/jars/org.xerial.snappy_snappy-java-1.1.10.3.jar has been previously copied to /tmp/spark-a921383e-09b2-4d43-a46c-136c4899d036/userFiles-8d25b4f4-1fc8-4e7d-a365-4156de769d9e/org.xerial.snappy_snappy-java-1.1.10.3.jar
	24/04/25 16:31:06 INFO Executor: Fetching file:///tmp/jars/org.slf4j_slf4j-api-2.0.7.jar with timestamp 1714033863052
	24/04/25 16:31:06 INFO Utils: /tmp/jars/org.slf4j_slf4j-api-2.0.7.jar has been previously copied to /tmp/spark-a921383e-09b2-4d43-a46c-136c4899d036/userFiles-8d25b4f4-1fc8-4e7d-a365-4156de769d9e/org.slf4j_slf4j-api-2.0.7.jar
	24/04/25 16:31:06 INFO Executor: Fetching file:///tmp/jars/com.google.code.findbugs_jsr305-3.0.0.jar with timestamp 1714033863052
	24/04/25 16:31:06 INFO Utils: /tmp/jars/com.google.code.findbugs_jsr305-3.0.0.jar has been previously copied to /tmp/spark-a921383e-09b2-4d43-a46c-136c4899d036/userFiles-8d25b4f4-1fc8-4e7d-a365-4156de769d9e/com.google.code.findbugs_jsr305-3.0.0.jar
	24/04/25 16:31:06 INFO Executor: Fetching file:///tmp/jars/commons-logging_commons-logging-1.1.3.jar with timestamp 1714033863052
	24/04/25 16:31:06 INFO Utils: /tmp/jars/commons-logging_commons-logging-1.1.3.jar has been previously copied to /tmp/spark-a921383e-09b2-4d43-a46c-136c4899d036/userFiles-8d25b4f4-1fc8-4e7d-a365-4156de769d9e/commons-logging_commons-logging-1.1.3.jar
	24/04/25 16:31:06 INFO Executor: Fetching file:///tmp/jars/org.apache.hadoop_hadoop-client-api-3.3.4.jar with timestamp 1714033863052
	24/04/25 16:31:06 INFO Utils: /tmp/jars/org.apache.hadoop_hadoop-client-api-3.3.4.jar has been previously copied to /tmp/spark-a921383e-09b2-4d43-a46c-136c4899d036/userFiles-8d25b4f4-1fc8-4e7d-a365-4156de769d9e/org.apache.hadoop_hadoop-client-api-3.3.4.jar
	24/04/25 16:31:06 INFO Executor: Fetching file:///tmp/jars/org.scala-lang.modules_scala-parallel-collections_2.13-1.0.4.jar with timestamp 1714033863052
	24/04/25 16:31:06 INFO Utils: /tmp/jars/org.scala-lang.modules_scala-parallel-collections_2.13-1.0.4.jar has been previously copied to /tmp/spark-a921383e-09b2-4d43-a46c-136c4899d036/userFiles-8d25b4f4-1fc8-4e7d-a365-4156de769d9e/org.scala-lang.modules_scala-parallel-collections_2.13-1.0.4.jar
	24/04/25 16:31:06 INFO Executor: Fetching spark://15dedf891bed:36147/jars/org.apache.kafka_kafka-clients-3.4.1.jar with timestamp 1714033863052
	24/04/25 16:31:06 INFO TransportClientFactory: Successfully created connection to 15dedf891bed/172.18.1.1:36147 after 64 ms (0 ms spent in bootstraps)
	24/04/25 16:31:06 INFO Utils: Fetching spark://15dedf891bed:36147/jars/org.apache.kafka_kafka-clients-3.4.1.jar to /tmp/spark-a921383e-09b2-4d43-a46c-136c4899d036/userFiles-8d25b4f4-1fc8-4e7d-a365-4156de769d9e/fetchFileTemp7042172791051608352.tmp
	24/04/25 16:31:06 INFO Utils: /tmp/spark-a921383e-09b2-4d43-a46c-136c4899d036/userFiles-8d25b4f4-1fc8-4e7d-a365-4156de769d9e/fetchFileTemp7042172791051608352.tmp has been previously copied to /tmp/spark-a921383e-09b2-4d43-a46c-136c4899d036/userFiles-8d25b4f4-1fc8-4e7d-a365-4156de769d9e/org.apache.kafka_kafka-clients-3.4.1.jar
	24/04/25 16:31:06 INFO Executor: Adding file:/tmp/spark-a921383e-09b2-4d43-a46c-136c4899d036/userFiles-8d25b4f4-1fc8-4e7d-a365-4156de769d9e/org.apache.kafka_kafka-clients-3.4.1.jar to class loader default
	24/04/25 16:31:06 INFO Executor: Fetching spark://15dedf891bed:36147/jars/org.lz4_lz4-java-1.8.0.jar with timestamp 1714033863052
	24/04/25 16:31:06 INFO Utils: Fetching spark://15dedf891bed:36147/jars/org.lz4_lz4-java-1.8.0.jar to /tmp/spark-a921383e-09b2-4d43-a46c-136c4899d036/userFiles-8d25b4f4-1fc8-4e7d-a365-4156de769d9e/fetchFileTemp247339645034142222.tmp
	24/04/25 16:31:06 INFO Utils: /tmp/spark-a921383e-09b2-4d43-a46c-136c4899d036/userFiles-8d25b4f4-1fc8-4e7d-a365-4156de769d9e/fetchFileTemp247339645034142222.tmp has been previously copied to /tmp/spark-a921383e-09b2-4d43-a46c-136c4899d036/userFiles-8d25b4f4-1fc8-4e7d-a365-4156de769d9e/org.lz4_lz4-java-1.8.0.jar
	24/04/25 16:31:06 INFO Executor: Adding file:/tmp/spark-a921383e-09b2-4d43-a46c-136c4899d036/userFiles-8d25b4f4-1fc8-4e7d-a365-4156de769d9e/org.lz4_lz4-java-1.8.0.jar to class loader default
	24/04/25 16:31:06 INFO Executor: Fetching spark://15dedf891bed:36147/jars/org.apache.hadoop_hadoop-client-runtime-3.3.4.jar with timestamp 1714033863052
	24/04/25 16:31:06 INFO Utils: Fetching spark://15dedf891bed:36147/jars/org.apache.hadoop_hadoop-client-runtime-3.3.4.jar to /tmp/spark-a921383e-09b2-4d43-a46c-136c4899d036/userFiles-8d25b4f4-1fc8-4e7d-a365-4156de769d9e/fetchFileTemp1253152252574825686.tmp
	24/04/25 16:31:07 INFO Utils: /tmp/spark-a921383e-09b2-4d43-a46c-136c4899d036/userFiles-8d25b4f4-1fc8-4e7d-a365-4156de769d9e/fetchFileTemp1253152252574825686.tmp has been previously copied to /tmp/spark-a921383e-09b2-4d43-a46c-136c4899d036/userFiles-8d25b4f4-1fc8-4e7d-a365-4156de769d9e/org.apache.hadoop_hadoop-client-runtime-3.3.4.jar
	24/04/25 16:31:07 INFO Executor: Adding file:/tmp/spark-a921383e-09b2-4d43-a46c-136c4899d036/userFiles-8d25b4f4-1fc8-4e7d-a365-4156de769d9e/org.apache.hadoop_hadoop-client-runtime-3.3.4.jar to class loader default
	24/04/25 16:31:07 INFO Executor: Fetching spark://15dedf891bed:36147/jars/org.slf4j_slf4j-api-2.0.7.jar with timestamp 1714033863052
	24/04/25 16:31:07 INFO Utils: Fetching spark://15dedf891bed:36147/jars/org.slf4j_slf4j-api-2.0.7.jar to /tmp/spark-a921383e-09b2-4d43-a46c-136c4899d036/userFiles-8d25b4f4-1fc8-4e7d-a365-4156de769d9e/fetchFileTemp5489625697622324954.tmp
	24/04/25 16:31:07 INFO Utils: /tmp/spark-a921383e-09b2-4d43-a46c-136c4899d036/userFiles-8d25b4f4-1fc8-4e7d-a365-4156de769d9e/fetchFileTemp5489625697622324954.tmp has been previously copied to /tmp/spark-a921383e-09b2-4d43-a46c-136c4899d036/userFiles-8d25b4f4-1fc8-4e7d-a365-4156de769d9e/org.slf4j_slf4j-api-2.0.7.jar
[INFO] 2024-04-25 16:31:08.444 +0800 -  -> 
	24/04/25 16:31:07 INFO Executor: Adding file:/tmp/spark-a921383e-09b2-4d43-a46c-136c4899d036/userFiles-8d25b4f4-1fc8-4e7d-a365-4156de769d9e/org.slf4j_slf4j-api-2.0.7.jar to class loader default
	24/04/25 16:31:07 INFO Executor: Fetching spark://15dedf891bed:36147/jars/org.apache.hadoop_hadoop-client-api-3.3.4.jar with timestamp 1714033863052
	24/04/25 16:31:07 INFO Utils: Fetching spark://15dedf891bed:36147/jars/org.apache.hadoop_hadoop-client-api-3.3.4.jar to /tmp/spark-a921383e-09b2-4d43-a46c-136c4899d036/userFiles-8d25b4f4-1fc8-4e7d-a365-4156de769d9e/fetchFileTemp8445074023129867380.tmp
	24/04/25 16:31:07 INFO Utils: /tmp/spark-a921383e-09b2-4d43-a46c-136c4899d036/userFiles-8d25b4f4-1fc8-4e7d-a365-4156de769d9e/fetchFileTemp8445074023129867380.tmp has been previously copied to /tmp/spark-a921383e-09b2-4d43-a46c-136c4899d036/userFiles-8d25b4f4-1fc8-4e7d-a365-4156de769d9e/org.apache.hadoop_hadoop-client-api-3.3.4.jar
	24/04/25 16:31:07 INFO Executor: Adding file:/tmp/spark-a921383e-09b2-4d43-a46c-136c4899d036/userFiles-8d25b4f4-1fc8-4e7d-a365-4156de769d9e/org.apache.hadoop_hadoop-client-api-3.3.4.jar to class loader default
	24/04/25 16:31:07 INFO Executor: Fetching spark://15dedf891bed:36147/jars/commons-logging_commons-logging-1.1.3.jar with timestamp 1714033863052
	24/04/25 16:31:07 INFO Utils: Fetching spark://15dedf891bed:36147/jars/commons-logging_commons-logging-1.1.3.jar to /tmp/spark-a921383e-09b2-4d43-a46c-136c4899d036/userFiles-8d25b4f4-1fc8-4e7d-a365-4156de769d9e/fetchFileTemp6455741214340783723.tmp
	24/04/25 16:31:07 INFO Utils: /tmp/spark-a921383e-09b2-4d43-a46c-136c4899d036/userFiles-8d25b4f4-1fc8-4e7d-a365-4156de769d9e/fetchFileTemp6455741214340783723.tmp has been previously copied to /tmp/spark-a921383e-09b2-4d43-a46c-136c4899d036/userFiles-8d25b4f4-1fc8-4e7d-a365-4156de769d9e/commons-logging_commons-logging-1.1.3.jar
	24/04/25 16:31:07 INFO Executor: Adding file:/tmp/spark-a921383e-09b2-4d43-a46c-136c4899d036/userFiles-8d25b4f4-1fc8-4e7d-a365-4156de769d9e/commons-logging_commons-logging-1.1.3.jar to class loader default
	24/04/25 16:31:07 INFO Executor: Fetching spark://15dedf891bed:36147/jars/org.scala-lang.modules_scala-parallel-collections_2.13-1.0.4.jar with timestamp 1714033863052
	24/04/25 16:31:07 INFO Utils: Fetching spark://15dedf891bed:36147/jars/org.scala-lang.modules_scala-parallel-collections_2.13-1.0.4.jar to /tmp/spark-a921383e-09b2-4d43-a46c-136c4899d036/userFiles-8d25b4f4-1fc8-4e7d-a365-4156de769d9e/fetchFileTemp2312396647444686625.tmp
	24/04/25 16:31:07 INFO Utils: /tmp/spark-a921383e-09b2-4d43-a46c-136c4899d036/userFiles-8d25b4f4-1fc8-4e7d-a365-4156de769d9e/fetchFileTemp2312396647444686625.tmp has been previously copied to /tmp/spark-a921383e-09b2-4d43-a46c-136c4899d036/userFiles-8d25b4f4-1fc8-4e7d-a365-4156de769d9e/org.scala-lang.modules_scala-parallel-collections_2.13-1.0.4.jar
	24/04/25 16:31:07 INFO Executor: Adding file:/tmp/spark-a921383e-09b2-4d43-a46c-136c4899d036/userFiles-8d25b4f4-1fc8-4e7d-a365-4156de769d9e/org.scala-lang.modules_scala-parallel-collections_2.13-1.0.4.jar to class loader default
	24/04/25 16:31:07 INFO Executor: Fetching spark://15dedf891bed:36147/jars/org.xerial.snappy_snappy-java-1.1.10.3.jar with timestamp 1714033863052
	24/04/25 16:31:07 INFO Utils: Fetching spark://15dedf891bed:36147/jars/org.xerial.snappy_snappy-java-1.1.10.3.jar to /tmp/spark-a921383e-09b2-4d43-a46c-136c4899d036/userFiles-8d25b4f4-1fc8-4e7d-a365-4156de769d9e/fetchFileTemp5497101039108882233.tmp
	24/04/25 16:31:07 INFO Utils: /tmp/spark-a921383e-09b2-4d43-a46c-136c4899d036/userFiles-8d25b4f4-1fc8-4e7d-a365-4156de769d9e/fetchFileTemp5497101039108882233.tmp has been previously copied to /tmp/spark-a921383e-09b2-4d43-a46c-136c4899d036/userFiles-8d25b4f4-1fc8-4e7d-a365-4156de769d9e/org.xerial.snappy_snappy-java-1.1.10.3.jar
	24/04/25 16:31:07 INFO Executor: Adding file:/tmp/spark-a921383e-09b2-4d43-a46c-136c4899d036/userFiles-8d25b4f4-1fc8-4e7d-a365-4156de769d9e/org.xerial.snappy_snappy-java-1.1.10.3.jar to class loader default
	24/04/25 16:31:07 INFO Executor: Fetching spark://15dedf891bed:36147/jars/org.apache.commons_commons-pool2-2.11.1.jar with timestamp 1714033863052
	24/04/25 16:31:07 INFO Utils: Fetching spark://15dedf891bed:36147/jars/org.apache.commons_commons-pool2-2.11.1.jar to /tmp/spark-a921383e-09b2-4d43-a46c-136c4899d036/userFiles-8d25b4f4-1fc8-4e7d-a365-4156de769d9e/fetchFileTemp3063942634206302619.tmp
	24/04/25 16:31:07 INFO Utils: /tmp/spark-a921383e-09b2-4d43-a46c-136c4899d036/userFiles-8d25b4f4-1fc8-4e7d-a365-4156de769d9e/fetchFileTemp3063942634206302619.tmp has been previously copied to /tmp/spark-a921383e-09b2-4d43-a46c-136c4899d036/userFiles-8d25b4f4-1fc8-4e7d-a365-4156de769d9e/org.apache.commons_commons-pool2-2.11.1.jar
	24/04/25 16:31:07 INFO Executor: Adding file:/tmp/spark-a921383e-09b2-4d43-a46c-136c4899d036/userFiles-8d25b4f4-1fc8-4e7d-a365-4156de769d9e/org.apache.commons_commons-pool2-2.11.1.jar to class loader default
	24/04/25 16:31:07 INFO Executor: Fetching spark://15dedf891bed:36147/jars/org.apache.spark_spark-token-provider-kafka-0-10_2.13-3.5.1.jar with timestamp 1714033863052
	24/04/25 16:31:07 INFO Utils: Fetching spark://15dedf891bed:36147/jars/org.apache.spark_spark-token-provider-kafka-0-10_2.13-3.5.1.jar to /tmp/spark-a921383e-09b2-4d43-a46c-136c4899d036/userFiles-8d25b4f4-1fc8-4e7d-a365-4156de769d9e/fetchFileTemp4615367561702137156.tmp
	24/04/25 16:31:07 INFO Utils: /tmp/spark-a921383e-09b2-4d43-a46c-136c4899d036/userFiles-8d25b4f4-1fc8-4e7d-a365-4156de769d9e/fetchFileTemp4615367561702137156.tmp has been previously copied to /tmp/spark-a921383e-09b2-4d43-a46c-136c4899d036/userFiles-8d25b4f4-1fc8-4e7d-a365-4156de769d9e/org.apache.spark_spark-token-provider-kafka-0-10_2.13-3.5.1.jar
	24/04/25 16:31:07 INFO Executor: Adding file:/tmp/spark-a921383e-09b2-4d43-a46c-136c4899d036/userFiles-8d25b4f4-1fc8-4e7d-a365-4156de769d9e/org.apache.spark_spark-token-provider-kafka-0-10_2.13-3.5.1.jar to class loader default
	24/04/25 16:31:07 INFO Executor: Fetching spark://15dedf891bed:36147/jars/org.apache.spark_spark-sql-kafka-0-10_2.13-3.5.1.jar with timestamp 1714033863052
	24/04/25 16:31:07 INFO Utils: Fetching spark://15dedf891bed:36147/jars/org.apache.spark_spark-sql-kafka-0-10_2.13-3.5.1.jar to /tmp/spark-a921383e-09b2-4d43-a46c-136c4899d036/userFiles-8d25b4f4-1fc8-4e7d-a365-4156de769d9e/fetchFileTemp2729107733640648007.tmp
	24/04/25 16:31:07 INFO Utils: /tmp/spark-a921383e-09b2-4d43-a46c-136c4899d036/userFiles-8d25b4f4-1fc8-4e7d-a365-4156de769d9e/fetchFileTemp2729107733640648007.tmp has been previously copied to /tmp/spark-a921383e-09b2-4d43-a46c-136c4899d036/userFiles-8d25b4f4-1fc8-4e7d-a365-4156de769d9e/org.apache.spark_spark-sql-kafka-0-10_2.13-3.5.1.jar
	24/04/25 16:31:07 INFO Executor: Adding file:/tmp/spark-a921383e-09b2-4d43-a46c-136c4899d036/userFiles-8d25b4f4-1fc8-4e7d-a365-4156de769d9e/org.apache.spark_spark-sql-kafka-0-10_2.13-3.5.1.jar to class loader default
	24/04/25 16:31:07 INFO Executor: Fetching spark://15dedf891bed:36147/jars/com.google.code.findbugs_jsr305-3.0.0.jar with timestamp 1714033863052
	24/04/25 16:31:07 INFO Utils: Fetching spark://15dedf891bed:36147/jars/com.google.code.findbugs_jsr305-3.0.0.jar to /tmp/spark-a921383e-09b2-4d43-a46c-136c4899d036/userFiles-8d25b4f4-1fc8-4e7d-a365-4156de769d9e/fetchFileTemp7162653670049567501.tmp
	24/04/25 16:31:07 INFO Utils: /tmp/spark-a921383e-09b2-4d43-a46c-136c4899d036/userFiles-8d25b4f4-1fc8-4e7d-a365-4156de769d9e/fetchFileTemp7162653670049567501.tmp has been previously copied to /tmp/spark-a921383e-09b2-4d43-a46c-136c4899d036/userFiles-8d25b4f4-1fc8-4e7d-a365-4156de769d9e/com.google.code.findbugs_jsr305-3.0.0.jar
	24/04/25 16:31:07 INFO Executor: Adding file:/tmp/spark-a921383e-09b2-4d43-a46c-136c4899d036/userFiles-8d25b4f4-1fc8-4e7d-a365-4156de769d9e/com.google.code.findbugs_jsr305-3.0.0.jar to class loader default
	24/04/25 16:31:07 INFO Utils: Successfully started service 'org.apache.spark.network.netty.NettyBlockTransferService' on port 33033.
	24/04/25 16:31:07 INFO NettyBlockTransferService: Server created on 15dedf891bed:33033
	24/04/25 16:31:07 INFO BlockManager: Using org.apache.spark.storage.RandomBlockReplicationPolicy for block replication policy
	24/04/25 16:31:07 INFO BlockManagerMaster: Registering BlockManager BlockManagerId(driver, 15dedf891bed, 33033, None)
	24/04/25 16:31:07 INFO BlockManagerMasterEndpoint: Registering block manager 15dedf891bed:33033 with 366.3 MiB RAM, BlockManagerId(driver, 15dedf891bed, 33033, None)
	24/04/25 16:31:07 INFO BlockManagerMaster: Registered BlockManager BlockManagerId(driver, 15dedf891bed, 33033, None)
	24/04/25 16:31:07 INFO BlockManager: Initialized BlockManager: BlockManagerId(driver, 15dedf891bed, 33033, None)
[INFO] 2024-04-25 16:31:09.447 +0800 -  -> 
	
	
	
	 /tmp/spark-a921383e-09b2-4d43-a46c-136c4899d036/userFiles-8d25b4f4-1fc8-4e7d-a365-4156de769d9e/676-20240425162748.json 
	
	
	
[INFO] 2024-04-25 16:31:10.451 +0800 -  -> 
	24/04/25 16:31:09 INFO MemoryStore: Block broadcast_0 stored as values in memory (estimated size 345.7 KiB, free 366.0 MiB)
	24/04/25 16:31:09 INFO MemoryStore: Block broadcast_0_piece0 stored as bytes in memory (estimated size 32.6 KiB, free 365.9 MiB)
	24/04/25 16:31:09 INFO BlockManagerInfo: Added broadcast_0_piece0 in memory on 15dedf891bed:33033 (size: 32.6 KiB, free: 366.3 MiB)
	24/04/25 16:31:09 INFO SparkContext: Created broadcast 0 from wholeTextFiles at NativeMethodAccessorImpl.java:0
	24/04/25 16:31:09 INFO SharedState: Setting hive.metastore.warehouse.dir ('null') to the value of spark.sql.warehouse.dir.
	24/04/25 16:31:09 INFO SharedState: Warehouse path is 'file:/tmp/dolphinscheduler/exec/process/default/13010050770016/13201021801792_115/680/1849/spark-warehouse'.
[INFO] 2024-04-25 16:31:17.596 +0800 -  -> 
	24/04/25 16:31:17 INFO CodeGenerator: Code generated in 400.132387 ms
	24/04/25 16:31:17 INFO FileInputFormat: Total input files to process : 1
	24/04/25 16:31:17 INFO FileInputFormat: Total input files to process : 1
	24/04/25 16:31:17 INFO SparkContext: Starting job: json at NativeMethodAccessorImpl.java:0
	24/04/25 16:31:17 INFO DAGScheduler: Got job 0 (json at NativeMethodAccessorImpl.java:0) with 1 output partitions
	24/04/25 16:31:17 INFO DAGScheduler: Final stage: ResultStage 0 (json at NativeMethodAccessorImpl.java:0)
	24/04/25 16:31:17 INFO DAGScheduler: Parents of final stage: List()
	24/04/25 16:31:17 INFO DAGScheduler: Missing parents: List()
	24/04/25 16:31:17 INFO DAGScheduler: Submitting ResultStage 0 (MapPartitionsRDD[7] at json at NativeMethodAccessorImpl.java:0), which has no missing parents
	24/04/25 16:31:17 INFO MemoryStore: Block broadcast_1 stored as values in memory (estimated size 28.6 KiB, free 365.9 MiB)
	24/04/25 16:31:17 INFO MemoryStore: Block broadcast_1_piece0 stored as bytes in memory (estimated size 12.5 KiB, free 365.9 MiB)
	24/04/25 16:31:17 INFO BlockManagerInfo: Added broadcast_1_piece0 in memory on 15dedf891bed:33033 (size: 12.5 KiB, free: 366.3 MiB)
	24/04/25 16:31:17 INFO SparkContext: Created broadcast 1 from broadcast at DAGScheduler.scala:1585
	24/04/25 16:31:17 INFO DAGScheduler: Submitting 1 missing tasks from ResultStage 0 (MapPartitionsRDD[7] at json at NativeMethodAccessorImpl.java:0) (first 15 tasks are for partitions Vector(0))
	24/04/25 16:31:17 INFO TaskSchedulerImpl: Adding task set 0.0 with 1 tasks resource profile 0
[INFO] 2024-04-25 16:31:18.598 +0800 -  -> 
	24/04/25 16:31:17 INFO TaskSetManager: Starting task 0.0 in stage 0.0 (TID 0) (15dedf891bed, executor driver, partition 0, PROCESS_LOCAL, 10096 bytes) 
	24/04/25 16:31:17 INFO Executor: Running task 0.0 in stage 0.0 (TID 0)
	24/04/25 16:31:18 INFO WholeTextFileRDD: Input split: Paths:/tmp/spark-a921383e-09b2-4d43-a46c-136c4899d036/userFiles-8d25b4f4-1fc8-4e7d-a365-4156de769d9e/676-20240425162748.json:0+186591
[INFO] 2024-04-25 16:31:19.600 +0800 -  -> 
	24/04/25 16:31:18 INFO CodeGenerator: Code generated in 128.0342 ms
	24/04/25 16:31:19 INFO PythonRunner: Times: total = 819, boot = 604, init = 185, finish = 30
	24/04/25 16:31:19 INFO Executor: Finished task 0.0 in stage 0.0 (TID 0). 2751 bytes result sent to driver
	24/04/25 16:31:19 INFO TaskSetManager: Finished task 0.0 in stage 0.0 (TID 0) in 1473 ms on 15dedf891bed (executor driver) (1/1)
	24/04/25 16:31:19 INFO TaskSchedulerImpl: Removed TaskSet 0.0, whose tasks have all completed, from pool 
	24/04/25 16:31:19 INFO PythonAccumulatorV2: Connected to AccumulatorServer at host: 127.0.0.1 port: 56315
	24/04/25 16:31:19 INFO DAGScheduler: ResultStage 0 (json at NativeMethodAccessorImpl.java:0) finished in 1.810 s
	24/04/25 16:31:19 INFO DAGScheduler: Job 0 is finished. Cancelling potential speculative or zombie tasks for this job
	24/04/25 16:31:19 INFO TaskSchedulerImpl: Killing all running tasks in stage 0: Stage finished
	24/04/25 16:31:19 INFO DAGScheduler: Job 0 finished: json at NativeMethodAccessorImpl.java:0, took 1.983732 s
	24/04/25 16:31:19 INFO BlockManagerInfo: Removed broadcast_1_piece0 on 15dedf891bed:33033 in memory (size: 12.5 KiB, free: 366.3 MiB)
	
	
	
	 1 
	
	
	
[INFO] 2024-04-25 16:31:20.605 +0800 -  -> 
	
	
	
	 2 
	
	
	
	
	
	
	 3 
	
	
	
	
	
	
	 4 
	
	
	
	24/04/25 16:31:20 INFO CodeGenerator: Code generated in 48.010833 ms
	24/04/25 16:31:20 INFO CodeGenerator: Code generated in 47.618013 ms
[INFO] 2024-04-25 16:31:21.608 +0800 -  -> 
	24/04/25 16:31:20 INFO SparkContext: Starting job: collect at /tmp/dolphinscheduler/exec/process/default/13010050770016/13201021801792_115/680/1849/spark_reddit_preprocessing.py:84
	24/04/25 16:31:20 INFO DAGScheduler: Got job 1 (collect at /tmp/dolphinscheduler/exec/process/default/13010050770016/13201021801792_115/680/1849/spark_reddit_preprocessing.py:84) with 1 output partitions
	24/04/25 16:31:20 INFO DAGScheduler: Final stage: ResultStage 1 (collect at /tmp/dolphinscheduler/exec/process/default/13010050770016/13201021801792_115/680/1849/spark_reddit_preprocessing.py:84)
	24/04/25 16:31:20 INFO DAGScheduler: Parents of final stage: List()
	24/04/25 16:31:20 INFO DAGScheduler: Missing parents: List()
	24/04/25 16:31:20 INFO DAGScheduler: Submitting ResultStage 1 (MapPartitionsRDD[19] at toJavaRDD at NativeMethodAccessorImpl.java:0), which has no missing parents
	24/04/25 16:31:20 INFO MemoryStore: Block broadcast_2 stored as values in memory (estimated size 72.6 KiB, free 365.9 MiB)
	24/04/25 16:31:20 INFO MemoryStore: Block broadcast_2_piece0 stored as bytes in memory (estimated size 28.7 KiB, free 365.8 MiB)
	24/04/25 16:31:20 INFO BlockManagerInfo: Added broadcast_2_piece0 in memory on 15dedf891bed:33033 (size: 28.7 KiB, free: 366.2 MiB)
	24/04/25 16:31:20 INFO SparkContext: Created broadcast 2 from broadcast at DAGScheduler.scala:1585
	24/04/25 16:31:20 INFO DAGScheduler: Submitting 1 missing tasks from ResultStage 1 (MapPartitionsRDD[19] at toJavaRDD at NativeMethodAccessorImpl.java:0) (first 15 tasks are for partitions Vector(0))
	24/04/25 16:31:20 INFO TaskSchedulerImpl: Adding task set 1.0 with 1 tasks resource profile 0
	24/04/25 16:31:20 INFO TaskSetManager: Starting task 0.0 in stage 1.0 (TID 1) (15dedf891bed, executor driver, partition 0, PROCESS_LOCAL, 10096 bytes) 
	24/04/25 16:31:20 INFO Executor: Running task 0.0 in stage 1.0 (TID 1)
	24/04/25 16:31:20 INFO WholeTextFileRDD: Input split: Paths:/tmp/spark-a921383e-09b2-4d43-a46c-136c4899d036/userFiles-8d25b4f4-1fc8-4e7d-a365-4156de769d9e/676-20240425162748.json:0+186591
	24/04/25 16:31:21 INFO CodeGenerator: Code generated in 45.287979 ms
	24/04/25 16:31:21 INFO CodeGenerator: Code generated in 143.495653 ms
[INFO] 2024-04-25 16:31:22.614 +0800 -  -> 
	24/04/25 16:31:21 INFO CodeGenerator: Code generated in 49.135458 ms
	24/04/25 16:31:21 INFO PythonRunner: Times: total = 165, boot = -1904, init = 2057, finish = 12
	24/04/25 16:31:21 INFO CodeGenerator: Code generated in 69.860722 ms
	24/04/25 16:31:22 INFO CodeGenerator: Code generated in 67.4226 ms
	24/04/25 16:31:22 INFO CodeGenerator: Code generated in 118.744263 ms
	24/04/25 16:31:22 INFO PythonUDFRunner: Times: total = 776, boot = 563, init = 212, finish = 1
	24/04/25 16:31:22 INFO Executor: Finished task 0.0 in stage 1.0 (TID 1). 172332 bytes result sent to driver
	24/04/25 16:31:22 INFO TaskSetManager: Finished task 0.0 in stage 1.0 (TID 1) in 1673 ms on 15dedf891bed (executor driver) (1/1)
	24/04/25 16:31:22 INFO TaskSchedulerImpl: Removed TaskSet 1.0, whose tasks have all completed, from pool 
	24/04/25 16:31:22 INFO DAGScheduler: ResultStage 1 (collect at /tmp/dolphinscheduler/exec/process/default/13010050770016/13201021801792_115/680/1849/spark_reddit_preprocessing.py:84) finished in 1.693 s
	24/04/25 16:31:22 INFO DAGScheduler: Job 1 is finished. Cancelling potential speculative or zombie tasks for this job
	24/04/25 16:31:22 INFO TaskSchedulerImpl: Killing all running tasks in stage 1: Stage finished
	24/04/25 16:31:22 INFO DAGScheduler: Job 1 finished: collect at /tmp/dolphinscheduler/exec/process/default/13010050770016/13201021801792_115/680/1849/spark_reddit_preprocessing.py:84, took 1.710798 s
[INFO] 2024-04-25 16:31:23.624 +0800 -  -> 
	Traceback (most recent call last):
	  File "/tmp/dolphinscheduler/exec/process/default/13010050770016/13201021801792_115/680/1849/spark_reddit_preprocessing.py", line 99, in <module>
	    .save()
	     ^^^^^^
	  File "/opt/spark-3.5.1-bin-hadoop3/python/lib/pyspark.zip/pyspark/sql/readwriter.py", line 1461, in save
	  File "/opt/spark-3.5.1-bin-hadoop3/python/lib/py4j-0.10.9.7-src.zip/py4j/java_gateway.py", line 1322, in __call__
	  File "/opt/spark-3.5.1-bin-hadoop3/python/lib/pyspark.zip/pyspark/errors/exceptions/captured.py", line 179, in deco
	  File "/opt/spark-3.5.1-bin-hadoop3/python/lib/py4j-0.10.9.7-src.zip/py4j/protocol.py", line 326, in get_return_value
	py4j.protocol.Py4JJavaError: An error occurred while calling o111.save.
	: java.lang.NoClassDefFoundError: scala/$less$colon$less
		at org.apache.spark.sql.kafka010.KafkaSourceProvider.createRelation(KafkaSourceProvider.scala:180)
		at org.apache.spark.sql.execution.datasources.SaveIntoDataSourceCommand.run(SaveIntoDataSourceCommand.scala:48)
		at org.apache.spark.sql.execution.command.ExecutedCommandExec.sideEffectResult$lzycompute(commands.scala:75)
		at org.apache.spark.sql.execution.command.ExecutedCommandExec.sideEffectResult(commands.scala:73)
		at org.apache.spark.sql.execution.command.ExecutedCommandExec.executeCollect(commands.scala:84)
		at org.apache.spark.sql.execution.QueryExecution$$anonfun$eagerlyExecuteCommands$1.$anonfun$applyOrElse$1(QueryExecution.scala:107)
		at org.apache.spark.sql.execution.SQLExecution$.$anonfun$withNewExecutionId$6(SQLExecution.scala:125)
		at org.apache.spark.sql.execution.SQLExecution$.withSQLConfPropagated(SQLExecution.scala:201)
		at org.apache.spark.sql.execution.SQLExecution$.$anonfun$withNewExecutionId$1(SQLExecution.scala:108)
		at org.apache.spark.sql.SparkSession.withActive(SparkSession.scala:900)
		at org.apache.spark.sql.execution.SQLExecution$.withNewExecutionId(SQLExecution.scala:66)
		at org.apache.spark.sql.execution.QueryExecution$$anonfun$eagerlyExecuteCommands$1.applyOrElse(QueryExecution.scala:107)
		at org.apache.spark.sql.execution.QueryExecution$$anonfun$eagerlyExecuteCommands$1.applyOrElse(QueryExecution.scala:98)
		at org.apache.spark.sql.catalyst.trees.TreeNode.$anonfun$transformDownWithPruning$1(TreeNode.scala:461)
		at org.apache.spark.sql.catalyst.trees.CurrentOrigin$.withOrigin(origin.scala:76)
		at org.apache.spark.sql.catalyst.trees.TreeNode.transformDownWithPruning(TreeNode.scala:461)
		at org.apache.spark.sql.catalyst.plans.logical.LogicalPlan.org$apache$spark$sql$catalyst$plans$logical$AnalysisHelper$$super$transformDownWithPruning(LogicalPlan.scala:32)
		at org.apache.spark.sql.catalyst.plans.logical.AnalysisHelper.transformDownWithPruning(AnalysisHelper.scala:267)
		at org.apache.spark.sql.catalyst.plans.logical.AnalysisHelper.transformDownWithPruning$(AnalysisHelper.scala:263)
		at org.apache.spark.sql.catalyst.plans.logical.LogicalPlan.transformDownWithPruning(LogicalPlan.scala:32)
		at org.apache.spark.sql.catalyst.plans.logical.LogicalPlan.transformDownWithPruning(LogicalPlan.scala:32)
		at org.apache.spark.sql.catalyst.trees.TreeNode.transformDown(TreeNode.scala:437)
		at org.apache.spark.sql.execution.QueryExecution.eagerlyExecuteCommands(QueryExecution.scala:98)
		at org.apache.spark.sql.execution.QueryExecution.commandExecuted$lzycompute(QueryExecution.scala:85)
		at org.apache.spark.sql.execution.QueryExecution.commandExecuted(QueryExecution.scala:83)
		at org.apache.spark.sql.execution.QueryExecution.assertCommandExecuted(QueryExecution.scala:142)
		at org.apache.spark.sql.DataFrameWriter.runCommand(DataFrameWriter.scala:859)
		at org.apache.spark.sql.DataFrameWriter.saveToV1Source(DataFrameWriter.scala:388)
		at org.apache.spark.sql.DataFrameWriter.saveInternal(DataFrameWriter.scala:361)
		at org.apache.spark.sql.DataFrameWriter.save(DataFrameWriter.scala:248)
		at sun.reflect.NativeMethodAccessorImpl.invoke0(Native Method)
		at sun.reflect.NativeMethodAccessorImpl.invoke(NativeMethodAccessorImpl.java:62)
		at sun.reflect.DelegatingMethodAccessorImpl.invoke(DelegatingMethodAccessorImpl.java:43)
		at java.lang.reflect.Method.invoke(Method.java:498)
		at py4j.reflection.MethodInvoker.invoke(MethodInvoker.java:244)
		at py4j.reflection.ReflectionEngine.invoke(ReflectionEngine.java:374)
		at py4j.Gateway.invoke(Gateway.java:282)
		at py4j.commands.AbstractCommand.invokeMethod(AbstractCommand.java:132)
		at py4j.commands.CallCommand.execute(CallCommand.java:79)
		at py4j.ClientServerConnection.waitForCommands(ClientServerConnection.java:182)
		at py4j.ClientServerConnection.run(ClientServerConnection.java:106)
		at java.lang.Thread.run(Thread.java:750)
	Caused by: java.lang.ClassNotFoundException: scala.$less$colon$less
		at java.net.URLClassLoader.findClass(URLClassLoader.java:387)
		at java.lang.ClassLoader.loadClass(ClassLoader.java:418)
		at java.lang.ClassLoader.loadClass(ClassLoader.java:351)
		... 42 more
	
	24/04/25 16:31:23 INFO SparkContext: Invoking stop() from shutdown hook
	24/04/25 16:31:23 INFO SparkContext: SparkContext is stopping with exitCode 0.
	24/04/25 16:31:23 INFO SparkUI: Stopped Spark web UI at http://15dedf891bed:4040
	24/04/25 16:31:23 INFO MapOutputTrackerMasterEndpoint: MapOutputTrackerMasterEndpoint stopped!
	24/04/25 16:31:23 INFO MemoryStore: MemoryStore cleared
	24/04/25 16:31:23 INFO BlockManager: BlockManager stopped
	24/04/25 16:31:23 INFO BlockManagerMaster: BlockManagerMaster stopped
	24/04/25 16:31:23 INFO OutputCommitCoordinator$OutputCommitCoordinatorEndpoint: OutputCommitCoordinator stopped!
	24/04/25 16:31:23 INFO SparkContext: Successfully stopped SparkContext
	24/04/25 16:31:23 INFO ShutdownHookManager: Shutdown hook called
	24/04/25 16:31:23 INFO ShutdownHookManager: Deleting directory /tmp/spark-bfc75e29-e599-4f66-8dfc-1cfdd444c22c
	24/04/25 16:31:23 INFO ShutdownHookManager: Deleting directory /tmp/spark-a921383e-09b2-4d43-a46c-136c4899d036
	24/04/25 16:31:23 INFO ShutdownHookManager: Deleting directory /tmp/spark-a921383e-09b2-4d43-a46c-136c4899d036/pyspark-fd9ac6e0-f262-4756-9dcd-c6019253df0a
[INFO] 2024-04-25 16:31:23.628 +0800 - process has exited. execute path:/tmp/dolphinscheduler/exec/process/default/13010050770016/13201021801792_115/680/1849, processId:7255 ,exitStatusCode:1 ,processWaitForStatus:true ,processExitValue:1
[INFO] 2024-04-25 16:31:23.629 +0800 - ***********************************************************************************************
[INFO] 2024-04-25 16:31:23.630 +0800 - *********************************  Finalize task instance  ************************************
[INFO] 2024-04-25 16:31:23.630 +0800 - ***********************************************************************************************
[INFO] 2024-04-25 16:31:23.631 +0800 - Upload output files: [] successfully
[INFO] 2024-04-25 16:31:23.635 +0800 - Send task execute status: FAILURE to master : 172.18.1.1:1234
[INFO] 2024-04-25 16:31:23.635 +0800 - Remove the current task execute context from worker cache
[INFO] 2024-04-25 16:31:23.636 +0800 - The current execute mode isn't develop mode, will clear the task execute file: /tmp/dolphinscheduler/exec/process/default/13010050770016/13201021801792_115/680/1849
[INFO] 2024-04-25 16:31:23.638 +0800 - Success clear the task execute file: /tmp/dolphinscheduler/exec/process/default/13010050770016/13201021801792_115/680/1849
[INFO] 2024-04-25 16:31:23.638 +0800 - FINALIZE_SESSION
