[INFO] 2024-04-30 01:59:57.579 +0800 - ***********************************************************************************************
[INFO] 2024-04-30 01:59:57.588 +0800 - *********************************  Initialize task context  ***********************************
[INFO] 2024-04-30 01:59:57.589 +0800 - ***********************************************************************************************
[INFO] 2024-04-30 01:59:57.589 +0800 - Begin to initialize task
[INFO] 2024-04-30 01:59:57.593 +0800 - Set task startTime: 1714413597593
[INFO] 2024-04-30 01:59:57.594 +0800 - Set task appId: 782_2081
[INFO] 2024-04-30 01:59:57.605 +0800 - End initialize task {
  "taskInstanceId" : 2081,
  "taskName" : "Persist in postgresql",
  "firstSubmitTime" : 1714413597431,
  "startTime" : 1714413597593,
  "taskType" : "SQL",
  "workflowInstanceHost" : "172.18.0.3:5678",
  "host" : "172.18.1.1:1234",
  "logPath" : "/opt/dolphinscheduler/logs/20240430/13426477386080/10/782/2081.log",
  "processId" : 0,
  "processDefineCode" : 13426477386080,
  "processDefineVersion" : 10,
  "processInstanceId" : 782,
  "scheduleTime" : 0,
  "executorId" : 1,
  "cmdTypeIfComplement" : 0,
  "tenantCode" : "default",
  "processDefineId" : 0,
  "projectId" : 0,
  "projectCode" : 13010050770016,
  "taskParams" : "{\"localParams\":[],\"resourceList\":[],\"type\":\"POSTGRESQL\",\"datasource\":1,\"sql\":\"${query}\",\"sqlType\":\"0\",\"preStatements\":[],\"postStatements\":[],\"displayRows\":10}",
  "environmentConfig" : "export PYTHON_LAUNCHER=/bin/python3.11",
  "prepareParamsMap" : {
    "system.task.definition.name" : {
      "prop" : "system.task.definition.name",
      "direct" : "IN",
      "type" : "VARCHAR",
      "value" : "Persist in postgresql"
    },
    "system.project.name" : {
      "prop" : "system.project.name",
      "direct" : "IN",
      "type" : "VARCHAR",
      "value" : null
    },
    "REDDIT_HOME" : {
      "prop" : "REDDIT_HOME",
      "direct" : "IN",
      "type" : "VARCHAR",
      "value" : "/local_storage/reddit"
    },
    "query" : {
      "prop" : "query",
      "direct" : "IN",
      "type" : "VARCHAR",
      "value" : ""
    },
    "system.biz.curdate" : {
      "prop" : "system.biz.curdate",
      "direct" : "IN",
      "type" : "VARCHAR",
      "value" : "20240430"
    },
    "system.task.instance.id" : {
      "prop" : "system.task.instance.id",
      "direct" : "IN",
      "type" : "VARCHAR",
      "value" : "2081"
    },
    "system.task.definition.code" : {
      "prop" : "system.task.definition.code",
      "direct" : "IN",
      "type" : "VARCHAR",
      "value" : "13427698681952"
    },
    "system.datetime" : {
      "prop" : "system.datetime",
      "direct" : "IN",
      "type" : "VARCHAR",
      "value" : "20240430015957"
    },
    "system.project.code" : {
      "prop" : "system.project.code",
      "direct" : "IN",
      "type" : "VARCHAR",
      "value" : "13010050770016"
    },
    "system.workflow.instance.id" : {
      "prop" : "system.workflow.instance.id",
      "direct" : "IN",
      "type" : "VARCHAR",
      "value" : "782"
    },
    "system.biz.date" : {
      "prop" : "system.biz.date",
      "direct" : "IN",
      "type" : "VARCHAR",
      "value" : "20240429"
    },
    "system.workflow.definition.name" : {
      "prop" : "system.workflow.definition.name",
      "direct" : "IN",
      "type" : "VARCHAR",
      "value" : "es_filtered_data_persistence_subprocess"
    },
    "system.workflow.definition.code" : {
      "prop" : "system.workflow.definition.code",
      "direct" : "IN",
      "type" : "VARCHAR",
      "value" : "13426477386080"
    }
  },
  "taskAppId" : "782_2081",
  "taskTimeout" : 2147483647,
  "workerGroup" : "default",
  "delayTime" : 0,
  "currentExecutionStatus" : "SUBMITTED_SUCCESS",
  "resourceParametersHelper" : {
    "resourceMap" : {
      "DATASOURCE" : {
        "1" : {
          "resourceType" : "DATASOURCE",
          "type" : "POSTGRESQL",
          "connectionParams" : "{\"user\":\"root\",\"password\":\"******\",\"address\":\"jdbc:postgresql://dolphinscheduler-postgresql:5432\",\"database\":\"persistence\",\"jdbcUrl\":\"jdbc:postgresql://dolphinscheduler-postgresql:5432/persistence\",\"driverClassName\":\"org.postgresql.Driver\",\"validationQuery\":\"select version()\",\"other\":{\"password\":\"****\"}}",
          "DATASOURCE" : null
        }
      }
    }
  },
  "endTime" : 0,
  "varPool" : "[{\"prop\":\"query\",\"direct\":\"IN\",\"type\":\"VARCHAR\",\"value\":\"\"}]",
  "dryRun" : 0,
  "paramsMap" : { },
  "cpuQuota" : -1,
  "memoryMax" : -1,
  "testFlag" : 0,
  "logBufferEnable" : false,
  "dispatchFailTimes" : 0
}
[INFO] 2024-04-30 01:59:57.663 +0800 - ***********************************************************************************************
[INFO] 2024-04-30 01:59:57.664 +0800 - *********************************  Load task instance plugin  *********************************
[INFO] 2024-04-30 01:59:57.665 +0800 - ***********************************************************************************************
[INFO] 2024-04-30 01:59:57.680 +0800 - Send task status RUNNING_EXECUTION master: 172.18.1.1:1234
[INFO] 2024-04-30 01:59:57.681 +0800 - TenantCode: default check successfully
[INFO] 2024-04-30 01:59:57.682 +0800 - WorkflowInstanceExecDir: /tmp/dolphinscheduler/exec/process/default/13010050770016/13426477386080_10/782/2081 check successfully
[INFO] 2024-04-30 01:59:57.683 +0800 - Create TaskChannel: org.apache.dolphinscheduler.plugin.task.sql.SqlTaskChannel successfully
[INFO] 2024-04-30 01:59:57.714 +0800 - Download resources successfully: 
ResourceContext(resourceItemMap={})
[INFO] 2024-04-30 01:59:57.716 +0800 - Download upstream files: [] successfully
[INFO] 2024-04-30 01:59:57.726 +0800 - Initialize sql task parameter {
  "localParams" : [ ],
  "varPool" : null,
  "type" : "POSTGRESQL",
  "datasource" : 1,
  "sql" : "${query}",
  "sqlType" : 0,
  "sendEmail" : null,
  "displayRows" : 10,
  "udfs" : null,
  "showType" : null,
  "connParams" : null,
  "preStatements" : [ ],
  "postStatements" : [ ],
  "groupId" : 0,
  "title" : null,
  "limit" : 0
}
[INFO] 2024-04-30 01:59:57.735 +0800 - Task plugin instance: SQL create successfully
[INFO] 2024-04-30 01:59:57.735 +0800 - Success initialized task plugin instance successfully
[INFO] 2024-04-30 01:59:57.736 +0800 - Set taskVarPool: [{"prop":"query","direct":"IN","type":"VARCHAR","value":""}] successfully
[INFO] 2024-04-30 01:59:57.738 +0800 - ***********************************************************************************************
[INFO] 2024-04-30 01:59:57.738 +0800 - *********************************  Execute task instance  *************************************
[INFO] 2024-04-30 01:59:57.738 +0800 - ***********************************************************************************************
[INFO] 2024-04-30 01:59:57.738 +0800 - Full sql parameters: SqlParameters{type='POSTGRESQL', datasource=1, sql='${query}', sqlType=0, sendEmail=null, displayRows=10, limit=0, udfs='null', showType='null', connParams='null', groupId='0', title='null', preStatements=[], postStatements=[]}
[INFO] 2024-04-30 01:59:57.739 +0800 - sql type : POSTGRESQL, datasource : 1, sql : ${query} , localParams : [],udfs : null,showType : null,connParams : null,varPool : [Property{prop='query', direct=IN, type=VARCHAR, value=''}] ,query max result limit  0
[INFO] 2024-04-30 01:59:57.750 +0800 - start register processor: HANA
[INFO] 2024-04-30 01:59:57.751 +0800 - done register processor: HANA
[INFO] 2024-04-30 01:59:57.754 +0800 - start register processor: SQLSERVER
[INFO] 2024-04-30 01:59:57.755 +0800 - done register processor: SQLSERVER
[INFO] 2024-04-30 01:59:57.757 +0800 - start register processor: SAGEMAKER
[INFO] 2024-04-30 01:59:57.757 +0800 - done register processor: SAGEMAKER
[INFO] 2024-04-30 01:59:57.760 +0800 - start register processor: DATABEND
[INFO] 2024-04-30 01:59:57.760 +0800 - done register processor: DATABEND
[INFO] 2024-04-30 01:59:57.826 +0800 - start register processor: AZURESQL
[INFO] 2024-04-30 01:59:57.827 +0800 - done register processor: AZURESQL
[INFO] 2024-04-30 01:59:57.834 +0800 - start register processor: HIVE
[INFO] 2024-04-30 01:59:57.835 +0800 - done register processor: HIVE
[INFO] 2024-04-30 01:59:57.838 +0800 - start register processor: DORIS
[INFO] 2024-04-30 01:59:57.839 +0800 - done register processor: DORIS
[INFO] 2024-04-30 01:59:57.841 +0800 - start register processor: POSTGRESQL
[INFO] 2024-04-30 01:59:57.842 +0800 - done register processor: POSTGRESQL
[INFO] 2024-04-30 01:59:57.844 +0800 - start register processor: MYSQL
[INFO] 2024-04-30 01:59:57.844 +0800 - done register processor: MYSQL
[INFO] 2024-04-30 01:59:57.849 +0800 - start register processor: REDSHIFT
[INFO] 2024-04-30 01:59:57.850 +0800 - done register processor: REDSHIFT
[INFO] 2024-04-30 01:59:57.853 +0800 - start register processor: SNOWFLAKE
[INFO] 2024-04-30 01:59:57.854 +0800 - done register processor: SNOWFLAKE
[INFO] 2024-04-30 01:59:57.856 +0800 - start register processor: STARROCKS
[INFO] 2024-04-30 01:59:57.857 +0800 - done register processor: STARROCKS
[INFO] 2024-04-30 01:59:57.859 +0800 - start register processor: SSH
[INFO] 2024-04-30 01:59:57.860 +0800 - done register processor: SSH
[INFO] 2024-04-30 01:59:57.868 +0800 - start register processor: ATHENA
[INFO] 2024-04-30 01:59:57.868 +0800 - done register processor: ATHENA
[INFO] 2024-04-30 01:59:57.871 +0800 - start register processor: PRESTO
[INFO] 2024-04-30 01:59:57.871 +0800 - done register processor: PRESTO
[INFO] 2024-04-30 01:59:57.879 +0800 - start register processor: OCEANBASE
[INFO] 2024-04-30 01:59:57.886 +0800 - done register processor: OCEANBASE
[INFO] 2024-04-30 01:59:57.953 +0800 - start register processor: ORACLE
[INFO] 2024-04-30 01:59:57.954 +0800 - done register processor: ORACLE
[INFO] 2024-04-30 01:59:57.957 +0800 - start register processor: CLICKHOUSE
[INFO] 2024-04-30 01:59:57.960 +0800 - done register processor: CLICKHOUSE
[INFO] 2024-04-30 01:59:57.966 +0800 - start register processor: VERTICA
[INFO] 2024-04-30 01:59:57.967 +0800 - done register processor: VERTICA
[INFO] 2024-04-30 01:59:57.970 +0800 - start register processor: KYUUBI
[INFO] 2024-04-30 01:59:57.971 +0800 - done register processor: KYUUBI
[INFO] 2024-04-30 01:59:57.976 +0800 - start register processor: DB2
[INFO] 2024-04-30 01:59:57.977 +0800 - done register processor: DB2
[INFO] 2024-04-30 01:59:57.982 +0800 - start register processor: TRINO
[INFO] 2024-04-30 01:59:57.982 +0800 - done register processor: TRINO
[INFO] 2024-04-30 01:59:57.985 +0800 - start register processor: SPARK
[INFO] 2024-04-30 01:59:57.986 +0800 - done register processor: SPARK
[INFO] 2024-04-30 01:59:57.988 +0800 - start register processor: DAMENG
[INFO] 2024-04-30 01:59:57.989 +0800 - done register processor: DAMENG
[INFO] 2024-04-30 01:59:57.991 +0800 - start register processor: ZEPPELIN
[INFO] 2024-04-30 01:59:57.992 +0800 - done register processor: ZEPPELIN
[INFO] 2024-04-30 01:59:58.115 +0800 - setSqlParamsMap: Property with paramName: query put in sqlParamsMap of content ${query} successfully.
[INFO] 2024-04-30 01:59:58.115 +0800 - after replace sql , preparing : ?
[INFO] 2024-04-30 01:59:58.115 +0800 - Sql Params are replaced sql , parameters:(VARCHAR)
[INFO] 2024-04-30 01:59:58.116 +0800 - can't find udf function resource
[INFO] 2024-04-30 01:59:58.133 +0800 - Registering datasource plugin: hive
[INFO] 2024-04-30 01:59:58.135 +0800 - Registered datasource plugin: hive
[INFO] 2024-04-30 01:59:58.135 +0800 - Registering datasource plugin: vertica
[INFO] 2024-04-30 01:59:58.136 +0800 - Registered datasource plugin: vertica
[INFO] 2024-04-30 01:59:58.136 +0800 - Registering datasource plugin: doris
[INFO] 2024-04-30 01:59:58.136 +0800 - Registered datasource plugin: doris
[INFO] 2024-04-30 01:59:58.136 +0800 - Registering datasource plugin: ssh
[INFO] 2024-04-30 01:59:58.137 +0800 - Registered datasource plugin: ssh
[INFO] 2024-04-30 01:59:58.137 +0800 - Registering datasource plugin: databend
[INFO] 2024-04-30 01:59:58.137 +0800 - Registered datasource plugin: databend
[INFO] 2024-04-30 01:59:58.137 +0800 - Registering datasource plugin: sqlserver
[INFO] 2024-04-30 01:59:58.138 +0800 - Registered datasource plugin: sqlserver
[INFO] 2024-04-30 01:59:58.138 +0800 - Registering datasource plugin: postgresql
[INFO] 2024-04-30 01:59:58.138 +0800 - Registered datasource plugin: postgresql
[INFO] 2024-04-30 01:59:58.138 +0800 - Registering datasource plugin: redshift
[INFO] 2024-04-30 01:59:58.138 +0800 - Registered datasource plugin: redshift
[INFO] 2024-04-30 01:59:58.139 +0800 - Registering datasource plugin: spark
[INFO] 2024-04-30 01:59:58.139 +0800 - Registered datasource plugin: spark
[INFO] 2024-04-30 01:59:58.139 +0800 - Registering datasource plugin: oceanbase
[INFO] 2024-04-30 01:59:58.140 +0800 - Registered datasource plugin: oceanbase
[INFO] 2024-04-30 01:59:58.140 +0800 - Registering datasource plugin: starrocks
[INFO] 2024-04-30 01:59:58.141 +0800 - Registered datasource plugin: starrocks
[INFO] 2024-04-30 01:59:58.141 +0800 - Registering datasource plugin: mysql
[INFO] 2024-04-30 01:59:58.141 +0800 - Registered datasource plugin: mysql
[INFO] 2024-04-30 01:59:58.142 +0800 - Registering datasource plugin: hana
[INFO] 2024-04-30 01:59:58.142 +0800 - Registered datasource plugin: hana
[INFO] 2024-04-30 01:59:58.142 +0800 - Registering datasource plugin: sagemaker
[INFO] 2024-04-30 01:59:58.142 +0800 - Registered datasource plugin: sagemaker
[INFO] 2024-04-30 01:59:58.143 +0800 - Registering datasource plugin: dameng
[INFO] 2024-04-30 01:59:58.143 +0800 - Registered datasource plugin: dameng
[INFO] 2024-04-30 01:59:58.143 +0800 - Registering datasource plugin: snowflake
[INFO] 2024-04-30 01:59:58.143 +0800 - Registered datasource plugin: snowflake
[INFO] 2024-04-30 01:59:58.144 +0800 - Registering datasource plugin: oracle
[INFO] 2024-04-30 01:59:58.144 +0800 - Registered datasource plugin: oracle
[INFO] 2024-04-30 01:59:58.145 +0800 - Registering datasource plugin: kyuubi
[INFO] 2024-04-30 01:59:58.146 +0800 - Registered datasource plugin: kyuubi
[INFO] 2024-04-30 01:59:58.147 +0800 - Registering datasource plugin: zeppelin
[INFO] 2024-04-30 01:59:58.149 +0800 - Registered datasource plugin: zeppelin
[INFO] 2024-04-30 01:59:58.149 +0800 - Registering datasource plugin: trino
[INFO] 2024-04-30 01:59:58.150 +0800 - Registered datasource plugin: trino
[INFO] 2024-04-30 01:59:58.150 +0800 - Registering datasource plugin: db2
[INFO] 2024-04-30 01:59:58.151 +0800 - Registered datasource plugin: db2
[INFO] 2024-04-30 01:59:58.151 +0800 - Registering datasource plugin: clickhouse
[INFO] 2024-04-30 01:59:58.151 +0800 - Registered datasource plugin: clickhouse
[INFO] 2024-04-30 01:59:58.152 +0800 - Registering datasource plugin: azuresql
[INFO] 2024-04-30 01:59:58.152 +0800 - Registered datasource plugin: azuresql
[INFO] 2024-04-30 01:59:58.152 +0800 - Registering datasource plugin: athena
[INFO] 2024-04-30 01:59:58.153 +0800 - Registered datasource plugin: athena
[INFO] 2024-04-30 01:59:58.153 +0800 - Registering datasource plugin: presto
[INFO] 2024-04-30 01:59:58.153 +0800 - Registered datasource plugin: presto
[WARN] 2024-04-30 01:59:58.857 +0800 - Connect strings must start with jdbc:snowflake://
[INFO] 2024-04-30 01:59:59.179 +0800 - prepare statement replace sql : ?, sql parameters : {1=Property{prop='query', direct=IN, type=VARCHAR, value=''}}
[INFO] 2024-04-30 01:59:59.180 +0800 - main statement execute query, for sql: ?
[ERROR] 2024-04-30 01:59:59.194 +0800 - execute sql error: ERROR: syntax error at or near "$1"
  Position: 1
[ERROR] 2024-04-30 01:59:59.197 +0800 - sql task error
org.postgresql.util.PSQLException: ERROR: syntax error at or near "$1"
  Position: 1
	at org.postgresql.core.v3.QueryExecutorImpl.receiveErrorResponse(QueryExecutorImpl.java:2676)
	at org.postgresql.core.v3.QueryExecutorImpl.processResults(QueryExecutorImpl.java:2366)
	at org.postgresql.core.v3.QueryExecutorImpl.execute(QueryExecutorImpl.java:356)
	at org.postgresql.jdbc.PgStatement.executeInternal(PgStatement.java:490)
	at org.postgresql.jdbc.PgStatement.execute(PgStatement.java:408)
	at org.postgresql.jdbc.PgPreparedStatement.executeWithFlags(PgPreparedStatement.java:181)
	at org.postgresql.jdbc.PgPreparedStatement.executeQuery(PgPreparedStatement.java:133)
	at org.apache.dolphinscheduler.plugin.task.sql.SqlTask.executeQuery(SqlTask.java:317)
	at org.apache.dolphinscheduler.plugin.task.sql.SqlTask.executeFuncAndSql(SqlTask.java:205)
	at org.apache.dolphinscheduler.plugin.task.sql.SqlTask.handle(SqlTask.java:159)
	at org.apache.dolphinscheduler.server.worker.runner.DefaultWorkerTaskExecutor.executeTask(DefaultWorkerTaskExecutor.java:54)
	at org.apache.dolphinscheduler.server.worker.runner.WorkerTaskExecutor.run(WorkerTaskExecutor.java:175)
	at java.util.concurrent.ThreadPoolExecutor.runWorker(ThreadPoolExecutor.java:1149)
	at java.util.concurrent.ThreadPoolExecutor$Worker.run(ThreadPoolExecutor.java:624)
	at java.lang.Thread.run(Thread.java:750)
[ERROR] 2024-04-30 01:59:59.198 +0800 - Task execute failed, due to meet an exception
org.apache.dolphinscheduler.plugin.task.api.TaskException: Execute sql task failed
	at org.apache.dolphinscheduler.plugin.task.sql.SqlTask.handle(SqlTask.java:166)
	at org.apache.dolphinscheduler.server.worker.runner.DefaultWorkerTaskExecutor.executeTask(DefaultWorkerTaskExecutor.java:54)
	at org.apache.dolphinscheduler.server.worker.runner.WorkerTaskExecutor.run(WorkerTaskExecutor.java:175)
	at java.util.concurrent.ThreadPoolExecutor.runWorker(ThreadPoolExecutor.java:1149)
	at java.util.concurrent.ThreadPoolExecutor$Worker.run(ThreadPoolExecutor.java:624)
	at java.lang.Thread.run(Thread.java:750)
Caused by: org.postgresql.util.PSQLException: ERROR: syntax error at or near "$1"
  Position: 1
	at org.postgresql.core.v3.QueryExecutorImpl.receiveErrorResponse(QueryExecutorImpl.java:2676)
	at org.postgresql.core.v3.QueryExecutorImpl.processResults(QueryExecutorImpl.java:2366)
	at org.postgresql.core.v3.QueryExecutorImpl.execute(QueryExecutorImpl.java:356)
	at org.postgresql.jdbc.PgStatement.executeInternal(PgStatement.java:490)
	at org.postgresql.jdbc.PgStatement.execute(PgStatement.java:408)
	at org.postgresql.jdbc.PgPreparedStatement.executeWithFlags(PgPreparedStatement.java:181)
	at org.postgresql.jdbc.PgPreparedStatement.executeQuery(PgPreparedStatement.java:133)
	at org.apache.dolphinscheduler.plugin.task.sql.SqlTask.executeQuery(SqlTask.java:317)
	at org.apache.dolphinscheduler.plugin.task.sql.SqlTask.executeFuncAndSql(SqlTask.java:205)
	at org.apache.dolphinscheduler.plugin.task.sql.SqlTask.handle(SqlTask.java:159)
	... 5 common frames omitted
[INFO] 2024-04-30 01:59:59.199 +0800 - Get appIds from worker 172.18.1.1:1234, taskLogPath: /opt/dolphinscheduler/logs/20240430/13426477386080/10/782/2081.log
[INFO] 2024-04-30 01:59:59.199 +0800 - Start finding appId in /opt/dolphinscheduler/logs/20240430/13426477386080/10/782/2081.log, fetch way: log 
[INFO] 2024-04-30 01:59:59.200 +0800 - The appId is empty
[INFO] 2024-04-30 01:59:59.203 +0800 - Cancel the task successfully
[INFO] 2024-04-30 01:59:59.213 +0800 - Get a exception when execute the task, will send the task status: FAILURE to master: 172.18.1.1:1234
[INFO] 2024-04-30 01:59:59.214 +0800 - FINALIZE_SESSION
