[INFO] 2024-05-07 16:49:48.518 +0800 - ***********************************************************************************************
[INFO] 2024-05-07 16:49:48.543 +0800 - *********************************  Initialize task context  ***********************************
[INFO] 2024-05-07 16:49:48.543 +0800 - ***********************************************************************************************
[INFO] 2024-05-07 16:49:48.543 +0800 - Begin to initialize task
[INFO] 2024-05-07 16:49:48.543 +0800 - Set task startTime: 1715071788543
[INFO] 2024-05-07 16:49:48.543 +0800 - Set task appId: 1110_4012
[INFO] 2024-05-07 16:49:48.544 +0800 - End initialize task {
  "taskInstanceId" : 4012,
  "taskName" : "duplicate_check",
  "firstSubmitTime" : 1715071788393,
  "startTime" : 1715071788543,
  "taskType" : "DATA_QUALITY",
  "workflowInstanceHost" : "172.18.0.14:5678",
  "host" : "172.18.1.1:1234",
  "logPath" : "/opt/dolphinscheduler/logs/20240507/13520356270336/10/1110/4012.log",
  "processId" : 0,
  "processDefineCode" : 13520356270336,
  "processDefineVersion" : 10,
  "processInstanceId" : 1110,
  "scheduleTime" : 0,
  "executorId" : 1,
  "cmdTypeIfComplement" : 0,
  "tenantCode" : "default",
  "processDefineId" : 0,
  "projectId" : 0,
  "projectCode" : 13001194483488,
  "taskParams" : "{\"localParams\":[],\"resourceList\":[],\"ruleId\":6,\"ruleInputParameter\":{\"check_type\":\"0\",\"comparison_type\":1,\"comparison_name\":\"0\",\"failure_strategy\":\"1\",\"operator\":\"0\",\"src_connector_type\":1,\"src_datasource_id\":5,\"src_database\":\"gnews_article_hash_db\",\"src_field\":\"hash\",\"src_table\":\"article_hashes\",\"threshold\":\"0\"},\"sparkParameters\":{\"deployMode\":\"local\",\"driverCores\":1,\"driverMemory\":\"512M\",\"executorCores\":1,\"executorMemory\":\"1G\",\"numExecutors\":1,\"others\":\"--conf spark.driver.extraJavaOptions=\\\"-Divy.cache.dir=/tmp -Divy.home=/tmp\\\" \\\\\\n--class org.apache.commons.MainClass \\\\\\n--packages org.postgresql:postgresql:42.7.3, org.apache.commons:commons-collections4:4.4\",\"yarnQueue\":\"\"}}",
  "environmentConfig" : "export SPARK_HOME=/opt/spark-2.4.0-bin-hadoop2.7\nexport JAVA_HOME=/opt/java/openjdk",
  "prepareParamsMap" : {
    "system.task.definition.name" : {
      "prop" : "system.task.definition.name",
      "direct" : "IN",
      "type" : "VARCHAR",
      "value" : "duplicate_check"
    },
    "system.project.name" : {
      "prop" : "system.project.name",
      "direct" : "IN",
      "type" : "VARCHAR",
      "value" : null
    },
    "system.project.code" : {
      "prop" : "system.project.code",
      "direct" : "IN",
      "type" : "VARCHAR",
      "value" : "13001194483488"
    },
    "system.workflow.instance.id" : {
      "prop" : "system.workflow.instance.id",
      "direct" : "IN",
      "type" : "VARCHAR",
      "value" : "1110"
    },
    "system.biz.curdate" : {
      "prop" : "system.biz.curdate",
      "direct" : "IN",
      "type" : "VARCHAR",
      "value" : "20240507"
    },
    "system.biz.date" : {
      "prop" : "system.biz.date",
      "direct" : "IN",
      "type" : "VARCHAR",
      "value" : "20240506"
    },
    "system.task.instance.id" : {
      "prop" : "system.task.instance.id",
      "direct" : "IN",
      "type" : "VARCHAR",
      "value" : "4012"
    },
    "system.workflow.definition.name" : {
      "prop" : "system.workflow.definition.name",
      "direct" : "IN",
      "type" : "VARCHAR",
      "value" : "duplicate_check"
    },
    "system.task.definition.code" : {
      "prop" : "system.task.definition.code",
      "direct" : "IN",
      "type" : "VARCHAR",
      "value" : "13520346003328"
    },
    "system.workflow.definition.code" : {
      "prop" : "system.workflow.definition.code",
      "direct" : "IN",
      "type" : "VARCHAR",
      "value" : "13520356270336"
    },
    "system.datetime" : {
      "prop" : "system.datetime",
      "direct" : "IN",
      "type" : "VARCHAR",
      "value" : "20240507164948"
    }
  },
  "taskAppId" : "1110_4012",
  "taskTimeout" : 2147483647,
  "workerGroup" : "default",
  "delayTime" : 0,
  "currentExecutionStatus" : "SUBMITTED_SUCCESS",
  "endTime" : 0,
  "dryRun" : 0,
  "paramsMap" : { },
  "dataQualityTaskExecutionContext" : {
    "ruleId" : 6,
    "ruleName" : "$t(uniqueness_check)",
    "ruleType" : 0,
    "ruleInputEntryList" : "[{\"id\":1,\"field\":\"src_connector_type\",\"type\":\"select\",\"title\":\"$t(src_connector_type)\",\"data\":\"\",\"options\":\"[{\\\"label\\\":\\\"HIVE\\\",\\\"value\\\":\\\"HIVE\\\"},{\\\"label\\\":\\\"JDBC\\\",\\\"value\\\":\\\"JDBC\\\"}]\",\"placeholder\":\"please select source connector type\",\"optionSourceType\":2,\"dataType\":2,\"inputType\":0,\"isShow\":true,\"canEdit\":true,\"isEmit\":true,\"isValidate\":false,\"valuesMap\":null,\"index\":1,\"createTime\":null,\"updateTime\":null},{\"id\":2,\"field\":\"src_datasource_id\",\"type\":\"select\",\"title\":\"$t(src_datasource_id)\",\"data\":\"\",\"options\":null,\"placeholder\":\"please select source datasource id\",\"optionSourceType\":1,\"dataType\":2,\"inputType\":0,\"isShow\":true,\"canEdit\":true,\"isEmit\":true,\"isValidate\":false,\"valuesMap\":null,\"index\":2,\"createTime\":null,\"updateTime\":null},{\"id\":30,\"field\":\"src_database\",\"type\":\"select\",\"title\":\"$t(src_database)\",\"data\":null,\"options\":null,\"placeholder\":\"Please select source database\",\"optionSourceType\":0,\"dataType\":0,\"inputType\":0,\"isShow\":true,\"canEdit\":true,\"isEmit\":true,\"isValidate\":true,\"valuesMap\":null,\"index\":2,\"createTime\":null,\"updateTime\":null},{\"id\":3,\"field\":\"src_table\",\"type\":\"select\",\"title\":\"$t(src_table)\",\"data\":null,\"options\":null,\"placeholder\":\"Please enter source table name\",\"optionSourceType\":0,\"dataType\":0,\"inputType\":0,\"isShow\":true,\"canEdit\":true,\"isEmit\":true,\"isValidate\":true,\"valuesMap\":null,\"index\":3,\"createTime\":null,\"updateTime\":null},{\"id\":4,\"field\":\"src_filter\",\"type\":\"input\",\"title\":\"$t(src_filter)\",\"data\":null,\"options\":null,\"placeholder\":\"Please enter filter expression\",\"optionSourceType\":0,\"dataType\":3,\"inputType\":0,\"isShow\":true,\"canEdit\":true,\"isEmit\":false,\"isValidate\":false,\"valuesMap\":null,\"index\":4,\"createTime\":null,\"updateTime\":null},{\"id\":5,\"field\":\"src_field\",\"type\":\"select\",\"title\":\"$t(src_field)\",\"data\":null,\"options\":null,\"placeholder\":\"Please enter column, only single column is supported\",\"optionSourceType\":0,\"dataType\":0,\"inputType\":0,\"isShow\":true,\"canEdit\":true,\"isEmit\":false,\"isValidate\":true,\"valuesMap\":null,\"index\":5,\"createTime\":null,\"updateTime\":null},{\"id\":6,\"field\":\"statistics_name\",\"type\":\"input\",\"title\":\"$t(statistics_name)\",\"data\":\"duplicate_count.duplicates\",\"options\":null,\"placeholder\":\"Please enter statistics name, the alias in statistics execute sql\",\"optionSourceType\":0,\"dataType\":0,\"inputType\":1,\"isShow\":false,\"canEdit\":false,\"isEmit\":false,\"isValidate\":true,\"valuesMap\":\"{\\\"statistics_name\\\":\\\"duplicate_count.duplicates\\\"}\",\"index\":6,\"createTime\":null,\"updateTime\":null},{\"id\":7,\"field\":\"check_type\",\"type\":\"select\",\"title\":\"$t(check_type)\",\"data\":\"0\",\"options\":\"[{\\\"label\\\":\\\"Expected - Actual\\\",\\\"value\\\":\\\"0\\\"},{\\\"label\\\":\\\"Actual - Expected\\\",\\\"value\\\":\\\"1\\\"},{\\\"label\\\":\\\"Actual / Expected\\\",\\\"value\\\":\\\"2\\\"},{\\\"label\\\":\\\"(Expected - Actual) / Expected\\\",\\\"value\\\":\\\"3\\\"}]\",\"placeholder\":\"please select check type\",\"optionSourceType\":0,\"dataType\":0,\"inputType\":3,\"isShow\":true,\"canEdit\":true,\"isEmit\":true,\"isValidate\":false,\"valuesMap\":null,\"index\":7,\"createTime\":null,\"updateTime\":null},{\"id\":8,\"field\":\"operator\",\"type\":\"select\",\"title\":\"$t(operator)\",\"data\":\"0\",\"options\":\"[{\\\"label\\\":\\\"=\\\",\\\"value\\\":\\\"0\\\"},{\\\"label\\\":\\\"<\\\",\\\"value\\\":\\\"1\\\"},{\\\"label\\\":\\\"<=\\\",\\\"value\\\":\\\"2\\\"},{\\\"label\\\":\\\">\\\",\\\"value\\\":\\\"3\\\"},{\\\"label\\\":\\\">=\\\",\\\"value\\\":\\\"4\\\"},{\\\"label\\\":\\\"!=\\\",\\\"value\\\":\\\"5\\\"}]\",\"placeholder\":\"please select operator\",\"optionSourceType\":0,\"dataType\":0,\"inputType\":3,\"isShow\":true,\"canEdit\":true,\"isEmit\":false,\"isValidate\":false,\"valuesMap\":null,\"index\":8,\"createTime\":null,\"updateTime\":null},{\"id\":9,\"field\":\"threshold\",\"type\":\"input\",\"title\":\"$t(threshold)\",\"data\":null,\"options\":null,\"placeholder\":\"Please enter threshold, number is needed\",\"optionSourceType\":0,\"dataType\":2,\"inputType\":3,\"isShow\":true,\"canEdit\":true,\"isEmit\":false,\"isValidate\":true,\"valuesMap\":null,\"index\":9,\"createTime\":null,\"updateTime\":null},{\"id\":10,\"field\":\"failure_strategy\",\"type\":\"select\",\"title\":\"$t(failure_strategy)\",\"data\":\"0\",\"options\":\"[{\\\"label\\\":\\\"Alert\\\",\\\"value\\\":\\\"0\\\"},{\\\"label\\\":\\\"Block\\\",\\\"value\\\":\\\"1\\\"}]\",\"placeholder\":\"please select failure strategy\",\"optionSourceType\":0,\"dataType\":0,\"inputType\":3,\"isShow\":true,\"canEdit\":true,\"isEmit\":false,\"isValidate\":false,\"valuesMap\":null,\"index\":10,\"createTime\":null,\"updateTime\":null},{\"id\":17,\"field\":\"comparison_name\",\"type\":\"input\",\"title\":\"$t(comparison_name)\",\"data\":null,\"options\":null,\"placeholder\":\"Please enter comparison name, the alias in comparison execute sql\",\"optionSourceType\":0,\"dataType\":0,\"inputType\":0,\"isShow\":false,\"canEdit\":false,\"isEmit\":false,\"isValidate\":true,\"valuesMap\":\"\",\"index\":11,\"createTime\":null,\"updateTime\":null},{\"id\":19,\"field\":\"comparison_type\",\"type\":\"select\",\"title\":\"$t(comparison_type)\",\"data\":\"\",\"options\":null,\"placeholder\":\"Please enter comparison title\",\"optionSourceType\":3,\"dataType\":0,\"inputType\":2,\"isShow\":true,\"canEdit\":false,\"isEmit\":true,\"isValidate\":false,\"valuesMap\":null,\"index\":12,\"createTime\":null,\"updateTime\":null}]",
    "executeSqlList" : "[{\"id\":6,\"index\":1,\"sql\":\"SELECT ${src_field} FROM ${src_table} group by ${src_field} having count(*) > 1\",\"tableAlias\":\"duplicate_items\",\"type\":0,\"createTime\":\"2021-03-03 11:31:24\",\"updateTime\":\"2021-03-03 11:31:24\",\"errorOutputSql\":true},{\"id\":7,\"index\":1,\"sql\":\"SELECT COUNT(*) AS duplicates FROM duplicate_items\",\"tableAlias\":\"duplicate_count\",\"type\":1,\"createTime\":\"2021-03-03 11:31:24\",\"updateTime\":\"2021-03-03 11:31:24\",\"errorOutputSql\":false}]",
    "comparisonNeedStatisticsValueTable" : false,
    "compareWithFixedValue" : true,
    "hdfsPath" : "hdfs://mycluster:8020/user/default/data_quality_error_data",
    "sourceConnectorType" : "JDBC",
    "sourceType" : 1,
    "sourceConnectionParams" : "{\"user\":\"root\",\"password\":\"******\",\"address\":\"jdbc:postgresql://dolphinscheduler-postgresql:5432\",\"database\":\"gnews_article_hash_db\",\"jdbcUrl\":\"jdbc:postgresql://dolphinscheduler-postgresql:5432/gnews_article_hash_db\",\"driverClassName\":\"org.postgresql.Driver\",\"validationQuery\":\"select version()\",\"other\":{\"password\":\"****\"}}",
    "targetConnectorType" : null,
    "targetType" : 0,
    "targetConnectionParams" : null,
    "writerConnectorType" : "JDBC",
    "writerType" : 1,
    "writerTable" : "t_ds_dq_execute_result",
    "writerConnectionParams" : "{\"user\":\"root\",\"password\":\"****\",\"address\":\"jdbc:postgresql://dolphinscheduler-postgresql:5432\",\"database\":\"dolphinscheduler\",\"jdbcUrl\":\"jdbc:postgresql://dolphinscheduler-postgresql:5432/dolphinscheduler\"}",
    "statisticsValueConnectorType" : "JDBC",
    "statisticsValueType" : 1,
    "statisticsValueTable" : "t_ds_dq_task_statistics_value",
    "statisticsValueWriterConnectionParams" : "{\"user\":\"root\",\"password\":\"****\",\"address\":\"jdbc:postgresql://dolphinscheduler-postgresql:5432\",\"database\":\"dolphinscheduler\",\"jdbcUrl\":\"jdbc:postgresql://dolphinscheduler-postgresql:5432/dolphinscheduler\"}"
  },
  "cpuQuota" : -1,
  "memoryMax" : -1,
  "testFlag" : 0,
  "logBufferEnable" : false,
  "dispatchFailTimes" : 0
}
[INFO] 2024-05-07 16:49:48.546 +0800 - ***********************************************************************************************
[INFO] 2024-05-07 16:49:48.552 +0800 - *********************************  Load task instance plugin  *********************************
[INFO] 2024-05-07 16:49:48.554 +0800 - ***********************************************************************************************
[INFO] 2024-05-07 16:49:48.584 +0800 - Send task status RUNNING_EXECUTION master: 172.18.1.1:1234
[INFO] 2024-05-07 16:49:48.585 +0800 - TenantCode: default check successfully
[INFO] 2024-05-07 16:49:48.585 +0800 - WorkflowInstanceExecDir: /tmp/dolphinscheduler/exec/process/default/13001194483488/13520356270336_10/1110/4012 check successfully
[INFO] 2024-05-07 16:49:48.586 +0800 - Create TaskChannel: org.apache.dolphinscheduler.plugin.task.dq.DataQualityTaskChannel successfully
[INFO] 2024-05-07 16:49:48.586 +0800 - Download resources successfully: 
ResourceContext(resourceItemMap={})
[INFO] 2024-05-07 16:49:48.586 +0800 - Download upstream files: [] successfully
[INFO] 2024-05-07 16:49:48.586 +0800 - Task plugin instance: DATA_QUALITY create successfully
[INFO] 2024-05-07 16:49:48.586 +0800 - Initialize data quality task params {
  "localParams" : [ ],
  "varPool" : null,
  "ruleId" : 6,
  "ruleInputParameter" : {
    "check_type" : "0",
    "comparison_type" : "1",
    "comparison_name" : "0",
    "failure_strategy" : "1",
    "operator" : "0",
    "src_connector_type" : "1",
    "src_datasource_id" : "5",
    "src_database" : "gnews_article_hash_db",
    "src_field" : "hash",
    "src_table" : "article_hashes",
    "threshold" : "0"
  },
  "sparkParameters" : {
    "localParams" : null,
    "varPool" : null,
    "mainJar" : null,
    "mainClass" : null,
    "deployMode" : "local",
    "mainArgs" : null,
    "driverCores" : 1,
    "driverMemory" : "512M",
    "numExecutors" : 1,
    "executorCores" : 1,
    "executorMemory" : "1G",
    "appName" : null,
    "yarnQueue" : "",
    "others" : "--conf spark.driver.extraJavaOptions=\"-Divy.cache.dir=/tmp -Divy.home=/tmp\" \\\n--class org.apache.commons.MainClass \\\n--packages org.postgresql:postgresql:42.7.3, org.apache.commons:commons-collections4:4.4",
    "programType" : null,
    "resourceList" : [ ]
  }
}
[INFO] 2024-05-07 16:49:48.589 +0800 - data quality configuration: {
  "name" : "$t(uniqueness_check)",
  "env" : {
    "type" : "batch",
    "config" : null
  },
  "readers" : [ {
    "type" : "JDBC",
    "config" : {
      "database" : "gnews_article_hash_db",
      "password" : "******",
      "driver" : "org.postgresql.Driver",
      "user" : "root",
      "output_table" : "gnews_article_hash_db_article_hashes",
      "table" : "article_hashes",
      "url" : "jdbc:postgresql://dolphinscheduler-postgresql:5432/gnews_article_hash_db?password=root"
    }
  } ],
  "transformers" : [ {
    "type" : "sql",
    "config" : {
      "index" : 1,
      "output_table" : "duplicate_items",
      "sql" : "SELECT hash FROM gnews_article_hash_db_article_hashes group by hash having count(*) > 1"
    }
  }, {
    "type" : "sql",
    "config" : {
      "index" : 2,
      "output_table" : "duplicate_count",
      "sql" : "SELECT COUNT(*) AS duplicates FROM duplicate_items"
    }
  } ],
  "writers" : [ {
    "type" : "JDBC",
    "config" : {
      "database" : "dolphinscheduler",
      "password" : "****",
      "driver" : "org.postgresql.Driver",
      "user" : "root",
      "table" : "t_ds_dq_execute_result",
      "url" : "jdbc:postgresql://dolphinscheduler-postgresql:5432/dolphinscheduler",
      "sql" : "select 0 as rule_type,'$t(uniqueness_check)' as rule_name,0 as process_definition_id,1110 as process_instance_id,4012 as task_instance_id,duplicate_count.duplicates AS statistics_value,0 AS comparison_value,1 AS comparison_type,0 as check_type,0 as threshold,0 as operator,1 as failure_strategy,'hdfs://mycluster:8020/user/default/data_quality_error_data/0_1110_duplicate_check' as error_output_path,'2024-05-07 16:49:48' as create_time,'2024-05-07 16:49:48' as update_time from duplicate_count "
    }
  }, {
    "type" : "JDBC",
    "config" : {
      "database" : "dolphinscheduler",
      "password" : "****",
      "driver" : "org.postgresql.Driver",
      "user" : "root",
      "table" : "t_ds_dq_task_statistics_value",
      "url" : "jdbc:postgresql://dolphinscheduler-postgresql:5432/dolphinscheduler",
      "sql" : "select 0 as process_definition_id,4012 as task_instance_id,6 as rule_id,'DZCW3I5WNG8NHLKOL6KOERQY9YLFPIMPJZG2BME8ELS=' as unique_code,'duplicate_count.duplicates'AS statistics_name,duplicate_count.duplicates AS statistics_value,'2024-05-07 16:49:48' as data_time,'2024-05-07 16:49:48' as create_time,'2024-05-07 16:49:48' as update_time from duplicate_count"
    }
  }, {
    "type" : "hdfs_file",
    "config" : {
      "path" : "hdfs://mycluster:8020/user/default/data_quality_error_data/0_1110_duplicate_check",
      "input_table" : "duplicate_items"
    }
  } ]
}
[INFO] 2024-05-07 16:49:48.591 +0800 - Trying to get data quality jar in path
[INFO] 2024-05-07 16:49:48.592 +0800 - Success initialized task plugin instance successfully
[INFO] 2024-05-07 16:49:48.593 +0800 - Set taskVarPool: null successfully
[INFO] 2024-05-07 16:49:48.593 +0800 - ***********************************************************************************************
[INFO] 2024-05-07 16:49:48.593 +0800 - *********************************  Execute task instance  *************************************
[INFO] 2024-05-07 16:49:48.593 +0800 - ***********************************************************************************************
[INFO] 2024-05-07 16:49:48.596 +0800 - Final Shell file is: 
[INFO] 2024-05-07 16:49:48.597 +0800 - ****************************** Script Content *****************************************************************
[INFO] 2024-05-07 16:49:48.597 +0800 - #!/bin/bash
BASEDIR=$(cd `dirname $0`; pwd)
cd $BASEDIR
export SPARK_HOME=/opt/spark-2.4.0-bin-hadoop2.7
export JAVA_HOME=/opt/java/openjdk
${SPARK_HOME}/bin/spark-submit --master local --driver-cores 1 --driver-memory 512M --num-executors 1 --executor-cores 1 --executor-memory 1G --conf spark.driver.extraJavaOptions="-Divy.cache.dir=/tmp -Divy.home=/tmp" \
--class org.apache.commons.MainClass \
--packages org.postgresql:postgresql:42.7.3, org.apache.commons:commons-collections4:4.4 /opt/dolphinscheduler/conf/../libs/dolphinscheduler-data-quality-3.2.1.jar "{\"name\":\"$t(uniqueness_check)\",\"env\":{\"type\":\"batch\",\"config\":null},\"readers\":[{\"type\":\"JDBC\",\"config\":{\"database\":\"gnews_article_hash_db\",\"password\":\"******\",\"driver\":\"org.postgresql.Driver\",\"user\":\"root\",\"output_table\":\"gnews_article_hash_db_article_hashes\",\"table\":\"article_hashes\",\"url\":\"jdbc:postgresql://dolphinscheduler-postgresql:5432/gnews_article_hash_db?password=root\"} }],\"transformers\":[{\"type\":\"sql\",\"config\":{\"index\":1,\"output_table\":\"duplicate_items\",\"sql\":\"SELECT hash FROM gnews_article_hash_db_article_hashes group by hash having count(*) > 1\"} },{\"type\":\"sql\",\"config\":{\"index\":2,\"output_table\":\"duplicate_count\",\"sql\":\"SELECT COUNT(*) AS duplicates FROM duplicate_items\"} }],\"writers\":[{\"type\":\"JDBC\",\"config\":{\"database\":\"dolphinscheduler\",\"password\":\"****\",\"driver\":\"org.postgresql.Driver\",\"user\":\"root\",\"table\":\"t_ds_dq_execute_result\",\"url\":\"jdbc:postgresql://dolphinscheduler-postgresql:5432/dolphinscheduler\",\"sql\":\"select 0 as rule_type,'$t(uniqueness_check)' as rule_name,0 as process_definition_id,1110 as process_instance_id,4012 as task_instance_id,duplicate_count.duplicates AS statistics_value,0 AS comparison_value,1 AS comparison_type,0 as check_type,0 as threshold,0 as operator,1 as failure_strategy,'hdfs://mycluster:8020/user/default/data_quality_error_data/0_1110_duplicate_check' as error_output_path,'2024-05-07 16:49:48' as create_time,'2024-05-07 16:49:48' as update_time from duplicate_count \"} },{\"type\":\"JDBC\",\"config\":{\"database\":\"dolphinscheduler\",\"password\":\"****\",\"driver\":\"org.postgresql.Driver\",\"user\":\"root\",\"table\":\"t_ds_dq_task_statistics_value\",\"url\":\"jdbc:postgresql://dolphinscheduler-postgresql:5432/dolphinscheduler\",\"sql\":\"select 0 as process_definition_id,4012 as task_instance_id,6 as rule_id,'DZCW3I5WNG8NHLKOL6KOERQY9YLFPIMPJZG2BME8ELS=' as unique_code,'duplicate_count.duplicates'AS statistics_name,duplicate_count.duplicates AS statistics_value,'2024-05-07 16:49:48' as data_time,'2024-05-07 16:49:48' as create_time,'2024-05-07 16:49:48' as update_time from duplicate_count\"} },{\"type\":\"hdfs_file\",\"config\":{\"path\":\"hdfs://mycluster:8020/user/default/data_quality_error_data/0_1110_duplicate_check\",\"input_table\":\"duplicate_items\"} }]}"
[INFO] 2024-05-07 16:49:48.598 +0800 - ****************************** Script Content *****************************************************************
[INFO] 2024-05-07 16:49:48.598 +0800 - Executing shell command : sudo -u default -i /tmp/dolphinscheduler/exec/process/default/13001194483488/13520356270336_10/1110/4012/1110_4012.sh
[INFO] 2024-05-07 16:49:48.665 +0800 - process start, process id is: 2578
[INFO] 2024-05-07 16:49:48.711 +0800 -  -> 
	sudo: unable to change directory to /home/default: No such file or directory
[INFO] 2024-05-07 16:49:51.860 +0800 -  -> 
	Ivy Default Cache set to: /tmp
	The jars for the packages stored in: /tmp/jars
[INFO] 2024-05-07 16:49:52.861 +0800 -  -> 
	:: loading settings :: url = jar:file:/opt/spark-2.4.0-bin-hadoop2.7/jars/ivy-2.4.0.jar!/org/apache/ivy/core/settings/ivysettings.xml
	org.postgresql#postgresql added as a dependency
	:: resolving dependencies :: org.apache.spark#spark-submit-parent-4e520007-22f4-431f-bd25-60e22ae71ab9;1.0
		confs: [default]
[INFO] 2024-05-07 16:49:53.865 +0800 -  -> 
		found org.postgresql#postgresql;42.7.3 in central
		found org.checkerframework#checker-qual;3.42.0 in central
	:: resolution report :: resolve 796ms :: artifacts dl 18ms
		:: modules in use:
		org.checkerframework#checker-qual;3.42.0 from central in [default]
		org.postgresql#postgresql;42.7.3 from central in [default]
		---------------------------------------------------------------------
		|                  |            modules            ||   artifacts   |
		|       conf       | number| search|dwnlded|evicted|| number|dwnlded|
		---------------------------------------------------------------------
		|      default     |   2   |   0   |   0   |   0   ||   2   |   0   |
		---------------------------------------------------------------------
	:: retrieving :: org.apache.spark#spark-submit-parent-4e520007-22f4-431f-bd25-60e22ae71ab9
		confs: [default]
		0 artifacts copied, 2 already retrieved (0kB/7ms)
[INFO] 2024-05-07 16:49:54.886 +0800 -  -> 
	2024-05-07 16:49:54 WARN  NativeCodeLoader:62 - Unable to load native-hadoop library for your platform... using builtin-java classes where applicable
[INFO] 2024-05-07 16:49:55.892 +0800 -  -> 
	Exception in thread "main" java.lang.NullPointerException
		at org.apache.hadoop.fs.Path.getName(Path.java:337)
		at org.apache.spark.deploy.DependencyUtils$.downloadFile(DependencyUtils.scala:135)
		at org.apache.spark.deploy.SparkSubmit$$anonfun$prepareSubmitEnvironment$7.apply(SparkSubmit.scala:367)
		at org.apache.spark.deploy.SparkSubmit$$anonfun$prepareSubmitEnvironment$7.apply(SparkSubmit.scala:367)
		at scala.Option.map(Option.scala:146)
		at org.apache.spark.deploy.SparkSubmit.prepareSubmitEnvironment(SparkSubmit.scala:366)
		at org.apache.spark.deploy.SparkSubmit.submit(SparkSubmit.scala:143)
		at org.apache.spark.deploy.SparkSubmit.doSubmit(SparkSubmit.scala:86)
		at org.apache.spark.deploy.SparkSubmit$$anon$2.doSubmit(SparkSubmit.scala:924)
		at org.apache.spark.deploy.SparkSubmit$.main(SparkSubmit.scala:933)
		at org.apache.spark.deploy.SparkSubmit.main(SparkSubmit.scala)
[INFO] 2024-05-07 16:49:55.896 +0800 - process has exited. execute path:/tmp/dolphinscheduler/exec/process/default/13001194483488/13520356270336_10/1110/4012, processId:2578 ,exitStatusCode:1 ,processWaitForStatus:true ,processExitValue:1
[INFO] 2024-05-07 16:49:55.898 +0800 - Start finding appId in /opt/dolphinscheduler/logs/20240507/13520356270336/10/1110/4012.log, fetch way: log 
[INFO] 2024-05-07 16:49:55.899 +0800 - ***********************************************************************************************
[INFO] 2024-05-07 16:49:55.900 +0800 - *********************************  Finalize task instance  ************************************
[INFO] 2024-05-07 16:49:55.901 +0800 - ***********************************************************************************************
[INFO] 2024-05-07 16:49:55.901 +0800 - Upload output files: [] successfully
[INFO] 2024-05-07 16:49:55.905 +0800 - Send task execute status: FAILURE to master : 172.18.1.1:1234
[INFO] 2024-05-07 16:49:55.906 +0800 - Remove the current task execute context from worker cache
[INFO] 2024-05-07 16:49:55.906 +0800 - The current execute mode isn't develop mode, will clear the task execute file: /tmp/dolphinscheduler/exec/process/default/13001194483488/13520356270336_10/1110/4012
[INFO] 2024-05-07 16:49:55.907 +0800 - Success clear the task execute file: /tmp/dolphinscheduler/exec/process/default/13001194483488/13520356270336_10/1110/4012
[INFO] 2024-05-07 16:49:55.907 +0800 - FINALIZE_SESSION
