[INFO] 2024-05-04 00:56:55.464 +0800 - Submit LogicTask: check file existence  to MasterTaskExecutorThreadPool success
[INFO] 2024-05-04 00:56:55.465 +0800 - ***********************************************************************************************
[INFO] 2024-05-04 00:56:55.485 +0800 - *********************************  Initialize task context  ***********************************
[INFO] 2024-05-04 00:56:55.485 +0800 - ***********************************************************************************************
[INFO] 2024-05-04 00:56:55.485 +0800 - Begin to initialize task
[INFO] 2024-05-04 00:56:55.485 +0800 - Set task startTime: 1714755415485
[INFO] 2024-05-04 00:56:55.487 +0800 - Set task appId: 877_2689
[INFO] 2024-05-04 00:56:55.488 +0800 - End initialize task {
  "taskInstanceId" : 2689,
  "taskName" : "check file existence ",
  "firstSubmitTime" : 1714755415423,
  "startTime" : 1714755415485,
  "taskType" : "SWITCH",
  "workflowInstanceHost" : "172.18.0.11:5678",
  "host" : "172.18.0.11:5678",
  "logPath" : "/opt/dolphinscheduler/logs/20240504/13475238524230/24/877/2689.log",
  "processId" : 0,
  "processDefineCode" : 13475238524230,
  "processDefineVersion" : 24,
  "processInstanceId" : 877,
  "scheduleTime" : 0,
  "globalParams" : "[{\"prop\":\"folder\",\"direct\":\"IN\",\"type\":\"VARCHAR\",\"value\":\"in\"}]",
  "executorId" : 1,
  "cmdTypeIfComplement" : 0,
  "tenantCode" : "default",
  "processDefineId" : 0,
  "projectId" : 0,
  "projectCode" : 13010050770016,
  "taskParams" : "{\"localParams\":[],\"rawScript\":\"\",\"resourceList\":[],\"switchResult\":{\"dependTaskList\":[{\"condition\":\"${raw_file_dir} == null\",\"nextNode\":13475238524224}],\"nextNode\":13475238524227}}",
  "prepareParamsMap" : {
    "GNEWS_HOME" : {
      "prop" : "GNEWS_HOME",
      "direct" : "IN",
      "type" : "VARCHAR",
      "value" : "/local_storage/gnews"
    },
    "system.task.definition.name" : {
      "prop" : "system.task.definition.name",
      "direct" : "IN",
      "type" : "VARCHAR",
      "value" : "check file existence "
    },
    "system.project.name" : {
      "prop" : "system.project.name",
      "direct" : "IN",
      "type" : "VARCHAR",
      "value" : null
    },
    "REDDIT_HOME" : {
      "prop" : "REDDIT_HOME",
      "direct" : "IN",
      "type" : "VARCHAR",
      "value" : "/local_storage/reddit"
    },
    "system.biz.curdate" : {
      "prop" : "system.biz.curdate",
      "direct" : "IN",
      "type" : "VARCHAR",
      "value" : "20240504"
    },
    "system.task.instance.id" : {
      "prop" : "system.task.instance.id",
      "direct" : "IN",
      "type" : "VARCHAR",
      "value" : "2689"
    },
    "system.task.definition.code" : {
      "prop" : "system.task.definition.code",
      "direct" : "IN",
      "type" : "VARCHAR",
      "value" : "13481487039552"
    },
    "system.datetime" : {
      "prop" : "system.datetime",
      "direct" : "IN",
      "type" : "VARCHAR",
      "value" : "20240504005655"
    },
    "folder" : {
      "prop" : "folder",
      "direct" : "IN",
      "type" : "VARCHAR",
      "value" : "in"
    },
    "system.project.code" : {
      "prop" : "system.project.code",
      "direct" : "IN",
      "type" : "VARCHAR",
      "value" : "13010050770016"
    },
    "system.workflow.instance.id" : {
      "prop" : "system.workflow.instance.id",
      "direct" : "IN",
      "type" : "VARCHAR",
      "value" : "877"
    },
    "raw_file_dir" : {
      "prop" : "raw_file_dir",
      "direct" : "IN",
      "type" : "VARCHAR",
      "value" : "/local_storage/gnews/in/830-20240503110322.json"
    },
    "system.biz.date" : {
      "prop" : "system.biz.date",
      "direct" : "IN",
      "type" : "VARCHAR",
      "value" : "20240503"
    },
    "system.workflow.definition.name" : {
      "prop" : "system.workflow.definition.name",
      "direct" : "IN",
      "type" : "VARCHAR",
      "value" : "preprocess_gnews_article"
    },
    "system.workflow.definition.code" : {
      "prop" : "system.workflow.definition.code",
      "direct" : "IN",
      "type" : "VARCHAR",
      "value" : "13475238524230"
    }
  },
  "taskAppId" : "877_2689",
  "taskTimeout" : 2147483647,
  "workerGroup" : "default",
  "delayTime" : 0,
  "currentExecutionStatus" : "SUBMITTED_SUCCESS",
  "endTime" : 0,
  "varPool" : "[{\"prop\":\"raw_file_dir\",\"direct\":\"IN\",\"type\":\"VARCHAR\",\"value\":\"/local_storage/gnews/in/830-20240503110322.json\"}]",
  "dryRun" : 0,
  "paramsMap" : { },
  "cpuQuota" : -1,
  "memoryMax" : -1,
  "testFlag" : 0,
  "logBufferEnable" : false,
  "dispatchFailTimes" : 0
}
[INFO] 2024-05-04 00:56:55.489 +0800 - ***********************************************************************************************
[INFO] 2024-05-04 00:56:55.489 +0800 - *********************************  Load task instance plugin  *********************************
[INFO] 2024-05-04 00:56:55.489 +0800 - ***********************************************************************************************
[INFO] 2024-05-04 00:56:55.494 +0800 - Send task status RUNNING_EXECUTION to master 172.18.0.11:5678
[INFO] 2024-05-04 00:56:55.495 +0800 - Success initialize task parameters: 
{
  "localParams" : null,
  "varPool" : null,
  "dependRelation" : null,
  "relation" : null,
  "nextNode" : [ 13475238524227 ],
  "resultConditionLocation" : 0,
  "dependTaskList" : [ {
    "condition" : "${raw_file_dir} == null",
    "nextNode" : [ 13475238524224 ]
  } ]
}
[INFO] 2024-05-04 00:56:55.498 +0800 - Initialized task plugin instance: SWITCH successfully
[INFO] 2024-05-04 00:56:55.499 +0800 - Initialize taskVarPool: [{"prop":"raw_file_dir","direct":"IN","type":"VARCHAR","value":"/local_storage/gnews/in/830-20240503110322.json"}] successfully
[INFO] 2024-05-04 00:56:55.499 +0800 - ***********************************************************************************************
[INFO] 2024-05-04 00:56:55.499 +0800 - *********************************  Execute task instance  *************************************
[INFO] 2024-05-04 00:56:55.500 +0800 - ***********************************************************************************************
[INFO] 2024-05-04 00:56:55.500 +0800 - Begin to execute 1 condition: ${raw_file_dir} == null 
[INFO] 2024-05-04 00:56:55.500 +0800 - paramName:raw_file_dir，paramValue:"/local_storage/gnews/in/830-20240503110322.json"
[ERROR] 2024-05-04 00:56:55.500 +0800 - Task execute failed, due to meet an exception
java.lang.IllegalArgumentException: condition is not valid, please check it. condition: ${raw_file_dir} == null
	at org.apache.dolphinscheduler.server.master.utils.SwitchTaskUtils.generateContentWithTaskParams(SwitchTaskUtils.java:99)
	at org.apache.dolphinscheduler.server.master.runner.task.switchtask.SwitchLogicTask.calculateConditionResult(SwitchLogicTask.java:109)
	at org.apache.dolphinscheduler.server.master.runner.task.switchtask.SwitchLogicTask.handle(SwitchLogicTask.java:72)
	at org.apache.dolphinscheduler.server.master.runner.execute.SyncMasterTaskExecutor.executeTask(SyncMasterTaskExecutor.java:44)
	at org.apache.dolphinscheduler.server.master.runner.execute.MasterTaskExecutor.run(MasterTaskExecutor.java:110)
	at java.util.concurrent.ThreadPoolExecutor.runWorker(ThreadPoolExecutor.java:1149)
	at java.util.concurrent.ThreadPoolExecutor$Worker.run(ThreadPoolExecutor.java:624)
	at java.lang.Thread.run(Thread.java:750)
[INFO] 2024-05-04 00:56:55.501 +0800 - ***********************************************************************************************
[INFO] 2024-05-04 00:56:55.501 +0800 - *********************************  Finalize task instance  ************************************
[INFO] 2024-05-04 00:56:55.501 +0800 - ***********************************************************************************************
[ERROR] 2024-05-04 00:56:55.501 +0800 - Get a exception when execute the task, will try to cancel the task
java.lang.IllegalArgumentException: condition is not valid, please check it. condition: ${raw_file_dir} == null
	at org.apache.dolphinscheduler.server.master.utils.SwitchTaskUtils.generateContentWithTaskParams(SwitchTaskUtils.java:99)
	at org.apache.dolphinscheduler.server.master.runner.task.switchtask.SwitchLogicTask.calculateConditionResult(SwitchLogicTask.java:109)
	at org.apache.dolphinscheduler.server.master.runner.task.switchtask.SwitchLogicTask.handle(SwitchLogicTask.java:72)
	at org.apache.dolphinscheduler.server.master.runner.execute.SyncMasterTaskExecutor.executeTask(SyncMasterTaskExecutor.java:44)
	at org.apache.dolphinscheduler.server.master.runner.execute.MasterTaskExecutor.run(MasterTaskExecutor.java:110)
	at java.util.concurrent.ThreadPoolExecutor.runWorker(ThreadPoolExecutor.java:1149)
	at java.util.concurrent.ThreadPoolExecutor$Worker.run(ThreadPoolExecutor.java:624)
	at java.lang.Thread.run(Thread.java:750)
[WARN] 2024-05-04 00:56:55.501 +0800 - The Sync task does not support kill operation
[INFO] 2024-05-04 00:56:55.516 +0800 - Send task status: FAILURE to master: 172.18.0.11:5678 successfully
[INFO] 2024-05-04 00:56:55.517 +0800 - Get a exception when execute the task, sent the task execute result to master, the current task execute result is TaskExecutionStatus{code=6, desc='failure'}
[INFO] 2024-05-04 00:56:55.517 +0800 - Get a exception when execute the task, removed the TaskExecutionContext
[INFO] 2024-05-04 00:56:55.517 +0800 - FINALIZE_SESSION
