[INFO] 2024-04-25 16:12:39.561 +0800 - ***********************************************************************************************
[INFO] 2024-04-25 16:12:39.563 +0800 - *********************************  Initialize task context  ***********************************
[INFO] 2024-04-25 16:12:39.563 +0800 - ***********************************************************************************************
[INFO] 2024-04-25 16:12:39.563 +0800 - Begin to initialize task
[INFO] 2024-04-25 16:12:39.563 +0800 - Set task startTime: 1714032759563
[INFO] 2024-04-25 16:12:39.563 +0800 - Set task appId: 667_1812
[INFO] 2024-04-25 16:12:39.563 +0800 - End initialize task {
  "taskInstanceId" : 1812,
  "taskName" : "extract from preprocessed queue",
  "firstSubmitTime" : 1714032759550,
  "startTime" : 1714032759563,
  "taskType" : "SHELL",
  "workflowInstanceHost" : "172.18.0.9:5678",
  "host" : "172.18.1.1:1234",
  "logPath" : "/opt/dolphinscheduler/logs/20240425/13377949373536/12/667/1812.log",
  "processId" : 0,
  "processDefineCode" : 13377949373536,
  "processDefineVersion" : 12,
  "processInstanceId" : 667,
  "scheduleTime" : 0,
  "globalParams" : "[{\"prop\":\"keywords\",\"direct\":\"IN\",\"type\":\"VARCHAR\",\"value\":\"\\\"singapore\\\", \\\"lol\\\"\"}]",
  "executorId" : 1,
  "cmdTypeIfComplement" : 0,
  "tenantCode" : "default",
  "processDefineId" : 0,
  "projectId" : 0,
  "projectCode" : 13010050770016,
  "taskParams" : "{\"localParams\":[{\"prop\":\"message\",\"direct\":\"OUT\",\"type\":\"VARCHAR\",\"value\":\"\"}],\"rawScript\":\"KAFKA_DIR=\\\"/opt/kafka_2.13-3.7.0/bin\\\"\\n\\nmessage=$(${KAFKA_DIR}/kafka-console-consumer.sh \\\\\\n    --bootstrap-server kafka:9092 \\\\\\n    --topic reddit_preprocessed \\\\\\n    --group preprocessed_consumers \\\\\\n    --max-messages 1 \\\\\\n    --timeout-ms 10000)\\n\\necho \\\"#{setValue(message=${message})}\\\"\",\"resourceList\":[]}",
  "environmentConfig" : "export JAVA_HOME=/opt/java/openjdk",
  "prepareParamsMap" : {
    "system.task.definition.name" : {
      "prop" : "system.task.definition.name",
      "direct" : "IN",
      "type" : "VARCHAR",
      "value" : "extract from preprocessed queue"
    },
    "system.project.name" : {
      "prop" : "system.project.name",
      "direct" : "IN",
      "type" : "VARCHAR",
      "value" : null
    },
    "REDDIT_HOME" : {
      "prop" : "REDDIT_HOME",
      "direct" : "IN",
      "type" : "VARCHAR",
      "value" : "/local_storage/reddit"
    },
    "keywords" : {
      "prop" : "keywords",
      "direct" : "IN",
      "type" : "VARCHAR",
      "value" : "\"singapore\", \"lol\""
    },
    "system.biz.curdate" : {
      "prop" : "system.biz.curdate",
      "direct" : "IN",
      "type" : "VARCHAR",
      "value" : "20240425"
    },
    "system.task.instance.id" : {
      "prop" : "system.task.instance.id",
      "direct" : "IN",
      "type" : "VARCHAR",
      "value" : "1812"
    },
    "system.task.definition.code" : {
      "prop" : "system.task.definition.code",
      "direct" : "IN",
      "type" : "VARCHAR",
      "value" : "13375898458848"
    },
    "system.datetime" : {
      "prop" : "system.datetime",
      "direct" : "IN",
      "type" : "VARCHAR",
      "value" : "20240425161239"
    },
    "system.project.code" : {
      "prop" : "system.project.code",
      "direct" : "IN",
      "type" : "VARCHAR",
      "value" : "13010050770016"
    },
    "system.workflow.instance.id" : {
      "prop" : "system.workflow.instance.id",
      "direct" : "IN",
      "type" : "VARCHAR",
      "value" : "667"
    },
    "system.biz.date" : {
      "prop" : "system.biz.date",
      "direct" : "IN",
      "type" : "VARCHAR",
      "value" : "20240424"
    },
    "system.workflow.definition.name" : {
      "prop" : "system.workflow.definition.name",
      "direct" : "IN",
      "type" : "VARCHAR",
      "value" : "filter_data"
    },
    "system.workflow.definition.code" : {
      "prop" : "system.workflow.definition.code",
      "direct" : "IN",
      "type" : "VARCHAR",
      "value" : "13377949373536"
    }
  },
  "taskAppId" : "667_1812",
  "taskTimeout" : 2147483647,
  "workerGroup" : "default",
  "delayTime" : 0,
  "currentExecutionStatus" : "SUBMITTED_SUCCESS",
  "endTime" : 0,
  "dryRun" : 0,
  "paramsMap" : { },
  "cpuQuota" : -1,
  "memoryMax" : -1,
  "testFlag" : 0,
  "logBufferEnable" : false,
  "dispatchFailTimes" : 0
}
[INFO] 2024-04-25 16:12:39.564 +0800 - ***********************************************************************************************
[INFO] 2024-04-25 16:12:39.564 +0800 - *********************************  Load task instance plugin  *********************************
[INFO] 2024-04-25 16:12:39.564 +0800 - ***********************************************************************************************
[INFO] 2024-04-25 16:12:39.566 +0800 - Send task status RUNNING_EXECUTION master: 172.18.1.1:1234
[INFO] 2024-04-25 16:12:39.567 +0800 - TenantCode: default check successfully
[INFO] 2024-04-25 16:12:39.567 +0800 - WorkflowInstanceExecDir: /tmp/dolphinscheduler/exec/process/default/13010050770016/13377949373536_12/667/1812 check successfully
[INFO] 2024-04-25 16:12:39.567 +0800 - Create TaskChannel: org.apache.dolphinscheduler.plugin.task.shell.ShellTaskChannel successfully
[INFO] 2024-04-25 16:12:39.568 +0800 - Download resources successfully: 
ResourceContext(resourceItemMap={})
[INFO] 2024-04-25 16:12:39.568 +0800 - Download upstream files: [] successfully
[INFO] 2024-04-25 16:12:39.568 +0800 - Task plugin instance: SHELL create successfully
[INFO] 2024-04-25 16:12:39.568 +0800 - Initialize shell task params {
  "localParams" : [ {
    "prop" : "message",
    "direct" : "OUT",
    "type" : "VARCHAR",
    "value" : ""
  } ],
  "varPool" : null,
  "rawScript" : "KAFKA_DIR=\"/opt/kafka_2.13-3.7.0/bin\"\n\nmessage=$(${KAFKA_DIR}/kafka-console-consumer.sh \\\n    --bootstrap-server kafka:9092 \\\n    --topic reddit_preprocessed \\\n    --group preprocessed_consumers \\\n    --max-messages 1 \\\n    --timeout-ms 10000)\n\necho \"#{setValue(message=${message})}\"",
  "resourceList" : [ ]
}
[INFO] 2024-04-25 16:12:39.568 +0800 - Success initialized task plugin instance successfully
[INFO] 2024-04-25 16:12:39.568 +0800 - Set taskVarPool: null successfully
[INFO] 2024-04-25 16:12:39.569 +0800 - ***********************************************************************************************
[INFO] 2024-04-25 16:12:39.569 +0800 - *********************************  Execute task instance  *************************************
[INFO] 2024-04-25 16:12:39.569 +0800 - ***********************************************************************************************
[INFO] 2024-04-25 16:12:39.569 +0800 - Final Shell file is: 
[INFO] 2024-04-25 16:12:39.570 +0800 - ****************************** Script Content *****************************************************************
[INFO] 2024-04-25 16:12:39.570 +0800 - #!/bin/bash
BASEDIR=$(cd `dirname $0`; pwd)
cd $BASEDIR
export JAVA_HOME=/opt/java/openjdk
KAFKA_DIR="/opt/kafka_2.13-3.7.0/bin"

message=$(${KAFKA_DIR}/kafka-console-consumer.sh \
    --bootstrap-server kafka:9092 \
    --topic reddit_preprocessed \
    --group preprocessed_consumers \
    --max-messages 1 \
    --timeout-ms 10000)

echo "#{setValue(message=${message})}"
[INFO] 2024-04-25 16:12:39.570 +0800 - ****************************** Script Content *****************************************************************
[INFO] 2024-04-25 16:12:39.570 +0800 - Executing shell command : sudo -u default -i /tmp/dolphinscheduler/exec/process/default/13010050770016/13377949373536_12/667/1812/667_1812.sh
[INFO] 2024-04-25 16:12:39.574 +0800 - process start, process id is: 6490
[INFO] 2024-04-25 16:12:40.574 +0800 -  -> 
	sudo: unable to change directory to /home/default: No such file or directory
	/tmp/dolphinscheduler/exec/process/default/13010050770016/13377949373536_12/667/1812/667_1812.sh: line 12: /opt/kafka_2.13-3.7.0/bin/kafka-console-consumer.sh: No such file or directory
	#{setValue(message=)}
[INFO] 2024-04-25 16:12:40.577 +0800 - process has exited. execute path:/tmp/dolphinscheduler/exec/process/default/13010050770016/13377949373536_12/667/1812, processId:6490 ,exitStatusCode:0 ,processWaitForStatus:true ,processExitValue:0
[WARN] 2024-04-25 16:12:40.577 +0800 - Cannot find the output parameter message in the task output parameters
[INFO] 2024-04-25 16:12:40.577 +0800 - ***********************************************************************************************
[INFO] 2024-04-25 16:12:40.577 +0800 - *********************************  Finalize task instance  ************************************
[INFO] 2024-04-25 16:12:40.577 +0800 - ***********************************************************************************************
[INFO] 2024-04-25 16:12:40.578 +0800 - Upload output files: [] successfully
[INFO] 2024-04-25 16:12:40.580 +0800 - Send task execute status: SUCCESS to master : 172.18.1.1:1234
[INFO] 2024-04-25 16:12:40.581 +0800 - Remove the current task execute context from worker cache
[INFO] 2024-04-25 16:12:40.581 +0800 - The current execute mode isn't develop mode, will clear the task execute file: /tmp/dolphinscheduler/exec/process/default/13010050770016/13377949373536_12/667/1812
[INFO] 2024-04-25 16:12:40.581 +0800 - Success clear the task execute file: /tmp/dolphinscheduler/exec/process/default/13010050770016/13377949373536_12/667/1812
[INFO] 2024-04-25 16:12:40.581 +0800 - FINALIZE_SESSION
