[INFO] 2024-04-23 09:58:48.309 +0800 - ***********************************************************************************************
[INFO] 2024-04-23 09:58:48.313 +0800 - *********************************  Initialize task context  ***********************************
[INFO] 2024-04-23 09:58:48.315 +0800 - ***********************************************************************************************
[INFO] 2024-04-23 09:58:48.315 +0800 - Begin to initialize task
[INFO] 2024-04-23 09:58:48.315 +0800 - Set task startTime: 1713837528315
[INFO] 2024-04-23 09:58:48.315 +0800 - Set task appId: 487_1115
[INFO] 2024-04-23 09:58:48.319 +0800 - End initialize task {
  "taskInstanceId" : 1115,
  "taskName" : "spark preprocessing",
  "firstSubmitTime" : 1713837528250,
  "startTime" : 1713837528315,
  "taskType" : "SHELL",
  "workflowInstanceHost" : "172.18.0.9:5678",
  "host" : "172.18.1.1:1234",
  "logPath" : "/opt/dolphinscheduler/logs/20240423/13201021801792/78/487/1115.log",
  "processId" : 0,
  "processDefineCode" : 13201021801792,
  "processDefineVersion" : 78,
  "processInstanceId" : 487,
  "scheduleTime" : 0,
  "globalParams" : "[{\"prop\":\"folder\",\"direct\":\"IN\",\"type\":\"VARCHAR\",\"value\":\"processing\"}]",
  "executorId" : 1,
  "cmdTypeIfComplement" : 7,
  "tenantCode" : "default",
  "processDefineId" : 0,
  "projectId" : 0,
  "projectCode" : 13010050770016,
  "taskParams" : "{\"localParams\":[],\"rawScript\":\"$SPARK_HOME/bin/spark-submit \\\\\\n    --master spark://spark-master:7077 \\\\\\n    --conf spark.driver.cores=1 \\\\\\n    --conf spark.driver.memory=512M \\\\\\n    --conf spark.executor.instances=2 \\\\\\n    --conf spark.executor.cores=2 \\\\\\n    --conf spark.executor.memory=1G \\\\\\n    --files ${raw_file_dir} \\\\\\n    --name reddit_preprocessing spark_reddit_preprocessing.py\\n\",\"resourceList\":[{\"id\":null,\"resourceName\":\"file:/dolphinscheduler/default/resources/spark_reddit_preprocessing.py\",\"res\":null}]}",
  "environmentConfig" : "export SPARK_HOME=/opt/spark-3.5.1-bin-hadoop3\nexport JAVA_HOME=/opt/java/openjdk\nexport HADOOP_CONF_DIR=/opt/hadoop-3.4.0/etc/hadoop\nexport PYSPARK_DRIVER_PYTHON=/bin/python3.11",
  "prepareParamsMap" : {
    "system.task.definition.name" : {
      "prop" : "system.task.definition.name",
      "direct" : "IN",
      "type" : "VARCHAR",
      "value" : "spark preprocessing"
    },
    "system.project.name" : {
      "prop" : "system.project.name",
      "direct" : "IN",
      "type" : "VARCHAR",
      "value" : null
    },
    "REDDIT_HOME" : {
      "prop" : "REDDIT_HOME",
      "direct" : "IN",
      "type" : "VARCHAR",
      "value" : "/local_storage/reddit"
    },
    "system.biz.curdate" : {
      "prop" : "system.biz.curdate",
      "direct" : "IN",
      "type" : "VARCHAR",
      "value" : "20240423"
    },
    "system.task.instance.id" : {
      "prop" : "system.task.instance.id",
      "direct" : "IN",
      "type" : "VARCHAR",
      "value" : "1115"
    },
    "system.task.definition.code" : {
      "prop" : "system.task.definition.code",
      "direct" : "IN",
      "type" : "VARCHAR",
      "value" : "13210058002752"
    },
    "system.datetime" : {
      "prop" : "system.datetime",
      "direct" : "IN",
      "type" : "VARCHAR",
      "value" : "20240423095848"
    },
    "folder" : {
      "prop" : "folder",
      "direct" : "IN",
      "type" : "VARCHAR",
      "value" : "processing"
    },
    "system.project.code" : {
      "prop" : "system.project.code",
      "direct" : "IN",
      "type" : "VARCHAR",
      "value" : "13010050770016"
    },
    "system.workflow.instance.id" : {
      "prop" : "system.workflow.instance.id",
      "direct" : "IN",
      "type" : "VARCHAR",
      "value" : "487"
    },
    "raw_file_dir" : {
      "prop" : "raw_file_dir",
      "direct" : "IN",
      "type" : "VARCHAR",
      "value" : "/local_storage/reddit/processing/386-20240422.json"
    },
    "system.biz.date" : {
      "prop" : "system.biz.date",
      "direct" : "IN",
      "type" : "VARCHAR",
      "value" : "20240422"
    },
    "system.workflow.definition.name" : {
      "prop" : "system.workflow.definition.name",
      "direct" : "IN",
      "type" : "VARCHAR",
      "value" : "preprocess_post"
    },
    "system.workflow.definition.code" : {
      "prop" : "system.workflow.definition.code",
      "direct" : "IN",
      "type" : "VARCHAR",
      "value" : "13201021801792"
    }
  },
  "taskAppId" : "487_1115",
  "taskTimeout" : 2147483647,
  "workerGroup" : "default",
  "delayTime" : 0,
  "currentExecutionStatus" : "SUBMITTED_SUCCESS",
  "endTime" : 0,
  "varPool" : "[{\"prop\":\"raw_file_dir\",\"direct\":\"IN\",\"type\":\"VARCHAR\",\"value\":\"/local_storage/reddit/processing/386-20240422.json\"}]",
  "dryRun" : 0,
  "paramsMap" : { },
  "cpuQuota" : -1,
  "memoryMax" : -1,
  "testFlag" : 0,
  "logBufferEnable" : false,
  "dispatchFailTimes" : 0
}
[INFO] 2024-04-23 09:58:48.321 +0800 - ***********************************************************************************************
[INFO] 2024-04-23 09:58:48.321 +0800 - *********************************  Load task instance plugin  *********************************
[INFO] 2024-04-23 09:58:48.321 +0800 - ***********************************************************************************************
[INFO] 2024-04-23 09:58:48.336 +0800 - Send task status RUNNING_EXECUTION master: 172.18.1.1:1234
[INFO] 2024-04-23 09:58:48.337 +0800 - TenantCode: default check successfully
[INFO] 2024-04-23 09:58:48.337 +0800 - WorkflowInstanceExecDir: /tmp/dolphinscheduler/exec/process/default/13010050770016/13201021801792_78/487/1115 check successfully
[INFO] 2024-04-23 09:58:48.337 +0800 - Create TaskChannel: org.apache.dolphinscheduler.plugin.task.shell.ShellTaskChannel successfully
[INFO] 2024-04-23 09:58:48.340 +0800 - Download resources successfully: 
ResourceContext(resourceItemMap={file:/dolphinscheduler/default/resources/spark_reddit_preprocessing.py=ResourceContext.ResourceItem(resourceAbsolutePathInStorage=file:/dolphinscheduler/default/resources/spark_reddit_preprocessing.py, resourceRelativePath=spark_reddit_preprocessing.py, resourceAbsolutePathInLocal=/tmp/dolphinscheduler/exec/process/default/13010050770016/13201021801792_78/487/1115/spark_reddit_preprocessing.py)})
[INFO] 2024-04-23 09:58:48.340 +0800 - Download upstream files: [] successfully
[INFO] 2024-04-23 09:58:48.341 +0800 - Task plugin instance: SHELL create successfully
[INFO] 2024-04-23 09:58:48.341 +0800 - Initialize shell task params {
  "localParams" : [ ],
  "varPool" : null,
  "rawScript" : "$SPARK_HOME/bin/spark-submit \\\n    --master spark://spark-master:7077 \\\n    --conf spark.driver.cores=1 \\\n    --conf spark.driver.memory=512M \\\n    --conf spark.executor.instances=2 \\\n    --conf spark.executor.cores=2 \\\n    --conf spark.executor.memory=1G \\\n    --files ${raw_file_dir} \\\n    --name reddit_preprocessing spark_reddit_preprocessing.py\n",
  "resourceList" : [ {
    "id" : null,
    "resourceName" : "file:/dolphinscheduler/default/resources/spark_reddit_preprocessing.py",
    "res" : null
  } ]
}
[INFO] 2024-04-23 09:58:48.341 +0800 - Success initialized task plugin instance successfully
[INFO] 2024-04-23 09:58:48.342 +0800 - Set taskVarPool: [{"prop":"raw_file_dir","direct":"IN","type":"VARCHAR","value":"/local_storage/reddit/processing/386-20240422.json"}] successfully
[INFO] 2024-04-23 09:58:48.342 +0800 - ***********************************************************************************************
[INFO] 2024-04-23 09:58:48.342 +0800 - *********************************  Execute task instance  *************************************
[INFO] 2024-04-23 09:58:48.342 +0800 - ***********************************************************************************************
[INFO] 2024-04-23 09:58:48.343 +0800 - Final Shell file is: 
[INFO] 2024-04-23 09:58:48.343 +0800 - ****************************** Script Content *****************************************************************
[INFO] 2024-04-23 09:58:48.344 +0800 - #!/bin/bash
BASEDIR=$(cd `dirname $0`; pwd)
cd $BASEDIR
export SPARK_HOME=/opt/spark-3.5.1-bin-hadoop3
export JAVA_HOME=/opt/java/openjdk
export HADOOP_CONF_DIR=/opt/hadoop-3.4.0/etc/hadoop
export PYSPARK_DRIVER_PYTHON=/bin/python3.11
$SPARK_HOME/bin/spark-submit \
    --master spark://spark-master:7077 \
    --conf spark.driver.cores=1 \
    --conf spark.driver.memory=512M \
    --conf spark.executor.instances=2 \
    --conf spark.executor.cores=2 \
    --conf spark.executor.memory=1G \
    --files /local_storage/reddit/processing/386-20240422.json \
    --name reddit_preprocessing spark_reddit_preprocessing.py

[INFO] 2024-04-23 09:58:48.344 +0800 - ****************************** Script Content *****************************************************************
[INFO] 2024-04-23 09:58:48.344 +0800 - Executing shell command : sudo -u default -i /tmp/dolphinscheduler/exec/process/default/13010050770016/13201021801792_78/487/1115/487_1115.sh
[INFO] 2024-04-23 09:58:48.357 +0800 - process start, process id is: 1206
[INFO] 2024-04-23 09:58:49.359 +0800 -  -> 
	sudo: unable to change directory to /home/default: No such file or directory
[INFO] 2024-04-23 09:58:52.368 +0800 -  -> 
	24/04/23 09:58:51 WARN NativeCodeLoader: Unable to load native-hadoop library for your platform... using builtin-java classes where applicable
[INFO] 2024-04-23 09:58:53.370 +0800 -  -> 
	24/04/23 09:58:52 INFO SparkContext: Running Spark version 3.5.1
	24/04/23 09:58:52 INFO SparkContext: OS info Linux, 6.5.0-28-generic, amd64
	24/04/23 09:58:52 INFO SparkContext: Java version 1.8.0_402
	24/04/23 09:58:52 INFO ResourceUtils: ==============================================================
	24/04/23 09:58:52 INFO ResourceUtils: No custom resources configured for spark.driver.
	24/04/23 09:58:52 INFO ResourceUtils: ==============================================================
	24/04/23 09:58:52 INFO SparkContext: Submitted application: reddit_preprocessing
	24/04/23 09:58:52 INFO ResourceProfile: Default ResourceProfile created, executor resources: Map(cores -> name: cores, amount: 2, script: , vendor: , memory -> name: memory, amount: 1024, script: , vendor: , offHeap -> name: offHeap, amount: 0, script: , vendor: ), task resources: Map(cpus -> name: cpus, amount: 1.0)
	24/04/23 09:58:52 INFO ResourceProfile: Limiting resource is cpus at 2 tasks per executor
	24/04/23 09:58:52 INFO ResourceProfileManager: Added ResourceProfile id: 0
	24/04/23 09:58:52 INFO SecurityManager: Changing view acls to: default
	24/04/23 09:58:52 INFO SecurityManager: Changing modify acls to: default
	24/04/23 09:58:52 INFO SecurityManager: Changing view acls groups to: 
	24/04/23 09:58:52 INFO SecurityManager: Changing modify acls groups to: 
	24/04/23 09:58:52 INFO SecurityManager: SecurityManager: authentication disabled; ui acls disabled; users with view permissions: default; groups with view permissions: EMPTY; users with modify permissions: default; groups with modify permissions: EMPTY
	24/04/23 09:58:53 INFO Utils: Successfully started service 'sparkDriver' on port 40759.
[ERROR] 2024-04-23 09:58:54.029 +0800 - kill task error
java.io.IOException: Cannot run program "pstree": error=2, No such file or directory
	at java.lang.ProcessBuilder.start(ProcessBuilder.java:1048)
	at org.apache.dolphinscheduler.common.shell.AbstractShell.runCommand(AbstractShell.java:138)
	at org.apache.dolphinscheduler.common.shell.AbstractShell.run(AbstractShell.java:118)
	at org.apache.dolphinscheduler.common.shell.ShellExecutor.execute(ShellExecutor.java:125)
	at org.apache.dolphinscheduler.common.shell.ShellExecutor.execCommand(ShellExecutor.java:103)
	at org.apache.dolphinscheduler.common.shell.ShellExecutor.execCommand(ShellExecutor.java:86)
	at org.apache.dolphinscheduler.common.utils.OSUtils.exeShell(OSUtils.java:345)
	at org.apache.dolphinscheduler.common.utils.OSUtils.exeCmd(OSUtils.java:334)
	at org.apache.dolphinscheduler.plugin.task.api.utils.ProcessUtils.getPidsStr(ProcessUtils.java:129)
	at org.apache.dolphinscheduler.server.worker.runner.operator.TaskInstanceKillOperationFunction.killProcess(TaskInstanceKillOperationFunction.java:130)
	at org.apache.dolphinscheduler.server.worker.runner.operator.TaskInstanceKillOperationFunction.doKill(TaskInstanceKillOperationFunction.java:96)
	at org.apache.dolphinscheduler.server.worker.runner.operator.TaskInstanceKillOperationFunction.operate(TaskInstanceKillOperationFunction.java:69)
	at org.apache.dolphinscheduler.server.worker.rpc.TaskInstanceOperatorImpl.killTask(TaskInstanceOperatorImpl.java:49)
	at sun.reflect.NativeMethodAccessorImpl.invoke0(Native Method)
	at sun.reflect.NativeMethodAccessorImpl.invoke(NativeMethodAccessorImpl.java:62)
	at sun.reflect.DelegatingMethodAccessorImpl.invoke(DelegatingMethodAccessorImpl.java:43)
	at java.lang.reflect.Method.invoke(Method.java:498)
	at org.apache.dolphinscheduler.extract.base.server.ServerMethodInvokerImpl.invoke(ServerMethodInvokerImpl.java:41)
	at org.apache.dolphinscheduler.extract.base.server.JdkDynamicServerHandler.lambda$processReceived$0(JdkDynamicServerHandler.java:108)
	at java.util.concurrent.ThreadPoolExecutor.runWorker(ThreadPoolExecutor.java:1149)
	at java.util.concurrent.ThreadPoolExecutor$Worker.run(ThreadPoolExecutor.java:624)
	at java.lang.Thread.run(Thread.java:750)
Caused by: java.io.IOException: error=2, No such file or directory
	at java.lang.UNIXProcess.forkAndExec(Native Method)
	at java.lang.UNIXProcess.<init>(UNIXProcess.java:247)
	at java.lang.ProcessImpl.start(ProcessImpl.java:134)
	at java.lang.ProcessBuilder.start(ProcessBuilder.java:1029)
	... 21 common frames omitted
[INFO] 2024-04-23 09:58:54.029 +0800 - Get appIds from worker 172.18.1.1:1234, taskLogPath: /opt/dolphinscheduler/logs/20240423/13201021801792/78/487/1115.log
[INFO] 2024-04-23 09:58:54.030 +0800 - Start finding appId in /opt/dolphinscheduler/logs/20240423/13201021801792/78/487/1115.log, fetch way: log 
[INFO] 2024-04-23 09:58:54.031 +0800 - The appId is empty
[INFO] 2024-04-23 09:58:54.032 +0800 - Begin to kill process process, pid is : 1206
[ERROR] 2024-04-23 09:58:54.073 +0800 - Parse var pool error
java.io.IOException: Stream closed
	at java.io.BufferedInputStream.getBufIfOpen(BufferedInputStream.java:170)
	at java.io.BufferedInputStream.read1(BufferedInputStream.java:283)
	at java.io.BufferedInputStream.read(BufferedInputStream.java:345)
	at sun.nio.cs.StreamDecoder.readBytes(StreamDecoder.java:284)
	at sun.nio.cs.StreamDecoder.implRead(StreamDecoder.java:326)
	at sun.nio.cs.StreamDecoder.read(StreamDecoder.java:178)
	at java.io.InputStreamReader.read(InputStreamReader.java:184)
	at java.io.BufferedReader.fill(BufferedReader.java:161)
	at java.io.BufferedReader.readLine(BufferedReader.java:324)
	at java.io.BufferedReader.readLine(BufferedReader.java:389)
	at org.apache.dolphinscheduler.plugin.task.api.AbstractCommandExecutor.lambda$parseProcessOutput$1(AbstractCommandExecutor.java:273)
	at java.util.concurrent.Executors$RunnableAdapter.call(Executors.java:511)
	at java.util.concurrent.FutureTask.run(FutureTask.java:266)
	at java.util.concurrent.ScheduledThreadPoolExecutor$ScheduledFutureTask.access$201(ScheduledThreadPoolExecutor.java:180)
	at java.util.concurrent.ScheduledThreadPoolExecutor$ScheduledFutureTask.run(ScheduledThreadPoolExecutor.java:293)
	at java.util.concurrent.ThreadPoolExecutor.runWorker(ThreadPoolExecutor.java:1149)
	at java.util.concurrent.ThreadPoolExecutor$Worker.run(ThreadPoolExecutor.java:624)
	at java.lang.Thread.run(Thread.java:750)
[INFO] 2024-04-23 09:58:54.388 +0800 -  -> 
	24/04/23 09:58:53 INFO SparkEnv: Registering MapOutputTracker
	24/04/23 09:58:53 INFO SparkEnv: Registering BlockManagerMaster
	24/04/23 09:58:53 INFO BlockManagerMasterEndpoint: Using org.apache.spark.storage.DefaultTopologyMapper for getting topology information
	24/04/23 09:58:53 INFO BlockManagerMasterEndpoint: BlockManagerMasterEndpoint up
	24/04/23 09:58:53 INFO SparkEnv: Registering BlockManagerMasterHeartbeat
	24/04/23 09:58:53 INFO DiskBlockManager: Created local directory at /tmp/blockmgr-8d71b9ea-6c7b-4402-a24b-8c9902040930
	24/04/23 09:58:53 INFO MemoryStore: MemoryStore started with capacity 93.3 MiB
	24/04/23 09:58:53 INFO SparkEnv: Registering OutputCommitCoordinator
[INFO] 2024-04-23 09:58:59.063 +0800 - Success kill task: 487_1115, pid: 1206
[INFO] 2024-04-23 09:58:59.067 +0800 - kill task by cancelApplication, taskInstanceId: 1115
[INFO] 2024-04-23 09:58:59.068 +0800 - process has killed. execute path:/tmp/dolphinscheduler/exec/process/default/13010050770016/13201021801792_78/487/1115, processId:1206 ,exitStatusCode:137 ,processWaitForStatus:true ,processExitValue:137
[INFO] 2024-04-23 09:58:59.068 +0800 - ***********************************************************************************************
[INFO] 2024-04-23 09:58:59.068 +0800 - *********************************  Finalize task instance  ************************************
[INFO] 2024-04-23 09:58:59.068 +0800 - ***********************************************************************************************
[INFO] 2024-04-23 09:58:59.069 +0800 - Upload output files: [] successfully
[INFO] 2024-04-23 09:58:59.088 +0800 - Send task execute status: KILL to master : 172.18.1.1:1234
[INFO] 2024-04-23 09:58:59.089 +0800 - Remove the current task execute context from worker cache
[INFO] 2024-04-23 09:58:59.089 +0800 - The current execute mode isn't develop mode, will clear the task execute file: /tmp/dolphinscheduler/exec/process/default/13010050770016/13201021801792_78/487/1115
[INFO] 2024-04-23 09:58:59.093 +0800 - Success clear the task execute file: /tmp/dolphinscheduler/exec/process/default/13010050770016/13201021801792_78/487/1115
[INFO] 2024-04-23 09:58:59.094 +0800 - FINALIZE_SESSION
