[INFO] 2024-05-03 05:43:06.306 +0800 - ***********************************************************************************************
[INFO] 2024-05-03 05:43:06.308 +0800 - *********************************  Initialize task context  ***********************************
[INFO] 2024-05-03 05:43:06.313 +0800 - ***********************************************************************************************
[INFO] 2024-05-03 05:43:06.313 +0800 - Begin to initialize task
[INFO] 2024-05-03 05:43:06.313 +0800 - Set task startTime: 1714686186313
[INFO] 2024-05-03 05:43:06.313 +0800 - Set task appId: 814_2403
[INFO] 2024-05-03 05:43:06.313 +0800 - End initialize task {
  "taskInstanceId" : 2403,
  "taskName" : "val",
  "firstSubmitTime" : 1714686186294,
  "startTime" : 1714686186313,
  "taskType" : "SHELL",
  "workflowInstanceHost" : "172.18.0.10:5678",
  "host" : "172.18.1.1:1234",
  "logPath" : "/opt/dolphinscheduler/logs/20240503/13472737839552/1/814/2403.log",
  "processId" : 0,
  "processDefineCode" : 13472737839552,
  "processDefineVersion" : 1,
  "processInstanceId" : 814,
  "scheduleTime" : 0,
  "executorId" : 1,
  "cmdTypeIfComplement" : 0,
  "tenantCode" : "default",
  "processDefineId" : 0,
  "projectId" : 0,
  "projectCode" : 13001194483488,
  "taskParams" : "{\"localParams\":[],\"rawScript\":\"echo val\",\"resourceList\":[]}",
  "environmentConfig" : "export PYTHON_LAUNCHER=/bin/python3.11",
  "prepareParamsMap" : {
    "val" : {
      "prop" : "val",
      "direct" : "IN",
      "type" : "VARCHAR",
      "value" : ""
    },
    "system.task.definition.name" : {
      "prop" : "system.task.definition.name",
      "direct" : "IN",
      "type" : "VARCHAR",
      "value" : "val"
    },
    "system.project.name" : {
      "prop" : "system.project.name",
      "direct" : "IN",
      "type" : "VARCHAR",
      "value" : null
    },
    "system.project.code" : {
      "prop" : "system.project.code",
      "direct" : "IN",
      "type" : "VARCHAR",
      "value" : "13001194483488"
    },
    "system.workflow.instance.id" : {
      "prop" : "system.workflow.instance.id",
      "direct" : "IN",
      "type" : "VARCHAR",
      "value" : "814"
    },
    "system.biz.curdate" : {
      "prop" : "system.biz.curdate",
      "direct" : "IN",
      "type" : "VARCHAR",
      "value" : "20240503"
    },
    "system.biz.date" : {
      "prop" : "system.biz.date",
      "direct" : "IN",
      "type" : "VARCHAR",
      "value" : "20240502"
    },
    "system.task.instance.id" : {
      "prop" : "system.task.instance.id",
      "direct" : "IN",
      "type" : "VARCHAR",
      "value" : "2403"
    },
    "system.workflow.definition.name" : {
      "prop" : "system.workflow.definition.name",
      "direct" : "IN",
      "type" : "VARCHAR",
      "value" : "test"
    },
    "system.task.definition.code" : {
      "prop" : "system.task.definition.code",
      "direct" : "IN",
      "type" : "VARCHAR",
      "value" : "13472735517760"
    },
    "system.workflow.definition.code" : {
      "prop" : "system.workflow.definition.code",
      "direct" : "IN",
      "type" : "VARCHAR",
      "value" : "13472737839552"
    },
    "system.datetime" : {
      "prop" : "system.datetime",
      "direct" : "IN",
      "type" : "VARCHAR",
      "value" : "20240503054306"
    }
  },
  "taskAppId" : "814_2403",
  "taskTimeout" : 2147483647,
  "workerGroup" : "default",
  "delayTime" : 0,
  "currentExecutionStatus" : "SUBMITTED_SUCCESS",
  "endTime" : 0,
  "varPool" : "[{\"prop\":\"val\",\"direct\":\"IN\",\"type\":\"VARCHAR\",\"value\":\"\"}]",
  "dryRun" : 0,
  "paramsMap" : { },
  "cpuQuota" : -1,
  "memoryMax" : -1,
  "testFlag" : 0,
  "logBufferEnable" : false,
  "dispatchFailTimes" : 0
}
[INFO] 2024-05-03 05:43:06.322 +0800 - ***********************************************************************************************
[INFO] 2024-05-03 05:43:06.322 +0800 - *********************************  Load task instance plugin  *********************************
[INFO] 2024-05-03 05:43:06.322 +0800 - ***********************************************************************************************
[INFO] 2024-05-03 05:43:06.343 +0800 - Send task status RUNNING_EXECUTION master: 172.18.1.1:1234
[INFO] 2024-05-03 05:43:06.344 +0800 - TenantCode: default check successfully
[INFO] 2024-05-03 05:43:06.345 +0800 - WorkflowInstanceExecDir: /tmp/dolphinscheduler/exec/process/default/13001194483488/13472737839552_1/814/2403 check successfully
[INFO] 2024-05-03 05:43:06.345 +0800 - Create TaskChannel: org.apache.dolphinscheduler.plugin.task.shell.ShellTaskChannel successfully
[INFO] 2024-05-03 05:43:06.346 +0800 - Download resources successfully: 
ResourceContext(resourceItemMap={})
[INFO] 2024-05-03 05:43:06.347 +0800 - Download upstream files: [] successfully
[INFO] 2024-05-03 05:43:06.347 +0800 - Task plugin instance: SHELL create successfully
[INFO] 2024-05-03 05:43:06.347 +0800 - Initialize shell task params {
  "localParams" : [ ],
  "varPool" : null,
  "rawScript" : "echo val",
  "resourceList" : [ ]
}
[INFO] 2024-05-03 05:43:06.347 +0800 - Success initialized task plugin instance successfully
[INFO] 2024-05-03 05:43:06.347 +0800 - Set taskVarPool: [{"prop":"val","direct":"IN","type":"VARCHAR","value":""}] successfully
[INFO] 2024-05-03 05:43:06.347 +0800 - ***********************************************************************************************
[INFO] 2024-05-03 05:43:06.347 +0800 - *********************************  Execute task instance  *************************************
[INFO] 2024-05-03 05:43:06.348 +0800 - ***********************************************************************************************
[INFO] 2024-05-03 05:43:06.348 +0800 - Final Shell file is: 
[INFO] 2024-05-03 05:43:06.349 +0800 - ****************************** Script Content *****************************************************************
[INFO] 2024-05-03 05:43:06.349 +0800 - #!/bin/bash
BASEDIR=$(cd `dirname $0`; pwd)
cd $BASEDIR
export PYTHON_LAUNCHER=/bin/python3.11
echo val
[INFO] 2024-05-03 05:43:06.349 +0800 - ****************************** Script Content *****************************************************************
[INFO] 2024-05-03 05:43:06.349 +0800 - Executing shell command : sudo -u default -i /tmp/dolphinscheduler/exec/process/default/13001194483488/13472737839552_1/814/2403/814_2403.sh
[INFO] 2024-05-03 05:43:06.352 +0800 - process start, process id is: 2174
[INFO] 2024-05-03 05:43:07.371 +0800 -  -> 
	sudo: unable to change directory to /home/default: No such file or directory
	val
[INFO] 2024-05-03 05:43:07.373 +0800 - process has exited. execute path:/tmp/dolphinscheduler/exec/process/default/13001194483488/13472737839552_1/814/2403, processId:2174 ,exitStatusCode:0 ,processWaitForStatus:true ,processExitValue:0
[INFO] 2024-05-03 05:43:07.375 +0800 - ***********************************************************************************************
[INFO] 2024-05-03 05:43:07.375 +0800 - *********************************  Finalize task instance  ************************************
[INFO] 2024-05-03 05:43:07.375 +0800 - ***********************************************************************************************
[INFO] 2024-05-03 05:43:07.375 +0800 - Upload output files: [] successfully
[INFO] 2024-05-03 05:43:07.379 +0800 - Send task execute status: SUCCESS to master : 172.18.1.1:1234
[INFO] 2024-05-03 05:43:07.380 +0800 - Remove the current task execute context from worker cache
[INFO] 2024-05-03 05:43:07.380 +0800 - The current execute mode isn't develop mode, will clear the task execute file: /tmp/dolphinscheduler/exec/process/default/13001194483488/13472737839552_1/814/2403
[INFO] 2024-05-03 05:43:07.380 +0800 - Success clear the task execute file: /tmp/dolphinscheduler/exec/process/default/13001194483488/13472737839552_1/814/2403
[INFO] 2024-05-03 05:43:07.380 +0800 - FINALIZE_SESSION
