[INFO] 2024-04-28 23:03:27.436 +0800 - Submit LogicTask: create sentiment analysis instances to MasterTaskExecutorThreadPool success
[INFO] 2024-04-28 23:03:27.446 +0800 - ***********************************************************************************************
[INFO] 2024-04-28 23:03:27.457 +0800 - *********************************  Initialize task context  ***********************************
[INFO] 2024-04-28 23:03:27.460 +0800 - ***********************************************************************************************
[INFO] 2024-04-28 23:03:27.462 +0800 - Begin to initialize task
[INFO] 2024-04-28 23:03:27.463 +0800 - Set task startTime: 1714316607463
[INFO] 2024-04-28 23:03:27.463 +0800 - Set task appId: 734_1975
[INFO] 2024-04-28 23:03:27.470 +0800 - End initialize task {
  "taskInstanceId" : 1975,
  "taskName" : "create sentiment analysis instances",
  "firstSubmitTime" : 1714316607030,
  "startTime" : 1714316607463,
  "taskType" : "DYNAMIC",
  "workflowInstanceHost" : "172.18.0.11:5678",
  "host" : "172.18.0.11:5678",
  "logPath" : "/opt/dolphinscheduler/logs/20240428/13386933585344/9/734/1975.log",
  "processId" : 0,
  "processDefineCode" : 13386933585344,
  "processDefineVersion" : 9,
  "processInstanceId" : 734,
  "scheduleTime" : 0,
  "executorId" : 1,
  "cmdTypeIfComplement" : 0,
  "tenantCode" : "default",
  "processDefineId" : 0,
  "projectId" : 0,
  "projectCode" : 13010050770016,
  "taskParams" : "{\"localParams\":[],\"resourceList\":[],\"processDefinitionCode\":13386218435520,\"maxNumOfSubWorkflowInstances\":1024,\"degreeOfParallelism\":2,\"filterCondition\":\"\",\"listParameters\":[{\"name\":\"topics\",\"value\":\"\\\"reddit_post_ processed_topic|reddit_post_sa_topic\\\"\",\"separator\":\",\",\"disabled\":true}]}",
  "prepareParamsMap" : {
    "system.task.definition.name" : {
      "prop" : "system.task.definition.name",
      "direct" : "IN",
      "type" : "VARCHAR",
      "value" : "create sentiment analysis instances"
    },
    "system.project.name" : {
      "prop" : "system.project.name",
      "direct" : "IN",
      "type" : "VARCHAR",
      "value" : null
    },
    "REDDIT_HOME" : {
      "prop" : "REDDIT_HOME",
      "direct" : "IN",
      "type" : "VARCHAR",
      "value" : "/local_storage/reddit"
    },
    "system.project.code" : {
      "prop" : "system.project.code",
      "direct" : "IN",
      "type" : "VARCHAR",
      "value" : "13010050770016"
    },
    "system.workflow.instance.id" : {
      "prop" : "system.workflow.instance.id",
      "direct" : "IN",
      "type" : "VARCHAR",
      "value" : "734"
    },
    "system.biz.curdate" : {
      "prop" : "system.biz.curdate",
      "direct" : "IN",
      "type" : "VARCHAR",
      "value" : "20240428"
    },
    "system.biz.date" : {
      "prop" : "system.biz.date",
      "direct" : "IN",
      "type" : "VARCHAR",
      "value" : "20240427"
    },
    "system.task.instance.id" : {
      "prop" : "system.task.instance.id",
      "direct" : "IN",
      "type" : "VARCHAR",
      "value" : "1975"
    },
    "system.workflow.definition.name" : {
      "prop" : "system.workflow.definition.name",
      "direct" : "IN",
      "type" : "VARCHAR",
      "value" : "sentiment_analysis_generic_main"
    },
    "system.task.definition.code" : {
      "prop" : "system.task.definition.code",
      "direct" : "IN",
      "type" : "VARCHAR",
      "value" : "13386894519360"
    },
    "system.workflow.definition.code" : {
      "prop" : "system.workflow.definition.code",
      "direct" : "IN",
      "type" : "VARCHAR",
      "value" : "13386933585344"
    },
    "system.datetime" : {
      "prop" : "system.datetime",
      "direct" : "IN",
      "type" : "VARCHAR",
      "value" : "20240428230327"
    }
  },
  "taskAppId" : "734_1975",
  "taskTimeout" : 2147483647,
  "workerGroup" : "default",
  "delayTime" : 0,
  "currentExecutionStatus" : "SUBMITTED_SUCCESS",
  "endTime" : 0,
  "dryRun" : 0,
  "paramsMap" : { },
  "cpuQuota" : -1,
  "memoryMax" : -1,
  "testFlag" : 0,
  "logBufferEnable" : false,
  "dispatchFailTimes" : 0
}
[INFO] 2024-04-28 23:03:27.475 +0800 - ***********************************************************************************************
[INFO] 2024-04-28 23:03:27.475 +0800 - *********************************  Load task instance plugin  *********************************
[INFO] 2024-04-28 23:03:27.476 +0800 - ***********************************************************************************************
[INFO] 2024-04-28 23:03:27.488 +0800 - Send task status RUNNING_EXECUTION to master 172.18.0.11:5678
[INFO] 2024-04-28 23:03:27.495 +0800 - Success initialize task parameters: 
{
  "localParams" : [ ],
  "varPool" : null,
  "processDefinitionCode" : 13386218435520,
  "maxNumOfSubWorkflowInstances" : 1024,
  "degreeOfParallelism" : 2,
  "filterCondition" : "",
  "listParameters" : [ {
    "name" : "topics",
    "value" : "\"reddit_post_ processed_topic|reddit_post_sa_topic\"",
    "separator" : ","
  } ]
}
[INFO] 2024-04-28 23:03:27.505 +0800 - Initialized task plugin instance: DYNAMIC successfully
[INFO] 2024-04-28 23:03:27.505 +0800 - Initialize taskVarPool: null successfully
[INFO] 2024-04-28 23:03:27.506 +0800 - ***********************************************************************************************
[INFO] 2024-04-28 23:03:27.507 +0800 - *********************************  Execute task instance  *************************************
[INFO] 2024-04-28 23:03:27.511 +0800 - ***********************************************************************************************
[INFO] 2024-04-28 23:03:27.536 +0800 - parameter group size: 1
[INFO] 2024-04-28 23:03:27.537 +0800 - parameter group: {topics="reddit_post_ processed_topic|reddit_post_sa_topic"}
[INFO] 2024-04-28 23:03:27.556 +0800 - Expected number of runs : 1, actual number of runs : 1
[INFO] 2024-04-28 23:03:27.563 +0800 - insert 1 relation sub workflow
[INFO] 2024-04-28 23:03:27.577 +0800 - There are 2 sub process instances that can be started
[INFO] 2024-04-28 23:03:27.584 +0800 - start sub process instance, sub process instance id: 735, command: Command(id=965, commandType=DYNAMIC_GENERATION, processDefinitionCode=13386218435520, executorId=1, commandParam={"StartParams":"{\"topics\":\"\\\"reddit_post_ processed_topic|reddit_post_sa_topic\\\"\"}"}, taskDependType=TASK_POST, failureStrategy=CONTINUE, warningType=NONE, warningGroupId=0, scheduleTime=null, startTime=Sun Apr 28 23:03:27 GMT+08:00 2024, processInstancePriority=MEDIUM, updateTime=Sun Apr 28 23:03:27 GMT+08:00 2024, workerGroup=default, tenantCode=null, environmentCode=null, dryRun=0, processInstanceId=735, processDefinitionVersion=17, testFlag=0)
[INFO] 2024-04-28 23:03:37.600 +0800 - There are 1 sub process instances that can be started
[INFO] 2024-04-28 23:03:47.609 +0800 - all sub process instance finish
[INFO] 2024-04-28 23:03:47.611 +0800 - success sub process instance count: 0
[INFO] 2024-04-28 23:03:47.612 +0800 - failed sub process instance count: 1
[INFO] 2024-04-28 23:03:47.613 +0800 - ***********************************************************************************************
[INFO] 2024-04-28 23:03:47.613 +0800 - *********************************  Finalize task instance  ************************************
[INFO] 2024-04-28 23:03:47.614 +0800 - ***********************************************************************************************
[INFO] 2024-04-28 23:03:47.616 +0800 - Task execute finished, removed the TaskExecutionContext
[INFO] 2024-04-28 23:03:47.635 +0800 - Send task status: FAILURE to master: 172.18.0.11:5678 successfully
[INFO] 2024-04-28 23:03:47.636 +0800 - Execute task finished, will send the task execute result to master, the current task execute result is FAILURE
[INFO] 2024-04-28 23:03:47.641 +0800 - FINALIZE_SESSION
