[INFO] 2024-04-28 23:03:47.795 +0800 - Submit LogicTask: create sentiment analysis instances to MasterTaskExecutorThreadPool success
[INFO] 2024-04-28 23:03:47.802 +0800 - ***********************************************************************************************
[INFO] 2024-04-28 23:03:47.846 +0800 - *********************************  Initialize task context  ***********************************
[INFO] 2024-04-28 23:03:47.847 +0800 - ***********************************************************************************************
[INFO] 2024-04-28 23:03:47.847 +0800 - Begin to initialize task
[INFO] 2024-04-28 23:03:47.847 +0800 - Set task startTime: 1714316627847
[INFO] 2024-04-28 23:03:47.847 +0800 - Set task appId: 734_1980
[INFO] 2024-04-28 23:03:47.852 +0800 - End initialize task {
  "taskInstanceId" : 1980,
  "taskName" : "create sentiment analysis instances",
  "firstSubmitTime" : 1714316627753,
  "startTime" : 1714316627847,
  "taskType" : "DYNAMIC",
  "workflowInstanceHost" : "172.18.0.11:5678",
  "host" : "172.18.0.11:5678",
  "logPath" : "/opt/dolphinscheduler/logs/20240428/13386933585344/9/734/1980.log",
  "processId" : 0,
  "processDefineCode" : 13386933585344,
  "processDefineVersion" : 9,
  "processInstanceId" : 734,
  "scheduleTime" : 0,
  "executorId" : 1,
  "cmdTypeIfComplement" : 0,
  "tenantCode" : "default",
  "processDefineId" : 0,
  "projectId" : 0,
  "projectCode" : 13010050770016,
  "taskParams" : "{\"localParams\":[],\"resourceList\":[],\"processDefinitionCode\":13386218435520,\"maxNumOfSubWorkflowInstances\":1024,\"degreeOfParallelism\":2,\"filterCondition\":\"\",\"listParameters\":[{\"name\":\"topics\",\"value\":\"\\\"reddit_post_ processed_topic|reddit_post_sa_topic\\\"\",\"separator\":\",\",\"disabled\":true}]}",
  "prepareParamsMap" : {
    "system.task.definition.name" : {
      "prop" : "system.task.definition.name",
      "direct" : "IN",
      "type" : "VARCHAR",
      "value" : "create sentiment analysis instances"
    },
    "system.project.name" : {
      "prop" : "system.project.name",
      "direct" : "IN",
      "type" : "VARCHAR",
      "value" : null
    },
    "REDDIT_HOME" : {
      "prop" : "REDDIT_HOME",
      "direct" : "IN",
      "type" : "VARCHAR",
      "value" : "/local_storage/reddit"
    },
    "system.project.code" : {
      "prop" : "system.project.code",
      "direct" : "IN",
      "type" : "VARCHAR",
      "value" : "13010050770016"
    },
    "system.workflow.instance.id" : {
      "prop" : "system.workflow.instance.id",
      "direct" : "IN",
      "type" : "VARCHAR",
      "value" : "734"
    },
    "system.biz.curdate" : {
      "prop" : "system.biz.curdate",
      "direct" : "IN",
      "type" : "VARCHAR",
      "value" : "20240428"
    },
    "system.biz.date" : {
      "prop" : "system.biz.date",
      "direct" : "IN",
      "type" : "VARCHAR",
      "value" : "20240427"
    },
    "system.task.instance.id" : {
      "prop" : "system.task.instance.id",
      "direct" : "IN",
      "type" : "VARCHAR",
      "value" : "1980"
    },
    "system.workflow.definition.name" : {
      "prop" : "system.workflow.definition.name",
      "direct" : "IN",
      "type" : "VARCHAR",
      "value" : "sentiment_analysis_generic_main"
    },
    "system.task.definition.code" : {
      "prop" : "system.task.definition.code",
      "direct" : "IN",
      "type" : "VARCHAR",
      "value" : "13386894519360"
    },
    "system.workflow.definition.code" : {
      "prop" : "system.workflow.definition.code",
      "direct" : "IN",
      "type" : "VARCHAR",
      "value" : "13386933585344"
    },
    "system.datetime" : {
      "prop" : "system.datetime",
      "direct" : "IN",
      "type" : "VARCHAR",
      "value" : "20240428230347"
    }
  },
  "taskAppId" : "734_1980",
  "taskTimeout" : 2147483647,
  "workerGroup" : "default",
  "delayTime" : 0,
  "currentExecutionStatus" : "SUBMITTED_SUCCESS",
  "endTime" : 0,
  "varPool" : "[]",
  "dryRun" : 0,
  "paramsMap" : { },
  "cpuQuota" : -1,
  "memoryMax" : -1,
  "testFlag" : 0,
  "logBufferEnable" : false,
  "dispatchFailTimes" : 0
}
[INFO] 2024-04-28 23:03:47.854 +0800 - ***********************************************************************************************
[INFO] 2024-04-28 23:03:47.854 +0800 - *********************************  Load task instance plugin  *********************************
[INFO] 2024-04-28 23:03:47.855 +0800 - ***********************************************************************************************
[INFO] 2024-04-28 23:03:47.863 +0800 - Send task status RUNNING_EXECUTION to master 172.18.0.11:5678
[INFO] 2024-04-28 23:03:47.867 +0800 - Success initialize task parameters: 
{
  "localParams" : [ ],
  "varPool" : null,
  "processDefinitionCode" : 13386218435520,
  "maxNumOfSubWorkflowInstances" : 1024,
  "degreeOfParallelism" : 2,
  "filterCondition" : "",
  "listParameters" : [ {
    "name" : "topics",
    "value" : "\"reddit_post_ processed_topic|reddit_post_sa_topic\"",
    "separator" : ","
  } ]
}
[INFO] 2024-04-28 23:03:47.877 +0800 - Initialized task plugin instance: DYNAMIC successfully
[INFO] 2024-04-28 23:03:47.878 +0800 - Initialize taskVarPool: [] successfully
[INFO] 2024-04-28 23:03:47.878 +0800 - ***********************************************************************************************
[INFO] 2024-04-28 23:03:47.878 +0800 - *********************************  Execute task instance  *************************************
[INFO] 2024-04-28 23:03:47.878 +0800 - ***********************************************************************************************
[INFO] 2024-04-28 23:03:47.879 +0800 - parameter group size: 1
[INFO] 2024-04-28 23:03:47.882 +0800 - parameter group: {topics="reddit_post_ processed_topic|reddit_post_sa_topic"}
[INFO] 2024-04-28 23:03:47.907 +0800 - all sub process instance finish
[INFO] 2024-04-28 23:03:47.908 +0800 - success sub process instance count: 0
[INFO] 2024-04-28 23:03:47.914 +0800 - failed sub process instance count: 1
[INFO] 2024-04-28 23:03:47.915 +0800 - ***********************************************************************************************
[INFO] 2024-04-28 23:03:47.916 +0800 - *********************************  Finalize task instance  ************************************
[INFO] 2024-04-28 23:03:47.916 +0800 - ***********************************************************************************************
[INFO] 2024-04-28 23:03:47.917 +0800 - Task execute finished, removed the TaskExecutionContext
[INFO] 2024-04-28 23:03:47.931 +0800 - Send task status: FAILURE to master: 172.18.0.11:5678 successfully
[INFO] 2024-04-28 23:03:47.931 +0800 - Execute task finished, will send the task execute result to master, the current task execute result is FAILURE
[INFO] 2024-04-28 23:03:47.932 +0800 - FINALIZE_SESSION
