[INFO] 2024-05-03 04:54:05.379 +0800 - ***********************************************************************************************
[INFO] 2024-05-03 04:54:05.380 +0800 - *********************************  Initialize task context  ***********************************
[INFO] 2024-05-03 04:54:05.381 +0800 - ***********************************************************************************************
[INFO] 2024-05-03 04:54:05.381 +0800 - Begin to initialize task
[INFO] 2024-05-03 04:54:05.381 +0800 - Set task startTime: 1714683245381
[INFO] 2024-05-03 04:54:05.382 +0800 - Set task appId: 812_2391
[INFO] 2024-05-03 04:54:05.385 +0800 - End initialize task {
  "taskInstanceId" : 2391,
  "taskName" : "check if it exists in the database",
  "firstSubmitTime" : 1714683245357,
  "startTime" : 1714683245381,
  "taskType" : "SQL",
  "workflowInstanceHost" : "172.18.0.10:5678",
  "host" : "172.18.1.1:1234",
  "logPath" : "/opt/dolphinscheduler/logs/20240503/13471825071552/4/812/2391.log",
  "processId" : 0,
  "processDefineCode" : 13471825071552,
  "processDefineVersion" : 4,
  "processInstanceId" : 812,
  "scheduleTime" : 0,
  "executorId" : 1,
  "cmdTypeIfComplement" : 7,
  "tenantCode" : "default",
  "processDefineId" : 0,
  "projectId" : 0,
  "projectCode" : 13010050770016,
  "taskParams" : "{\"localParams\":[],\"resourceList\":[],\"type\":\"POSTGRESQL\",\"datasource\":5,\"sql\":\"SELECT *\\nFROM article_hashes\\nWHERE hash = ${article_data_hash}\",\"sqlType\":\"0\",\"preStatements\":[\"CREATE TABLE IF NOT EXISTS article_hashes (\\n\\t    hash TEXT NOT NULL\\n\\t);\"],\"postStatements\":[],\"displayRows\":10}",
  "environmentConfig" : "export PYTHON_LAUNCHER=/bin/python3.11",
  "prepareParamsMap" : {
    "system.task.definition.name" : {
      "prop" : "system.task.definition.name",
      "direct" : "IN",
      "type" : "VARCHAR",
      "value" : "check if it exists in the database"
    },
    "system.project.name" : {
      "prop" : "system.project.name",
      "direct" : "IN",
      "type" : "VARCHAR",
      "value" : null
    },
    "REDDIT_HOME" : {
      "prop" : "REDDIT_HOME",
      "direct" : "IN",
      "type" : "VARCHAR",
      "value" : "/local_storage/reddit"
    },
    "system.project.code" : {
      "prop" : "system.project.code",
      "direct" : "IN",
      "type" : "VARCHAR",
      "value" : "13010050770016"
    },
    "system.workflow.instance.id" : {
      "prop" : "system.workflow.instance.id",
      "direct" : "IN",
      "type" : "VARCHAR",
      "value" : "812"
    },
    "system.biz.curdate" : {
      "prop" : "system.biz.curdate",
      "direct" : "IN",
      "type" : "VARCHAR",
      "value" : "20240503"
    },
    "system.biz.date" : {
      "prop" : "system.biz.date",
      "direct" : "IN",
      "type" : "VARCHAR",
      "value" : "20240502"
    },
    "system.task.instance.id" : {
      "prop" : "system.task.instance.id",
      "direct" : "IN",
      "type" : "VARCHAR",
      "value" : "2391"
    },
    "system.workflow.definition.name" : {
      "prop" : "system.workflow.definition.name",
      "direct" : "IN",
      "type" : "VARCHAR",
      "value" : "extract_gnews_articles_hashing_subprocess"
    },
    "system.task.definition.code" : {
      "prop" : "system.task.definition.code",
      "direct" : "IN",
      "type" : "VARCHAR",
      "value" : "13472192399424"
    },
    "system.workflow.definition.code" : {
      "prop" : "system.workflow.definition.code",
      "direct" : "IN",
      "type" : "VARCHAR",
      "value" : "13471825071552"
    },
    "system.datetime" : {
      "prop" : "system.datetime",
      "direct" : "IN",
      "type" : "VARCHAR",
      "value" : "20240503045405"
    }
  },
  "taskAppId" : "812_2391",
  "taskTimeout" : 2147483647,
  "workerGroup" : "default",
  "delayTime" : 0,
  "currentExecutionStatus" : "SUBMITTED_SUCCESS",
  "resourceParametersHelper" : {
    "resourceMap" : {
      "DATASOURCE" : {
        "5" : {
          "resourceType" : "DATASOURCE",
          "type" : "POSTGRESQL",
          "connectionParams" : "{\"user\":\"root\",\"password\":\"******\",\"address\":\"jdbc:postgresql://dolphinscheduler-postgresql:5432\",\"database\":\"gnews_article_hash_db\",\"jdbcUrl\":\"jdbc:postgresql://dolphinscheduler-postgresql:5432/gnews_article_hash_db\",\"driverClassName\":\"org.postgresql.Driver\",\"validationQuery\":\"select version()\",\"other\":{\"password\":\"****\"}}",
          "DATASOURCE" : null
        }
      }
    }
  },
  "endTime" : 0,
  "dryRun" : 0,
  "paramsMap" : { },
  "cpuQuota" : -1,
  "memoryMax" : -1,
  "testFlag" : 0,
  "logBufferEnable" : false,
  "dispatchFailTimes" : 0
}
[INFO] 2024-05-03 04:54:05.387 +0800 - ***********************************************************************************************
[INFO] 2024-05-03 04:54:05.388 +0800 - *********************************  Load task instance plugin  *********************************
[INFO] 2024-05-03 04:54:05.389 +0800 - ***********************************************************************************************
[INFO] 2024-05-03 04:54:05.394 +0800 - Send task status RUNNING_EXECUTION master: 172.18.1.1:1234
[INFO] 2024-05-03 04:54:05.395 +0800 - TenantCode: default check successfully
[INFO] 2024-05-03 04:54:05.396 +0800 - WorkflowInstanceExecDir: /tmp/dolphinscheduler/exec/process/default/13010050770016/13471825071552_4/812/2391 check successfully
[INFO] 2024-05-03 04:54:05.396 +0800 - Create TaskChannel: org.apache.dolphinscheduler.plugin.task.sql.SqlTaskChannel successfully
[INFO] 2024-05-03 04:54:05.397 +0800 - Download resources successfully: 
ResourceContext(resourceItemMap={})
[INFO] 2024-05-03 04:54:05.397 +0800 - Download upstream files: [] successfully
[INFO] 2024-05-03 04:54:05.398 +0800 - Initialize sql task parameter {
  "localParams" : [ ],
  "varPool" : null,
  "type" : "POSTGRESQL",
  "datasource" : 5,
  "sql" : "SELECT *\nFROM article_hashes\nWHERE hash = ${article_data_hash}",
  "sqlType" : 0,
  "sendEmail" : null,
  "displayRows" : 10,
  "udfs" : null,
  "showType" : null,
  "connParams" : null,
  "preStatements" : [ "CREATE TABLE IF NOT EXISTS article_hashes (\n\t    hash TEXT NOT NULL\n\t);" ],
  "postStatements" : [ ],
  "groupId" : 0,
  "title" : null,
  "limit" : 0
}
[INFO] 2024-05-03 04:54:05.402 +0800 - Task plugin instance: SQL create successfully
[INFO] 2024-05-03 04:54:05.402 +0800 - Success initialized task plugin instance successfully
[INFO] 2024-05-03 04:54:05.403 +0800 - Set taskVarPool: null successfully
[INFO] 2024-05-03 04:54:05.403 +0800 - ***********************************************************************************************
[INFO] 2024-05-03 04:54:05.403 +0800 - *********************************  Execute task instance  *************************************
[INFO] 2024-05-03 04:54:05.403 +0800 - ***********************************************************************************************
[INFO] 2024-05-03 04:54:05.403 +0800 - Full sql parameters: SqlParameters{type='POSTGRESQL', datasource=5, sql='SELECT *
FROM article_hashes
WHERE hash = ${article_data_hash}', sqlType=0, sendEmail=null, displayRows=10, limit=0, udfs='null', showType='null', connParams='null', groupId='0', title='null', preStatements=[CREATE TABLE IF NOT EXISTS article_hashes (
	    hash TEXT NOT NULL
	);], postStatements=[]}
[INFO] 2024-05-03 04:54:05.404 +0800 - sql type : POSTGRESQL, datasource : 5, sql : SELECT *
FROM article_hashes
WHERE hash = ${article_data_hash} , localParams : [],udfs : null,showType : null,connParams : null,varPool : [] ,query max result limit  0
[ERROR] 2024-05-03 04:54:05.406 +0800 - setSqlParamsMap: No Property with paramName: article_data_hash is found in paramsPropsMap of task instance with id: 2391. So couldn't put Property in sqlParamsMap.
[INFO] 2024-05-03 04:54:05.407 +0800 - after replace sql , preparing : SELECT *
FROM article_hashes
WHERE hash = ?
[INFO] 2024-05-03 04:54:05.408 +0800 - Sql Params are replaced sql , parameters:
[INFO] 2024-05-03 04:54:05.410 +0800 - after replace sql , preparing : CREATE TABLE IF NOT EXISTS article_hashes (
	    hash TEXT NOT NULL
	);
[INFO] 2024-05-03 04:54:05.410 +0800 - Sql Params are replaced sql , parameters:
[INFO] 2024-05-03 04:54:05.411 +0800 - can't find udf function resource
[WARN] 2024-05-03 04:54:05.413 +0800 - Connect strings must start with jdbc:snowflake://
[INFO] 2024-05-03 04:54:05.453 +0800 - prepare statement replace sql : CREATE TABLE IF NOT EXISTS article_hashes (
	    hash TEXT NOT NULL
	);, sql parameters : {}
[INFO] 2024-05-03 04:54:05.455 +0800 - pre statement execute update result: 0, for sql: CREATE TABLE IF NOT EXISTS article_hashes (
	    hash TEXT NOT NULL
	);
[INFO] 2024-05-03 04:54:05.456 +0800 - prepare statement replace sql : SELECT *
FROM article_hashes
WHERE hash = ?, sql parameters : {}
[INFO] 2024-05-03 04:54:05.456 +0800 - main statement execute query, for sql: SELECT *
FROM article_hashes
WHERE hash = ?
[ERROR] 2024-05-03 04:54:05.457 +0800 - execute sql error: No value specified for parameter 1.
[ERROR] 2024-05-03 04:54:05.457 +0800 - sql task error
org.postgresql.util.PSQLException: No value specified for parameter 1.
	at org.postgresql.core.v3.SimpleParameterList.checkAllParametersSet(SimpleParameterList.java:284)
	at org.postgresql.core.v3.QueryExecutorImpl.execute(QueryExecutorImpl.java:340)
	at org.postgresql.jdbc.PgStatement.executeInternal(PgStatement.java:490)
	at org.postgresql.jdbc.PgStatement.execute(PgStatement.java:408)
	at org.postgresql.jdbc.PgPreparedStatement.executeWithFlags(PgPreparedStatement.java:181)
	at org.postgresql.jdbc.PgPreparedStatement.executeQuery(PgPreparedStatement.java:133)
	at org.apache.dolphinscheduler.plugin.task.sql.SqlTask.executeQuery(SqlTask.java:317)
	at org.apache.dolphinscheduler.plugin.task.sql.SqlTask.executeFuncAndSql(SqlTask.java:205)
	at org.apache.dolphinscheduler.plugin.task.sql.SqlTask.handle(SqlTask.java:159)
	at org.apache.dolphinscheduler.server.worker.runner.DefaultWorkerTaskExecutor.executeTask(DefaultWorkerTaskExecutor.java:54)
	at org.apache.dolphinscheduler.server.worker.runner.WorkerTaskExecutor.run(WorkerTaskExecutor.java:175)
	at java.util.concurrent.ThreadPoolExecutor.runWorker(ThreadPoolExecutor.java:1149)
	at java.util.concurrent.ThreadPoolExecutor$Worker.run(ThreadPoolExecutor.java:624)
	at java.lang.Thread.run(Thread.java:750)
[ERROR] 2024-05-03 04:54:05.457 +0800 - Task execute failed, due to meet an exception
org.apache.dolphinscheduler.plugin.task.api.TaskException: Execute sql task failed
	at org.apache.dolphinscheduler.plugin.task.sql.SqlTask.handle(SqlTask.java:166)
	at org.apache.dolphinscheduler.server.worker.runner.DefaultWorkerTaskExecutor.executeTask(DefaultWorkerTaskExecutor.java:54)
	at org.apache.dolphinscheduler.server.worker.runner.WorkerTaskExecutor.run(WorkerTaskExecutor.java:175)
	at java.util.concurrent.ThreadPoolExecutor.runWorker(ThreadPoolExecutor.java:1149)
	at java.util.concurrent.ThreadPoolExecutor$Worker.run(ThreadPoolExecutor.java:624)
	at java.lang.Thread.run(Thread.java:750)
Caused by: org.postgresql.util.PSQLException: No value specified for parameter 1.
	at org.postgresql.core.v3.SimpleParameterList.checkAllParametersSet(SimpleParameterList.java:284)
	at org.postgresql.core.v3.QueryExecutorImpl.execute(QueryExecutorImpl.java:340)
	at org.postgresql.jdbc.PgStatement.executeInternal(PgStatement.java:490)
	at org.postgresql.jdbc.PgStatement.execute(PgStatement.java:408)
	at org.postgresql.jdbc.PgPreparedStatement.executeWithFlags(PgPreparedStatement.java:181)
	at org.postgresql.jdbc.PgPreparedStatement.executeQuery(PgPreparedStatement.java:133)
	at org.apache.dolphinscheduler.plugin.task.sql.SqlTask.executeQuery(SqlTask.java:317)
	at org.apache.dolphinscheduler.plugin.task.sql.SqlTask.executeFuncAndSql(SqlTask.java:205)
	at org.apache.dolphinscheduler.plugin.task.sql.SqlTask.handle(SqlTask.java:159)
	... 5 common frames omitted
[INFO] 2024-05-03 04:54:05.457 +0800 - Get appIds from worker 172.18.1.1:1234, taskLogPath: /opt/dolphinscheduler/logs/20240503/13471825071552/4/812/2391.log
[INFO] 2024-05-03 04:54:05.457 +0800 - Start finding appId in /opt/dolphinscheduler/logs/20240503/13471825071552/4/812/2391.log, fetch way: log 
[INFO] 2024-05-03 04:54:05.460 +0800 - The appId is empty
[INFO] 2024-05-03 04:54:05.460 +0800 - Cancel the task successfully
[INFO] 2024-05-03 04:54:05.464 +0800 - Get a exception when execute the task, will send the task status: FAILURE to master: 172.18.1.1:1234
[INFO] 2024-05-03 04:54:05.465 +0800 - FINALIZE_SESSION
