[INFO] 2024-04-22 17:42:46.210 +0800 - ***********************************************************************************************
[INFO] 2024-04-22 17:42:46.212 +0800 - *********************************  Initialize task context  ***********************************
[INFO] 2024-04-22 17:42:46.212 +0800 - ***********************************************************************************************
[INFO] 2024-04-22 17:42:46.212 +0800 - Begin to initialize task
[INFO] 2024-04-22 17:42:46.212 +0800 - Set task startTime: 1713778966212
[INFO] 2024-04-22 17:42:46.212 +0800 - Set task appId: 406_946
[INFO] 2024-04-22 17:42:46.212 +0800 - End initialize task {
  "taskInstanceId" : 946,
  "taskName" : "search for intake JSON files",
  "firstSubmitTime" : 1713778966202,
  "startTime" : 1713778966212,
  "taskType" : "SHELL",
  "workflowInstanceHost" : "172.18.0.11:5678",
  "host" : "172.18.1.1:1234",
  "logPath" : "/opt/dolphinscheduler/logs/20240422/13201021801792/66/406/946.log",
  "processId" : 0,
  "processDefineCode" : 13201021801792,
  "processDefineVersion" : 66,
  "processInstanceId" : 406,
  "scheduleTime" : 0,
  "globalParams" : "[{\"prop\":\"folder\",\"direct\":\"IN\",\"type\":\"VARCHAR\",\"value\":\"in\"}]",
  "executorId" : 1,
  "cmdTypeIfComplement" : 0,
  "tenantCode" : "default",
  "processDefineId" : 0,
  "projectId" : 0,
  "projectCode" : 13010050770016,
  "taskParams" : "{\"localParams\":[{\"prop\":\"raw_file_dir\",\"direct\":\"OUT\",\"type\":\"VARCHAR\",\"value\":\"\"},{\"prop\":\"raw_file\",\"direct\":\"OUT\",\"type\":\"VARCHAR\",\"value\":\"\"}],\"rawScript\":\"# find 1 raw file in the folder\\nraw_file_dir=$(find ${REDDIT_HOME}/${folder} -type f -name '*.json'| head -n 1)\\nraw_file=null\\n\\n# check if raw_file_dir is empty, then set raw_file_dir and raw_file to empty strings\\nif [ -z \\\"$raw_file_dir\\\" ]; then\\n    raw_file_dir=null\\nelse\\n    raw_file=$(basename \\\"$raw_file_dir\\\")\\nfi\\n\\necho \\\"#{setValue(raw_file_dir=${raw_file_dir})}\\\"\\necho \\\"#{setValue(raw_file=${raw_file})}\\\"\",\"resourceList\":[]}",
  "environmentConfig" : "export PYTHON_LAUNCHER=/bin/python3.11",
  "prepareParamsMap" : {
    "system.task.definition.name" : {
      "prop" : "system.task.definition.name",
      "direct" : "IN",
      "type" : "VARCHAR",
      "value" : "search for intake JSON files"
    },
    "system.project.name" : {
      "prop" : "system.project.name",
      "direct" : "IN",
      "type" : "VARCHAR",
      "value" : null
    },
    "REDDIT_HOME" : {
      "prop" : "REDDIT_HOME",
      "direct" : "IN",
      "type" : "VARCHAR",
      "value" : "/local_storage/reddit"
    },
    "system.biz.curdate" : {
      "prop" : "system.biz.curdate",
      "direct" : "IN",
      "type" : "VARCHAR",
      "value" : "20240422"
    },
    "system.task.instance.id" : {
      "prop" : "system.task.instance.id",
      "direct" : "IN",
      "type" : "VARCHAR",
      "value" : "946"
    },
    "system.task.definition.code" : {
      "prop" : "system.task.definition.code",
      "direct" : "IN",
      "type" : "VARCHAR",
      "value" : "13340113777664"
    },
    "system.datetime" : {
      "prop" : "system.datetime",
      "direct" : "IN",
      "type" : "VARCHAR",
      "value" : "20240422174246"
    },
    "folder" : {
      "prop" : "folder",
      "direct" : "IN",
      "type" : "VARCHAR",
      "value" : "in"
    },
    "system.project.code" : {
      "prop" : "system.project.code",
      "direct" : "IN",
      "type" : "VARCHAR",
      "value" : "13010050770016"
    },
    "system.workflow.instance.id" : {
      "prop" : "system.workflow.instance.id",
      "direct" : "IN",
      "type" : "VARCHAR",
      "value" : "406"
    },
    "system.biz.date" : {
      "prop" : "system.biz.date",
      "direct" : "IN",
      "type" : "VARCHAR",
      "value" : "20240421"
    },
    "system.workflow.definition.name" : {
      "prop" : "system.workflow.definition.name",
      "direct" : "IN",
      "type" : "VARCHAR",
      "value" : "preprocess_post"
    },
    "system.workflow.definition.code" : {
      "prop" : "system.workflow.definition.code",
      "direct" : "IN",
      "type" : "VARCHAR",
      "value" : "13201021801792"
    }
  },
  "taskAppId" : "406_946",
  "taskTimeout" : 2147483647,
  "workerGroup" : "default",
  "delayTime" : 0,
  "currentExecutionStatus" : "SUBMITTED_SUCCESS",
  "endTime" : 0,
  "dryRun" : 0,
  "paramsMap" : { },
  "cpuQuota" : -1,
  "memoryMax" : -1,
  "testFlag" : 0,
  "logBufferEnable" : false,
  "dispatchFailTimes" : 0
}
[INFO] 2024-04-22 17:42:46.213 +0800 - ***********************************************************************************************
[INFO] 2024-04-22 17:42:46.213 +0800 - *********************************  Load task instance plugin  *********************************
[INFO] 2024-04-22 17:42:46.213 +0800 - ***********************************************************************************************
[INFO] 2024-04-22 17:42:46.217 +0800 - Send task status RUNNING_EXECUTION master: 172.18.1.1:1234
[INFO] 2024-04-22 17:42:46.218 +0800 - TenantCode: default check successfully
[INFO] 2024-04-22 17:42:46.219 +0800 - WorkflowInstanceExecDir: /tmp/dolphinscheduler/exec/process/default/13010050770016/13201021801792_66/406/946 check successfully
[INFO] 2024-04-22 17:42:46.220 +0800 - Create TaskChannel: org.apache.dolphinscheduler.plugin.task.shell.ShellTaskChannel successfully
[INFO] 2024-04-22 17:42:46.220 +0800 - Download resources successfully: 
ResourceContext(resourceItemMap={})
[INFO] 2024-04-22 17:42:46.221 +0800 - Download upstream files: [] successfully
[INFO] 2024-04-22 17:42:46.221 +0800 - Task plugin instance: SHELL create successfully
[INFO] 2024-04-22 17:42:46.222 +0800 - Initialize shell task params {
  "localParams" : [ {
    "prop" : "raw_file_dir",
    "direct" : "OUT",
    "type" : "VARCHAR",
    "value" : ""
  }, {
    "prop" : "raw_file",
    "direct" : "OUT",
    "type" : "VARCHAR",
    "value" : ""
  } ],
  "varPool" : null,
  "rawScript" : "# find 1 raw file in the folder\nraw_file_dir=$(find ${REDDIT_HOME}/${folder} -type f -name '*.json'| head -n 1)\nraw_file=null\n\n# check if raw_file_dir is empty, then set raw_file_dir and raw_file to empty strings\nif [ -z \"$raw_file_dir\" ]; then\n    raw_file_dir=null\nelse\n    raw_file=$(basename \"$raw_file_dir\")\nfi\n\necho \"#{setValue(raw_file_dir=${raw_file_dir})}\"\necho \"#{setValue(raw_file=${raw_file})}\"",
  "resourceList" : [ ]
}
[INFO] 2024-04-22 17:42:46.222 +0800 - Success initialized task plugin instance successfully
[INFO] 2024-04-22 17:42:46.222 +0800 - Set taskVarPool: null successfully
[INFO] 2024-04-22 17:42:46.223 +0800 - ***********************************************************************************************
[INFO] 2024-04-22 17:42:46.223 +0800 - *********************************  Execute task instance  *************************************
[INFO] 2024-04-22 17:42:46.223 +0800 - ***********************************************************************************************
[INFO] 2024-04-22 17:42:46.225 +0800 - Final Shell file is: 
[INFO] 2024-04-22 17:42:46.225 +0800 - ****************************** Script Content *****************************************************************
[INFO] 2024-04-22 17:42:46.225 +0800 - #!/bin/bash
BASEDIR=$(cd `dirname $0`; pwd)
cd $BASEDIR
export PYTHON_LAUNCHER=/bin/python3.11
# find 1 raw file in the folder
raw_file_dir=$(find /local_storage/reddit/in -type f -name '*.json'| head -n 1)
raw_file=null

# check if raw_file_dir is empty, then set raw_file_dir and raw_file to empty strings
if [ -z "$raw_file_dir" ]; then
    raw_file_dir=null
else
    raw_file=$(basename "$raw_file_dir")
fi

echo "#{setValue(raw_file_dir=${raw_file_dir})}"
echo "#{setValue(raw_file=${raw_file})}"
[INFO] 2024-04-22 17:42:46.226 +0800 - ****************************** Script Content *****************************************************************
[INFO] 2024-04-22 17:42:46.226 +0800 - Executing shell command : sudo -u default -i /tmp/dolphinscheduler/exec/process/default/13010050770016/13201021801792_66/406/946/406_946.sh
[INFO] 2024-04-22 17:42:46.229 +0800 - process start, process id is: 8731
[INFO] 2024-04-22 17:42:47.230 +0800 -  -> 
	sudo: unable to change directory to /home/default: No such file or directory
	#{setValue(raw_file_dir=/local_storage/reddit/in/405-20240422.json)}
	#{setValue(raw_file=405-20240422.json)}
[INFO] 2024-04-22 17:42:47.235 +0800 - process has exited. execute path:/tmp/dolphinscheduler/exec/process/default/13010050770016/13201021801792_66/406/946, processId:8731 ,exitStatusCode:0 ,processWaitForStatus:true ,processExitValue:0
[INFO] 2024-04-22 17:42:47.236 +0800 - ***********************************************************************************************
[INFO] 2024-04-22 17:42:47.236 +0800 - *********************************  Finalize task instance  ************************************
[INFO] 2024-04-22 17:42:47.236 +0800 - ***********************************************************************************************
[INFO] 2024-04-22 17:42:47.236 +0800 - Upload output files: [] successfully
[INFO] 2024-04-22 17:42:47.239 +0800 - Send task execute status: SUCCESS to master : 172.18.1.1:1234
[INFO] 2024-04-22 17:42:47.239 +0800 - Remove the current task execute context from worker cache
[INFO] 2024-04-22 17:42:47.239 +0800 - The current execute mode isn't develop mode, will clear the task execute file: /tmp/dolphinscheduler/exec/process/default/13010050770016/13201021801792_66/406/946
[INFO] 2024-04-22 17:42:47.240 +0800 - Success clear the task execute file: /tmp/dolphinscheduler/exec/process/default/13010050770016/13201021801792_66/406/946
[INFO] 2024-04-22 17:42:47.240 +0800 - FINALIZE_SESSION
