[INFO] 2024-03-21 18:28:35.992 +0800 - ***********************************************************************************************
[INFO] 2024-03-21 18:28:35.997 +0800 - *********************************  Initialize task context  ***********************************
[INFO] 2024-03-21 18:28:35.998 +0800 - ***********************************************************************************************
[INFO] 2024-03-21 18:28:35.998 +0800 - Begin to initialize task
[INFO] 2024-03-21 18:28:35.998 +0800 - Set task startTime: 1711016915998
[INFO] 2024-03-21 18:28:35.998 +0800 - Set task appId: 10_62
[INFO] 2024-03-21 18:28:36.001 +0800 - End initialize task {
  "taskInstanceId" : 62,
  "taskName" : "Task C",
  "firstSubmitTime" : 1711016915972,
  "startTime" : 1711016915998,
  "taskType" : "SHELL",
  "workflowInstanceHost" : "172.19.0.5:5678",
  "host" : "172.19.0.7:1234",
  "logPath" : "/opt/dolphinscheduler/logs/20240321/13002839652640/4/10/62.log",
  "processId" : 0,
  "processDefineCode" : 13002839652640,
  "processDefineVersion" : 4,
  "processInstanceId" : 10,
  "scheduleTime" : 0,
  "executorId" : 1,
  "cmdTypeIfComplement" : 7,
  "tenantCode" : "default",
  "processDefineId" : 0,
  "projectId" : 0,
  "projectCode" : 13001194483488,
  "taskParams" : "{\"localParams\":[],\"rawScript\":\"#!/bin/bash\\n\\necho \\\"Task C was completed\\\"\\n\",\"resourceList\":[]}",
  "prepareParamsMap" : {
    "system.task.definition.name" : {
      "prop" : "system.task.definition.name",
      "direct" : "IN",
      "type" : "VARCHAR",
      "value" : "Task C"
    },
    "system.project.name" : {
      "prop" : "system.project.name",
      "direct" : "IN",
      "type" : "VARCHAR",
      "value" : null
    },
    "system.project.code" : {
      "prop" : "system.project.code",
      "direct" : "IN",
      "type" : "VARCHAR",
      "value" : "13001194483488"
    },
    "system.workflow.instance.id" : {
      "prop" : "system.workflow.instance.id",
      "direct" : "IN",
      "type" : "VARCHAR",
      "value" : "10"
    },
    "sum" : {
      "prop" : "sum",
      "direct" : "IN",
      "type" : "INTEGER",
      "value" : "0"
    },
    "system.biz.curdate" : {
      "prop" : "system.biz.curdate",
      "direct" : "IN",
      "type" : "VARCHAR",
      "value" : "20240321"
    },
    "system.biz.date" : {
      "prop" : "system.biz.date",
      "direct" : "IN",
      "type" : "VARCHAR",
      "value" : "20240320"
    },
    "system.task.instance.id" : {
      "prop" : "system.task.instance.id",
      "direct" : "IN",
      "type" : "VARCHAR",
      "value" : "62"
    },
    "system.workflow.definition.name" : {
      "prop" : "system.workflow.definition.name",
      "direct" : "IN",
      "type" : "VARCHAR",
      "value" : "number_sum_task_orchestrator"
    },
    "system.task.definition.code" : {
      "prop" : "system.task.definition.code",
      "direct" : "IN",
      "type" : "VARCHAR",
      "value" : "13002842616992"
    },
    "system.workflow.definition.code" : {
      "prop" : "system.workflow.definition.code",
      "direct" : "IN",
      "type" : "VARCHAR",
      "value" : "13002839652640"
    },
    "system.datetime" : {
      "prop" : "system.datetime",
      "direct" : "IN",
      "type" : "VARCHAR",
      "value" : "20240321182835"
    }
  },
  "taskAppId" : "10_62",
  "taskTimeout" : 2147483647,
  "workerGroup" : "default",
  "delayTime" : 0,
  "currentExecutionStatus" : "SUBMITTED_SUCCESS",
  "endTime" : 0,
  "varPool" : "[{\"prop\":\"sum\",\"direct\":\"IN\",\"type\":\"INTEGER\",\"value\":\"0\"}]",
  "dryRun" : 0,
  "paramsMap" : { },
  "cpuQuota" : -1,
  "memoryMax" : -1,
  "testFlag" : 0,
  "logBufferEnable" : false,
  "dispatchFailTimes" : 0
}
[INFO] 2024-03-21 18:28:36.007 +0800 - ***********************************************************************************************
[INFO] 2024-03-21 18:28:36.010 +0800 - *********************************  Load task instance plugin  *********************************
[INFO] 2024-03-21 18:28:36.018 +0800 - ***********************************************************************************************
[INFO] 2024-03-21 18:28:36.028 +0800 - Send task status RUNNING_EXECUTION master: 172.19.0.7:1234
[INFO] 2024-03-21 18:28:36.029 +0800 - TenantCode: default check successfully
[INFO] 2024-03-21 18:28:36.031 +0800 - WorkflowInstanceExecDir: /tmp/dolphinscheduler/exec/process/default/13001194483488/13002839652640_4/10/62 check successfully
[INFO] 2024-03-21 18:28:36.032 +0800 - Create TaskChannel: org.apache.dolphinscheduler.plugin.task.shell.ShellTaskChannel successfully
[INFO] 2024-03-21 18:28:36.034 +0800 - Download resources successfully: 
ResourceContext(resourceItemMap={})
[INFO] 2024-03-21 18:28:36.034 +0800 - Download upstream files: [] successfully
[INFO] 2024-03-21 18:28:36.035 +0800 - Task plugin instance: SHELL create successfully
[INFO] 2024-03-21 18:28:36.041 +0800 - Initialize shell task params {
  "localParams" : [ ],
  "varPool" : null,
  "rawScript" : "#!/bin/bash\n\necho \"Task C was completed\"\n",
  "resourceList" : [ ]
}
[INFO] 2024-03-21 18:28:36.041 +0800 - Success initialized task plugin instance successfully
[INFO] 2024-03-21 18:28:36.043 +0800 - Set taskVarPool: [{"prop":"sum","direct":"IN","type":"INTEGER","value":"0"}] successfully
[INFO] 2024-03-21 18:28:36.045 +0800 - ***********************************************************************************************
[INFO] 2024-03-21 18:28:36.045 +0800 - *********************************  Execute task instance  *************************************
[INFO] 2024-03-21 18:28:36.047 +0800 - ***********************************************************************************************
[INFO] 2024-03-21 18:28:36.049 +0800 - Final Shell file is: 
[INFO] 2024-03-21 18:28:36.049 +0800 - ****************************** Script Content *****************************************************************
[INFO] 2024-03-21 18:28:36.052 +0800 - #!/bin/bash
BASEDIR=$(cd `dirname $0`; pwd)
cd $BASEDIR
#!/bin/bash

echo "Task C was completed"

[INFO] 2024-03-21 18:28:36.053 +0800 - ****************************** Script Content *****************************************************************
[INFO] 2024-03-21 18:28:36.054 +0800 - Executing shell command : sudo -u default -i /tmp/dolphinscheduler/exec/process/default/13001194483488/13002839652640_4/10/62/10_62.sh
[INFO] 2024-03-21 18:28:36.084 +0800 - process start, process id is: 3073
[INFO] 2024-03-21 18:28:37.085 +0800 -  -> 
	sudo: unable to change directory to /home/default: No such file or directory
	Task C was completed
[INFO] 2024-03-21 18:28:37.089 +0800 - process has exited. execute path:/tmp/dolphinscheduler/exec/process/default/13001194483488/13002839652640_4/10/62, processId:3073 ,exitStatusCode:0 ,processWaitForStatus:true ,processExitValue:0
[INFO] 2024-03-21 18:28:37.090 +0800 - ***********************************************************************************************
[INFO] 2024-03-21 18:28:37.091 +0800 - *********************************  Finalize task instance  ************************************
[INFO] 2024-03-21 18:28:37.092 +0800 - ***********************************************************************************************
[INFO] 2024-03-21 18:28:37.093 +0800 - Upload output files: [] successfully
[INFO] 2024-03-21 18:28:37.103 +0800 - Send task execute status: SUCCESS to master : 172.19.0.7:1234
[INFO] 2024-03-21 18:28:37.104 +0800 - Remove the current task execute context from worker cache
[INFO] 2024-03-21 18:28:37.104 +0800 - The current execute mode isn't develop mode, will clear the task execute file: /tmp/dolphinscheduler/exec/process/default/13001194483488/13002839652640_4/10/62
[INFO] 2024-03-21 18:28:37.104 +0800 - Success clear the task execute file: /tmp/dolphinscheduler/exec/process/default/13001194483488/13002839652640_4/10/62
[INFO] 2024-03-21 18:28:37.105 +0800 - FINALIZE_SESSION
