[INFO] 2024-04-09 17:58:04.385 +0800 - ***********************************************************************************************
[INFO] 2024-04-09 17:58:04.392 +0800 - *********************************  Initialize task context  ***********************************
[INFO] 2024-04-09 17:58:04.393 +0800 - ***********************************************************************************************
[INFO] 2024-04-09 17:58:04.393 +0800 - Begin to initialize task
[INFO] 2024-04-09 17:58:04.394 +0800 - Set task startTime: 1712656684394
[INFO] 2024-04-09 17:58:04.395 +0800 - Set task appId: 265_537
[INFO] 2024-04-09 17:58:04.396 +0800 - End initialize task {
  "taskInstanceId" : 537,
  "taskName" : "spark_shell",
  "firstSubmitTime" : 1712656684351,
  "startTime" : 1712656684394,
  "taskType" : "SHELL",
  "workflowInstanceHost" : "172.20.0.8:5678",
  "host" : "172.20.0.9:1234",
  "logPath" : "/opt/dolphinscheduler/logs/20240409/13201021801792/16/265/537.log",
  "processId" : 0,
  "processDefineCode" : 13201021801792,
  "processDefineVersion" : 16,
  "processInstanceId" : 265,
  "scheduleTime" : 0,
  "executorId" : 1,
  "cmdTypeIfComplement" : 0,
  "tenantCode" : "default",
  "processDefineId" : 0,
  "projectId" : 0,
  "projectCode" : 13010050770016,
  "taskParams" : "{\"localParams\":[],\"rawScript\":\"$SPARK_HOME/bin/spark-submit --master spark://spark-master:7077 --conf spark.driver.cores=1 --conf spark.driver.memory=512M --conf spark.executor.instances=2 --conf spark.executor.cores=2 --conf spark.executor.memory=2G --name myapple spark-test.py\\n\",\"resourceList\":[{\"id\":null,\"resourceName\":\"file:/dolphinscheduler/default/resources/spark-test.py\",\"res\":null}]}",
  "environmentConfig" : "export SPARK_HOME=/opt/spark-3.5.1-bin-hadoop3\nexport JAVA_HOME=/opt/java/openjdk\nexport HADOOP_CONF_DIR=/opt/hadoop-3.4.0/etc/hadoop",
  "prepareParamsMap" : {
    "system.task.definition.name" : {
      "prop" : "system.task.definition.name",
      "direct" : "IN",
      "type" : "VARCHAR",
      "value" : "spark_shell"
    },
    "system.project.name" : {
      "prop" : "system.project.name",
      "direct" : "IN",
      "type" : "VARCHAR",
      "value" : null
    },
    "system.project.code" : {
      "prop" : "system.project.code",
      "direct" : "IN",
      "type" : "VARCHAR",
      "value" : "13010050770016"
    },
    "system.workflow.instance.id" : {
      "prop" : "system.workflow.instance.id",
      "direct" : "IN",
      "type" : "VARCHAR",
      "value" : "265"
    },
    "system.biz.curdate" : {
      "prop" : "system.biz.curdate",
      "direct" : "IN",
      "type" : "VARCHAR",
      "value" : "20240409"
    },
    "system.biz.date" : {
      "prop" : "system.biz.date",
      "direct" : "IN",
      "type" : "VARCHAR",
      "value" : "20240408"
    },
    "system.task.instance.id" : {
      "prop" : "system.task.instance.id",
      "direct" : "IN",
      "type" : "VARCHAR",
      "value" : "537"
    },
    "system.workflow.definition.name" : {
      "prop" : "system.workflow.definition.name",
      "direct" : "IN",
      "type" : "VARCHAR",
      "value" : "spark"
    },
    "system.task.definition.code" : {
      "prop" : "system.task.definition.code",
      "direct" : "IN",
      "type" : "VARCHAR",
      "value" : "13210058002752"
    },
    "system.workflow.definition.code" : {
      "prop" : "system.workflow.definition.code",
      "direct" : "IN",
      "type" : "VARCHAR",
      "value" : "13201021801792"
    },
    "system.datetime" : {
      "prop" : "system.datetime",
      "direct" : "IN",
      "type" : "VARCHAR",
      "value" : "20240409175804"
    }
  },
  "taskAppId" : "265_537",
  "taskTimeout" : 2147483647,
  "workerGroup" : "default",
  "delayTime" : 0,
  "currentExecutionStatus" : "SUBMITTED_SUCCESS",
  "endTime" : 0,
  "dryRun" : 0,
  "paramsMap" : { },
  "cpuQuota" : -1,
  "memoryMax" : -1,
  "testFlag" : 0,
  "logBufferEnable" : false,
  "dispatchFailTimes" : 0
}
[INFO] 2024-04-09 17:58:04.405 +0800 - ***********************************************************************************************
[INFO] 2024-04-09 17:58:04.405 +0800 - *********************************  Load task instance plugin  *********************************
[INFO] 2024-04-09 17:58:04.406 +0800 - ***********************************************************************************************
[INFO] 2024-04-09 17:58:04.411 +0800 - Send task status RUNNING_EXECUTION master: 172.20.0.9:1234
[INFO] 2024-04-09 17:58:04.412 +0800 - TenantCode: default check successfully
[INFO] 2024-04-09 17:58:04.414 +0800 - WorkflowInstanceExecDir: /tmp/dolphinscheduler/exec/process/default/13010050770016/13201021801792_16/265/537 check successfully
[INFO] 2024-04-09 17:58:04.415 +0800 - Create TaskChannel: org.apache.dolphinscheduler.plugin.task.shell.ShellTaskChannel successfully
[INFO] 2024-04-09 17:58:04.425 +0800 - Download resources successfully: 
ResourceContext(resourceItemMap={file:/dolphinscheduler/default/resources/spark-test.py=ResourceContext.ResourceItem(resourceAbsolutePathInStorage=file:/dolphinscheduler/default/resources/spark-test.py, resourceRelativePath=spark-test.py, resourceAbsolutePathInLocal=/tmp/dolphinscheduler/exec/process/default/13010050770016/13201021801792_16/265/537/spark-test.py)})
[INFO] 2024-04-09 17:58:04.426 +0800 - Download upstream files: [] successfully
[INFO] 2024-04-09 17:58:04.426 +0800 - Task plugin instance: SHELL create successfully
[INFO] 2024-04-09 17:58:04.427 +0800 - Initialize shell task params {
  "localParams" : [ ],
  "varPool" : null,
  "rawScript" : "$SPARK_HOME/bin/spark-submit --master spark://spark-master:7077 --conf spark.driver.cores=1 --conf spark.driver.memory=512M --conf spark.executor.instances=2 --conf spark.executor.cores=2 --conf spark.executor.memory=2G --name myapple spark-test.py\n",
  "resourceList" : [ {
    "id" : null,
    "resourceName" : "file:/dolphinscheduler/default/resources/spark-test.py",
    "res" : null
  } ]
}
[INFO] 2024-04-09 17:58:04.427 +0800 - Success initialized task plugin instance successfully
[INFO] 2024-04-09 17:58:04.427 +0800 - Set taskVarPool: null successfully
[INFO] 2024-04-09 17:58:04.427 +0800 - ***********************************************************************************************
[INFO] 2024-04-09 17:58:04.427 +0800 - *********************************  Execute task instance  *************************************
[INFO] 2024-04-09 17:58:04.428 +0800 - ***********************************************************************************************
[INFO] 2024-04-09 17:58:04.428 +0800 - Final Shell file is: 
[INFO] 2024-04-09 17:58:04.428 +0800 - ****************************** Script Content *****************************************************************
[INFO] 2024-04-09 17:58:04.428 +0800 - #!/bin/bash
BASEDIR=$(cd `dirname $0`; pwd)
cd $BASEDIR
export SPARK_HOME=/opt/spark-3.5.1-bin-hadoop3
export JAVA_HOME=/opt/java/openjdk
export HADOOP_CONF_DIR=/opt/hadoop-3.4.0/etc/hadoop
$SPARK_HOME/bin/spark-submit --master spark://spark-master:7077 --conf spark.driver.cores=1 --conf spark.driver.memory=512M --conf spark.executor.instances=2 --conf spark.executor.cores=2 --conf spark.executor.memory=2G --name myapple spark-test.py

[INFO] 2024-04-09 17:58:04.429 +0800 - ****************************** Script Content *****************************************************************
[INFO] 2024-04-09 17:58:04.430 +0800 - Executing shell command : sudo -u default -i /tmp/dolphinscheduler/exec/process/default/13010050770016/13201021801792_16/265/537/265_537.sh
[INFO] 2024-04-09 17:58:04.439 +0800 - process start, process id is: 696
[INFO] 2024-04-09 17:58:05.440 +0800 -  -> 
	sudo: unable to change directory to /home/default: No such file or directory
[INFO] 2024-04-09 17:58:17.470 +0800 -  -> 
	24/04/09 17:58:16 INFO SparkContext: Running Spark version 3.5.1
	24/04/09 17:58:17 INFO SparkContext: OS info Linux, 6.5.0-26-generic, amd64
	24/04/09 17:58:17 INFO SparkContext: Java version 1.8.0_402
	24/04/09 17:58:17 WARN NativeCodeLoader: Unable to load native-hadoop library for your platform... using builtin-java classes where applicable
[INFO] 2024-04-09 17:58:18.471 +0800 -  -> 
	24/04/09 17:58:18 INFO ResourceUtils: ==============================================================
	24/04/09 17:58:18 INFO ResourceUtils: No custom resources configured for spark.driver.
	24/04/09 17:58:18 INFO ResourceUtils: ==============================================================
	24/04/09 17:58:18 INFO SparkContext: Submitted application: My App
	24/04/09 17:58:18 INFO ResourceProfile: Default ResourceProfile created, executor resources: Map(cores -> name: cores, amount: 2, script: , vendor: , memory -> name: memory, amount: 2048, script: , vendor: , offHeap -> name: offHeap, amount: 0, script: , vendor: ), task resources: Map(cpus -> name: cpus, amount: 1.0)
	24/04/09 17:58:18 INFO ResourceProfile: Limiting resource is cpus at 2 tasks per executor
	24/04/09 17:58:18 INFO ResourceProfileManager: Added ResourceProfile id: 0
[INFO] 2024-04-09 17:58:19.483 +0800 -  -> 
	24/04/09 17:58:18 INFO SecurityManager: Changing view acls to: default
	24/04/09 17:58:18 INFO SecurityManager: Changing modify acls to: default
	24/04/09 17:58:18 INFO SecurityManager: Changing view acls groups to: 
	24/04/09 17:58:18 INFO SecurityManager: Changing modify acls groups to: 
	24/04/09 17:58:18 INFO SecurityManager: SecurityManager: authentication disabled; ui acls disabled; users with view permissions: default; groups with view permissions: EMPTY; users with modify permissions: default; groups with modify permissions: EMPTY
[INFO] 2024-04-09 17:58:21.489 +0800 -  -> 
	24/04/09 17:58:20 INFO Utils: Successfully started service 'sparkDriver' on port 37053.
	24/04/09 17:58:20 INFO SparkEnv: Registering MapOutputTracker
[INFO] 2024-04-09 17:58:22.490 +0800 -  -> 
	24/04/09 17:58:21 INFO SparkEnv: Registering BlockManagerMaster
	24/04/09 17:58:21 INFO BlockManagerMasterEndpoint: Using org.apache.spark.storage.DefaultTopologyMapper for getting topology information
	24/04/09 17:58:21 INFO BlockManagerMasterEndpoint: BlockManagerMasterEndpoint up
	24/04/09 17:58:21 INFO SparkEnv: Registering BlockManagerMasterHeartbeat
	24/04/09 17:58:22 INFO DiskBlockManager: Created local directory at /tmp/blockmgr-cf2b3503-73ee-4618-9a10-a85b9338f0f8
	24/04/09 17:58:22 INFO MemoryStore: MemoryStore started with capacity 93.3 MiB
	24/04/09 17:58:22 INFO SparkEnv: Registering OutputCommitCoordinator
[INFO] 2024-04-09 17:58:23.494 +0800 -  -> 
	24/04/09 17:58:22 INFO JettyUtils: Start Jetty 0.0.0.0:4040 for SparkUI
	24/04/09 17:58:23 WARN Utils: Service 'SparkUI' could not bind on port 4040. Attempting port 4041.
	24/04/09 17:58:23 INFO Utils: Successfully started service 'SparkUI' on port 4041.
[INFO] 2024-04-09 17:58:24.499 +0800 -  -> 
	24/04/09 17:58:23 INFO StandaloneAppClient$ClientEndpoint: Connecting to master spark://spark-master:7077...
	24/04/09 17:58:24 INFO TransportClientFactory: Successfully created connection to spark-master/172.20.0.3:7077 after 250 ms (0 ms spent in bootstraps)
[INFO] 2024-04-09 17:58:25.519 +0800 -  -> 
	24/04/09 17:58:24 INFO StandaloneSchedulerBackend: Connected to Spark cluster with app ID app-20240409095824-0001
	24/04/09 17:58:24 INFO Utils: Successfully started service 'org.apache.spark.network.netty.NettyBlockTransferService' on port 40741.
	24/04/09 17:58:24 INFO NettyBlockTransferService: Server created on 324c3e4172de:40741
	24/04/09 17:58:24 INFO BlockManager: Using org.apache.spark.storage.RandomBlockReplicationPolicy for block replication policy
	24/04/09 17:58:24 INFO BlockManagerMaster: Registering BlockManager BlockManagerId(driver, 324c3e4172de, 40741, None)
	24/04/09 17:58:24 INFO BlockManagerMasterEndpoint: Registering block manager 324c3e4172de:40741 with 93.3 MiB RAM, BlockManagerId(driver, 324c3e4172de, 40741, None)
	24/04/09 17:58:24 INFO BlockManagerMaster: Registered BlockManager BlockManagerId(driver, 324c3e4172de, 40741, None)
	24/04/09 17:58:24 INFO BlockManager: Initialized BlockManager: BlockManagerId(driver, 324c3e4172de, 40741, None)
[INFO] 2024-04-09 17:58:26.523 +0800 -  -> 
	24/04/09 17:58:26 INFO StandaloneSchedulerBackend: SchedulerBackend is ready for scheduling beginning after reached minRegisteredResourcesRatio: 0.0
[INFO] 2024-04-09 17:58:30.532 +0800 -  -> 
	24/04/09 17:58:29 INFO SparkContext: Starting job: sum at /tmp/dolphinscheduler/exec/process/default/13010050770016/13201021801792_16/265/537/spark-test.py:12
	24/04/09 17:58:30 INFO DAGScheduler: Got job 0 (sum at /tmp/dolphinscheduler/exec/process/default/13010050770016/13201021801792_16/265/537/spark-test.py:12) with 2 output partitions
	24/04/09 17:58:30 INFO DAGScheduler: Final stage: ResultStage 0 (sum at /tmp/dolphinscheduler/exec/process/default/13010050770016/13201021801792_16/265/537/spark-test.py:12)
	24/04/09 17:58:30 INFO DAGScheduler: Parents of final stage: List()
	24/04/09 17:58:30 INFO DAGScheduler: Missing parents: List()
	24/04/09 17:58:30 INFO DAGScheduler: Submitting ResultStage 0 (PythonRDD[1] at sum at /tmp/dolphinscheduler/exec/process/default/13010050770016/13201021801792_16/265/537/spark-test.py:12), which has no missing parents
[INFO] 2024-04-09 17:58:31.534 +0800 -  -> 
	24/04/09 17:58:30 INFO MemoryStore: Block broadcast_0 stored as values in memory (estimated size 7.5 KiB, free 93.3 MiB)
	24/04/09 17:58:31 INFO MemoryStore: Block broadcast_0_piece0 stored as bytes in memory (estimated size 4.7 KiB, free 93.3 MiB)
	24/04/09 17:58:31 INFO BlockManagerInfo: Added broadcast_0_piece0 in memory on 324c3e4172de:40741 (size: 4.7 KiB, free: 93.3 MiB)
	24/04/09 17:58:31 INFO SparkContext: Created broadcast 0 from broadcast at DAGScheduler.scala:1585
	24/04/09 17:58:31 INFO DAGScheduler: Submitting 2 missing tasks from ResultStage 0 (PythonRDD[1] at sum at /tmp/dolphinscheduler/exec/process/default/13010050770016/13201021801792_16/265/537/spark-test.py:12) (first 15 tasks are for partitions Vector(0, 1))
	24/04/09 17:58:31 INFO TaskSchedulerImpl: Adding task set 0.0 with 2 tasks resource profile 0
[INFO] 2024-04-09 17:58:46.546 +0800 -  -> 
	24/04/09 17:58:46 WARN TaskSchedulerImpl: Initial job has not accepted any resources; check your cluster UI to ensure that workers are registered and have sufficient resources
[INFO] 2024-04-09 17:59:01.561 +0800 -  -> 
	24/04/09 17:59:01 WARN TaskSchedulerImpl: Initial job has not accepted any resources; check your cluster UI to ensure that workers are registered and have sufficient resources
[INFO] 2024-04-09 17:59:16.576 +0800 -  -> 
	24/04/09 17:59:16 WARN TaskSchedulerImpl: Initial job has not accepted any resources; check your cluster UI to ensure that workers are registered and have sufficient resources
[INFO] 2024-04-09 17:59:31.603 +0800 -  -> 
	24/04/09 17:59:31 WARN TaskSchedulerImpl: Initial job has not accepted any resources; check your cluster UI to ensure that workers are registered and have sufficient resources
[INFO] 2024-04-09 17:59:46.621 +0800 -  -> 
	24/04/09 17:59:46 WARN TaskSchedulerImpl: Initial job has not accepted any resources; check your cluster UI to ensure that workers are registered and have sufficient resources
[INFO] 2024-04-09 18:00:01.633 +0800 -  -> 
	24/04/09 18:00:01 WARN TaskSchedulerImpl: Initial job has not accepted any resources; check your cluster UI to ensure that workers are registered and have sufficient resources
[ERROR] 2024-04-09 18:00:06.235 +0800 - kill task error
java.io.IOException: Cannot run program "pstree": error=2, No such file or directory
	at java.lang.ProcessBuilder.start(ProcessBuilder.java:1048)
	at org.apache.dolphinscheduler.common.shell.AbstractShell.runCommand(AbstractShell.java:138)
	at org.apache.dolphinscheduler.common.shell.AbstractShell.run(AbstractShell.java:118)
	at org.apache.dolphinscheduler.common.shell.ShellExecutor.execute(ShellExecutor.java:125)
	at org.apache.dolphinscheduler.common.shell.ShellExecutor.execCommand(ShellExecutor.java:103)
	at org.apache.dolphinscheduler.common.shell.ShellExecutor.execCommand(ShellExecutor.java:86)
	at org.apache.dolphinscheduler.common.utils.OSUtils.exeShell(OSUtils.java:345)
	at org.apache.dolphinscheduler.common.utils.OSUtils.exeCmd(OSUtils.java:334)
	at org.apache.dolphinscheduler.plugin.task.api.utils.ProcessUtils.getPidsStr(ProcessUtils.java:129)
	at org.apache.dolphinscheduler.server.worker.runner.operator.TaskInstanceKillOperationFunction.killProcess(TaskInstanceKillOperationFunction.java:130)
	at org.apache.dolphinscheduler.server.worker.runner.operator.TaskInstanceKillOperationFunction.doKill(TaskInstanceKillOperationFunction.java:96)
	at org.apache.dolphinscheduler.server.worker.runner.operator.TaskInstanceKillOperationFunction.operate(TaskInstanceKillOperationFunction.java:69)
	at org.apache.dolphinscheduler.server.worker.rpc.TaskInstanceOperatorImpl.killTask(TaskInstanceOperatorImpl.java:49)
	at sun.reflect.NativeMethodAccessorImpl.invoke0(Native Method)
	at sun.reflect.NativeMethodAccessorImpl.invoke(NativeMethodAccessorImpl.java:62)
	at sun.reflect.DelegatingMethodAccessorImpl.invoke(DelegatingMethodAccessorImpl.java:43)
	at java.lang.reflect.Method.invoke(Method.java:498)
	at org.apache.dolphinscheduler.extract.base.server.ServerMethodInvokerImpl.invoke(ServerMethodInvokerImpl.java:41)
	at org.apache.dolphinscheduler.extract.base.server.JdkDynamicServerHandler.lambda$processReceived$0(JdkDynamicServerHandler.java:108)
	at java.util.concurrent.ThreadPoolExecutor.runWorker(ThreadPoolExecutor.java:1149)
	at java.util.concurrent.ThreadPoolExecutor$Worker.run(ThreadPoolExecutor.java:624)
	at java.lang.Thread.run(Thread.java:750)
Caused by: java.io.IOException: error=2, No such file or directory
	at java.lang.UNIXProcess.forkAndExec(Native Method)
	at java.lang.UNIXProcess.<init>(UNIXProcess.java:247)
	at java.lang.ProcessImpl.start(ProcessImpl.java:134)
	at java.lang.ProcessBuilder.start(ProcessBuilder.java:1029)
	... 21 common frames omitted
[INFO] 2024-04-09 18:00:06.238 +0800 - Get appIds from worker 172.20.0.9:1234, taskLogPath: /opt/dolphinscheduler/logs/20240409/13201021801792/16/265/537.log
[INFO] 2024-04-09 18:00:06.239 +0800 - Start finding appId in /opt/dolphinscheduler/logs/20240409/13201021801792/16/265/537.log, fetch way: log 
[INFO] 2024-04-09 18:00:06.244 +0800 - The appId is empty
[INFO] 2024-04-09 18:00:06.245 +0800 - Begin to kill process process, pid is : 696
[INFO] 2024-04-09 18:00:11.278 +0800 - Success kill task: 265_537, pid: 696
[INFO] 2024-04-09 18:00:11.279 +0800 - kill task by cancelApplication, taskInstanceId: 537
[ERROR] 2024-04-09 18:00:16.331 +0800 - Parse var pool error
java.io.IOException: Stream closed
	at java.io.BufferedInputStream.getBufIfOpen(BufferedInputStream.java:170)
	at java.io.BufferedInputStream.read1(BufferedInputStream.java:283)
	at java.io.BufferedInputStream.read(BufferedInputStream.java:345)
	at sun.nio.cs.StreamDecoder.readBytes(StreamDecoder.java:284)
	at sun.nio.cs.StreamDecoder.implRead(StreamDecoder.java:326)
	at sun.nio.cs.StreamDecoder.read(StreamDecoder.java:178)
	at java.io.InputStreamReader.read(InputStreamReader.java:184)
	at java.io.BufferedReader.fill(BufferedReader.java:161)
	at java.io.BufferedReader.readLine(BufferedReader.java:324)
	at java.io.BufferedReader.readLine(BufferedReader.java:389)
	at org.apache.dolphinscheduler.plugin.task.api.AbstractCommandExecutor.lambda$parseProcessOutput$1(AbstractCommandExecutor.java:273)
	at java.util.concurrent.Executors$RunnableAdapter.call(Executors.java:511)
	at java.util.concurrent.FutureTask.run(FutureTask.java:266)
	at java.util.concurrent.ScheduledThreadPoolExecutor$ScheduledFutureTask.access$201(ScheduledThreadPoolExecutor.java:180)
	at java.util.concurrent.ScheduledThreadPoolExecutor$ScheduledFutureTask.run(ScheduledThreadPoolExecutor.java:293)
	at java.util.concurrent.ThreadPoolExecutor.runWorker(ThreadPoolExecutor.java:1149)
	at java.util.concurrent.ThreadPoolExecutor$Worker.run(ThreadPoolExecutor.java:624)
	at java.lang.Thread.run(Thread.java:750)
[INFO] 2024-04-09 18:00:16.679 +0800 - process has killed. execute path:/tmp/dolphinscheduler/exec/process/default/13010050770016/13201021801792_16/265/537, processId:696 ,exitStatusCode:137 ,processWaitForStatus:true ,processExitValue:137
[INFO] 2024-04-09 18:00:16.679 +0800 - ***********************************************************************************************
[INFO] 2024-04-09 18:00:16.680 +0800 - *********************************  Finalize task instance  ************************************
[INFO] 2024-04-09 18:00:16.680 +0800 - ***********************************************************************************************
[INFO] 2024-04-09 18:00:16.688 +0800 - Upload output files: [] successfully
[INFO] 2024-04-09 18:00:16.715 +0800 - Send task execute status: KILL to master : 172.20.0.9:1234
[INFO] 2024-04-09 18:00:16.716 +0800 - Remove the current task execute context from worker cache
[INFO] 2024-04-09 18:00:16.717 +0800 - The current execute mode isn't develop mode, will clear the task execute file: /tmp/dolphinscheduler/exec/process/default/13010050770016/13201021801792_16/265/537
[INFO] 2024-04-09 18:00:16.722 +0800 - Success clear the task execute file: /tmp/dolphinscheduler/exec/process/default/13010050770016/13201021801792_16/265/537
[INFO] 2024-04-09 18:00:16.723 +0800 - FINALIZE_SESSION
