[INFO] 2024-03-21 19:54:18.065 +0800 - ***********************************************************************************************
[INFO] 2024-03-21 19:54:18.067 +0800 - *********************************  Initialize task context  ***********************************
[INFO] 2024-03-21 19:54:18.068 +0800 - ***********************************************************************************************
[INFO] 2024-03-21 19:54:18.065 +0800 - Submit LogicTask: task orchestration to MasterTaskExecutorThreadPool success
[INFO] 2024-03-21 19:54:18.068 +0800 - Begin to initialize task
[INFO] 2024-03-21 19:54:18.072 +0800 - Set task startTime: 1711022058072
[INFO] 2024-03-21 19:54:18.072 +0800 - Set task appId: 22_116
[INFO] 2024-03-21 19:54:18.073 +0800 - End initialize task {
  "taskInstanceId" : 116,
  "taskName" : "task orchestration",
  "firstSubmitTime" : 1711022058053,
  "startTime" : 1711022058072,
  "taskType" : "SUB_PROCESS",
  "workflowInstanceHost" : "172.19.0.5:5678",
  "host" : "172.19.0.5:5678",
  "logPath" : "/opt/dolphinscheduler/logs/20240321/13001314456096/21/22/116.log",
  "processId" : 0,
  "processDefineCode" : 13001314456096,
  "processDefineVersion" : 21,
  "processInstanceId" : 22,
  "scheduleTime" : 0,
  "executorId" : 1,
  "cmdTypeIfComplement" : 0,
  "tenantCode" : "default",
  "processDefineId" : 0,
  "projectId" : 0,
  "projectCode" : 13001194483488,
  "taskParams" : "{\"localParams\":[],\"resourceList\":[],\"processDefinitionCode\":13002839652640}",
  "prepareParamsMap" : {
    "system.task.definition.name" : {
      "prop" : "system.task.definition.name",
      "direct" : "IN",
      "type" : "VARCHAR",
      "value" : "task orchestration"
    },
    "system.project.name" : {
      "prop" : "system.project.name",
      "direct" : "IN",
      "type" : "VARCHAR",
      "value" : null
    },
    "system.biz.curdate" : {
      "prop" : "system.biz.curdate",
      "direct" : "IN",
      "type" : "VARCHAR",
      "value" : "20240321"
    },
    "system.task.instance.id" : {
      "prop" : "system.task.instance.id",
      "direct" : "IN",
      "type" : "VARCHAR",
      "value" : "116"
    },
    "system.task.definition.code" : {
      "prop" : "system.task.definition.code",
      "direct" : "IN",
      "type" : "VARCHAR",
      "value" : "13003567481632"
    },
    "system.datetime" : {
      "prop" : "system.datetime",
      "direct" : "IN",
      "type" : "VARCHAR",
      "value" : "20240321195418"
    },
    "system.project.code" : {
      "prop" : "system.project.code",
      "direct" : "IN",
      "type" : "VARCHAR",
      "value" : "13001194483488"
    },
    "system.workflow.instance.id" : {
      "prop" : "system.workflow.instance.id",
      "direct" : "IN",
      "type" : "VARCHAR",
      "value" : "22"
    },
    "num1" : {
      "prop" : "num1",
      "direct" : "IN",
      "type" : "INTEGER",
      "value" : "0"
    },
    "system.biz.date" : {
      "prop" : "system.biz.date",
      "direct" : "IN",
      "type" : "VARCHAR",
      "value" : "20240320"
    },
    "system.workflow.definition.name" : {
      "prop" : "system.workflow.definition.name",
      "direct" : "IN",
      "type" : "VARCHAR",
      "value" : "random_numbers_generator"
    },
    "system.workflow.definition.code" : {
      "prop" : "system.workflow.definition.code",
      "direct" : "IN",
      "type" : "VARCHAR",
      "value" : "13001314456096"
    },
    "num2" : {
      "prop" : "num2",
      "direct" : "IN",
      "type" : "INTEGER",
      "value" : "0"
    }
  },
  "taskAppId" : "22_116",
  "taskTimeout" : 2147483647,
  "workerGroup" : "default",
  "delayTime" : 0,
  "currentExecutionStatus" : "SUBMITTED_SUCCESS",
  "endTime" : 0,
  "varPool" : "[{\"prop\":\"num1\",\"direct\":\"IN\",\"type\":\"INTEGER\",\"value\":\"0\"},{\"prop\":\"num2\",\"direct\":\"IN\",\"type\":\"INTEGER\",\"value\":\"0\"}]",
  "dryRun" : 0,
  "paramsMap" : { },
  "cpuQuota" : -1,
  "memoryMax" : -1,
  "testFlag" : 0,
  "logBufferEnable" : false,
  "dispatchFailTimes" : 0
}
[INFO] 2024-03-21 19:54:18.077 +0800 - ***********************************************************************************************
[INFO] 2024-03-21 19:54:18.085 +0800 - *********************************  Load task instance plugin  *********************************
[INFO] 2024-03-21 19:54:18.085 +0800 - ***********************************************************************************************
[INFO] 2024-03-21 19:54:18.095 +0800 - Send task status RUNNING_EXECUTION to master 172.19.0.5:5678
[INFO] 2024-03-21 19:54:18.096 +0800 - Success initialize task parameters: 
{
  "localParams" : [ ],
  "varPool" : null,
  "processDefinitionCode" : 13002839652640
}
[INFO] 2024-03-21 19:54:18.097 +0800 - Initialized task plugin instance: SUB_PROCESS successfully
[INFO] 2024-03-21 19:54:18.098 +0800 - Initialize taskVarPool: [{"prop":"num1","direct":"IN","type":"INTEGER","value":"0"},{"prop":"num2","direct":"IN","type":"INTEGER","value":"0"}] successfully
[INFO] 2024-03-21 19:54:18.099 +0800 - ***********************************************************************************************
[INFO] 2024-03-21 19:54:18.100 +0800 - *********************************  Execute task instance  *************************************
[INFO] 2024-03-21 19:54:18.100 +0800 - ***********************************************************************************************
[INFO] 2024-03-21 19:54:18.103 +0800 - The sub workflow instance doesn't created
[INFO] 2024-03-21 19:54:28.158 +0800 - ***********************************************************************************************
[INFO] 2024-03-21 19:54:28.164 +0800 - *********************************  Finalize task instance  ************************************
[INFO] 2024-03-21 19:54:28.165 +0800 - ***********************************************************************************************
[INFO] 2024-03-21 19:54:28.167 +0800 - Task execute finished, removed the TaskExecutionContext
[INFO] 2024-03-21 19:54:28.176 +0800 - Send task status: FAILURE to master: 172.19.0.5:5678 successfully
[INFO] 2024-03-21 19:54:28.177 +0800 - Execute task finished, will send the task execute result to master, the current task execute result is FAILURE
[INFO] 2024-03-21 19:54:28.177 +0800 - FINALIZE_SESSION
