[INFO] 2024-04-29 17:41:59.854 +0800 - ***********************************************************************************************
[INFO] 2024-04-29 17:41:59.857 +0800 - *********************************  Initialize task context  ***********************************
[INFO] 2024-04-29 17:41:59.858 +0800 - ***********************************************************************************************
[INFO] 2024-04-29 17:41:59.858 +0800 - Begin to initialize task
[INFO] 2024-04-29 17:41:59.858 +0800 - Set task startTime: 1714383719858
[INFO] 2024-04-29 17:41:59.858 +0800 - Set task appId: 748_2036
[INFO] 2024-04-29 17:41:59.863 +0800 - End initialize task {
  "taskInstanceId" : 2036,
  "taskName" : "Persist in postgresql",
  "firstSubmitTime" : 1714383719719,
  "startTime" : 1714383719858,
  "taskType" : "SQL",
  "workflowInstanceHost" : "172.18.0.12:5678",
  "host" : "172.18.1.1:1234",
  "logPath" : "/opt/dolphinscheduler/logs/20240429/13426477386080/8/748/2036.log",
  "processId" : 0,
  "processDefineCode" : 13426477386080,
  "processDefineVersion" : 8,
  "processInstanceId" : 748,
  "scheduleTime" : 0,
  "executorId" : 1,
  "cmdTypeIfComplement" : 7,
  "tenantCode" : "default",
  "processDefineId" : 0,
  "projectId" : 0,
  "projectCode" : 13010050770016,
  "taskParams" : "{\"localParams\":[],\"resourceList\":[],\"type\":\"POSTGRESQL\",\"datasource\":1,\"sql\":\"${query}\",\"sqlType\":\"0\",\"preStatements\":[],\"postStatements\":[],\"displayRows\":10}",
  "environmentConfig" : "export PYTHON_LAUNCHER=/bin/python3.11",
  "prepareParamsMap" : {
    "system.task.definition.name" : {
      "prop" : "system.task.definition.name",
      "direct" : "IN",
      "type" : "VARCHAR",
      "value" : "Persist in postgresql"
    },
    "system.project.name" : {
      "prop" : "system.project.name",
      "direct" : "IN",
      "type" : "VARCHAR",
      "value" : null
    },
    "REDDIT_HOME" : {
      "prop" : "REDDIT_HOME",
      "direct" : "IN",
      "type" : "VARCHAR",
      "value" : "/local_storage/reddit"
    },
    "query" : {
      "prop" : "query",
      "direct" : "IN",
      "type" : "VARCHAR",
      "value" : ""
    },
    "system.biz.curdate" : {
      "prop" : "system.biz.curdate",
      "direct" : "IN",
      "type" : "VARCHAR",
      "value" : "20240429"
    },
    "system.task.instance.id" : {
      "prop" : "system.task.instance.id",
      "direct" : "IN",
      "type" : "VARCHAR",
      "value" : "2036"
    },
    "system.task.definition.code" : {
      "prop" : "system.task.definition.code",
      "direct" : "IN",
      "type" : "VARCHAR",
      "value" : "13427698681952"
    },
    "system.datetime" : {
      "prop" : "system.datetime",
      "direct" : "IN",
      "type" : "VARCHAR",
      "value" : "20240429174159"
    },
    "system.project.code" : {
      "prop" : "system.project.code",
      "direct" : "IN",
      "type" : "VARCHAR",
      "value" : "13010050770016"
    },
    "system.workflow.instance.id" : {
      "prop" : "system.workflow.instance.id",
      "direct" : "IN",
      "type" : "VARCHAR",
      "value" : "748"
    },
    "system.biz.date" : {
      "prop" : "system.biz.date",
      "direct" : "IN",
      "type" : "VARCHAR",
      "value" : "20240428"
    },
    "system.workflow.definition.name" : {
      "prop" : "system.workflow.definition.name",
      "direct" : "IN",
      "type" : "VARCHAR",
      "value" : "es_filtered_data_persistence_subprocess"
    },
    "system.workflow.definition.code" : {
      "prop" : "system.workflow.definition.code",
      "direct" : "IN",
      "type" : "VARCHAR",
      "value" : "13426477386080"
    }
  },
  "taskAppId" : "748_2036",
  "taskTimeout" : 2147483647,
  "workerGroup" : "default",
  "delayTime" : 0,
  "currentExecutionStatus" : "SUBMITTED_SUCCESS",
  "resourceParametersHelper" : {
    "resourceMap" : {
      "DATASOURCE" : {
        "1" : {
          "resourceType" : "DATASOURCE",
          "type" : "POSTGRESQL",
          "connectionParams" : "{\"user\":\"root\",\"password\":\"*******************\",\"address\":\"jdbc:postgresql://dolphinscheduler-postgresql:5432\",\"database\":\"persistence\",\"jdbcUrl\":\"jdbc:postgresql://dolphinscheduler-postgresql:5432/persistence\",\"driverClassName\":\"org.postgresql.Driver\",\"validationQuery\":\"select version()\"}",
          "DATASOURCE" : null
        }
      }
    }
  },
  "endTime" : 0,
  "varPool" : "[{\"prop\":\"query\",\"direct\":\"IN\",\"type\":\"VARCHAR\",\"value\":\"\"}]",
  "dryRun" : 0,
  "paramsMap" : { },
  "cpuQuota" : -1,
  "memoryMax" : -1,
  "testFlag" : 0,
  "logBufferEnable" : false,
  "dispatchFailTimes" : 0
}
[INFO] 2024-04-29 17:41:59.876 +0800 - ***********************************************************************************************
[INFO] 2024-04-29 17:41:59.877 +0800 - *********************************  Load task instance plugin  *********************************
[INFO] 2024-04-29 17:41:59.877 +0800 - ***********************************************************************************************
[INFO] 2024-04-29 17:41:59.897 +0800 - Send task status RUNNING_EXECUTION master: 172.18.1.1:1234
[INFO] 2024-04-29 17:41:59.899 +0800 - TenantCode: default check successfully
[INFO] 2024-04-29 17:41:59.902 +0800 - WorkflowInstanceExecDir: /tmp/dolphinscheduler/exec/process/default/13010050770016/13426477386080_8/748/2036 check successfully
[INFO] 2024-04-29 17:41:59.902 +0800 - Create TaskChannel: org.apache.dolphinscheduler.plugin.task.sql.SqlTaskChannel successfully
[INFO] 2024-04-29 17:41:59.920 +0800 - Download resources successfully: 
ResourceContext(resourceItemMap={})
[INFO] 2024-04-29 17:41:59.922 +0800 - Download upstream files: [] successfully
[INFO] 2024-04-29 17:41:59.927 +0800 - Initialize sql task parameter {
  "localParams" : [ ],
  "varPool" : null,
  "type" : "POSTGRESQL",
  "datasource" : 1,
  "sql" : "${query}",
  "sqlType" : 0,
  "sendEmail" : null,
  "displayRows" : 10,
  "udfs" : null,
  "showType" : null,
  "connParams" : null,
  "preStatements" : [ ],
  "postStatements" : [ ],
  "groupId" : 0,
  "title" : null,
  "limit" : 0
}
[INFO] 2024-04-29 17:41:59.936 +0800 - Task plugin instance: SQL create successfully
[INFO] 2024-04-29 17:41:59.937 +0800 - Success initialized task plugin instance successfully
[INFO] 2024-04-29 17:41:59.937 +0800 - Set taskVarPool: [{"prop":"query","direct":"IN","type":"VARCHAR","value":""}] successfully
[INFO] 2024-04-29 17:41:59.940 +0800 - ***********************************************************************************************
[INFO] 2024-04-29 17:41:59.940 +0800 - *********************************  Execute task instance  *************************************
[INFO] 2024-04-29 17:41:59.940 +0800 - ***********************************************************************************************
[INFO] 2024-04-29 17:41:59.940 +0800 - Full sql parameters: SqlParameters{type='POSTGRESQL', datasource=1, sql='${query}', sqlType=0, sendEmail=null, displayRows=10, limit=0, udfs='null', showType='null', connParams='null', groupId='0', title='null', preStatements=[], postStatements=[]}
[INFO] 2024-04-29 17:41:59.940 +0800 - sql type : POSTGRESQL, datasource : 1, sql : ${query} , localParams : [],udfs : null,showType : null,connParams : null,varPool : [Property{prop='query', direct=IN, type=VARCHAR, value=''}] ,query max result limit  0
[INFO] 2024-04-29 17:41:59.958 +0800 - start register processor: HANA
[INFO] 2024-04-29 17:41:59.958 +0800 - done register processor: HANA
[INFO] 2024-04-29 17:41:59.960 +0800 - start register processor: SQLSERVER
[INFO] 2024-04-29 17:41:59.961 +0800 - done register processor: SQLSERVER
[INFO] 2024-04-29 17:41:59.963 +0800 - start register processor: SAGEMAKER
[INFO] 2024-04-29 17:41:59.963 +0800 - done register processor: SAGEMAKER
[INFO] 2024-04-29 17:41:59.965 +0800 - start register processor: DATABEND
[INFO] 2024-04-29 17:41:59.966 +0800 - done register processor: DATABEND
[INFO] 2024-04-29 17:42:00.047 +0800 - start register processor: AZURESQL
[INFO] 2024-04-29 17:42:00.048 +0800 - done register processor: AZURESQL
[INFO] 2024-04-29 17:42:00.053 +0800 - start register processor: HIVE
[INFO] 2024-04-29 17:42:00.053 +0800 - done register processor: HIVE
[INFO] 2024-04-29 17:42:00.056 +0800 - start register processor: DORIS
[INFO] 2024-04-29 17:42:00.057 +0800 - done register processor: DORIS
[INFO] 2024-04-29 17:42:00.059 +0800 - start register processor: POSTGRESQL
[INFO] 2024-04-29 17:42:00.059 +0800 - done register processor: POSTGRESQL
[INFO] 2024-04-29 17:42:00.061 +0800 - start register processor: MYSQL
[INFO] 2024-04-29 17:42:00.062 +0800 - done register processor: MYSQL
[INFO] 2024-04-29 17:42:00.065 +0800 - start register processor: REDSHIFT
[INFO] 2024-04-29 17:42:00.066 +0800 - done register processor: REDSHIFT
[INFO] 2024-04-29 17:42:00.068 +0800 - start register processor: SNOWFLAKE
[INFO] 2024-04-29 17:42:00.069 +0800 - done register processor: SNOWFLAKE
[INFO] 2024-04-29 17:42:00.071 +0800 - start register processor: STARROCKS
[INFO] 2024-04-29 17:42:00.072 +0800 - done register processor: STARROCKS
[INFO] 2024-04-29 17:42:00.074 +0800 - start register processor: SSH
[INFO] 2024-04-29 17:42:00.074 +0800 - done register processor: SSH
[INFO] 2024-04-29 17:42:00.076 +0800 - start register processor: ATHENA
[INFO] 2024-04-29 17:42:00.077 +0800 - done register processor: ATHENA
[INFO] 2024-04-29 17:42:00.079 +0800 - start register processor: PRESTO
[INFO] 2024-04-29 17:42:00.080 +0800 - done register processor: PRESTO
[INFO] 2024-04-29 17:42:00.082 +0800 - start register processor: OCEANBASE
[INFO] 2024-04-29 17:42:00.083 +0800 - done register processor: OCEANBASE
[INFO] 2024-04-29 17:42:00.098 +0800 - start register processor: ORACLE
[INFO] 2024-04-29 17:42:00.098 +0800 - done register processor: ORACLE
[INFO] 2024-04-29 17:42:00.101 +0800 - start register processor: CLICKHOUSE
[INFO] 2024-04-29 17:42:00.102 +0800 - done register processor: CLICKHOUSE
[INFO] 2024-04-29 17:42:00.104 +0800 - start register processor: VERTICA
[INFO] 2024-04-29 17:42:00.105 +0800 - done register processor: VERTICA
[INFO] 2024-04-29 17:42:00.112 +0800 - start register processor: KYUUBI
[INFO] 2024-04-29 17:42:00.115 +0800 - done register processor: KYUUBI
[INFO] 2024-04-29 17:42:00.118 +0800 - start register processor: DB2
[INFO] 2024-04-29 17:42:00.118 +0800 - done register processor: DB2
[INFO] 2024-04-29 17:42:00.120 +0800 - start register processor: TRINO
[INFO] 2024-04-29 17:42:00.121 +0800 - done register processor: TRINO
[INFO] 2024-04-29 17:42:00.124 +0800 - start register processor: SPARK
[INFO] 2024-04-29 17:42:00.125 +0800 - done register processor: SPARK
[INFO] 2024-04-29 17:42:00.128 +0800 - start register processor: DAMENG
[INFO] 2024-04-29 17:42:00.129 +0800 - done register processor: DAMENG
[INFO] 2024-04-29 17:42:00.132 +0800 - start register processor: ZEPPELIN
[INFO] 2024-04-29 17:42:00.132 +0800 - done register processor: ZEPPELIN
[INFO] 2024-04-29 17:42:00.253 +0800 - setSqlParamsMap: Property with paramName: query put in sqlParamsMap of content ${query} successfully.
[INFO] 2024-04-29 17:42:00.255 +0800 - after replace sql , preparing : ?
[INFO] 2024-04-29 17:42:00.255 +0800 - Sql Params are replaced sql , parameters:(VARCHAR)
[INFO] 2024-04-29 17:42:00.257 +0800 - can't find udf function resource
[INFO] 2024-04-29 17:42:00.285 +0800 - Registering datasource plugin: hive
[INFO] 2024-04-29 17:42:00.295 +0800 - Registered datasource plugin: hive
[INFO] 2024-04-29 17:42:00.296 +0800 - Registering datasource plugin: vertica
[INFO] 2024-04-29 17:42:00.299 +0800 - Registered datasource plugin: vertica
[INFO] 2024-04-29 17:42:00.300 +0800 - Registering datasource plugin: doris
[INFO] 2024-04-29 17:42:00.303 +0800 - Registered datasource plugin: doris
[INFO] 2024-04-29 17:42:00.307 +0800 - Registering datasource plugin: ssh
[INFO] 2024-04-29 17:42:00.310 +0800 - Registered datasource plugin: ssh
[INFO] 2024-04-29 17:42:00.310 +0800 - Registering datasource plugin: databend
[INFO] 2024-04-29 17:42:00.311 +0800 - Registered datasource plugin: databend
[INFO] 2024-04-29 17:42:00.311 +0800 - Registering datasource plugin: sqlserver
[INFO] 2024-04-29 17:42:00.311 +0800 - Registered datasource plugin: sqlserver
[INFO] 2024-04-29 17:42:00.311 +0800 - Registering datasource plugin: postgresql
[INFO] 2024-04-29 17:42:00.312 +0800 - Registered datasource plugin: postgresql
[INFO] 2024-04-29 17:42:00.312 +0800 - Registering datasource plugin: redshift
[INFO] 2024-04-29 17:42:00.312 +0800 - Registered datasource plugin: redshift
[INFO] 2024-04-29 17:42:00.312 +0800 - Registering datasource plugin: spark
[INFO] 2024-04-29 17:42:00.312 +0800 - Registered datasource plugin: spark
[INFO] 2024-04-29 17:42:00.313 +0800 - Registering datasource plugin: oceanbase
[INFO] 2024-04-29 17:42:00.313 +0800 - Registered datasource plugin: oceanbase
[INFO] 2024-04-29 17:42:00.313 +0800 - Registering datasource plugin: starrocks
[INFO] 2024-04-29 17:42:00.313 +0800 - Registered datasource plugin: starrocks
[INFO] 2024-04-29 17:42:00.313 +0800 - Registering datasource plugin: mysql
[INFO] 2024-04-29 17:42:00.314 +0800 - Registered datasource plugin: mysql
[INFO] 2024-04-29 17:42:00.314 +0800 - Registering datasource plugin: hana
[INFO] 2024-04-29 17:42:00.314 +0800 - Registered datasource plugin: hana
[INFO] 2024-04-29 17:42:00.314 +0800 - Registering datasource plugin: sagemaker
[INFO] 2024-04-29 17:42:00.314 +0800 - Registered datasource plugin: sagemaker
[INFO] 2024-04-29 17:42:00.314 +0800 - Registering datasource plugin: dameng
[INFO] 2024-04-29 17:42:00.318 +0800 - Registered datasource plugin: dameng
[INFO] 2024-04-29 17:42:00.318 +0800 - Registering datasource plugin: snowflake
[INFO] 2024-04-29 17:42:00.319 +0800 - Registered datasource plugin: snowflake
[INFO] 2024-04-29 17:42:00.319 +0800 - Registering datasource plugin: oracle
[INFO] 2024-04-29 17:42:00.320 +0800 - Registered datasource plugin: oracle
[INFO] 2024-04-29 17:42:00.321 +0800 - Registering datasource plugin: kyuubi
[INFO] 2024-04-29 17:42:00.322 +0800 - Registered datasource plugin: kyuubi
[INFO] 2024-04-29 17:42:00.322 +0800 - Registering datasource plugin: zeppelin
[INFO] 2024-04-29 17:42:00.323 +0800 - Registered datasource plugin: zeppelin
[INFO] 2024-04-29 17:42:00.324 +0800 - Registering datasource plugin: trino
[INFO] 2024-04-29 17:42:00.325 +0800 - Registered datasource plugin: trino
[INFO] 2024-04-29 17:42:00.326 +0800 - Registering datasource plugin: db2
[INFO] 2024-04-29 17:42:00.327 +0800 - Registered datasource plugin: db2
[INFO] 2024-04-29 17:42:00.328 +0800 - Registering datasource plugin: clickhouse
[INFO] 2024-04-29 17:42:00.328 +0800 - Registered datasource plugin: clickhouse
[INFO] 2024-04-29 17:42:00.329 +0800 - Registering datasource plugin: azuresql
[INFO] 2024-04-29 17:42:00.329 +0800 - Registered datasource plugin: azuresql
[INFO] 2024-04-29 17:42:00.330 +0800 - Registering datasource plugin: athena
[INFO] 2024-04-29 17:42:00.331 +0800 - Registered datasource plugin: athena
[INFO] 2024-04-29 17:42:00.331 +0800 - Registering datasource plugin: presto
[INFO] 2024-04-29 17:42:00.333 +0800 - Registered datasource plugin: presto
[WARN] 2024-04-29 17:42:00.952 +0800 - Connect strings must start with jdbc:snowflake://
[ERROR] 2024-04-29 17:42:01.137 +0800 - execute sql error: Create adhoc connection error
[ERROR] 2024-04-29 17:42:01.150 +0800 - sql task error
java.sql.SQLException: Create adhoc connection error
	at org.apache.dolphinscheduler.plugin.datasource.api.client.BaseAdHocDataSourceClient.getConnection(BaseAdHocDataSourceClient.java:43)
	at org.apache.dolphinscheduler.plugin.datasource.api.plugin.DataSourceClientProvider.getAdHocConnection(DataSourceClientProvider.java:97)
	at org.apache.dolphinscheduler.plugin.task.sql.SqlTask.executeFuncAndSql(SqlTask.java:189)
	at org.apache.dolphinscheduler.plugin.task.sql.SqlTask.handle(SqlTask.java:159)
	at org.apache.dolphinscheduler.server.worker.runner.DefaultWorkerTaskExecutor.executeTask(DefaultWorkerTaskExecutor.java:54)
	at org.apache.dolphinscheduler.server.worker.runner.WorkerTaskExecutor.run(WorkerTaskExecutor.java:175)
	at java.util.concurrent.ThreadPoolExecutor.runWorker(ThreadPoolExecutor.java:1149)
	at java.util.concurrent.ThreadPoolExecutor$Worker.run(ThreadPoolExecutor.java:624)
	at java.lang.Thread.run(Thread.java:750)
Caused by: org.postgresql.util.PSQLException: FATAL: password authentication failed for user "root"
	at org.postgresql.core.v3.ConnectionFactoryImpl.doAuthentication(ConnectionFactoryImpl.java:646)
	at org.postgresql.core.v3.ConnectionFactoryImpl.tryConnect(ConnectionFactoryImpl.java:180)
	at org.postgresql.core.v3.ConnectionFactoryImpl.openConnectionImpl(ConnectionFactoryImpl.java:235)
	at org.postgresql.core.ConnectionFactory.openConnection(ConnectionFactory.java:49)
	at org.postgresql.jdbc.PgConnection.<init>(PgConnection.java:247)
	at org.postgresql.Driver.makeConnection(Driver.java:434)
	at org.postgresql.Driver.connect(Driver.java:291)
	at java.sql.DriverManager.getConnection(DriverManager.java:664)
	at java.sql.DriverManager.getConnection(DriverManager.java:247)
	at org.apache.dolphinscheduler.plugin.datasource.postgresql.param.PostgreSQLDataSourceProcessor.getConnection(PostgreSQLDataSourceProcessor.java:117)
	at org.apache.dolphinscheduler.plugin.datasource.api.client.BaseAdHocDataSourceClient.getConnection(BaseAdHocDataSourceClient.java:41)
	... 8 common frames omitted
[ERROR] 2024-04-29 17:42:01.151 +0800 - Task execute failed, due to meet an exception
org.apache.dolphinscheduler.plugin.task.api.TaskException: Execute sql task failed
	at org.apache.dolphinscheduler.plugin.task.sql.SqlTask.handle(SqlTask.java:166)
	at org.apache.dolphinscheduler.server.worker.runner.DefaultWorkerTaskExecutor.executeTask(DefaultWorkerTaskExecutor.java:54)
	at org.apache.dolphinscheduler.server.worker.runner.WorkerTaskExecutor.run(WorkerTaskExecutor.java:175)
	at java.util.concurrent.ThreadPoolExecutor.runWorker(ThreadPoolExecutor.java:1149)
	at java.util.concurrent.ThreadPoolExecutor$Worker.run(ThreadPoolExecutor.java:624)
	at java.lang.Thread.run(Thread.java:750)
Caused by: java.sql.SQLException: Create adhoc connection error
	at org.apache.dolphinscheduler.plugin.datasource.api.client.BaseAdHocDataSourceClient.getConnection(BaseAdHocDataSourceClient.java:43)
	at org.apache.dolphinscheduler.plugin.datasource.api.plugin.DataSourceClientProvider.getAdHocConnection(DataSourceClientProvider.java:97)
	at org.apache.dolphinscheduler.plugin.task.sql.SqlTask.executeFuncAndSql(SqlTask.java:189)
	at org.apache.dolphinscheduler.plugin.task.sql.SqlTask.handle(SqlTask.java:159)
	... 5 common frames omitted
Caused by: org.postgresql.util.PSQLException: FATAL: password authentication failed for user "root"
	at org.postgresql.core.v3.ConnectionFactoryImpl.doAuthentication(ConnectionFactoryImpl.java:646)
	at org.postgresql.core.v3.ConnectionFactoryImpl.tryConnect(ConnectionFactoryImpl.java:180)
	at org.postgresql.core.v3.ConnectionFactoryImpl.openConnectionImpl(ConnectionFactoryImpl.java:235)
	at org.postgresql.core.ConnectionFactory.openConnection(ConnectionFactory.java:49)
	at org.postgresql.jdbc.PgConnection.<init>(PgConnection.java:247)
	at org.postgresql.Driver.makeConnection(Driver.java:434)
	at org.postgresql.Driver.connect(Driver.java:291)
	at java.sql.DriverManager.getConnection(DriverManager.java:664)
	at java.sql.DriverManager.getConnection(DriverManager.java:247)
	at org.apache.dolphinscheduler.plugin.datasource.postgresql.param.PostgreSQLDataSourceProcessor.getConnection(PostgreSQLDataSourceProcessor.java:117)
	at org.apache.dolphinscheduler.plugin.datasource.api.client.BaseAdHocDataSourceClient.getConnection(BaseAdHocDataSourceClient.java:41)
	... 8 common frames omitted
[INFO] 2024-04-29 17:42:01.151 +0800 - Get appIds from worker 172.18.1.1:1234, taskLogPath: /opt/dolphinscheduler/logs/20240429/13426477386080/8/748/2036.log
[INFO] 2024-04-29 17:42:01.152 +0800 - Start finding appId in /opt/dolphinscheduler/logs/20240429/13426477386080/8/748/2036.log, fetch way: log 
[INFO] 2024-04-29 17:42:01.154 +0800 - The appId is empty
[INFO] 2024-04-29 17:42:01.156 +0800 - Cancel the task successfully
[INFO] 2024-04-29 17:42:01.166 +0800 - Get a exception when execute the task, will send the task status: FAILURE to master: 172.18.1.1:1234
[INFO] 2024-04-29 17:42:01.167 +0800 - FINALIZE_SESSION
