[INFO] 2024-04-29 17:53:43.729 +0800 - ***********************************************************************************************
[INFO] 2024-04-29 17:53:43.730 +0800 - *********************************  Initialize task context  ***********************************
[INFO] 2024-04-29 17:53:43.731 +0800 - ***********************************************************************************************
[INFO] 2024-04-29 17:53:43.731 +0800 - Begin to initialize task
[INFO] 2024-04-29 17:53:43.731 +0800 - Set task startTime: 1714384423731
[INFO] 2024-04-29 17:53:43.731 +0800 - Set task appId: 748_2041
[INFO] 2024-04-29 17:53:43.732 +0800 - End initialize task {
  "taskInstanceId" : 2041,
  "taskName" : "persist_to_postgre",
  "firstSubmitTime" : 1714384423689,
  "startTime" : 1714384423731,
  "taskType" : "PYTHON",
  "workflowInstanceHost" : "172.18.0.12:5678",
  "host" : "172.18.1.1:1234",
  "logPath" : "/opt/dolphinscheduler/logs/20240429/13426477386080/8/748/2041.log",
  "processId" : 0,
  "processDefineCode" : 13426477386080,
  "processDefineVersion" : 8,
  "processInstanceId" : 748,
  "scheduleTime" : 0,
  "executorId" : 1,
  "cmdTypeIfComplement" : 7,
  "tenantCode" : "default",
  "processDefineId" : 0,
  "projectId" : 0,
  "projectCode" : 13010050770016,
  "taskParams" : "{\"localParams\":[{\"prop\":\"query\",\"direct\":\"OUT\",\"type\":\"VARCHAR\",\"value\":\"\"}],\"rawScript\":\"import re\\nimport json\\n\\n# define the table to send the data to\\ntable_name = \\\"filtered_data_persistence\\\"\\n\\n# Provided JSON data as strings\\njson_data = ''' \\n{\\n  \\\"user\\\": \\\"premiumplatinum\\\",\\n  \\\"content\\\": \\\"singapore is stupid\\\",\\n  \\\"url\\\": \\\"https://www.reddit.com/r/singapore/comments/1c9itat/21apr2024_orchard_road_camcar_turning_right_into/\\\",\\n  \\\"context\\\": \\\"21apr2024 orchard road camcar turning right into centrepoint get tbone by cyclist\\\",\\n  \\\"score\\\": 131,\\n  \\\"type\\\": \\\"post\\\",\\n  \\\"id\\\": \\\"1c9itat\\\",\\n  \\\"datetime\\\": \\\"2024-04-21 22:10:42\\\"\\n}\\n{\\n        \\\"user\\\": \\\"premiumplatinum\\\",\\n        \\\"content\\\": \\\"s is stupid\\\",\\n        \\\"url\\\": \\\"https://www.reddit.com/r/singapore/comments/1c9itat/21apr2024_orchard_road_camcar_turning_right_into/\\\",\\n        \\\"context\\\": \\\"21apr2024 orchard road camcar turning right into centrepoint get tbone by cyclist\\\",\\n        \\\"score\\\": 131,\\n        \\\"type\\\": \\\"post\\\",\\n        \\\"id\\\": \\\"1c9itat\\\",\\n        \\\"datetime\\\": \\\"2024-04-21 22:10:42\\\"\\n}\\n'''\\n\\n# process the kafka messages to individual JSON objects\\njson_objects = json_data.replace('}\\\\n{', '},\\\\n{').strip()\\njson_objects = re.sub(\\\" +\\\", \\\" \\\",json_objects)   \\njson_objects = '[' + json_objects + ']'\\n\\n# convert JSON string to a list of dicts\\njson_list = json.loads(json_objects)\\n\\n# convert list of dictionaries into list of tuples containing only the values\\nvalues = [tuple(message.values()) for message in json_list]\\n\\n# create the SQL Query\\nquery = f'''\\nINSERT INTO {table_name} (user, content, url, context, score, type, id, datetime)\\nVALUES \\n'''\\n\\nfor value in values:\\n    query += str(value) + ',\\\\n'\\n\\n# remove the last 2 character ,\\\\n and change it to ; for the query\\nquery = query[:-2] + ';'\\n\\n# pass the query as a parameter downstream\\nprint(\\\"#setValue(query=%s)\\\" % query)\",\"resourceList\":[]}",
  "environmentConfig" : "export PYTHON_LAUNCHER=/bin/python3.11",
  "prepareParamsMap" : {
    "system.task.definition.name" : {
      "prop" : "system.task.definition.name",
      "direct" : "IN",
      "type" : "VARCHAR",
      "value" : "persist_to_postgre"
    },
    "system.project.name" : {
      "prop" : "system.project.name",
      "direct" : "IN",
      "type" : "VARCHAR",
      "value" : null
    },
    "REDDIT_HOME" : {
      "prop" : "REDDIT_HOME",
      "direct" : "IN",
      "type" : "VARCHAR",
      "value" : "/local_storage/reddit"
    },
    "query" : {
      "prop" : "query",
      "direct" : "IN",
      "type" : "VARCHAR",
      "value" : ""
    },
    "system.biz.curdate" : {
      "prop" : "system.biz.curdate",
      "direct" : "IN",
      "type" : "VARCHAR",
      "value" : "20240429"
    },
    "system.task.instance.id" : {
      "prop" : "system.task.instance.id",
      "direct" : "IN",
      "type" : "VARCHAR",
      "value" : "2041"
    },
    "system.task.definition.code" : {
      "prop" : "system.task.definition.code",
      "direct" : "IN",
      "type" : "VARCHAR",
      "value" : "13426451158240"
    },
    "system.datetime" : {
      "prop" : "system.datetime",
      "direct" : "IN",
      "type" : "VARCHAR",
      "value" : "20240429175343"
    },
    "system.project.code" : {
      "prop" : "system.project.code",
      "direct" : "IN",
      "type" : "VARCHAR",
      "value" : "13010050770016"
    },
    "system.workflow.instance.id" : {
      "prop" : "system.workflow.instance.id",
      "direct" : "IN",
      "type" : "VARCHAR",
      "value" : "748"
    },
    "system.biz.date" : {
      "prop" : "system.biz.date",
      "direct" : "IN",
      "type" : "VARCHAR",
      "value" : "20240428"
    },
    "system.workflow.definition.name" : {
      "prop" : "system.workflow.definition.name",
      "direct" : "IN",
      "type" : "VARCHAR",
      "value" : "es_filtered_data_persistence_subprocess"
    },
    "system.workflow.definition.code" : {
      "prop" : "system.workflow.definition.code",
      "direct" : "IN",
      "type" : "VARCHAR",
      "value" : "13426477386080"
    }
  },
  "taskAppId" : "748_2041",
  "taskTimeout" : 2147483647,
  "workerGroup" : "default",
  "delayTime" : 0,
  "currentExecutionStatus" : "SUBMITTED_SUCCESS",
  "endTime" : 0,
  "varPool" : "[{\"prop\":\"query\",\"direct\":\"IN\",\"type\":\"VARCHAR\",\"value\":\"\"}]",
  "dryRun" : 0,
  "paramsMap" : { },
  "cpuQuota" : -1,
  "memoryMax" : -1,
  "testFlag" : 0,
  "logBufferEnable" : false,
  "dispatchFailTimes" : 0
}
[INFO] 2024-04-29 17:53:43.734 +0800 - ***********************************************************************************************
[INFO] 2024-04-29 17:53:43.734 +0800 - *********************************  Load task instance plugin  *********************************
[INFO] 2024-04-29 17:53:43.734 +0800 - ***********************************************************************************************
[INFO] 2024-04-29 17:53:43.741 +0800 - Send task status RUNNING_EXECUTION master: 172.18.1.1:1234
[INFO] 2024-04-29 17:53:43.741 +0800 - TenantCode: default check successfully
[INFO] 2024-04-29 17:53:43.742 +0800 - WorkflowInstanceExecDir: /tmp/dolphinscheduler/exec/process/default/13010050770016/13426477386080_8/748/2041 check successfully
[INFO] 2024-04-29 17:53:43.742 +0800 - Create TaskChannel: org.apache.dolphinscheduler.plugin.task.python.PythonTaskChannel successfully
[INFO] 2024-04-29 17:53:43.742 +0800 - Download resources successfully: 
ResourceContext(resourceItemMap={})
[INFO] 2024-04-29 17:53:43.743 +0800 - Download upstream files: [] successfully
[INFO] 2024-04-29 17:53:43.744 +0800 - Task plugin instance: PYTHON create successfully
[INFO] 2024-04-29 17:53:43.746 +0800 - Initialize python task params {
  "localParams" : [ {
    "prop" : "query",
    "direct" : "OUT",
    "type" : "VARCHAR",
    "value" : ""
  } ],
  "varPool" : null,
  "rawScript" : "import re\nimport json\n\n# define the table to send the data to\ntable_name = \"filtered_data_persistence\"\n\n# Provided JSON data as strings\njson_data = ''' \n{\n  \"user\": \"premiumplatinum\",\n  \"content\": \"singapore is stupid\",\n  \"url\": \"https://www.reddit.com/r/singapore/comments/1c9itat/21apr2024_orchard_road_camcar_turning_right_into/\",\n  \"context\": \"21apr2024 orchard road camcar turning right into centrepoint get tbone by cyclist\",\n  \"score\": 131,\n  \"type\": \"post\",\n  \"id\": \"1c9itat\",\n  \"datetime\": \"2024-04-21 22:10:42\"\n}\n{\n        \"user\": \"premiumplatinum\",\n        \"content\": \"s is stupid\",\n        \"url\": \"https://www.reddit.com/r/singapore/comments/1c9itat/21apr2024_orchard_road_camcar_turning_right_into/\",\n        \"context\": \"21apr2024 orchard road camcar turning right into centrepoint get tbone by cyclist\",\n        \"score\": 131,\n        \"type\": \"post\",\n        \"id\": \"1c9itat\",\n        \"datetime\": \"2024-04-21 22:10:42\"\n}\n'''\n\n# process the kafka messages to individual JSON objects\njson_objects = json_data.replace('}\\n{', '},\\n{').strip()\njson_objects = re.sub(\" +\", \" \",json_objects)   \njson_objects = '[' + json_objects + ']'\n\n# convert JSON string to a list of dicts\njson_list = json.loads(json_objects)\n\n# convert list of dictionaries into list of tuples containing only the values\nvalues = [tuple(message.values()) for message in json_list]\n\n# create the SQL Query\nquery = f'''\nINSERT INTO {table_name} (user, content, url, context, score, type, id, datetime)\nVALUES \n'''\n\nfor value in values:\n    query += str(value) + ',\\n'\n\n# remove the last 2 character ,\\n and change it to ; for the query\nquery = query[:-2] + ';'\n\n# pass the query as a parameter downstream\nprint(\"#setValue(query=%s)\" % query)",
  "resourceList" : [ ]
}
[INFO] 2024-04-29 17:53:43.747 +0800 - Success initialized task plugin instance successfully
[INFO] 2024-04-29 17:53:43.747 +0800 - Set taskVarPool: [{"prop":"query","direct":"IN","type":"VARCHAR","value":""}] successfully
[INFO] 2024-04-29 17:53:43.748 +0800 - ***********************************************************************************************
[INFO] 2024-04-29 17:53:43.749 +0800 - *********************************  Execute task instance  *************************************
[INFO] 2024-04-29 17:53:43.749 +0800 - ***********************************************************************************************
[INFO] 2024-04-29 17:53:43.749 +0800 - raw python script : import re
import json

# define the table to send the data to
table_name = "filtered_data_persistence"

# Provided JSON data as strings
json_data = ''' 
{
  "user": "premiumplatinum",
  "content": "singapore is stupid",
  "url": "https://www.reddit.com/r/singapore/comments/1c9itat/21apr2024_orchard_road_camcar_turning_right_into/",
  "context": "21apr2024 orchard road camcar turning right into centrepoint get tbone by cyclist",
  "score": 131,
  "type": "post",
  "id": "1c9itat",
  "datetime": "2024-04-21 22:10:42"
}
{
        "user": "premiumplatinum",
        "content": "s is stupid",
        "url": "https://www.reddit.com/r/singapore/comments/1c9itat/21apr2024_orchard_road_camcar_turning_right_into/",
        "context": "21apr2024 orchard road camcar turning right into centrepoint get tbone by cyclist",
        "score": 131,
        "type": "post",
        "id": "1c9itat",
        "datetime": "2024-04-21 22:10:42"
}
'''

# process the kafka messages to individual JSON objects
json_objects = json_data.replace('}\n{', '},\n{').strip()
json_objects = re.sub(" +", " ",json_objects)   
json_objects = '[' + json_objects + ']'

# convert JSON string to a list of dicts
json_list = json.loads(json_objects)

# convert list of dictionaries into list of tuples containing only the values
values = [tuple(message.values()) for message in json_list]

# create the SQL Query
query = f'''
INSERT INTO {table_name} (user, content, url, context, score, type, id, datetime)
VALUES 
'''

for value in values:
    query += str(value) + ',\n'

# remove the last 2 character ,\n and change it to ; for the query
query = query[:-2] + ';'

# pass the query as a parameter downstream
print("#setValue(query=%s)" % query)
[INFO] 2024-04-29 17:53:43.751 +0800 - tenantCode :default, task dir:/tmp/dolphinscheduler/exec/process/default/13010050770016/13426477386080_8/748/2041
[INFO] 2024-04-29 17:53:43.751 +0800 - generate python script file:/tmp/dolphinscheduler/exec/process/default/13010050770016/13426477386080_8/748/2041/py_748_2041.py
[INFO] 2024-04-29 17:53:43.751 +0800 - #-*- encoding=utf8 -*-

import re
import json

# define the table to send the data to
table_name = "filtered_data_persistence"

# Provided JSON data as strings
json_data = ''' 
{
  "user": "premiumplatinum",
  "content": "singapore is stupid",
  "url": "https://www.reddit.com/r/singapore/comments/1c9itat/21apr2024_orchard_road_camcar_turning_right_into/",
  "context": "21apr2024 orchard road camcar turning right into centrepoint get tbone by cyclist",
  "score": 131,
  "type": "post",
  "id": "1c9itat",
  "datetime": "2024-04-21 22:10:42"
}
{
        "user": "premiumplatinum",
        "content": "s is stupid",
        "url": "https://www.reddit.com/r/singapore/comments/1c9itat/21apr2024_orchard_road_camcar_turning_right_into/",
        "context": "21apr2024 orchard road camcar turning right into centrepoint get tbone by cyclist",
        "score": 131,
        "type": "post",
        "id": "1c9itat",
        "datetime": "2024-04-21 22:10:42"
}
'''

# process the kafka messages to individual JSON objects
json_objects = json_data.replace('}\n{', '},\n{').strip()
json_objects = re.sub(" +", " ",json_objects)   
json_objects = '[' + json_objects + ']'

# convert JSON string to a list of dicts
json_list = json.loads(json_objects)

# convert list of dictionaries into list of tuples containing only the values
values = [tuple(message.values()) for message in json_list]

# create the SQL Query
query = f'''
INSERT INTO {table_name} (user, content, url, context, score, type, id, datetime)
VALUES 
'''

for value in values:
    query += str(value) + ',\n'

# remove the last 2 character ,\n and change it to ; for the query
query = query[:-2] + ';'

# pass the query as a parameter downstream
print("#setValue(query=%s)" % query)
[INFO] 2024-04-29 17:53:43.752 +0800 - Final Shell file is: 
[INFO] 2024-04-29 17:53:43.752 +0800 - ****************************** Script Content *****************************************************************
[INFO] 2024-04-29 17:53:43.752 +0800 - #!/bin/bash
BASEDIR=$(cd `dirname $0`; pwd)
cd $BASEDIR
export PYTHON_LAUNCHER=/bin/python3.11
${PYTHON_LAUNCHER} /tmp/dolphinscheduler/exec/process/default/13010050770016/13426477386080_8/748/2041/py_748_2041.py
[INFO] 2024-04-29 17:53:43.752 +0800 - ****************************** Script Content *****************************************************************
[INFO] 2024-04-29 17:53:43.753 +0800 - Executing shell command : sudo -u default -i /tmp/dolphinscheduler/exec/process/default/13010050770016/13426477386080_8/748/2041/748_2041.sh
[INFO] 2024-04-29 17:53:43.757 +0800 - process start, process id is: 277
[INFO] 2024-04-29 17:53:44.757 +0800 -  -> 
	sudo: unable to change directory to /home/default: No such file or directory
	#setValue(query=
	INSERT INTO filtered_data_persistence (user, content, url, context, score, type, id, datetime)
	VALUES 
	('premiumplatinum', 'singapore is stupid', 'https://www.reddit.com/r/singapore/comments/1c9itat/21apr2024_orchard_road_camcar_turning_right_into/', '21apr2024 orchard road camcar turning right into centrepoint get tbone by cyclist', 131, 'post', '1c9itat', '2024-04-21 22:10:42'),
	('premiumplatinum', 's is stupid', 'https://www.reddit.com/r/singapore/comments/1c9itat/21apr2024_orchard_road_camcar_turning_right_into/', '21apr2024 orchard road camcar turning right into centrepoint get tbone by cyclist', 131, 'post', '1c9itat', '2024-04-21 22:10:42');)
[INFO] 2024-04-29 17:53:44.767 +0800 - process has exited. execute path:/tmp/dolphinscheduler/exec/process/default/13010050770016/13426477386080_8/748/2041, processId:277 ,exitStatusCode:0 ,processWaitForStatus:true ,processExitValue:0
[INFO] 2024-04-29 17:53:44.767 +0800 - ***********************************************************************************************
[INFO] 2024-04-29 17:53:44.769 +0800 - *********************************  Finalize task instance  ************************************
[INFO] 2024-04-29 17:53:44.769 +0800 - ***********************************************************************************************
[INFO] 2024-04-29 17:53:44.770 +0800 - Upload output files: [] successfully
[INFO] 2024-04-29 17:53:44.773 +0800 - Send task execute status: SUCCESS to master : 172.18.1.1:1234
[INFO] 2024-04-29 17:53:44.774 +0800 - Remove the current task execute context from worker cache
[INFO] 2024-04-29 17:53:44.774 +0800 - The current execute mode isn't develop mode, will clear the task execute file: /tmp/dolphinscheduler/exec/process/default/13010050770016/13426477386080_8/748/2041
[INFO] 2024-04-29 17:53:44.775 +0800 - Success clear the task execute file: /tmp/dolphinscheduler/exec/process/default/13010050770016/13426477386080_8/748/2041
[INFO] 2024-04-29 17:53:44.775 +0800 - FINALIZE_SESSION
