[INFO] 2024-04-09 08:45:45.375 +0800 - ***********************************************************************************************
[INFO] 2024-04-09 08:45:45.438 +0800 - *********************************  Initialize task context  ***********************************
[INFO] 2024-04-09 08:45:45.439 +0800 - ***********************************************************************************************
[INFO] 2024-04-09 08:45:45.440 +0800 - Begin to initialize task
[INFO] 2024-04-09 08:45:45.440 +0800 - Set task startTime: 1712623545440
[INFO] 2024-04-09 08:45:45.441 +0800 - Set task appId: 245_518
[INFO] 2024-04-09 08:45:45.692 +0800 - End initialize task {
  "taskInstanceId" : 518,
  "taskName" : "spark",
  "firstSubmitTime" : 1712623540163,
  "startTime" : 1712623545440,
  "taskType" : "SPARK",
  "workflowInstanceHost" : "172.18.0.5:5678",
  "host" : "172.18.0.7:1234",
  "logPath" : "/opt/dolphinscheduler/logs/20240409/13201021801792/3/245/518.log",
  "processId" : 0,
  "processDefineCode" : 13201021801792,
  "processDefineVersion" : 3,
  "processInstanceId" : 245,
  "scheduleTime" : 0,
  "executorId" : 1,
  "cmdTypeIfComplement" : 0,
  "tenantCode" : "default",
  "processDefineId" : 0,
  "projectId" : 0,
  "projectCode" : 13010050770016,
  "taskParams" : "{\"localParams\":[],\"rawScript\":\"\",\"resourceList\":[],\"programType\":\"PYTHON\",\"mainClass\":\"\",\"mainJar\":{\"id\":null,\"resourceName\":\"file:/dolphinscheduler/default/resources/spark-test.py\",\"res\":null},\"deployMode\":\"client\",\"appName\":\"myapple\",\"yarnQueue\":\"\",\"driverCores\":1,\"driverMemory\":\"512M\",\"numExecutors\":2,\"executorMemory\":\"2G\",\"executorCores\":2,\"sqlExecutionType\":\"SCRIPT\"}",
  "environmentConfig" : "export SPARK_HOME=/opt/spark-3.5.1-bin-hadoop3\nexport JAVA_HOME=/opt/java",
  "prepareParamsMap" : {
    "system.task.definition.name" : {
      "prop" : "system.task.definition.name",
      "direct" : "IN",
      "type" : "VARCHAR",
      "value" : "spark"
    },
    "system.project.name" : {
      "prop" : "system.project.name",
      "direct" : "IN",
      "type" : "VARCHAR",
      "value" : null
    },
    "system.project.code" : {
      "prop" : "system.project.code",
      "direct" : "IN",
      "type" : "VARCHAR",
      "value" : "13010050770016"
    },
    "system.workflow.instance.id" : {
      "prop" : "system.workflow.instance.id",
      "direct" : "IN",
      "type" : "VARCHAR",
      "value" : "245"
    },
    "system.biz.curdate" : {
      "prop" : "system.biz.curdate",
      "direct" : "IN",
      "type" : "VARCHAR",
      "value" : "20240409"
    },
    "system.biz.date" : {
      "prop" : "system.biz.date",
      "direct" : "IN",
      "type" : "VARCHAR",
      "value" : "20240408"
    },
    "system.task.instance.id" : {
      "prop" : "system.task.instance.id",
      "direct" : "IN",
      "type" : "VARCHAR",
      "value" : "518"
    },
    "system.workflow.definition.name" : {
      "prop" : "system.workflow.definition.name",
      "direct" : "IN",
      "type" : "VARCHAR",
      "value" : "spark"
    },
    "system.task.definition.code" : {
      "prop" : "system.task.definition.code",
      "direct" : "IN",
      "type" : "VARCHAR",
      "value" : "13201016413888"
    },
    "system.workflow.definition.code" : {
      "prop" : "system.workflow.definition.code",
      "direct" : "IN",
      "type" : "VARCHAR",
      "value" : "13201021801792"
    },
    "system.datetime" : {
      "prop" : "system.datetime",
      "direct" : "IN",
      "type" : "VARCHAR",
      "value" : "20240409084540"
    }
  },
  "taskAppId" : "245_518",
  "taskTimeout" : 2147483647,
  "workerGroup" : "default",
  "delayTime" : 0,
  "currentExecutionStatus" : "SUBMITTED_SUCCESS",
  "endTime" : 0,
  "dryRun" : 0,
  "paramsMap" : { },
  "cpuQuota" : -1,
  "memoryMax" : -1,
  "testFlag" : 0,
  "logBufferEnable" : false,
  "dispatchFailTimes" : 0
}
[INFO] 2024-04-09 08:45:45.741 +0800 - ***********************************************************************************************
[INFO] 2024-04-09 08:45:45.747 +0800 - *********************************  Load task instance plugin  *********************************
[INFO] 2024-04-09 08:45:45.747 +0800 - ***********************************************************************************************
[INFO] 2024-04-09 08:45:46.908 +0800 - Send task status RUNNING_EXECUTION master: 172.18.0.7:1234
[INFO] 2024-04-09 08:45:47.438 +0800 - create linux os user: default
[INFO] 2024-04-09 08:45:47.439 +0800 - execute cmd: sudo useradd -g root
 default
[INFO] 2024-04-09 08:45:48.355 +0800 - create user default success
[INFO] 2024-04-09 08:45:48.360 +0800 - TenantCode: default check successfully
[INFO] 2024-04-09 08:45:48.387 +0800 - WorkflowInstanceExecDir: /tmp/dolphinscheduler/exec/process/default/13010050770016/13201021801792_3/245/518 check successfully
[INFO] 2024-04-09 08:45:48.388 +0800 - Create TaskChannel: org.apache.dolphinscheduler.plugin.task.spark.SparkTaskChannel successfully
[INFO] 2024-04-09 08:45:49.019 +0800 - Download resources successfully: 
ResourceContext(resourceItemMap={file:/dolphinscheduler/default/resources/spark-test.py=ResourceContext.ResourceItem(resourceAbsolutePathInStorage=file:/dolphinscheduler/default/resources/spark-test.py, resourceRelativePath=spark-test.py, resourceAbsolutePathInLocal=/tmp/dolphinscheduler/exec/process/default/13010050770016/13201021801792_3/245/518/spark-test.py)})
[INFO] 2024-04-09 08:45:49.210 +0800 - Download upstream files: [] successfully
[INFO] 2024-04-09 08:45:49.230 +0800 - Task plugin instance: SPARK create successfully
[INFO] 2024-04-09 08:45:49.258 +0800 - Initialize spark task params {
  "localParams" : [ ],
  "varPool" : null,
  "mainJar" : {
    "id" : null,
    "resourceName" : "file:/dolphinscheduler/default/resources/spark-test.py",
    "res" : null
  },
  "mainClass" : "",
  "deployMode" : "client",
  "mainArgs" : null,
  "driverCores" : 1,
  "driverMemory" : "512M",
  "numExecutors" : 2,
  "executorCores" : 2,
  "executorMemory" : "2G",
  "appName" : "myapple",
  "yarnQueue" : "",
  "others" : null,
  "programType" : "PYTHON",
  "rawScript" : "",
  "namespace" : null,
  "resourceList" : [ ],
  "sqlExecutionType" : "SCRIPT"
}
[INFO] 2024-04-09 08:45:49.259 +0800 - Success initialized task plugin instance successfully
[INFO] 2024-04-09 08:45:49.260 +0800 - Set taskVarPool: null successfully
[INFO] 2024-04-09 08:45:49.354 +0800 - ***********************************************************************************************
[INFO] 2024-04-09 08:45:49.360 +0800 - *********************************  Execute task instance  *************************************
[INFO] 2024-04-09 08:45:49.361 +0800 - ***********************************************************************************************
[INFO] 2024-04-09 08:45:49.544 +0800 - Final Shell file is: 
[INFO] 2024-04-09 08:45:49.600 +0800 - ****************************** Script Content *****************************************************************
[INFO] 2024-04-09 08:45:49.626 +0800 - #!/bin/bash
BASEDIR=$(cd `dirname $0`; pwd)
cd $BASEDIR
export SPARK_HOME=/opt/spark-3.5.1-bin-hadoop3
export JAVA_HOME=/opt/java
${SPARK_HOME}/bin/spark-submit --master yarn --deploy-mode client --conf spark.driver.cores=1 --conf spark.driver.memory=512M --conf spark.executor.instances=2 --conf spark.executor.cores=2 --conf spark.executor.memory=2G --name myapple /tmp/dolphinscheduler/exec/process/default/13010050770016/13201021801792_3/245/518/spark-test.py
[INFO] 2024-04-09 08:45:49.628 +0800 - ****************************** Script Content *****************************************************************
[INFO] 2024-04-09 08:45:49.630 +0800 - Executing shell command : sudo -u default -i /tmp/dolphinscheduler/exec/process/default/13010050770016/13201021801792_3/245/518/245_518.sh
[INFO] 2024-04-09 08:45:49.700 +0800 - process start, process id is: 699
[INFO] 2024-04-09 08:45:50.707 +0800 -  -> 
	sudo: unable to change directory to /home/default: No such file or directory
	/opt/spark-3.5.1-bin-hadoop3/bin/spark-class: line 71: /opt/java/bin/java: No such file or directory
	/opt/spark-3.5.1-bin-hadoop3/bin/spark-class: line 97: CMD: bad array subscript
[INFO] 2024-04-09 08:45:50.714 +0800 - process has exited. execute path:/tmp/dolphinscheduler/exec/process/default/13010050770016/13201021801792_3/245/518, processId:699 ,exitStatusCode:1 ,processWaitForStatus:true ,processExitValue:1
[INFO] 2024-04-09 08:45:50.715 +0800 - Start finding appId in /opt/dolphinscheduler/logs/20240409/13201021801792/3/245/518.log, fetch way: log 
[INFO] 2024-04-09 08:45:50.752 +0800 - ***********************************************************************************************
[INFO] 2024-04-09 08:45:50.764 +0800 - *********************************  Finalize task instance  ************************************
[INFO] 2024-04-09 08:45:50.764 +0800 - ***********************************************************************************************
[INFO] 2024-04-09 08:45:50.798 +0800 - Upload output files: [] successfully
[INFO] 2024-04-09 08:45:50.941 +0800 - Send task execute status: FAILURE to master : 172.18.0.7:1234
[INFO] 2024-04-09 08:45:50.942 +0800 - Remove the current task execute context from worker cache
[INFO] 2024-04-09 08:45:50.945 +0800 - The current execute mode isn't develop mode, will clear the task execute file: /tmp/dolphinscheduler/exec/process/default/13010050770016/13201021801792_3/245/518
[INFO] 2024-04-09 08:45:51.318 +0800 - Success clear the task execute file: /tmp/dolphinscheduler/exec/process/default/13010050770016/13201021801792_3/245/518
[INFO] 2024-04-09 08:45:51.447 +0800 - FINALIZE_SESSION
