[INFO] 2024-04-15 08:56:37.890 +0800 - ***********************************************************************************************
[INFO] 2024-04-15 08:56:37.893 +0800 - *********************************  Initialize task context  ***********************************
[INFO] 2024-04-15 08:56:37.893 +0800 - ***********************************************************************************************
[INFO] 2024-04-15 08:56:37.893 +0800 - Begin to initialize task
[INFO] 2024-04-15 08:56:37.893 +0800 - Set task startTime: 1713142597893
[INFO] 2024-04-15 08:56:37.894 +0800 - Set task appId: 270_543
[INFO] 2024-04-15 08:56:37.895 +0800 - End initialize task {
  "taskInstanceId" : 543,
  "taskName" : "spark_shell",
  "firstSubmitTime" : 1713142597867,
  "startTime" : 1713142597893,
  "taskType" : "SHELL",
  "workflowInstanceHost" : "172.18.0.3:5678",
  "host" : "172.18.0.7:1234",
  "logPath" : "/opt/dolphinscheduler/logs/20240415/13201021801792/17/270/543.log",
  "processId" : 0,
  "processDefineCode" : 13201021801792,
  "processDefineVersion" : 17,
  "processInstanceId" : 270,
  "scheduleTime" : 0,
  "executorId" : 1,
  "cmdTypeIfComplement" : 0,
  "tenantCode" : "default",
  "processDefineId" : 0,
  "projectId" : 0,
  "projectCode" : 13010050770016,
  "taskParams" : "{\"localParams\":[],\"rawScript\":\"$SPARK_HOME/bin/spark-submit \\\\\\n    --master spark://spark-master:7077 \\\\\\n    --conf spark.driver.cores=1 \\\\\\n    --conf spark.driver.memory=512M \\\\\\n    --conf spark.executor.instances=2 \\\\\\n    --conf spark.executor.cores=2 \\\\\\n    --conf spark.executor.memory=1G \\\\\\n    --name myapple spark-test.py\\n\",\"resourceList\":[{\"id\":null,\"resourceName\":\"file:/dolphinscheduler/default/resources/spark-test.py\",\"res\":null}]}",
  "environmentConfig" : "export SPARK_HOME=/opt/spark-3.5.1-bin-hadoop3\nexport JAVA_HOME=/opt/java/openjdk\nexport HADOOP_CONF_DIR=/opt/hadoop-3.4.0/etc/hadoop\nexport PYTHON_LAUNCHER=/bin/python3.11",
  "prepareParamsMap" : {
    "system.task.definition.name" : {
      "prop" : "system.task.definition.name",
      "direct" : "IN",
      "type" : "VARCHAR",
      "value" : "spark_shell"
    },
    "system.project.name" : {
      "prop" : "system.project.name",
      "direct" : "IN",
      "type" : "VARCHAR",
      "value" : null
    },
    "system.project.code" : {
      "prop" : "system.project.code",
      "direct" : "IN",
      "type" : "VARCHAR",
      "value" : "13010050770016"
    },
    "system.workflow.instance.id" : {
      "prop" : "system.workflow.instance.id",
      "direct" : "IN",
      "type" : "VARCHAR",
      "value" : "270"
    },
    "system.biz.curdate" : {
      "prop" : "system.biz.curdate",
      "direct" : "IN",
      "type" : "VARCHAR",
      "value" : "20240415"
    },
    "system.biz.date" : {
      "prop" : "system.biz.date",
      "direct" : "IN",
      "type" : "VARCHAR",
      "value" : "20240414"
    },
    "system.task.instance.id" : {
      "prop" : "system.task.instance.id",
      "direct" : "IN",
      "type" : "VARCHAR",
      "value" : "543"
    },
    "system.workflow.definition.name" : {
      "prop" : "system.workflow.definition.name",
      "direct" : "IN",
      "type" : "VARCHAR",
      "value" : "spark"
    },
    "system.task.definition.code" : {
      "prop" : "system.task.definition.code",
      "direct" : "IN",
      "type" : "VARCHAR",
      "value" : "13210058002752"
    },
    "system.workflow.definition.code" : {
      "prop" : "system.workflow.definition.code",
      "direct" : "IN",
      "type" : "VARCHAR",
      "value" : "13201021801792"
    },
    "system.datetime" : {
      "prop" : "system.datetime",
      "direct" : "IN",
      "type" : "VARCHAR",
      "value" : "20240415085637"
    }
  },
  "taskAppId" : "270_543",
  "taskTimeout" : 2147483647,
  "workerGroup" : "default",
  "delayTime" : 0,
  "currentExecutionStatus" : "SUBMITTED_SUCCESS",
  "endTime" : 0,
  "dryRun" : 0,
  "paramsMap" : { },
  "cpuQuota" : -1,
  "memoryMax" : -1,
  "testFlag" : 0,
  "logBufferEnable" : false,
  "dispatchFailTimes" : 0
}
[INFO] 2024-04-15 08:56:37.896 +0800 - ***********************************************************************************************
[INFO] 2024-04-15 08:56:37.897 +0800 - *********************************  Load task instance plugin  *********************************
[INFO] 2024-04-15 08:56:37.897 +0800 - ***********************************************************************************************
[INFO] 2024-04-15 08:56:37.907 +0800 - Send task status RUNNING_EXECUTION master: 172.18.0.7:1234
[INFO] 2024-04-15 08:56:37.908 +0800 - TenantCode: default check successfully
[INFO] 2024-04-15 08:56:37.910 +0800 - WorkflowInstanceExecDir: /tmp/dolphinscheduler/exec/process/default/13010050770016/13201021801792_17/270/543 check successfully
[INFO] 2024-04-15 08:56:37.910 +0800 - Create TaskChannel: org.apache.dolphinscheduler.plugin.task.shell.ShellTaskChannel successfully
[INFO] 2024-04-15 08:56:37.915 +0800 - Download resources successfully: 
ResourceContext(resourceItemMap={file:/dolphinscheduler/default/resources/spark-test.py=ResourceContext.ResourceItem(resourceAbsolutePathInStorage=file:/dolphinscheduler/default/resources/spark-test.py, resourceRelativePath=spark-test.py, resourceAbsolutePathInLocal=/tmp/dolphinscheduler/exec/process/default/13010050770016/13201021801792_17/270/543/spark-test.py)})
[INFO] 2024-04-15 08:56:37.917 +0800 - Download upstream files: [] successfully
[INFO] 2024-04-15 08:56:37.917 +0800 - Task plugin instance: SHELL create successfully
[INFO] 2024-04-15 08:56:37.918 +0800 - Initialize shell task params {
  "localParams" : [ ],
  "varPool" : null,
  "rawScript" : "$SPARK_HOME/bin/spark-submit \\\n    --master spark://spark-master:7077 \\\n    --conf spark.driver.cores=1 \\\n    --conf spark.driver.memory=512M \\\n    --conf spark.executor.instances=2 \\\n    --conf spark.executor.cores=2 \\\n    --conf spark.executor.memory=1G \\\n    --name myapple spark-test.py\n",
  "resourceList" : [ {
    "id" : null,
    "resourceName" : "file:/dolphinscheduler/default/resources/spark-test.py",
    "res" : null
  } ]
}
[INFO] 2024-04-15 08:56:37.919 +0800 - Success initialized task plugin instance successfully
[INFO] 2024-04-15 08:56:37.919 +0800 - Set taskVarPool: null successfully
[INFO] 2024-04-15 08:56:37.919 +0800 - ***********************************************************************************************
[INFO] 2024-04-15 08:56:37.919 +0800 - *********************************  Execute task instance  *************************************
[INFO] 2024-04-15 08:56:37.919 +0800 - ***********************************************************************************************
[INFO] 2024-04-15 08:56:37.921 +0800 - Final Shell file is: 
[INFO] 2024-04-15 08:56:37.921 +0800 - ****************************** Script Content *****************************************************************
[INFO] 2024-04-15 08:56:37.922 +0800 - #!/bin/bash
BASEDIR=$(cd `dirname $0`; pwd)
cd $BASEDIR
export SPARK_HOME=/opt/spark-3.5.1-bin-hadoop3
export JAVA_HOME=/opt/java/openjdk
export HADOOP_CONF_DIR=/opt/hadoop-3.4.0/etc/hadoop
export PYTHON_LAUNCHER=/bin/python3.11
$SPARK_HOME/bin/spark-submit \
    --master spark://spark-master:7077 \
    --conf spark.driver.cores=1 \
    --conf spark.driver.memory=512M \
    --conf spark.executor.instances=2 \
    --conf spark.executor.cores=2 \
    --conf spark.executor.memory=1G \
    --name myapple spark-test.py

[INFO] 2024-04-15 08:56:37.923 +0800 - ****************************** Script Content *****************************************************************
[INFO] 2024-04-15 08:56:37.925 +0800 - Executing shell command : sudo -u default -i /tmp/dolphinscheduler/exec/process/default/13010050770016/13201021801792_17/270/543/270_543.sh
[INFO] 2024-04-15 08:56:37.939 +0800 - process start, process id is: 721
[INFO] 2024-04-15 08:56:37.943 +0800 -  -> 
	sudo: unable to change directory to /home/default: No such file or directory
[INFO] 2024-04-15 08:56:50.981 +0800 -  -> 
	24/04/15 08:56:50 INFO SparkContext: Running Spark version 3.5.1
	24/04/15 08:56:50 INFO SparkContext: OS info Linux, 6.5.0-27-generic, amd64
	24/04/15 08:56:50 INFO SparkContext: Java version 1.8.0_402
	24/04/15 08:56:50 WARN NativeCodeLoader: Unable to load native-hadoop library for your platform... using builtin-java classes where applicable
[INFO] 2024-04-15 08:56:51.982 +0800 -  -> 
	24/04/15 08:56:51 INFO ResourceUtils: ==============================================================
	24/04/15 08:56:51 INFO ResourceUtils: No custom resources configured for spark.driver.
	24/04/15 08:56:51 INFO ResourceUtils: ==============================================================
	24/04/15 08:56:51 INFO SparkContext: Submitted application: My App
[INFO] 2024-04-15 08:56:52.987 +0800 -  -> 
	24/04/15 08:56:51 INFO ResourceProfile: Default ResourceProfile created, executor resources: Map(cores -> name: cores, amount: 2, script: , vendor: , memory -> name: memory, amount: 1024, script: , vendor: , offHeap -> name: offHeap, amount: 0, script: , vendor: ), task resources: Map(cpus -> name: cpus, amount: 1.0)
	24/04/15 08:56:52 INFO ResourceProfile: Limiting resource is cpus at 2 tasks per executor
	24/04/15 08:56:52 INFO ResourceProfileManager: Added ResourceProfile id: 0
	24/04/15 08:56:52 INFO SecurityManager: Changing view acls to: default
	24/04/15 08:56:52 INFO SecurityManager: Changing modify acls to: default
	24/04/15 08:56:52 INFO SecurityManager: Changing view acls groups to: 
	24/04/15 08:56:52 INFO SecurityManager: Changing modify acls groups to: 
	24/04/15 08:56:52 INFO SecurityManager: SecurityManager: authentication disabled; ui acls disabled; users with view permissions: default; groups with view permissions: EMPTY; users with modify permissions: default; groups with modify permissions: EMPTY
[INFO] 2024-04-15 08:56:53.989 +0800 -  -> 
	24/04/15 08:56:53 INFO Utils: Successfully started service 'sparkDriver' on port 44151.
[INFO] 2024-04-15 08:56:54.997 +0800 -  -> 
	24/04/15 08:56:54 INFO SparkEnv: Registering MapOutputTracker
	24/04/15 08:56:54 INFO SparkEnv: Registering BlockManagerMaster
	24/04/15 08:56:54 INFO BlockManagerMasterEndpoint: Using org.apache.spark.storage.DefaultTopologyMapper for getting topology information
	24/04/15 08:56:54 INFO BlockManagerMasterEndpoint: BlockManagerMasterEndpoint up
	24/04/15 08:56:54 INFO SparkEnv: Registering BlockManagerMasterHeartbeat
	24/04/15 08:56:54 INFO DiskBlockManager: Created local directory at /tmp/blockmgr-eded155a-177d-429f-84ba-294c742c0aca
	24/04/15 08:56:54 INFO MemoryStore: MemoryStore started with capacity 93.3 MiB
	24/04/15 08:56:54 INFO SparkEnv: Registering OutputCommitCoordinator
[INFO] 2024-04-15 08:56:55.997 +0800 -  -> 
	24/04/15 08:56:55 INFO JettyUtils: Start Jetty 0.0.0.0:4040 for SparkUI
	24/04/15 08:56:55 INFO Utils: Successfully started service 'SparkUI' on port 4040.
[INFO] 2024-04-15 08:56:57.000 +0800 -  -> 
	24/04/15 08:56:56 INFO StandaloneAppClient$ClientEndpoint: Connecting to master spark://spark-master:7077...
[INFO] 2024-04-15 08:56:58.005 +0800 -  -> 
	24/04/15 08:56:57 INFO TransportClientFactory: Successfully created connection to spark-master/172.18.0.5:7077 after 272 ms (0 ms spent in bootstraps)
	24/04/15 08:56:57 INFO StandaloneSchedulerBackend: Connected to Spark cluster with app ID app-20240415005657-0002
	24/04/15 08:56:57 INFO StandaloneAppClient$ClientEndpoint: Executor added: app-20240415005657-0002/0 on worker-20240415002944-172.18.0.6-35429 (172.18.0.6:35429) with 2 core(s)
	24/04/15 08:56:57 INFO StandaloneSchedulerBackend: Granted executor ID app-20240415005657-0002/0 on hostPort 172.18.0.6:35429 with 2 core(s), 1024.0 MiB RAM
	24/04/15 08:56:57 INFO Utils: Successfully started service 'org.apache.spark.network.netty.NettyBlockTransferService' on port 40293.
	24/04/15 08:56:57 INFO NettyBlockTransferService: Server created on 79bef8694a77:40293
	24/04/15 08:56:57 INFO BlockManager: Using org.apache.spark.storage.RandomBlockReplicationPolicy for block replication policy
	24/04/15 08:56:57 INFO StandaloneAppClient$ClientEndpoint: Executor updated: app-20240415005657-0002/0 is now RUNNING
	24/04/15 08:56:57 INFO BlockManagerMaster: Registering BlockManager BlockManagerId(driver, 79bef8694a77, 40293, None)
	24/04/15 08:56:57 INFO BlockManagerMasterEndpoint: Registering block manager 79bef8694a77:40293 with 93.3 MiB RAM, BlockManagerId(driver, 79bef8694a77, 40293, None)
	24/04/15 08:56:57 INFO BlockManagerMaster: Registered BlockManager BlockManagerId(driver, 79bef8694a77, 40293, None)
	24/04/15 08:56:57 INFO BlockManager: Initialized BlockManager: BlockManagerId(driver, 79bef8694a77, 40293, None)
[INFO] 2024-04-15 08:57:00.010 +0800 -  -> 
	24/04/15 08:56:59 INFO StandaloneSchedulerBackend: SchedulerBackend is ready for scheduling beginning after reached minRegisteredResourcesRatio: 0.0
[INFO] 2024-04-15 08:57:04.016 +0800 -  -> 
	24/04/15 08:57:03 INFO SparkContext: Starting job: sum at /tmp/dolphinscheduler/exec/process/default/13010050770016/13201021801792_17/270/543/spark-test.py:12
	24/04/15 08:57:03 INFO DAGScheduler: Got job 0 (sum at /tmp/dolphinscheduler/exec/process/default/13010050770016/13201021801792_17/270/543/spark-test.py:12) with 2 output partitions
	24/04/15 08:57:03 INFO DAGScheduler: Final stage: ResultStage 0 (sum at /tmp/dolphinscheduler/exec/process/default/13010050770016/13201021801792_17/270/543/spark-test.py:12)
	24/04/15 08:57:03 INFO DAGScheduler: Parents of final stage: List()
	24/04/15 08:57:03 INFO DAGScheduler: Missing parents: List()
[INFO] 2024-04-15 08:57:05.019 +0800 -  -> 
	24/04/15 08:57:04 INFO DAGScheduler: Submitting ResultStage 0 (PythonRDD[1] at sum at /tmp/dolphinscheduler/exec/process/default/13010050770016/13201021801792_17/270/543/spark-test.py:12), which has no missing parents
[INFO] 2024-04-15 08:57:06.022 +0800 -  -> 
	24/04/15 08:57:05 INFO MemoryStore: Block broadcast_0 stored as values in memory (estimated size 7.5 KiB, free 93.3 MiB)
	24/04/15 08:57:05 INFO MemoryStore: Block broadcast_0_piece0 stored as bytes in memory (estimated size 4.7 KiB, free 93.3 MiB)
	24/04/15 08:57:05 INFO BlockManagerInfo: Added broadcast_0_piece0 in memory on 79bef8694a77:40293 (size: 4.7 KiB, free: 93.3 MiB)
	24/04/15 08:57:05 INFO SparkContext: Created broadcast 0 from broadcast at DAGScheduler.scala:1585
	24/04/15 08:57:05 INFO DAGScheduler: Submitting 2 missing tasks from ResultStage 0 (PythonRDD[1] at sum at /tmp/dolphinscheduler/exec/process/default/13010050770016/13201021801792_17/270/543/spark-test.py:12) (first 15 tasks are for partitions Vector(0, 1))
	24/04/15 08:57:05 INFO TaskSchedulerImpl: Adding task set 0.0 with 2 tasks resource profile 0
[INFO] 2024-04-15 08:57:10.026 +0800 -  -> 
	24/04/15 08:57:09 INFO StandaloneSchedulerBackend$StandaloneDriverEndpoint: Registered executor NettyRpcEndpointRef(spark-client://Executor) (172.18.0.6:38934) with ID 0,  ResourceProfileId 0
	24/04/15 08:57:09 INFO BlockManagerMasterEndpoint: Registering block manager 172.18.0.6:41481 with 434.4 MiB RAM, BlockManagerId(0, 172.18.0.6, 41481, None)
[INFO] 2024-04-15 08:57:11.028 +0800 -  -> 
	24/04/15 08:57:10 INFO TaskSetManager: Starting task 0.0 in stage 0.0 (TID 0) (172.18.0.6, executor 0, partition 0, PROCESS_LOCAL, 7599 bytes) 
	24/04/15 08:57:10 INFO TaskSetManager: Starting task 1.0 in stage 0.0 (TID 1) (172.18.0.6, executor 0, partition 1, PROCESS_LOCAL, 7599 bytes) 
[INFO] 2024-04-15 08:57:12.030 +0800 -  -> 
	24/04/15 08:57:11 INFO BlockManagerInfo: Added broadcast_0_piece0 in memory on 172.18.0.6:41481 (size: 4.7 KiB, free: 434.4 MiB)
[INFO] 2024-04-15 08:57:13.033 +0800 -  -> 
	24/04/15 08:57:13 WARN TaskSetManager: Lost task 0.0 in stage 0.0 (TID 0) (172.18.0.6 executor 0): org.apache.spark.api.python.PythonException: Traceback (most recent call last):
	  File "/opt/bitnami/spark/python/lib/pyspark.zip/pyspark/worker.py", line 1100, in main
	    raise PySparkRuntimeError(
	pyspark.errors.exceptions.base.PySparkRuntimeError: [PYTHON_VERSION_MISMATCH] Python in worker has different version (3, 11) than that in driver 3.10, PySpark cannot run with different minor versions.
	Please check environment variables PYSPARK_PYTHON and PYSPARK_DRIVER_PYTHON are correctly set.
	
		at org.apache.spark.api.python.BasePythonRunner$ReaderIterator.handlePythonException(PythonRunner.scala:572)
		at org.apache.spark.api.python.PythonRunner$$anon$3.read(PythonRunner.scala:784)
		at org.apache.spark.api.python.PythonRunner$$anon$3.read(PythonRunner.scala:766)
		at org.apache.spark.api.python.BasePythonRunner$ReaderIterator.hasNext(PythonRunner.scala:525)
		at org.apache.spark.InterruptibleIterator.hasNext(InterruptibleIterator.scala:37)
		at scala.collection.Iterator.foreach(Iterator.scala:943)
		at scala.collection.Iterator.foreach$(Iterator.scala:943)
		at org.apache.spark.InterruptibleIterator.foreach(InterruptibleIterator.scala:28)
		at scala.collection.generic.Growable.$plus$plus$eq(Growable.scala:62)
		at scala.collection.generic.Growable.$plus$plus$eq$(Growable.scala:53)
		at scala.collection.mutable.ArrayBuffer.$plus$plus$eq(ArrayBuffer.scala:105)
		at scala.collection.mutable.ArrayBuffer.$plus$plus$eq(ArrayBuffer.scala:49)
		at scala.collection.TraversableOnce.to(TraversableOnce.scala:366)
		at scala.collection.TraversableOnce.to$(TraversableOnce.scala:364)
		at org.apache.spark.InterruptibleIterator.to(InterruptibleIterator.scala:28)
		at scala.collection.TraversableOnce.toBuffer(TraversableOnce.scala:358)
		at scala.collection.TraversableOnce.toBuffer$(TraversableOnce.scala:358)
		at org.apache.spark.InterruptibleIterator.toBuffer(InterruptibleIterator.scala:28)
		at scala.collection.TraversableOnce.toArray(TraversableOnce.scala:345)
		at scala.collection.TraversableOnce.toArray$(TraversableOnce.scala:339)
		at org.apache.spark.InterruptibleIterator.toArray(InterruptibleIterator.scala:28)
		at org.apache.spark.rdd.RDD.$anonfun$collect$2(RDD.scala:1049)
		at org.apache.spark.SparkContext.$anonfun$runJob$5(SparkContext.scala:2438)
		at org.apache.spark.scheduler.ResultTask.runTask(ResultTask.scala:93)
		at org.apache.spark.TaskContext.runTaskWithListeners(TaskContext.scala:166)
		at org.apache.spark.scheduler.Task.run(Task.scala:141)
		at org.apache.spark.executor.Executor$TaskRunner.$anonfun$run$4(Executor.scala:620)
		at org.apache.spark.util.SparkErrorUtils.tryWithSafeFinally(SparkErrorUtils.scala:64)
		at org.apache.spark.util.SparkErrorUtils.tryWithSafeFinally$(SparkErrorUtils.scala:61)
		at org.apache.spark.util.Utils$.tryWithSafeFinally(Utils.scala:94)
		at org.apache.spark.executor.Executor$TaskRunner.run(Executor.scala:623)
		at java.base/java.util.concurrent.ThreadPoolExecutor.runWorker(ThreadPoolExecutor.java:1136)
		at java.base/java.util.concurrent.ThreadPoolExecutor$Worker.run(ThreadPoolExecutor.java:635)
		at java.base/java.lang.Thread.run(Thread.java:840)
	
[INFO] 2024-04-15 08:57:14.039 +0800 -  -> 
	24/04/15 08:57:13 INFO TaskSetManager: Starting task 1.1 in stage 0.0 (TID 2) (172.18.0.6, executor 0, partition 1, PROCESS_LOCAL, 7599 bytes) 
	24/04/15 08:57:13 INFO TaskSetManager: Starting task 0.1 in stage 0.0 (TID 3) (172.18.0.6, executor 0, partition 0, PROCESS_LOCAL, 7599 bytes) 
	24/04/15 08:57:13 INFO TaskSetManager: Lost task 0.1 in stage 0.0 (TID 3) on 172.18.0.6, executor 0: org.apache.spark.api.python.PythonException (Traceback (most recent call last):
	  File "/opt/bitnami/spark/python/lib/pyspark.zip/pyspark/worker.py", line 1100, in main
	    raise PySparkRuntimeError(
	pyspark.errors.exceptions.base.PySparkRuntimeError: [PYTHON_VERSION_MISMATCH] Python in worker has different version (3, 11) than that in driver 3.10, PySpark cannot run with different minor versions.
	Please check environment variables PYSPARK_PYTHON and PYSPARK_DRIVER_PYTHON are correctly set.
	) [duplicate 2]
	24/04/15 08:57:13 INFO TaskSetManager: Starting task 0.2 in stage 0.0 (TID 4) (172.18.0.6, executor 0, partition 0, PROCESS_LOCAL, 7599 bytes) 
	24/04/15 08:57:13 INFO TaskSetManager: Lost task 1.1 in stage 0.0 (TID 2) on 172.18.0.6, executor 0: org.apache.spark.api.python.PythonException (Traceback (most recent call last):
	  File "/opt/bitnami/spark/python/lib/pyspark.zip/pyspark/worker.py", line 1100, in main
	    raise PySparkRuntimeError(
	pyspark.errors.exceptions.base.PySparkRuntimeError: [PYTHON_VERSION_MISMATCH] Python in worker has different version (3, 11) than that in driver 3.10, PySpark cannot run with different minor versions.
	Please check environment variables PYSPARK_PYTHON and PYSPARK_DRIVER_PYTHON are correctly set.
	) [duplicate 3]
	24/04/15 08:57:13 INFO TaskSetManager: Starting task 1.2 in stage 0.0 (TID 5) (172.18.0.6, executor 0, partition 1, PROCESS_LOCAL, 7599 bytes) 
	24/04/15 08:57:13 INFO TaskSetManager: Lost task 0.2 in stage 0.0 (TID 4) on 172.18.0.6, executor 0: org.apache.spark.api.python.PythonException (Traceback (most recent call last):
	  File "/opt/bitnami/spark/python/lib/pyspark.zip/pyspark/worker.py", line 1100, in main
	    raise PySparkRuntimeError(
	pyspark.errors.exceptions.base.PySparkRuntimeError: [PYTHON_VERSION_MISMATCH] Python in worker has different version (3, 11) than that in driver 3.10, PySpark cannot run with different minor versions.
	Please check environment variables PYSPARK_PYTHON and PYSPARK_DRIVER_PYTHON are correctly set.
	) [duplicate 4]
	24/04/15 08:57:13 INFO TaskSetManager: Starting task 0.3 in stage 0.0 (TID 6) (172.18.0.6, executor 0, partition 0, PROCESS_LOCAL, 7599 bytes) 
	24/04/15 08:57:13 INFO TaskSetManager: Lost task 1.2 in stage 0.0 (TID 5) on 172.18.0.6, executor 0: org.apache.spark.api.python.PythonException (Traceback (most recent call last):
	  File "/opt/bitnami/spark/python/lib/pyspark.zip/pyspark/worker.py", line 1100, in main
	    raise PySparkRuntimeError(
	pyspark.errors.exceptions.base.PySparkRuntimeError: [PYTHON_VERSION_MISMATCH] Python in worker has different version (3, 11) than that in driver 3.10, PySpark cannot run with different minor versions.
	Please check environment variables PYSPARK_PYTHON and PYSPARK_DRIVER_PYTHON are correctly set.
	) [duplicate 5]
	24/04/15 08:57:13 INFO TaskSetManager: Starting task 1.3 in stage 0.0 (TID 7) (172.18.0.6, executor 0, partition 1, PROCESS_LOCAL, 7599 bytes) 
	24/04/15 08:57:13 INFO TaskSetManager: Lost task 0.3 in stage 0.0 (TID 6) on 172.18.0.6, executor 0: org.apache.spark.api.python.PythonException (Traceback (most recent call last):
	  File "/opt/bitnami/spark/python/lib/pyspark.zip/pyspark/worker.py", line 1100, in main
	    raise PySparkRuntimeError(
	pyspark.errors.exceptions.base.PySparkRuntimeError: [PYTHON_VERSION_MISMATCH] Python in worker has different version (3, 11) than that in driver 3.10, PySpark cannot run with different minor versions.
	Please check environment variables PYSPARK_PYTHON and PYSPARK_DRIVER_PYTHON are correctly set.
	) [duplicate 6]
	24/04/15 08:57:13 ERROR TaskSetManager: Task 0 in stage 0.0 failed 4 times; aborting job
	24/04/15 08:57:13 INFO TaskSchedulerImpl: Cancelling stage 0
	24/04/15 08:57:13 INFO TaskSchedulerImpl: Killing all running tasks in stage 0: Stage cancelled: Job aborted due to stage failure: Task 0 in stage 0.0 failed 4 times, most recent failure: Lost task 0.3 in stage 0.0 (TID 6) (172.18.0.6 executor 0): org.apache.spark.api.python.PythonException: Traceback (most recent call last):
	  File "/opt/bitnami/spark/python/lib/pyspark.zip/pyspark/worker.py", line 1100, in main
	    raise PySparkRuntimeError(
	pyspark.errors.exceptions.base.PySparkRuntimeError: [PYTHON_VERSION_MISMATCH] Python in worker has different version (3, 11) than that in driver 3.10, PySpark cannot run with different minor versions.
	Please check environment variables PYSPARK_PYTHON and PYSPARK_DRIVER_PYTHON are correctly set.
	
		at org.apache.spark.api.python.BasePythonRunner$ReaderIterator.handlePythonException(PythonRunner.scala:572)
		at org.apache.spark.api.python.PythonRunner$$anon$3.read(PythonRunner.scala:784)
		at org.apache.spark.api.python.PythonRunner$$anon$3.read(PythonRunner.scala:766)
		at org.apache.spark.api.python.BasePythonRunner$ReaderIterator.hasNext(PythonRunner.scala:525)
		at org.apache.spark.InterruptibleIterator.hasNext(InterruptibleIterator.scala:37)
		at scala.collection.Iterator.foreach(Iterator.scala:943)
		at scala.collection.Iterator.foreach$(Iterator.scala:943)
		at org.apache.spark.InterruptibleIterator.foreach(InterruptibleIterator.scala:28)
		at scala.collection.generic.Growable.$plus$plus$eq(Growable.scala:62)
		at scala.collection.generic.Growable.$plus$plus$eq$(Growable.scala:53)
		at scala.collection.mutable.ArrayBuffer.$plus$plus$eq(ArrayBuffer.scala:105)
		at scala.collection.mutable.ArrayBuffer.$plus$plus$eq(ArrayBuffer.scala:49)
		at scala.collection.TraversableOnce.to(TraversableOnce.scala:366)
		at scala.collection.TraversableOnce.to$(TraversableOnce.scala:364)
		at org.apache.spark.InterruptibleIterator.to(InterruptibleIterator.scala:28)
		at scala.collection.TraversableOnce.toBuffer(TraversableOnce.scala:358)
		at scala.collection.TraversableOnce.toBuffer$(TraversableOnce.scala:358)
		at org.apache.spark.InterruptibleIterator.toBuffer(InterruptibleIterator.scala:28)
		at scala.collection.TraversableOnce.toArray(TraversableOnce.scala:345)
		at scala.collection.TraversableOnce.toArray$(TraversableOnce.scala:339)
		at org.apache.spark.InterruptibleIterator.toArray(InterruptibleIterator.scala:28)
		at org.apache.spark.rdd.RDD.$anonfun$collect$2(RDD.scala:1049)
		at org.apache.spark.SparkContext.$anonfun$runJob$5(SparkContext.scala:2438)
		at org.apache.spark.scheduler.ResultTask.runTask(ResultTask.scala:93)
		at org.apache.spark.TaskContext.runTaskWithListeners(TaskContext.scala:166)
		at org.apache.spark.scheduler.Task.run(Task.scala:141)
		at org.apache.spark.executor.Executor$TaskRunner.$anonfun$run$4(Executor.scala:620)
		at org.apache.spark.util.SparkErrorUtils.tryWithSafeFinally(SparkErrorUtils.scala:64)
		at org.apache.spark.util.SparkErrorUtils.tryWithSafeFinally$(SparkErrorUtils.scala:61)
		at org.apache.spark.util.Utils$.tryWithSafeFinally(Utils.scala:94)
		at org.apache.spark.executor.Executor$TaskRunner.run(Executor.scala:623)
		at java.base/java.util.concurrent.ThreadPoolExecutor.runWorker(ThreadPoolExecutor.java:1136)
		at java.base/java.util.concurrent.ThreadPoolExecutor$Worker.run(ThreadPoolExecutor.java:635)
		at java.base/java.lang.Thread.run(Thread.java:840)
	
	Driver stacktrace:
	24/04/15 08:57:13 INFO TaskSchedulerImpl: Stage 0 was cancelled
	24/04/15 08:57:13 INFO DAGScheduler: ResultStage 0 (sum at /tmp/dolphinscheduler/exec/process/default/13010050770016/13201021801792_17/270/543/spark-test.py:12) failed in 9.217 s due to Job aborted due to stage failure: Task 0 in stage 0.0 failed 4 times, most recent failure: Lost task 0.3 in stage 0.0 (TID 6) (172.18.0.6 executor 0): org.apache.spark.api.python.PythonException: Traceback (most recent call last):
	  File "/opt/bitnami/spark/python/lib/pyspark.zip/pyspark/worker.py", line 1100, in main
	    raise PySparkRuntimeError(
	pyspark.errors.exceptions.base.PySparkRuntimeError: [PYTHON_VERSION_MISMATCH] Python in worker has different version (3, 11) than that in driver 3.10, PySpark cannot run with different minor versions.
	Please check environment variables PYSPARK_PYTHON and PYSPARK_DRIVER_PYTHON are correctly set.
	
		at org.apache.spark.api.python.BasePythonRunner$ReaderIterator.handlePythonException(PythonRunner.scala:572)
		at org.apache.spark.api.python.PythonRunner$$anon$3.read(PythonRunner.scala:784)
		at org.apache.spark.api.python.PythonRunner$$anon$3.read(PythonRunner.scala:766)
		at org.apache.spark.api.python.BasePythonRunner$ReaderIterator.hasNext(PythonRunner.scala:525)
		at org.apache.spark.InterruptibleIterator.hasNext(InterruptibleIterator.scala:37)
		at scala.collection.Iterator.foreach(Iterator.scala:943)
		at scala.collection.Iterator.foreach$(Iterator.scala:943)
		at org.apache.spark.InterruptibleIterator.foreach(InterruptibleIterator.scala:28)
		at scala.collection.generic.Growable.$plus$plus$eq(Growable.scala:62)
		at scala.collection.generic.Growable.$plus$plus$eq$(Growable.scala:53)
		at scala.collection.mutable.ArrayBuffer.$plus$plus$eq(ArrayBuffer.scala:105)
		at scala.collection.mutable.ArrayBuffer.$plus$plus$eq(ArrayBuffer.scala:49)
		at scala.collection.TraversableOnce.to(TraversableOnce.scala:366)
		at scala.collection.TraversableOnce.to$(TraversableOnce.scala:364)
		at org.apache.spark.InterruptibleIterator.to(InterruptibleIterator.scala:28)
		at scala.collection.TraversableOnce.toBuffer(TraversableOnce.scala:358)
		at scala.collection.TraversableOnce.toBuffer$(TraversableOnce.scala:358)
		at org.apache.spark.InterruptibleIterator.toBuffer(InterruptibleIterator.scala:28)
		at scala.collection.TraversableOnce.toArray(TraversableOnce.scala:345)
		at scala.collection.TraversableOnce.toArray$(TraversableOnce.scala:339)
		at org.apache.spark.InterruptibleIterator.toArray(InterruptibleIterator.scala:28)
		at org.apache.spark.rdd.RDD.$anonfun$collect$2(RDD.scala:1049)
		at org.apache.spark.SparkContext.$anonfun$runJob$5(SparkContext.scala:2438)
		at org.apache.spark.scheduler.ResultTask.runTask(ResultTask.scala:93)
		at org.apache.spark.TaskContext.runTaskWithListeners(TaskContext.scala:166)
		at org.apache.spark.scheduler.Task.run(Task.scala:141)
		at org.apache.spark.executor.Executor$TaskRunner.$anonfun$run$4(Executor.scala:620)
		at org.apache.spark.util.SparkErrorUtils.tryWithSafeFinally(SparkErrorUtils.scala:64)
		at org.apache.spark.util.SparkErrorUtils.tryWithSafeFinally$(SparkErrorUtils.scala:61)
		at org.apache.spark.util.Utils$.tryWithSafeFinally(Utils.scala:94)
		at org.apache.spark.executor.Executor$TaskRunner.run(Executor.scala:623)
		at java.base/java.util.concurrent.ThreadPoolExecutor.runWorker(ThreadPoolExecutor.java:1136)
		at java.base/java.util.concurrent.ThreadPoolExecutor$Worker.run(ThreadPoolExecutor.java:635)
		at java.base/java.lang.Thread.run(Thread.java:840)
	
	Driver stacktrace:
	24/04/15 08:57:13 INFO DAGScheduler: Job 0 failed: sum at /tmp/dolphinscheduler/exec/process/default/13010050770016/13201021801792_17/270/543/spark-test.py:12, took 9.632757 s
	24/04/15 08:57:13 INFO TaskSetManager: Lost task 1.3 in stage 0.0 (TID 7) on 172.18.0.6, executor 0: org.apache.spark.api.python.PythonException (Traceback (most recent call last):
	  File "/opt/bitnami/spark/python/lib/pyspark.zip/pyspark/worker.py", line 1100, in main
	    raise PySparkRuntimeError(
	pyspark.errors.exceptions.base.PySparkRuntimeError: [PYTHON_VERSION_MISMATCH] Python in worker has different version (3, 11) than that in driver 3.10, PySpark cannot run with different minor versions.
	Please check environment variables PYSPARK_PYTHON and PYSPARK_DRIVER_PYTHON are correctly set.
	) [duplicate 7]
	24/04/15 08:57:13 INFO TaskSchedulerImpl: Removed TaskSet 0.0, whose tasks have all completed, from pool 
	Traceback (most recent call last):
	  File "/tmp/dolphinscheduler/exec/process/default/13010050770016/13201021801792_17/270/543/spark-test.py", line 12, in <module>
	    print("THE SUM IS HERE: ", rdd.sum())
	  File "/opt/spark-3.5.1-bin-hadoop3/python/lib/pyspark.zip/pyspark/rdd.py", line 2291, in sum
	  File "/opt/spark-3.5.1-bin-hadoop3/python/lib/pyspark.zip/pyspark/rdd.py", line 2044, in fold
	  File "/opt/spark-3.5.1-bin-hadoop3/python/lib/pyspark.zip/pyspark/rdd.py", line 1833, in collect
	  File "/opt/spark-3.5.1-bin-hadoop3/python/lib/py4j-0.10.9.7-src.zip/py4j/java_gateway.py", line 1322, in __call__
	  File "/opt/spark-3.5.1-bin-hadoop3/python/lib/pyspark.zip/pyspark/errors/exceptions/captured.py", line 179, in deco
	  File "/opt/spark-3.5.1-bin-hadoop3/python/lib/py4j-0.10.9.7-src.zip/py4j/protocol.py", line 326, in get_return_value
[INFO] 2024-04-15 08:57:15.045 +0800 -  -> 
	py4j.protocol.Py4JJavaError: An error occurred while calling z:org.apache.spark.api.python.PythonRDD.collectAndServe.
	: org.apache.spark.SparkException: Job aborted due to stage failure: Task 0 in stage 0.0 failed 4 times, most recent failure: Lost task 0.3 in stage 0.0 (TID 6) (172.18.0.6 executor 0): org.apache.spark.api.python.PythonException: Traceback (most recent call last):
	  File "/opt/bitnami/spark/python/lib/pyspark.zip/pyspark/worker.py", line 1100, in main
	    raise PySparkRuntimeError(
	pyspark.errors.exceptions.base.PySparkRuntimeError: [PYTHON_VERSION_MISMATCH] Python in worker has different version (3, 11) than that in driver 3.10, PySpark cannot run with different minor versions.
	Please check environment variables PYSPARK_PYTHON and PYSPARK_DRIVER_PYTHON are correctly set.
	
		at org.apache.spark.api.python.BasePythonRunner$ReaderIterator.handlePythonException(PythonRunner.scala:572)
		at org.apache.spark.api.python.PythonRunner$$anon$3.read(PythonRunner.scala:784)
		at org.apache.spark.api.python.PythonRunner$$anon$3.read(PythonRunner.scala:766)
		at org.apache.spark.api.python.BasePythonRunner$ReaderIterator.hasNext(PythonRunner.scala:525)
		at org.apache.spark.InterruptibleIterator.hasNext(InterruptibleIterator.scala:37)
		at scala.collection.Iterator.foreach(Iterator.scala:943)
		at scala.collection.Iterator.foreach$(Iterator.scala:943)
		at org.apache.spark.InterruptibleIterator.foreach(InterruptibleIterator.scala:28)
		at scala.collection.generic.Growable.$plus$plus$eq(Growable.scala:62)
		at scala.collection.generic.Growable.$plus$plus$eq$(Growable.scala:53)
		at scala.collection.mutable.ArrayBuffer.$plus$plus$eq(ArrayBuffer.scala:105)
		at scala.collection.mutable.ArrayBuffer.$plus$plus$eq(ArrayBuffer.scala:49)
		at scala.collection.TraversableOnce.to(TraversableOnce.scala:366)
		at scala.collection.TraversableOnce.to$(TraversableOnce.scala:364)
		at org.apache.spark.InterruptibleIterator.to(InterruptibleIterator.scala:28)
		at scala.collection.TraversableOnce.toBuffer(TraversableOnce.scala:358)
		at scala.collection.TraversableOnce.toBuffer$(TraversableOnce.scala:358)
		at org.apache.spark.InterruptibleIterator.toBuffer(InterruptibleIterator.scala:28)
		at scala.collection.TraversableOnce.toArray(TraversableOnce.scala:345)
		at scala.collection.TraversableOnce.toArray$(TraversableOnce.scala:339)
		at org.apache.spark.InterruptibleIterator.toArray(InterruptibleIterator.scala:28)
		at org.apache.spark.rdd.RDD.$anonfun$collect$2(RDD.scala:1049)
		at org.apache.spark.SparkContext.$anonfun$runJob$5(SparkContext.scala:2438)
		at org.apache.spark.scheduler.ResultTask.runTask(ResultTask.scala:93)
		at org.apache.spark.TaskContext.runTaskWithListeners(TaskContext.scala:166)
		at org.apache.spark.scheduler.Task.run(Task.scala:141)
		at org.apache.spark.executor.Executor$TaskRunner.$anonfun$run$4(Executor.scala:620)
		at org.apache.spark.util.SparkErrorUtils.tryWithSafeFinally(SparkErrorUtils.scala:64)
		at org.apache.spark.util.SparkErrorUtils.tryWithSafeFinally$(SparkErrorUtils.scala:61)
		at org.apache.spark.util.Utils$.tryWithSafeFinally(Utils.scala:94)
		at org.apache.spark.executor.Executor$TaskRunner.run(Executor.scala:623)
		at java.base/java.util.concurrent.ThreadPoolExecutor.runWorker(ThreadPoolExecutor.java:1136)
		at java.base/java.util.concurrent.ThreadPoolExecutor$Worker.run(ThreadPoolExecutor.java:635)
		at java.base/java.lang.Thread.run(Thread.java:840)
	
	Driver stacktrace:
		at org.apache.spark.scheduler.DAGScheduler.failJobAndIndependentStages(DAGScheduler.scala:2856)
		at org.apache.spark.scheduler.DAGScheduler.$anonfun$abortStage$2(DAGScheduler.scala:2792)
		at org.apache.spark.scheduler.DAGScheduler.$anonfun$abortStage$2$adapted(DAGScheduler.scala:2791)
		at scala.collection.mutable.ResizableArray.foreach(ResizableArray.scala:62)
		at scala.collection.mutable.ResizableArray.foreach$(ResizableArray.scala:55)
		at scala.collection.mutable.ArrayBuffer.foreach(ArrayBuffer.scala:49)
		at org.apache.spark.scheduler.DAGScheduler.abortStage(DAGScheduler.scala:2791)
		at org.apache.spark.scheduler.DAGScheduler.$anonfun$handleTaskSetFailed$1(DAGScheduler.scala:1247)
		at org.apache.spark.scheduler.DAGScheduler.$anonfun$handleTaskSetFailed$1$adapted(DAGScheduler.scala:1247)
		at scala.Option.foreach(Option.scala:407)
		at org.apache.spark.scheduler.DAGScheduler.handleTaskSetFailed(DAGScheduler.scala:1247)
		at org.apache.spark.scheduler.DAGSchedulerEventProcessLoop.doOnReceive(DAGScheduler.scala:3060)
		at org.apache.spark.scheduler.DAGSchedulerEventProcessLoop.onReceive(DAGScheduler.scala:2994)
		at org.apache.spark.scheduler.DAGSchedulerEventProcessLoop.onReceive(DAGScheduler.scala:2983)
		at org.apache.spark.util.EventLoop$$anon$1.run(EventLoop.scala:49)
		at org.apache.spark.scheduler.DAGScheduler.runJob(DAGScheduler.scala:989)
		at org.apache.spark.SparkContext.runJob(SparkContext.scala:2398)
		at org.apache.spark.SparkContext.runJob(SparkContext.scala:2419)
		at org.apache.spark.SparkContext.runJob(SparkContext.scala:2438)
		at org.apache.spark.SparkContext.runJob(SparkContext.scala:2463)
		at org.apache.spark.rdd.RDD.$anonfun$collect$1(RDD.scala:1049)
		at org.apache.spark.rdd.RDDOperationScope$.withScope(RDDOperationScope.scala:151)
		at org.apache.spark.rdd.RDDOperationScope$.withScope(RDDOperationScope.scala:112)
		at org.apache.spark.rdd.RDD.withScope(RDD.scala:410)
		at org.apache.spark.rdd.RDD.collect(RDD.scala:1048)
		at org.apache.spark.api.python.PythonRDD$.collectAndServe(PythonRDD.scala:195)
		at org.apache.spark.api.python.PythonRDD.collectAndServe(PythonRDD.scala)
		at sun.reflect.NativeMethodAccessorImpl.invoke0(Native Method)
		at sun.reflect.NativeMethodAccessorImpl.invoke(NativeMethodAccessorImpl.java:62)
		at sun.reflect.DelegatingMethodAccessorImpl.invoke(DelegatingMethodAccessorImpl.java:43)
		at java.lang.reflect.Method.invoke(Method.java:498)
		at py4j.reflection.MethodInvoker.invoke(MethodInvoker.java:244)
		at py4j.reflection.ReflectionEngine.invoke(ReflectionEngine.java:374)
		at py4j.Gateway.invoke(Gateway.java:282)
		at py4j.commands.AbstractCommand.invokeMethod(AbstractCommand.java:132)
		at py4j.commands.CallCommand.execute(CallCommand.java:79)
		at py4j.ClientServerConnection.waitForCommands(ClientServerConnection.java:182)
		at py4j.ClientServerConnection.run(ClientServerConnection.java:106)
		at java.lang.Thread.run(Thread.java:750)
	Caused by: org.apache.spark.api.python.PythonException: Traceback (most recent call last):
	  File "/opt/bitnami/spark/python/lib/pyspark.zip/pyspark/worker.py", line 1100, in main
	    raise PySparkRuntimeError(
	pyspark.errors.exceptions.base.PySparkRuntimeError: [PYTHON_VERSION_MISMATCH] Python in worker has different version (3, 11) than that in driver 3.10, PySpark cannot run with different minor versions.
	Please check environment variables PYSPARK_PYTHON and PYSPARK_DRIVER_PYTHON are correctly set.
	
		at org.apache.spark.api.python.BasePythonRunner$ReaderIterator.handlePythonException(PythonRunner.scala:572)
		at org.apache.spark.api.python.PythonRunner$$anon$3.read(PythonRunner.scala:784)
		at org.apache.spark.api.python.PythonRunner$$anon$3.read(PythonRunner.scala:766)
		at org.apache.spark.api.python.BasePythonRunner$ReaderIterator.hasNext(PythonRunner.scala:525)
		at org.apache.spark.InterruptibleIterator.hasNext(InterruptibleIterator.scala:37)
		at scala.collection.Iterator.foreach(Iterator.scala:943)
		at scala.collection.Iterator.foreach$(Iterator.scala:943)
		at org.apache.spark.InterruptibleIterator.foreach(InterruptibleIterator.scala:28)
		at scala.collection.generic.Growable.$plus$plus$eq(Growable.scala:62)
		at scala.collection.generic.Growable.$plus$plus$eq$(Growable.scala:53)
		at scala.collection.mutable.ArrayBuffer.$plus$plus$eq(ArrayBuffer.scala:105)
		at scala.collection.mutable.ArrayBuffer.$plus$plus$eq(ArrayBuffer.scala:49)
		at scala.collection.TraversableOnce.to(TraversableOnce.scala:366)
		at scala.collection.TraversableOnce.to$(TraversableOnce.scala:364)
		at org.apache.spark.InterruptibleIterator.to(InterruptibleIterator.scala:28)
		at scala.collection.TraversableOnce.toBuffer(TraversableOnce.scala:358)
		at scala.collection.TraversableOnce.toBuffer$(TraversableOnce.scala:358)
		at org.apache.spark.InterruptibleIterator.toBuffer(InterruptibleIterator.scala:28)
		at scala.collection.TraversableOnce.toArray(TraversableOnce.scala:345)
		at scala.collection.TraversableOnce.toArray$(TraversableOnce.scala:339)
		at org.apache.spark.InterruptibleIterator.toArray(InterruptibleIterator.scala:28)
		at org.apache.spark.rdd.RDD.$anonfun$collect$2(RDD.scala:1049)
		at org.apache.spark.SparkContext.$anonfun$runJob$5(SparkContext.scala:2438)
		at org.apache.spark.scheduler.ResultTask.runTask(ResultTask.scala:93)
		at org.apache.spark.TaskContext.runTaskWithListeners(TaskContext.scala:166)
		at org.apache.spark.scheduler.Task.run(Task.scala:141)
		at org.apache.spark.executor.Executor$TaskRunner.$anonfun$run$4(Executor.scala:620)
		at org.apache.spark.util.SparkErrorUtils.tryWithSafeFinally(SparkErrorUtils.scala:64)
		at org.apache.spark.util.SparkErrorUtils.tryWithSafeFinally$(SparkErrorUtils.scala:61)
		at org.apache.spark.util.Utils$.tryWithSafeFinally(Utils.scala:94)
		at org.apache.spark.executor.Executor$TaskRunner.run(Executor.scala:623)
		at java.util.concurrent.ThreadPoolExecutor.runWorker(ThreadPoolExecutor.java:1136)
		at java.util.concurrent.ThreadPoolExecutor$Worker.run(ThreadPoolExecutor.java:635)
		at java.lang.Thread.run(Thread.java:840)
	
	24/04/15 08:57:14 INFO SparkContext: Invoking stop() from shutdown hook
	24/04/15 08:57:14 INFO SparkContext: SparkContext is stopping with exitCode 0.
	24/04/15 08:57:14 INFO SparkUI: Stopped Spark web UI at http://79bef8694a77:4040
	24/04/15 08:57:14 INFO StandaloneSchedulerBackend: Shutting down all executors
	24/04/15 08:57:14 INFO StandaloneSchedulerBackend$StandaloneDriverEndpoint: Asking each executor to shut down
	24/04/15 08:57:14 INFO MapOutputTrackerMasterEndpoint: MapOutputTrackerMasterEndpoint stopped!
	24/04/15 08:57:14 INFO MemoryStore: MemoryStore cleared
	24/04/15 08:57:14 INFO BlockManager: BlockManager stopped
	24/04/15 08:57:14 INFO BlockManagerMaster: BlockManagerMaster stopped
	24/04/15 08:57:14 INFO OutputCommitCoordinator$OutputCommitCoordinatorEndpoint: OutputCommitCoordinator stopped!
	24/04/15 08:57:14 INFO SparkContext: Successfully stopped SparkContext
	24/04/15 08:57:14 INFO ShutdownHookManager: Shutdown hook called
	24/04/15 08:57:14 INFO ShutdownHookManager: Deleting directory /tmp/spark-046a8b69-4323-4e80-b87f-a1d124fab0f5
	24/04/15 08:57:14 INFO ShutdownHookManager: Deleting directory /tmp/spark-ad3e9ac0-4eea-451e-a1fc-0ce1bf274370/pyspark-4dc08708-6450-425b-b85f-0c6a9281f00b
	24/04/15 08:57:14 INFO ShutdownHookManager: Deleting directory /tmp/spark-ad3e9ac0-4eea-451e-a1fc-0ce1bf274370
[INFO] 2024-04-15 08:57:15.047 +0800 - process has exited. execute path:/tmp/dolphinscheduler/exec/process/default/13010050770016/13201021801792_17/270/543, processId:721 ,exitStatusCode:1 ,processWaitForStatus:true ,processExitValue:1
[INFO] 2024-04-15 08:57:15.049 +0800 - ***********************************************************************************************
[INFO] 2024-04-15 08:57:15.049 +0800 - *********************************  Finalize task instance  ************************************
[INFO] 2024-04-15 08:57:15.050 +0800 - ***********************************************************************************************
[INFO] 2024-04-15 08:57:15.051 +0800 - Upload output files: [] successfully
[INFO] 2024-04-15 08:57:15.056 +0800 - Send task execute status: FAILURE to master : 172.18.0.7:1234
[INFO] 2024-04-15 08:57:15.056 +0800 - Remove the current task execute context from worker cache
[INFO] 2024-04-15 08:57:15.057 +0800 - The current execute mode isn't develop mode, will clear the task execute file: /tmp/dolphinscheduler/exec/process/default/13010050770016/13201021801792_17/270/543
[INFO] 2024-04-15 08:57:15.058 +0800 - Success clear the task execute file: /tmp/dolphinscheduler/exec/process/default/13010050770016/13201021801792_17/270/543
[INFO] 2024-04-15 08:57:15.059 +0800 - FINALIZE_SESSION
