[INFO] 2024-03-25 17:00:33.687 +0800 - ***********************************************************************************************
[INFO] 2024-03-25 17:00:33.697 +0800 - *********************************  Initialize task context  ***********************************
[INFO] 2024-03-25 17:00:33.700 +0800 - ***********************************************************************************************
[INFO] 2024-03-25 17:00:33.710 +0800 - Begin to initialize task
[INFO] 2024-03-25 17:00:33.717 +0800 - Set task startTime: 1711357233717
[INFO] 2024-03-25 17:00:33.720 +0800 - Set task appId: 209_478
[INFO] 2024-03-25 17:00:33.727 +0800 - End initialize task {
  "taskInstanceId" : 478,
  "taskName" : "hell",
  "firstSubmitTime" : 1711357233639,
  "startTime" : 1711357233717,
  "taskType" : "PYTHON",
  "workflowInstanceHost" : "172.19.0.8:5678",
  "host" : "172.19.0.6:1234",
  "logPath" : "/opt/dolphinscheduler/logs/20240325/13045665829504/1/209/478.log",
  "processId" : 0,
  "processDefineCode" : 13045665829504,
  "processDefineVersion" : 1,
  "processInstanceId" : 209,
  "scheduleTime" : 1711357226000,
  "executorId" : 1,
  "cmdTypeIfComplement" : 6,
  "tenantCode" : "default",
  "processDefineId" : 0,
  "projectId" : 0,
  "projectCode" : 13010050770016,
  "taskParams" : "{\"localParams\":[],\"rawScript\":\"print('Hello')\",\"resourceList\":[]}",
  "prepareParamsMap" : {
    "system.task.definition.name" : {
      "prop" : "system.task.definition.name",
      "direct" : "IN",
      "type" : "VARCHAR",
      "value" : "hell"
    },
    "system.project.name" : {
      "prop" : "system.project.name",
      "direct" : "IN",
      "type" : "VARCHAR",
      "value" : null
    },
    "system.project.code" : {
      "prop" : "system.project.code",
      "direct" : "IN",
      "type" : "VARCHAR",
      "value" : "13010050770016"
    },
    "system.workflow.instance.id" : {
      "prop" : "system.workflow.instance.id",
      "direct" : "IN",
      "type" : "VARCHAR",
      "value" : "209"
    },
    "system.biz.curdate" : {
      "prop" : "system.biz.curdate",
      "direct" : "IN",
      "type" : "VARCHAR",
      "value" : "20240325"
    },
    "system.biz.date" : {
      "prop" : "system.biz.date",
      "direct" : "IN",
      "type" : "VARCHAR",
      "value" : "20240324"
    },
    "system.task.instance.id" : {
      "prop" : "system.task.instance.id",
      "direct" : "IN",
      "type" : "VARCHAR",
      "value" : "478"
    },
    "system.workflow.definition.name" : {
      "prop" : "system.workflow.definition.name",
      "direct" : "IN",
      "type" : "VARCHAR",
      "value" : "hello"
    },
    "system.task.definition.code" : {
      "prop" : "system.task.definition.code",
      "direct" : "IN",
      "type" : "VARCHAR",
      "value" : "13045662268160"
    },
    "system.workflow.definition.code" : {
      "prop" : "system.workflow.definition.code",
      "direct" : "IN",
      "type" : "VARCHAR",
      "value" : "13045665829504"
    },
    "system.datetime" : {
      "prop" : "system.datetime",
      "direct" : null,
      "type" : null,
      "value" : "20240325170026"
    }
  },
  "taskAppId" : "209_478",
  "taskTimeout" : 2147483647,
  "workerGroup" : "default",
  "delayTime" : 0,
  "currentExecutionStatus" : "SUBMITTED_SUCCESS",
  "endTime" : 0,
  "dryRun" : 0,
  "paramsMap" : {
    "system.datetime" : {
      "prop" : "system.datetime",
      "direct" : null,
      "type" : null,
      "value" : "20240325170026"
    }
  },
  "cpuQuota" : -1,
  "memoryMax" : -1,
  "testFlag" : 0,
  "logBufferEnable" : false,
  "dispatchFailTimes" : 0
}
[INFO] 2024-03-25 17:00:33.728 +0800 - ***********************************************************************************************
[INFO] 2024-03-25 17:00:33.729 +0800 - *********************************  Load task instance plugin  *********************************
[INFO] 2024-03-25 17:00:33.733 +0800 - ***********************************************************************************************
[INFO] 2024-03-25 17:00:33.746 +0800 - Send task status RUNNING_EXECUTION master: 172.19.0.6:1234
[INFO] 2024-03-25 17:00:33.753 +0800 - TenantCode: default check successfully
[INFO] 2024-03-25 17:00:33.772 +0800 - WorkflowInstanceExecDir: /tmp/dolphinscheduler/exec/process/default/13010050770016/13045665829504_1/209/478 check successfully
[INFO] 2024-03-25 17:00:33.772 +0800 - Create TaskChannel: org.apache.dolphinscheduler.plugin.task.python.PythonTaskChannel successfully
[INFO] 2024-03-25 17:00:33.774 +0800 - Download resources successfully: 
ResourceContext(resourceItemMap={})
[INFO] 2024-03-25 17:00:33.778 +0800 - Download upstream files: [] successfully
[INFO] 2024-03-25 17:00:33.781 +0800 - Task plugin instance: PYTHON create successfully
[INFO] 2024-03-25 17:00:33.782 +0800 - Initialize python task params {
  "localParams" : [ ],
  "varPool" : null,
  "rawScript" : "print('Hello')",
  "resourceList" : [ ]
}
[INFO] 2024-03-25 17:00:33.782 +0800 - Success initialized task plugin instance successfully
[INFO] 2024-03-25 17:00:33.783 +0800 - Set taskVarPool: null successfully
[INFO] 2024-03-25 17:00:33.783 +0800 - ***********************************************************************************************
[INFO] 2024-03-25 17:00:33.783 +0800 - *********************************  Execute task instance  *************************************
[INFO] 2024-03-25 17:00:33.784 +0800 - ***********************************************************************************************
[INFO] 2024-03-25 17:00:33.784 +0800 - raw python script : print('Hello')
[INFO] 2024-03-25 17:00:33.785 +0800 - tenantCode :default, task dir:/tmp/dolphinscheduler/exec/process/default/13010050770016/13045665829504_1/209/478
[INFO] 2024-03-25 17:00:33.787 +0800 - generate python script file:/tmp/dolphinscheduler/exec/process/default/13010050770016/13045665829504_1/209/478/py_209_478.py
[INFO] 2024-03-25 17:00:33.787 +0800 - #-*- encoding=utf8 -*-

print('Hello')
[INFO] 2024-03-25 17:00:33.793 +0800 - Final Shell file is: 
[INFO] 2024-03-25 17:00:33.793 +0800 - ****************************** Script Content *****************************************************************
[INFO] 2024-03-25 17:00:33.794 +0800 - #!/bin/bash
BASEDIR=$(cd `dirname $0`; pwd)
cd $BASEDIR
${PYTHON_LAUNCHER} /tmp/dolphinscheduler/exec/process/default/13010050770016/13045665829504_1/209/478/py_209_478.py
[INFO] 2024-03-25 17:00:33.798 +0800 - ****************************** Script Content *****************************************************************
[INFO] 2024-03-25 17:00:33.805 +0800 - Executing shell command : sudo -u default -i /tmp/dolphinscheduler/exec/process/default/13010050770016/13045665829504_1/209/478/209_478.sh
[INFO] 2024-03-25 17:00:33.839 +0800 - process start, process id is: 1065
[INFO] 2024-03-25 17:00:33.839 +0800 -  -> 
	sudo: unable to change directory to /home/default: No such file or directory
[INFO] 2024-03-25 17:00:34.851 +0800 -  -> 
	/tmp/dolphinscheduler/exec/process/default/13010050770016/13045665829504_1/209/478/209_478.sh: line 4: /tmp/dolphinscheduler/exec/process/default/13010050770016/13045665829504_1/209/478/py_209_478.py: Permission denied
[INFO] 2024-03-25 17:00:34.854 +0800 - process has exited. execute path:/tmp/dolphinscheduler/exec/process/default/13010050770016/13045665829504_1/209/478, processId:1065 ,exitStatusCode:126 ,processWaitForStatus:true ,processExitValue:126
[INFO] 2024-03-25 17:00:34.854 +0800 - ***********************************************************************************************
[INFO] 2024-03-25 17:00:34.854 +0800 - *********************************  Finalize task instance  ************************************
[INFO] 2024-03-25 17:00:34.854 +0800 - ***********************************************************************************************
[INFO] 2024-03-25 17:00:34.856 +0800 - Upload output files: [] successfully
[INFO] 2024-03-25 17:00:34.863 +0800 - Send task execute status: FAILURE to master : 172.19.0.6:1234
[INFO] 2024-03-25 17:00:34.864 +0800 - Remove the current task execute context from worker cache
[INFO] 2024-03-25 17:00:34.866 +0800 - The current execute mode isn't develop mode, will clear the task execute file: /tmp/dolphinscheduler/exec/process/default/13010050770016/13045665829504_1/209/478
[INFO] 2024-03-25 17:00:34.867 +0800 - Success clear the task execute file: /tmp/dolphinscheduler/exec/process/default/13010050770016/13045665829504_1/209/478
[INFO] 2024-03-25 17:00:34.868 +0800 - FINALIZE_SESSION
