[INFO] 2024-03-25 17:00:01.423 +0800 - ***********************************************************************************************
[INFO] 2024-03-25 17:00:01.426 +0800 - *********************************  Initialize task context  ***********************************
[INFO] 2024-03-25 17:00:01.427 +0800 - ***********************************************************************************************
[INFO] 2024-03-25 17:00:01.427 +0800 - Begin to initialize task
[INFO] 2024-03-25 17:00:01.428 +0800 - Set task startTime: 1711357201428
[INFO] 2024-03-25 17:00:01.433 +0800 - Set task appId: 206_474
[INFO] 2024-03-25 17:00:01.434 +0800 - End initialize task {
  "taskInstanceId" : 474,
  "taskName" : "hell",
  "firstSubmitTime" : 1711357201407,
  "startTime" : 1711357201428,
  "taskType" : "PYTHON",
  "workflowInstanceHost" : "172.19.0.8:5678",
  "host" : "172.19.0.6:1234",
  "logPath" : "/opt/dolphinscheduler/logs/20240325/13045665829504/1/206/474.log",
  "processId" : 0,
  "processDefineCode" : 13045665829504,
  "processDefineVersion" : 1,
  "processInstanceId" : 206,
  "scheduleTime" : 1711357201000,
  "executorId" : 1,
  "cmdTypeIfComplement" : 6,
  "tenantCode" : "default",
  "processDefineId" : 0,
  "projectId" : 0,
  "projectCode" : 13010050770016,
  "taskParams" : "{\"localParams\":[],\"rawScript\":\"print('Hello')\",\"resourceList\":[]}",
  "prepareParamsMap" : {
    "system.task.definition.name" : {
      "prop" : "system.task.definition.name",
      "direct" : "IN",
      "type" : "VARCHAR",
      "value" : "hell"
    },
    "system.project.name" : {
      "prop" : "system.project.name",
      "direct" : "IN",
      "type" : "VARCHAR",
      "value" : null
    },
    "system.project.code" : {
      "prop" : "system.project.code",
      "direct" : "IN",
      "type" : "VARCHAR",
      "value" : "13010050770016"
    },
    "system.workflow.instance.id" : {
      "prop" : "system.workflow.instance.id",
      "direct" : "IN",
      "type" : "VARCHAR",
      "value" : "206"
    },
    "system.biz.curdate" : {
      "prop" : "system.biz.curdate",
      "direct" : "IN",
      "type" : "VARCHAR",
      "value" : "20240325"
    },
    "system.biz.date" : {
      "prop" : "system.biz.date",
      "direct" : "IN",
      "type" : "VARCHAR",
      "value" : "20240324"
    },
    "system.task.instance.id" : {
      "prop" : "system.task.instance.id",
      "direct" : "IN",
      "type" : "VARCHAR",
      "value" : "474"
    },
    "system.workflow.definition.name" : {
      "prop" : "system.workflow.definition.name",
      "direct" : "IN",
      "type" : "VARCHAR",
      "value" : "hello"
    },
    "system.task.definition.code" : {
      "prop" : "system.task.definition.code",
      "direct" : "IN",
      "type" : "VARCHAR",
      "value" : "13045662268160"
    },
    "system.workflow.definition.code" : {
      "prop" : "system.workflow.definition.code",
      "direct" : "IN",
      "type" : "VARCHAR",
      "value" : "13045665829504"
    },
    "system.datetime" : {
      "prop" : "system.datetime",
      "direct" : null,
      "type" : null,
      "value" : "20240325170001"
    }
  },
  "taskAppId" : "206_474",
  "taskTimeout" : 2147483647,
  "workerGroup" : "default",
  "delayTime" : 0,
  "currentExecutionStatus" : "SUBMITTED_SUCCESS",
  "endTime" : 0,
  "dryRun" : 0,
  "paramsMap" : {
    "system.datetime" : {
      "prop" : "system.datetime",
      "direct" : null,
      "type" : null,
      "value" : "20240325170001"
    }
  },
  "cpuQuota" : -1,
  "memoryMax" : -1,
  "testFlag" : 0,
  "logBufferEnable" : false,
  "dispatchFailTimes" : 0
}
[INFO] 2024-03-25 17:00:01.440 +0800 - ***********************************************************************************************
[INFO] 2024-03-25 17:00:01.440 +0800 - *********************************  Load task instance plugin  *********************************
[INFO] 2024-03-25 17:00:01.440 +0800 - ***********************************************************************************************
[INFO] 2024-03-25 17:00:01.446 +0800 - Send task status RUNNING_EXECUTION master: 172.19.0.6:1234
[INFO] 2024-03-25 17:00:01.448 +0800 - TenantCode: default check successfully
[INFO] 2024-03-25 17:00:01.450 +0800 - WorkflowInstanceExecDir: /tmp/dolphinscheduler/exec/process/default/13010050770016/13045665829504_1/206/474 check successfully
[INFO] 2024-03-25 17:00:01.451 +0800 - Create TaskChannel: org.apache.dolphinscheduler.plugin.task.python.PythonTaskChannel successfully
[INFO] 2024-03-25 17:00:01.452 +0800 - Download resources successfully: 
ResourceContext(resourceItemMap={})
[INFO] 2024-03-25 17:00:01.458 +0800 - Download upstream files: [] successfully
[INFO] 2024-03-25 17:00:01.459 +0800 - Task plugin instance: PYTHON create successfully
[INFO] 2024-03-25 17:00:01.460 +0800 - Initialize python task params {
  "localParams" : [ ],
  "varPool" : null,
  "rawScript" : "print('Hello')",
  "resourceList" : [ ]
}
[INFO] 2024-03-25 17:00:01.461 +0800 - Success initialized task plugin instance successfully
[INFO] 2024-03-25 17:00:01.462 +0800 - Set taskVarPool: null successfully
[INFO] 2024-03-25 17:00:01.463 +0800 - ***********************************************************************************************
[INFO] 2024-03-25 17:00:01.464 +0800 - *********************************  Execute task instance  *************************************
[INFO] 2024-03-25 17:00:01.464 +0800 - ***********************************************************************************************
[INFO] 2024-03-25 17:00:01.465 +0800 - raw python script : print('Hello')
[INFO] 2024-03-25 17:00:01.466 +0800 - tenantCode :default, task dir:/tmp/dolphinscheduler/exec/process/default/13010050770016/13045665829504_1/206/474
[INFO] 2024-03-25 17:00:01.467 +0800 - generate python script file:/tmp/dolphinscheduler/exec/process/default/13010050770016/13045665829504_1/206/474/py_206_474.py
[INFO] 2024-03-25 17:00:01.467 +0800 - #-*- encoding=utf8 -*-

print('Hello')
[INFO] 2024-03-25 17:00:01.468 +0800 - Final Shell file is: 
[INFO] 2024-03-25 17:00:01.470 +0800 - ****************************** Script Content *****************************************************************
[INFO] 2024-03-25 17:00:01.470 +0800 - #!/bin/bash
BASEDIR=$(cd `dirname $0`; pwd)
cd $BASEDIR
${PYTHON_LAUNCHER} /tmp/dolphinscheduler/exec/process/default/13010050770016/13045665829504_1/206/474/py_206_474.py
[INFO] 2024-03-25 17:00:01.471 +0800 - ****************************** Script Content *****************************************************************
[INFO] 2024-03-25 17:00:01.472 +0800 - Executing shell command : sudo -u default -i /tmp/dolphinscheduler/exec/process/default/13010050770016/13045665829504_1/206/474/206_474.sh
[INFO] 2024-03-25 17:00:01.482 +0800 - process start, process id is: 1018
[INFO] 2024-03-25 17:00:02.483 +0800 -  -> 
	sudo: unable to change directory to /home/default: No such file or directory
	/tmp/dolphinscheduler/exec/process/default/13010050770016/13045665829504_1/206/474/206_474.sh: line 4: /tmp/dolphinscheduler/exec/process/default/13010050770016/13045665829504_1/206/474/py_206_474.py: Permission denied
[INFO] 2024-03-25 17:00:02.490 +0800 - process has exited. execute path:/tmp/dolphinscheduler/exec/process/default/13010050770016/13045665829504_1/206/474, processId:1018 ,exitStatusCode:126 ,processWaitForStatus:true ,processExitValue:126
[INFO] 2024-03-25 17:00:02.491 +0800 - ***********************************************************************************************
[INFO] 2024-03-25 17:00:02.493 +0800 - *********************************  Finalize task instance  ************************************
[INFO] 2024-03-25 17:00:02.494 +0800 - ***********************************************************************************************
[INFO] 2024-03-25 17:00:02.498 +0800 - Upload output files: [] successfully
[INFO] 2024-03-25 17:00:02.521 +0800 - Send task execute status: FAILURE to master : 172.19.0.6:1234
[INFO] 2024-03-25 17:00:02.523 +0800 - Remove the current task execute context from worker cache
[INFO] 2024-03-25 17:00:02.524 +0800 - The current execute mode isn't develop mode, will clear the task execute file: /tmp/dolphinscheduler/exec/process/default/13010050770016/13045665829504_1/206/474
[INFO] 2024-03-25 17:00:02.529 +0800 - Success clear the task execute file: /tmp/dolphinscheduler/exec/process/default/13010050770016/13045665829504_1/206/474
[INFO] 2024-03-25 17:00:02.529 +0800 - FINALIZE_SESSION
