[INFO] 2024-03-21 16:21:45.592 +0800 - ***********************************************************************************************
[INFO] 2024-03-21 16:21:45.595 +0800 - *********************************  Initialize task context  ***********************************
[INFO] 2024-03-21 16:21:45.596 +0800 - ***********************************************************************************************
[INFO] 2024-03-21 16:21:45.596 +0800 - Begin to initialize task
[INFO] 2024-03-21 16:21:45.596 +0800 - Set task startTime: 1711009305596
[INFO] 2024-03-21 16:21:45.596 +0800 - Set task appId: 7_32
[INFO] 2024-03-21 16:21:45.596 +0800 - End initialize task {
  "taskInstanceId" : 32,
  "taskName" : "num_gen_1",
  "firstSubmitTime" : 1711009305546,
  "startTime" : 1711009305596,
  "taskType" : "SHELL",
  "workflowInstanceHost" : "172.19.0.5:5678",
  "host" : "172.19.0.7:1234",
  "logPath" : "/opt/dolphinscheduler/logs/20240321/13001314456096/9/7/32.log",
  "processId" : 0,
  "processDefineCode" : 13001314456096,
  "processDefineVersion" : 9,
  "processInstanceId" : 7,
  "scheduleTime" : 0,
  "executorId" : 1,
  "cmdTypeIfComplement" : 7,
  "tenantCode" : "default",
  "processDefineId" : 0,
  "projectId" : 0,
  "projectCode" : 13001194483488,
  "taskParams" : "{\"localParams\":[{\"prop\":\"num1\",\"direct\":\"OUT\",\"type\":\"INTEGER\",\"value\":\"\"}],\"rawScript\":\"#!/bin/bash\\n\\n# Generate a random number between 0 and 1\\nrandom_number=$((RANDOM % 2))\\n\\necho \\\"Random number: ${random_number}\\\"\\necho \\\"#{setValue(num1=${random_number})}\\\"\",\"resourceList\":[]}",
  "prepareParamsMap" : {
    "system.task.definition.name" : {
      "prop" : "system.task.definition.name",
      "direct" : "IN",
      "type" : "VARCHAR",
      "value" : "num_gen_1"
    },
    "system.project.name" : {
      "prop" : "system.project.name",
      "direct" : "IN",
      "type" : "VARCHAR",
      "value" : null
    },
    "system.biz.curdate" : {
      "prop" : "system.biz.curdate",
      "direct" : "IN",
      "type" : "VARCHAR",
      "value" : "20240321"
    },
    "system.task.instance.id" : {
      "prop" : "system.task.instance.id",
      "direct" : "IN",
      "type" : "VARCHAR",
      "value" : "32"
    },
    "system.task.definition.code" : {
      "prop" : "system.task.definition.code",
      "direct" : "IN",
      "type" : "VARCHAR",
      "value" : "13001196367136"
    },
    "system.datetime" : {
      "prop" : "system.datetime",
      "direct" : "IN",
      "type" : "VARCHAR",
      "value" : "20240321162145"
    },
    "system.project.code" : {
      "prop" : "system.project.code",
      "direct" : "IN",
      "type" : "VARCHAR",
      "value" : "13001194483488"
    },
    "system.workflow.instance.id" : {
      "prop" : "system.workflow.instance.id",
      "direct" : "IN",
      "type" : "VARCHAR",
      "value" : "7"
    },
    "num1" : {
      "prop" : "num1",
      "direct" : "OUT",
      "type" : "INTEGER",
      "value" : "1"
    },
    "system.biz.date" : {
      "prop" : "system.biz.date",
      "direct" : "IN",
      "type" : "VARCHAR",
      "value" : "20240320"
    },
    "system.workflow.definition.name" : {
      "prop" : "system.workflow.definition.name",
      "direct" : "IN",
      "type" : "VARCHAR",
      "value" : "random_numbers_generator"
    },
    "system.workflow.definition.code" : {
      "prop" : "system.workflow.definition.code",
      "direct" : "IN",
      "type" : "VARCHAR",
      "value" : "13001314456096"
    },
    "num2" : {
      "prop" : "num2",
      "direct" : "OUT",
      "type" : "INTEGER",
      "value" : "1"
    }
  },
  "taskAppId" : "7_32",
  "taskTimeout" : 2147483647,
  "workerGroup" : "default",
  "delayTime" : 0,
  "currentExecutionStatus" : "SUBMITTED_SUCCESS",
  "endTime" : 0,
  "varPool" : "[{\"prop\":\"num1\",\"direct\":\"OUT\",\"type\":\"INTEGER\",\"value\":\"1\"},{\"prop\":\"num2\",\"direct\":\"OUT\",\"type\":\"INTEGER\",\"value\":\"1\"}]",
  "dryRun" : 0,
  "paramsMap" : { },
  "cpuQuota" : -1,
  "memoryMax" : -1,
  "testFlag" : 0,
  "logBufferEnable" : false,
  "dispatchFailTimes" : 0
}
[INFO] 2024-03-21 16:21:45.597 +0800 - ***********************************************************************************************
[INFO] 2024-03-21 16:21:45.597 +0800 - *********************************  Load task instance plugin  *********************************
[INFO] 2024-03-21 16:21:45.597 +0800 - ***********************************************************************************************
[INFO] 2024-03-21 16:21:45.610 +0800 - Send task status RUNNING_EXECUTION master: 172.19.0.7:1234
[INFO] 2024-03-21 16:21:45.612 +0800 - TenantCode: default check successfully
[INFO] 2024-03-21 16:21:45.614 +0800 - WorkflowInstanceExecDir: /tmp/dolphinscheduler/exec/process/default/13001194483488/13001314456096_9/7/32 check successfully
[INFO] 2024-03-21 16:21:45.615 +0800 - Create TaskChannel: org.apache.dolphinscheduler.plugin.task.shell.ShellTaskChannel successfully
[INFO] 2024-03-21 16:21:45.615 +0800 - Download resources successfully: 
ResourceContext(resourceItemMap={})
[INFO] 2024-03-21 16:21:45.617 +0800 - Download upstream files: [] successfully
[INFO] 2024-03-21 16:21:45.618 +0800 - Task plugin instance: SHELL create successfully
[INFO] 2024-03-21 16:21:45.619 +0800 - Initialize shell task params {
  "localParams" : [ {
    "prop" : "num1",
    "direct" : "OUT",
    "type" : "INTEGER",
    "value" : ""
  } ],
  "varPool" : null,
  "rawScript" : "#!/bin/bash\n\n# Generate a random number between 0 and 1\nrandom_number=$((RANDOM % 2))\n\necho \"Random number: ${random_number}\"\necho \"#{setValue(num1=${random_number})}\"",
  "resourceList" : [ ]
}
[INFO] 2024-03-21 16:21:45.619 +0800 - Success initialized task plugin instance successfully
[INFO] 2024-03-21 16:21:45.621 +0800 - Set taskVarPool: [{"prop":"num1","direct":"OUT","type":"INTEGER","value":"1"},{"prop":"num2","direct":"OUT","type":"INTEGER","value":"1"}] successfully
[INFO] 2024-03-21 16:21:45.621 +0800 - ***********************************************************************************************
[INFO] 2024-03-21 16:21:45.622 +0800 - *********************************  Execute task instance  *************************************
[INFO] 2024-03-21 16:21:45.622 +0800 - ***********************************************************************************************
[INFO] 2024-03-21 16:21:45.623 +0800 - Final Shell file is: 
[INFO] 2024-03-21 16:21:45.623 +0800 - ****************************** Script Content *****************************************************************
[INFO] 2024-03-21 16:21:45.624 +0800 - #!/bin/bash
BASEDIR=$(cd `dirname $0`; pwd)
cd $BASEDIR
#!/bin/bash

# Generate a random number between 0 and 1
random_number=$((RANDOM % 2))

echo "Random number: ${random_number}"
echo "#{setValue(num1=${random_number})}"
[INFO] 2024-03-21 16:21:45.625 +0800 - ****************************** Script Content *****************************************************************
[INFO] 2024-03-21 16:21:45.625 +0800 - Executing shell command : sudo -u default -i /tmp/dolphinscheduler/exec/process/default/13001194483488/13001314456096_9/7/32/7_32.sh
[INFO] 2024-03-21 16:21:45.635 +0800 - process start, process id is: 1275
[INFO] 2024-03-21 16:21:46.639 +0800 -  -> 
	sudo: unable to change directory to /home/default: No such file or directory
	Random number: 1
	#{setValue(num1=1)}
[INFO] 2024-03-21 16:21:46.655 +0800 - process has exited. execute path:/tmp/dolphinscheduler/exec/process/default/13001194483488/13001314456096_9/7/32, processId:1275 ,exitStatusCode:0 ,processWaitForStatus:true ,processExitValue:0
[INFO] 2024-03-21 16:21:46.656 +0800 - ***********************************************************************************************
[INFO] 2024-03-21 16:21:46.656 +0800 - *********************************  Finalize task instance  ************************************
[INFO] 2024-03-21 16:21:46.656 +0800 - ***********************************************************************************************
[INFO] 2024-03-21 16:21:46.657 +0800 - Upload output files: [] successfully
[INFO] 2024-03-21 16:21:46.676 +0800 - Send task execute status: SUCCESS to master : 172.19.0.7:1234
[INFO] 2024-03-21 16:21:46.678 +0800 - Remove the current task execute context from worker cache
[INFO] 2024-03-21 16:21:46.678 +0800 - The current execute mode isn't develop mode, will clear the task execute file: /tmp/dolphinscheduler/exec/process/default/13001194483488/13001314456096_9/7/32
[INFO] 2024-03-21 16:21:46.680 +0800 - Success clear the task execute file: /tmp/dolphinscheduler/exec/process/default/13001194483488/13001314456096_9/7/32
[INFO] 2024-03-21 16:21:46.681 +0800 - FINALIZE_SESSION
[INFO] 2024-03-21 16:25:30.955 +0800 - ***********************************************************************************************
[INFO] 2024-03-21 16:25:30.957 +0800 - *********************************  Initialize task context  ***********************************
[INFO] 2024-03-21 16:25:30.957 +0800 - ***********************************************************************************************
[INFO] 2024-03-21 16:25:30.957 +0800 - Begin to initialize task
[INFO] 2024-03-21 16:25:30.957 +0800 - Set task startTime: 1711009530957
[INFO] 2024-03-21 16:25:30.957 +0800 - Set task appId: 7_32
[INFO] 2024-03-21 16:25:30.957 +0800 - End initialize task {
  "taskInstanceId" : 32,
  "taskName" : "num_gen_1",
  "firstSubmitTime" : 1711009305546,
  "startTime" : 1711009530957,
  "taskType" : "SHELL",
  "workflowInstanceHost" : "172.19.0.5:5678",
  "host" : "172.19.0.7:1234",
  "logPath" : "/opt/dolphinscheduler/logs/20240321/13001314456096/9/7/32.log",
  "processId" : 0,
  "processDefineCode" : 13001314456096,
  "processDefineVersion" : 9,
  "processInstanceId" : 7,
  "scheduleTime" : 0,
  "executorId" : 1,
  "cmdTypeIfComplement" : 12,
  "tenantCode" : "default",
  "processDefineId" : 0,
  "projectId" : 0,
  "projectCode" : 13001194483488,
  "taskParams" : "{\"localParams\":[{\"prop\":\"num1\",\"direct\":\"OUT\",\"type\":\"INTEGER\",\"value\":\"\"}],\"rawScript\":\"#!/bin/bash\\n\\n# Generate a random number between 0 and 1\\nrandom_number=$((RANDOM % 2))\\n\\necho \\\"Random number: ${random_number}\\\"\\necho \\\"#{setValue(num1=${random_number})}\\\"\",\"resourceList\":[]}",
  "prepareParamsMap" : {
    "system.task.definition.name" : {
      "prop" : "system.task.definition.name",
      "direct" : "IN",
      "type" : "VARCHAR",
      "value" : "num_gen_1"
    },
    "system.project.name" : {
      "prop" : "system.project.name",
      "direct" : "IN",
      "type" : "VARCHAR",
      "value" : null
    },
    "system.biz.curdate" : {
      "prop" : "system.biz.curdate",
      "direct" : "IN",
      "type" : "VARCHAR",
      "value" : "20240321"
    },
    "system.task.instance.id" : {
      "prop" : "system.task.instance.id",
      "direct" : "IN",
      "type" : "VARCHAR",
      "value" : "32"
    },
    "system.task.definition.code" : {
      "prop" : "system.task.definition.code",
      "direct" : "IN",
      "type" : "VARCHAR",
      "value" : "13001196367136"
    },
    "system.datetime" : {
      "prop" : "system.datetime",
      "direct" : "IN",
      "type" : "VARCHAR",
      "value" : "20240321162530"
    },
    "system.task.execute.path" : {
      "prop" : "system.task.execute.path",
      "direct" : "IN",
      "type" : "VARCHAR",
      "value" : "/tmp/dolphinscheduler/exec/process/default/13001194483488/13001314456096_9/7/32"
    },
    "system.project.code" : {
      "prop" : "system.project.code",
      "direct" : "IN",
      "type" : "VARCHAR",
      "value" : "13001194483488"
    },
    "system.workflow.instance.id" : {
      "prop" : "system.workflow.instance.id",
      "direct" : "IN",
      "type" : "VARCHAR",
      "value" : "7"
    },
    "num1" : {
      "prop" : "num1",
      "direct" : "OUT",
      "type" : "INTEGER",
      "value" : "1"
    },
    "system.biz.date" : {
      "prop" : "system.biz.date",
      "direct" : "IN",
      "type" : "VARCHAR",
      "value" : "20240320"
    },
    "system.workflow.definition.name" : {
      "prop" : "system.workflow.definition.name",
      "direct" : "IN",
      "type" : "VARCHAR",
      "value" : "random_numbers_generator"
    },
    "system.workflow.definition.code" : {
      "prop" : "system.workflow.definition.code",
      "direct" : "IN",
      "type" : "VARCHAR",
      "value" : "13001314456096"
    },
    "num2" : {
      "prop" : "num2",
      "direct" : "OUT",
      "type" : "INTEGER",
      "value" : "1"
    }
  },
  "taskAppId" : "7_32",
  "taskTimeout" : 2147483647,
  "workerGroup" : "default",
  "delayTime" : 0,
  "currentExecutionStatus" : "SUBMITTED_SUCCESS",
  "endTime" : 0,
  "varPool" : "[{\"prop\":\"num2\",\"direct\":\"OUT\",\"type\":\"INTEGER\",\"value\":\"1\"},{\"prop\":\"num1\",\"direct\":\"OUT\",\"type\":\"INTEGER\",\"value\":\"1\"}]",
  "dryRun" : 0,
  "paramsMap" : { },
  "cpuQuota" : -1,
  "memoryMax" : -1,
  "testFlag" : 0,
  "logBufferEnable" : false,
  "dispatchFailTimes" : 0
}
[INFO] 2024-03-21 16:25:30.958 +0800 - ***********************************************************************************************
[INFO] 2024-03-21 16:25:30.958 +0800 - *********************************  Load task instance plugin  *********************************
[INFO] 2024-03-21 16:25:30.958 +0800 - ***********************************************************************************************
[INFO] 2024-03-21 16:25:30.966 +0800 - Send task status RUNNING_EXECUTION master: 172.19.0.7:1234
[INFO] 2024-03-21 16:25:30.967 +0800 - TenantCode: default check successfully
[INFO] 2024-03-21 16:25:30.968 +0800 - WorkflowInstanceExecDir: /tmp/dolphinscheduler/exec/process/default/13001194483488/13001314456096_9/7/32 check successfully
[INFO] 2024-03-21 16:25:30.968 +0800 - Create TaskChannel: org.apache.dolphinscheduler.plugin.task.shell.ShellTaskChannel successfully
[INFO] 2024-03-21 16:25:30.969 +0800 - Download resources successfully: 
ResourceContext(resourceItemMap={})
[INFO] 2024-03-21 16:25:30.969 +0800 - Download upstream files: [] successfully
[INFO] 2024-03-21 16:25:30.969 +0800 - Task plugin instance: SHELL create successfully
[INFO] 2024-03-21 16:25:30.970 +0800 - Initialize shell task params {
  "localParams" : [ {
    "prop" : "num1",
    "direct" : "OUT",
    "type" : "INTEGER",
    "value" : ""
  } ],
  "varPool" : null,
  "rawScript" : "#!/bin/bash\n\n# Generate a random number between 0 and 1\nrandom_number=$((RANDOM % 2))\n\necho \"Random number: ${random_number}\"\necho \"#{setValue(num1=${random_number})}\"",
  "resourceList" : [ ]
}
[INFO] 2024-03-21 16:25:30.971 +0800 - Success initialized task plugin instance successfully
[INFO] 2024-03-21 16:25:30.971 +0800 - Set taskVarPool: [{"prop":"num2","direct":"OUT","type":"INTEGER","value":"1"},{"prop":"num1","direct":"OUT","type":"INTEGER","value":"1"}] successfully
[INFO] 2024-03-21 16:25:30.971 +0800 - ***********************************************************************************************
[INFO] 2024-03-21 16:25:30.971 +0800 - *********************************  Execute task instance  *************************************
[INFO] 2024-03-21 16:25:30.972 +0800 - ***********************************************************************************************
[INFO] 2024-03-21 16:25:30.973 +0800 - Final Shell file is: 
[INFO] 2024-03-21 16:25:30.973 +0800 - ****************************** Script Content *****************************************************************
[INFO] 2024-03-21 16:25:30.973 +0800 - #!/bin/bash
BASEDIR=$(cd `dirname $0`; pwd)
cd $BASEDIR
#!/bin/bash

# Generate a random number between 0 and 1
random_number=$((RANDOM % 2))

echo "Random number: ${random_number}"
echo "#{setValue(num1=${random_number})}"
[INFO] 2024-03-21 16:25:30.973 +0800 - ****************************** Script Content *****************************************************************
[INFO] 2024-03-21 16:25:30.974 +0800 - Executing shell command : sudo -u default -i /tmp/dolphinscheduler/exec/process/default/13001194483488/13001314456096_9/7/32/7_32.sh
[INFO] 2024-03-21 16:25:30.978 +0800 - process start, process id is: 1356
[INFO] 2024-03-21 16:25:31.979 +0800 -  -> 
	sudo: unable to change directory to /home/default: No such file or directory
	Random number: 1
	#{setValue(num1=1)}
[INFO] 2024-03-21 16:25:31.981 +0800 - process has exited. execute path:/tmp/dolphinscheduler/exec/process/default/13001194483488/13001314456096_9/7/32, processId:1356 ,exitStatusCode:0 ,processWaitForStatus:true ,processExitValue:0
[INFO] 2024-03-21 16:25:31.983 +0800 - ***********************************************************************************************
[INFO] 2024-03-21 16:25:31.983 +0800 - *********************************  Finalize task instance  ************************************
[INFO] 2024-03-21 16:25:31.984 +0800 - ***********************************************************************************************
[INFO] 2024-03-21 16:25:31.984 +0800 - Upload output files: [] successfully
[INFO] 2024-03-21 16:25:31.990 +0800 - Send task execute status: SUCCESS to master : 172.19.0.7:1234
[INFO] 2024-03-21 16:25:31.991 +0800 - Remove the current task execute context from worker cache
[INFO] 2024-03-21 16:25:31.991 +0800 - The current execute mode isn't develop mode, will clear the task execute file: /tmp/dolphinscheduler/exec/process/default/13001194483488/13001314456096_9/7/32
[INFO] 2024-03-21 16:25:31.992 +0800 - Success clear the task execute file: /tmp/dolphinscheduler/exec/process/default/13001194483488/13001314456096_9/7/32
[INFO] 2024-03-21 16:25:31.993 +0800 - FINALIZE_SESSION
