[INFO] 2024-03-21 15:41:47.111 +0800 - ***********************************************************************************************
[INFO] 2024-03-21 15:41:47.121 +0800 - *********************************  Initialize task context  ***********************************
[INFO] 2024-03-21 15:41:47.121 +0800 - ***********************************************************************************************
[INFO] 2024-03-21 15:41:47.121 +0800 - Begin to initialize task
[INFO] 2024-03-21 15:41:47.121 +0800 - Set task startTime: 1711006907121
[INFO] 2024-03-21 15:41:47.121 +0800 - Set task appId: 5_20
[INFO] 2024-03-21 15:41:47.122 +0800 - End initialize task {
  "taskInstanceId" : 20,
  "taskName" : "show final state",
  "firstSubmitTime" : 1711006907088,
  "startTime" : 1711006907121,
  "taskType" : "SHELL",
  "workflowInstanceHost" : "172.19.0.5:5678",
  "host" : "172.19.0.7:1234",
  "logPath" : "/opt/dolphinscheduler/logs/20240321/13001314456096/7/5/20.log",
  "processId" : 0,
  "processDefineCode" : 13001314456096,
  "processDefineVersion" : 7,
  "processInstanceId" : 5,
  "scheduleTime" : 0,
  "globalParams" : "[{\"prop\":\"num1\",\"direct\":\"IN\",\"type\":\"VARCHAR\",\"value\":\"2\"},{\"prop\":\"num2\",\"direct\":\"IN\",\"type\":\"VARCHAR\",\"value\":\"2\"}]",
  "executorId" : 1,
  "cmdTypeIfComplement" : 0,
  "tenantCode" : "default",
  "processDefineId" : 0,
  "projectId" : 0,
  "projectCode" : 13001194483488,
  "taskParams" : "{\"localParams\":[],\"rawScript\":\"echo \\\"${num1}\\\"\\necho \\\"${num2}\\\"\",\"resourceList\":[]}",
  "prepareParamsMap" : {
    "system.task.definition.name" : {
      "prop" : "system.task.definition.name",
      "direct" : "IN",
      "type" : "VARCHAR",
      "value" : "show final state"
    },
    "system.project.name" : {
      "prop" : "system.project.name",
      "direct" : "IN",
      "type" : "VARCHAR",
      "value" : null
    },
    "system.biz.curdate" : {
      "prop" : "system.biz.curdate",
      "direct" : "IN",
      "type" : "VARCHAR",
      "value" : "20240321"
    },
    "system.task.instance.id" : {
      "prop" : "system.task.instance.id",
      "direct" : "IN",
      "type" : "VARCHAR",
      "value" : "20"
    },
    "system.task.definition.code" : {
      "prop" : "system.task.definition.code",
      "direct" : "IN",
      "type" : "VARCHAR",
      "value" : "13001393547168"
    },
    "system.datetime" : {
      "prop" : "system.datetime",
      "direct" : "IN",
      "type" : "VARCHAR",
      "value" : "20240321154147"
    },
    "system.project.code" : {
      "prop" : "system.project.code",
      "direct" : "IN",
      "type" : "VARCHAR",
      "value" : "13001194483488"
    },
    "system.workflow.instance.id" : {
      "prop" : "system.workflow.instance.id",
      "direct" : "IN",
      "type" : "VARCHAR",
      "value" : "5"
    },
    "num1" : {
      "prop" : "num1",
      "direct" : "IN",
      "type" : "VARCHAR",
      "value" : "2"
    },
    "system.biz.date" : {
      "prop" : "system.biz.date",
      "direct" : "IN",
      "type" : "VARCHAR",
      "value" : "20240320"
    },
    "system.workflow.definition.name" : {
      "prop" : "system.workflow.definition.name",
      "direct" : "IN",
      "type" : "VARCHAR",
      "value" : "random_numbers_generator"
    },
    "system.workflow.definition.code" : {
      "prop" : "system.workflow.definition.code",
      "direct" : "IN",
      "type" : "VARCHAR",
      "value" : "13001314456096"
    },
    "num2" : {
      "prop" : "num2",
      "direct" : "IN",
      "type" : "VARCHAR",
      "value" : "2"
    }
  },
  "taskAppId" : "5_20",
  "taskTimeout" : 2147483647,
  "workerGroup" : "default",
  "delayTime" : 0,
  "currentExecutionStatus" : "SUBMITTED_SUCCESS",
  "endTime" : 0,
  "dryRun" : 0,
  "paramsMap" : { },
  "cpuQuota" : -1,
  "memoryMax" : -1,
  "testFlag" : 0,
  "logBufferEnable" : false,
  "dispatchFailTimes" : 0
}
[INFO] 2024-03-21 15:41:47.123 +0800 - ***********************************************************************************************
[INFO] 2024-03-21 15:41:47.123 +0800 - *********************************  Load task instance plugin  *********************************
[INFO] 2024-03-21 15:41:47.123 +0800 - ***********************************************************************************************
[INFO] 2024-03-21 15:41:47.140 +0800 - Send task status RUNNING_EXECUTION master: 172.19.0.7:1234
[INFO] 2024-03-21 15:41:47.140 +0800 - TenantCode: default check successfully
[INFO] 2024-03-21 15:41:47.141 +0800 - WorkflowInstanceExecDir: /tmp/dolphinscheduler/exec/process/default/13001194483488/13001314456096_7/5/20 check successfully
[INFO] 2024-03-21 15:41:47.141 +0800 - Create TaskChannel: org.apache.dolphinscheduler.plugin.task.shell.ShellTaskChannel successfully
[INFO] 2024-03-21 15:41:47.141 +0800 - Download resources successfully: 
ResourceContext(resourceItemMap={})
[INFO] 2024-03-21 15:41:47.141 +0800 - Download upstream files: [] successfully
[INFO] 2024-03-21 15:41:47.142 +0800 - Task plugin instance: SHELL create successfully
[INFO] 2024-03-21 15:41:47.142 +0800 - Initialize shell task params {
  "localParams" : [ ],
  "varPool" : null,
  "rawScript" : "echo \"${num1}\"\necho \"${num2}\"",
  "resourceList" : [ ]
}
[INFO] 2024-03-21 15:41:47.142 +0800 - Success initialized task plugin instance successfully
[INFO] 2024-03-21 15:41:47.142 +0800 - Set taskVarPool: null successfully
[INFO] 2024-03-21 15:41:47.142 +0800 - ***********************************************************************************************
[INFO] 2024-03-21 15:41:47.143 +0800 - *********************************  Execute task instance  *************************************
[INFO] 2024-03-21 15:41:47.143 +0800 - ***********************************************************************************************
[INFO] 2024-03-21 15:41:47.143 +0800 - Final Shell file is: 
[INFO] 2024-03-21 15:41:47.144 +0800 - ****************************** Script Content *****************************************************************
[INFO] 2024-03-21 15:41:47.144 +0800 - #!/bin/bash
BASEDIR=$(cd `dirname $0`; pwd)
cd $BASEDIR
echo "2"
echo "2"
[INFO] 2024-03-21 15:41:47.144 +0800 - ****************************** Script Content *****************************************************************
[INFO] 2024-03-21 15:41:47.144 +0800 - Executing shell command : sudo -u default -i /tmp/dolphinscheduler/exec/process/default/13001194483488/13001314456096_7/5/20/5_20.sh
[INFO] 2024-03-21 15:41:47.149 +0800 - process start, process id is: 704
[INFO] 2024-03-21 15:41:48.160 +0800 -  -> 
	sudo: unable to change directory to /home/default: No such file or directory
	2
	2
[INFO] 2024-03-21 15:41:48.163 +0800 - process has exited. execute path:/tmp/dolphinscheduler/exec/process/default/13001194483488/13001314456096_7/5/20, processId:704 ,exitStatusCode:0 ,processWaitForStatus:true ,processExitValue:0
[INFO] 2024-03-21 15:41:48.164 +0800 - ***********************************************************************************************
[INFO] 2024-03-21 15:41:48.165 +0800 - *********************************  Finalize task instance  ************************************
[INFO] 2024-03-21 15:41:48.165 +0800 - ***********************************************************************************************
[INFO] 2024-03-21 15:41:48.166 +0800 - Upload output files: [] successfully
[INFO] 2024-03-21 15:41:48.171 +0800 - Send task execute status: SUCCESS to master : 172.19.0.7:1234
[INFO] 2024-03-21 15:41:48.171 +0800 - Remove the current task execute context from worker cache
[INFO] 2024-03-21 15:41:48.171 +0800 - The current execute mode isn't develop mode, will clear the task execute file: /tmp/dolphinscheduler/exec/process/default/13001194483488/13001314456096_7/5/20
[INFO] 2024-03-21 15:41:48.172 +0800 - Success clear the task execute file: /tmp/dolphinscheduler/exec/process/default/13001194483488/13001314456096_7/5/20
[INFO] 2024-03-21 15:41:48.174 +0800 - FINALIZE_SESSION
