[INFO] 2024-04-23 10:33:16.481 +0800 - ***********************************************************************************************
[INFO] 2024-04-23 10:33:16.486 +0800 - *********************************  Initialize task context  ***********************************
[INFO] 2024-04-23 10:33:16.486 +0800 - ***********************************************************************************************
[INFO] 2024-04-23 10:33:16.486 +0800 - Begin to initialize task
[INFO] 2024-04-23 10:33:16.488 +0800 - Set task startTime: 1713839596488
[INFO] 2024-04-23 10:33:16.488 +0800 - Set task appId: 489_1136
[INFO] 2024-04-23 10:33:16.488 +0800 - End initialize task {
  "taskInstanceId" : 1136,
  "taskName" : "search for intake JSON files",
  "firstSubmitTime" : 1713839596463,
  "startTime" : 1713839596488,
  "taskType" : "SHELL",
  "workflowInstanceHost" : "172.18.0.9:5678",
  "host" : "172.18.1.1:1234",
  "logPath" : "/opt/dolphinscheduler/logs/20240423/13201021801792/80/489/1136.log",
  "processId" : 0,
  "processDefineCode" : 13201021801792,
  "processDefineVersion" : 80,
  "processInstanceId" : 489,
  "scheduleTime" : 0,
  "globalParams" : "[{\"prop\":\"folder\",\"direct\":\"IN\",\"type\":\"VARCHAR\",\"value\":\"processing\"}]",
  "executorId" : 1,
  "cmdTypeIfComplement" : 7,
  "tenantCode" : "default",
  "processDefineId" : 0,
  "projectId" : 0,
  "projectCode" : 13010050770016,
  "taskParams" : "{\"localParams\":[{\"prop\":\"raw_file_dir\",\"direct\":\"OUT\",\"type\":\"VARCHAR\",\"value\":\"\"}],\"rawScript\":\"# find 1 raw file in the folder\\nraw_file_dir=$(find ${REDDIT_HOME}/${folder} -type f -name '*.json'| head -n 1)\\n\\n# check if raw_file_dir is empty, then set raw_file_dir to null\\nif [ -z \\\"$raw_file_dir\\\" ]; then\\n    raw_file_dir=null\\nfi\\n\\necho \\\"#{setValue(raw_file_dir=${raw_file_dir})}\\\"\",\"resourceList\":[]}",
  "environmentConfig" : "export PYTHON_LAUNCHER=/bin/python3.11",
  "prepareParamsMap" : {
    "system.task.definition.name" : {
      "prop" : "system.task.definition.name",
      "direct" : "IN",
      "type" : "VARCHAR",
      "value" : "search for intake JSON files"
    },
    "system.project.name" : {
      "prop" : "system.project.name",
      "direct" : "IN",
      "type" : "VARCHAR",
      "value" : null
    },
    "REDDIT_HOME" : {
      "prop" : "REDDIT_HOME",
      "direct" : "IN",
      "type" : "VARCHAR",
      "value" : "/local_storage/reddit"
    },
    "system.biz.curdate" : {
      "prop" : "system.biz.curdate",
      "direct" : "IN",
      "type" : "VARCHAR",
      "value" : "20240423"
    },
    "system.task.instance.id" : {
      "prop" : "system.task.instance.id",
      "direct" : "IN",
      "type" : "VARCHAR",
      "value" : "1136"
    },
    "system.task.definition.code" : {
      "prop" : "system.task.definition.code",
      "direct" : "IN",
      "type" : "VARCHAR",
      "value" : "13340113777664"
    },
    "system.datetime" : {
      "prop" : "system.datetime",
      "direct" : "IN",
      "type" : "VARCHAR",
      "value" : "20240423103316"
    },
    "folder" : {
      "prop" : "folder",
      "direct" : "IN",
      "type" : "VARCHAR",
      "value" : "processing"
    },
    "system.project.code" : {
      "prop" : "system.project.code",
      "direct" : "IN",
      "type" : "VARCHAR",
      "value" : "13010050770016"
    },
    "system.workflow.instance.id" : {
      "prop" : "system.workflow.instance.id",
      "direct" : "IN",
      "type" : "VARCHAR",
      "value" : "489"
    },
    "raw_file_dir" : {
      "prop" : "raw_file_dir",
      "direct" : "OUT",
      "type" : "VARCHAR",
      "value" : "/local_storage/reddit/processing/386-20240422.json"
    },
    "system.biz.date" : {
      "prop" : "system.biz.date",
      "direct" : "IN",
      "type" : "VARCHAR",
      "value" : "20240422"
    },
    "system.workflow.definition.name" : {
      "prop" : "system.workflow.definition.name",
      "direct" : "IN",
      "type" : "VARCHAR",
      "value" : "preprocess_post"
    },
    "system.workflow.definition.code" : {
      "prop" : "system.workflow.definition.code",
      "direct" : "IN",
      "type" : "VARCHAR",
      "value" : "13201021801792"
    }
  },
  "taskAppId" : "489_1136",
  "taskTimeout" : 2147483647,
  "workerGroup" : "default",
  "delayTime" : 0,
  "currentExecutionStatus" : "SUBMITTED_SUCCESS",
  "endTime" : 0,
  "varPool" : "[{\"prop\":\"raw_file_dir\",\"direct\":\"OUT\",\"type\":\"VARCHAR\",\"value\":\"/local_storage/reddit/processing/386-20240422.json\"}]",
  "dryRun" : 0,
  "paramsMap" : { },
  "cpuQuota" : -1,
  "memoryMax" : -1,
  "testFlag" : 0,
  "logBufferEnable" : false,
  "dispatchFailTimes" : 0
}
[INFO] 2024-04-23 10:33:16.489 +0800 - ***********************************************************************************************
[INFO] 2024-04-23 10:33:16.489 +0800 - *********************************  Load task instance plugin  *********************************
[INFO] 2024-04-23 10:33:16.489 +0800 - ***********************************************************************************************
[INFO] 2024-04-23 10:33:16.501 +0800 - Send task status RUNNING_EXECUTION master: 172.18.1.1:1234
[INFO] 2024-04-23 10:33:16.502 +0800 - TenantCode: default check successfully
[INFO] 2024-04-23 10:33:16.503 +0800 - WorkflowInstanceExecDir: /tmp/dolphinscheduler/exec/process/default/13010050770016/13201021801792_80/489/1136 check successfully
[INFO] 2024-04-23 10:33:16.503 +0800 - Create TaskChannel: org.apache.dolphinscheduler.plugin.task.shell.ShellTaskChannel successfully
[INFO] 2024-04-23 10:33:16.503 +0800 - Download resources successfully: 
ResourceContext(resourceItemMap={})
[INFO] 2024-04-23 10:33:16.506 +0800 - Download upstream files: [] successfully
[INFO] 2024-04-23 10:33:16.506 +0800 - Task plugin instance: SHELL create successfully
[INFO] 2024-04-23 10:33:16.506 +0800 - Initialize shell task params {
  "localParams" : [ {
    "prop" : "raw_file_dir",
    "direct" : "OUT",
    "type" : "VARCHAR",
    "value" : ""
  } ],
  "varPool" : null,
  "rawScript" : "# find 1 raw file in the folder\nraw_file_dir=$(find ${REDDIT_HOME}/${folder} -type f -name '*.json'| head -n 1)\n\n# check if raw_file_dir is empty, then set raw_file_dir to null\nif [ -z \"$raw_file_dir\" ]; then\n    raw_file_dir=null\nfi\n\necho \"#{setValue(raw_file_dir=${raw_file_dir})}\"",
  "resourceList" : [ ]
}
[INFO] 2024-04-23 10:33:16.507 +0800 - Success initialized task plugin instance successfully
[INFO] 2024-04-23 10:33:16.507 +0800 - Set taskVarPool: [{"prop":"raw_file_dir","direct":"OUT","type":"VARCHAR","value":"/local_storage/reddit/processing/386-20240422.json"}] successfully
[INFO] 2024-04-23 10:33:16.507 +0800 - ***********************************************************************************************
[INFO] 2024-04-23 10:33:16.507 +0800 - *********************************  Execute task instance  *************************************
[INFO] 2024-04-23 10:33:16.507 +0800 - ***********************************************************************************************
[INFO] 2024-04-23 10:33:16.507 +0800 - Final Shell file is: 
[INFO] 2024-04-23 10:33:16.507 +0800 - ****************************** Script Content *****************************************************************
[INFO] 2024-04-23 10:33:16.507 +0800 - #!/bin/bash
BASEDIR=$(cd `dirname $0`; pwd)
cd $BASEDIR
export PYTHON_LAUNCHER=/bin/python3.11
# find 1 raw file in the folder
raw_file_dir=$(find /local_storage/reddit/processing -type f -name '*.json'| head -n 1)

# check if raw_file_dir is empty, then set raw_file_dir to null
if [ -z "$raw_file_dir" ]; then
    raw_file_dir=null
fi

echo "#{setValue(raw_file_dir=/local_storage/reddit/processing/386-20240422.json)}"
[INFO] 2024-04-23 10:33:16.507 +0800 - ****************************** Script Content *****************************************************************
[INFO] 2024-04-23 10:33:16.508 +0800 - Executing shell command : sudo -u default -i /tmp/dolphinscheduler/exec/process/default/13010050770016/13201021801792_80/489/1136/489_1136.sh
[INFO] 2024-04-23 10:33:16.532 +0800 - process start, process id is: 2566
[INFO] 2024-04-23 10:33:16.536 +0800 -  -> 
	sudo: unable to change directory to /home/default: No such file or directory
[INFO] 2024-04-23 10:33:17.560 +0800 -  -> 
	#{setValue(raw_file_dir=/local_storage/reddit/processing/386-20240422.json)}
[INFO] 2024-04-23 10:33:17.561 +0800 - process has exited. execute path:/tmp/dolphinscheduler/exec/process/default/13010050770016/13201021801792_80/489/1136, processId:2566 ,exitStatusCode:0 ,processWaitForStatus:true ,processExitValue:0
[INFO] 2024-04-23 10:33:17.563 +0800 - ***********************************************************************************************
[INFO] 2024-04-23 10:33:17.563 +0800 - *********************************  Finalize task instance  ************************************
[INFO] 2024-04-23 10:33:17.563 +0800 - ***********************************************************************************************
[INFO] 2024-04-23 10:33:17.564 +0800 - Upload output files: [] successfully
[INFO] 2024-04-23 10:33:17.567 +0800 - Send task execute status: SUCCESS to master : 172.18.1.1:1234
[INFO] 2024-04-23 10:33:17.567 +0800 - Remove the current task execute context from worker cache
[INFO] 2024-04-23 10:33:17.567 +0800 - The current execute mode isn't develop mode, will clear the task execute file: /tmp/dolphinscheduler/exec/process/default/13010050770016/13201021801792_80/489/1136
[INFO] 2024-04-23 10:33:17.568 +0800 - Success clear the task execute file: /tmp/dolphinscheduler/exec/process/default/13010050770016/13201021801792_80/489/1136
[INFO] 2024-04-23 10:33:17.568 +0800 - FINALIZE_SESSION
