[INFO] 2024-04-23 10:33:20.788 +0800 - ***********************************************************************************************
[INFO] 2024-04-23 10:33:20.788 +0800 - *********************************  Initialize task context  ***********************************
[INFO] 2024-04-23 10:33:20.788 +0800 - ***********************************************************************************************
[INFO] 2024-04-23 10:33:20.788 +0800 - Begin to initialize task
[INFO] 2024-04-23 10:33:20.789 +0800 - Set task startTime: 1713839600789
[INFO] 2024-04-23 10:33:20.791 +0800 - Set task appId: 489_1139
[INFO] 2024-04-23 10:33:20.792 +0800 - End initialize task {
  "taskInstanceId" : 1139,
  "taskName" : "spark preprocessing",
  "firstSubmitTime" : 1713839600768,
  "startTime" : 1713839600789,
  "taskType" : "SHELL",
  "workflowInstanceHost" : "172.18.0.9:5678",
  "host" : "172.18.1.1:1234",
  "logPath" : "/opt/dolphinscheduler/logs/20240423/13201021801792/80/489/1139.log",
  "processId" : 0,
  "processDefineCode" : 13201021801792,
  "processDefineVersion" : 80,
  "processInstanceId" : 489,
  "scheduleTime" : 0,
  "globalParams" : "[{\"prop\":\"folder\",\"direct\":\"IN\",\"type\":\"VARCHAR\",\"value\":\"processing\"}]",
  "executorId" : 1,
  "cmdTypeIfComplement" : 7,
  "tenantCode" : "default",
  "processDefineId" : 0,
  "projectId" : 0,
  "projectCode" : 13010050770016,
  "taskParams" : "{\"localParams\":[],\"rawScript\":\"$SPARK_HOME/bin/spark-submit \\\\\\n    --master spark://spark-master:7077 \\\\\\n    --conf spark.driver.cores=2 \\\\\\n    --conf spark.driver.memory=2G \\\\\\n    --conf spark.executor.instances=1 \\\\\\n    --conf spark.executor.cores=2 \\\\\\n    --conf spark.executor.memory=2G \\\\\\n    --files ${raw_file_dir} \\\\\\n    --name reddit_preprocessing spark_reddit_preprocessing.py\\n\",\"resourceList\":[{\"id\":null,\"resourceName\":\"file:/dolphinscheduler/default/resources/spark_reddit_preprocessing.py\",\"res\":null}]}",
  "environmentConfig" : "export SPARK_HOME=/opt/spark-3.5.1-bin-hadoop3\nexport JAVA_HOME=/opt/java/openjdk\nexport HADOOP_CONF_DIR=/opt/hadoop-3.4.0/etc/hadoop\nexport PYSPARK_DRIVER_PYTHON=/bin/python3.11",
  "prepareParamsMap" : {
    "system.task.definition.name" : {
      "prop" : "system.task.definition.name",
      "direct" : "IN",
      "type" : "VARCHAR",
      "value" : "spark preprocessing"
    },
    "system.project.name" : {
      "prop" : "system.project.name",
      "direct" : "IN",
      "type" : "VARCHAR",
      "value" : null
    },
    "REDDIT_HOME" : {
      "prop" : "REDDIT_HOME",
      "direct" : "IN",
      "type" : "VARCHAR",
      "value" : "/local_storage/reddit"
    },
    "system.biz.curdate" : {
      "prop" : "system.biz.curdate",
      "direct" : "IN",
      "type" : "VARCHAR",
      "value" : "20240423"
    },
    "system.task.instance.id" : {
      "prop" : "system.task.instance.id",
      "direct" : "IN",
      "type" : "VARCHAR",
      "value" : "1139"
    },
    "system.task.definition.code" : {
      "prop" : "system.task.definition.code",
      "direct" : "IN",
      "type" : "VARCHAR",
      "value" : "13210058002752"
    },
    "system.datetime" : {
      "prop" : "system.datetime",
      "direct" : "IN",
      "type" : "VARCHAR",
      "value" : "20240423103320"
    },
    "folder" : {
      "prop" : "folder",
      "direct" : "IN",
      "type" : "VARCHAR",
      "value" : "processing"
    },
    "system.project.code" : {
      "prop" : "system.project.code",
      "direct" : "IN",
      "type" : "VARCHAR",
      "value" : "13010050770016"
    },
    "system.workflow.instance.id" : {
      "prop" : "system.workflow.instance.id",
      "direct" : "IN",
      "type" : "VARCHAR",
      "value" : "489"
    },
    "raw_file_dir" : {
      "prop" : "raw_file_dir",
      "direct" : "IN",
      "type" : "VARCHAR",
      "value" : "/local_storage/reddit/processing/386-20240422.json"
    },
    "system.biz.date" : {
      "prop" : "system.biz.date",
      "direct" : "IN",
      "type" : "VARCHAR",
      "value" : "20240422"
    },
    "system.workflow.definition.name" : {
      "prop" : "system.workflow.definition.name",
      "direct" : "IN",
      "type" : "VARCHAR",
      "value" : "preprocess_post"
    },
    "system.workflow.definition.code" : {
      "prop" : "system.workflow.definition.code",
      "direct" : "IN",
      "type" : "VARCHAR",
      "value" : "13201021801792"
    }
  },
  "taskAppId" : "489_1139",
  "taskTimeout" : 2147483647,
  "workerGroup" : "default",
  "delayTime" : 0,
  "currentExecutionStatus" : "SUBMITTED_SUCCESS",
  "endTime" : 0,
  "varPool" : "[{\"prop\":\"raw_file_dir\",\"direct\":\"IN\",\"type\":\"VARCHAR\",\"value\":\"/local_storage/reddit/processing/386-20240422.json\"}]",
  "dryRun" : 0,
  "paramsMap" : { },
  "cpuQuota" : -1,
  "memoryMax" : -1,
  "testFlag" : 0,
  "logBufferEnable" : false,
  "dispatchFailTimes" : 0
}
[INFO] 2024-04-23 10:33:20.792 +0800 - ***********************************************************************************************
[INFO] 2024-04-23 10:33:20.793 +0800 - *********************************  Load task instance plugin  *********************************
[INFO] 2024-04-23 10:33:20.793 +0800 - ***********************************************************************************************
[INFO] 2024-04-23 10:33:20.815 +0800 - Send task status RUNNING_EXECUTION master: 172.18.1.1:1234
[INFO] 2024-04-23 10:33:20.816 +0800 - TenantCode: default check successfully
[INFO] 2024-04-23 10:33:20.817 +0800 - WorkflowInstanceExecDir: /tmp/dolphinscheduler/exec/process/default/13010050770016/13201021801792_80/489/1139 check successfully
[INFO] 2024-04-23 10:33:20.817 +0800 - Create TaskChannel: org.apache.dolphinscheduler.plugin.task.shell.ShellTaskChannel successfully
[INFO] 2024-04-23 10:33:20.821 +0800 - Download resources successfully: 
ResourceContext(resourceItemMap={file:/dolphinscheduler/default/resources/spark_reddit_preprocessing.py=ResourceContext.ResourceItem(resourceAbsolutePathInStorage=file:/dolphinscheduler/default/resources/spark_reddit_preprocessing.py, resourceRelativePath=spark_reddit_preprocessing.py, resourceAbsolutePathInLocal=/tmp/dolphinscheduler/exec/process/default/13010050770016/13201021801792_80/489/1139/spark_reddit_preprocessing.py)})
[INFO] 2024-04-23 10:33:20.821 +0800 - Download upstream files: [] successfully
[INFO] 2024-04-23 10:33:20.822 +0800 - Task plugin instance: SHELL create successfully
[INFO] 2024-04-23 10:33:20.822 +0800 - Initialize shell task params {
  "localParams" : [ ],
  "varPool" : null,
  "rawScript" : "$SPARK_HOME/bin/spark-submit \\\n    --master spark://spark-master:7077 \\\n    --conf spark.driver.cores=2 \\\n    --conf spark.driver.memory=2G \\\n    --conf spark.executor.instances=1 \\\n    --conf spark.executor.cores=2 \\\n    --conf spark.executor.memory=2G \\\n    --files ${raw_file_dir} \\\n    --name reddit_preprocessing spark_reddit_preprocessing.py\n",
  "resourceList" : [ {
    "id" : null,
    "resourceName" : "file:/dolphinscheduler/default/resources/spark_reddit_preprocessing.py",
    "res" : null
  } ]
}
[INFO] 2024-04-23 10:33:20.822 +0800 - Success initialized task plugin instance successfully
[INFO] 2024-04-23 10:33:20.823 +0800 - Set taskVarPool: [{"prop":"raw_file_dir","direct":"IN","type":"VARCHAR","value":"/local_storage/reddit/processing/386-20240422.json"}] successfully
[INFO] 2024-04-23 10:33:20.823 +0800 - ***********************************************************************************************
[INFO] 2024-04-23 10:33:20.823 +0800 - *********************************  Execute task instance  *************************************
[INFO] 2024-04-23 10:33:20.823 +0800 - ***********************************************************************************************
[INFO] 2024-04-23 10:33:20.824 +0800 - Final Shell file is: 
[INFO] 2024-04-23 10:33:20.824 +0800 - ****************************** Script Content *****************************************************************
[INFO] 2024-04-23 10:33:20.824 +0800 - #!/bin/bash
BASEDIR=$(cd `dirname $0`; pwd)
cd $BASEDIR
export SPARK_HOME=/opt/spark-3.5.1-bin-hadoop3
export JAVA_HOME=/opt/java/openjdk
export HADOOP_CONF_DIR=/opt/hadoop-3.4.0/etc/hadoop
export PYSPARK_DRIVER_PYTHON=/bin/python3.11
$SPARK_HOME/bin/spark-submit \
    --master spark://spark-master:7077 \
    --conf spark.driver.cores=2 \
    --conf spark.driver.memory=2G \
    --conf spark.executor.instances=1 \
    --conf spark.executor.cores=2 \
    --conf spark.executor.memory=2G \
    --files /local_storage/reddit/processing/386-20240422.json \
    --name reddit_preprocessing spark_reddit_preprocessing.py

[INFO] 2024-04-23 10:33:20.825 +0800 - ****************************** Script Content *****************************************************************
[INFO] 2024-04-23 10:33:20.825 +0800 - Executing shell command : sudo -u default -i /tmp/dolphinscheduler/exec/process/default/13010050770016/13201021801792_80/489/1139/489_1139.sh
[INFO] 2024-04-23 10:33:20.835 +0800 - process start, process id is: 2597
[INFO] 2024-04-23 10:33:21.837 +0800 -  -> 
	sudo: unable to change directory to /home/default: No such file or directory
[INFO] 2024-04-23 10:33:23.859 +0800 -  -> 
	24/04/23 10:33:23 WARN NativeCodeLoader: Unable to load native-hadoop library for your platform... using builtin-java classes where applicable
[INFO] 2024-04-23 10:33:25.861 +0800 -  -> 
	24/04/23 10:33:24 INFO SparkContext: Running Spark version 3.5.1
	24/04/23 10:33:24 INFO SparkContext: OS info Linux, 6.5.0-28-generic, amd64
	24/04/23 10:33:24 INFO SparkContext: Java version 1.8.0_402
	24/04/23 10:33:25 INFO ResourceUtils: ==============================================================
	24/04/23 10:33:25 INFO ResourceUtils: No custom resources configured for spark.driver.
	24/04/23 10:33:25 INFO ResourceUtils: ==============================================================
	24/04/23 10:33:25 INFO SparkContext: Submitted application: reddit_preprocessing
	24/04/23 10:33:25 INFO ResourceProfile: Default ResourceProfile created, executor resources: Map(cores -> name: cores, amount: 2, script: , vendor: , memory -> name: memory, amount: 2048, script: , vendor: , offHeap -> name: offHeap, amount: 0, script: , vendor: ), task resources: Map(cpus -> name: cpus, amount: 1.0)
	24/04/23 10:33:25 INFO ResourceProfile: Limiting resource is cpus at 2 tasks per executor
	24/04/23 10:33:25 INFO ResourceProfileManager: Added ResourceProfile id: 0
	24/04/23 10:33:25 INFO SecurityManager: Changing view acls to: default
	24/04/23 10:33:25 INFO SecurityManager: Changing modify acls to: default
	24/04/23 10:33:25 INFO SecurityManager: Changing view acls groups to: 
	24/04/23 10:33:25 INFO SecurityManager: Changing modify acls groups to: 
	24/04/23 10:33:25 INFO SecurityManager: SecurityManager: authentication disabled; ui acls disabled; users with view permissions: default; groups with view permissions: EMPTY; users with modify permissions: default; groups with modify permissions: EMPTY
	24/04/23 10:33:25 INFO Utils: Successfully started service 'sparkDriver' on port 43981.
[INFO] 2024-04-23 10:33:26.869 +0800 -  -> 
	24/04/23 10:33:25 INFO SparkEnv: Registering MapOutputTracker
	24/04/23 10:33:25 INFO SparkEnv: Registering BlockManagerMaster
	24/04/23 10:33:26 INFO BlockManagerMasterEndpoint: Using org.apache.spark.storage.DefaultTopologyMapper for getting topology information
	24/04/23 10:33:26 INFO BlockManagerMasterEndpoint: BlockManagerMasterEndpoint up
	24/04/23 10:33:26 INFO SparkEnv: Registering BlockManagerMasterHeartbeat
	24/04/23 10:33:26 INFO DiskBlockManager: Created local directory at /tmp/blockmgr-e24e36f2-ef04-450d-ac71-11803e5e7fa4
	24/04/23 10:33:26 INFO MemoryStore: MemoryStore started with capacity 912.3 MiB
	24/04/23 10:33:26 INFO SparkEnv: Registering OutputCommitCoordinator
	24/04/23 10:33:26 INFO JettyUtils: Start Jetty 0.0.0.0:4040 for SparkUI
	24/04/23 10:33:26 INFO Utils: Successfully started service 'SparkUI' on port 4040.
	24/04/23 10:33:26 INFO SparkContext: Added file file:///local_storage/reddit/processing/386-20240422.json at spark://c0e814e3f0bd:43981/files/386-20240422.json with timestamp 1713839604957
	24/04/23 10:33:26 INFO Utils: Copying /local_storage/reddit/processing/386-20240422.json to /tmp/spark-b7d84492-205c-4eaf-a387-6cd221906081/userFiles-09f3bc54-c479-42eb-b309-d7bafa7a19f0/386-20240422.json
[INFO] 2024-04-23 10:33:27.890 +0800 -  -> 
	24/04/23 10:33:26 INFO StandaloneAppClient$ClientEndpoint: Connecting to master spark://spark-master:7077...
	24/04/23 10:33:27 INFO TransportClientFactory: Successfully created connection to spark-master/172.18.0.3:7077 after 143 ms (0 ms spent in bootstraps)
	24/04/23 10:33:27 INFO StandaloneSchedulerBackend: Connected to Spark cluster with app ID app-20240423023327-0009
	24/04/23 10:33:27 INFO StandaloneAppClient$ClientEndpoint: Executor added: app-20240423023327-0009/0 on worker-20240423012857-172.18.0.7-41063 (172.18.0.7:41063) with 2 core(s)
	24/04/23 10:33:27 INFO StandaloneSchedulerBackend: Granted executor ID app-20240423023327-0009/0 on hostPort 172.18.0.7:41063 with 2 core(s), 2.0 GiB RAM
	24/04/23 10:33:27 INFO Utils: Successfully started service 'org.apache.spark.network.netty.NettyBlockTransferService' on port 35529.
	24/04/23 10:33:27 INFO NettyBlockTransferService: Server created on c0e814e3f0bd:35529
	24/04/23 10:33:27 INFO BlockManager: Using org.apache.spark.storage.RandomBlockReplicationPolicy for block replication policy
	24/04/23 10:33:27 INFO BlockManagerMaster: Registering BlockManager BlockManagerId(driver, c0e814e3f0bd, 35529, None)
	24/04/23 10:33:27 INFO StandaloneAppClient$ClientEndpoint: Executor updated: app-20240423023327-0009/0 is now RUNNING
	24/04/23 10:33:27 INFO BlockManagerMasterEndpoint: Registering block manager c0e814e3f0bd:35529 with 912.3 MiB RAM, BlockManagerId(driver, c0e814e3f0bd, 35529, None)
	24/04/23 10:33:27 INFO BlockManagerMaster: Registered BlockManager BlockManagerId(driver, c0e814e3f0bd, 35529, None)
	24/04/23 10:33:27 INFO BlockManager: Initialized BlockManager: BlockManagerId(driver, c0e814e3f0bd, 35529, None)
[INFO] 2024-04-23 10:33:28.897 +0800 -  -> 
	24/04/23 10:33:28 INFO StandaloneSchedulerBackend: SchedulerBackend is ready for scheduling beginning after reached minRegisteredResourcesRatio: 0.0
[INFO] 2024-04-23 10:33:29.906 +0800 -  -> 
	
	
	
	 /tmp/spark-b7d84492-205c-4eaf-a387-6cd221906081/userFiles-09f3bc54-c479-42eb-b309-d7bafa7a19f0/386-20240422.json 
	
	
	
	24/04/23 10:33:28 INFO SharedState: Setting hive.metastore.warehouse.dir ('null') to the value of spark.sql.warehouse.dir.
	24/04/23 10:33:28 INFO SharedState: Warehouse path is 'file:/tmp/dolphinscheduler/exec/process/default/13010050770016/13201021801792_80/489/1139/spark-warehouse'.
[INFO] 2024-04-23 10:33:32.950 +0800 -  -> 
	24/04/23 10:33:31 INFO InMemoryFileIndex: It took 175 ms to list leaf files for 1 paths.
	24/04/23 10:33:32 INFO InMemoryFileIndex: It took 25 ms to list leaf files for 1 paths.
[INFO] 2024-04-23 10:33:36.974 +0800 -  -> 
	24/04/23 10:33:36 INFO StandaloneSchedulerBackend$StandaloneDriverEndpoint: Registered executor NettyRpcEndpointRef(spark-client://Executor) (172.18.0.7:37650) with ID 0,  ResourceProfileId 0
	24/04/23 10:33:36 INFO BlockManagerMasterEndpoint: Registering block manager 172.18.0.7:45815 with 1048.8 MiB RAM, BlockManagerId(0, 172.18.0.7, 45815, None)
[INFO] 2024-04-23 10:33:38.986 +0800 -  -> 
	24/04/23 10:33:38 INFO FileSourceStrategy: Pushed Filters: 
	24/04/23 10:33:38 INFO FileSourceStrategy: Post-Scan Filters: 
[INFO] 2024-04-23 10:33:39.988 +0800 -  -> 
	24/04/23 10:33:39 INFO MemoryStore: Block broadcast_0 stored as values in memory (estimated size 351.5 KiB, free 912.0 MiB)
	24/04/23 10:33:39 INFO MemoryStore: Block broadcast_0_piece0 stored as bytes in memory (estimated size 34.7 KiB, free 911.9 MiB)
	24/04/23 10:33:39 INFO BlockManagerInfo: Added broadcast_0_piece0 in memory on c0e814e3f0bd:35529 (size: 34.7 KiB, free: 912.3 MiB)
	24/04/23 10:33:39 INFO SparkContext: Created broadcast 0 from json at NativeMethodAccessorImpl.java:0
	24/04/23 10:33:39 INFO FileSourceScanExec: Planning scan with bin packing, max size: 4194304 bytes, open cost is considered as scanning 4194304 bytes.
	24/04/23 10:33:39 INFO SparkContext: Starting job: json at NativeMethodAccessorImpl.java:0
	24/04/23 10:33:39 INFO DAGScheduler: Got job 0 (json at NativeMethodAccessorImpl.java:0) with 1 output partitions
	24/04/23 10:33:39 INFO DAGScheduler: Final stage: ResultStage 0 (json at NativeMethodAccessorImpl.java:0)
	24/04/23 10:33:39 INFO DAGScheduler: Parents of final stage: List()
	24/04/23 10:33:39 INFO DAGScheduler: Missing parents: List()
	24/04/23 10:33:39 INFO DAGScheduler: Submitting ResultStage 0 (MapPartitionsRDD[3] at json at NativeMethodAccessorImpl.java:0), which has no missing parents
	24/04/23 10:33:39 INFO MemoryStore: Block broadcast_1 stored as values in memory (estimated size 16.5 KiB, free 911.9 MiB)
	24/04/23 10:33:39 INFO MemoryStore: Block broadcast_1_piece0 stored as bytes in memory (estimated size 7.8 KiB, free 911.9 MiB)
	24/04/23 10:33:39 INFO BlockManagerInfo: Added broadcast_1_piece0 in memory on c0e814e3f0bd:35529 (size: 7.8 KiB, free: 912.3 MiB)
	24/04/23 10:33:39 INFO SparkContext: Created broadcast 1 from broadcast at DAGScheduler.scala:1585
	24/04/23 10:33:39 INFO DAGScheduler: Submitting 1 missing tasks from ResultStage 0 (MapPartitionsRDD[3] at json at NativeMethodAccessorImpl.java:0) (first 15 tasks are for partitions Vector(0))
	24/04/23 10:33:39 INFO TaskSchedulerImpl: Adding task set 0.0 with 1 tasks resource profile 0
[INFO] 2024-04-23 10:33:40.991 +0800 -  -> 
	24/04/23 10:33:40 INFO TaskSetManager: Starting task 0.0 in stage 0.0 (TID 0) (172.18.0.7, executor 0, partition 0, PROCESS_LOCAL, 8478 bytes) 
[INFO] 2024-04-23 10:55:08.124 +0800 -  -> 
	24/04/23 10:55:07 ERROR StandaloneSchedulerBackend: Application has been killed. Reason: Master removed our application: KILLED
	24/04/23 10:55:07 INFO SparkContext: SparkContext is stopping with exitCode 0.
	24/04/23 10:55:07 INFO TaskSchedulerImpl: Cancelling stage 0
	24/04/23 10:55:07 INFO TaskSchedulerImpl: Killing all running tasks in stage 0: Stage cancelled: Job aborted due to stage failure: Master removed our application: KILLED
	24/04/23 10:55:07 INFO TaskSchedulerImpl: Stage 0 was cancelled
	24/04/23 10:55:07 INFO DAGScheduler: ResultStage 0 (json at NativeMethodAccessorImpl.java:0) failed in 1288.024 s due to Job aborted due to stage failure: Master removed our application: KILLED
	24/04/23 10:55:07 INFO DAGScheduler: Job 0 failed: json at NativeMethodAccessorImpl.java:0, took 1288.206347 s
	24/04/23 10:55:07 INFO SparkUI: Stopped Spark web UI at http://c0e814e3f0bd:4040
	24/04/23 10:55:07 INFO StandaloneSchedulerBackend: Shutting down all executors
	24/04/23 10:55:07 INFO StandaloneSchedulerBackend$StandaloneDriverEndpoint: Asking each executor to shut down
	24/04/23 10:55:07 ERROR Utils: Uncaught exception in thread stop-spark-context
	org.apache.spark.SparkException: Exception thrown in awaitResult: 
		at org.apache.spark.util.SparkThreadUtils$.awaitResult(SparkThreadUtils.scala:56)
		at org.apache.spark.util.ThreadUtils$.awaitResult(ThreadUtils.scala:310)
		at org.apache.spark.rpc.RpcTimeout.awaitResult(RpcTimeout.scala:75)
		at org.apache.spark.deploy.client.StandaloneAppClient.stop(StandaloneAppClient.scala:288)
		at org.apache.spark.scheduler.cluster.StandaloneSchedulerBackend.org$apache$spark$scheduler$cluster$StandaloneSchedulerBackend$$stop(StandaloneSchedulerBackend.scala:275)
		at org.apache.spark.scheduler.cluster.StandaloneSchedulerBackend.stop(StandaloneSchedulerBackend.scala:142)
		at org.apache.spark.scheduler.SchedulerBackend.stop(SchedulerBackend.scala:33)
		at org.apache.spark.scheduler.SchedulerBackend.stop$(SchedulerBackend.scala:33)
		at org.apache.spark.scheduler.cluster.CoarseGrainedSchedulerBackend.stop(CoarseGrainedSchedulerBackend.scala:54)
		at org.apache.spark.scheduler.TaskSchedulerImpl.$anonfun$stop$2(TaskSchedulerImpl.scala:992)
		at org.apache.spark.util.Utils$.tryLogNonFatalError(Utils.scala:1375)
		at org.apache.spark.scheduler.TaskSchedulerImpl.stop(TaskSchedulerImpl.scala:992)
		at org.apache.spark.scheduler.DAGScheduler.$anonfun$stop$4(DAGScheduler.scala:2976)
		at org.apache.spark.util.Utils$.tryLogNonFatalError(Utils.scala:1375)
		at org.apache.spark.scheduler.DAGScheduler.stop(DAGScheduler.scala:2976)
		at org.apache.spark.SparkContext.$anonfun$stop$12(SparkContext.scala:2263)
		at org.apache.spark.util.Utils$.tryLogNonFatalError(Utils.scala:1375)
		at org.apache.spark.SparkContext.stop(SparkContext.scala:2263)
		at org.apache.spark.SparkContext.stop(SparkContext.scala:2216)
		at org.apache.spark.SparkContext$$anon$3.run(SparkContext.scala:2203)
	Caused by: org.apache.spark.SparkException: Could not find AppClient.
		at org.apache.spark.rpc.netty.Dispatcher.postMessage(Dispatcher.scala:178)
		at org.apache.spark.rpc.netty.Dispatcher.postLocalMessage(Dispatcher.scala:144)
		at org.apache.spark.rpc.netty.NettyRpcEnv.askAbortable(NettyRpcEnv.scala:242)
		at org.apache.spark.rpc.netty.NettyRpcEndpointRef.askAbortable(NettyRpcEnv.scala:554)
		at org.apache.spark.rpc.netty.NettyRpcEndpointRef.ask(NettyRpcEnv.scala:558)
		at org.apache.spark.rpc.RpcEndpointRef.ask(RpcEndpointRef.scala:72)
		... 17 more
	Traceback (most recent call last):
	  File "/tmp/dolphinscheduler/exec/process/default/13010050770016/13201021801792_80/489/1139/spark_reddit_preprocessing.py", line 44, in <module>
	    raw_df = spark.read.json(reddit_json_dir)
	             ^^^^^^^^^^^^^^^^^^^^^^^^^^^^^^^^
	  File "/opt/spark-3.5.1-bin-hadoop3/python/lib/pyspark.zip/pyspark/sql/readwriter.py", line 425, in json
	  File "/opt/spark-3.5.1-bin-hadoop3/python/lib/py4j-0.10.9.7-src.zip/py4j/java_gateway.py", line 1322, in __call__
	  File "/opt/spark-3.5.1-bin-hadoop3/python/lib/pyspark.zip/pyspark/errors/exceptions/captured.py", line 179, in deco
	  File "/opt/spark-3.5.1-bin-hadoop3/python/lib/py4j-0.10.9.7-src.zip/py4j/protocol.py", line 326, in get_return_value
	py4j.protocol.Py4JJavaError: An error occurred while calling o30.json.
	: org.apache.spark.SparkException: Job aborted due to stage failure: Master removed our application: KILLED
		at org.apache.spark.scheduler.DAGScheduler.failJobAndIndependentStages(DAGScheduler.scala:2856)
		at org.apache.spark.scheduler.DAGScheduler.$anonfun$abortStage$2(DAGScheduler.scala:2792)
		at org.apache.spark.scheduler.DAGScheduler.$anonfun$abortStage$2$adapted(DAGScheduler.scala:2791)
		at scala.collection.mutable.ResizableArray.foreach(ResizableArray.scala:62)
		at scala.collection.mutable.ResizableArray.foreach$(ResizableArray.scala:55)
		at scala.collection.mutable.ArrayBuffer.foreach(ArrayBuffer.scala:49)
		at org.apache.spark.scheduler.DAGScheduler.abortStage(DAGScheduler.scala:2791)
		at org.apache.spark.scheduler.DAGScheduler.$anonfun$handleTaskSetFailed$1(DAGScheduler.scala:1247)
		at org.apache.spark.scheduler.DAGScheduler.$anonfun$handleTaskSetFailed$1$adapted(DAGScheduler.scala:1247)
		at scala.Option.foreach(Option.scala:407)
		at org.apache.spark.scheduler.DAGScheduler.handleTaskSetFailed(DAGScheduler.scala:1247)
		at org.apache.spark.scheduler.DAGSchedulerEventProcessLoop.doOnReceive(DAGScheduler.scala:3060)
		at org.apache.spark.scheduler.DAGSchedulerEventProcessLoop.onReceive(DAGScheduler.scala:2994)
		at org.apache.spark.scheduler.DAGSchedulerEventProcessLoop.onReceive(DAGScheduler.scala:2983)
		at org.apache.spark.util.EventLoop$$anon$1.run(EventLoop.scala:49)
		at org.apache.spark.scheduler.DAGScheduler.runJob(DAGScheduler.scala:989)
		at org.apache.spark.SparkContext.runJob(SparkContext.scala:2398)
		at org.apache.spark.SparkContext.runJob(SparkContext.scala:2493)
		at org.apache.spark.sql.catalyst.json.JsonInferSchema.infer(JsonInferSchema.scala:120)
		at org.apache.spark.sql.execution.datasources.json.TextInputJsonDataSource$.$anonfun$inferFromDataset$5(JsonDataSource.scala:109)
		at org.apache.spark.sql.execution.SQLExecution$.withSQLConfPropagated(SQLExecution.scala:201)
		at org.apache.spark.sql.execution.datasources.json.TextInputJsonDataSource$.inferFromDataset(JsonDataSource.scala:109)
		at org.apache.spark.sql.execution.datasources.json.TextInputJsonDataSource$.infer(JsonDataSource.scala:98)
		at org.apache.spark.sql.execution.datasources.json.JsonDataSource.inferSchema(JsonDataSource.scala:64)
		at org.apache.spark.sql.execution.datasources.json.JsonFileFormat.inferSchema(JsonFileFormat.scala:59)
		at org.apache.spark.sql.execution.datasources.DataSource.$anonfun$getOrInferFileFormatSchema$11(DataSource.scala:208)
		at scala.Option.orElse(Option.scala:447)
		at org.apache.spark.sql.execution.datasources.DataSource.getOrInferFileFormatSchema(DataSource.scala:205)
		at org.apache.spark.sql.execution.datasources.DataSource.resolveRelation(DataSource.scala:407)
		at org.apache.spark.sql.DataFrameReader.loadV1Source(DataFrameReader.scala:229)
		at org.apache.spark.sql.DataFrameReader.$anonfun$load$2(DataFrameReader.scala:211)
		at scala.Option.getOrElse(Option.scala:189)
		at org.apache.spark.sql.DataFrameReader.load(DataFrameReader.scala:211)
		at org.apache.spark.sql.DataFrameReader.json(DataFrameReader.scala:362)
		at sun.reflect.NativeMethodAccessorImpl.invoke0(Native Method)
		at sun.reflect.NativeMethodAccessorImpl.invoke(NativeMethodAccessorImpl.java:62)
		at sun.reflect.DelegatingMethodAccessorImpl.invoke(DelegatingMethodAccessorImpl.java:43)
		at java.lang.reflect.Method.invoke(Method.java:498)
		at py4j.reflection.MethodInvoker.invoke(MethodInvoker.java:244)
		at py4j.reflection.ReflectionEngine.invoke(ReflectionEngine.java:374)
		at py4j.Gateway.invoke(Gateway.java:282)
		at py4j.commands.AbstractCommand.invokeMethod(AbstractCommand.java:132)
		at py4j.commands.CallCommand.execute(CallCommand.java:79)
		at py4j.ClientServerConnection.waitForCommands(ClientServerConnection.java:182)
		at py4j.ClientServerConnection.run(ClientServerConnection.java:106)
		at java.lang.Thread.run(Thread.java:750)
	
	24/04/23 10:55:08 INFO MapOutputTrackerMasterEndpoint: MapOutputTrackerMasterEndpoint stopped!
[INFO] 2024-04-23 10:55:09.143 +0800 -  -> 
	24/04/23 10:55:08 INFO ShutdownHookManager: Shutdown hook called
	24/04/23 10:55:08 INFO ShutdownHookManager: Deleting directory /tmp/spark-b7d84492-205c-4eaf-a387-6cd221906081/pyspark-e676787d-10dc-4653-9a6f-844c3ee691fb
	24/04/23 10:55:08 INFO MemoryStore: MemoryStore cleared
	24/04/23 10:55:08 INFO BlockManager: BlockManager stopped
	24/04/23 10:55:08 INFO ShutdownHookManager: Deleting directory /tmp/spark-7be09e11-9ea4-4c7b-848f-df936dceeebd
	24/04/23 10:55:08 INFO BlockManagerMaster: BlockManagerMaster stopped
	24/04/23 10:55:08 INFO ShutdownHookManager: Deleting directory /tmp/spark-b7d84492-205c-4eaf-a387-6cd221906081/userFiles-09f3bc54-c479-42eb-b309-d7bafa7a19f0
	24/04/23 10:55:08 INFO ShutdownHookManager: Deleting directory /tmp/spark-b7d84492-205c-4eaf-a387-6cd221906081
	24/04/23 10:55:08 INFO OutputCommitCoordinator$OutputCommitCoordinatorEndpoint: OutputCommitCoordinator stopped!
[INFO] 2024-04-23 10:55:09.145 +0800 - process has exited. execute path:/tmp/dolphinscheduler/exec/process/default/13010050770016/13201021801792_80/489/1139, processId:2597 ,exitStatusCode:1 ,processWaitForStatus:true ,processExitValue:1
[INFO] 2024-04-23 10:55:09.145 +0800 - ***********************************************************************************************
[INFO] 2024-04-23 10:55:09.145 +0800 - *********************************  Finalize task instance  ************************************
[INFO] 2024-04-23 10:55:09.145 +0800 - ***********************************************************************************************
[INFO] 2024-04-23 10:55:09.145 +0800 - Upload output files: [] successfully
[INFO] 2024-04-23 10:55:09.173 +0800 - Send task execute status: FAILURE to master : 172.18.1.1:1234
[INFO] 2024-04-23 10:55:09.174 +0800 - Remove the current task execute context from worker cache
[INFO] 2024-04-23 10:55:09.174 +0800 - The current execute mode isn't develop mode, will clear the task execute file: /tmp/dolphinscheduler/exec/process/default/13010050770016/13201021801792_80/489/1139
[INFO] 2024-04-23 10:55:09.179 +0800 - Success clear the task execute file: /tmp/dolphinscheduler/exec/process/default/13010050770016/13201021801792_80/489/1139
[INFO] 2024-04-23 10:55:09.179 +0800 - FINALIZE_SESSION
