[INFO] 2024-05-06 15:59:28.415 +0800 - ***********************************************************************************************
[INFO] 2024-05-06 15:59:28.419 +0800 - *********************************  Initialize task context  ***********************************
[INFO] 2024-05-06 15:59:28.419 +0800 - ***********************************************************************************************
[INFO] 2024-05-06 15:59:28.420 +0800 - Begin to initialize task
[INFO] 2024-05-06 15:59:28.420 +0800 - Set task startTime: 1714982368420
[INFO] 2024-05-06 15:59:28.420 +0800 - Set task appId: 1050_3939
[INFO] 2024-05-06 15:59:28.421 +0800 - End initialize task {
  "taskInstanceId" : 3939,
  "taskName" : "[null check] filtered data persistence",
  "firstSubmitTime" : 1714982368387,
  "startTime" : 1714982368420,
  "taskType" : "DATA_QUALITY",
  "workflowInstanceHost" : "172.18.0.13:5678",
  "host" : "172.18.1.1:1234",
  "logPath" : "/opt/dolphinscheduler/logs/20240506/13505298546272/21/1050/3939.log",
  "processId" : 0,
  "processDefineCode" : 13505298546272,
  "processDefineVersion" : 21,
  "processInstanceId" : 1050,
  "scheduleTime" : 0,
  "executorId" : 1,
  "cmdTypeIfComplement" : 0,
  "tenantCode" : "default",
  "processDefineId" : 0,
  "projectId" : 0,
  "projectCode" : 13001194483488,
  "taskParams" : "{\"localParams\":[],\"resourceList\":[],\"ruleId\":6,\"ruleInputParameter\":{\"check_type\":\"0\",\"comparison_type\":1,\"comparison_name\":\"0\",\"failure_strategy\":\"0\",\"operator\":\"0\",\"src_connector_type\":1,\"src_datasource_id\":6,\"src_database\":\"persistence\",\"src_field\":\"content\",\"src_table\":\"filtered_data_persistence\",\"threshold\":\"0\"},\"sparkParameters\":{\"deployMode\":\"local\",\"driverCores\":1,\"driverMemory\":\"512M\",\"executorCores\":1,\"executorMemory\":\"1G\",\"numExecutors\":1,\"others\":\"--conf spark.driver.extraJavaOptions=\\\"-Divy.cache.dir=/tmp -Divy.home=/tmp\\\" \\\\\\n--packages org.postgresql:postgresql:42.7.3\",\"yarnQueue\":\"\"}}",
  "environmentConfig" : "export SPARK_HOME=/opt/spark-3.5.1-bin-hadoop3\nexport JAVA_HOME=/opt/java/openjdk\nexport PYSPARK_DRIVER_PYTHON=/bin/python3.11\nexport PYSPARK_PYTHON=/bin/python3.11",
  "prepareParamsMap" : {
    "system.task.definition.name" : {
      "prop" : "system.task.definition.name",
      "direct" : "IN",
      "type" : "VARCHAR",
      "value" : "[null check] filtered data persistence"
    },
    "system.project.name" : {
      "prop" : "system.project.name",
      "direct" : "IN",
      "type" : "VARCHAR",
      "value" : null
    },
    "system.project.code" : {
      "prop" : "system.project.code",
      "direct" : "IN",
      "type" : "VARCHAR",
      "value" : "13001194483488"
    },
    "system.workflow.instance.id" : {
      "prop" : "system.workflow.instance.id",
      "direct" : "IN",
      "type" : "VARCHAR",
      "value" : "1050"
    },
    "system.biz.curdate" : {
      "prop" : "system.biz.curdate",
      "direct" : "IN",
      "type" : "VARCHAR",
      "value" : "20240506"
    },
    "system.biz.date" : {
      "prop" : "system.biz.date",
      "direct" : "IN",
      "type" : "VARCHAR",
      "value" : "20240505"
    },
    "system.task.instance.id" : {
      "prop" : "system.task.instance.id",
      "direct" : "IN",
      "type" : "VARCHAR",
      "value" : "3939"
    },
    "system.workflow.definition.name" : {
      "prop" : "system.workflow.definition.name",
      "direct" : "IN",
      "type" : "VARCHAR",
      "value" : "qualti_test"
    },
    "system.task.definition.code" : {
      "prop" : "system.task.definition.code",
      "direct" : "IN",
      "type" : "VARCHAR",
      "value" : "13505264408800"
    },
    "system.workflow.definition.code" : {
      "prop" : "system.workflow.definition.code",
      "direct" : "IN",
      "type" : "VARCHAR",
      "value" : "13505298546272"
    },
    "system.datetime" : {
      "prop" : "system.datetime",
      "direct" : "IN",
      "type" : "VARCHAR",
      "value" : "20240506155928"
    }
  },
  "taskAppId" : "1050_3939",
  "taskTimeout" : 2147483647,
  "workerGroup" : "default",
  "delayTime" : 0,
  "currentExecutionStatus" : "SUBMITTED_SUCCESS",
  "endTime" : 0,
  "dryRun" : 0,
  "paramsMap" : { },
  "dataQualityTaskExecutionContext" : {
    "ruleId" : 6,
    "ruleName" : "$t(uniqueness_check)",
    "ruleType" : 0,
    "ruleInputEntryList" : "[{\"id\":1,\"field\":\"src_connector_type\",\"type\":\"select\",\"title\":\"$t(src_connector_type)\",\"data\":\"\",\"options\":\"[{\\\"label\\\":\\\"HIVE\\\",\\\"value\\\":\\\"HIVE\\\"},{\\\"label\\\":\\\"JDBC\\\",\\\"value\\\":\\\"JDBC\\\"}]\",\"placeholder\":\"please select source connector type\",\"optionSourceType\":2,\"dataType\":2,\"inputType\":0,\"isShow\":true,\"canEdit\":true,\"isEmit\":true,\"isValidate\":false,\"valuesMap\":null,\"index\":1,\"createTime\":null,\"updateTime\":null},{\"id\":2,\"field\":\"src_datasource_id\",\"type\":\"select\",\"title\":\"$t(src_datasource_id)\",\"data\":\"\",\"options\":null,\"placeholder\":\"please select source datasource id\",\"optionSourceType\":1,\"dataType\":2,\"inputType\":0,\"isShow\":true,\"canEdit\":true,\"isEmit\":true,\"isValidate\":false,\"valuesMap\":null,\"index\":2,\"createTime\":null,\"updateTime\":null},{\"id\":30,\"field\":\"src_database\",\"type\":\"select\",\"title\":\"$t(src_database)\",\"data\":null,\"options\":null,\"placeholder\":\"Please select source database\",\"optionSourceType\":0,\"dataType\":0,\"inputType\":0,\"isShow\":true,\"canEdit\":true,\"isEmit\":true,\"isValidate\":true,\"valuesMap\":null,\"index\":2,\"createTime\":null,\"updateTime\":null},{\"id\":3,\"field\":\"src_table\",\"type\":\"select\",\"title\":\"$t(src_table)\",\"data\":null,\"options\":null,\"placeholder\":\"Please enter source table name\",\"optionSourceType\":0,\"dataType\":0,\"inputType\":0,\"isShow\":true,\"canEdit\":true,\"isEmit\":true,\"isValidate\":true,\"valuesMap\":null,\"index\":3,\"createTime\":null,\"updateTime\":null},{\"id\":4,\"field\":\"src_filter\",\"type\":\"input\",\"title\":\"$t(src_filter)\",\"data\":null,\"options\":null,\"placeholder\":\"Please enter filter expression\",\"optionSourceType\":0,\"dataType\":3,\"inputType\":0,\"isShow\":true,\"canEdit\":true,\"isEmit\":false,\"isValidate\":false,\"valuesMap\":null,\"index\":4,\"createTime\":null,\"updateTime\":null},{\"id\":5,\"field\":\"src_field\",\"type\":\"select\",\"title\":\"$t(src_field)\",\"data\":null,\"options\":null,\"placeholder\":\"Please enter column, only single column is supported\",\"optionSourceType\":0,\"dataType\":0,\"inputType\":0,\"isShow\":true,\"canEdit\":true,\"isEmit\":false,\"isValidate\":true,\"valuesMap\":null,\"index\":5,\"createTime\":null,\"updateTime\":null},{\"id\":6,\"field\":\"statistics_name\",\"type\":\"input\",\"title\":\"$t(statistics_name)\",\"data\":\"duplicate_count.duplicates\",\"options\":null,\"placeholder\":\"Please enter statistics name, the alias in statistics execute sql\",\"optionSourceType\":0,\"dataType\":0,\"inputType\":1,\"isShow\":false,\"canEdit\":false,\"isEmit\":false,\"isValidate\":true,\"valuesMap\":\"{\\\"statistics_name\\\":\\\"duplicate_count.duplicates\\\"}\",\"index\":6,\"createTime\":null,\"updateTime\":null},{\"id\":7,\"field\":\"check_type\",\"type\":\"select\",\"title\":\"$t(check_type)\",\"data\":\"0\",\"options\":\"[{\\\"label\\\":\\\"Expected - Actual\\\",\\\"value\\\":\\\"0\\\"},{\\\"label\\\":\\\"Actual - Expected\\\",\\\"value\\\":\\\"1\\\"},{\\\"label\\\":\\\"Actual / Expected\\\",\\\"value\\\":\\\"2\\\"},{\\\"label\\\":\\\"(Expected - Actual) / Expected\\\",\\\"value\\\":\\\"3\\\"}]\",\"placeholder\":\"please select check type\",\"optionSourceType\":0,\"dataType\":0,\"inputType\":3,\"isShow\":true,\"canEdit\":true,\"isEmit\":true,\"isValidate\":false,\"valuesMap\":null,\"index\":7,\"createTime\":null,\"updateTime\":null},{\"id\":8,\"field\":\"operator\",\"type\":\"select\",\"title\":\"$t(operator)\",\"data\":\"0\",\"options\":\"[{\\\"label\\\":\\\"=\\\",\\\"value\\\":\\\"0\\\"},{\\\"label\\\":\\\"<\\\",\\\"value\\\":\\\"1\\\"},{\\\"label\\\":\\\"<=\\\",\\\"value\\\":\\\"2\\\"},{\\\"label\\\":\\\">\\\",\\\"value\\\":\\\"3\\\"},{\\\"label\\\":\\\">=\\\",\\\"value\\\":\\\"4\\\"},{\\\"label\\\":\\\"!=\\\",\\\"value\\\":\\\"5\\\"}]\",\"placeholder\":\"please select operator\",\"optionSourceType\":0,\"dataType\":0,\"inputType\":3,\"isShow\":true,\"canEdit\":true,\"isEmit\":false,\"isValidate\":false,\"valuesMap\":null,\"index\":8,\"createTime\":null,\"updateTime\":null},{\"id\":9,\"field\":\"threshold\",\"type\":\"input\",\"title\":\"$t(threshold)\",\"data\":null,\"options\":null,\"placeholder\":\"Please enter threshold, number is needed\",\"optionSourceType\":0,\"dataType\":2,\"inputType\":3,\"isShow\":true,\"canEdit\":true,\"isEmit\":false,\"isValidate\":true,\"valuesMap\":null,\"index\":9,\"createTime\":null,\"updateTime\":null},{\"id\":10,\"field\":\"failure_strategy\",\"type\":\"select\",\"title\":\"$t(failure_strategy)\",\"data\":\"0\",\"options\":\"[{\\\"label\\\":\\\"Alert\\\",\\\"value\\\":\\\"0\\\"},{\\\"label\\\":\\\"Block\\\",\\\"value\\\":\\\"1\\\"}]\",\"placeholder\":\"please select failure strategy\",\"optionSourceType\":0,\"dataType\":0,\"inputType\":3,\"isShow\":true,\"canEdit\":true,\"isEmit\":false,\"isValidate\":false,\"valuesMap\":null,\"index\":10,\"createTime\":null,\"updateTime\":null},{\"id\":17,\"field\":\"comparison_name\",\"type\":\"input\",\"title\":\"$t(comparison_name)\",\"data\":null,\"options\":null,\"placeholder\":\"Please enter comparison name, the alias in comparison execute sql\",\"optionSourceType\":0,\"dataType\":0,\"inputType\":0,\"isShow\":false,\"canEdit\":false,\"isEmit\":false,\"isValidate\":true,\"valuesMap\":\"\",\"index\":11,\"createTime\":null,\"updateTime\":null},{\"id\":19,\"field\":\"comparison_type\",\"type\":\"select\",\"title\":\"$t(comparison_type)\",\"data\":\"\",\"options\":null,\"placeholder\":\"Please enter comparison title\",\"optionSourceType\":3,\"dataType\":0,\"inputType\":2,\"isShow\":true,\"canEdit\":false,\"isEmit\":true,\"isValidate\":false,\"valuesMap\":null,\"index\":12,\"createTime\":null,\"updateTime\":null}]",
    "executeSqlList" : "[{\"id\":6,\"index\":1,\"sql\":\"SELECT ${src_field} FROM ${src_table} group by ${src_field} having count(*) > 1\",\"tableAlias\":\"duplicate_items\",\"type\":0,\"createTime\":\"2021-03-03 11:31:24\",\"updateTime\":\"2021-03-03 11:31:24\",\"errorOutputSql\":true},{\"id\":7,\"index\":1,\"sql\":\"SELECT COUNT(*) AS duplicates FROM duplicate_items\",\"tableAlias\":\"duplicate_count\",\"type\":1,\"createTime\":\"2021-03-03 11:31:24\",\"updateTime\":\"2021-03-03 11:31:24\",\"errorOutputSql\":false}]",
    "comparisonNeedStatisticsValueTable" : false,
    "compareWithFixedValue" : true,
    "hdfsPath" : "hdfs://mycluster:8020/user/default/data_quality_error_data",
    "sourceConnectorType" : "JDBC",
    "sourceType" : 1,
    "sourceConnectionParams" : "{\"user\":\"root\",\"password\":\"****\",\"address\":\"jdbc:postgresql://dolphinscheduler-postgresql:5432\",\"database\":\"persistence\",\"jdbcUrl\":\"jdbc:postgresql://dolphinscheduler-postgresql:5432/persistence\",\"driverClassName\":\"org.postgresql.Driver\",\"validationQuery\":\"select version()\",\"other\":{\"password\":\"****\"}}",
    "targetConnectorType" : null,
    "targetType" : 0,
    "targetConnectionParams" : null,
    "writerConnectorType" : "JDBC",
    "writerType" : 1,
    "writerTable" : "t_ds_dq_execute_result",
    "writerConnectionParams" : "{\"user\":\"root\",\"password\":\"****\",\"address\":\"jdbc:postgresql://dolphinscheduler-postgresql:5432\",\"database\":\"dolphinscheduler\",\"jdbcUrl\":\"jdbc:postgresql://dolphinscheduler-postgresql:5432/dolphinscheduler\"}",
    "statisticsValueConnectorType" : "JDBC",
    "statisticsValueType" : 1,
    "statisticsValueTable" : "t_ds_dq_task_statistics_value",
    "statisticsValueWriterConnectionParams" : "{\"user\":\"root\",\"password\":\"****\",\"address\":\"jdbc:postgresql://dolphinscheduler-postgresql:5432\",\"database\":\"dolphinscheduler\",\"jdbcUrl\":\"jdbc:postgresql://dolphinscheduler-postgresql:5432/dolphinscheduler\"}"
  },
  "cpuQuota" : -1,
  "memoryMax" : -1,
  "testFlag" : 0,
  "logBufferEnable" : false,
  "dispatchFailTimes" : 0
}
[INFO] 2024-05-06 15:59:28.424 +0800 - ***********************************************************************************************
[INFO] 2024-05-06 15:59:28.425 +0800 - *********************************  Load task instance plugin  *********************************
[INFO] 2024-05-06 15:59:28.425 +0800 - ***********************************************************************************************
[INFO] 2024-05-06 15:59:28.433 +0800 - Send task status RUNNING_EXECUTION master: 172.18.1.1:1234
[INFO] 2024-05-06 15:59:28.433 +0800 - TenantCode: default check successfully
[INFO] 2024-05-06 15:59:28.435 +0800 - WorkflowInstanceExecDir: /tmp/dolphinscheduler/exec/process/default/13001194483488/13505298546272_21/1050/3939 check successfully
[INFO] 2024-05-06 15:59:28.435 +0800 - Create TaskChannel: org.apache.dolphinscheduler.plugin.task.dq.DataQualityTaskChannel successfully
[INFO] 2024-05-06 15:59:28.435 +0800 - Download resources successfully: 
ResourceContext(resourceItemMap={})
[INFO] 2024-05-06 15:59:28.437 +0800 - Download upstream files: [] successfully
[INFO] 2024-05-06 15:59:28.437 +0800 - Task plugin instance: DATA_QUALITY create successfully
[INFO] 2024-05-06 15:59:28.438 +0800 - Initialize data quality task params {
  "localParams" : [ ],
  "varPool" : null,
  "ruleId" : 6,
  "ruleInputParameter" : {
    "check_type" : "0",
    "comparison_type" : "1",
    "comparison_name" : "0",
    "failure_strategy" : "0",
    "operator" : "0",
    "src_connector_type" : "1",
    "src_datasource_id" : "6",
    "src_database" : "persistence",
    "src_field" : "content",
    "src_table" : "filtered_data_persistence",
    "threshold" : "0"
  },
  "sparkParameters" : {
    "localParams" : null,
    "varPool" : null,
    "mainJar" : null,
    "mainClass" : null,
    "deployMode" : "local",
    "mainArgs" : null,
    "driverCores" : 1,
    "driverMemory" : "512M",
    "numExecutors" : 1,
    "executorCores" : 1,
    "executorMemory" : "1G",
    "appName" : null,
    "yarnQueue" : "",
    "others" : "--conf spark.driver.extraJavaOptions=\"-Divy.cache.dir=/tmp -Divy.home=/tmp\" \\\n--packages org.postgresql:postgresql:42.7.3",
    "programType" : null,
    "resourceList" : [ ]
  }
}
[INFO] 2024-05-06 15:59:28.442 +0800 - data quality configuration: {
  "name" : "$t(uniqueness_check)",
  "env" : {
    "type" : "batch",
    "config" : null
  },
  "readers" : [ {
    "type" : "JDBC",
    "config" : {
      "database" : "persistence",
      "password" : "****",
      "driver" : "org.postgresql.Driver",
      "user" : "root",
      "output_table" : "persistence_filtered_data_persistence",
      "table" : "filtered_data_persistence",
      "url" : "jdbc:postgresql://dolphinscheduler-postgresql:5432/persistence?password=root"
    }
  } ],
  "transformers" : [ {
    "type" : "sql",
    "config" : {
      "index" : 1,
      "output_table" : "duplicate_items",
      "sql" : "SELECT content FROM persistence_filtered_data_persistence group by content having count(*) > 1"
    }
  }, {
    "type" : "sql",
    "config" : {
      "index" : 2,
      "output_table" : "duplicate_count",
      "sql" : "SELECT COUNT(*) AS duplicates FROM duplicate_items"
    }
  } ],
  "writers" : [ {
    "type" : "JDBC",
    "config" : {
      "database" : "dolphinscheduler",
      "password" : "****",
      "driver" : "org.postgresql.Driver",
      "user" : "root",
      "table" : "t_ds_dq_execute_result",
      "url" : "jdbc:postgresql://dolphinscheduler-postgresql:5432/dolphinscheduler",
      "sql" : "select 0 as rule_type,'$t(uniqueness_check)' as rule_name,0 as process_definition_id,1050 as process_instance_id,3939 as task_instance_id,duplicate_count.duplicates AS statistics_value,0 AS comparison_value,1 AS comparison_type,0 as check_type,0 as threshold,0 as operator,0 as failure_strategy,'hdfs://mycluster:8020/user/default/data_quality_error_data/0_1050_[null check] filtered data persistence' as error_output_path,'2024-05-06 15:59:28' as create_time,'2024-05-06 15:59:28' as update_time from duplicate_count "
    }
  }, {
    "type" : "JDBC",
    "config" : {
      "database" : "dolphinscheduler",
      "password" : "****",
      "driver" : "org.postgresql.Driver",
      "user" : "root",
      "table" : "t_ds_dq_task_statistics_value",
      "url" : "jdbc:postgresql://dolphinscheduler-postgresql:5432/dolphinscheduler",
      "sql" : "select 0 as process_definition_id,3939 as task_instance_id,6 as rule_id,'KA0AXXWVHWW+GZX4BPZXFGFZ0F0OYMUQ+BVYG4+ZIKG=' as unique_code,'duplicate_count.duplicates'AS statistics_name,duplicate_count.duplicates AS statistics_value,'2024-05-06 15:59:28' as data_time,'2024-05-06 15:59:28' as create_time,'2024-05-06 15:59:28' as update_time from duplicate_count"
    }
  }, {
    "type" : "hdfs_file",
    "config" : {
      "path" : "hdfs://mycluster:8020/user/default/data_quality_error_data/0_1050_[null check] filtered data persistence",
      "input_table" : "duplicate_items"
    }
  } ]
}
[INFO] 2024-05-06 15:59:28.443 +0800 - Trying to get data quality jar in path
[INFO] 2024-05-06 15:59:28.443 +0800 - Success initialized task plugin instance successfully
[INFO] 2024-05-06 15:59:28.444 +0800 - Set taskVarPool: null successfully
[INFO] 2024-05-06 15:59:28.444 +0800 - ***********************************************************************************************
[INFO] 2024-05-06 15:59:28.444 +0800 - *********************************  Execute task instance  *************************************
[INFO] 2024-05-06 15:59:28.444 +0800 - ***********************************************************************************************
[INFO] 2024-05-06 15:59:28.448 +0800 - Final Shell file is: 
[INFO] 2024-05-06 15:59:28.448 +0800 - ****************************** Script Content *****************************************************************
[INFO] 2024-05-06 15:59:28.449 +0800 - #!/bin/bash
BASEDIR=$(cd `dirname $0`; pwd)
cd $BASEDIR
export SPARK_HOME=/opt/spark-3.5.1-bin-hadoop3
export JAVA_HOME=/opt/java/openjdk
export PYSPARK_DRIVER_PYTHON=/bin/python3.11
export PYSPARK_PYTHON=/bin/python3.11
${SPARK_HOME}/bin/spark-submit --master local --driver-cores 1 --driver-memory 512M --num-executors 1 --executor-cores 1 --executor-memory 1G --conf spark.driver.extraJavaOptions="-Divy.cache.dir=/tmp -Divy.home=/tmp" \
--packages org.postgresql:postgresql:42.7.3 /opt/dolphinscheduler/conf/../libs/dolphinscheduler-data-quality-3.2.1.jar "{\"name\":\"$t(uniqueness_check)\",\"env\":{\"type\":\"batch\",\"config\":null},\"readers\":[{\"type\":\"JDBC\",\"config\":{\"database\":\"persistence\",\"password\":\"****\",\"driver\":\"org.postgresql.Driver\",\"user\":\"root\",\"output_table\":\"persistence_filtered_data_persistence\",\"table\":\"filtered_data_persistence\",\"url\":\"jdbc:postgresql://dolphinscheduler-postgresql:5432/persistence?password=root\"} }],\"transformers\":[{\"type\":\"sql\",\"config\":{\"index\":1,\"output_table\":\"duplicate_items\",\"sql\":\"SELECT content FROM persistence_filtered_data_persistence group by content having count(*) > 1\"} },{\"type\":\"sql\",\"config\":{\"index\":2,\"output_table\":\"duplicate_count\",\"sql\":\"SELECT COUNT(*) AS duplicates FROM duplicate_items\"} }],\"writers\":[{\"type\":\"JDBC\",\"config\":{\"database\":\"dolphinscheduler\",\"password\":\"****\",\"driver\":\"org.postgresql.Driver\",\"user\":\"root\",\"table\":\"t_ds_dq_execute_result\",\"url\":\"jdbc:postgresql://dolphinscheduler-postgresql:5432/dolphinscheduler\",\"sql\":\"select 0 as rule_type,'$t(uniqueness_check)' as rule_name,0 as process_definition_id,1050 as process_instance_id,3939 as task_instance_id,duplicate_count.duplicates AS statistics_value,0 AS comparison_value,1 AS comparison_type,0 as check_type,0 as threshold,0 as operator,0 as failure_strategy,'hdfs://mycluster:8020/user/default/data_quality_error_data/0_1050_[null check] filtered data persistence' as error_output_path,'2024-05-06 15:59:28' as create_time,'2024-05-06 15:59:28' as update_time from duplicate_count \"} },{\"type\":\"JDBC\",\"config\":{\"database\":\"dolphinscheduler\",\"password\":\"****\",\"driver\":\"org.postgresql.Driver\",\"user\":\"root\",\"table\":\"t_ds_dq_task_statistics_value\",\"url\":\"jdbc:postgresql://dolphinscheduler-postgresql:5432/dolphinscheduler\",\"sql\":\"select 0 as process_definition_id,3939 as task_instance_id,6 as rule_id,'KA0AXXWVHWW+GZX4BPZXFGFZ0F0OYMUQ+BVYG4+ZIKG=' as unique_code,'duplicate_count.duplicates'AS statistics_name,duplicate_count.duplicates AS statistics_value,'2024-05-06 15:59:28' as data_time,'2024-05-06 15:59:28' as create_time,'2024-05-06 15:59:28' as update_time from duplicate_count\"} },{\"type\":\"hdfs_file\",\"config\":{\"path\":\"hdfs://mycluster:8020/user/default/data_quality_error_data/0_1050_[null check] filtered data persistence\",\"input_table\":\"duplicate_items\"} }]}"
[INFO] 2024-05-06 15:59:28.449 +0800 - ****************************** Script Content *****************************************************************
[INFO] 2024-05-06 15:59:28.450 +0800 - Executing shell command : sudo -u default -i /tmp/dolphinscheduler/exec/process/default/13001194483488/13505298546272_21/1050/3939/1050_3939.sh
[INFO] 2024-05-06 15:59:28.467 +0800 - process start, process id is: 9373
[INFO] 2024-05-06 15:59:29.467 +0800 -  -> 
	sudo: unable to change directory to /home/default: No such file or directory
[INFO] 2024-05-06 15:59:31.473 +0800 -  -> 
	:: loading settings :: url = jar:file:/opt/spark-3.5.1-bin-hadoop3/jars/ivy-2.5.1.jar!/org/apache/ivy/core/settings/ivysettings.xml
	Ivy Default Cache set to: /tmp
	The jars for the packages stored in: /tmp/jars
	org.postgresql#postgresql added as a dependency
	:: resolving dependencies :: org.apache.spark#spark-submit-parent-7d6e9b3a-cd0f-4228-903f-30b622c575ad;1.0
		confs: [default]
		found org.postgresql#postgresql;42.7.3 in central
		found org.checkerframework#checker-qual;3.42.0 in central
	:: resolution report :: resolve 152ms :: artifacts dl 6ms
		:: modules in use:
		org.checkerframework#checker-qual;3.42.0 from central in [default]
		org.postgresql#postgresql;42.7.3 from central in [default]
		---------------------------------------------------------------------
		|                  |            modules            ||   artifacts   |
		|       conf       | number| search|dwnlded|evicted|| number|dwnlded|
		---------------------------------------------------------------------
		|      default     |   2   |   0   |   0   |   0   ||   2   |   0   |
		---------------------------------------------------------------------
	:: retrieving :: org.apache.spark#spark-submit-parent-7d6e9b3a-cd0f-4228-903f-30b622c575ad
		confs: [default]
		0 artifacts copied, 2 already retrieved (0kB/6ms)
[INFO] 2024-05-06 15:59:32.479 +0800 -  -> 
	24/05/06 15:59:31 WARN NativeCodeLoader: Unable to load native-hadoop library for your platform... using builtin-java classes where applicable
[INFO] 2024-05-06 15:59:33.482 +0800 -  -> 
	24/05/06 15:59:32 INFO SparkContext: Running Spark version 3.5.1
	24/05/06 15:59:32 INFO SparkContext: OS info Linux, 6.5.0-28-generic, amd64
	24/05/06 15:59:32 INFO SparkContext: Java version 1.8.0_402
	24/05/06 15:59:32 INFO ResourceUtils: ==============================================================
	24/05/06 15:59:32 INFO ResourceUtils: No custom resources configured for spark.driver.
	24/05/06 15:59:32 INFO ResourceUtils: ==============================================================
	24/05/06 15:59:32 INFO SparkContext: Submitted application: (uniqueness_check)
	24/05/06 15:59:32 INFO ResourceProfile: Default ResourceProfile created, executor resources: Map(cores -> name: cores, amount: 1, script: , vendor: , memory -> name: memory, amount: 1024, script: , vendor: , offHeap -> name: offHeap, amount: 0, script: , vendor: ), task resources: Map(cpus -> name: cpus, amount: 1.0)
	24/05/06 15:59:32 INFO ResourceProfile: Limiting resource is cpu
	24/05/06 15:59:32 INFO ResourceProfileManager: Added ResourceProfile id: 0
	24/05/06 15:59:32 INFO SecurityManager: Changing view acls to: default
	24/05/06 15:59:32 INFO SecurityManager: Changing modify acls to: default
	24/05/06 15:59:32 INFO SecurityManager: Changing view acls groups to: 
	24/05/06 15:59:32 INFO SecurityManager: Changing modify acls groups to: 
	24/05/06 15:59:32 INFO SecurityManager: SecurityManager: authentication disabled; ui acls disabled; users with view permissions: default; groups with view permissions: EMPTY; users with modify permissions: default; groups with modify permissions: EMPTY
	24/05/06 15:59:33 INFO Utils: Successfully started service 'sparkDriver' on port 43185.
	24/05/06 15:59:33 INFO SparkEnv: Registering MapOutputTracker
	24/05/06 15:59:33 INFO SparkEnv: Registering BlockManagerMaster
	24/05/06 15:59:33 INFO BlockManagerMasterEndpoint: Using org.apache.spark.storage.DefaultTopologyMapper for getting topology information
	24/05/06 15:59:33 INFO BlockManagerMasterEndpoint: BlockManagerMasterEndpoint up
[INFO] 2024-05-06 15:59:34.484 +0800 -  -> 
	24/05/06 15:59:33 INFO DiskBlockManager: Created local directory at /tmp/blockmgr-9b459171-fb1c-4df3-94ce-0e94e1ecb900
	24/05/06 15:59:33 INFO MemoryStore: MemoryStore started with capacity 93.3 MiB
	24/05/06 15:59:33 INFO SparkEnv: Registering OutputCommitCoordinator
	24/05/06 15:59:33 INFO JettyUtils: Start Jetty 0.0.0.0:4040 for SparkUI
	24/05/06 15:59:33 INFO Utils: Successfully started service 'SparkUI' on port 4040.
	24/05/06 15:59:34 INFO SparkContext: Added JAR file:///tmp/jars/org.postgresql_postgresql-42.7.3.jar at spark://02dc7f71660d:43185/jars/org.postgresql_postgresql-42.7.3.jar with timestamp 1714982372564
	24/05/06 15:59:34 INFO SparkContext: Added JAR file:///tmp/jars/org.checkerframework_checker-qual-3.42.0.jar at spark://02dc7f71660d:43185/jars/org.checkerframework_checker-qual-3.42.0.jar with timestamp 1714982372564
	24/05/06 15:59:34 INFO SparkContext: Added JAR file:/opt/dolphinscheduler/libs/dolphinscheduler-data-quality-3.2.1.jar at spark://02dc7f71660d:43185/jars/dolphinscheduler-data-quality-3.2.1.jar with timestamp 1714982372564
	24/05/06 15:59:34 INFO Executor: Starting executor ID driver on host 02dc7f71660d
	24/05/06 15:59:34 INFO Executor: OS info Linux, 6.5.0-28-generic, amd64
	24/05/06 15:59:34 INFO Executor: Java version 1.8.0_402
	24/05/06 15:59:34 INFO Executor: Starting executor with user classpath (userClassPathFirst = false): ''
	24/05/06 15:59:34 INFO Executor: Created or updated repl class loader org.apache.spark.util.MutableURLClassLoader@7d44a19 for default.
	24/05/06 15:59:34 INFO Executor: Fetching spark://02dc7f71660d:43185/jars/org.checkerframework_checker-qual-3.42.0.jar with timestamp 1714982372564
	24/05/06 15:59:34 INFO TransportClientFactory: Successfully created connection to 02dc7f71660d/172.18.1.1:43185 after 65 ms (0 ms spent in bootstraps)
	24/05/06 15:59:34 INFO Utils: Fetching spark://02dc7f71660d:43185/jars/org.checkerframework_checker-qual-3.42.0.jar to /tmp/spark-0759ea8f-f565-45b3-be1c-2956c7407e65/userFiles-6d8fa3a1-20d9-42a6-b95f-4a70dbf4f146/fetchFileTemp1862842838537976904.tmp
	24/05/06 15:59:34 INFO Executor: Adding file:/tmp/spark-0759ea8f-f565-45b3-be1c-2956c7407e65/userFiles-6d8fa3a1-20d9-42a6-b95f-4a70dbf4f146/org.checkerframework_checker-qual-3.42.0.jar to class loader default
	24/05/06 15:59:34 INFO Executor: Fetching spark://02dc7f71660d:43185/jars/dolphinscheduler-data-quality-3.2.1.jar with timestamp 1714982372564
	24/05/06 15:59:34 INFO Utils: Fetching spark://02dc7f71660d:43185/jars/dolphinscheduler-data-quality-3.2.1.jar to /tmp/spark-0759ea8f-f565-45b3-be1c-2956c7407e65/userFiles-6d8fa3a1-20d9-42a6-b95f-4a70dbf4f146/fetchFileTemp2413626967987016808.tmp
	24/05/06 15:59:34 INFO Executor: Adding file:/tmp/spark-0759ea8f-f565-45b3-be1c-2956c7407e65/userFiles-6d8fa3a1-20d9-42a6-b95f-4a70dbf4f146/dolphinscheduler-data-quality-3.2.1.jar to class loader default
	24/05/06 15:59:34 INFO Executor: Fetching spark://02dc7f71660d:43185/jars/org.postgresql_postgresql-42.7.3.jar with timestamp 1714982372564
	24/05/06 15:59:34 INFO Utils: Fetching spark://02dc7f71660d:43185/jars/org.postgresql_postgresql-42.7.3.jar to /tmp/spark-0759ea8f-f565-45b3-be1c-2956c7407e65/userFiles-6d8fa3a1-20d9-42a6-b95f-4a70dbf4f146/fetchFileTemp681773830348885327.tmp
	24/05/06 15:59:34 INFO Executor: Adding file:/tmp/spark-0759ea8f-f565-45b3-be1c-2956c7407e65/userFiles-6d8fa3a1-20d9-42a6-b95f-4a70dbf4f146/org.postgresql_postgresql-42.7.3.jar to class loader default
	24/05/06 15:59:34 INFO Utils: Successfully started service 'org.apache.spark.network.netty.NettyBlockTransferService' on port 38919.
	24/05/06 15:59:34 INFO NettyBlockTransferService: Server created on 02dc7f71660d:38919
	24/05/06 15:59:34 INFO BlockManager: Using org.apache.spark.storage.RandomBlockReplicationPolicy for block replication policy
	24/05/06 15:59:34 INFO BlockManagerMaster: Registering BlockManager BlockManagerId(driver, 02dc7f71660d, 38919, None)
	24/05/06 15:59:34 INFO BlockManagerMasterEndpoint: Registering block manager 02dc7f71660d:38919 with 93.3 MiB RAM, BlockManagerId(driver, 02dc7f71660d, 38919, None)
	24/05/06 15:59:34 INFO BlockManagerMaster: Registered BlockManager BlockManagerId(driver, 02dc7f71660d, 38919, None)
	24/05/06 15:59:34 INFO BlockManager: Initialized BlockManager: BlockManagerId(driver, 02dc7f71660d, 38919, None)
[INFO] 2024-05-06 15:59:35.486 +0800 -  -> 
	24/05/06 15:59:34 INFO SharedState: Setting hive.metastore.warehouse.dir ('null') to the value of spark.sql.warehouse.dir.
	24/05/06 15:59:34 INFO SharedState: Warehouse path is 'file:/tmp/dolphinscheduler/exec/process/default/13001194483488/13505298546272_21/1050/3939/spark-warehouse'.
[INFO] 2024-05-06 15:59:40.596 +0800 -  -> 
	24/05/06 15:59:40 WARN SparkStringUtils: Truncated the string representation of a plan since it was too large. This behavior can be adjusted by setting 'spark.sql.debug.maxToStringFields'.
[INFO] 2024-05-06 15:59:41.598 +0800 -  -> 
	24/05/06 15:59:41 INFO CodeGenerator: Code generated in 652.978232 ms
[INFO] 2024-05-06 15:59:42.600 +0800 -  -> 
	24/05/06 15:59:41 INFO DAGScheduler: Registering RDD 2 (save at JdbcWriter.java:87) as input to shuffle 0
	24/05/06 15:59:41 INFO DAGScheduler: Got map stage job 0 (save at JdbcWriter.java:87) with 1 output partitions
	24/05/06 15:59:41 INFO DAGScheduler: Final stage: ShuffleMapStage 0 (save at JdbcWriter.java:87)
	24/05/06 15:59:41 INFO DAGScheduler: Parents of final stage: List()
	24/05/06 15:59:41 INFO DAGScheduler: Missing parents: List()
	24/05/06 15:59:41 INFO DAGScheduler: Submitting ShuffleMapStage 0 (MapPartitionsRDD[2] at save at JdbcWriter.java:87), which has no missing parents
	24/05/06 15:59:41 INFO MemoryStore: Block broadcast_0 stored as values in memory (estimated size 34.8 KiB, free 93.3 MiB)
	24/05/06 15:59:41 INFO MemoryStore: Block broadcast_0_piece0 stored as bytes in memory (estimated size 16.4 KiB, free 93.3 MiB)
	24/05/06 15:59:41 INFO BlockManagerInfo: Added broadcast_0_piece0 in memory on 02dc7f71660d:38919 (size: 16.4 KiB, free: 93.3 MiB)
	24/05/06 15:59:41 INFO SparkContext: Created broadcast 0 from broadcast at DAGScheduler.scala:1585
	24/05/06 15:59:41 INFO DAGScheduler: Submitting 1 missing tasks from ShuffleMapStage 0 (MapPartitionsRDD[2] at save at JdbcWriter.java:87) (first 15 tasks are for partitions Vector(0))
	24/05/06 15:59:41 INFO TaskSchedulerImpl: Adding task set 0.0 with 1 tasks resource profile 0
	24/05/06 15:59:42 INFO TaskSetManager: Starting task 0.0 in stage 0.0 (TID 0) (02dc7f71660d, executor driver, partition 0, PROCESS_LOCAL, 7878 bytes) 
	24/05/06 15:59:42 INFO Executor: Running task 0.0 in stage 0.0 (TID 0)
	24/05/06 15:59:42 INFO CodeGenerator: Code generated in 51.280284 ms
	24/05/06 15:59:42 INFO CodeGenerator: Code generated in 15.323625 ms
	24/05/06 15:59:42 INFO CodeGenerator: Code generated in 5.848314 ms
	24/05/06 15:59:42 INFO CodeGenerator: Code generated in 7.711469 ms
	24/05/06 15:59:42 INFO CodeGenerator: Code generated in 12.863178 ms
	24/05/06 15:59:42 INFO JDBCRDD: closed connection
[INFO] 2024-05-06 15:59:43.638 +0800 -  -> 
	24/05/06 15:59:42 INFO Executor: Finished task 0.0 in stage 0.0 (TID 0). 2534 bytes result sent to driver
	24/05/06 15:59:42 INFO TaskSetManager: Finished task 0.0 in stage 0.0 (TID 0) in 651 ms on 02dc7f71660d (executor driver) (1/1)
	24/05/06 15:59:42 INFO TaskSchedulerImpl: Removed TaskSet 0.0, whose tasks have all completed, from pool 
	24/05/06 15:59:42 INFO DAGScheduler: ShuffleMapStage 0 (save at JdbcWriter.java:87) finished in 0.960 s
	24/05/06 15:59:42 INFO DAGScheduler: looking for newly runnable stages
	24/05/06 15:59:42 INFO DAGScheduler: running: Set()
	24/05/06 15:59:42 INFO DAGScheduler: waiting: Set()
	24/05/06 15:59:42 INFO DAGScheduler: failed: Set()
	24/05/06 15:59:42 INFO ShufflePartitionsUtil: For shuffle(0), advisory target size: 67108864, actual target size 1048576, minimum partition size: 1048576
	24/05/06 15:59:42 INFO HashAggregateExec: spark.sql.codegen.aggregate.map.twolevel.enabled is set to true, but current version of codegened fast hashmap does not support this aggregate.
	24/05/06 15:59:42 INFO CodeGenerator: Code generated in 11.952922 ms
	24/05/06 15:59:43 INFO DAGScheduler: Registering RDD 5 (save at JdbcWriter.java:87) as input to shuffle 1
	24/05/06 15:59:43 INFO DAGScheduler: Got map stage job 1 (save at JdbcWriter.java:87) with 1 output partitions
	24/05/06 15:59:43 INFO DAGScheduler: Final stage: ShuffleMapStage 2 (save at JdbcWriter.java:87)
	24/05/06 15:59:43 INFO DAGScheduler: Parents of final stage: List(ShuffleMapStage 1)
	24/05/06 15:59:43 INFO DAGScheduler: Missing parents: List()
	24/05/06 15:59:43 INFO DAGScheduler: Submitting ShuffleMapStage 2 (MapPartitionsRDD[5] at save at JdbcWriter.java:87), which has no missing parents
	24/05/06 15:59:43 INFO MemoryStore: Block broadcast_1 stored as values in memory (estimated size 40.5 KiB, free 93.2 MiB)
	24/05/06 15:59:43 INFO MemoryStore: Block broadcast_1_piece0 stored as bytes in memory (estimated size 19.1 KiB, free 93.2 MiB)
	24/05/06 15:59:43 INFO BlockManagerInfo: Added broadcast_1_piece0 in memory on 02dc7f71660d:38919 (size: 19.1 KiB, free: 93.3 MiB)
	24/05/06 15:59:43 INFO SparkContext: Created broadcast 1 from broadcast at DAGScheduler.scala:1585
	24/05/06 15:59:43 INFO DAGScheduler: Submitting 1 missing tasks from ShuffleMapStage 2 (MapPartitionsRDD[5] at save at JdbcWriter.java:87) (first 15 tasks are for partitions Vector(0))
	24/05/06 15:59:43 INFO TaskSchedulerImpl: Adding task set 2.0 with 1 tasks resource profile 0
	24/05/06 15:59:43 INFO TaskSetManager: Starting task 0.0 in stage 2.0 (TID 1) (02dc7f71660d, executor driver, partition 0, NODE_LOCAL, 8032 bytes) 
	24/05/06 15:59:43 INFO Executor: Running task 0.0 in stage 2.0 (TID 1)
	24/05/06 15:59:43 INFO ShuffleBlockFetcherIterator: Getting 1 (2.9 KiB) non-empty blocks including 1 (2.9 KiB) local and 0 (0.0 B) host-local and 0 (0.0 B) push-merged-local and 0 (0.0 B) remote blocks
	24/05/06 15:59:43 INFO ShuffleBlockFetcherIterator: Started 0 remote fetches in 16 ms
	24/05/06 15:59:43 INFO CodeGenerator: Code generated in 30.844443 ms
	24/05/06 15:59:43 INFO Executor: Finished task 0.0 in stage 2.0 (TID 1). 5420 bytes result sent to driver
	24/05/06 15:59:43 INFO TaskSetManager: Finished task 0.0 in stage 2.0 (TID 1) in 131 ms on 02dc7f71660d (executor driver) (1/1)
	24/05/06 15:59:43 INFO DAGScheduler: ShuffleMapStage 2 (save at JdbcWriter.java:87) finished in 0.152 s
	24/05/06 15:59:43 INFO DAGScheduler: looking for newly runnable stages
	24/05/06 15:59:43 INFO DAGScheduler: running: Set()
	24/05/06 15:59:43 INFO DAGScheduler: waiting: Set()
	24/05/06 15:59:43 INFO DAGScheduler: failed: Set()
	24/05/06 15:59:43 INFO TaskSchedulerImpl: Removed TaskSet 2.0, whose tasks have all completed, from pool 
	24/05/06 15:59:43 INFO CodeGenerator: Code generated in 12.869974 ms
	24/05/06 15:59:43 INFO SparkContext: Starting job: save at JdbcWriter.java:87
	24/05/06 15:59:43 INFO DAGScheduler: Got job 2 (save at JdbcWriter.java:87) with 1 output partitions
	24/05/06 15:59:43 INFO DAGScheduler: Final stage: ResultStage 5 (save at JdbcWriter.java:87)
	24/05/06 15:59:43 INFO DAGScheduler: Parents of final stage: List(ShuffleMapStage 4)
	24/05/06 15:59:43 INFO DAGScheduler: Missing parents: List()
	24/05/06 15:59:43 INFO DAGScheduler: Submitting ResultStage 5 (MapPartitionsRDD[10] at save at JdbcWriter.java:87), which has no missing parents
	24/05/06 15:59:43 INFO MemoryStore: Block broadcast_2 stored as values in memory (estimated size 51.4 KiB, free 93.1 MiB)
	24/05/06 15:59:43 INFO MemoryStore: Block broadcast_2_piece0 stored as bytes in memory (estimated size 23.0 KiB, free 93.1 MiB)
	24/05/06 15:59:43 INFO BlockManagerInfo: Added broadcast_2_piece0 in memory on 02dc7f71660d:38919 (size: 23.0 KiB, free: 93.2 MiB)
	24/05/06 15:59:43 INFO SparkContext: Created broadcast 2 from broadcast at DAGScheduler.scala:1585
	24/05/06 15:59:43 INFO DAGScheduler: Submitting 1 missing tasks from ResultStage 5 (MapPartitionsRDD[10] at save at JdbcWriter.java:87) (first 15 tasks are for partitions Vector(0))
	24/05/06 15:59:43 INFO TaskSchedulerImpl: Adding task set 5.0 with 1 tasks resource profile 0
	24/05/06 15:59:43 INFO TaskSetManager: Starting task 0.0 in stage 5.0 (TID 2) (02dc7f71660d, executor driver, partition 0, NODE_LOCAL, 8043 bytes) 
	24/05/06 15:59:43 INFO Executor: Running task 0.0 in stage 5.0 (TID 2)
	24/05/06 15:59:43 INFO BlockManagerInfo: Removed broadcast_0_piece0 on 02dc7f71660d:38919 in memory (size: 16.4 KiB, free: 93.3 MiB)
	24/05/06 15:59:43 INFO BlockManagerInfo: Removed broadcast_1_piece0 on 02dc7f71660d:38919 in memory (size: 19.1 KiB, free: 93.3 MiB)
[INFO] 2024-05-06 15:59:44.646 +0800 -  -> 
	24/05/06 15:59:43 INFO ShuffleBlockFetcherIterator: Getting 1 (60.0 B) non-empty blocks including 1 (60.0 B) local and 0 (0.0 B) host-local and 0 (0.0 B) push-merged-local and 0 (0.0 B) remote blocks
	24/05/06 15:59:43 INFO ShuffleBlockFetcherIterator: Started 0 remote fetches in 1 ms
	24/05/06 15:59:43 INFO CodeGenerator: Code generated in 28.175643 ms
[INFO] 2024-05-06 15:59:45.646 +0800 -  -> 
	24/05/06 15:59:45 INFO CodeGenerator: Code generated in 21.50195 ms
	24/05/06 15:59:45 ERROR Executor: Exception in task 0.0 in stage 5.0 (TID 2)
	java.sql.BatchUpdateException: Batch entry 0 INSERT INTO dolphinscheduler.t_ds_dq_execute_result ("rule_type","rule_name","process_definition_id","process_instance_id","task_instance_id","statistics_value","comparison_value","comparison_type","check_type","threshold","operator","failure_strategy","error_output_path","create_time","update_time") VALUES (('0'::int4),('(uniqueness_check)'),('0'::int4),('1050'::int4),('3939'::int4),('1'::int8),('0'::int4),('1'::int4),('0'::int4),('0'::int4),('0'::int4),('0'::int4),('hdfs://mycluster:8020/user/default/data_quality_error_data/0_1050_[null check] filtered data persistence'),('2024-05-06 15:59:28'),('2024-05-06 15:59:28')) was aborted: ERROR: column "create_time" is of type timestamp without time zone but expression is of type character varying
	  Hint: You will need to rewrite or cast the expression.
	  Position: 354  Call getNextException to see other errors in the batch.
		at org.postgresql.jdbc.BatchResultHandler.handleError(BatchResultHandler.java:165)
		at org.postgresql.core.ResultHandlerDelegate.handleError(ResultHandlerDelegate.java:52)
		at org.postgresql.core.v3.QueryExecutorImpl.processResults(QueryExecutorImpl.java:2413)
		at org.postgresql.core.v3.QueryExecutorImpl.execute(QueryExecutorImpl.java:579)
		at org.postgresql.jdbc.PgStatement.internalExecuteBatch(PgStatement.java:912)
		at org.postgresql.jdbc.PgStatement.executeBatch(PgStatement.java:936)
		at org.postgresql.jdbc.PgPreparedStatement.executeBatch(PgPreparedStatement.java:1733)
		at org.apache.spark.sql.execution.datasources.jdbc.JdbcUtils$.savePartition(JdbcUtils.scala:751)
		at org.apache.spark.sql.execution.datasources.jdbc.JdbcUtils$.$anonfun$saveTable$1(JdbcUtils.scala:902)
		at org.apache.spark.sql.execution.datasources.jdbc.JdbcUtils$.$anonfun$saveTable$1$adapted(JdbcUtils.scala:901)
		at org.apache.spark.rdd.RDD.$anonfun$foreachPartition$2(RDD.scala:1039)
		at org.apache.spark.rdd.RDD.$anonfun$foreachPartition$2$adapted(RDD.scala:1039)
		at org.apache.spark.SparkContext.$anonfun$runJob$5(SparkContext.scala:2438)
		at org.apache.spark.scheduler.ResultTask.runTask(ResultTask.scala:93)
		at org.apache.spark.TaskContext.runTaskWithListeners(TaskContext.scala:166)
		at org.apache.spark.scheduler.Task.run(Task.scala:141)
		at org.apache.spark.executor.Executor$TaskRunner.$anonfun$run$4(Executor.scala:620)
		at org.apache.spark.util.SparkErrorUtils.tryWithSafeFinally(SparkErrorUtils.scala:64)
		at org.apache.spark.util.SparkErrorUtils.tryWithSafeFinally$(SparkErrorUtils.scala:61)
		at org.apache.spark.util.Utils$.tryWithSafeFinally(Utils.scala:94)
		at org.apache.spark.executor.Executor$TaskRunner.run(Executor.scala:623)
		at java.util.concurrent.ThreadPoolExecutor.runWorker(ThreadPoolExecutor.java:1149)
		at java.util.concurrent.ThreadPoolExecutor$Worker.run(ThreadPoolExecutor.java:624)
		at java.lang.Thread.run(Thread.java:750)
	Caused by: org.postgresql.util.PSQLException: ERROR: column "create_time" is of type timestamp without time zone but expression is of type character varying
	  Hint: You will need to rewrite or cast the expression.
	  Position: 354
		at org.postgresql.core.v3.QueryExecutorImpl.receiveErrorResponse(QueryExecutorImpl.java:2725)
		at org.postgresql.core.v3.QueryExecutorImpl.processResults(QueryExecutorImpl.java:2412)
		... 21 more
	24/05/06 15:59:45 WARN TaskSetManager: Lost task 0.0 in stage 5.0 (TID 2) (02dc7f71660d executor driver): java.sql.BatchUpdateException: Batch entry 0 INSERT INTO dolphinscheduler.t_ds_dq_execute_result ("rule_type","rule_name","process_definition_id","process_instance_id","task_instance_id","statistics_value","comparison_value","comparison_type","check_type","threshold","operator","failure_strategy","error_output_path","create_time","update_time") VALUES (('0'::int4),('(uniqueness_check)'),('0'::int4),('1050'::int4),('3939'::int4),('1'::int8),('0'::int4),('1'::int4),('0'::int4),('0'::int4),('0'::int4),('0'::int4),('hdfs://mycluster:8020/user/default/data_quality_error_data/0_1050_[null check] filtered data persistence'),('2024-05-06 15:59:28'),('2024-05-06 15:59:28')) was aborted: ERROR: column "create_time" is of type timestamp without time zone but expression is of type character varying
	  Hint: You will need to rewrite or cast the expression.
	  Position: 354  Call getNextException to see other errors in the batch.
		at org.postgresql.jdbc.BatchResultHandler.handleError(BatchResultHandler.java:165)
		at org.postgresql.core.ResultHandlerDelegate.handleError(ResultHandlerDelegate.java:52)
		at org.postgresql.core.v3.QueryExecutorImpl.processResults(QueryExecutorImpl.java:2413)
		at org.postgresql.core.v3.QueryExecutorImpl.execute(QueryExecutorImpl.java:579)
		at org.postgresql.jdbc.PgStatement.internalExecuteBatch(PgStatement.java:912)
		at org.postgresql.jdbc.PgStatement.executeBatch(PgStatement.java:936)
		at org.postgresql.jdbc.PgPreparedStatement.executeBatch(PgPreparedStatement.java:1733)
		at org.apache.spark.sql.execution.datasources.jdbc.JdbcUtils$.savePartition(JdbcUtils.scala:751)
		at org.apache.spark.sql.execution.datasources.jdbc.JdbcUtils$.$anonfun$saveTable$1(JdbcUtils.scala:902)
		at org.apache.spark.sql.execution.datasources.jdbc.JdbcUtils$.$anonfun$saveTable$1$adapted(JdbcUtils.scala:901)
		at org.apache.spark.rdd.RDD.$anonfun$foreachPartition$2(RDD.scala:1039)
		at org.apache.spark.rdd.RDD.$anonfun$foreachPartition$2$adapted(RDD.scala:1039)
		at org.apache.spark.SparkContext.$anonfun$runJob$5(SparkContext.scala:2438)
		at org.apache.spark.scheduler.ResultTask.runTask(ResultTask.scala:93)
		at org.apache.spark.TaskContext.runTaskWithListeners(TaskContext.scala:166)
		at org.apache.spark.scheduler.Task.run(Task.scala:141)
		at org.apache.spark.executor.Executor$TaskRunner.$anonfun$run$4(Executor.scala:620)
		at org.apache.spark.util.SparkErrorUtils.tryWithSafeFinally(SparkErrorUtils.scala:64)
		at org.apache.spark.util.SparkErrorUtils.tryWithSafeFinally$(SparkErrorUtils.scala:61)
		at org.apache.spark.util.Utils$.tryWithSafeFinally(Utils.scala:94)
		at org.apache.spark.executor.Executor$TaskRunner.run(Executor.scala:623)
		at java.util.concurrent.ThreadPoolExecutor.runWorker(ThreadPoolExecutor.java:1149)
		at java.util.concurrent.ThreadPoolExecutor$Worker.run(ThreadPoolExecutor.java:624)
		at java.lang.Thread.run(Thread.java:750)
	Caused by: org.postgresql.util.PSQLException: ERROR: column "create_time" is of type timestamp without time zone but expression is of type character varying
	  Hint: You will need to rewrite or cast the expression.
	  Position: 354
		at org.postgresql.core.v3.QueryExecutorImpl.receiveErrorResponse(QueryExecutorImpl.java:2725)
		at org.postgresql.core.v3.QueryExecutorImpl.processResults(QueryExecutorImpl.java:2412)
		... 21 more
	
	24/05/06 15:59:45 ERROR TaskSetManager: Task 0 in stage 5.0 failed 1 times; aborting job
	24/05/06 15:59:45 INFO TaskSchedulerImpl: Removed TaskSet 5.0, whose tasks have all completed, from pool 
	24/05/06 15:59:45 INFO TaskSchedulerImpl: Cancelling stage 5
	24/05/06 15:59:45 INFO TaskSchedulerImpl: Killing all running tasks in stage 5: Stage cancelled: Job aborted due to stage failure: Task 0 in stage 5.0 failed 1 times, most recent failure: Lost task 0.0 in stage 5.0 (TID 2) (02dc7f71660d executor driver): java.sql.BatchUpdateException: Batch entry 0 INSERT INTO dolphinscheduler.t_ds_dq_execute_result ("rule_type","rule_name","process_definition_id","process_instance_id","task_instance_id","statistics_value","comparison_value","comparison_type","check_type","threshold","operator","failure_strategy","error_output_path","create_time","update_time") VALUES (('0'::int4),('(uniqueness_check)'),('0'::int4),('1050'::int4),('3939'::int4),('1'::int8),('0'::int4),('1'::int4),('0'::int4),('0'::int4),('0'::int4),('0'::int4),('hdfs://mycluster:8020/user/default/data_quality_error_data/0_1050_[null check] filtered data persistence'),('2024-05-06 15:59:28'),('2024-05-06 15:59:28')) was aborted: ERROR: column "create_time" is of type timestamp without time zone but expression is of type character varying
	  Hint: You will need to rewrite or cast the expression.
	  Position: 354  Call getNextException to see other errors in the batch.
		at org.postgresql.jdbc.BatchResultHandler.handleError(BatchResultHandler.java:165)
		at org.postgresql.core.ResultHandlerDelegate.handleError(ResultHandlerDelegate.java:52)
		at org.postgresql.core.v3.QueryExecutorImpl.processResults(QueryExecutorImpl.java:2413)
		at org.postgresql.core.v3.QueryExecutorImpl.execute(QueryExecutorImpl.java:579)
		at org.postgresql.jdbc.PgStatement.internalExecuteBatch(PgStatement.java:912)
		at org.postgresql.jdbc.PgStatement.executeBatch(PgStatement.java:936)
		at org.postgresql.jdbc.PgPreparedStatement.executeBatch(PgPreparedStatement.java:1733)
		at org.apache.spark.sql.execution.datasources.jdbc.JdbcUtils$.savePartition(JdbcUtils.scala:751)
		at org.apache.spark.sql.execution.datasources.jdbc.JdbcUtils$.$anonfun$saveTable$1(JdbcUtils.scala:902)
		at org.apache.spark.sql.execution.datasources.jdbc.JdbcUtils$.$anonfun$saveTable$1$adapted(JdbcUtils.scala:901)
		at org.apache.spark.rdd.RDD.$anonfun$foreachPartition$2(RDD.scala:1039)
		at org.apache.spark.rdd.RDD.$anonfun$foreachPartition$2$adapted(RDD.scala:1039)
		at org.apache.spark.SparkContext.$anonfun$runJob$5(SparkContext.scala:2438)
		at org.apache.spark.scheduler.ResultTask.runTask(ResultTask.scala:93)
		at org.apache.spark.TaskContext.runTaskWithListeners(TaskContext.scala:166)
		at org.apache.spark.scheduler.Task.run(Task.scala:141)
		at org.apache.spark.executor.Executor$TaskRunner.$anonfun$run$4(Executor.scala:620)
		at org.apache.spark.util.SparkErrorUtils.tryWithSafeFinally(SparkErrorUtils.scala:64)
		at org.apache.spark.util.SparkErrorUtils.tryWithSafeFinally$(SparkErrorUtils.scala:61)
		at org.apache.spark.util.Utils$.tryWithSafeFinally(Utils.scala:94)
		at org.apache.spark.executor.Executor$TaskRunner.run(Executor.scala:623)
		at java.util.concurrent.ThreadPoolExecutor.runWorker(ThreadPoolExecutor.java:1149)
		at java.util.concurrent.ThreadPoolExecutor$Worker.run(ThreadPoolExecutor.java:624)
		at java.lang.Thread.run(Thread.java:750)
	Caused by: org.postgresql.util.PSQLException: ERROR: column "create_time" is of type timestamp without time zone but expression is of type character varying
	  Hint: You will need to rewrite or cast the expression.
	  Position: 354
		at org.postgresql.core.v3.QueryExecutorImpl.receiveErrorResponse(QueryExecutorImpl.java:2725)
		at org.postgresql.core.v3.QueryExecutorImpl.processResults(QueryExecutorImpl.java:2412)
		... 21 more
	
	Driver stacktrace:
	24/05/06 15:59:45 INFO DAGScheduler: ResultStage 5 (save at JdbcWriter.java:87) failed in 2.168 s due to Job aborted due to stage failure: Task 0 in stage 5.0 failed 1 times, most recent failure: Lost task 0.0 in stage 5.0 (TID 2) (02dc7f71660d executor driver): java.sql.BatchUpdateException: Batch entry 0 INSERT INTO dolphinscheduler.t_ds_dq_execute_result ("rule_type","rule_name","process_definition_id","process_instance_id","task_instance_id","statistics_value","comparison_value","comparison_type","check_type","threshold","operator","failure_strategy","error_output_path","create_time","update_time") VALUES (('0'::int4),('(uniqueness_check)'),('0'::int4),('1050'::int4),('3939'::int4),('1'::int8),('0'::int4),('1'::int4),('0'::int4),('0'::int4),('0'::int4),('0'::int4),('hdfs://mycluster:8020/user/default/data_quality_error_data/0_1050_[null check] filtered data persistence'),('2024-05-06 15:59:28'),('2024-05-06 15:59:28')) was aborted: ERROR: column "create_time" is of type timestamp without time zone but expression is of type character varying
	  Hint: You will need to rewrite or cast the expression.
	  Position: 354  Call getNextException to see other errors in the batch.
		at org.postgresql.jdbc.BatchResultHandler.handleError(BatchResultHandler.java:165)
		at org.postgresql.core.ResultHandlerDelegate.handleError(ResultHandlerDelegate.java:52)
		at org.postgresql.core.v3.QueryExecutorImpl.processResults(QueryExecutorImpl.java:2413)
		at org.postgresql.core.v3.QueryExecutorImpl.execute(QueryExecutorImpl.java:579)
		at org.postgresql.jdbc.PgStatement.internalExecuteBatch(PgStatement.java:912)
		at org.postgresql.jdbc.PgStatement.executeBatch(PgStatement.java:936)
		at org.postgresql.jdbc.PgPreparedStatement.executeBatch(PgPreparedStatement.java:1733)
		at org.apache.spark.sql.execution.datasources.jdbc.JdbcUtils$.savePartition(JdbcUtils.scala:751)
		at org.apache.spark.sql.execution.datasources.jdbc.JdbcUtils$.$anonfun$saveTable$1(JdbcUtils.scala:902)
		at org.apache.spark.sql.execution.datasources.jdbc.JdbcUtils$.$anonfun$saveTable$1$adapted(JdbcUtils.scala:901)
		at org.apache.spark.rdd.RDD.$anonfun$foreachPartition$2(RDD.scala:1039)
		at org.apache.spark.rdd.RDD.$anonfun$foreachPartition$2$adapted(RDD.scala:1039)
		at org.apache.spark.SparkContext.$anonfun$runJob$5(SparkContext.scala:2438)
		at org.apache.spark.scheduler.ResultTask.runTask(ResultTask.scala:93)
		at org.apache.spark.TaskContext.runTaskWithListeners(TaskContext.scala:166)
		at org.apache.spark.scheduler.Task.run(Task.scala:141)
		at org.apache.spark.executor.Executor$TaskRunner.$anonfun$run$4(Executor.scala:620)
		at org.apache.spark.util.SparkErrorUtils.tryWithSafeFinally(SparkErrorUtils.scala:64)
		at org.apache.spark.util.SparkErrorUtils.tryWithSafeFinally$(SparkErrorUtils.scala:61)
		at org.apache.spark.util.Utils$.tryWithSafeFinally(Utils.scala:94)
		at org.apache.spark.executor.Executor$TaskRunner.run(Executor.scala:623)
		at java.util.concurrent.ThreadPoolExecutor.runWorker(ThreadPoolExecutor.java:1149)
		at java.util.concurrent.ThreadPoolExecutor$Worker.run(ThreadPoolExecutor.java:624)
		at java.lang.Thread.run(Thread.java:750)
	Caused by: org.postgresql.util.PSQLException: ERROR: column "create_time" is of type timestamp without time zone but expression is of type character varying
	  Hint: You will need to rewrite or cast the expression.
	  Position: 354
		at org.postgresql.core.v3.QueryExecutorImpl.receiveErrorResponse(QueryExecutorImpl.java:2725)
		at org.postgresql.core.v3.QueryExecutorImpl.processResults(QueryExecutorImpl.java:2412)
		... 21 more
	
	Driver stacktrace:
	24/05/06 15:59:45 INFO DAGScheduler: Job 2 failed: save at JdbcWriter.java:87, took 2.200952 s
[INFO] 2024-05-06 15:59:46.648 +0800 -  -> 
	Exception in thread "main" org.apache.spark.SparkException: Job aborted due to stage failure: Task 0 in stage 5.0 failed 1 times, most recent failure: Lost task 0.0 in stage 5.0 (TID 2) (02dc7f71660d executor driver): java.sql.BatchUpdateException: Batch entry 0 INSERT INTO dolphinscheduler.t_ds_dq_execute_result ("rule_type","rule_name","process_definition_id","process_instance_id","task_instance_id","statistics_value","comparison_value","comparison_type","check_type","threshold","operator","failure_strategy","error_output_path","create_time","update_time") VALUES (('0'::int4),('(uniqueness_check)'),('0'::int4),('1050'::int4),('3939'::int4),('1'::int8),('0'::int4),('1'::int4),('0'::int4),('0'::int4),('0'::int4),('0'::int4),('hdfs://mycluster:8020/user/default/data_quality_error_data/0_1050_[null check] filtered data persistence'),('2024-05-06 15:59:28'),('2024-05-06 15:59:28')) was aborted: ERROR: column "create_time" is of type timestamp without time zone but expression is of type character varying
	  Hint: You will need to rewrite or cast the expression.
	  Position: 354  Call getNextException to see other errors in the batch.
		at org.postgresql.jdbc.BatchResultHandler.handleError(BatchResultHandler.java:165)
		at org.postgresql.core.ResultHandlerDelegate.handleError(ResultHandlerDelegate.java:52)
		at org.postgresql.core.v3.QueryExecutorImpl.processResults(QueryExecutorImpl.java:2413)
		at org.postgresql.core.v3.QueryExecutorImpl.execute(QueryExecutorImpl.java:579)
		at org.postgresql.jdbc.PgStatement.internalExecuteBatch(PgStatement.java:912)
		at org.postgresql.jdbc.PgStatement.executeBatch(PgStatement.java:936)
		at org.postgresql.jdbc.PgPreparedStatement.executeBatch(PgPreparedStatement.java:1733)
		at org.apache.spark.sql.execution.datasources.jdbc.JdbcUtils$.savePartition(JdbcUtils.scala:751)
		at org.apache.spark.sql.execution.datasources.jdbc.JdbcUtils$.$anonfun$saveTable$1(JdbcUtils.scala:902)
		at org.apache.spark.sql.execution.datasources.jdbc.JdbcUtils$.$anonfun$saveTable$1$adapted(JdbcUtils.scala:901)
		at org.apache.spark.rdd.RDD.$anonfun$foreachPartition$2(RDD.scala:1039)
		at org.apache.spark.rdd.RDD.$anonfun$foreachPartition$2$adapted(RDD.scala:1039)
		at org.apache.spark.SparkContext.$anonfun$runJob$5(SparkContext.scala:2438)
		at org.apache.spark.scheduler.ResultTask.runTask(ResultTask.scala:93)
		at org.apache.spark.TaskContext.runTaskWithListeners(TaskContext.scala:166)
		at org.apache.spark.scheduler.Task.run(Task.scala:141)
		at org.apache.spark.executor.Executor$TaskRunner.$anonfun$run$4(Executor.scala:620)
		at org.apache.spark.util.SparkErrorUtils.tryWithSafeFinally(SparkErrorUtils.scala:64)
		at org.apache.spark.util.SparkErrorUtils.tryWithSafeFinally$(SparkErrorUtils.scala:61)
		at org.apache.spark.util.Utils$.tryWithSafeFinally(Utils.scala:94)
		at org.apache.spark.executor.Executor$TaskRunner.run(Executor.scala:623)
		at java.util.concurrent.ThreadPoolExecutor.runWorker(ThreadPoolExecutor.java:1149)
		at java.util.concurrent.ThreadPoolExecutor$Worker.run(ThreadPoolExecutor.java:624)
		at java.lang.Thread.run(Thread.java:750)
	Caused by: org.postgresql.util.PSQLException: ERROR: column "create_time" is of type timestamp without time zone but expression is of type character varying
	  Hint: You will need to rewrite or cast the expression.
	  Position: 354
		at org.postgresql.core.v3.QueryExecutorImpl.receiveErrorResponse(QueryExecutorImpl.java:2725)
		at org.postgresql.core.v3.QueryExecutorImpl.processResults(QueryExecutorImpl.java:2412)
		... 21 more
	
	Driver stacktrace:
		at org.apache.spark.scheduler.DAGScheduler.failJobAndIndependentStages(DAGScheduler.scala:2856)
		at org.apache.spark.scheduler.DAGScheduler.$anonfun$abortStage$2(DAGScheduler.scala:2792)
		at org.apache.spark.scheduler.DAGScheduler.$anonfun$abortStage$2$adapted(DAGScheduler.scala:2791)
		at scala.collection.mutable.ResizableArray.foreach(ResizableArray.scala:62)
		at scala.collection.mutable.ResizableArray.foreach$(ResizableArray.scala:55)
		at scala.collection.mutable.ArrayBuffer.foreach(ArrayBuffer.scala:49)
		at org.apache.spark.scheduler.DAGScheduler.abortStage(DAGScheduler.scala:2791)
		at org.apache.spark.scheduler.DAGScheduler.$anonfun$handleTaskSetFailed$1(DAGScheduler.scala:1247)
		at org.apache.spark.scheduler.DAGScheduler.$anonfun$handleTaskSetFailed$1$adapted(DAGScheduler.scala:1247)
		at scala.Option.foreach(Option.scala:407)
		at org.apache.spark.scheduler.DAGScheduler.handleTaskSetFailed(DAGScheduler.scala:1247)
		at org.apache.spark.scheduler.DAGSchedulerEventProcessLoop.doOnReceive(DAGScheduler.scala:3060)
		at org.apache.spark.scheduler.DAGSchedulerEventProcessLoop.onReceive(DAGScheduler.scala:2994)
		at org.apache.spark.scheduler.DAGSchedulerEventProcessLoop.onReceive(DAGScheduler.scala:2983)
		at org.apache.spark.util.EventLoop$$anon$1.run(EventLoop.scala:49)
		at org.apache.spark.scheduler.DAGScheduler.runJob(DAGScheduler.scala:989)
		at org.apache.spark.SparkContext.runJob(SparkContext.scala:2398)
		at org.apache.spark.SparkContext.runJob(SparkContext.scala:2419)
		at org.apache.spark.SparkContext.runJob(SparkContext.scala:2438)
		at org.apache.spark.SparkContext.runJob(SparkContext.scala:2463)
		at org.apache.spark.rdd.RDD.$anonfun$foreachPartition$1(RDD.scala:1039)
		at org.apache.spark.rdd.RDDOperationScope$.withScope(RDDOperationScope.scala:151)
		at org.apache.spark.rdd.RDDOperationScope$.withScope(RDDOperationScope.scala:112)
		at org.apache.spark.rdd.RDD.withScope(RDD.scala:410)
		at org.apache.spark.rdd.RDD.foreachPartition(RDD.scala:1037)
		at org.apache.spark.sql.Dataset.$anonfun$foreachPartition$1(Dataset.scala:3514)
		at scala.runtime.java8.JFunction0$mcV$sp.apply(JFunction0$mcV$sp.java:23)
		at org.apache.spark.sql.Dataset.$anonfun$withNewRDDExecutionId$1(Dataset.scala:4309)
		at org.apache.spark.sql.execution.SQLExecution$.$anonfun$withNewExecutionId$6(SQLExecution.scala:125)
		at org.apache.spark.sql.execution.SQLExecution$.withSQLConfPropagated(SQLExecution.scala:201)
		at org.apache.spark.sql.execution.SQLExecution$.$anonfun$withNewExecutionId$1(SQLExecution.scala:108)
		at org.apache.spark.sql.SparkSession.withActive(SparkSession.scala:900)
		at org.apache.spark.sql.execution.SQLExecution$.withNewExecutionId(SQLExecution.scala:66)
		at org.apache.spark.sql.Dataset.withNewRDDExecutionId(Dataset.scala:4307)
		at org.apache.spark.sql.Dataset.foreachPartition(Dataset.scala:3514)
		at org.apache.spark.sql.execution.datasources.jdbc.JdbcUtils$.saveTable(JdbcUtils.scala:901)
		at org.apache.spark.sql.execution.datasources.jdbc.JdbcRelationProvider.createRelation(JdbcRelationProvider.scala:70)
		at org.apache.spark.sql.execution.datasources.SaveIntoDataSourceCommand.run(SaveIntoDataSourceCommand.scala:48)
		at org.apache.spark.sql.execution.command.ExecutedCommandExec.sideEffectResult$lzycompute(commands.scala:75)
		at org.apache.spark.sql.execution.command.ExecutedCommandExec.sideEffectResult(commands.scala:73)
		at org.apache.spark.sql.execution.command.ExecutedCommandExec.executeCollect(commands.scala:84)
		at org.apache.spark.sql.execution.QueryExecution$$anonfun$eagerlyExecuteCommands$1.$anonfun$applyOrElse$1(QueryExecution.scala:107)
		at org.apache.spark.sql.execution.SQLExecution$.$anonfun$withNewExecutionId$6(SQLExecution.scala:125)
		at org.apache.spark.sql.execution.SQLExecution$.withSQLConfPropagated(SQLExecution.scala:201)
		at org.apache.spark.sql.execution.SQLExecution$.$anonfun$withNewExecutionId$1(SQLExecution.scala:108)
		at org.apache.spark.sql.SparkSession.withActive(SparkSession.scala:900)
		at org.apache.spark.sql.execution.SQLExecution$.withNewExecutionId(SQLExecution.scala:66)
		at org.apache.spark.sql.execution.QueryExecution$$anonfun$eagerlyExecuteCommands$1.applyOrElse(QueryExecution.scala:107)
		at org.apache.spark.sql.execution.QueryExecution$$anonfun$eagerlyExecuteCommands$1.applyOrElse(QueryExecution.scala:98)
		at org.apache.spark.sql.catalyst.trees.TreeNode.$anonfun$transformDownWithPruning$1(TreeNode.scala:461)
		at org.apache.spark.sql.catalyst.trees.CurrentOrigin$.withOrigin(origin.scala:76)
		at org.apache.spark.sql.catalyst.trees.TreeNode.transformDownWithPruning(TreeNode.scala:461)
		at org.apache.spark.sql.catalyst.plans.logical.LogicalPlan.org$apache$spark$sql$catalyst$plans$logical$AnalysisHelper$$super$transformDownWithPruning(LogicalPlan.scala:32)
		at org.apache.spark.sql.catalyst.plans.logical.AnalysisHelper.transformDownWithPruning(AnalysisHelper.scala:267)
		at org.apache.spark.sql.catalyst.plans.logical.AnalysisHelper.transformDownWithPruning$(AnalysisHelper.scala:263)
		at org.apache.spark.sql.catalyst.plans.logical.LogicalPlan.transformDownWithPruning(LogicalPlan.scala:32)
		at org.apache.spark.sql.catalyst.plans.logical.LogicalPlan.transformDownWithPruning(LogicalPlan.scala:32)
		at org.apache.spark.sql.catalyst.trees.TreeNode.transformDown(TreeNode.scala:437)
		at org.apache.spark.sql.execution.QueryExecution.eagerlyExecuteCommands(QueryExecution.scala:98)
		at org.apache.spark.sql.execution.QueryExecution.commandExecuted$lzycompute(QueryExecution.scala:85)
		at org.apache.spark.sql.execution.QueryExecution.commandExecuted(QueryExecution.scala:83)
		at org.apache.spark.sql.execution.QueryExecution.assertCommandExecuted(QueryExecution.scala:142)
		at org.apache.spark.sql.DataFrameWriter.runCommand(DataFrameWriter.scala:859)
		at org.apache.spark.sql.DataFrameWriter.saveToV1Source(DataFrameWriter.scala:388)
		at org.apache.spark.sql.DataFrameWriter.saveInternal(DataFrameWriter.scala:361)
		at org.apache.spark.sql.DataFrameWriter.save(DataFrameWriter.scala:248)
		at org.apache.dolphinscheduler.data.quality.flow.batch.writer.JdbcWriter.write(JdbcWriter.java:87)
		at org.apache.dolphinscheduler.data.quality.execution.SparkBatchExecution.executeWriter(SparkBatchExecution.java:132)
		at org.apache.dolphinscheduler.data.quality.execution.SparkBatchExecution.execute(SparkBatchExecution.java:58)
		at org.apache.dolphinscheduler.data.quality.context.DataQualityContext.execute(DataQualityContext.java:62)
		at org.apache.dolphinscheduler.data.quality.DataQualityApplication.main(DataQualityApplication.java:78)
		at sun.reflect.NativeMethodAccessorImpl.invoke0(Native Method)
		at sun.reflect.NativeMethodAccessorImpl.invoke(NativeMethodAccessorImpl.java:62)
		at sun.reflect.DelegatingMethodAccessorImpl.invoke(DelegatingMethodAccessorImpl.java:43)
		at java.lang.reflect.Method.invoke(Method.java:498)
		at org.apache.spark.deploy.JavaMainApplication.start(SparkApplication.scala:52)
		at org.apache.spark.deploy.SparkSubmit.org$apache$spark$deploy$SparkSubmit$$runMain(SparkSubmit.scala:1029)
		at org.apache.spark.deploy.SparkSubmit.doRunMain$1(SparkSubmit.scala:194)
		at org.apache.spark.deploy.SparkSubmit.submit(SparkSubmit.scala:217)
		at org.apache.spark.deploy.SparkSubmit.doSubmit(SparkSubmit.scala:91)
		at org.apache.spark.deploy.SparkSubmit$$anon$2.doSubmit(SparkSubmit.scala:1120)
		at org.apache.spark.deploy.SparkSubmit$.main(SparkSubmit.scala:1129)
		at org.apache.spark.deploy.SparkSubmit.main(SparkSubmit.scala)
	Caused by: java.sql.BatchUpdateException: Batch entry 0 INSERT INTO dolphinscheduler.t_ds_dq_execute_result ("rule_type","rule_name","process_definition_id","process_instance_id","task_instance_id","statistics_value","comparison_value","comparison_type","check_type","threshold","operator","failure_strategy","error_output_path","create_time","update_time") VALUES (('0'::int4),('(uniqueness_check)'),('0'::int4),('1050'::int4),('3939'::int4),('1'::int8),('0'::int4),('1'::int4),('0'::int4),('0'::int4),('0'::int4),('0'::int4),('hdfs://mycluster:8020/user/default/data_quality_error_data/0_1050_[null check] filtered data persistence'),('2024-05-06 15:59:28'),('2024-05-06 15:59:28')) was aborted: ERROR: column "create_time" is of type timestamp without time zone but expression is of type character varying
	  Hint: You will need to rewrite or cast the expression.
	  Position: 354  Call getNextException to see other errors in the batch.
		at org.postgresql.jdbc.BatchResultHandler.handleError(BatchResultHandler.java:165)
		at org.postgresql.core.ResultHandlerDelegate.handleError(ResultHandlerDelegate.java:52)
		at org.postgresql.core.v3.QueryExecutorImpl.processResults(QueryExecutorImpl.java:2413)
		at org.postgresql.core.v3.QueryExecutorImpl.execute(QueryExecutorImpl.java:579)
		at org.postgresql.jdbc.PgStatement.internalExecuteBatch(PgStatement.java:912)
		at org.postgresql.jdbc.PgStatement.executeBatch(PgStatement.java:936)
		at org.postgresql.jdbc.PgPreparedStatement.executeBatch(PgPreparedStatement.java:1733)
		at org.apache.spark.sql.execution.datasources.jdbc.JdbcUtils$.savePartition(JdbcUtils.scala:751)
		at org.apache.spark.sql.execution.datasources.jdbc.JdbcUtils$.$anonfun$saveTable$1(JdbcUtils.scala:902)
		at org.apache.spark.sql.execution.datasources.jdbc.JdbcUtils$.$anonfun$saveTable$1$adapted(JdbcUtils.scala:901)
		at org.apache.spark.rdd.RDD.$anonfun$foreachPartition$2(RDD.scala:1039)
		at org.apache.spark.rdd.RDD.$anonfun$foreachPartition$2$adapted(RDD.scala:1039)
		at org.apache.spark.SparkContext.$anonfun$runJob$5(SparkContext.scala:2438)
		at org.apache.spark.scheduler.ResultTask.runTask(ResultTask.scala:93)
		at org.apache.spark.TaskContext.runTaskWithListeners(TaskContext.scala:166)
		at org.apache.spark.scheduler.Task.run(Task.scala:141)
		at org.apache.spark.executor.Executor$TaskRunner.$anonfun$run$4(Executor.scala:620)
		at org.apache.spark.util.SparkErrorUtils.tryWithSafeFinally(SparkErrorUtils.scala:64)
		at org.apache.spark.util.SparkErrorUtils.tryWithSafeFinally$(SparkErrorUtils.scala:61)
		at org.apache.spark.util.Utils$.tryWithSafeFinally(Utils.scala:94)
		at org.apache.spark.executor.Executor$TaskRunner.run(Executor.scala:623)
		at java.util.concurrent.ThreadPoolExecutor.runWorker(ThreadPoolExecutor.java:1149)
		at java.util.concurrent.ThreadPoolExecutor$Worker.run(ThreadPoolExecutor.java:624)
		at java.lang.Thread.run(Thread.java:750)
	Caused by: org.postgresql.util.PSQLException: ERROR: column "create_time" is of type timestamp without time zone but expression is of type character varying
	  Hint: You will need to rewrite or cast the expression.
	  Position: 354
		at org.postgresql.core.v3.QueryExecutorImpl.receiveErrorResponse(QueryExecutorImpl.java:2725)
		at org.postgresql.core.v3.QueryExecutorImpl.processResults(QueryExecutorImpl.java:2412)
		... 21 more
	24/05/06 15:59:45 INFO SparkContext: Invoking stop() from shutdown hook
	24/05/06 15:59:45 INFO SparkContext: SparkContext is stopping with exitCode 0.
	24/05/06 15:59:45 INFO SparkUI: Stopped Spark web UI at http://02dc7f71660d:4040
	24/05/06 15:59:45 INFO MapOutputTrackerMasterEndpoint: MapOutputTrackerMasterEndpoint stopped!
	24/05/06 15:59:45 INFO MemoryStore: MemoryStore cleared
	24/05/06 15:59:45 INFO BlockManager: BlockManager stopped
	24/05/06 15:59:45 INFO BlockManagerMaster: BlockManagerMaster stopped
	24/05/06 15:59:45 INFO OutputCommitCoordinator$OutputCommitCoordinatorEndpoint: OutputCommitCoordinator stopped!
	24/05/06 15:59:45 INFO SparkContext: Successfully stopped SparkContext
	24/05/06 15:59:45 INFO ShutdownHookManager: Shutdown hook called
	24/05/06 15:59:45 INFO ShutdownHookManager: Deleting directory /tmp/spark-26c722d9-2eb4-4b90-9273-39ea14e9590e
	24/05/06 15:59:45 INFO ShutdownHookManager: Deleting directory /tmp/spark-0759ea8f-f565-45b3-be1c-2956c7407e65
[INFO] 2024-05-06 15:59:46.650 +0800 - process has exited. execute path:/tmp/dolphinscheduler/exec/process/default/13001194483488/13505298546272_21/1050/3939, processId:9373 ,exitStatusCode:1 ,processWaitForStatus:true ,processExitValue:1
[INFO] 2024-05-06 15:59:46.651 +0800 - Start finding appId in /opt/dolphinscheduler/logs/20240506/13505298546272/21/1050/3939.log, fetch way: log 
[INFO] 2024-05-06 15:59:46.652 +0800 - ***********************************************************************************************
[INFO] 2024-05-06 15:59:46.653 +0800 - *********************************  Finalize task instance  ************************************
[INFO] 2024-05-06 15:59:46.657 +0800 - ***********************************************************************************************
[INFO] 2024-05-06 15:59:46.658 +0800 - Upload output files: [] successfully
[INFO] 2024-05-06 15:59:46.660 +0800 - Send task execute status: FAILURE to master : 172.18.1.1:1234
[INFO] 2024-05-06 15:59:46.661 +0800 - Remove the current task execute context from worker cache
[INFO] 2024-05-06 15:59:46.661 +0800 - The current execute mode isn't develop mode, will clear the task execute file: /tmp/dolphinscheduler/exec/process/default/13001194483488/13505298546272_21/1050/3939
[INFO] 2024-05-06 15:59:46.661 +0800 - Success clear the task execute file: /tmp/dolphinscheduler/exec/process/default/13001194483488/13505298546272_21/1050/3939
[INFO] 2024-05-06 15:59:46.662 +0800 - FINALIZE_SESSION
