[INFO] 2024-04-17 15:12:18.185 +0800 - ***********************************************************************************************
[INFO] 2024-04-17 15:12:18.186 +0800 - *********************************  Initialize task context  ***********************************
[INFO] 2024-04-17 15:12:18.186 +0800 - ***********************************************************************************************
[INFO] 2024-04-17 15:12:18.187 +0800 - Begin to initialize task
[INFO] 2024-04-17 15:12:18.187 +0800 - Set task startTime: 1713337938187
[INFO] 2024-04-17 15:12:18.187 +0800 - Set task appId: 287_601
[INFO] 2024-04-17 15:12:18.188 +0800 - End initialize task {
  "taskInstanceId" : 601,
  "taskName" : "sum of numbers",
  "firstSubmitTime" : 1713337938172,
  "startTime" : 1713337938187,
  "taskType" : "SHELL",
  "workflowInstanceHost" : "172.27.0.8:5678",
  "host" : "172.27.0.12:1234",
  "logPath" : "/opt/dolphinscheduler/logs/20240417/13001314456096/35/287/601.log",
  "processId" : 0,
  "processDefineCode" : 13001314456096,
  "processDefineVersion" : 35,
  "processInstanceId" : 287,
  "scheduleTime" : 0,
  "executorId" : 1,
  "cmdTypeIfComplement" : 0,
  "tenantCode" : "default",
  "processDefineId" : 0,
  "projectId" : 0,
  "projectCode" : 13001194483488,
  "taskParams" : "{\"localParams\":[{\"prop\":\"sum\",\"direct\":\"OUT\",\"type\":\"VARCHAR\",\"value\":\"\"}],\"rawScript\":\"#!/bin/bash\\n\\n# Calculate the sum\\nsum_of_num=\\\"$(($num1+$num2))\\\"\\n\\n# Display the result\\necho \\\"The sum of ${num1} and ${num2} is: $sum_of_num\\\"\\n\\necho \\\"#{setValue(sum=${sum_of_num})}\\\"\",\"resourceList\":[]}",
  "prepareParamsMap" : {
    "system.task.definition.name" : {
      "prop" : "system.task.definition.name",
      "direct" : "IN",
      "type" : "VARCHAR",
      "value" : "sum of numbers"
    },
    "system.project.name" : {
      "prop" : "system.project.name",
      "direct" : "IN",
      "type" : "VARCHAR",
      "value" : null
    },
    "system.biz.curdate" : {
      "prop" : "system.biz.curdate",
      "direct" : "IN",
      "type" : "VARCHAR",
      "value" : "20240417"
    },
    "system.task.instance.id" : {
      "prop" : "system.task.instance.id",
      "direct" : "IN",
      "type" : "VARCHAR",
      "value" : "601"
    },
    "system.task.definition.code" : {
      "prop" : "system.task.definition.code",
      "direct" : "IN",
      "type" : "VARCHAR",
      "value" : "13005214224704"
    },
    "system.datetime" : {
      "prop" : "system.datetime",
      "direct" : "IN",
      "type" : "VARCHAR",
      "value" : "20240417151218"
    },
    "system.project.code" : {
      "prop" : "system.project.code",
      "direct" : "IN",
      "type" : "VARCHAR",
      "value" : "13001194483488"
    },
    "system.workflow.instance.id" : {
      "prop" : "system.workflow.instance.id",
      "direct" : "IN",
      "type" : "VARCHAR",
      "value" : "287"
    },
    "num1" : {
      "prop" : "num1",
      "direct" : "IN",
      "type" : "VARCHAR",
      "value" : "1"
    },
    "system.biz.date" : {
      "prop" : "system.biz.date",
      "direct" : "IN",
      "type" : "VARCHAR",
      "value" : "20240416"
    },
    "system.workflow.definition.name" : {
      "prop" : "system.workflow.definition.name",
      "direct" : "IN",
      "type" : "VARCHAR",
      "value" : "random_numbers_generator"
    },
    "system.workflow.definition.code" : {
      "prop" : "system.workflow.definition.code",
      "direct" : "IN",
      "type" : "VARCHAR",
      "value" : "13001314456096"
    },
    "num2" : {
      "prop" : "num2",
      "direct" : "IN",
      "type" : "VARCHAR",
      "value" : "0"
    }
  },
  "taskAppId" : "287_601",
  "taskTimeout" : 2147483647,
  "workerGroup" : "default",
  "delayTime" : 0,
  "currentExecutionStatus" : "SUBMITTED_SUCCESS",
  "endTime" : 0,
  "varPool" : "[{\"prop\":\"num1\",\"direct\":\"IN\",\"type\":\"VARCHAR\",\"value\":\"1\"},{\"prop\":\"num2\",\"direct\":\"IN\",\"type\":\"VARCHAR\",\"value\":\"0\"}]",
  "dryRun" : 0,
  "paramsMap" : { },
  "cpuQuota" : -1,
  "memoryMax" : -1,
  "testFlag" : 0,
  "logBufferEnable" : false,
  "dispatchFailTimes" : 0
}
[INFO] 2024-04-17 15:12:18.188 +0800 - ***********************************************************************************************
[INFO] 2024-04-17 15:12:18.188 +0800 - *********************************  Load task instance plugin  *********************************
[INFO] 2024-04-17 15:12:18.188 +0800 - ***********************************************************************************************
[INFO] 2024-04-17 15:12:18.199 +0800 - Send task status RUNNING_EXECUTION master: 172.27.0.12:1234
[INFO] 2024-04-17 15:12:18.200 +0800 - TenantCode: default check successfully
[INFO] 2024-04-17 15:12:18.201 +0800 - WorkflowInstanceExecDir: /tmp/dolphinscheduler/exec/process/default/13001194483488/13001314456096_35/287/601 check successfully
[INFO] 2024-04-17 15:12:18.201 +0800 - Create TaskChannel: org.apache.dolphinscheduler.plugin.task.shell.ShellTaskChannel successfully
[INFO] 2024-04-17 15:12:18.202 +0800 - Download resources successfully: 
ResourceContext(resourceItemMap={})
[INFO] 2024-04-17 15:12:18.202 +0800 - Download upstream files: [] successfully
[INFO] 2024-04-17 15:12:18.203 +0800 - Task plugin instance: SHELL create successfully
[INFO] 2024-04-17 15:12:18.205 +0800 - Initialize shell task params {
  "localParams" : [ {
    "prop" : "sum",
    "direct" : "OUT",
    "type" : "VARCHAR",
    "value" : ""
  } ],
  "varPool" : null,
  "rawScript" : "#!/bin/bash\n\n# Calculate the sum\nsum_of_num=\"$(($num1+$num2))\"\n\n# Display the result\necho \"The sum of ${num1} and ${num2} is: $sum_of_num\"\n\necho \"#{setValue(sum=${sum_of_num})}\"",
  "resourceList" : [ ]
}
[INFO] 2024-04-17 15:12:18.207 +0800 - Success initialized task plugin instance successfully
[INFO] 2024-04-17 15:12:18.207 +0800 - Set taskVarPool: [{"prop":"num1","direct":"IN","type":"VARCHAR","value":"1"},{"prop":"num2","direct":"IN","type":"VARCHAR","value":"0"}] successfully
[INFO] 2024-04-17 15:12:18.207 +0800 - ***********************************************************************************************
[INFO] 2024-04-17 15:12:18.208 +0800 - *********************************  Execute task instance  *************************************
[INFO] 2024-04-17 15:12:18.208 +0800 - ***********************************************************************************************
[INFO] 2024-04-17 15:12:18.208 +0800 - Final Shell file is: 
[INFO] 2024-04-17 15:12:18.208 +0800 - ****************************** Script Content *****************************************************************
[INFO] 2024-04-17 15:12:18.208 +0800 - #!/bin/bash
BASEDIR=$(cd `dirname $0`; pwd)
cd $BASEDIR
#!/bin/bash

# Calculate the sum
sum_of_num="$(($num1+$num2))"

# Display the result
echo "The sum of 1 and 0 is: $sum_of_num"

echo "#{setValue(sum=${sum_of_num})}"
[INFO] 2024-04-17 15:12:18.208 +0800 - ****************************** Script Content *****************************************************************
[INFO] 2024-04-17 15:12:18.209 +0800 - Executing shell command : sudo -u default -i /tmp/dolphinscheduler/exec/process/default/13001194483488/13001314456096_35/287/601/287_601.sh
[INFO] 2024-04-17 15:12:18.219 +0800 - process start, process id is: 3236
[INFO] 2024-04-17 15:12:19.220 +0800 -  -> 
	sudo: unable to change directory to /home/default: No such file or directory
	/tmp/dolphinscheduler/exec/process/default/13001194483488/13001314456096_35/287/601/287_601.sh: line 7: +: syntax error: operand expected (error token is "+")
	The sum of 1 and 0 is: 
	#{setValue(sum=)}
[INFO] 2024-04-17 15:12:19.226 +0800 - process has exited. execute path:/tmp/dolphinscheduler/exec/process/default/13001194483488/13001314456096_35/287/601, processId:3236 ,exitStatusCode:0 ,processWaitForStatus:true ,processExitValue:0
[WARN] 2024-04-17 15:12:19.227 +0800 - Cannot find the output parameter sum in the task output parameters
[INFO] 2024-04-17 15:12:19.227 +0800 - ***********************************************************************************************
[INFO] 2024-04-17 15:12:19.227 +0800 - *********************************  Finalize task instance  ************************************
[INFO] 2024-04-17 15:12:19.228 +0800 - ***********************************************************************************************
[INFO] 2024-04-17 15:12:19.228 +0800 - Upload output files: [] successfully
[INFO] 2024-04-17 15:12:19.232 +0800 - Send task execute status: SUCCESS to master : 172.27.0.12:1234
[INFO] 2024-04-17 15:12:19.232 +0800 - Remove the current task execute context from worker cache
[INFO] 2024-04-17 15:12:19.232 +0800 - The current execute mode isn't develop mode, will clear the task execute file: /tmp/dolphinscheduler/exec/process/default/13001194483488/13001314456096_35/287/601
[INFO] 2024-04-17 15:12:19.233 +0800 - Success clear the task execute file: /tmp/dolphinscheduler/exec/process/default/13001194483488/13001314456096_35/287/601
[INFO] 2024-04-17 15:12:19.233 +0800 - FINALIZE_SESSION
