[WI-0][TI-0] - [INFO] 2024-04-08 17:05:53.281 +0800 o.a.d.s.w.c.WorkerServerLoadProtection:[48] - Worker OverLoad: the TotalCpuUsedPercentage: 0.8154269972451791 is over then the MaxCpuUsagePercentageThresholds 0.7
[WI-0][TI-0] - [INFO] 2024-04-08 17:06:23.426 +0800 o.a.d.s.w.c.WorkerServerLoadProtection:[48] - Worker OverLoad: the TotalCpuUsedPercentage: 0.7790131770251449 is over then the MaxCpuUsagePercentageThresholds 0.7
[WI-0][TI-0] - [INFO] 2024-04-08 17:12:10.179 +0800 o.a.d.s.w.c.WorkerServerLoadProtection:[48] - Worker OverLoad: the TotalCpuUsedPercentage: 0.8044077134986226 is over then the MaxCpuUsagePercentageThresholds 0.7
[WI-0][TI-0] - [INFO] 2024-04-08 17:12:11.193 +0800 o.a.d.s.w.c.WorkerServerLoadProtection:[48] - Worker OverLoad: the TotalCpuUsedPercentage: 0.7181008902077152 is over then the MaxCpuUsagePercentageThresholds 0.7
[WI-0][TI-0] - [INFO] 2024-04-08 17:12:13.213 +0800 o.a.d.s.w.c.WorkerServerLoadProtection:[48] - Worker OverLoad: the TotalCpuUsedPercentage: 0.72809667673716 is over then the MaxCpuUsagePercentageThresholds 0.7
[WI-0][TI-0] - [INFO] 2024-04-08 17:12:15.321 +0800 o.a.d.s.w.c.WorkerServerLoadProtection:[48] - Worker OverLoad: the TotalCpuUsedPercentage: 0.7384048499885544 is over then the MaxCpuUsagePercentageThresholds 0.7
[WI-0][TI-0] - [INFO] 2024-04-08 17:12:26.389 +0800 o.a.d.s.w.c.WorkerServerLoadProtection:[48] - Worker OverLoad: the TotalCpuUsedPercentage: 0.8207926383628995 is over then the MaxCpuUsagePercentageThresholds 0.7
[WI-0][TI-0] - [INFO] 2024-04-08 17:13:54.424 +0800 o.a.d.s.w.c.WorkerServerLoadProtection:[48] - Worker OverLoad: the TotalCpuUsedPercentage: 0.8210227272727273 is over then the MaxCpuUsagePercentageThresholds 0.7
[WI-0][TI-0] - [INFO] 2024-04-08 17:17:22.514 +0800 o.a.d.s.w.c.WorkerServerLoadProtection:[48] - Worker OverLoad: the TotalCpuUsedPercentage: 0.7066961298454739 is over then the MaxCpuUsagePercentageThresholds 0.7
[WI-0][TI-0] - [INFO] 2024-04-08 17:17:23.735 +0800 o.a.d.s.w.c.WorkerServerLoadProtection:[48] - Worker OverLoad: the TotalCpuUsedPercentage: 0.7141110154724666 is over then the MaxCpuUsagePercentageThresholds 0.7
[WI-0][TI-0] - [INFO] 2024-04-08 17:17:44.813 +0800 o.a.d.s.w.c.WorkerServerLoadProtection:[48] - Worker OverLoad: the TotalCpuUsedPercentage: 0.7277936962750716 is over then the MaxCpuUsagePercentageThresholds 0.7
[WI-0][TI-0] - [INFO] 2024-04-08 17:18:17.018 +0800 o.a.d.s.w.c.WorkerServerLoadProtection:[48] - Worker OverLoad: the TotalCpuUsedPercentage: 0.7290659280471965 is over then the MaxCpuUsagePercentageThresholds 0.7
[WI-0][TI-0] - [INFO] 2024-04-08 17:18:46.724 +0800 o.a.d.s.w.c.WorkerServerLoadProtection:[48] - Worker OverLoad: the TotalCpuUsedPercentage: 0.7231638418079096 is over then the MaxCpuUsagePercentageThresholds 0.7
[WI-0][TI-0] - [INFO] 2024-04-08 17:19:17.266 +0800 o.a.d.s.w.c.WorkerServerLoadProtection:[48] - Worker OverLoad: the TotalCpuUsedPercentage: 0.7603550295857988 is over then the MaxCpuUsagePercentageThresholds 0.7
[WI-0][TI-0] - [INFO] 2024-04-08 17:21:17.276 +0800 o.a.d.s.w.c.WorkerServerLoadProtection:[48] - Worker OverLoad: the TotalCpuUsedPercentage: 0.76536312849162 is over then the MaxCpuUsagePercentageThresholds 0.7
[WI-0][TI-0] - [INFO] 2024-04-08 17:23:13.021 +0800 o.a.d.s.w.c.WorkerServerLoadProtection:[48] - Worker OverLoad: the TotalCpuUsedPercentage: 0.7002801120448179 is over then the MaxCpuUsagePercentageThresholds 0.7
[WI-0][TI-0] - [INFO] 2024-04-08 17:23:49.204 +0800 o.a.d.s.w.c.WorkerServerLoadProtection:[48] - Worker OverLoad: the TotalCpuUsedPercentage: 0.7404129793510325 is over then the MaxCpuUsagePercentageThresholds 0.7
[WI-0][TI-0] - [INFO] 2024-04-08 17:24:43.536 +0800 o.a.d.s.w.c.WorkerServerLoadProtection:[48] - Worker OverLoad: the TotalCpuUsedPercentage: 0.7325227963525835 is over then the MaxCpuUsagePercentageThresholds 0.7
[WI-0][TI-0] - [INFO] 2024-04-08 17:24:44.658 +0800 o.a.d.s.w.c.WorkerServerLoadProtection:[48] - Worker OverLoad: the TotalCpuUsedPercentage: 0.7970358450237083 is over then the MaxCpuUsagePercentageThresholds 0.7
[WI-0][TI-0] - [INFO] 2024-04-08 17:24:46.709 +0800 o.a.d.s.w.c.WorkerServerLoadProtection:[48] - Worker OverLoad: the TotalCpuUsedPercentage: 0.7936046511627907 is over then the MaxCpuUsagePercentageThresholds 0.7
[WI-0][TI-0] - [INFO] 2024-04-08 17:24:49.779 +0800 o.a.d.s.w.c.WorkerServerLoadProtection:[48] - Worker OverLoad: the TotalCpuUsedPercentage: 0.7414772727272727 is over then the MaxCpuUsagePercentageThresholds 0.7
[WI-0][TI-0] - [INFO] 2024-04-08 17:24:58.926 +0800 o.a.d.s.w.c.WorkerServerLoadProtection:[48] - Worker OverLoad: the TotalCpuUsedPercentage: 0.721911101718794 is over then the MaxCpuUsagePercentageThresholds 0.7
[WI-0][TI-0] - [INFO] 2024-04-08 17:25:05.992 +0800 o.a.d.s.w.c.WorkerServerLoadProtection:[48] - Worker OverLoad: the TotalCpuUsedPercentage: 0.7017543859649122 is over then the MaxCpuUsagePercentageThresholds 0.7
[WI-0][TI-0] - [INFO] 2024-04-08 17:25:11.083 +0800 o.a.d.s.w.c.WorkerServerLoadProtection:[48] - Worker OverLoad: the TotalCpuUsedPercentage: 0.7635327635327636 is over then the MaxCpuUsagePercentageThresholds 0.7
[WI-0][TI-0] - [INFO] 2024-04-08 17:25:13.176 +0800 o.a.d.s.w.c.WorkerServerLoadProtection:[48] - Worker OverLoad: the TotalCpuUsedPercentage: 0.7787114845938374 is over then the MaxCpuUsagePercentageThresholds 0.7
[WI-0][TI-0] - [INFO] 2024-04-08 17:25:16.248 +0800 o.a.d.s.w.c.WorkerServerLoadProtection:[48] - Worker OverLoad: the TotalCpuUsedPercentage: 0.8260869565217391 is over then the MaxCpuUsagePercentageThresholds 0.7
[WI-0][TI-0] - [INFO] 2024-04-08 17:25:18.485 +0800 o.a.d.s.w.c.WorkerServerLoadProtection:[48] - Worker OverLoad: the TotalCpuUsedPercentage: 0.8111702127659575 is over then the MaxCpuUsagePercentageThresholds 0.7
[WI-0][TI-0] - [INFO] 2024-04-08 17:25:22.549 +0800 o.a.d.s.w.c.WorkerServerLoadProtection:[48] - Worker OverLoad: the TotalCpuUsedPercentage: 0.8425655976676384 is over then the MaxCpuUsagePercentageThresholds 0.7
[WI-0][TI-0] - [INFO] 2024-04-08 17:25:23.580 +0800 o.a.d.s.w.c.WorkerServerLoadProtection:[48] - Worker OverLoad: the TotalCpuUsedPercentage: 0.7667638483965014 is over then the MaxCpuUsagePercentageThresholds 0.7
[WI-0][TI-0] - [INFO] 2024-04-08 17:25:27.664 +0800 o.a.d.s.w.c.WorkerServerLoadProtection:[48] - Worker OverLoad: the TotalCpuUsedPercentage: 0.7055555555555556 is over then the MaxCpuUsagePercentageThresholds 0.7
[WI-0][TI-0] - [INFO] 2024-04-08 17:25:28.791 +0800 o.a.d.s.w.c.WorkerServerLoadProtection:[48] - Worker OverLoad: the TotalCpuUsedPercentage: 0.8808933002481389 is over then the MaxCpuUsagePercentageThresholds 0.7
[WI-0][TI-0] - [INFO] 2024-04-08 17:25:31.844 +0800 o.a.d.s.w.c.WorkerServerLoadProtection:[48] - Worker OverLoad: the TotalCpuUsedPercentage: 0.736704001127078 is over then the MaxCpuUsagePercentageThresholds 0.7
[WI-0][TI-0] - [INFO] 2024-04-08 17:25:34.104 +0800 o.a.d.s.w.c.WorkerServerLoadProtection:[48] - Worker OverLoad: the TotalCpuUsedPercentage: 0.7437641723356009 is over then the MaxCpuUsagePercentageThresholds 0.7
[WI-0][TI-0] - [INFO] 2024-04-08 17:25:39.184 +0800 o.a.d.s.w.c.WorkerServerLoadProtection:[48] - Worker OverLoad: the TotalCpuUsedPercentage: 0.86034301988952 is over then the MaxCpuUsagePercentageThresholds 0.7
[WI-0][TI-0] - [INFO] 2024-04-08 17:25:43.323 +0800 o.a.d.s.w.c.WorkerServerLoadProtection:[48] - Worker OverLoad: the TotalCpuUsedPercentage: 0.9410112359550562 is over then the MaxCpuUsagePercentageThresholds 0.7
[WI-0][TI-0] - [INFO] 2024-04-08 17:25:44.393 +0800 o.a.d.s.w.c.WorkerServerLoadProtection:[48] - Worker OverLoad: the TotalCpuUsedPercentage: 0.9595910418695228 is over then the MaxCpuUsagePercentageThresholds 0.7
[WI-0][TI-0] - [INFO] 2024-04-08 17:25:45.399 +0800 o.a.d.s.w.c.WorkerServerLoadProtection:[48] - Worker OverLoad: the TotalCpuUsedPercentage: 0.8972972972972972 is over then the MaxCpuUsagePercentageThresholds 0.7
[WI-0][TI-0] - [INFO] 2024-04-08 17:25:46.416 +0800 o.a.d.s.w.c.WorkerServerLoadProtection:[48] - Worker OverLoad: the TotalCpuUsedPercentage: 0.8898305084745762 is over then the MaxCpuUsagePercentageThresholds 0.7
[WI-0][TI-0] - [INFO] 2024-04-08 17:25:47.445 +0800 o.a.d.s.w.c.WorkerServerLoadProtection:[48] - Worker OverLoad: the TotalCpuUsedPercentage: 0.7713498622589532 is over then the MaxCpuUsagePercentageThresholds 0.7
[WI-0][TI-0] - [INFO] 2024-04-08 17:25:48.452 +0800 o.a.d.s.w.c.WorkerServerLoadProtection:[48] - Worker OverLoad: the TotalCpuUsedPercentage: 0.7994269340974212 is over then the MaxCpuUsagePercentageThresholds 0.7
[WI-0][TI-0] - [INFO] 2024-04-08 17:25:49.455 +0800 o.a.d.s.w.c.WorkerServerLoadProtection:[48] - Worker OverLoad: the TotalCpuUsedPercentage: 0.8542274052478134 is over then the MaxCpuUsagePercentageThresholds 0.7
[WI-0][TI-0] - [INFO] 2024-04-08 17:27:10.679 +0800 o.a.d.s.w.c.WorkerServerLoadProtection:[48] - Worker OverLoad: the TotalCpuUsedPercentage: 0.750733137829912 is over then the MaxCpuUsagePercentageThresholds 0.7
[WI-0][TI-0] - [INFO] 2024-04-08 17:27:13.719 +0800 o.a.d.s.w.c.WorkerServerLoadProtection:[48] - Worker OverLoad: the TotalCpuUsedPercentage: 0.8722222222222222 is over then the MaxCpuUsagePercentageThresholds 0.7
[WI-0][TI-0] - [INFO] 2024-04-08 17:33:14.311 +0800 o.a.d.s.w.c.WorkerServerLoadProtection:[48] - Worker OverLoad: the TotalCpuUsedPercentage: 0.8705882352941176 is over then the MaxCpuUsagePercentageThresholds 0.7
[WI-0][TI-0] - [INFO] 2024-04-08 17:33:19.364 +0800 o.a.d.s.w.c.WorkerServerLoadProtection:[48] - Worker OverLoad: the TotalCpuUsedPercentage: 0.7669616519174042 is over then the MaxCpuUsagePercentageThresholds 0.7
[WI-0][TI-0] - [INFO] 2024-04-08 17:33:40.340 +0800 o.a.d.s.w.c.WorkerServerLoadProtection:[48] - Worker OverLoad: the TotalCpuUsedPercentage: 0.7825018805716938 is over then the MaxCpuUsagePercentageThresholds 0.7
[WI-0][TI-0] - [INFO] 2024-04-08 17:34:41.222 +0800 o.a.d.s.w.c.WorkerServerLoadProtection:[48] - Worker OverLoad: the TotalCpuUsedPercentage: 0.9164501019280746 is over then the MaxCpuUsagePercentageThresholds 0.7
[WI-0][TI-0] - [INFO] 2024-04-08 17:34:44.262 +0800 o.a.d.s.w.c.WorkerServerLoadProtection:[48] - Worker OverLoad: the TotalCpuUsedPercentage: 0.7008224175362986 is over then the MaxCpuUsagePercentageThresholds 0.7
[WI-0][TI-0] - [INFO] 2024-04-08 17:34:46.314 +0800 o.a.d.s.w.c.WorkerServerLoadProtection:[48] - Worker OverLoad: the TotalCpuUsedPercentage: 0.8443271767810027 is over then the MaxCpuUsagePercentageThresholds 0.7
[WI-0][TI-0] - [INFO] 2024-04-08 17:34:49.362 +0800 o.a.d.s.w.c.WorkerServerLoadProtection:[48] - Worker OverLoad: the TotalCpuUsedPercentage: 0.7383720930232558 is over then the MaxCpuUsagePercentageThresholds 0.7
[WI-0][TI-0] - [INFO] 2024-04-08 17:34:50.384 +0800 o.a.d.s.w.c.WorkerServerLoadProtection:[48] - Worker OverLoad: the TotalCpuUsedPercentage: 0.8099173553719008 is over then the MaxCpuUsagePercentageThresholds 0.7
[WI-0][TI-0] - [INFO] 2024-04-08 17:34:51.388 +0800 o.a.d.s.w.c.WorkerServerLoadProtection:[48] - Worker OverLoad: the TotalCpuUsedPercentage: 0.8911174785100286 is over then the MaxCpuUsagePercentageThresholds 0.7
[WI-0][TI-0] - [INFO] 2024-04-08 17:34:52.392 +0800 o.a.d.s.w.c.WorkerServerLoadProtection:[48] - Worker OverLoad: the TotalCpuUsedPercentage: 0.8753387533875339 is over then the MaxCpuUsagePercentageThresholds 0.7
[WI-0][TI-0] - [INFO] 2024-04-08 17:34:53.403 +0800 o.a.d.s.w.c.WorkerServerLoadProtection:[48] - Worker OverLoad: the TotalCpuUsedPercentage: 0.8112676056338028 is over then the MaxCpuUsagePercentageThresholds 0.7
[WI-0][TI-0] - [INFO] 2024-04-08 17:34:54.409 +0800 o.a.d.s.w.c.WorkerServerLoadProtection:[48] - Worker OverLoad: the TotalCpuUsedPercentage: 0.8997332292276662 is over then the MaxCpuUsagePercentageThresholds 0.7
[WI-0][TI-0] - [INFO] 2024-04-08 17:34:55.427 +0800 o.a.d.s.w.c.WorkerServerLoadProtection:[48] - Worker OverLoad: the TotalCpuUsedPercentage: 0.8914285714285715 is over then the MaxCpuUsagePercentageThresholds 0.7
[WI-0][TI-0] - [INFO] 2024-04-08 17:34:56.446 +0800 o.a.d.s.w.c.WorkerServerLoadProtection:[48] - Worker OverLoad: the TotalCpuUsedPercentage: 0.9032258064516129 is over then the MaxCpuUsagePercentageThresholds 0.7
[WI-0][TI-0] - [INFO] 2024-04-08 17:34:57.450 +0800 o.a.d.s.w.c.WorkerServerLoadProtection:[48] - Worker OverLoad: the TotalCpuUsedPercentage: 0.8514285714285714 is over then the MaxCpuUsagePercentageThresholds 0.7
[WI-0][TI-0] - [INFO] 2024-04-08 17:35:01.475 +0800 o.a.d.s.w.c.WorkerServerLoadProtection:[48] - Worker OverLoad: the TotalCpuUsedPercentage: 0.8818443804034583 is over then the MaxCpuUsagePercentageThresholds 0.7
[WI-0][TI-0] - [INFO] 2024-04-08 17:35:02.501 +0800 o.a.d.s.w.c.WorkerServerLoadProtection:[48] - Worker OverLoad: the TotalCpuUsedPercentage: 0.9473684210526315 is over then the MaxCpuUsagePercentageThresholds 0.7
[WI-0][TI-0] - [INFO] 2024-04-08 17:35:03.509 +0800 o.a.d.s.w.c.WorkerServerLoadProtection:[48] - Worker OverLoad: the TotalCpuUsedPercentage: 0.9138581101877501 is over then the MaxCpuUsagePercentageThresholds 0.7
[WI-0][TI-0] - [INFO] 2024-04-08 17:35:04.513 +0800 o.a.d.s.w.c.WorkerServerLoadProtection:[48] - Worker OverLoad: the TotalCpuUsedPercentage: 0.9580849971211155 is over then the MaxCpuUsagePercentageThresholds 0.7
[WI-0][TI-0] - [INFO] 2024-04-08 17:35:05.516 +0800 o.a.d.s.w.c.WorkerServerLoadProtection:[48] - Worker OverLoad: the TotalCpuUsedPercentage: 0.7765833908731404 is over then the MaxCpuUsagePercentageThresholds 0.7
[WI-0][TI-0] - [INFO] 2024-04-08 17:35:06.518 +0800 o.a.d.s.w.c.WorkerServerLoadProtection:[48] - Worker OverLoad: the TotalCpuUsedPercentage: 0.8368983957219251 is over then the MaxCpuUsagePercentageThresholds 0.7
[WI-0][TI-0] - [INFO] 2024-04-08 17:35:07.521 +0800 o.a.d.s.w.c.WorkerServerLoadProtection:[48] - Worker OverLoad: the TotalCpuUsedPercentage: 0.75 is over then the MaxCpuUsagePercentageThresholds 0.7
[WI-0][TI-0] - [INFO] 2024-04-08 17:35:10.547 +0800 o.a.d.s.w.c.WorkerServerLoadProtection:[48] - Worker OverLoad: the TotalCpuUsedPercentage: 0.7254823717196377 is over then the MaxCpuUsagePercentageThresholds 0.7
[WI-0][TI-0] - [INFO] 2024-04-08 17:35:09.940 +0800 o.a.d.s.w.c.WorkerServerLoadProtection:[48] - Worker OverLoad: the TotalCpuUsedPercentage: 0.7254823717196377 is over then the MaxCpuUsagePercentageThresholds 0.7
[WI-0][TI-0] - [INFO] 2024-04-08 17:35:10.946 +0800 o.a.d.s.w.c.WorkerServerLoadProtection:[48] - Worker OverLoad: the TotalCpuUsedPercentage: 0.7254823717196377 is over then the MaxCpuUsagePercentageThresholds 0.7
[WI-0][TI-0] - [INFO] 2024-04-08 17:35:11.949 +0800 o.a.d.s.w.c.WorkerServerLoadProtection:[48] - Worker OverLoad: the TotalCpuUsedPercentage: 0.8658246030871093 is over then the MaxCpuUsagePercentageThresholds 0.7
[WI-0][TI-0] - [INFO] 2024-04-08 17:35:12.951 +0800 o.a.d.s.w.c.WorkerServerLoadProtection:[48] - Worker OverLoad: the TotalCpuUsedPercentage: 0.7983870967741936 is over then the MaxCpuUsagePercentageThresholds 0.7
[WI-0][TI-0] - [INFO] 2024-04-08 17:35:16.972 +0800 o.a.d.s.w.c.WorkerServerLoadProtection:[48] - Worker OverLoad: the TotalCpuUsedPercentage: 0.8700485398265299 is over then the MaxCpuUsagePercentageThresholds 0.7
[WI-0][TI-0] - [INFO] 2024-04-08 17:35:18.008 +0800 o.a.d.s.w.c.WorkerServerLoadProtection:[48] - Worker OverLoad: the TotalCpuUsedPercentage: 0.8282779316712834 is over then the MaxCpuUsagePercentageThresholds 0.7
[WI-0][TI-0] - [INFO] 2024-04-08 17:35:19.011 +0800 o.a.d.s.w.c.WorkerServerLoadProtection:[48] - Worker OverLoad: the TotalCpuUsedPercentage: 0.7812500000000001 is over then the MaxCpuUsagePercentageThresholds 0.7
[WI-0][TI-0] - [INFO] 2024-04-08 17:35:20.016 +0800 o.a.d.s.w.c.WorkerServerLoadProtection:[48] - Worker OverLoad: the TotalCpuUsedPercentage: 0.8441926345609067 is over then the MaxCpuUsagePercentageThresholds 0.7
[WI-0][TI-0] - [INFO] 2024-04-08 17:35:23.046 +0800 o.a.d.s.w.c.WorkerServerLoadProtection:[48] - Worker OverLoad: the TotalCpuUsedPercentage: 0.7303292103358198 is over then the MaxCpuUsagePercentageThresholds 0.7
[WI-0][TI-0] - [INFO] 2024-04-08 17:35:24.070 +0800 o.a.d.s.w.c.WorkerServerLoadProtection:[48] - Worker OverLoad: the TotalCpuUsedPercentage: 0.7768747241374062 is over then the MaxCpuUsagePercentageThresholds 0.7
[WI-0][TI-0] - [INFO] 2024-04-08 17:35:25.072 +0800 o.a.d.s.w.c.WorkerServerLoadProtection:[48] - Worker OverLoad: the TotalCpuUsedPercentage: 0.9127906976744187 is over then the MaxCpuUsagePercentageThresholds 0.7
[WI-0][TI-0] - [INFO] 2024-04-08 17:35:26.075 +0800 o.a.d.s.w.c.WorkerServerLoadProtection:[48] - Worker OverLoad: the TotalCpuUsedPercentage: 0.8646408839779006 is over then the MaxCpuUsagePercentageThresholds 0.7
[WI-0][TI-0] - [INFO] 2024-04-08 17:35:27.078 +0800 o.a.d.s.w.c.WorkerServerLoadProtection:[48] - Worker OverLoad: the TotalCpuUsedPercentage: 0.8366197183098592 is over then the MaxCpuUsagePercentageThresholds 0.7
[WI-0][TI-0] - [INFO] 2024-04-08 17:35:28.080 +0800 o.a.d.s.w.c.WorkerServerLoadProtection:[48] - Worker OverLoad: the TotalCpuUsedPercentage: 0.7394957983193278 is over then the MaxCpuUsagePercentageThresholds 0.7
[WI-0][TI-0] - [INFO] 2024-04-08 17:35:29.083 +0800 o.a.d.s.w.c.WorkerServerLoadProtection:[48] - Worker OverLoad: the TotalCpuUsedPercentage: 0.7742857142857142 is over then the MaxCpuUsagePercentageThresholds 0.7
[WI-0][TI-0] - [INFO] 2024-04-08 17:35:30.086 +0800 o.a.d.s.w.c.WorkerServerLoadProtection:[48] - Worker OverLoad: the TotalCpuUsedPercentage: 0.7938718662952646 is over then the MaxCpuUsagePercentageThresholds 0.7
[WI-0][TI-0] - [INFO] 2024-04-08 17:35:32.114 +0800 o.a.d.s.w.c.WorkerServerLoadProtection:[48] - Worker OverLoad: the TotalCpuUsedPercentage: 0.8387681159420289 is over then the MaxCpuUsagePercentageThresholds 0.7
[WI-0][TI-0] - [INFO] 2024-04-08 17:35:33.130 +0800 o.a.d.s.w.c.WorkerServerLoadProtection:[48] - Worker OverLoad: the TotalCpuUsedPercentage: 0.8402356478407851 is over then the MaxCpuUsagePercentageThresholds 0.7
[WI-0][TI-0] - [INFO] 2024-04-08 17:35:35.197 +0800 o.a.d.s.w.c.WorkerServerLoadProtection:[48] - Worker OverLoad: the TotalCpuUsedPercentage: 0.9216216216216215 is over then the MaxCpuUsagePercentageThresholds 0.7
[WI-0][TI-0] - [INFO] 2024-04-08 17:35:36.241 +0800 o.a.d.s.w.c.WorkerServerLoadProtection:[48] - Worker OverLoad: the TotalCpuUsedPercentage: 0.7810026385224275 is over then the MaxCpuUsagePercentageThresholds 0.7
[WI-0][TI-0] - [INFO] 2024-04-08 17:35:38.261 +0800 o.a.d.s.w.c.WorkerServerLoadProtection:[48] - Worker OverLoad: the TotalCpuUsedPercentage: 0.8253521126760563 is over then the MaxCpuUsagePercentageThresholds 0.7
[WI-0][TI-0] - [INFO] 2024-04-08 17:35:39.315 +0800 o.a.d.s.w.c.WorkerServerLoadProtection:[48] - Worker OverLoad: the TotalCpuUsedPercentage: 0.862511955482132 is over then the MaxCpuUsagePercentageThresholds 0.7
[WI-0][TI-0] - [INFO] 2024-04-08 17:35:40.333 +0800 o.a.d.s.w.c.WorkerServerLoadProtection:[48] - Worker OverLoad: the TotalCpuUsedPercentage: 0.9235288436775689 is over then the MaxCpuUsagePercentageThresholds 0.7
[WI-0][TI-0] - [INFO] 2024-04-08 17:35:41.338 +0800 o.a.d.s.w.c.WorkerServerLoadProtection:[48] - Worker OverLoad: the TotalCpuUsedPercentage: 0.7415730337078652 is over then the MaxCpuUsagePercentageThresholds 0.7
[WI-0][TI-0] - [INFO] 2024-04-08 17:35:42.142 +0800 o.a.d.s.w.r.o.TaskInstanceDispatchOperationFunction:[53] - Receive TaskInstanceDispatchRequest: TaskInstanceDispatchRequest(taskExecutionContext=TaskExecutionContext(taskInstanceId=516, taskName=spark, firstSubmitTime=1712568942106, startTime=0, taskType=SPARK, workflowInstanceHost=172.18.0.7:5678, host=172.18.0.3:1234, executePath=null, logPath=null, appInfoPath=null, taskJson=null, processId=0, processDefineCode=13201021801792, processDefineVersion=3, appIds=null, processInstanceId=244, scheduleTime=0, globalParams=null, executorId=1, cmdTypeIfComplement=0, tenantCode=default, processDefineId=0, projectId=0, projectCode=13010050770016, taskParams={"localParams":[],"rawScript":"","resourceList":[],"programType":"PYTHON","mainClass":"","mainJar":{"id":null,"resourceName":"file:/dolphinscheduler/default/resources/spark-test.py","res":null},"deployMode":"client","appName":"myapple","yarnQueue":"","driverCores":1,"driverMemory":"512M","numExecutors":2,"executorMemory":"2G","executorCores":2,"sqlExecutionType":"SCRIPT"}, environmentConfig=export SPARK_HOME=/opt/spark-3.5.1
export JAVA_HOME=/opt/java, definedParams=null, prepareParamsMap={system.task.definition.name=Property{prop='system.task.definition.name', direct=IN, type=VARCHAR, value='spark'}, system.project.name=Property{prop='system.project.name', direct=IN, type=VARCHAR, value='null'}, system.project.code=Property{prop='system.project.code', direct=IN, type=VARCHAR, value='13010050770016'}, system.workflow.instance.id=Property{prop='system.workflow.instance.id', direct=IN, type=VARCHAR, value='244'}, system.biz.curdate=Property{prop='system.biz.curdate', direct=IN, type=VARCHAR, value='20240408'}, system.biz.date=Property{prop='system.biz.date', direct=IN, type=VARCHAR, value='20240407'}, system.task.instance.id=Property{prop='system.task.instance.id', direct=IN, type=VARCHAR, value='516'}, system.workflow.definition.name=Property{prop='system.workflow.definition.name', direct=IN, type=VARCHAR, value='spark'}, system.task.definition.code=Property{prop='system.task.definition.code', direct=IN, type=VARCHAR, value='13201016413888'}, system.workflow.definition.code=Property{prop='system.workflow.definition.code', direct=IN, type=VARCHAR, value='13201021801792'}, system.datetime=Property{prop='system.datetime', direct=IN, type=VARCHAR, value='20240408173542'}}, taskAppId=null, taskTimeoutStrategy=null, taskTimeout=2147483647, workerGroup=default, delayTime=0, currentExecutionStatus=TaskExecutionStatus{code=0, desc='submit success'}, resourceParametersHelper=null, endTime=0, sqlTaskExecutionContext=null, k8sTaskExecutionContext=null, resourceContext=null, varPool=null, dryRun=0, paramsMap={}, dataQualityTaskExecutionContext=null, cpuQuota=-1, memoryMax=-1, testFlag=0, logBufferEnable=false, dispatchFailTimes=0))
[WI-244][TI-516] - [INFO] 2024-04-08 17:35:42.147 +0800 o.a.d.s.w.r.o.TaskInstanceDispatchOperationFunction:[79] - Submit task: spark to wait queue success
[WI-244][TI-516] - [INFO] 2024-04-08 17:35:42.148 +0800 o.a.d.p.t.a.l.TaskInstanceLogHeader:[1259] - ***********************************************************************************************
[WI-244][TI-516] - [INFO] 2024-04-08 17:35:42.156 +0800 o.a.d.p.t.a.l.TaskInstanceLogHeader:[1259] - *********************************  Initialize task context  ***********************************
[WI-244][TI-516] - [INFO] 2024-04-08 17:35:42.156 +0800 o.a.d.p.t.a.l.TaskInstanceLogHeader:[1259] - ***********************************************************************************************
[WI-244][TI-516] - [INFO] 2024-04-08 17:35:42.158 +0800 o.a.d.s.w.r.WorkerTaskExecutor:[191] - Begin to initialize task
[WI-244][TI-516] - [INFO] 2024-04-08 17:35:42.159 +0800 o.a.d.s.w.r.WorkerTaskExecutor:[195] - Set task startTime: 1712568942159
[WI-244][TI-516] - [INFO] 2024-04-08 17:35:42.159 +0800 o.a.d.s.w.r.WorkerTaskExecutor:[200] - Set task appId: 244_516
[WI-244][TI-516] - [INFO] 2024-04-08 17:35:42.165 +0800 o.a.d.s.w.r.WorkerTaskExecutor:[202] - End initialize task {
  "taskInstanceId" : 516,
  "taskName" : "spark",
  "firstSubmitTime" : 1712568942106,
  "startTime" : 1712568942159,
  "taskType" : "SPARK",
  "workflowInstanceHost" : "172.18.0.7:5678",
  "host" : "172.18.0.3:1234",
  "logPath" : "/opt/dolphinscheduler/logs/20240408/13201021801792/3/244/516.log",
  "processId" : 0,
  "processDefineCode" : 13201021801792,
  "processDefineVersion" : 3,
  "processInstanceId" : 244,
  "scheduleTime" : 0,
  "executorId" : 1,
  "cmdTypeIfComplement" : 0,
  "tenantCode" : "default",
  "processDefineId" : 0,
  "projectId" : 0,
  "projectCode" : 13010050770016,
  "taskParams" : "{\"localParams\":[],\"rawScript\":\"\",\"resourceList\":[],\"programType\":\"PYTHON\",\"mainClass\":\"\",\"mainJar\":{\"id\":null,\"resourceName\":\"file:/dolphinscheduler/default/resources/spark-test.py\",\"res\":null},\"deployMode\":\"client\",\"appName\":\"myapple\",\"yarnQueue\":\"\",\"driverCores\":1,\"driverMemory\":\"512M\",\"numExecutors\":2,\"executorMemory\":\"2G\",\"executorCores\":2,\"sqlExecutionType\":\"SCRIPT\"}",
  "environmentConfig" : "export SPARK_HOME=/opt/spark-3.5.1\nexport JAVA_HOME=/opt/java",
  "prepareParamsMap" : {
    "system.task.definition.name" : {
      "prop" : "system.task.definition.name",
      "direct" : "IN",
      "type" : "VARCHAR",
      "value" : "spark"
    },
    "system.project.name" : {
      "prop" : "system.project.name",
      "direct" : "IN",
      "type" : "VARCHAR",
      "value" : null
    },
    "system.project.code" : {
      "prop" : "system.project.code",
      "direct" : "IN",
      "type" : "VARCHAR",
      "value" : "13010050770016"
    },
    "system.workflow.instance.id" : {
      "prop" : "system.workflow.instance.id",
      "direct" : "IN",
      "type" : "VARCHAR",
      "value" : "244"
    },
    "system.biz.curdate" : {
      "prop" : "system.biz.curdate",
      "direct" : "IN",
      "type" : "VARCHAR",
      "value" : "20240408"
    },
    "system.biz.date" : {
      "prop" : "system.biz.date",
      "direct" : "IN",
      "type" : "VARCHAR",
      "value" : "20240407"
    },
    "system.task.instance.id" : {
      "prop" : "system.task.instance.id",
      "direct" : "IN",
      "type" : "VARCHAR",
      "value" : "516"
    },
    "system.workflow.definition.name" : {
      "prop" : "system.workflow.definition.name",
      "direct" : "IN",
      "type" : "VARCHAR",
      "value" : "spark"
    },
    "system.task.definition.code" : {
      "prop" : "system.task.definition.code",
      "direct" : "IN",
      "type" : "VARCHAR",
      "value" : "13201016413888"
    },
    "system.workflow.definition.code" : {
      "prop" : "system.workflow.definition.code",
      "direct" : "IN",
      "type" : "VARCHAR",
      "value" : "13201021801792"
    },
    "system.datetime" : {
      "prop" : "system.datetime",
      "direct" : "IN",
      "type" : "VARCHAR",
      "value" : "20240408173542"
    }
  },
  "taskAppId" : "244_516",
  "taskTimeout" : 2147483647,
  "workerGroup" : "default",
  "delayTime" : 0,
  "currentExecutionStatus" : "SUBMITTED_SUCCESS",
  "endTime" : 0,
  "dryRun" : 0,
  "paramsMap" : { },
  "cpuQuota" : -1,
  "memoryMax" : -1,
  "testFlag" : 0,
  "logBufferEnable" : false,
  "dispatchFailTimes" : 0
}
[WI-244][TI-516] - [INFO] 2024-04-08 17:35:42.167 +0800 o.a.d.p.t.a.l.TaskInstanceLogHeader:[1259] - ***********************************************************************************************
[WI-244][TI-516] - [INFO] 2024-04-08 17:35:42.167 +0800 o.a.d.p.t.a.l.TaskInstanceLogHeader:[1259] - *********************************  Load task instance plugin  *********************************
[WI-244][TI-516] - [INFO] 2024-04-08 17:35:42.169 +0800 o.a.d.p.t.a.l.TaskInstanceLogHeader:[1259] - ***********************************************************************************************
[WI-244][TI-516] - [INFO] 2024-04-08 17:35:42.247 +0800 o.a.d.s.w.r.WorkerTaskExecutor:[209] - Send task status RUNNING_EXECUTION master: 172.18.0.3:1234
[WI-244][TI-516] - [INFO] 2024-04-08 17:35:42.249 +0800 o.a.d.s.w.r.WorkerTaskExecutor:[217] - TenantCode: default check successfully
[WI-244][TI-516] - [INFO] 2024-04-08 17:35:42.251 +0800 o.a.d.s.w.r.WorkerTaskExecutor:[220] - WorkflowInstanceExecDir: /tmp/dolphinscheduler/exec/process/default/13010050770016/13201021801792_3/244/516 check successfully
[WI-244][TI-516] - [INFO] 2024-04-08 17:35:42.251 +0800 o.a.d.s.w.r.WorkerTaskExecutor:[227] - Create TaskChannel: org.apache.dolphinscheduler.plugin.task.spark.SparkTaskChannel successfully
[WI-244][TI-516] - [INFO] 2024-04-08 17:35:42.258 +0800 o.a.d.s.w.r.WorkerTaskExecutor:[232] - Download resources successfully: 
ResourceContext(resourceItemMap={file:/dolphinscheduler/default/resources/spark-test.py=ResourceContext.ResourceItem(resourceAbsolutePathInStorage=file:/dolphinscheduler/default/resources/spark-test.py, resourceRelativePath=spark-test.py, resourceAbsolutePathInLocal=/tmp/dolphinscheduler/exec/process/default/13010050770016/13201021801792_3/244/516/spark-test.py)})
[WI-244][TI-516] - [INFO] 2024-04-08 17:35:42.259 +0800 o.a.d.s.w.r.WorkerTaskExecutor:[235] - Download upstream files: [] successfully
[WI-244][TI-516] - [INFO] 2024-04-08 17:35:42.260 +0800 o.a.d.s.w.r.WorkerTaskExecutor:[239] - Task plugin instance: SPARK create successfully
[WI-244][TI-516] - [INFO] 2024-04-08 17:35:42.262 +0800 o.a.d.p.t.s.SparkTask:[86] - Initialize spark task params {
  "localParams" : [ ],
  "varPool" : null,
  "mainJar" : {
    "id" : null,
    "resourceName" : "file:/dolphinscheduler/default/resources/spark-test.py",
    "res" : null
  },
  "mainClass" : "",
  "deployMode" : "client",
  "mainArgs" : null,
  "driverCores" : 1,
  "driverMemory" : "512M",
  "numExecutors" : 2,
  "executorCores" : 2,
  "executorMemory" : "2G",
  "appName" : "myapple",
  "yarnQueue" : "",
  "others" : null,
  "programType" : "PYTHON",
  "rawScript" : "",
  "namespace" : null,
  "resourceList" : [ ],
  "sqlExecutionType" : "SCRIPT"
}
[WI-244][TI-516] - [INFO] 2024-04-08 17:35:42.262 +0800 o.a.d.s.w.r.WorkerTaskExecutor:[243] - Success initialized task plugin instance successfully
[WI-244][TI-516] - [INFO] 2024-04-08 17:35:42.263 +0800 o.a.d.s.w.r.WorkerTaskExecutor:[246] - Set taskVarPool: null successfully
[WI-244][TI-516] - [INFO] 2024-04-08 17:35:42.264 +0800 o.a.d.p.t.a.l.TaskInstanceLogHeader:[1259] - ***********************************************************************************************
[WI-244][TI-516] - [INFO] 2024-04-08 17:35:42.264 +0800 o.a.d.p.t.a.l.TaskInstanceLogHeader:[1259] - *********************************  Execute task instance  *************************************
[WI-244][TI-516] - [INFO] 2024-04-08 17:35:42.264 +0800 o.a.d.p.t.a.l.TaskInstanceLogHeader:[1259] - ***********************************************************************************************
[WI-244][TI-516] - [INFO] 2024-04-08 17:35:42.267 +0800 o.a.d.p.t.a.s.BaseLinuxShellInterceptorBuilder:[64] - Final Shell file is: 
[WI-244][TI-516] - [INFO] 2024-04-08 17:35:42.267 +0800 o.a.d.p.t.a.s.BaseLinuxShellInterceptorBuilder:[65] - ****************************** Script Content *****************************************************************
[WI-244][TI-516] - [INFO] 2024-04-08 17:35:42.268 +0800 o.a.d.p.t.a.s.BaseLinuxShellInterceptorBuilder:[67] - #!/bin/bash
BASEDIR=$(cd `dirname $0`; pwd)
cd $BASEDIR
export SPARK_HOME=/opt/spark-3.5.1
export JAVA_HOME=/opt/java
${SPARK_HOME}/bin/spark-submit --master yarn --deploy-mode client --conf spark.driver.cores=1 --conf spark.driver.memory=512M --conf spark.executor.instances=2 --conf spark.executor.cores=2 --conf spark.executor.memory=2G --name myapple /tmp/dolphinscheduler/exec/process/default/13010050770016/13201021801792_3/244/516/spark-test.py
[WI-244][TI-516] - [INFO] 2024-04-08 17:35:42.268 +0800 o.a.d.p.t.a.s.BaseLinuxShellInterceptorBuilder:[68] - ****************************** Script Content *****************************************************************
[WI-244][TI-516] - [INFO] 2024-04-08 17:35:42.269 +0800 o.a.d.p.t.a.s.BaseShellInterceptor:[46] - Executing shell command : sudo -u default -i /tmp/dolphinscheduler/exec/process/default/13010050770016/13201021801792_3/244/516/244_516.sh
[WI-244][TI-516] - [INFO] 2024-04-08 17:35:42.279 +0800 o.a.d.p.t.a.AbstractCommandExecutor:[154] - process start, process id is: 6048
[WI-0][TI-516] - [INFO] 2024-04-08 17:35:43.019 +0800 o.a.d.s.w.r.l.TaskInstanceExecutionRunningEventAckListenFunction:[44] - Receive TaskInstanceExecutionRunningEventAck: TaskInstanceExecutionRunningEventAck(taskInstanceId=516, success=true)
[WI-0][TI-516] - [INFO] 2024-04-08 17:35:43.035 +0800 o.a.d.s.w.r.l.TaskInstanceExecutionInfoEventAckListenFunction:[45] - Receive TaskInstanceExecutionInfoEventAck: TaskInstanceExecutionInfoEventAck(success=true, taskInstanceId=516)
[WI-0][TI-0] - [INFO] 2024-04-08 17:35:43.281 +0800 o.a.d.p.t.a.AbstractTask:[169] -  -> 
	sudo: unable to change directory to /home/default: No such file or directory
	Failed to find Spark jars directory (/opt/spark-3.5.1/assembly/target/scala-2.12/jars).
	You need to build Spark with the target "package" before running this program.
[WI-244][TI-516] - [INFO] 2024-04-08 17:35:43.283 +0800 o.a.d.p.t.a.AbstractCommandExecutor:[204] - process has exited. execute path:/tmp/dolphinscheduler/exec/process/default/13010050770016/13201021801792_3/244/516, processId:6048 ,exitStatusCode:1 ,processWaitForStatus:true ,processExitValue:1
[WI-244][TI-516] - [INFO] 2024-04-08 17:35:43.284 +0800 o.a.d.p.t.a.u.LogUtils:[79] - Start finding appId in /opt/dolphinscheduler/logs/20240408/13201021801792/3/244/516.log, fetch way: log 
[WI-244][TI-516] - [INFO] 2024-04-08 17:35:43.284 +0800 o.a.d.p.t.a.l.TaskInstanceLogHeader:[1259] - ***********************************************************************************************
[WI-244][TI-516] - [INFO] 2024-04-08 17:35:43.285 +0800 o.a.d.p.t.a.l.TaskInstanceLogHeader:[1259] - *********************************  Finalize task instance  ************************************
[WI-244][TI-516] - [INFO] 2024-04-08 17:35:43.290 +0800 o.a.d.p.t.a.l.TaskInstanceLogHeader:[1259] - ***********************************************************************************************
[WI-244][TI-516] - [INFO] 2024-04-08 17:35:43.291 +0800 o.a.d.s.w.r.WorkerTaskExecutor:[289] - Upload output files: [] successfully
[WI-244][TI-516] - [INFO] 2024-04-08 17:35:43.296 +0800 o.a.d.s.w.r.WorkerTaskExecutor:[294] - Send task execute status: FAILURE to master : 172.18.0.3:1234
[WI-244][TI-516] - [INFO] 2024-04-08 17:35:43.296 +0800 o.a.d.s.w.r.WorkerTaskExecutor:[111] - Remove the current task execute context from worker cache
[WI-244][TI-516] - [INFO] 2024-04-08 17:35:43.296 +0800 o.a.d.s.w.r.WorkerTaskExecutor:[301] - The current execute mode isn't develop mode, will clear the task execute file: /tmp/dolphinscheduler/exec/process/default/13010050770016/13201021801792_3/244/516
[WI-244][TI-516] - [INFO] 2024-04-08 17:35:43.297 +0800 o.a.d.s.w.r.WorkerTaskExecutor:[316] - Success clear the task execute file: /tmp/dolphinscheduler/exec/process/default/13010050770016/13201021801792_3/244/516
[WI-244][TI-516] - [INFO] 2024-04-08 17:35:43.297 +0800 o.a.d.s.w.r.WorkerTaskExecutor:[342] - FINALIZE_SESSION
[WI-0][TI-516] - [INFO] 2024-04-08 17:35:44.019 +0800 o.a.d.s.w.r.l.TaskInstanceExecutionFinishEventAckListenFunction:[44] - Receive TaskInstanceExecutionFinishEventAck: TaskInstanceExecutionFinishEventAck(taskInstanceId=516, success=true)
[WI-0][TI-0] - [INFO] 2024-04-08 17:35:45.360 +0800 o.a.d.s.w.c.WorkerServerLoadProtection:[48] - Worker OverLoad: the TotalCpuUsedPercentage: 0.8156424581005586 is over then the MaxCpuUsagePercentageThresholds 0.7
[WI-0][TI-0] - [INFO] 2024-04-08 17:35:47.390 +0800 o.a.d.s.w.c.WorkerServerLoadProtection:[48] - Worker OverLoad: the TotalCpuUsedPercentage: 0.7159090909090909 is over then the MaxCpuUsagePercentageThresholds 0.7
[WI-0][TI-0] - [INFO] 2024-04-08 17:35:48.412 +0800 o.a.d.s.w.c.WorkerServerLoadProtection:[48] - Worker OverLoad: the TotalCpuUsedPercentage: 0.891820580474934 is over then the MaxCpuUsagePercentageThresholds 0.7
[WI-0][TI-0] - [INFO] 2024-04-08 17:35:49.437 +0800 o.a.d.s.w.c.WorkerServerLoadProtection:[48] - Worker OverLoad: the TotalCpuUsedPercentage: 0.8426966292134831 is over then the MaxCpuUsagePercentageThresholds 0.7
[WI-0][TI-0] - [INFO] 2024-04-08 17:35:50.449 +0800 o.a.d.s.w.c.WorkerServerLoadProtection:[48] - Worker OverLoad: the TotalCpuUsedPercentage: 0.9313111545988257 is over then the MaxCpuUsagePercentageThresholds 0.7
[WI-0][TI-0] - [INFO] 2024-04-08 17:35:51.459 +0800 o.a.d.s.w.c.WorkerServerLoadProtection:[48] - Worker OverLoad: the TotalCpuUsedPercentage: 0.8383561643835616 is over then the MaxCpuUsagePercentageThresholds 0.7
[WI-0][TI-0] - [INFO] 2024-04-08 17:35:53.487 +0800 o.a.d.s.w.c.WorkerServerLoadProtection:[48] - Worker OverLoad: the TotalCpuUsedPercentage: 0.8315789473684211 is over then the MaxCpuUsagePercentageThresholds 0.7
[WI-0][TI-0] - [INFO] 2024-04-08 17:35:54.529 +0800 o.a.d.s.w.c.WorkerServerLoadProtection:[48] - Worker OverLoad: the TotalCpuUsedPercentage: 0.7883597883597884 is over then the MaxCpuUsagePercentageThresholds 0.7
[WI-0][TI-0] - [INFO] 2024-04-08 17:35:55.536 +0800 o.a.d.s.w.c.WorkerServerLoadProtection:[48] - Worker OverLoad: the TotalCpuUsedPercentage: 0.8967391304347826 is over then the MaxCpuUsagePercentageThresholds 0.7
[WI-0][TI-0] - [INFO] 2024-04-08 17:35:56.541 +0800 o.a.d.s.w.c.WorkerServerLoadProtection:[48] - Worker OverLoad: the TotalCpuUsedPercentage: 0.7431693989071038 is over then the MaxCpuUsagePercentageThresholds 0.7
[WI-0][TI-0] - [INFO] 2024-04-08 17:36:00.563 +0800 o.a.d.s.w.c.WorkerServerLoadProtection:[48] - Worker OverLoad: the TotalCpuUsedPercentage: 0.8420976109946282 is over then the MaxCpuUsagePercentageThresholds 0.7
[WI-0][TI-0] - [INFO] 2024-04-08 17:36:01.636 +0800 o.a.d.s.w.c.WorkerServerLoadProtection:[48] - Worker OverLoad: the TotalCpuUsedPercentage: 0.8487311317645507 is over then the MaxCpuUsagePercentageThresholds 0.7
[WI-0][TI-0] - [INFO] 2024-04-08 17:36:02.639 +0800 o.a.d.s.w.c.WorkerServerLoadProtection:[48] - Worker OverLoad: the TotalCpuUsedPercentage: 0.8894878706199462 is over then the MaxCpuUsagePercentageThresholds 0.7
[WI-0][TI-0] - [INFO] 2024-04-08 17:36:03.641 +0800 o.a.d.s.w.c.WorkerServerLoadProtection:[48] - Worker OverLoad: the TotalCpuUsedPercentage: 0.8365122615803815 is over then the MaxCpuUsagePercentageThresholds 0.7
[WI-0][TI-0] - [INFO] 2024-04-08 17:36:04.645 +0800 o.a.d.s.w.c.WorkerServerLoadProtection:[48] - Worker OverLoad: the TotalCpuUsedPercentage: 0.8941798941798942 is over then the MaxCpuUsagePercentageThresholds 0.7
[WI-0][TI-0] - [INFO] 2024-04-08 17:36:05.648 +0800 o.a.d.s.w.c.WorkerServerLoadProtection:[48] - Worker OverLoad: the TotalCpuUsedPercentage: 0.8229166666666666 is over then the MaxCpuUsagePercentageThresholds 0.7
[WI-0][TI-0] - [INFO] 2024-04-08 17:36:06.651 +0800 o.a.d.s.w.c.WorkerServerLoadProtection:[48] - Worker OverLoad: the TotalCpuUsedPercentage: 0.8095238095238096 is over then the MaxCpuUsagePercentageThresholds 0.7
[WI-0][TI-0] - [INFO] 2024-04-08 17:36:07.653 +0800 o.a.d.s.w.c.WorkerServerLoadProtection:[48] - Worker OverLoad: the TotalCpuUsedPercentage: 0.7298050139275766 is over then the MaxCpuUsagePercentageThresholds 0.7
[WI-0][TI-0] - [INFO] 2024-04-08 17:36:08.656 +0800 o.a.d.s.w.c.WorkerServerLoadProtection:[48] - Worker OverLoad: the TotalCpuUsedPercentage: 0.75 is over then the MaxCpuUsagePercentageThresholds 0.7
[WI-0][TI-0] - [INFO] 2024-04-08 17:36:51.459 +0800 o.a.d.s.w.c.WorkerServerLoadProtection:[48] - Worker OverLoad: the TotalCpuUsedPercentage: 0.9295774647887323 is over then the MaxCpuUsagePercentageThresholds 0.7
[WI-0][TI-0] - [INFO] 2024-04-08 17:36:52.485 +0800 o.a.d.s.w.c.WorkerServerLoadProtection:[48] - Worker OverLoad: the TotalCpuUsedPercentage: 0.8743169398907105 is over then the MaxCpuUsagePercentageThresholds 0.7
[WI-0][TI-0] - [INFO] 2024-04-08 17:36:53.491 +0800 o.a.d.s.w.c.WorkerServerLoadProtection:[48] - Worker OverLoad: the TotalCpuUsedPercentage: 0.7255726888575877 is over then the MaxCpuUsagePercentageThresholds 0.7
[WI-0][TI-0] - [INFO] 2024-04-08 17:36:54.496 +0800 o.a.d.s.w.c.WorkerServerLoadProtection:[48] - Worker OverLoad: the TotalCpuUsedPercentage: 0.7615108151975886 is over then the MaxCpuUsagePercentageThresholds 0.7
[WI-0][TI-0] - [INFO] 2024-04-08 17:38:27.972 +0800 o.a.d.s.w.c.WorkerServerLoadProtection:[48] - Worker OverLoad: the TotalCpuUsedPercentage: 0.9047503747261616 is over then the MaxCpuUsagePercentageThresholds 0.7
[WI-0][TI-0] - [INFO] 2024-04-08 17:38:29.103 +0800 o.a.d.s.w.c.WorkerServerLoadProtection:[48] - Worker OverLoad: the TotalCpuUsedPercentage: 0.8308797949281332 is over then the MaxCpuUsagePercentageThresholds 0.7
[WI-0][TI-0] - [INFO] 2024-04-08 17:38:30.106 +0800 o.a.d.s.w.c.WorkerServerLoadProtection:[48] - Worker OverLoad: the TotalCpuUsedPercentage: 0.7361963190184049 is over then the MaxCpuUsagePercentageThresholds 0.7
[WI-0][TI-0] - [INFO] 2024-04-08 17:38:37.152 +0800 o.a.d.s.w.c.WorkerServerLoadProtection:[48] - Worker OverLoad: the TotalCpuUsedPercentage: 0.7682926829268293 is over then the MaxCpuUsagePercentageThresholds 0.7
[WI-0][TI-0] - [INFO] 2024-04-08 17:39:03.950 +0800 o.a.d.s.w.c.WorkerServerLoadProtection:[48] - Worker OverLoad: the TotalCpuUsedPercentage: 0.7118155619596542 is over then the MaxCpuUsagePercentageThresholds 0.7
[WI-0][TI-0] - [INFO] 2024-04-08 17:42:09.783 +0800 o.a.d.s.w.c.WorkerServerLoadProtection:[48] - Worker OverLoad: the TotalCpuUsedPercentage: 0.770907447647251 is over then the MaxCpuUsagePercentageThresholds 0.7
[WI-0][TI-0] - [INFO] 2024-04-08 17:42:10.800 +0800 o.a.d.s.w.c.WorkerServerLoadProtection:[48] - Worker OverLoad: the TotalCpuUsedPercentage: 0.7598784194528875 is over then the MaxCpuUsagePercentageThresholds 0.7
[WI-0][TI-0] - [INFO] 2024-04-08 17:42:10.524 +0800 o.a.d.s.w.c.WorkerServerLoadProtection:[48] - Worker OverLoad: the TotalCpuUsedPercentage: 0.7598784194528875 is over then the MaxCpuUsagePercentageThresholds 0.7
[WI-0][TI-0] - [INFO] 2024-04-08 17:42:11.525 +0800 o.a.d.s.w.c.WorkerServerLoadProtection:[48] - Worker OverLoad: the TotalCpuUsedPercentage: 0.7598784194528875 is over then the MaxCpuUsagePercentageThresholds 0.7
[WI-0][TI-0] - [INFO] 2024-04-08 17:43:21.849 +0800 o.a.d.s.w.c.WorkerServerLoadProtection:[48] - Worker OverLoad: the TotalCpuUsedPercentage: 0.7161928128157021 is over then the MaxCpuUsagePercentageThresholds 0.7
[WI-0][TI-0] - [INFO] 2024-04-08 17:43:22.958 +0800 o.a.d.s.w.c.WorkerServerLoadProtection:[48] - Worker OverLoad: the TotalCpuUsedPercentage: 0.9732732732732732 is over then the MaxCpuUsagePercentageThresholds 0.7
[WI-0][TI-0] - [INFO] 2024-04-08 17:43:24.006 +0800 o.a.d.s.w.c.WorkerServerLoadProtection:[48] - Worker OverLoad: the TotalCpuUsedPercentage: 0.803125 is over then the MaxCpuUsagePercentageThresholds 0.7
[WI-0][TI-0] - [INFO] 2024-04-08 17:43:25.026 +0800 o.a.d.s.w.c.WorkerServerLoadProtection:[48] - Worker OverLoad: the TotalCpuUsedPercentage: 0.916140852623112 is over then the MaxCpuUsagePercentageThresholds 0.7
[WI-0][TI-0] - [INFO] 2024-04-08 17:43:26.030 +0800 o.a.d.s.w.c.WorkerServerLoadProtection:[48] - Worker OverLoad: the TotalCpuUsedPercentage: 0.7299000930591891 is over then the MaxCpuUsagePercentageThresholds 0.7
[WI-0][TI-0] - [INFO] 2024-04-08 17:43:28.095 +0800 o.a.d.s.w.c.WorkerServerLoadProtection:[48] - Worker OverLoad: the TotalCpuUsedPercentage: 0.954983922829582 is over then the MaxCpuUsagePercentageThresholds 0.7
[WI-0][TI-0] - [INFO] 2024-04-08 17:43:29.271 +0800 o.a.d.s.w.c.WorkerServerLoadProtection:[48] - Worker OverLoad: the TotalCpuUsedPercentage: 0.9155313351498638 is over then the MaxCpuUsagePercentageThresholds 0.7
[WI-0][TI-0] - [INFO] 2024-04-08 17:43:39.387 +0800 o.a.d.s.w.c.WorkerServerLoadProtection:[48] - Worker OverLoad: the TotalCpuUsedPercentage: 0.8293413173652695 is over then the MaxCpuUsagePercentageThresholds 0.7
[WI-0][TI-0] - [INFO] 2024-04-08 17:43:40.500 +0800 o.a.d.s.w.c.WorkerServerLoadProtection:[48] - Worker OverLoad: the TotalCpuUsedPercentage: 0.9816334072431633 is over then the MaxCpuUsagePercentageThresholds 0.7
[WI-0][TI-0] - [INFO] 2024-04-08 17:43:42.569 +0800 o.a.d.s.w.c.WorkerServerLoadProtection:[48] - Worker OverLoad: the TotalCpuUsedPercentage: 0.7206703910614525 is over then the MaxCpuUsagePercentageThresholds 0.7
[WI-0][TI-0] - [INFO] 2024-04-08 17:43:43.720 +0800 o.a.d.s.w.c.WorkerServerLoadProtection:[48] - Worker OverLoad: the TotalCpuUsedPercentage: 0.8125187969924812 is over then the MaxCpuUsagePercentageThresholds 0.7
[WI-0][TI-0] - [INFO] 2024-04-08 17:43:45.765 +0800 o.a.d.s.w.c.WorkerServerLoadProtection:[48] - Worker OverLoad: the TotalCpuUsedPercentage: 0.8342696629213483 is over then the MaxCpuUsagePercentageThresholds 0.7
[WI-0][TI-0] - [INFO] 2024-04-08 17:43:46.033 +0800 o.a.d.s.w.c.WorkerServerLoadProtection:[48] - Worker OverLoad: the TotalCpuUsedPercentage: 0.8342696629213483 is over then the MaxCpuUsagePercentageThresholds 0.7
[WI-0][TI-0] - [INFO] 2024-04-08 17:43:47.041 +0800 o.a.d.s.w.c.WorkerServerLoadProtection:[48] - Worker OverLoad: the TotalCpuUsedPercentage: 0.7627118644067797 is over then the MaxCpuUsagePercentageThresholds 0.7
[WI-0][TI-0] - [INFO] 2024-04-08 17:43:49.095 +0800 o.a.d.s.w.c.WorkerServerLoadProtection:[48] - Worker OverLoad: the TotalCpuUsedPercentage: 0.7401289992157616 is over then the MaxCpuUsagePercentageThresholds 0.7
[WI-0][TI-0] - [INFO] 2024-04-08 17:43:50.123 +0800 o.a.d.s.w.c.WorkerServerLoadProtection:[48] - Worker OverLoad: the TotalCpuUsedPercentage: 0.7601156069364162 is over then the MaxCpuUsagePercentageThresholds 0.7
[WI-0][TI-0] - [INFO] 2024-04-08 17:43:51.132 +0800 o.a.d.s.w.c.WorkerServerLoadProtection:[48] - Worker OverLoad: the TotalCpuUsedPercentage: 0.8421269758554802 is over then the MaxCpuUsagePercentageThresholds 0.7
[WI-0][TI-0] - [INFO] 2024-04-08 17:43:52.147 +0800 o.a.d.s.w.c.WorkerServerLoadProtection:[48] - Worker OverLoad: the TotalCpuUsedPercentage: 0.9421768707482994 is over then the MaxCpuUsagePercentageThresholds 0.7
[WI-0][TI-0] - [INFO] 2024-04-08 17:43:53.151 +0800 o.a.d.s.w.c.WorkerServerLoadProtection:[48] - Worker OverLoad: the TotalCpuUsedPercentage: 0.9701986754966888 is over then the MaxCpuUsagePercentageThresholds 0.7
[WI-0][TI-0] - [INFO] 2024-04-08 17:43:54.155 +0800 o.a.d.s.w.c.WorkerServerLoadProtection:[48] - Worker OverLoad: the TotalCpuUsedPercentage: 0.9845201238390093 is over then the MaxCpuUsagePercentageThresholds 0.7
[WI-0][TI-0] - [INFO] 2024-04-08 17:43:55.159 +0800 o.a.d.s.w.c.WorkerServerLoadProtection:[48] - Worker OverLoad: the TotalCpuUsedPercentage: 0.9805555555555555 is over then the MaxCpuUsagePercentageThresholds 0.7
[WI-0][TI-0] - [INFO] 2024-04-08 17:43:57.210 +0800 o.a.d.s.w.c.WorkerServerLoadProtection:[48] - Worker OverLoad: the TotalCpuUsedPercentage: 0.9076086956521738 is over then the MaxCpuUsagePercentageThresholds 0.7
[WI-0][TI-0] - [INFO] 2024-04-08 17:45:16.287 +0800 o.a.d.s.w.c.WorkerServerLoadProtection:[48] - Worker OverLoad: the TotalCpuUsedPercentage: 0.754335260115607 is over then the MaxCpuUsagePercentageThresholds 0.7
[WI-0][TI-0] - [INFO] 2024-04-08 17:45:27.339 +0800 o.a.d.s.w.c.WorkerServerLoadProtection:[48] - Worker OverLoad: the TotalCpuUsedPercentage: 0.8494318181818182 is over then the MaxCpuUsagePercentageThresholds 0.7
[WI-0][TI-0] - [INFO] 2024-04-08 17:45:28.364 +0800 o.a.d.s.w.c.WorkerServerLoadProtection:[48] - Worker OverLoad: the TotalCpuUsedPercentage: 0.819484240687679 is over then the MaxCpuUsagePercentageThresholds 0.7
[WI-0][TI-0] - [INFO] 2024-04-08 17:46:31.190 +0800 o.a.d.s.w.c.WorkerServerLoadProtection:[48] - Worker OverLoad: the TotalCpuUsedPercentage: 0.7196365689987376 is over then the MaxCpuUsagePercentageThresholds 0.7
[WI-0][TI-0] - [INFO] 2024-04-08 17:46:41.257 +0800 o.a.d.s.w.c.WorkerServerLoadProtection:[48] - Worker OverLoad: the TotalCpuUsedPercentage: 0.7643504531722054 is over then the MaxCpuUsagePercentageThresholds 0.7
[WI-0][TI-0] - [INFO] 2024-04-08 17:49:21.366 +0800 o.a.d.s.w.c.WorkerServerLoadProtection:[48] - Worker OverLoad: the TotalCpuUsedPercentage: 0.7447447447447448 is over then the MaxCpuUsagePercentageThresholds 0.7
[WI-0][TI-0] - [INFO] 2024-04-08 17:49:42.520 +0800 o.a.d.s.w.c.WorkerServerLoadProtection:[48] - Worker OverLoad: the TotalCpuUsedPercentage: 0.7746913580246914 is over then the MaxCpuUsagePercentageThresholds 0.7
[WI-0][TI-0] - [INFO] 2024-04-08 17:54:10.105 +0800 o.a.d.s.w.c.WorkerServerLoadProtection:[48] - Worker OverLoad: the TotalCpuUsedPercentage: 0.7043478260869566 is over then the MaxCpuUsagePercentageThresholds 0.7
[WI-0][TI-0] - [INFO] 2024-04-08 17:54:44.978 +0800 o.a.d.s.w.c.WorkerServerLoadProtection:[48] - Worker OverLoad: the TotalCpuUsedPercentage: 0.7071651090342679 is over then the MaxCpuUsagePercentageThresholds 0.7
[WI-0][TI-0] - [INFO] 2024-04-08 17:54:46.177 +0800 o.a.d.s.w.c.WorkerServerLoadProtection:[48] - Worker OverLoad: the TotalCpuUsedPercentage: 0.9321608040201005 is over then the MaxCpuUsagePercentageThresholds 0.7
[WI-0][TI-0] - [INFO] 2024-04-08 17:54:47.180 +0800 o.a.d.s.w.c.WorkerServerLoadProtection:[48] - Worker OverLoad: the TotalCpuUsedPercentage: 0.8919753086419754 is over then the MaxCpuUsagePercentageThresholds 0.7
[WI-0][TI-0] - [INFO] 2024-04-08 17:54:48.183 +0800 o.a.d.s.w.c.WorkerServerLoadProtection:[48] - Worker OverLoad: the TotalCpuUsedPercentage: 0.7455089820359281 is over then the MaxCpuUsagePercentageThresholds 0.7
[WI-0][TI-0] - [INFO] 2024-04-08 17:54:51.229 +0800 o.a.d.s.w.c.WorkerServerLoadProtection:[48] - Worker OverLoad: the TotalCpuUsedPercentage: 0.8289855072463768 is over then the MaxCpuUsagePercentageThresholds 0.7
[WI-0][TI-0] - [INFO] 2024-04-08 17:54:56.366 +0800 o.a.d.s.w.c.WorkerServerLoadProtection:[48] - Worker OverLoad: the TotalCpuUsedPercentage: 0.7237569060773481 is over then the MaxCpuUsagePercentageThresholds 0.7
[WI-0][TI-0] - [INFO] 2024-04-08 17:54:58.407 +0800 o.a.d.s.w.c.WorkerServerLoadProtection:[48] - Worker OverLoad: the TotalCpuUsedPercentage: 0.7062067319169253 is over then the MaxCpuUsagePercentageThresholds 0.7
[WI-0][TI-0] - [INFO] 2024-04-08 17:54:59.439 +0800 o.a.d.s.w.c.WorkerServerLoadProtection:[48] - Worker OverLoad: the TotalCpuUsedPercentage: 0.8280053876187066 is over then the MaxCpuUsagePercentageThresholds 0.7
[WI-0][TI-0] - [INFO] 2024-04-08 17:55:00.441 +0800 o.a.d.s.w.c.WorkerServerLoadProtection:[48] - Worker OverLoad: the TotalCpuUsedPercentage: 0.7971014492753623 is over then the MaxCpuUsagePercentageThresholds 0.7
[WI-0][TI-0] - [INFO] 2024-04-08 17:55:01.445 +0800 o.a.d.s.w.c.WorkerServerLoadProtection:[48] - Worker OverLoad: the TotalCpuUsedPercentage: 0.732394366197183 is over then the MaxCpuUsagePercentageThresholds 0.7
[WI-0][TI-0] - [INFO] 2024-04-08 17:55:02.448 +0800 o.a.d.s.w.c.WorkerServerLoadProtection:[48] - Worker OverLoad: the TotalCpuUsedPercentage: 0.7234636871508381 is over then the MaxCpuUsagePercentageThresholds 0.7
[WI-0][TI-0] - [INFO] 2024-04-08 17:55:02.367 +0800 o.a.d.s.w.c.WorkerServerLoadProtection:[48] - Worker OverLoad: the TotalCpuUsedPercentage: 0.7234636871508381 is over then the MaxCpuUsagePercentageThresholds 0.7
[WI-0][TI-0] - [INFO] 2024-04-08 17:55:03.370 +0800 o.a.d.s.w.c.WorkerServerLoadProtection:[48] - Worker OverLoad: the TotalCpuUsedPercentage: 0.7234636871508381 is over then the MaxCpuUsagePercentageThresholds 0.7
[WI-0][TI-0] - [INFO] 2024-04-08 17:55:04.374 +0800 o.a.d.s.w.c.WorkerServerLoadProtection:[48] - Worker OverLoad: the TotalCpuUsedPercentage: 0.7178743961352657 is over then the MaxCpuUsagePercentageThresholds 0.7
[WI-0][TI-0] - [INFO] 2024-04-08 17:55:10.413 +0800 o.a.d.s.w.c.WorkerServerLoadProtection:[48] - Worker OverLoad: the TotalCpuUsedPercentage: 0.9111842105263157 is over then the MaxCpuUsagePercentageThresholds 0.7
[WI-0][TI-0] - [INFO] 2024-04-08 17:55:31.640 +0800 o.a.d.s.w.c.WorkerServerLoadProtection:[48] - Worker OverLoad: the TotalCpuUsedPercentage: 0.8145096547935944 is over then the MaxCpuUsagePercentageThresholds 0.7
[WI-0][TI-0] - [INFO] 2024-04-08 17:55:32.681 +0800 o.a.d.s.w.c.WorkerServerLoadProtection:[48] - Worker OverLoad: the TotalCpuUsedPercentage: 0.907103825136612 is over then the MaxCpuUsagePercentageThresholds 0.7
[WI-0][TI-0] - [INFO] 2024-04-08 17:55:33.685 +0800 o.a.d.s.w.c.WorkerServerLoadProtection:[48] - Worker OverLoad: the TotalCpuUsedPercentage: 0.728862973760933 is over then the MaxCpuUsagePercentageThresholds 0.7
[WI-0][TI-0] - [INFO] 2024-04-08 17:55:37.115 +0800 o.a.d.s.w.c.WorkerServerLoadProtection:[48] - Worker OverLoad: the TotalCpuUsedPercentage: 0.7971830985915492 is over then the MaxCpuUsagePercentageThresholds 0.7
[WI-0][TI-0] - [INFO] 2024-04-08 17:55:39.283 +0800 o.a.d.s.w.c.WorkerServerLoadProtection:[48] - Worker OverLoad: the TotalCpuUsedPercentage: 0.9405405405405405 is over then the MaxCpuUsagePercentageThresholds 0.7
[WI-0][TI-0] - [INFO] 2024-04-08 17:55:41.425 +0800 o.a.d.s.w.c.WorkerServerLoadProtection:[48] - Worker OverLoad: the TotalCpuUsedPercentage: 0.794392523364486 is over then the MaxCpuUsagePercentageThresholds 0.7
[WI-0][TI-0] - [INFO] 2024-04-08 17:55:42.476 +0800 o.a.d.s.w.c.WorkerServerLoadProtection:[48] - Worker OverLoad: the TotalCpuUsedPercentage: 0.9159420289855073 is over then the MaxCpuUsagePercentageThresholds 0.7
[WI-0][TI-0] - [INFO] 2024-04-08 17:55:49.504 +0800 o.a.d.s.w.c.WorkerServerLoadProtection:[48] - Worker OverLoad: the TotalCpuUsedPercentage: 0.7374999999999999 is over then the MaxCpuUsagePercentageThresholds 0.7
[WI-0][TI-0] - [INFO] 2024-04-08 17:55:50.644 +0800 o.a.d.s.w.c.WorkerServerLoadProtection:[48] - Worker OverLoad: the TotalCpuUsedPercentage: 0.8986666666666666 is over then the MaxCpuUsagePercentageThresholds 0.7
[WI-0][TI-0] - [INFO] 2024-04-08 17:56:36.843 +0800 o.a.d.s.w.c.WorkerServerLoadProtection:[48] - Worker OverLoad: the TotalCpuUsedPercentage: 0.7514124293785311 is over then the MaxCpuUsagePercentageThresholds 0.7
[WI-0][TI-0] - [INFO] 2024-04-08 17:58:02.638 +0800 o.a.d.s.w.c.WorkerServerLoadProtection:[48] - Worker OverLoad: the TotalCpuUsedPercentage: 0.7377770776188005 is over then the MaxCpuUsagePercentageThresholds 0.7
[WI-0][TI-0] - [INFO] 2024-04-08 17:58:03.687 +0800 o.a.d.s.w.c.WorkerServerLoadProtection:[48] - Worker OverLoad: the TotalCpuUsedPercentage: 0.8161793311650923 is over then the MaxCpuUsagePercentageThresholds 0.7
[WI-0][TI-0] - [INFO] 2024-04-08 17:59:45.973 +0800 o.a.d.s.w.c.WorkerServerLoadProtection:[48] - Worker OverLoad: the TotalCpuUsedPercentage: 0.7002965134680416 is over then the MaxCpuUsagePercentageThresholds 0.7
