[WI-0][TI-0] - [INFO] 2024-04-30 06:00:02.307 +0800 o.a.d.s.m.r.t.TaskGroupCoordinator:[127] - TaskGroupCoordinator round time cost: 2/ms
[WI-0][TI-0] - [INFO] 2024-04-30 06:00:07.326 +0800 o.a.d.s.m.r.t.TaskGroupCoordinator:[127] - TaskGroupCoordinator round time cost: 2/ms
[WI-0][TI-0] - [INFO] 2024-04-30 06:00:12.336 +0800 o.a.d.s.m.r.t.TaskGroupCoordinator:[127] - TaskGroupCoordinator round time cost: 0/ms
[WI-0][TI-0] - [INFO] 2024-04-30 06:00:17.347 +0800 o.a.d.s.m.r.t.TaskGroupCoordinator:[127] - TaskGroupCoordinator round time cost: 0/ms
[WI-0][TI-0] - [INFO] 2024-04-30 06:00:22.375 +0800 o.a.d.s.m.r.t.TaskGroupCoordinator:[127] - TaskGroupCoordinator round time cost: 1/ms
[WI-0][TI-0] - [INFO] 2024-04-30 06:00:27.387 +0800 o.a.d.s.m.r.t.TaskGroupCoordinator:[127] - TaskGroupCoordinator round time cost: 0/ms
[WI-0][TI-0] - [INFO] 2024-04-30 06:00:32.402 +0800 o.a.d.s.m.r.t.TaskGroupCoordinator:[127] - TaskGroupCoordinator round time cost: 4/ms
[WI-0][TI-0] - [INFO] 2024-04-30 06:00:37.422 +0800 o.a.d.s.m.r.t.TaskGroupCoordinator:[127] - TaskGroupCoordinator round time cost: 0/ms
[WI-0][TI-0] - [INFO] 2024-04-30 06:00:42.437 +0800 o.a.d.s.m.r.t.TaskGroupCoordinator:[127] - TaskGroupCoordinator round time cost: 2/ms
[WI-0][TI-0] - [INFO] 2024-04-30 06:00:47.457 +0800 o.a.d.s.m.r.t.TaskGroupCoordinator:[127] - TaskGroupCoordinator round time cost: 0/ms
[WI-0][TI-0] - [INFO] 2024-04-30 06:00:52.497 +0800 o.a.d.s.m.r.t.TaskGroupCoordinator:[127] - TaskGroupCoordinator round time cost: 2/ms
[WI-0][TI-0] - [INFO] 2024-04-30 06:00:57.555 +0800 o.a.d.s.m.r.t.TaskGroupCoordinator:[127] - TaskGroupCoordinator round time cost: 2/ms
[WI-0][TI-0] - [INFO] 2024-04-30 06:01:02.571 +0800 o.a.d.s.m.r.t.TaskGroupCoordinator:[127] - TaskGroupCoordinator round time cost: 2/ms
[WI-0][TI-0] - [INFO] 2024-04-30 06:01:07.610 +0800 o.a.d.s.m.r.t.TaskGroupCoordinator:[127] - TaskGroupCoordinator round time cost: 2/ms
[WI-0][TI-0] - [INFO] 2024-04-30 06:01:12.631 +0800 o.a.d.s.m.r.t.TaskGroupCoordinator:[127] - TaskGroupCoordinator round time cost: 2/ms
[WI-0][TI-0] - [INFO] 2024-04-30 06:01:17.650 +0800 o.a.d.s.m.r.t.TaskGroupCoordinator:[127] - TaskGroupCoordinator round time cost: 3/ms
[WI-0][TI-0] - [INFO] 2024-04-30 06:01:18.729 +0800 o.a.d.s.m.c.MasterServerLoadProtection:[48] - Master OverLoad: the TotalCpuUsedPercentage: 1.0 is over then the MaxCpuUsagePercentageThresholds 0.7
[WI-0][TI-0] - [INFO] 2024-04-30 06:01:22.673 +0800 o.a.d.s.m.r.t.TaskGroupCoordinator:[127] - TaskGroupCoordinator round time cost: 5/ms
[WI-0][TI-0] - [INFO] 2024-04-30 06:01:27.696 +0800 o.a.d.s.m.r.t.TaskGroupCoordinator:[127] - TaskGroupCoordinator round time cost: 0/ms
[WI-0][TI-0] - [INFO] 2024-04-30 06:01:30.791 +0800 o.a.d.s.m.c.MasterServerLoadProtection:[48] - Master OverLoad: the TotalCpuUsedPercentage: 1.0 is over then the MaxCpuUsagePercentageThresholds 0.7
[WI-0][TI-0] - [WARN] 2024-04-30 06:01:30.792 +0800 o.a.d.s.m.r.MasterSchedulerBootstrap:[123] - The current server is overload, cannot consumes commands.
[WI-0][TI-0] - [INFO] 2024-04-30 06:01:32.712 +0800 o.a.d.s.m.r.t.TaskGroupCoordinator:[127] - TaskGroupCoordinator round time cost: 2/ms
[WI-0][TI-0] - [INFO] 2024-04-30 06:01:37.731 +0800 o.a.d.s.m.r.t.TaskGroupCoordinator:[127] - TaskGroupCoordinator round time cost: 3/ms
[WI-0][TI-0] - [INFO] 2024-04-30 06:01:42.750 +0800 o.a.d.s.m.r.t.TaskGroupCoordinator:[127] - TaskGroupCoordinator round time cost: 2/ms
[WI-0][TI-0] - [INFO] 2024-04-30 06:01:47.772 +0800 o.a.d.s.m.r.t.TaskGroupCoordinator:[127] - TaskGroupCoordinator round time cost: 2/ms
[WI-0][TI-0] - [INFO] 2024-04-30 06:01:52.802 +0800 o.a.d.s.m.r.t.TaskGroupCoordinator:[127] - TaskGroupCoordinator round time cost: 3/ms
[WI-0][TI-0] - [INFO] 2024-04-30 06:01:57.819 +0800 o.a.d.s.m.r.t.TaskGroupCoordinator:[127] - TaskGroupCoordinator round time cost: 3/ms
[WI-0][TI-0] - [INFO] 2024-04-30 06:02:02.832 +0800 o.a.d.s.m.r.t.TaskGroupCoordinator:[127] - TaskGroupCoordinator round time cost: 1/ms
[WI-0][TI-0] - [INFO] 2024-04-30 06:02:07.848 +0800 o.a.d.s.m.r.t.TaskGroupCoordinator:[127] - TaskGroupCoordinator round time cost: 2/ms
[WI-0][TI-0] - [INFO] 2024-04-30 06:02:12.873 +0800 o.a.d.s.m.r.t.TaskGroupCoordinator:[127] - TaskGroupCoordinator round time cost: 2/ms
[WI-0][TI-0] - [INFO] 2024-04-30 06:02:17.894 +0800 o.a.d.s.m.r.t.TaskGroupCoordinator:[127] - TaskGroupCoordinator round time cost: 3/ms
[WI-0][TI-0] - [INFO] 2024-04-30 06:02:22.907 +0800 o.a.d.s.m.r.t.TaskGroupCoordinator:[127] - TaskGroupCoordinator round time cost: 2/ms
[WI-0][TI-0] - [INFO] 2024-04-30 06:02:27.922 +0800 o.a.d.s.m.r.t.TaskGroupCoordinator:[127] - TaskGroupCoordinator round time cost: 2/ms
[WI-0][TI-0] - [INFO] 2024-04-30 06:02:32.932 +0800 o.a.d.s.m.r.t.TaskGroupCoordinator:[127] - TaskGroupCoordinator round time cost: 1/ms
[WI-0][TI-0] - [INFO] 2024-04-30 06:02:37.946 +0800 o.a.d.s.m.r.t.TaskGroupCoordinator:[127] - TaskGroupCoordinator round time cost: 2/ms
[WI-0][TI-0] - [INFO] 2024-04-30 06:02:42.966 +0800 o.a.d.s.m.r.t.TaskGroupCoordinator:[127] - TaskGroupCoordinator round time cost: 3/ms
[WI-0][TI-0] - [INFO] 2024-04-30 06:02:47.994 +0800 o.a.d.s.m.r.t.TaskGroupCoordinator:[127] - TaskGroupCoordinator round time cost: 0/ms
[WI-0][TI-0] - [INFO] 2024-04-30 06:02:53.015 +0800 o.a.d.s.m.r.t.TaskGroupCoordinator:[127] - TaskGroupCoordinator round time cost: 1/ms
[WI-0][TI-0] - [INFO] 2024-04-30 06:02:58.026 +0800 o.a.d.s.m.r.t.TaskGroupCoordinator:[127] - TaskGroupCoordinator round time cost: 2/ms
[WI-0][TI-0] - [INFO] 2024-04-30 06:03:03.036 +0800 o.a.d.s.m.r.t.TaskGroupCoordinator:[127] - TaskGroupCoordinator round time cost: 1/ms
[WI-0][TI-0] - [INFO] 2024-04-30 06:03:06.693 +0800 o.a.d.s.m.c.MasterServerLoadProtection:[48] - Master OverLoad: the TotalCpuUsedPercentage: 1.0 is over then the MaxCpuUsagePercentageThresholds 0.7
[WI-0][TI-0] - [WARN] 2024-04-30 06:03:06.694 +0800 o.a.d.s.m.r.MasterSchedulerBootstrap:[123] - The current server is overload, cannot consumes commands.
[WI-0][TI-0] - [INFO] 2024-04-30 06:03:08.049 +0800 o.a.d.s.m.r.t.TaskGroupCoordinator:[127] - TaskGroupCoordinator round time cost: 2/ms
[WI-0][TI-0] - [INFO] 2024-04-30 06:03:13.075 +0800 o.a.d.s.m.r.t.TaskGroupCoordinator:[127] - TaskGroupCoordinator round time cost: 7/ms
[WI-0][TI-0] - [INFO] 2024-04-30 06:03:18.100 +0800 o.a.d.s.m.r.t.TaskGroupCoordinator:[127] - TaskGroupCoordinator round time cost: 1/ms
[WI-0][TI-0] - [INFO] 2024-04-30 06:03:23.174 +0800 o.a.d.s.m.r.t.TaskGroupCoordinator:[127] - TaskGroupCoordinator round time cost: 2/ms
[WI-0][TI-0] - [INFO] 2024-04-30 06:03:28.202 +0800 o.a.d.s.m.r.t.TaskGroupCoordinator:[127] - TaskGroupCoordinator round time cost: 2/ms
[WI-0][TI-0] - [INFO] 2024-04-30 06:03:33.212 +0800 o.a.d.s.m.r.t.TaskGroupCoordinator:[127] - TaskGroupCoordinator round time cost: 1/ms
[WI-0][TI-0] - [INFO] 2024-04-30 06:03:38.228 +0800 o.a.d.s.m.r.t.TaskGroupCoordinator:[127] - TaskGroupCoordinator round time cost: 1/ms
[WI-0][TI-0] - [INFO] 2024-04-30 06:03:43.258 +0800 o.a.d.s.m.r.t.TaskGroupCoordinator:[127] - TaskGroupCoordinator round time cost: 0/ms
[WI-0][TI-0] - [INFO] 2024-04-30 06:03:48.294 +0800 o.a.d.s.m.r.t.TaskGroupCoordinator:[127] - TaskGroupCoordinator round time cost: 0/ms
[WI-0][TI-0] - [INFO] 2024-04-30 06:03:53.330 +0800 o.a.d.s.m.r.t.TaskGroupCoordinator:[127] - TaskGroupCoordinator round time cost: 0/ms
[WI-0][TI-0] - [INFO] 2024-04-30 06:03:58.346 +0800 o.a.d.s.m.r.t.TaskGroupCoordinator:[127] - TaskGroupCoordinator round time cost: 0/ms
[WI-0][TI-0] - [INFO] 2024-04-30 06:04:03.356 +0800 o.a.d.s.m.r.t.TaskGroupCoordinator:[127] - TaskGroupCoordinator round time cost: 2/ms
[WI-0][TI-0] - [INFO] 2024-04-30 06:04:08.368 +0800 o.a.d.s.m.r.t.TaskGroupCoordinator:[127] - TaskGroupCoordinator round time cost: 1/ms
[WI-0][TI-0] - [INFO] 2024-04-30 06:04:13.388 +0800 o.a.d.s.m.r.t.TaskGroupCoordinator:[127] - TaskGroupCoordinator round time cost: 1/ms
[WI-0][TI-0] - [INFO] 2024-04-30 06:04:18.403 +0800 o.a.d.s.m.r.t.TaskGroupCoordinator:[127] - TaskGroupCoordinator round time cost: 2/ms
[WI-0][TI-0] - [INFO] 2024-04-30 06:04:23.419 +0800 o.a.d.s.m.r.t.TaskGroupCoordinator:[127] - TaskGroupCoordinator round time cost: 2/ms
[WI-0][TI-0] - [INFO] 2024-04-30 06:04:28.436 +0800 o.a.d.s.m.r.t.TaskGroupCoordinator:[127] - TaskGroupCoordinator round time cost: 2/ms
[WI-0][TI-0] - [INFO] 2024-04-30 06:04:33.447 +0800 o.a.d.s.m.r.t.TaskGroupCoordinator:[127] - TaskGroupCoordinator round time cost: 0/ms
[WI-0][TI-0] - [INFO] 2024-04-30 06:04:38.468 +0800 o.a.d.s.m.r.t.TaskGroupCoordinator:[127] - TaskGroupCoordinator round time cost: 0/ms
[WI-0][TI-0] - [INFO] 2024-04-30 06:04:43.483 +0800 o.a.d.s.m.r.t.TaskGroupCoordinator:[127] - TaskGroupCoordinator round time cost: 2/ms
[WI-0][TI-0] - [INFO] 2024-04-30 06:04:48.498 +0800 o.a.d.s.m.r.t.TaskGroupCoordinator:[127] - TaskGroupCoordinator round time cost: 0/ms
[WI-0][TI-0] - [INFO] 2024-04-30 06:04:53.574 +0800 o.a.d.s.m.r.t.TaskGroupCoordinator:[127] - TaskGroupCoordinator round time cost: 2/ms
[WI-0][TI-0] - [INFO] 2024-04-30 06:04:58.591 +0800 o.a.d.s.m.r.t.TaskGroupCoordinator:[127] - TaskGroupCoordinator round time cost: 3/ms
[WI-0][TI-0] - [INFO] 2024-04-30 06:05:03.615 +0800 o.a.d.s.m.r.t.TaskGroupCoordinator:[127] - TaskGroupCoordinator round time cost: 3/ms
[WI-0][TI-0] - [INFO] 2024-04-30 06:05:08.636 +0800 o.a.d.s.m.r.t.TaskGroupCoordinator:[127] - TaskGroupCoordinator round time cost: 3/ms
[WI-0][TI-0] - [INFO] 2024-04-30 06:05:13.658 +0800 o.a.d.s.m.r.t.TaskGroupCoordinator:[127] - TaskGroupCoordinator round time cost: 5/ms
[WI-0][TI-0] - [INFO] 2024-04-30 06:05:18.674 +0800 o.a.d.s.m.r.t.TaskGroupCoordinator:[127] - TaskGroupCoordinator round time cost: 2/ms
[WI-0][TI-0] - [INFO] 2024-04-30 06:05:23.693 +0800 o.a.d.s.m.r.t.TaskGroupCoordinator:[127] - TaskGroupCoordinator round time cost: 5/ms
[WI-0][TI-0] - [INFO] 2024-04-30 06:05:28.708 +0800 o.a.d.s.m.r.t.TaskGroupCoordinator:[127] - TaskGroupCoordinator round time cost: 1/ms
[WI-0][TI-0] - [INFO] 2024-04-30 06:05:31.953 +0800 o.a.d.s.m.c.MasterServerLoadProtection:[48] - Master OverLoad: the TotalCpuUsedPercentage: 1.0 is over then the MaxCpuUsagePercentageThresholds 0.7
[WI-0][TI-0] - [WARN] 2024-04-30 06:05:32.814 +0800 o.a.d.s.m.r.MasterSlotManager:[90] - Current master is not in active master list
[WI-0][TI-0] - [WARN] 2024-04-30 06:05:32.956 +0800 o.a.d.s.m.r.MasterSchedulerBootstrap:[179] - Master count: 0 is invalid, the current slot: 0
[WI-0][TI-0] - [INFO] 2024-04-30 06:05:33.720 +0800 o.a.d.s.m.r.t.TaskGroupCoordinator:[127] - TaskGroupCoordinator round time cost: 1/ms
[WI-0][TI-0] - [WARN] 2024-04-30 06:05:33.958 +0800 o.a.d.s.m.r.MasterSchedulerBootstrap:[179] - Master count: 0 is invalid, the current slot: 0
[WI-0][TI-0] - [WARN] 2024-04-30 06:05:34.960 +0800 o.a.d.s.m.r.MasterSchedulerBootstrap:[179] - Master count: 0 is invalid, the current slot: 0
[WI-0][TI-0] - [WARN] 2024-04-30 06:05:35.961 +0800 o.a.d.s.m.r.MasterSchedulerBootstrap:[179] - Master count: 0 is invalid, the current slot: 0
[WI-0][TI-0] - [WARN] 2024-04-30 06:05:36.962 +0800 o.a.d.s.m.r.MasterSchedulerBootstrap:[179] - Master count: 0 is invalid, the current slot: 0
[WI-0][TI-0] - [WARN] 2024-04-30 06:05:37.964 +0800 o.a.d.s.m.r.MasterSchedulerBootstrap:[179] - Master count: 0 is invalid, the current slot: 0
[WI-0][TI-0] - [INFO] 2024-04-30 06:05:38.739 +0800 o.a.d.s.m.r.t.TaskGroupCoordinator:[127] - TaskGroupCoordinator round time cost: 2/ms
[WI-0][TI-0] - [WARN] 2024-04-30 06:05:38.965 +0800 o.a.d.s.m.r.MasterSchedulerBootstrap:[179] - Master count: 0 is invalid, the current slot: 0
[WI-0][TI-0] - [WARN] 2024-04-30 06:05:39.967 +0800 o.a.d.s.m.r.MasterSchedulerBootstrap:[179] - Master count: 0 is invalid, the current slot: 0
[WI-0][TI-0] - [WARN] 2024-04-30 06:05:40.969 +0800 o.a.d.s.m.r.MasterSchedulerBootstrap:[179] - Master count: 0 is invalid, the current slot: 0
[WI-0][TI-0] - [WARN] 2024-04-30 06:05:41.970 +0800 o.a.d.s.m.r.MasterSchedulerBootstrap:[179] - Master count: 0 is invalid, the current slot: 0
[WI-0][TI-0] - [INFO] 2024-04-30 06:05:42.822 +0800 o.a.d.s.m.r.MasterSlotManager:[94] - Update master nodes, total master size: 1, current slot: 0
[WI-0][TI-0] - [INFO] 2024-04-30 06:05:43.760 +0800 o.a.d.s.m.r.t.TaskGroupCoordinator:[127] - TaskGroupCoordinator round time cost: 2/ms
[WI-0][TI-0] - [INFO] 2024-04-30 06:05:48.781 +0800 o.a.d.s.m.r.t.TaskGroupCoordinator:[127] - TaskGroupCoordinator round time cost: 2/ms
[WI-0][TI-0] - [INFO] 2024-04-30 06:05:51.025 +0800 o.a.d.s.m.c.MasterServerLoadProtection:[48] - Master OverLoad: the TotalCpuUsedPercentage: 1.0 is over then the MaxCpuUsagePercentageThresholds 0.7
[WI-0][TI-0] - [WARN] 2024-04-30 06:05:51.025 +0800 o.a.d.s.m.r.MasterSchedulerBootstrap:[123] - The current server is overload, cannot consumes commands.
[WI-0][TI-0] - [INFO] 2024-04-30 06:05:53.796 +0800 o.a.d.s.m.r.t.TaskGroupCoordinator:[127] - TaskGroupCoordinator round time cost: 2/ms
[WI-0][TI-0] - [INFO] 2024-04-30 06:05:58.821 +0800 o.a.d.s.m.r.t.TaskGroupCoordinator:[127] - TaskGroupCoordinator round time cost: 4/ms
[WI-0][TI-0] - [INFO] 2024-04-30 06:06:00.050 +0800 o.a.d.s.m.c.MasterServerLoadProtection:[48] - Master OverLoad: the TotalCpuUsedPercentage: 1.0 is over then the MaxCpuUsagePercentageThresholds 0.7
[WI-0][TI-0] - [INFO] 2024-04-30 06:06:03.833 +0800 o.a.d.s.m.r.t.TaskGroupCoordinator:[127] - TaskGroupCoordinator round time cost: 1/ms
[WI-0][TI-0] - [INFO] 2024-04-30 06:06:08.852 +0800 o.a.d.s.m.r.t.TaskGroupCoordinator:[127] - TaskGroupCoordinator round time cost: 0/ms
[WI-0][TI-0] - [INFO] 2024-04-30 06:06:13.874 +0800 o.a.d.s.m.r.t.TaskGroupCoordinator:[127] - TaskGroupCoordinator round time cost: 2/ms
[WI-0][TI-0] - [INFO] 2024-04-30 06:06:18.887 +0800 o.a.d.s.m.r.t.TaskGroupCoordinator:[127] - TaskGroupCoordinator round time cost: 2/ms
[WI-0][TI-0] - [INFO] 2024-04-30 06:06:23.904 +0800 o.a.d.s.m.r.t.TaskGroupCoordinator:[127] - TaskGroupCoordinator round time cost: 0/ms
[WI-0][TI-0] - [INFO] 2024-04-30 06:06:28.916 +0800 o.a.d.s.m.r.t.TaskGroupCoordinator:[127] - TaskGroupCoordinator round time cost: 0/ms
[WI-0][TI-0] - [INFO] 2024-04-30 06:06:33.946 +0800 o.a.d.s.m.r.t.TaskGroupCoordinator:[127] - TaskGroupCoordinator round time cost: 13/ms
[WI-0][TI-0] - [INFO] 2024-04-30 06:06:38.965 +0800 o.a.d.s.m.r.t.TaskGroupCoordinator:[127] - TaskGroupCoordinator round time cost: 3/ms
[WI-0][TI-0] - [INFO] 2024-04-30 06:06:43.984 +0800 o.a.d.s.m.r.t.TaskGroupCoordinator:[127] - TaskGroupCoordinator round time cost: 2/ms
[WI-0][TI-0] - [INFO] 2024-04-30 06:06:49.023 +0800 o.a.d.s.m.r.t.TaskGroupCoordinator:[127] - TaskGroupCoordinator round time cost: 2/ms
[WI-0][TI-0] - [INFO] 2024-04-30 06:06:54.042 +0800 o.a.d.s.m.r.t.TaskGroupCoordinator:[127] - TaskGroupCoordinator round time cost: 2/ms
[WI-0][TI-0] - [INFO] 2024-04-30 06:06:59.176 +0800 o.a.d.s.m.r.t.TaskGroupCoordinator:[127] - TaskGroupCoordinator round time cost: 0/ms
[WI-0][TI-0] - [INFO] 2024-04-30 06:07:04.192 +0800 o.a.d.s.m.r.t.TaskGroupCoordinator:[127] - TaskGroupCoordinator round time cost: 0/ms
[WI-0][TI-0] - [INFO] 2024-04-30 06:07:09.215 +0800 o.a.d.s.m.r.t.TaskGroupCoordinator:[127] - TaskGroupCoordinator round time cost: 0/ms
[WI-0][TI-0] - [INFO] 2024-04-30 06:07:14.235 +0800 o.a.d.s.m.r.t.TaskGroupCoordinator:[127] - TaskGroupCoordinator round time cost: 3/ms
[WI-0][TI-0] - [INFO] 2024-04-30 06:07:14.782 +0800 o.a.d.s.m.s.MasterFailoverService:[86] - Master failover service 172.18.0.3:5678 begin to failover hosts:[172.18.0.3:5678]
[WI-0][TI-0] - [INFO] 2024-04-30 06:07:14.804 +0800 o.a.d.s.m.s.MasterFailoverService:[124] - Master[172.18.0.3:5678] failover starting there are 4 workflowInstance may need to failover, will do a deep check, workflowInstanceIds: [448, 508, 510, 511]
[WI-448][TI-0] - [INFO] 2024-04-30 06:07:14.805 +0800 o.a.d.s.m.s.MasterFailoverService:[133] - WorkflowInstance failover starting
[WI-448][TI-0] - [INFO] 2024-04-30 06:07:14.805 +0800 o.a.d.s.m.s.MasterFailoverService:[190] - The workflowInstance's restartTime is after the dead master startup time, no need to failover
[WI-508][TI-0] - [INFO] 2024-04-30 06:07:14.805 +0800 o.a.d.s.m.s.MasterFailoverService:[133] - WorkflowInstance failover starting
[WI-508][TI-0] - [INFO] 2024-04-30 06:07:14.805 +0800 o.a.d.s.m.s.MasterFailoverService:[190] - The workflowInstance's restartTime is after the dead master startup time, no need to failover
[WI-510][TI-0] - [INFO] 2024-04-30 06:07:14.805 +0800 o.a.d.s.m.s.MasterFailoverService:[133] - WorkflowInstance failover starting
[WI-510][TI-0] - [INFO] 2024-04-30 06:07:14.805 +0800 o.a.d.s.m.s.MasterFailoverService:[190] - The workflowInstance's restartTime is after the dead master startup time, no need to failover
[WI-511][TI-0] - [INFO] 2024-04-30 06:07:14.810 +0800 o.a.d.s.m.s.MasterFailoverService:[133] - WorkflowInstance failover starting
[WI-511][TI-0] - [INFO] 2024-04-30 06:07:14.810 +0800 o.a.d.s.m.s.MasterFailoverService:[190] - The workflowInstance's restartTime is after the dead master startup time, no need to failover
[WI-0][TI-0] - [INFO] 2024-04-30 06:07:14.810 +0800 o.a.d.s.m.s.MasterFailoverService:[148] - Master[172.18.0.3:5678] failover finished, useTime:8ms
[WI-0][TI-0] - [INFO] 2024-04-30 06:07:19.249 +0800 o.a.d.s.m.r.t.TaskGroupCoordinator:[127] - TaskGroupCoordinator round time cost: 2/ms
[WI-0][TI-0] - [INFO] 2024-04-30 06:07:24.274 +0800 o.a.d.s.m.r.t.TaskGroupCoordinator:[127] - TaskGroupCoordinator round time cost: 4/ms
[WI-0][TI-0] - [INFO] 2024-04-30 06:07:29.291 +0800 o.a.d.s.m.r.t.TaskGroupCoordinator:[127] - TaskGroupCoordinator round time cost: 0/ms
[WI-0][TI-0] - [INFO] 2024-04-30 06:07:34.309 +0800 o.a.d.s.m.r.t.TaskGroupCoordinator:[127] - TaskGroupCoordinator round time cost: 0/ms
[WI-0][TI-0] - [INFO] 2024-04-30 06:07:39.320 +0800 o.a.d.s.m.r.t.TaskGroupCoordinator:[127] - TaskGroupCoordinator round time cost: 1/ms
[WI-0][TI-0] - [INFO] 2024-04-30 06:07:44.334 +0800 o.a.d.s.m.r.t.TaskGroupCoordinator:[127] - TaskGroupCoordinator round time cost: 3/ms
[WI-0][TI-0] - [INFO] 2024-04-30 06:07:48.841 +0800 o.a.d.s.m.c.MasterServerLoadProtection:[48] - Master OverLoad: the TotalCpuUsedPercentage: 1.0053333333333334 is over then the MaxCpuUsagePercentageThresholds 0.7
[WI-0][TI-0] - [INFO] 2024-04-30 06:07:49.376 +0800 o.a.d.s.m.r.t.TaskGroupCoordinator:[127] - TaskGroupCoordinator round time cost: 2/ms
[WI-0][TI-0] - [INFO] 2024-04-30 06:07:54.391 +0800 o.a.d.s.m.r.t.TaskGroupCoordinator:[127] - TaskGroupCoordinator round time cost: 2/ms
[WI-0][TI-0] - [INFO] 2024-04-30 06:07:59.421 +0800 o.a.d.s.m.r.t.TaskGroupCoordinator:[127] - TaskGroupCoordinator round time cost: 4/ms
[WI-0][TI-0] - [INFO] 2024-04-30 06:08:04.439 +0800 o.a.d.s.m.r.t.TaskGroupCoordinator:[127] - TaskGroupCoordinator round time cost: 2/ms
[WI-0][TI-0] - [INFO] 2024-04-30 06:08:09.457 +0800 o.a.d.s.m.r.t.TaskGroupCoordinator:[127] - TaskGroupCoordinator round time cost: 2/ms
[WI-0][TI-0] - [INFO] 2024-04-30 06:08:14.471 +0800 o.a.d.s.m.r.t.TaskGroupCoordinator:[127] - TaskGroupCoordinator round time cost: 2/ms
[WI-0][TI-0] - [INFO] 2024-04-30 06:08:19.536 +0800 o.a.d.s.m.r.t.TaskGroupCoordinator:[127] - TaskGroupCoordinator round time cost: 1/ms
[WI-0][TI-0] - [INFO] 2024-04-30 06:08:24.554 +0800 o.a.d.s.m.r.t.TaskGroupCoordinator:[127] - TaskGroupCoordinator round time cost: 2/ms
[WI-0][TI-0] - [INFO] 2024-04-30 06:08:29.609 +0800 o.a.d.s.m.r.t.TaskGroupCoordinator:[127] - TaskGroupCoordinator round time cost: 9/ms
[WI-0][TI-0] - [INFO] 2024-04-30 06:08:34.623 +0800 o.a.d.s.m.r.t.TaskGroupCoordinator:[127] - TaskGroupCoordinator round time cost: 2/ms
[WI-0][TI-0] - [INFO] 2024-04-30 06:08:39.638 +0800 o.a.d.s.m.r.t.TaskGroupCoordinator:[127] - TaskGroupCoordinator round time cost: 2/ms
[WI-0][TI-0] - [INFO] 2024-04-30 06:08:42.041 +0800 o.a.d.s.m.c.MasterServerLoadProtection:[48] - Master OverLoad: the TotalCpuUsedPercentage: 1.0 is over then the MaxCpuUsagePercentageThresholds 0.7
[WI-0][TI-0] - [INFO] 2024-04-30 06:08:44.659 +0800 o.a.d.s.m.r.t.TaskGroupCoordinator:[127] - TaskGroupCoordinator round time cost: 4/ms
[WI-0][TI-0] - [INFO] 2024-04-30 06:08:49.695 +0800 o.a.d.s.m.r.t.TaskGroupCoordinator:[127] - TaskGroupCoordinator round time cost: 1/ms
[WI-0][TI-0] - [INFO] 2024-04-30 06:08:54.716 +0800 o.a.d.s.m.r.t.TaskGroupCoordinator:[127] - TaskGroupCoordinator round time cost: 0/ms
[WI-0][TI-0] - [INFO] 2024-04-30 06:08:59.727 +0800 o.a.d.s.m.r.t.TaskGroupCoordinator:[127] - TaskGroupCoordinator round time cost: 0/ms
[WI-0][TI-0] - [INFO] 2024-04-30 06:09:04.738 +0800 o.a.d.s.m.r.t.TaskGroupCoordinator:[127] - TaskGroupCoordinator round time cost: 0/ms
[WI-0][TI-0] - [INFO] 2024-04-30 06:09:09.751 +0800 o.a.d.s.m.r.t.TaskGroupCoordinator:[127] - TaskGroupCoordinator round time cost: 0/ms
[WI-0][TI-0] - [INFO] 2024-04-30 06:09:14.783 +0800 o.a.d.s.m.r.t.TaskGroupCoordinator:[127] - TaskGroupCoordinator round time cost: 1/ms
[WI-0][TI-0] - [INFO] 2024-04-30 06:09:19.810 +0800 o.a.d.s.m.r.t.TaskGroupCoordinator:[127] - TaskGroupCoordinator round time cost: 3/ms
[WI-0][TI-0] - [INFO] 2024-04-30 06:09:24.824 +0800 o.a.d.s.m.r.t.TaskGroupCoordinator:[127] - TaskGroupCoordinator round time cost: 0/ms
[WI-0][TI-0] - [INFO] 2024-04-30 06:09:29.839 +0800 o.a.d.s.m.r.t.TaskGroupCoordinator:[127] - TaskGroupCoordinator round time cost: 2/ms
[WI-0][TI-0] - [INFO] 2024-04-30 06:09:34.852 +0800 o.a.d.s.m.r.t.TaskGroupCoordinator:[127] - TaskGroupCoordinator round time cost: 1/ms
[WI-0][TI-0] - [INFO] 2024-04-30 06:09:39.865 +0800 o.a.d.s.m.r.t.TaskGroupCoordinator:[127] - TaskGroupCoordinator round time cost: 3/ms
[WI-0][TI-0] - [INFO] 2024-04-30 06:09:44.880 +0800 o.a.d.s.m.r.t.TaskGroupCoordinator:[127] - TaskGroupCoordinator round time cost: 3/ms
[WI-0][TI-0] - [INFO] 2024-04-30 06:09:49.902 +0800 o.a.d.s.m.r.t.TaskGroupCoordinator:[127] - TaskGroupCoordinator round time cost: 2/ms
[WI-0][TI-0] - [INFO] 2024-04-30 06:09:54.924 +0800 o.a.d.s.m.r.t.TaskGroupCoordinator:[127] - TaskGroupCoordinator round time cost: 2/ms
[WI-0][TI-0] - [INFO] 2024-04-30 06:09:59.943 +0800 o.a.d.s.m.r.t.TaskGroupCoordinator:[127] - TaskGroupCoordinator round time cost: 0/ms
[WI-0][TI-0] - [INFO] 2024-04-30 06:10:04.966 +0800 o.a.d.s.m.r.t.TaskGroupCoordinator:[127] - TaskGroupCoordinator round time cost: 1/ms
[WI-0][TI-0] - [INFO] 2024-04-30 06:10:09.984 +0800 o.a.d.s.m.r.t.TaskGroupCoordinator:[127] - TaskGroupCoordinator round time cost: 0/ms
[WI-0][TI-0] - [INFO] 2024-04-30 06:10:14.996 +0800 o.a.d.s.m.r.t.TaskGroupCoordinator:[127] - TaskGroupCoordinator round time cost: 2/ms
[WI-0][TI-0] - [INFO] 2024-04-30 06:10:20.012 +0800 o.a.d.s.m.r.t.TaskGroupCoordinator:[127] - TaskGroupCoordinator round time cost: 0/ms
[WI-0][TI-0] - [INFO] 2024-04-30 06:10:25.031 +0800 o.a.d.s.m.r.t.TaskGroupCoordinator:[127] - TaskGroupCoordinator round time cost: 0/ms
[WI-0][TI-0] - [INFO] 2024-04-30 06:10:27.913 +0800 o.a.d.s.m.c.MasterServerLoadProtection:[48] - Master OverLoad: the TotalCpuUsedPercentage: 1.0 is over then the MaxCpuUsagePercentageThresholds 0.7
[WI-0][TI-0] - [WARN] 2024-04-30 06:10:27.913 +0800 o.a.d.s.m.r.MasterSchedulerBootstrap:[123] - The current server is overload, cannot consumes commands.
[WI-0][TI-0] - [INFO] 2024-04-30 06:10:30.045 +0800 o.a.d.s.m.r.t.TaskGroupCoordinator:[127] - TaskGroupCoordinator round time cost: 0/ms
[WI-0][TI-0] - [INFO] 2024-04-30 06:10:35.056 +0800 o.a.d.s.m.r.t.TaskGroupCoordinator:[127] - TaskGroupCoordinator round time cost: 0/ms
[WI-0][TI-0] - [INFO] 2024-04-30 06:10:40.072 +0800 o.a.d.s.m.r.t.TaskGroupCoordinator:[127] - TaskGroupCoordinator round time cost: 0/ms
[WI-0][TI-0] - [INFO] 2024-04-30 06:10:45.084 +0800 o.a.d.s.m.r.t.TaskGroupCoordinator:[127] - TaskGroupCoordinator round time cost: 0/ms
[WI-0][TI-0] - [INFO] 2024-04-30 06:10:50.106 +0800 o.a.d.s.m.r.t.TaskGroupCoordinator:[127] - TaskGroupCoordinator round time cost: 0/ms
[WI-0][TI-0] - [INFO] 2024-04-30 06:10:55.118 +0800 o.a.d.s.m.r.t.TaskGroupCoordinator:[127] - TaskGroupCoordinator round time cost: 0/ms
[WI-0][TI-0] - [INFO] 2024-04-30 06:11:00.132 +0800 o.a.d.s.m.r.t.TaskGroupCoordinator:[127] - TaskGroupCoordinator round time cost: 0/ms
[WI-0][TI-0] - [INFO] 2024-04-30 06:11:05.148 +0800 o.a.d.s.m.r.t.TaskGroupCoordinator:[127] - TaskGroupCoordinator round time cost: 2/ms
[WI-0][TI-0] - [INFO] 2024-04-30 06:11:10.187 +0800 o.a.d.s.m.r.t.TaskGroupCoordinator:[127] - TaskGroupCoordinator round time cost: 2/ms
[WI-0][TI-0] - [INFO] 2024-04-30 06:11:15.206 +0800 o.a.d.s.m.r.t.TaskGroupCoordinator:[127] - TaskGroupCoordinator round time cost: 1/ms
[WI-0][TI-0] - [INFO] 2024-04-30 06:11:16.137 +0800 o.a.d.s.m.c.MasterServerLoadProtection:[48] - Master OverLoad: the TotalCpuUsedPercentage: 1.0025906735751295 is over then the MaxCpuUsagePercentageThresholds 0.7
[WI-0][TI-0] - [INFO] 2024-04-30 06:11:20.224 +0800 o.a.d.s.m.r.t.TaskGroupCoordinator:[127] - TaskGroupCoordinator round time cost: 3/ms
[WI-0][TI-0] - [INFO] 2024-04-30 06:11:25.252 +0800 o.a.d.s.m.r.t.TaskGroupCoordinator:[127] - TaskGroupCoordinator round time cost: 2/ms
[WI-0][TI-0] - [INFO] 2024-04-30 06:11:30.268 +0800 o.a.d.s.m.r.t.TaskGroupCoordinator:[127] - TaskGroupCoordinator round time cost: 2/ms
[WI-0][TI-0] - [INFO] 2024-04-30 06:11:35.289 +0800 o.a.d.s.m.r.t.TaskGroupCoordinator:[127] - TaskGroupCoordinator round time cost: 4/ms
[WI-0][TI-0] - [INFO] 2024-04-30 06:11:40.304 +0800 o.a.d.s.m.r.t.TaskGroupCoordinator:[127] - TaskGroupCoordinator round time cost: 2/ms
[WI-0][TI-0] - [INFO] 2024-04-30 06:11:45.349 +0800 o.a.d.s.m.r.t.TaskGroupCoordinator:[127] - TaskGroupCoordinator round time cost: 2/ms
[WI-0][TI-0] - [INFO] 2024-04-30 06:11:50.391 +0800 o.a.d.s.m.r.t.TaskGroupCoordinator:[127] - TaskGroupCoordinator round time cost: 2/ms
[WI-0][TI-0] - [INFO] 2024-04-30 06:11:50.766 +0800 o.a.d.s.m.c.MasterServerLoadProtection:[48] - Master OverLoad: the TotalCpuUsedPercentage: 1.0 is over then the MaxCpuUsagePercentageThresholds 0.7
[WI-0][TI-0] - [INFO] 2024-04-30 06:11:55.403 +0800 o.a.d.s.m.r.t.TaskGroupCoordinator:[127] - TaskGroupCoordinator round time cost: 2/ms
[WI-0][TI-0] - [INFO] 2024-04-30 06:12:00.422 +0800 o.a.d.s.m.r.t.TaskGroupCoordinator:[127] - TaskGroupCoordinator round time cost: 3/ms
[WI-0][TI-0] - [INFO] 2024-04-30 06:12:00.793 +0800 o.a.d.s.m.c.MasterServerLoadProtection:[48] - Master OverLoad: the TotalCpuUsedPercentage: 1.0 is over then the MaxCpuUsagePercentageThresholds 0.7
[WI-0][TI-0] - [INFO] 2024-04-30 06:12:04.836 +0800 o.a.d.s.m.c.MasterServerLoadProtection:[48] - Master OverLoad: the TotalCpuUsedPercentage: 1.0076726342710998 is over then the MaxCpuUsagePercentageThresholds 0.7
[WI-0][TI-0] - [INFO] 2024-04-30 06:12:05.436 +0800 o.a.d.s.m.r.t.TaskGroupCoordinator:[127] - TaskGroupCoordinator round time cost: 2/ms
[WI-0][TI-0] - [INFO] 2024-04-30 06:12:10.452 +0800 o.a.d.s.m.r.t.TaskGroupCoordinator:[127] - TaskGroupCoordinator round time cost: 5/ms
[WI-0][TI-0] - [INFO] 2024-04-30 06:12:15.474 +0800 o.a.d.s.m.r.t.TaskGroupCoordinator:[127] - TaskGroupCoordinator round time cost: 0/ms
[WI-0][TI-0] - [INFO] 2024-04-30 06:12:20.492 +0800 o.a.d.s.m.r.t.TaskGroupCoordinator:[127] - TaskGroupCoordinator round time cost: 4/ms
[WI-0][TI-0] - [INFO] 2024-04-30 06:12:25.510 +0800 o.a.d.s.m.r.t.TaskGroupCoordinator:[127] - TaskGroupCoordinator round time cost: 3/ms
[WI-0][TI-0] - [INFO] 2024-04-30 06:12:30.532 +0800 o.a.d.s.m.r.t.TaskGroupCoordinator:[127] - TaskGroupCoordinator round time cost: 4/ms
[WI-0][TI-0] - [INFO] 2024-04-30 06:12:35.729 +0800 o.a.d.s.m.r.t.TaskGroupCoordinator:[127] - TaskGroupCoordinator round time cost: 3/ms
[WI-0][TI-0] - [INFO] 2024-04-30 06:12:40.745 +0800 o.a.d.s.m.r.t.TaskGroupCoordinator:[127] - TaskGroupCoordinator round time cost: 0/ms
[WI-0][TI-0] - [INFO] 2024-04-30 06:12:45.771 +0800 o.a.d.s.m.r.t.TaskGroupCoordinator:[127] - TaskGroupCoordinator round time cost: 0/ms
[WI-0][TI-0] - [INFO] 2024-04-30 06:12:50.791 +0800 o.a.d.s.m.r.t.TaskGroupCoordinator:[127] - TaskGroupCoordinator round time cost: 0/ms
[WI-0][TI-0] - [INFO] 2024-04-30 06:12:55.810 +0800 o.a.d.s.m.r.t.TaskGroupCoordinator:[127] - TaskGroupCoordinator round time cost: 0/ms
[WI-0][TI-0] - [INFO] 2024-04-30 06:13:00.823 +0800 o.a.d.s.m.r.t.TaskGroupCoordinator:[127] - TaskGroupCoordinator round time cost: 0/ms
[WI-0][TI-0] - [INFO] 2024-04-30 06:13:05.838 +0800 o.a.d.s.m.r.t.TaskGroupCoordinator:[127] - TaskGroupCoordinator round time cost: 3/ms
[WI-0][TI-0] - [INFO] 2024-04-30 06:13:10.849 +0800 o.a.d.s.m.r.t.TaskGroupCoordinator:[127] - TaskGroupCoordinator round time cost: 2/ms
[WI-0][TI-0] - [INFO] 2024-04-30 06:13:15.865 +0800 o.a.d.s.m.r.t.TaskGroupCoordinator:[127] - TaskGroupCoordinator round time cost: 3/ms
[WI-0][TI-0] - [INFO] 2024-04-30 06:13:20.891 +0800 o.a.d.s.m.r.t.TaskGroupCoordinator:[127] - TaskGroupCoordinator round time cost: 3/ms
[WI-0][TI-0] - [INFO] 2024-04-30 06:13:25.946 +0800 o.a.d.s.m.r.t.TaskGroupCoordinator:[127] - TaskGroupCoordinator round time cost: 3/ms
[WI-0][TI-0] - [INFO] 2024-04-30 06:13:30.964 +0800 o.a.d.s.m.r.t.TaskGroupCoordinator:[127] - TaskGroupCoordinator round time cost: 4/ms
[WI-0][TI-0] - [INFO] 2024-04-30 06:13:35.981 +0800 o.a.d.s.m.r.t.TaskGroupCoordinator:[127] - TaskGroupCoordinator round time cost: 4/ms
[WI-0][TI-0] - [INFO] 2024-04-30 06:13:40.998 +0800 o.a.d.s.m.r.t.TaskGroupCoordinator:[127] - TaskGroupCoordinator round time cost: 2/ms
[WI-0][TI-0] - [INFO] 2024-04-30 06:13:46.014 +0800 o.a.d.s.m.r.t.TaskGroupCoordinator:[127] - TaskGroupCoordinator round time cost: 2/ms
[WI-0][TI-0] - [INFO] 2024-04-30 06:13:51.170 +0800 o.a.d.s.m.r.t.TaskGroupCoordinator:[127] - TaskGroupCoordinator round time cost: 26/ms
[WI-0][TI-0] - [WARN] 2024-04-30 06:13:51.884 +0800 o.a.z.ClientCnxn:[1292] - Session 0x100000d21a50004 for server dolphinscheduler-zookeeper/172.18.0.4:2181, Closing socket connection. Attempting reconnect except it is a SessionExpiredException.
org.apache.zookeeper.ClientCnxn$EndOfStreamException: Unable to read additional data from server sessionid 0x100000d21a50004, likely server has closed socket
	at org.apache.zookeeper.ClientCnxnSocketNIO.doIO(ClientCnxnSocketNIO.java:77)
	at org.apache.zookeeper.ClientCnxnSocketNIO.doTransport(ClientCnxnSocketNIO.java:350)
	at org.apache.zookeeper.ClientCnxn$SendThread.run(ClientCnxn.java:1282)
[WI-0][TI-0] - [INFO] 2024-04-30 06:13:52.003 +0800 o.a.c.f.s.ConnectionStateManager:[252] - State change: SUSPENDED
[WI-0][TI-0] - [WARN] 2024-04-30 06:13:52.005 +0800 o.a.d.p.r.z.ZookeeperConnectionStateListener:[50] - Registry suspended
[WI-0][TI-0] - [INFO] 2024-04-30 06:13:52.006 +0800 o.a.d.s.m.r.MasterConnectionStateListener:[38] - Master received a SUSPENDED event from registry, the current server state is RUNNING
[WI-0][TI-0] - [INFO] 2024-04-30 06:13:52.472 +0800 o.a.d.s.m.c.MasterServerLoadProtection:[48] - Master OverLoad: the TotalCpuUsedPercentage: 0.9364548494983278 is over then the MaxCpuUsagePercentageThresholds 0.7
[WI-0][TI-0] - [WARN] 2024-04-30 06:13:52.472 +0800 o.a.d.s.m.r.MasterSchedulerBootstrap:[123] - The current server is overload, cannot consumes commands.
[WI-0][TI-0] - [ERROR] 2024-04-30 06:13:53.007 +0800 o.a.z.c.StaticHostProvider:[148] - Unable to resolve address: dolphinscheduler-zookeeper:2181
java.net.UnknownHostException: dolphinscheduler-zookeeper: Temporary failure in name resolution
	at java.net.Inet4AddressImpl.lookupAllHostAddr(Native Method)
	at java.net.InetAddress$2.lookupAllHostAddr(InetAddress.java:867)
	at java.net.InetAddress.getAddressesFromNameService(InetAddress.java:1302)
	at java.net.InetAddress$NameServiceAddresses.get(InetAddress.java:815)
	at java.net.InetAddress.getAllByName0(InetAddress.java:1291)
	at java.net.InetAddress.getAllByName(InetAddress.java:1144)
	at java.net.InetAddress.getAllByName(InetAddress.java:1065)
	at org.apache.zookeeper.client.StaticHostProvider$1.getAllByName(StaticHostProvider.java:88)
	at org.apache.zookeeper.client.StaticHostProvider.resolve(StaticHostProvider.java:141)
	at org.apache.zookeeper.client.StaticHostProvider.next(StaticHostProvider.java:368)
	at org.apache.zookeeper.ClientCnxn$SendThread.run(ClientCnxn.java:1197)
[WI-0][TI-0] - [INFO] 2024-04-30 06:13:53.146 +0800 o.a.d.s.m.c.MasterServerLoadProtection:[48] - Master OverLoad: the TotalCpuUsedPercentage: 0.9364548494983278 is over then the MaxCpuUsagePercentageThresholds 0.7
[WI-0][TI-0] - [WARN] 2024-04-30 06:13:53.227 +0800 o.a.z.ClientCnxn:[1292] - Session 0x100000d21a50004 for server dolphinscheduler-zookeeper:2181, Closing socket connection. Attempting reconnect except it is a SessionExpiredException.
java.lang.IllegalArgumentException: Unable to canonicalize address dolphinscheduler-zookeeper:2181 because it's not resolvable
	at org.apache.zookeeper.SaslServerPrincipal.getServerPrincipal(SaslServerPrincipal.java:78)
	at org.apache.zookeeper.SaslServerPrincipal.getServerPrincipal(SaslServerPrincipal.java:41)
	at org.apache.zookeeper.ClientCnxn$SendThread.startConnect(ClientCnxn.java:1151)
	at org.apache.zookeeper.ClientCnxn$SendThread.run(ClientCnxn.java:1200)
[WI-0][TI-0] - [ERROR] 2024-04-30 06:13:54.329 +0800 o.a.z.c.StaticHostProvider:[148] - Unable to resolve address: dolphinscheduler-zookeeper:2181
java.net.UnknownHostException: dolphinscheduler-zookeeper
	at java.net.InetAddress$CachedAddresses.get(InetAddress.java:764)
	at java.net.InetAddress.getAllByName0(InetAddress.java:1291)
	at java.net.InetAddress.getAllByName(InetAddress.java:1144)
	at java.net.InetAddress.getAllByName(InetAddress.java:1065)
	at org.apache.zookeeper.client.StaticHostProvider$1.getAllByName(StaticHostProvider.java:88)
	at org.apache.zookeeper.client.StaticHostProvider.resolve(StaticHostProvider.java:141)
	at org.apache.zookeeper.client.StaticHostProvider.next(StaticHostProvider.java:368)
	at org.apache.zookeeper.ClientCnxn$SendThread.run(ClientCnxn.java:1197)
[WI-0][TI-0] - [WARN] 2024-04-30 06:13:55.007 +0800 o.a.z.ClientCnxn:[1292] - Session 0x100000d21a50004 for server dolphinscheduler-zookeeper:2181, Closing socket connection. Attempting reconnect except it is a SessionExpiredException.
java.lang.IllegalArgumentException: Unable to canonicalize address dolphinscheduler-zookeeper:2181 because it's not resolvable
	at org.apache.zookeeper.SaslServerPrincipal.getServerPrincipal(SaslServerPrincipal.java:78)
	at org.apache.zookeeper.SaslServerPrincipal.getServerPrincipal(SaslServerPrincipal.java:41)
	at org.apache.zookeeper.ClientCnxn$SendThread.startConnect(ClientCnxn.java:1151)
	at org.apache.zookeeper.ClientCnxn$SendThread.run(ClientCnxn.java:1200)
[WI-0][TI-0] - [ERROR] 2024-04-30 06:13:56.133 +0800 o.a.z.c.StaticHostProvider:[148] - Unable to resolve address: dolphinscheduler-zookeeper:2181
java.net.UnknownHostException: dolphinscheduler-zookeeper
	at java.net.InetAddress$CachedAddresses.get(InetAddress.java:764)
	at java.net.InetAddress.getAllByName0(InetAddress.java:1291)
	at java.net.InetAddress.getAllByName(InetAddress.java:1144)
	at java.net.InetAddress.getAllByName(InetAddress.java:1065)
	at org.apache.zookeeper.client.StaticHostProvider$1.getAllByName(StaticHostProvider.java:88)
	at org.apache.zookeeper.client.StaticHostProvider.resolve(StaticHostProvider.java:141)
	at org.apache.zookeeper.client.StaticHostProvider.next(StaticHostProvider.java:368)
	at org.apache.zookeeper.ClientCnxn$SendThread.run(ClientCnxn.java:1197)
[WI-0][TI-0] - [WARN] 2024-04-30 06:13:57.149 +0800 o.a.z.ClientCnxn:[1292] - Session 0x100000d21a50004 for server dolphinscheduler-zookeeper:2181, Closing socket connection. Attempting reconnect except it is a SessionExpiredException.
java.lang.IllegalArgumentException: Unable to canonicalize address dolphinscheduler-zookeeper:2181 because it's not resolvable
	at org.apache.zookeeper.SaslServerPrincipal.getServerPrincipal(SaslServerPrincipal.java:78)
	at org.apache.zookeeper.SaslServerPrincipal.getServerPrincipal(SaslServerPrincipal.java:41)
	at org.apache.zookeeper.ClientCnxn$SendThread.startConnect(ClientCnxn.java:1151)
	at org.apache.zookeeper.ClientCnxn$SendThread.run(ClientCnxn.java:1200)
[WI-0][TI-0] - [ERROR] 2024-04-30 06:13:58.253 +0800 o.a.z.c.StaticHostProvider:[148] - Unable to resolve address: dolphinscheduler-zookeeper:2181
java.net.UnknownHostException: dolphinscheduler-zookeeper
	at java.net.InetAddress$CachedAddresses.get(InetAddress.java:764)
	at java.net.InetAddress.getAllByName0(InetAddress.java:1291)
	at java.net.InetAddress.getAllByName(InetAddress.java:1144)
	at java.net.InetAddress.getAllByName(InetAddress.java:1065)
	at org.apache.zookeeper.client.StaticHostProvider$1.getAllByName(StaticHostProvider.java:88)
	at org.apache.zookeeper.client.StaticHostProvider.resolve(StaticHostProvider.java:141)
	at org.apache.zookeeper.client.StaticHostProvider.next(StaticHostProvider.java:368)
	at org.apache.zookeeper.ClientCnxn$SendThread.run(ClientCnxn.java:1197)
[WI-0][TI-0] - [WARN] 2024-04-30 06:13:59.252 +0800 o.a.z.ClientCnxn:[1292] - Session 0x100000d21a50004 for server dolphinscheduler-zookeeper:2181, Closing socket connection. Attempting reconnect except it is a SessionExpiredException.
java.lang.IllegalArgumentException: Unable to canonicalize address dolphinscheduler-zookeeper:2181 because it's not resolvable
	at org.apache.zookeeper.SaslServerPrincipal.getServerPrincipal(SaslServerPrincipal.java:78)
	at org.apache.zookeeper.SaslServerPrincipal.getServerPrincipal(SaslServerPrincipal.java:41)
	at org.apache.zookeeper.ClientCnxn$SendThread.startConnect(ClientCnxn.java:1151)
	at org.apache.zookeeper.ClientCnxn$SendThread.run(ClientCnxn.java:1200)
[WI-0][TI-0] - [ERROR] 2024-04-30 06:14:00.418 +0800 o.a.z.c.StaticHostProvider:[148] - Unable to resolve address: dolphinscheduler-zookeeper:2181
java.net.UnknownHostException: dolphinscheduler-zookeeper
	at java.net.InetAddress$CachedAddresses.get(InetAddress.java:764)
	at java.net.InetAddress.getAllByName0(InetAddress.java:1291)
	at java.net.InetAddress.getAllByName(InetAddress.java:1144)
	at java.net.InetAddress.getAllByName(InetAddress.java:1065)
	at org.apache.zookeeper.client.StaticHostProvider$1.getAllByName(StaticHostProvider.java:88)
	at org.apache.zookeeper.client.StaticHostProvider.resolve(StaticHostProvider.java:141)
	at org.apache.zookeeper.client.StaticHostProvider.next(StaticHostProvider.java:368)
	at org.apache.zookeeper.ClientCnxn$SendThread.run(ClientCnxn.java:1197)
[WI-0][TI-0] - [WARN] 2024-04-30 06:14:01.046 +0800 o.a.z.ClientCnxn:[1292] - Session 0x100000d21a50004 for server dolphinscheduler-zookeeper:2181, Closing socket connection. Attempting reconnect except it is a SessionExpiredException.
java.lang.IllegalArgumentException: Unable to canonicalize address dolphinscheduler-zookeeper:2181 because it's not resolvable
	at org.apache.zookeeper.SaslServerPrincipal.getServerPrincipal(SaslServerPrincipal.java:78)
	at org.apache.zookeeper.SaslServerPrincipal.getServerPrincipal(SaslServerPrincipal.java:41)
	at org.apache.zookeeper.ClientCnxn$SendThread.startConnect(ClientCnxn.java:1151)
	at org.apache.zookeeper.ClientCnxn$SendThread.run(ClientCnxn.java:1200)
