[WARN] 2024-03-21 20:00:36.207 +0800 o.s.c.k.c.p.AbstractKubernetesProfileEnvironmentPostProcessor:[258] - Not running inside kubernetes. Skipping 'kubernetes' profile activation.
[WARN] 2024-03-21 20:00:51.319 +0800 o.s.c.k.c.p.AbstractKubernetesProfileEnvironmentPostProcessor:[258] - Not running inside kubernetes. Skipping 'kubernetes' profile activation.
[INFO] 2024-03-21 20:00:51.337 +0800 o.a.d.a.ApiApplicationServer:[640] - The following 1 profile is active: "postgresql"
[INFO] 2024-03-21 20:01:09.837 +0800 o.s.c.c.s.GenericScope:[283] - BeanFactory id=b9ea3c4b-94e1-3be4-b636-a78d78ec03d8
[INFO] 2024-03-21 20:01:13.456 +0800 o.s.c.s.PostProcessorRegistrationDelegate$BeanPostProcessorChecker:[376] - Bean 'io.kubernetes.client.spring.extended.manifests.config.KubernetesManifestsAutoConfiguration' of type [io.kubernetes.client.spring.extended.manifests.config.KubernetesManifestsAutoConfiguration] is not eligible for getting processed by all BeanPostProcessors (for example: not eligible for auto-proxying)
[INFO] 2024-03-21 20:01:13.529 +0800 o.s.c.s.PostProcessorRegistrationDelegate$BeanPostProcessorChecker:[376] - Bean 'org.springframework.cloud.commons.config.CommonsConfigAutoConfiguration' of type [org.springframework.cloud.commons.config.CommonsConfigAutoConfiguration] is not eligible for getting processed by all BeanPostProcessors (for example: not eligible for auto-proxying)
[INFO] 2024-03-21 20:01:13.538 +0800 o.s.c.s.PostProcessorRegistrationDelegate$BeanPostProcessorChecker:[376] - Bean 'org.springframework.cloud.client.loadbalancer.LoadBalancerDefaultMappingsProviderAutoConfiguration' of type [org.springframework.cloud.client.loadbalancer.LoadBalancerDefaultMappingsProviderAutoConfiguration] is not eligible for getting processed by all BeanPostProcessors (for example: not eligible for auto-proxying)
[INFO] 2024-03-21 20:01:13.549 +0800 o.s.c.s.PostProcessorRegistrationDelegate$BeanPostProcessorChecker:[376] - Bean 'loadBalancerClientsDefaultsMappingsProvider' of type [org.springframework.cloud.client.loadbalancer.LoadBalancerDefaultMappingsProviderAutoConfiguration$$Lambda$451/1131905905] is not eligible for getting processed by all BeanPostProcessors (for example: not eligible for auto-proxying)
[INFO] 2024-03-21 20:01:13.589 +0800 o.s.c.s.PostProcessorRegistrationDelegate$BeanPostProcessorChecker:[376] - Bean 'defaultsBindHandlerAdvisor' of type [org.springframework.cloud.commons.config.DefaultsBindHandlerAdvisor] is not eligible for getting processed by all BeanPostProcessors (for example: not eligible for auto-proxying)
[INFO] 2024-03-21 20:01:13.636 +0800 o.s.c.s.PostProcessorRegistrationDelegate$BeanPostProcessorChecker:[376] - Bean 'kubernetes.manifests-io.kubernetes.client.spring.extended.manifests.config.KubernetesManifestsProperties' of type [io.kubernetes.client.spring.extended.manifests.config.KubernetesManifestsProperties] is not eligible for getting processed by all BeanPostProcessors (for example: not eligible for auto-proxying)
[INFO] 2024-03-21 20:01:13.722 +0800 o.s.c.s.PostProcessorRegistrationDelegate$BeanPostProcessorChecker:[376] - Bean 'io.kubernetes.client.spring.extended.controller.config.KubernetesInformerAutoConfiguration' of type [io.kubernetes.client.spring.extended.controller.config.KubernetesInformerAutoConfiguration] is not eligible for getting processed by all BeanPostProcessors (for example: not eligible for auto-proxying)
[INFO] 2024-03-21 20:01:13.795 +0800 o.s.c.s.PostProcessorRegistrationDelegate$BeanPostProcessorChecker:[376] - Bean 'defaultApiClient' of type [io.kubernetes.client.openapi.ApiClient] is not eligible for getting processed by all BeanPostProcessors (for example: not eligible for auto-proxying)
[INFO] 2024-03-21 20:01:15.776 +0800 o.e.j.u.log:[170] - Logging initialized @50409ms to org.eclipse.jetty.util.log.Slf4jLog
[INFO] 2024-03-21 20:01:18.129 +0800 o.s.b.w.e.j.JettyServletWebServerFactory:[166] - Server initialized with port: 12345
[INFO] 2024-03-21 20:01:18.403 +0800 o.e.j.s.Server:[375] - jetty-9.4.48.v20220622; built: 2022-06-21T20:42:25.880Z; git: 6b67c5719d1f4371b33655ff2d047d24e171e49a; jvm 1.8.0_402-b06
[INFO] 2024-03-21 20:01:18.808 +0800 o.e.j.s.h.C.application:[2368] - Initializing Spring embedded WebApplicationContext
[INFO] 2024-03-21 20:01:18.810 +0800 o.s.b.w.s.c.ServletWebServerApplicationContext:[292] - Root WebApplicationContext: initialization completed in 27290 ms
[INFO] 2024-03-21 20:01:26.731 +0800 o.a.d.a.c.ApiConfig:[58] - API config: auditEnable -> false 
[INFO] 2024-03-21 20:01:26.732 +0800 o.a.d.a.c.ApiConfig:[59] - API config: trafficControl -> ApiConfig.TrafficConfiguration(globalSwitch=false, maxGlobalQpsRate=300, tenantSwitch=false, defaultTenantQpsRate=10, customizeTenantQpsRate={}) 
[INFO] 2024-03-21 20:01:26.734 +0800 o.a.d.a.c.ApiConfig:[60] - API config: pythonGateway -> ApiConfig.PythonGatewayConfiguration(enabled=true, gatewayServerAddress=0.0.0.0, gatewayServerPort=25333, pythonAddress=127.0.0.1, pythonPort=25334, connectTimeout=0, readTimeout=0, authToken=jwUDzpLsNKEFER4*a8gruBH_GsAurNxU7A@Xc) 
[INFO] 2024-03-21 20:01:27.211 +0800 o.e.j.s.session:[334] - DefaultSessionIdManager workerName=node0
[INFO] 2024-03-21 20:01:27.232 +0800 o.e.j.s.session:[339] - No SessionScavenger set, using defaults
[INFO] 2024-03-21 20:01:27.301 +0800 o.e.j.s.session:[132] - node0 Scavenging every 600000ms
[INFO] 2024-03-21 20:01:27.434 +0800 o.e.j.s.h.ContextHandler:[921] - Started o.s.b.w.e.j.JettyEmbeddedWebAppContext@3980b44f{application,/dolphinscheduler,[file:///tmp/jetty-docbase.12345.8280659330089983082/, jar:file:/opt/dolphinscheduler/libs/swagger-ui-4.11.1.jar!/META-INF/resources],AVAILABLE}
[INFO] 2024-03-21 20:01:27.436 +0800 o.e.j.s.Server:[415] - Started @62082ms
[INFO] 2024-03-21 20:01:30.677 +0800 c.z.h.HikariDataSource:[110] - DolphinScheduler - Starting...
[INFO] 2024-03-21 20:01:31.988 +0800 c.z.h.HikariDataSource:[123] - DolphinScheduler - Start completed.
[INFO] 2024-03-21 20:01:44.510 +0800 o.a.c.f.i.CuratorFrameworkImpl:[338] - Starting
[INFO] 2024-03-21 20:01:44.809 +0800 o.a.c.f.i.CuratorFrameworkImpl:[386] - Default schema
[INFO] 2024-03-21 20:01:44.977 +0800 o.a.c.f.s.ConnectionStateManager:[252] - State change: CONNECTED
[INFO] 2024-03-21 20:01:45.140 +0800 o.a.c.f.i.EnsembleTracker:[201] - New config event received: {}
[INFO] 2024-03-21 20:01:45.142 +0800 o.a.c.f.i.EnsembleTracker:[201] - New config event received: {}
[INFO] 2024-03-21 20:01:46.466 +0800 c.a.c.i.ReflectionUtils:[542] - Unable to create MethodHandles to use Java 9+ MethodHandles.privateLookupIn. Will attempt to fallback to using the package-private constructor.
[INFO] 2024-03-21 20:01:46.525 +0800 c.a.c.i.j.JacksonVersion:[222] - Package versions: jackson-core=2.13.4, jackson-databind=2.13.4, jackson-dataformat-xml=2.13.3, jackson-datatype-jsr310=2.13.3, azure-core=1.36.0, Troubleshooting version conflicts: https://aka.ms/azsdk/java/dependency/troubleshoot
[INFO] 2024-03-21 20:01:59.330 +0800 o.q.i.StdSchedulerFactory:[1220] - Using default implementation for ThreadExecutor
[INFO] 2024-03-21 20:01:59.367 +0800 o.q.c.SchedulerSignalerImpl:[61] - Initialized Scheduler Signaller of type: class org.quartz.core.SchedulerSignalerImpl
[INFO] 2024-03-21 20:01:59.368 +0800 o.q.c.QuartzScheduler:[229] - Quartz Scheduler v.2.3.2 created.
[INFO] 2024-03-21 20:01:59.398 +0800 o.s.s.q.LocalDataSourceJobStore:[672] - Using db table-based data access locking (synchronization).
[INFO] 2024-03-21 20:01:59.406 +0800 o.s.s.q.LocalDataSourceJobStore:[145] - JobStoreCMT initialized.
[INFO] 2024-03-21 20:01:59.411 +0800 o.q.c.QuartzScheduler:[294] - Scheduler meta-data: Quartz Scheduler (v2.3.2) 'DolphinScheduler' with instanceId '3429aa08707e1711022519336'
  Scheduler class: 'org.quartz.core.QuartzScheduler' - running locally.
  NOT STARTED.
  Currently in standby mode.
  Number of jobs executed: 0
  Using thread pool 'org.apache.dolphinscheduler.scheduler.quartz.QuartzZeroSizeThreadPool' - with 0 threads.
  Using job-store 'org.springframework.scheduling.quartz.LocalDataSourceJobStore' - which supports persistence. and is clustered.

[INFO] 2024-03-21 20:01:59.412 +0800 o.q.i.StdSchedulerFactory:[1374] - Quartz scheduler 'DolphinScheduler' initialized from an externally provided properties instance.
[INFO] 2024-03-21 20:01:59.412 +0800 o.q.i.StdSchedulerFactory:[1378] - Quartz scheduler version: 2.3.2
[INFO] 2024-03-21 20:01:59.413 +0800 o.q.c.QuartzScheduler:[2293] - JobFactory set to: org.springframework.scheduling.quartz.SpringBeanJobFactory@7d8802cf
[INFO] 2024-03-21 20:01:59.842 +0800 o.a.d.a.p.PythonGateway:[710] - PythonGatewayService started on: /0.0.0.0
[INFO] 2024-03-21 20:01:59.903 +0800 p.GatewayServer:[573] - Gateway Server Started
[INFO] 2024-03-21 20:02:06.817 +0800 o.s.l.c.s.AbstractContextSource:[425] - Property 'userDn' not set - anonymous context will be used for read-write operations
[INFO] 2024-03-21 20:02:08.095 +0800 o.s.b.a.e.w.EndpointLinksResolver:[58] - Exposing 3 endpoint(s) beneath base path '/actuator'
[INFO] 2024-03-21 20:02:08.351 +0800 o.e.j.s.h.C.application:[2368] - Initializing Spring DispatcherServlet 'dispatcherServlet'
[INFO] 2024-03-21 20:02:08.352 +0800 o.s.w.s.DispatcherServlet:[525] - Initializing Servlet 'dispatcherServlet'
[INFO] 2024-03-21 20:02:08.355 +0800 o.s.w.s.DispatcherServlet:[547] - Completed initialization in 2 ms
[INFO] 2024-03-21 20:02:08.390 +0800 o.e.j.s.AbstractConnector:[333] - Started ServerConnector@26612078{HTTP/1.1, (http/1.1)}{0.0.0.0:12345}
[INFO] 2024-03-21 20:02:08.393 +0800 o.s.b.w.e.j.JettyWebServer:[172] - Jetty started on port(s) 12345 (http/1.1) with context path '/dolphinscheduler'
[INFO] 2024-03-21 20:02:08.419 +0800 o.a.d.a.ApiApplicationServer:[61] - Started ApiApplicationServer in 99.304 seconds (JVM running for 103.065)
[INFO] 2024-03-21 20:02:08.434 +0800 o.a.d.a.ApiApplicationServer:[63] - Received spring application context ready event will load taskPlugin and write to DB
[INFO] 2024-03-21 20:02:08.511 +0800 o.a.d.p.t.a.TaskPluginManager:[63] - Registering task plugin: JAVA - JavaTaskChannelFactory
[INFO] 2024-03-21 20:02:08.518 +0800 o.a.d.p.t.a.TaskPluginManager:[68] - Registered task plugin: JAVA - JavaTaskChannelFactory
[INFO] 2024-03-21 20:02:08.519 +0800 o.a.d.p.t.a.TaskPluginManager:[63] - Registering task plugin: JUPYTER - JupyterTaskChannelFactory
[INFO] 2024-03-21 20:02:08.524 +0800 o.a.d.p.t.a.TaskPluginManager:[68] - Registered task plugin: JUPYTER - JupyterTaskChannelFactory
[INFO] 2024-03-21 20:02:08.524 +0800 o.a.d.p.t.a.TaskPluginManager:[63] - Registering task plugin: SPARK - SparkTaskChannelFactory
[INFO] 2024-03-21 20:02:08.530 +0800 o.a.d.p.t.a.TaskPluginManager:[68] - Registered task plugin: SPARK - SparkTaskChannelFactory
[INFO] 2024-03-21 20:02:08.530 +0800 o.a.d.p.t.a.TaskPluginManager:[63] - Registering task plugin: FLINK_STREAM - FlinkStreamTaskChannelFactory
[INFO] 2024-03-21 20:02:08.537 +0800 o.a.d.p.t.a.TaskPluginManager:[68] - Registered task plugin: FLINK_STREAM - FlinkStreamTaskChannelFactory
[INFO] 2024-03-21 20:02:08.537 +0800 o.a.d.p.t.a.TaskPluginManager:[63] - Registering task plugin: PYTHON - PythonTaskChannelFactory
[INFO] 2024-03-21 20:02:08.540 +0800 o.a.d.p.t.a.TaskPluginManager:[68] - Registered task plugin: PYTHON - PythonTaskChannelFactory
[INFO] 2024-03-21 20:02:08.541 +0800 o.a.d.p.t.a.TaskPluginManager:[63] - Registering task plugin: DATASYNC - DatasyncTaskChannelFactory
[INFO] 2024-03-21 20:02:08.544 +0800 o.a.d.p.t.a.TaskPluginManager:[68] - Registered task plugin: DATASYNC - DatasyncTaskChannelFactory
[INFO] 2024-03-21 20:02:08.545 +0800 o.a.d.p.t.a.TaskPluginManager:[63] - Registering task plugin: DATA_FACTORY - DatafactoryTaskChannelFactory
[INFO] 2024-03-21 20:02:08.547 +0800 o.a.d.p.t.a.TaskPluginManager:[68] - Registered task plugin: DATA_FACTORY - DatafactoryTaskChannelFactory
[INFO] 2024-03-21 20:02:08.548 +0800 o.a.d.p.t.a.TaskPluginManager:[63] - Registering task plugin: CHUNJUN - ChunJunTaskChannelFactory
[INFO] 2024-03-21 20:02:08.552 +0800 o.a.d.p.t.a.TaskPluginManager:[68] - Registered task plugin: CHUNJUN - ChunJunTaskChannelFactory
[INFO] 2024-03-21 20:02:08.553 +0800 o.a.d.p.t.a.TaskPluginManager:[63] - Registering task plugin: REMOTESHELL - RemoteShellTaskChannelFactory
[INFO] 2024-03-21 20:02:08.556 +0800 o.a.d.p.t.a.TaskPluginManager:[68] - Registered task plugin: REMOTESHELL - RemoteShellTaskChannelFactory
[INFO] 2024-03-21 20:02:08.557 +0800 o.a.d.p.t.a.TaskPluginManager:[63] - Registering task plugin: PIGEON - PigeonTaskChannelFactory
[INFO] 2024-03-21 20:02:08.561 +0800 o.a.d.p.t.a.TaskPluginManager:[68] - Registered task plugin: PIGEON - PigeonTaskChannelFactory
[INFO] 2024-03-21 20:02:08.561 +0800 o.a.d.p.t.a.TaskPluginManager:[63] - Registering task plugin: SHELL - ShellTaskChannelFactory
[INFO] 2024-03-21 20:02:08.564 +0800 o.a.d.p.t.a.TaskPluginManager:[68] - Registered task plugin: SHELL - ShellTaskChannelFactory
[INFO] 2024-03-21 20:02:08.564 +0800 o.a.d.p.t.a.TaskPluginManager:[63] - Registering task plugin: PROCEDURE - ProcedureTaskChannelFactory
[INFO] 2024-03-21 20:02:08.569 +0800 o.a.d.p.t.a.TaskPluginManager:[68] - Registered task plugin: PROCEDURE - ProcedureTaskChannelFactory
[INFO] 2024-03-21 20:02:08.569 +0800 o.a.d.p.t.a.TaskPluginManager:[63] - Registering task plugin: MR - MapReduceTaskChannelFactory
[INFO] 2024-03-21 20:02:08.573 +0800 o.a.d.p.t.a.TaskPluginManager:[68] - Registered task plugin: MR - MapReduceTaskChannelFactory
[INFO] 2024-03-21 20:02:08.573 +0800 o.a.d.p.t.a.TaskPluginManager:[63] - Registering task plugin: SQOOP - SqoopTaskChannelFactory
[INFO] 2024-03-21 20:02:08.576 +0800 o.a.d.p.t.a.TaskPluginManager:[68] - Registered task plugin: SQOOP - SqoopTaskChannelFactory
[INFO] 2024-03-21 20:02:08.576 +0800 o.a.d.p.t.a.TaskPluginManager:[63] - Registering task plugin: PYTORCH - PytorchTaskChannelFactory
[INFO] 2024-03-21 20:02:08.580 +0800 o.a.d.p.t.a.TaskPluginManager:[68] - Registered task plugin: PYTORCH - PytorchTaskChannelFactory
[INFO] 2024-03-21 20:02:08.581 +0800 o.a.d.p.t.a.TaskPluginManager:[63] - Registering task plugin: K8S - K8sTaskChannelFactory
[INFO] 2024-03-21 20:02:08.585 +0800 o.a.d.p.t.a.TaskPluginManager:[68] - Registered task plugin: K8S - K8sTaskChannelFactory
[INFO] 2024-03-21 20:02:08.586 +0800 o.a.d.p.t.a.TaskPluginManager:[63] - Registering task plugin: SEATUNNEL - SeatunnelTaskChannelFactory
[INFO] 2024-03-21 20:02:08.592 +0800 o.a.d.p.t.a.TaskPluginManager:[68] - Registered task plugin: SEATUNNEL - SeatunnelTaskChannelFactory
[INFO] 2024-03-21 20:02:08.593 +0800 o.a.d.p.t.a.TaskPluginManager:[63] - Registering task plugin: SAGEMAKER - SagemakerTaskChannelFactory
[INFO] 2024-03-21 20:02:08.596 +0800 o.a.d.p.t.a.TaskPluginManager:[68] - Registered task plugin: SAGEMAKER - SagemakerTaskChannelFactory
[INFO] 2024-03-21 20:02:08.597 +0800 o.a.d.p.t.a.TaskPluginManager:[63] - Registering task plugin: HTTP - HttpTaskChannelFactory
[INFO] 2024-03-21 20:02:08.601 +0800 o.a.d.p.t.a.TaskPluginManager:[68] - Registered task plugin: HTTP - HttpTaskChannelFactory
[INFO] 2024-03-21 20:02:08.601 +0800 o.a.d.p.t.a.TaskPluginManager:[63] - Registering task plugin: EMR - EmrTaskChannelFactory
[INFO] 2024-03-21 20:02:08.608 +0800 o.a.d.p.t.a.TaskPluginManager:[68] - Registered task plugin: EMR - EmrTaskChannelFactory
[INFO] 2024-03-21 20:02:08.608 +0800 o.a.d.p.t.a.TaskPluginManager:[63] - Registering task plugin: DMS - DmsTaskChannelFactory
[INFO] 2024-03-21 20:02:08.612 +0800 o.a.d.p.t.a.TaskPluginManager:[68] - Registered task plugin: DMS - DmsTaskChannelFactory
[INFO] 2024-03-21 20:02:08.613 +0800 o.a.d.p.t.a.TaskPluginManager:[63] - Registering task plugin: DATA_QUALITY - DataQualityTaskChannelFactory
[INFO] 2024-03-21 20:02:08.616 +0800 o.a.d.p.t.a.TaskPluginManager:[68] - Registered task plugin: DATA_QUALITY - DataQualityTaskChannelFactory
[INFO] 2024-03-21 20:02:08.616 +0800 o.a.d.p.t.a.TaskPluginManager:[63] - Registering task plugin: KUBEFLOW - KubeflowTaskChannelFactory
[INFO] 2024-03-21 20:02:08.619 +0800 o.a.d.p.t.a.TaskPluginManager:[68] - Registered task plugin: KUBEFLOW - KubeflowTaskChannelFactory
[INFO] 2024-03-21 20:02:08.620 +0800 o.a.d.p.t.a.TaskPluginManager:[63] - Registering task plugin: SQL - SqlTaskChannelFactory
[INFO] 2024-03-21 20:02:08.624 +0800 o.a.d.p.t.a.TaskPluginManager:[68] - Registered task plugin: SQL - SqlTaskChannelFactory
[INFO] 2024-03-21 20:02:08.625 +0800 o.a.d.p.t.a.TaskPluginManager:[63] - Registering task plugin: DVC - DvcTaskChannelFactory
[INFO] 2024-03-21 20:02:08.628 +0800 o.a.d.p.t.a.TaskPluginManager:[68] - Registered task plugin: DVC - DvcTaskChannelFactory
[INFO] 2024-03-21 20:02:08.628 +0800 o.a.d.p.t.a.TaskPluginManager:[63] - Registering task plugin: DATAX - DataxTaskChannelFactory
[INFO] 2024-03-21 20:02:08.632 +0800 o.a.d.p.t.a.TaskPluginManager:[68] - Registered task plugin: DATAX - DataxTaskChannelFactory
[INFO] 2024-03-21 20:02:08.633 +0800 o.a.d.p.t.a.TaskPluginManager:[63] - Registering task plugin: ZEPPELIN - ZeppelinTaskChannelFactory
[INFO] 2024-03-21 20:02:08.636 +0800 o.a.d.p.t.a.TaskPluginManager:[68] - Registered task plugin: ZEPPELIN - ZeppelinTaskChannelFactory
[INFO] 2024-03-21 20:02:08.637 +0800 o.a.d.p.t.a.TaskPluginManager:[63] - Registering task plugin: DINKY - DinkyTaskChannelFactory
[INFO] 2024-03-21 20:02:08.640 +0800 o.a.d.p.t.a.TaskPluginManager:[68] - Registered task plugin: DINKY - DinkyTaskChannelFactory
[INFO] 2024-03-21 20:02:08.640 +0800 o.a.d.p.t.a.TaskPluginManager:[63] - Registering task plugin: MLFLOW - MlflowTaskChannelFactory
[INFO] 2024-03-21 20:02:08.644 +0800 o.a.d.p.t.a.TaskPluginManager:[68] - Registered task plugin: MLFLOW - MlflowTaskChannelFactory
[INFO] 2024-03-21 20:02:08.645 +0800 o.a.d.p.t.a.TaskPluginManager:[63] - Registering task plugin: OPENMLDB - OpenmldbTaskChannelFactory
[INFO] 2024-03-21 20:02:08.648 +0800 o.a.d.p.t.a.TaskPluginManager:[68] - Registered task plugin: OPENMLDB - OpenmldbTaskChannelFactory
[INFO] 2024-03-21 20:02:08.649 +0800 o.a.d.p.t.a.TaskPluginManager:[63] - Registering task plugin: LINKIS - LinkisTaskChannelFactory
[INFO] 2024-03-21 20:02:08.653 +0800 o.a.d.p.t.a.TaskPluginManager:[68] - Registered task plugin: LINKIS - LinkisTaskChannelFactory
[INFO] 2024-03-21 20:02:08.654 +0800 o.a.d.p.t.a.TaskPluginManager:[63] - Registering task plugin: FLINK - FlinkTaskChannelFactory
[INFO] 2024-03-21 20:02:08.657 +0800 o.a.d.p.t.a.TaskPluginManager:[68] - Registered task plugin: FLINK - FlinkTaskChannelFactory
[INFO] 2024-03-21 20:02:08.657 +0800 o.a.d.p.t.a.TaskPluginManager:[63] - Registering task plugin: HIVECLI - HiveCliTaskChannelFactory
[INFO] 2024-03-21 20:02:08.661 +0800 o.a.d.p.t.a.TaskPluginManager:[68] - Registered task plugin: HIVECLI - HiveCliTaskChannelFactory
[INFO] 2024-03-21 20:02:08.670 +0800 o.a.d.c.u.JSONUtils:[72] - init timezone: sun.util.calendar.ZoneInfo[id="Asia/Shanghai",offset=28800000,dstSavings=0,useDaylight=false,transitions=31,lastRule=null]
[INFO] 2024-03-21 20:03:43.885 +0800 o.a.d.a.s.i.ExecutorServiceImpl:[278] - Create command complete, processDefinitionCode:13001314456096, commandCount:1.
[INFO] 2024-03-21 20:04:43.504 +0800 o.a.d.a.c.TaskTypeConfiguration:[75] - support default universal task types: [SHELL, JAVA, PYTHON, PROCEDURE, SQL, SPARK, FLINK, HTTP, MR, DINKY, FLINK_STREAM, HIVECLI, REMOTESHELL]
[INFO] 2024-03-21 20:04:43.511 +0800 o.a.d.a.c.TaskTypeConfiguration:[76] - support default cloud task types: [EMR, K8S, DMS, DATA_FACTORY]
[INFO] 2024-03-21 20:04:43.514 +0800 o.a.d.a.c.TaskTypeConfiguration:[77] - support default logic task types: [SUB_PROCESS, DEPENDENT, CONDITIONS, SWITCH, DYNAMIC]
[INFO] 2024-03-21 20:04:43.515 +0800 o.a.d.a.c.TaskTypeConfiguration:[78] - support default dataIntegration task types: [SEATUNNEL, DATAX, SQOOP]
[INFO] 2024-03-21 20:04:43.516 +0800 o.a.d.a.c.TaskTypeConfiguration:[79] - support default dataQuality task types: [DATA_QUALITY]
[INFO] 2024-03-21 20:04:43.517 +0800 o.a.d.a.c.TaskTypeConfiguration:[80] - support default machineLearning task types: [JUPYTER, MLFLOW, OPENMLDB, DVC, SAGEMAKER, PYTORCH, KUBEFLOW]
[INFO] 2024-03-21 20:04:43.517 +0800 o.a.d.a.c.TaskTypeConfiguration:[81] - support default other task types: [PIGEON, ZEPPELIN, CHUNJUN, DATASYNC, LINKIS]
[ERROR] 2024-03-21 20:04:51.026 +0800 o.a.d.c.u.JSONUtils:[148] - Parse object exception, jsonStr: {"localParams":null,"varPool":[{"prop":"sum","direct":"IN","type":"INTEGER","value":"2"}],"dependRelation":null,"relation":null,"nextNode":[13002842616992],"resultConditionLocation":0,"dependTaskList":[{"condition":"${sum} == 2","nextNode":[13002733318688]},{"condition":"${sum} == 1","nextNode":[13002841331104]},{"condition":null,"nextNode":[13002842616992]}]}, class: class org.apache.dolphinscheduler.plugin.task.api.parameters.SwitchParameters
com.fasterxml.jackson.databind.exc.MismatchedInputException: Cannot deserialize value of type `java.lang.String` from Array value (token `JsonToken.START_ARRAY`)
 at [Source: (String)"{"localParams":null,"varPool":[{"prop":"sum","direct":"IN","type":"INTEGER","value":"2"}],"dependRelation":null,"relation":null,"nextNode":[13002842616992],"resultConditionLocation":0,"dependTaskList":[{"condition":"${sum} == 2","nextNode":[13002733318688]},{"condition":"${sum} == 1","nextNode":[13002841331104]},{"condition":null,"nextNode":[13002842616992]}]}"; line: 1, column: 32] (through reference chain: org.apache.dolphinscheduler.plugin.task.api.parameters.SwitchParameters["varPool"])
	at com.fasterxml.jackson.databind.exc.MismatchedInputException.from(MismatchedInputException.java:59)
	at com.fasterxml.jackson.databind.DeserializationContext.reportInputMismatch(DeserializationContext.java:1741)
	at com.fasterxml.jackson.databind.DeserializationContext.handleUnexpectedToken(DeserializationContext.java:1515)
	at com.fasterxml.jackson.databind.deser.std.StdDeserializer._deserializeFromArray(StdDeserializer.java:222)
	at com.fasterxml.jackson.databind.deser.std.StringDeserializer.deserialize(StringDeserializer.java:46)
	at com.fasterxml.jackson.databind.deser.std.StringDeserializer.deserialize(StringDeserializer.java:11)
	at com.fasterxml.jackson.databind.deser.impl.MethodProperty.deserializeAndSet(MethodProperty.java:129)
	at com.fasterxml.jackson.databind.deser.BeanDeserializer.vanillaDeserialize(BeanDeserializer.java:314)
	at com.fasterxml.jackson.databind.deser.BeanDeserializer.deserialize(BeanDeserializer.java:177)
	at com.fasterxml.jackson.databind.deser.DefaultDeserializationContext.readRootValue(DefaultDeserializationContext.java:323)
	at com.fasterxml.jackson.databind.ObjectMapper._readMapAndClose(ObjectMapper.java:4674)
	at com.fasterxml.jackson.databind.ObjectMapper.readValue(ObjectMapper.java:3629)
	at com.fasterxml.jackson.databind.ObjectMapper.readValue(ObjectMapper.java:3597)
	at org.apache.dolphinscheduler.common.utils.JSONUtils.parseObject(JSONUtils.java:146)
	at org.apache.dolphinscheduler.dao.entity.TaskInstance.getSwitchDependency(TaskInstance.java:329)
	at sun.reflect.NativeMethodAccessorImpl.invoke0(Native Method)
	at sun.reflect.NativeMethodAccessorImpl.invoke(NativeMethodAccessorImpl.java:62)
	at sun.reflect.DelegatingMethodAccessorImpl.invoke(DelegatingMethodAccessorImpl.java:43)
	at java.lang.reflect.Method.invoke(Method.java:498)
	at com.fasterxml.jackson.databind.ser.BeanPropertyWriter.serializeAsField(BeanPropertyWriter.java:689)
	at com.fasterxml.jackson.databind.ser.std.BeanSerializerBase.serializeFields(BeanSerializerBase.java:774)
	at com.fasterxml.jackson.databind.ser.BeanSerializer.serialize(BeanSerializer.java:178)
	at com.fasterxml.jackson.databind.ser.impl.IndexedListSerializer.serializeContents(IndexedListSerializer.java:119)
	at com.fasterxml.jackson.databind.ser.impl.IndexedListSerializer.serialize(IndexedListSerializer.java:79)
	at com.fasterxml.jackson.databind.ser.impl.IndexedListSerializer.serialize(IndexedListSerializer.java:18)
	at com.fasterxml.jackson.databind.ser.std.MapSerializer.serializeFields(MapSerializer.java:808)
	at com.fasterxml.jackson.databind.ser.std.MapSerializer.serializeWithoutTypeInfo(MapSerializer.java:764)
	at com.fasterxml.jackson.databind.ser.std.MapSerializer.serialize(MapSerializer.java:720)
	at com.fasterxml.jackson.databind.ser.std.MapSerializer.serialize(MapSerializer.java:35)
	at com.fasterxml.jackson.databind.ser.BeanPropertyWriter.serializeAsField(BeanPropertyWriter.java:728)
	at com.fasterxml.jackson.databind.ser.std.BeanSerializerBase.serializeFields(BeanSerializerBase.java:774)
	at com.fasterxml.jackson.databind.ser.BeanSerializer.serialize(BeanSerializer.java:178)
	at com.fasterxml.jackson.databind.ser.DefaultSerializerProvider._serialize(DefaultSerializerProvider.java:480)
	at com.fasterxml.jackson.databind.ser.DefaultSerializerProvider.serializeValue(DefaultSerializerProvider.java:319)
	at com.fasterxml.jackson.databind.ObjectWriter$Prefetch.serialize(ObjectWriter.java:1518)
	at com.fasterxml.jackson.databind.ObjectWriter.writeValue(ObjectWriter.java:1007)
	at org.springframework.http.converter.json.AbstractJackson2HttpMessageConverter.writeInternal(AbstractJackson2HttpMessageConverter.java:456)
	at org.springframework.http.converter.AbstractGenericHttpMessageConverter.write(AbstractGenericHttpMessageConverter.java:104)
	at org.springframework.web.servlet.mvc.method.annotation.AbstractMessageConverterMethodProcessor.writeWithMessageConverters(AbstractMessageConverterMethodProcessor.java:290)
	at org.springframework.web.servlet.mvc.method.annotation.RequestResponseBodyMethodProcessor.handleReturnValue(RequestResponseBodyMethodProcessor.java:183)
	at org.springframework.web.method.support.HandlerMethodReturnValueHandlerComposite.handleReturnValue(HandlerMethodReturnValueHandlerComposite.java:78)
	at org.springframework.web.servlet.mvc.method.annotation.ServletInvocableHandlerMethod.invokeAndHandle(ServletInvocableHandlerMethod.java:135)
	at org.springframework.web.servlet.mvc.method.annotation.RequestMappingHandlerAdapter.invokeHandlerMethod(RequestMappingHandlerAdapter.java:895)
	at org.springframework.web.servlet.mvc.method.annotation.RequestMappingHandlerAdapter.handleInternal(RequestMappingHandlerAdapter.java:808)
	at org.springframework.web.servlet.mvc.method.AbstractHandlerMethodAdapter.handle(AbstractHandlerMethodAdapter.java:87)
	at org.springframework.web.servlet.DispatcherServlet.doDispatch(DispatcherServlet.java:1070)
	at org.springframework.web.servlet.DispatcherServlet.doService(DispatcherServlet.java:963)
	at org.springframework.web.servlet.FrameworkServlet.processRequest(FrameworkServlet.java:1006)
	at org.springframework.web.servlet.FrameworkServlet.doGet(FrameworkServlet.java:898)
	at javax.servlet.http.HttpServlet.service(HttpServlet.java:497)
	at org.springframework.web.servlet.FrameworkServlet.service(FrameworkServlet.java:883)
	at javax.servlet.http.HttpServlet.service(HttpServlet.java:584)
	at org.eclipse.jetty.servlet.ServletHolder.handle(ServletHolder.java:799)
	at org.eclipse.jetty.servlet.ServletHandler$ChainEnd.doFilter(ServletHandler.java:1656)
	at org.springframework.web.filter.CorsFilter.doFilterInternal(CorsFilter.java:91)
	at org.springframework.web.filter.OncePerRequestFilter.doFilter(OncePerRequestFilter.java:117)
	at org.eclipse.jetty.servlet.FilterHolder.doFilter(FilterHolder.java:193)
	at org.eclipse.jetty.servlet.ServletHandler$Chain.doFilter(ServletHandler.java:1626)
	at org.springframework.web.filter.RequestContextFilter.doFilterInternal(RequestContextFilter.java:100)
	at org.springframework.web.filter.OncePerRequestFilter.doFilter(OncePerRequestFilter.java:117)
	at org.eclipse.jetty.servlet.FilterHolder.doFilter(FilterHolder.java:193)
	at org.eclipse.jetty.servlet.ServletHandler$Chain.doFilter(ServletHandler.java:1626)
	at org.springframework.web.filter.FormContentFilter.doFilterInternal(FormContentFilter.java:93)
	at org.springframework.web.filter.OncePerRequestFilter.doFilter(OncePerRequestFilter.java:117)
	at org.eclipse.jetty.servlet.FilterHolder.doFilter(FilterHolder.java:193)
	at org.eclipse.jetty.servlet.ServletHandler$Chain.doFilter(ServletHandler.java:1626)
	at org.springframework.boot.actuate.metrics.web.servlet.WebMvcMetricsFilter.doFilterInternal(WebMvcMetricsFilter.java:96)
	at org.springframework.web.filter.OncePerRequestFilter.doFilter(OncePerRequestFilter.java:117)
	at org.eclipse.jetty.servlet.FilterHolder.doFilter(FilterHolder.java:193)
	at org.eclipse.jetty.servlet.ServletHandler$Chain.doFilter(ServletHandler.java:1626)
	at org.springframework.web.filter.CharacterEncodingFilter.doFilterInternal(CharacterEncodingFilter.java:201)
	at org.springframework.web.filter.OncePerRequestFilter.doFilter(OncePerRequestFilter.java:117)
	at org.eclipse.jetty.servlet.FilterHolder.doFilter(FilterHolder.java:193)
	at org.eclipse.jetty.servlet.ServletHandler$Chain.doFilter(ServletHandler.java:1626)
	at org.eclipse.jetty.servlet.ServletHandler.doHandle(ServletHandler.java:552)
	at org.eclipse.jetty.server.handler.ScopedHandler.handle(ScopedHandler.java:143)
	at org.eclipse.jetty.security.SecurityHandler.handle(SecurityHandler.java:600)
	at org.eclipse.jetty.server.handler.HandlerWrapper.handle(HandlerWrapper.java:127)
	at org.eclipse.jetty.server.handler.ScopedHandler.nextHandle(ScopedHandler.java:235)
	at org.eclipse.jetty.server.session.SessionHandler.doHandle(SessionHandler.java:1624)
	at org.eclipse.jetty.server.handler.ScopedHandler.nextHandle(ScopedHandler.java:233)
	at org.eclipse.jetty.server.handler.ContextHandler.doHandle(ContextHandler.java:1440)
	at org.eclipse.jetty.server.handler.ScopedHandler.nextScope(ScopedHandler.java:188)
	at org.eclipse.jetty.servlet.ServletHandler.doScope(ServletHandler.java:505)
	at org.eclipse.jetty.server.session.SessionHandler.doScope(SessionHandler.java:1594)
	at org.eclipse.jetty.server.handler.ScopedHandler.nextScope(ScopedHandler.java:186)
	at org.eclipse.jetty.server.handler.ContextHandler.doScope(ContextHandler.java:1355)
	at org.eclipse.jetty.server.handler.ScopedHandler.handle(ScopedHandler.java:141)
	at org.eclipse.jetty.server.handler.gzip.GzipHandler.handle(GzipHandler.java:772)
	at org.eclipse.jetty.server.handler.HandlerWrapper.handle(HandlerWrapper.java:127)
	at org.eclipse.jetty.server.Server.handle(Server.java:516)
	at org.eclipse.jetty.server.HttpChannel.lambda$handle$1(HttpChannel.java:487)
	at org.eclipse.jetty.server.HttpChannel.dispatch(HttpChannel.java:732)
	at org.eclipse.jetty.server.HttpChannel.handle(HttpChannel.java:479)
	at org.eclipse.jetty.server.HttpConnection.onFillable(HttpConnection.java:277)
	at org.eclipse.jetty.io.AbstractConnection$ReadCallback.succeeded(AbstractConnection.java:311)
	at org.eclipse.jetty.io.FillInterest.fillable(FillInterest.java:105)
	at org.eclipse.jetty.io.ChannelEndPoint$1.run(ChannelEndPoint.java:104)
	at org.eclipse.jetty.util.thread.strategy.EatWhatYouKill.runTask(EatWhatYouKill.java:338)
	at org.eclipse.jetty.util.thread.strategy.EatWhatYouKill.doProduce(EatWhatYouKill.java:315)
	at org.eclipse.jetty.util.thread.strategy.EatWhatYouKill.tryProduce(EatWhatYouKill.java:173)
	at org.eclipse.jetty.util.thread.strategy.EatWhatYouKill.run(EatWhatYouKill.java:131)
	at org.eclipse.jetty.util.thread.ReservedThreadExecutor$ReservedThread.run(ReservedThreadExecutor.java:409)
	at org.eclipse.jetty.util.thread.QueuedThreadPool.runJob(QueuedThreadPool.java:883)
	at org.eclipse.jetty.util.thread.QueuedThreadPool$Runner.run(QueuedThreadPool.java:1034)
	at java.lang.Thread.run(Thread.java:750)
[INFO] 2024-03-21 20:04:56.481 +0800 o.a.d.a.s.i.LoggerServiceImpl:[189] - Query task instance log, taskInstanceId:124, taskInstanceName:Task A, host: 172.20.0.5:1234, logPath:/opt/dolphinscheduler/logs/20240321/13002839652640/10/25/124.log
[INFO] 2024-03-21 20:04:56.987 +0800 o.a.d.c.u.NetUtils:[312] - Get all NetworkInterfaces: [name:eth0 (eth0), name:lo (lo)]
[INFO] 2024-03-21 20:04:58.367 +0800 o.a.d.a.s.i.LoggerServiceImpl:[189] - Query task instance log, taskInstanceId:124, taskInstanceName:Task A, host: 172.20.0.5:1234, logPath:/opt/dolphinscheduler/logs/20240321/13002839652640/10/25/124.log
[INFO] 2024-03-21 20:05:29.929 +0800 o.a.d.a.s.i.LoggerServiceImpl:[189] - Query task instance log, taskInstanceId:125, taskInstanceName:show final state, host: 172.20.0.5:1234, logPath:/opt/dolphinscheduler/logs/20240321/13001314456096/21/24/125.log
[INFO] 2024-03-21 20:05:30.313 +0800 o.a.d.a.s.i.LoggerServiceImpl:[189] - Query task instance log, taskInstanceId:125, taskInstanceName:show final state, host: 172.20.0.5:1234, logPath:/opt/dolphinscheduler/logs/20240321/13001314456096/21/24/125.log
[INFO] 2024-03-21 20:06:13.965 +0800 o.a.d.a.s.i.LoggerServiceImpl:[189] - Query task instance log, taskInstanceId:121, taskInstanceName:task orchestration, host: 172.20.0.6:5678, logPath:/opt/dolphinscheduler/logs/20240321/13001314456096/21/24/121.log
[INFO] 2024-03-21 20:06:14.208 +0800 o.a.d.a.s.i.LoggerServiceImpl:[189] - Query task instance log, taskInstanceId:121, taskInstanceName:task orchestration, host: 172.20.0.6:5678, logPath:/opt/dolphinscheduler/logs/20240321/13001314456096/21/24/121.log
[INFO] 2024-03-21 20:06:17.889 +0800 o.a.d.a.s.i.LoggerServiceImpl:[189] - Query task instance log, taskInstanceId:121, taskInstanceName:task orchestration, host: 172.20.0.6:5678, logPath:/opt/dolphinscheduler/logs/20240321/13001314456096/21/24/121.log
[INFO] 2024-03-21 20:06:18.008 +0800 o.a.d.a.s.i.LoggerServiceImpl:[189] - Query task instance log, taskInstanceId:121, taskInstanceName:task orchestration, host: 172.20.0.6:5678, logPath:/opt/dolphinscheduler/logs/20240321/13001314456096/21/24/121.log
[ERROR] 2024-03-21 20:07:39.038 +0800 o.a.d.c.u.JSONUtils:[148] - Parse object exception, jsonStr: {"localParams":null,"varPool":[{"prop":"sum","direct":"IN","type":"INTEGER","value":"2"}],"dependRelation":null,"relation":null,"nextNode":[13002842616992],"resultConditionLocation":0,"dependTaskList":[{"condition":"${sum} == 2","nextNode":[13002733318688]},{"condition":"${sum} == 1","nextNode":[13002841331104]},{"condition":null,"nextNode":[13002842616992]}]}, class: class org.apache.dolphinscheduler.plugin.task.api.parameters.SwitchParameters
com.fasterxml.jackson.databind.exc.MismatchedInputException: Cannot deserialize value of type `java.lang.String` from Array value (token `JsonToken.START_ARRAY`)
 at [Source: (String)"{"localParams":null,"varPool":[{"prop":"sum","direct":"IN","type":"INTEGER","value":"2"}],"dependRelation":null,"relation":null,"nextNode":[13002842616992],"resultConditionLocation":0,"dependTaskList":[{"condition":"${sum} == 2","nextNode":[13002733318688]},{"condition":"${sum} == 1","nextNode":[13002841331104]},{"condition":null,"nextNode":[13002842616992]}]}"; line: 1, column: 32] (through reference chain: org.apache.dolphinscheduler.plugin.task.api.parameters.SwitchParameters["varPool"])
	at com.fasterxml.jackson.databind.exc.MismatchedInputException.from(MismatchedInputException.java:59)
	at com.fasterxml.jackson.databind.DeserializationContext.reportInputMismatch(DeserializationContext.java:1741)
	at com.fasterxml.jackson.databind.DeserializationContext.handleUnexpectedToken(DeserializationContext.java:1515)
	at com.fasterxml.jackson.databind.deser.std.StdDeserializer._deserializeFromArray(StdDeserializer.java:222)
	at com.fasterxml.jackson.databind.deser.std.StringDeserializer.deserialize(StringDeserializer.java:46)
	at com.fasterxml.jackson.databind.deser.std.StringDeserializer.deserialize(StringDeserializer.java:11)
	at com.fasterxml.jackson.databind.deser.impl.MethodProperty.deserializeAndSet(MethodProperty.java:129)
	at com.fasterxml.jackson.databind.deser.BeanDeserializer.vanillaDeserialize(BeanDeserializer.java:314)
	at com.fasterxml.jackson.databind.deser.BeanDeserializer.deserialize(BeanDeserializer.java:177)
	at com.fasterxml.jackson.databind.deser.DefaultDeserializationContext.readRootValue(DefaultDeserializationContext.java:323)
	at com.fasterxml.jackson.databind.ObjectMapper._readMapAndClose(ObjectMapper.java:4674)
	at com.fasterxml.jackson.databind.ObjectMapper.readValue(ObjectMapper.java:3629)
	at com.fasterxml.jackson.databind.ObjectMapper.readValue(ObjectMapper.java:3597)
	at org.apache.dolphinscheduler.common.utils.JSONUtils.parseObject(JSONUtils.java:146)
	at org.apache.dolphinscheduler.dao.entity.TaskInstance.getSwitchDependency(TaskInstance.java:329)
	at sun.reflect.GeneratedMethodAccessor491.invoke(Unknown Source)
	at sun.reflect.DelegatingMethodAccessorImpl.invoke(DelegatingMethodAccessorImpl.java:43)
	at java.lang.reflect.Method.invoke(Method.java:498)
	at com.fasterxml.jackson.databind.ser.BeanPropertyWriter.serializeAsField(BeanPropertyWriter.java:689)
	at com.fasterxml.jackson.databind.ser.std.BeanSerializerBase.serializeFields(BeanSerializerBase.java:774)
	at com.fasterxml.jackson.databind.ser.BeanSerializer.serialize(BeanSerializer.java:178)
	at com.fasterxml.jackson.databind.ser.impl.IndexedListSerializer.serializeContents(IndexedListSerializer.java:119)
	at com.fasterxml.jackson.databind.ser.impl.IndexedListSerializer.serialize(IndexedListSerializer.java:79)
	at com.fasterxml.jackson.databind.ser.impl.IndexedListSerializer.serialize(IndexedListSerializer.java:18)
	at com.fasterxml.jackson.databind.ser.std.MapSerializer.serializeFields(MapSerializer.java:808)
	at com.fasterxml.jackson.databind.ser.std.MapSerializer.serializeWithoutTypeInfo(MapSerializer.java:764)
	at com.fasterxml.jackson.databind.ser.std.MapSerializer.serialize(MapSerializer.java:720)
	at com.fasterxml.jackson.databind.ser.std.MapSerializer.serialize(MapSerializer.java:35)
	at com.fasterxml.jackson.databind.ser.BeanPropertyWriter.serializeAsField(BeanPropertyWriter.java:728)
	at com.fasterxml.jackson.databind.ser.std.BeanSerializerBase.serializeFields(BeanSerializerBase.java:774)
	at com.fasterxml.jackson.databind.ser.BeanSerializer.serialize(BeanSerializer.java:178)
	at com.fasterxml.jackson.databind.ser.DefaultSerializerProvider._serialize(DefaultSerializerProvider.java:480)
	at com.fasterxml.jackson.databind.ser.DefaultSerializerProvider.serializeValue(DefaultSerializerProvider.java:319)
	at com.fasterxml.jackson.databind.ObjectWriter$Prefetch.serialize(ObjectWriter.java:1518)
	at com.fasterxml.jackson.databind.ObjectWriter.writeValue(ObjectWriter.java:1007)
	at org.springframework.http.converter.json.AbstractJackson2HttpMessageConverter.writeInternal(AbstractJackson2HttpMessageConverter.java:456)
	at org.springframework.http.converter.AbstractGenericHttpMessageConverter.write(AbstractGenericHttpMessageConverter.java:104)
	at org.springframework.web.servlet.mvc.method.annotation.AbstractMessageConverterMethodProcessor.writeWithMessageConverters(AbstractMessageConverterMethodProcessor.java:290)
	at org.springframework.web.servlet.mvc.method.annotation.RequestResponseBodyMethodProcessor.handleReturnValue(RequestResponseBodyMethodProcessor.java:183)
	at org.springframework.web.method.support.HandlerMethodReturnValueHandlerComposite.handleReturnValue(HandlerMethodReturnValueHandlerComposite.java:78)
	at org.springframework.web.servlet.mvc.method.annotation.ServletInvocableHandlerMethod.invokeAndHandle(ServletInvocableHandlerMethod.java:135)
	at org.springframework.web.servlet.mvc.method.annotation.RequestMappingHandlerAdapter.invokeHandlerMethod(RequestMappingHandlerAdapter.java:895)
	at org.springframework.web.servlet.mvc.method.annotation.RequestMappingHandlerAdapter.handleInternal(RequestMappingHandlerAdapter.java:808)
	at org.springframework.web.servlet.mvc.method.AbstractHandlerMethodAdapter.handle(AbstractHandlerMethodAdapter.java:87)
	at org.springframework.web.servlet.DispatcherServlet.doDispatch(DispatcherServlet.java:1070)
	at org.springframework.web.servlet.DispatcherServlet.doService(DispatcherServlet.java:963)
	at org.springframework.web.servlet.FrameworkServlet.processRequest(FrameworkServlet.java:1006)
	at org.springframework.web.servlet.FrameworkServlet.doGet(FrameworkServlet.java:898)
	at javax.servlet.http.HttpServlet.service(HttpServlet.java:497)
	at org.springframework.web.servlet.FrameworkServlet.service(FrameworkServlet.java:883)
	at javax.servlet.http.HttpServlet.service(HttpServlet.java:584)
	at org.eclipse.jetty.servlet.ServletHolder.handle(ServletHolder.java:799)
	at org.eclipse.jetty.servlet.ServletHandler$ChainEnd.doFilter(ServletHandler.java:1656)
	at org.springframework.web.filter.CorsFilter.doFilterInternal(CorsFilter.java:91)
	at org.springframework.web.filter.OncePerRequestFilter.doFilter(OncePerRequestFilter.java:117)
	at org.eclipse.jetty.servlet.FilterHolder.doFilter(FilterHolder.java:193)
	at org.eclipse.jetty.servlet.ServletHandler$Chain.doFilter(ServletHandler.java:1626)
	at org.springframework.web.filter.RequestContextFilter.doFilterInternal(RequestContextFilter.java:100)
	at org.springframework.web.filter.OncePerRequestFilter.doFilter(OncePerRequestFilter.java:117)
	at org.eclipse.jetty.servlet.FilterHolder.doFilter(FilterHolder.java:193)
	at org.eclipse.jetty.servlet.ServletHandler$Chain.doFilter(ServletHandler.java:1626)
	at org.springframework.web.filter.FormContentFilter.doFilterInternal(FormContentFilter.java:93)
	at org.springframework.web.filter.OncePerRequestFilter.doFilter(OncePerRequestFilter.java:117)
	at org.eclipse.jetty.servlet.FilterHolder.doFilter(FilterHolder.java:193)
	at org.eclipse.jetty.servlet.ServletHandler$Chain.doFilter(ServletHandler.java:1626)
	at org.springframework.boot.actuate.metrics.web.servlet.WebMvcMetricsFilter.doFilterInternal(WebMvcMetricsFilter.java:96)
	at org.springframework.web.filter.OncePerRequestFilter.doFilter(OncePerRequestFilter.java:117)
	at org.eclipse.jetty.servlet.FilterHolder.doFilter(FilterHolder.java:193)
	at org.eclipse.jetty.servlet.ServletHandler$Chain.doFilter(ServletHandler.java:1626)
	at org.springframework.web.filter.CharacterEncodingFilter.doFilterInternal(CharacterEncodingFilter.java:201)
	at org.springframework.web.filter.OncePerRequestFilter.doFilter(OncePerRequestFilter.java:117)
	at org.eclipse.jetty.servlet.FilterHolder.doFilter(FilterHolder.java:193)
	at org.eclipse.jetty.servlet.ServletHandler$Chain.doFilter(ServletHandler.java:1626)
	at org.eclipse.jetty.servlet.ServletHandler.doHandle(ServletHandler.java:552)
	at org.eclipse.jetty.server.handler.ScopedHandler.handle(ScopedHandler.java:143)
	at org.eclipse.jetty.security.SecurityHandler.handle(SecurityHandler.java:600)
	at org.eclipse.jetty.server.handler.HandlerWrapper.handle(HandlerWrapper.java:127)
	at org.eclipse.jetty.server.handler.ScopedHandler.nextHandle(ScopedHandler.java:235)
	at org.eclipse.jetty.server.session.SessionHandler.doHandle(SessionHandler.java:1624)
	at org.eclipse.jetty.server.handler.ScopedHandler.nextHandle(ScopedHandler.java:233)
	at org.eclipse.jetty.server.handler.ContextHandler.doHandle(ContextHandler.java:1440)
	at org.eclipse.jetty.server.handler.ScopedHandler.nextScope(ScopedHandler.java:188)
	at org.eclipse.jetty.servlet.ServletHandler.doScope(ServletHandler.java:505)
	at org.eclipse.jetty.server.session.SessionHandler.doScope(SessionHandler.java:1594)
	at org.eclipse.jetty.server.handler.ScopedHandler.nextScope(ScopedHandler.java:186)
	at org.eclipse.jetty.server.handler.ContextHandler.doScope(ContextHandler.java:1355)
	at org.eclipse.jetty.server.handler.ScopedHandler.handle(ScopedHandler.java:141)
	at org.eclipse.jetty.server.handler.gzip.GzipHandler.handle(GzipHandler.java:772)
	at org.eclipse.jetty.server.handler.HandlerWrapper.handle(HandlerWrapper.java:127)
	at org.eclipse.jetty.server.Server.handle(Server.java:516)
	at org.eclipse.jetty.server.HttpChannel.lambda$handle$1(HttpChannel.java:487)
	at org.eclipse.jetty.server.HttpChannel.dispatch(HttpChannel.java:732)
	at org.eclipse.jetty.server.HttpChannel.handle(HttpChannel.java:479)
	at org.eclipse.jetty.server.HttpConnection.onFillable(HttpConnection.java:277)
	at org.eclipse.jetty.io.AbstractConnection$ReadCallback.succeeded(AbstractConnection.java:311)
	at org.eclipse.jetty.io.FillInterest.fillable(FillInterest.java:105)
	at org.eclipse.jetty.io.ChannelEndPoint$1.run(ChannelEndPoint.java:104)
	at org.eclipse.jetty.util.thread.strategy.EatWhatYouKill.runTask(EatWhatYouKill.java:338)
	at org.eclipse.jetty.util.thread.strategy.EatWhatYouKill.doProduce(EatWhatYouKill.java:315)
	at org.eclipse.jetty.util.thread.strategy.EatWhatYouKill.tryProduce(EatWhatYouKill.java:173)
	at org.eclipse.jetty.util.thread.strategy.EatWhatYouKill.run(EatWhatYouKill.java:131)
	at org.eclipse.jetty.util.thread.ReservedThreadExecutor$ReservedThread.run(ReservedThreadExecutor.java:409)
	at org.eclipse.jetty.util.thread.QueuedThreadPool.runJob(QueuedThreadPool.java:883)
	at org.eclipse.jetty.util.thread.QueuedThreadPool$Runner.run(QueuedThreadPool.java:1034)
	at java.lang.Thread.run(Thread.java:750)
[INFO] 2024-03-21 20:07:43.493 +0800 o.a.d.a.s.i.LoggerServiceImpl:[189] - Query task instance log, taskInstanceId:123, taskInstanceName:check the sum of numbers, host: 172.20.0.6:5678, logPath:/opt/dolphinscheduler/logs/20240321/13002839652640/10/25/123.log
[INFO] 2024-03-21 20:07:43.912 +0800 o.a.d.a.s.i.LoggerServiceImpl:[189] - Query task instance log, taskInstanceId:123, taskInstanceName:check the sum of numbers, host: 172.20.0.6:5678, logPath:/opt/dolphinscheduler/logs/20240321/13002839652640/10/25/123.log
[INFO] 2024-03-21 20:08:01.379 +0800 o.a.d.a.s.i.LoggerServiceImpl:[189] - Query task instance log, taskInstanceId:124, taskInstanceName:Task A, host: 172.20.0.5:1234, logPath:/opt/dolphinscheduler/logs/20240321/13002839652640/10/25/124.log
[INFO] 2024-03-21 20:08:01.485 +0800 o.a.d.a.s.i.LoggerServiceImpl:[189] - Query task instance log, taskInstanceId:124, taskInstanceName:Task A, host: 172.20.0.5:1234, logPath:/opt/dolphinscheduler/logs/20240321/13002839652640/10/25/124.log
[INFO] 2024-03-21 20:08:12.110 +0800 o.a.d.a.s.i.LoggerServiceImpl:[189] - Query task instance log, taskInstanceId:121, taskInstanceName:task orchestration, host: 172.20.0.6:5678, logPath:/opt/dolphinscheduler/logs/20240321/13001314456096/21/24/121.log
[INFO] 2024-03-21 20:08:12.401 +0800 o.a.d.a.s.i.LoggerServiceImpl:[189] - Query task instance log, taskInstanceId:121, taskInstanceName:task orchestration, host: 172.20.0.6:5678, logPath:/opt/dolphinscheduler/logs/20240321/13001314456096/21/24/121.log
[ERROR] 2024-03-21 20:08:34.912 +0800 o.a.d.c.u.JSONUtils:[148] - Parse object exception, jsonStr: {"localParams":null,"varPool":[{"prop":"sum","direct":"IN","type":"INTEGER","value":"2"}],"dependRelation":null,"relation":null,"nextNode":[13002842616992],"resultConditionLocation":0,"dependTaskList":[{"condition":"${sum} == 2","nextNode":[13002733318688]},{"condition":"${sum} == 1","nextNode":[13002841331104]},{"condition":null,"nextNode":[13002842616992]}]}, class: class org.apache.dolphinscheduler.plugin.task.api.parameters.SwitchParameters
com.fasterxml.jackson.databind.exc.MismatchedInputException: Cannot deserialize value of type `java.lang.String` from Array value (token `JsonToken.START_ARRAY`)
 at [Source: (String)"{"localParams":null,"varPool":[{"prop":"sum","direct":"IN","type":"INTEGER","value":"2"}],"dependRelation":null,"relation":null,"nextNode":[13002842616992],"resultConditionLocation":0,"dependTaskList":[{"condition":"${sum} == 2","nextNode":[13002733318688]},{"condition":"${sum} == 1","nextNode":[13002841331104]},{"condition":null,"nextNode":[13002842616992]}]}"; line: 1, column: 32] (through reference chain: org.apache.dolphinscheduler.plugin.task.api.parameters.SwitchParameters["varPool"])
	at com.fasterxml.jackson.databind.exc.MismatchedInputException.from(MismatchedInputException.java:59)
	at com.fasterxml.jackson.databind.DeserializationContext.reportInputMismatch(DeserializationContext.java:1741)
	at com.fasterxml.jackson.databind.DeserializationContext.handleUnexpectedToken(DeserializationContext.java:1515)
	at com.fasterxml.jackson.databind.deser.std.StdDeserializer._deserializeFromArray(StdDeserializer.java:222)
	at com.fasterxml.jackson.databind.deser.std.StringDeserializer.deserialize(StringDeserializer.java:46)
	at com.fasterxml.jackson.databind.deser.std.StringDeserializer.deserialize(StringDeserializer.java:11)
	at com.fasterxml.jackson.databind.deser.impl.MethodProperty.deserializeAndSet(MethodProperty.java:129)
	at com.fasterxml.jackson.databind.deser.BeanDeserializer.vanillaDeserialize(BeanDeserializer.java:314)
	at com.fasterxml.jackson.databind.deser.BeanDeserializer.deserialize(BeanDeserializer.java:177)
	at com.fasterxml.jackson.databind.deser.DefaultDeserializationContext.readRootValue(DefaultDeserializationContext.java:323)
	at com.fasterxml.jackson.databind.ObjectMapper._readMapAndClose(ObjectMapper.java:4674)
	at com.fasterxml.jackson.databind.ObjectMapper.readValue(ObjectMapper.java:3629)
	at com.fasterxml.jackson.databind.ObjectMapper.readValue(ObjectMapper.java:3597)
	at org.apache.dolphinscheduler.common.utils.JSONUtils.parseObject(JSONUtils.java:146)
	at org.apache.dolphinscheduler.dao.entity.TaskInstance.getSwitchDependency(TaskInstance.java:329)
	at sun.reflect.GeneratedMethodAccessor491.invoke(Unknown Source)
	at sun.reflect.DelegatingMethodAccessorImpl.invoke(DelegatingMethodAccessorImpl.java:43)
	at java.lang.reflect.Method.invoke(Method.java:498)
	at com.fasterxml.jackson.databind.ser.BeanPropertyWriter.serializeAsField(BeanPropertyWriter.java:689)
	at com.fasterxml.jackson.databind.ser.std.BeanSerializerBase.serializeFields(BeanSerializerBase.java:774)
	at com.fasterxml.jackson.databind.ser.BeanSerializer.serialize(BeanSerializer.java:178)
	at com.fasterxml.jackson.databind.ser.impl.IndexedListSerializer.serializeContents(IndexedListSerializer.java:119)
	at com.fasterxml.jackson.databind.ser.impl.IndexedListSerializer.serialize(IndexedListSerializer.java:79)
	at com.fasterxml.jackson.databind.ser.impl.IndexedListSerializer.serialize(IndexedListSerializer.java:18)
	at com.fasterxml.jackson.databind.ser.std.MapSerializer.serializeFields(MapSerializer.java:808)
	at com.fasterxml.jackson.databind.ser.std.MapSerializer.serializeWithoutTypeInfo(MapSerializer.java:764)
	at com.fasterxml.jackson.databind.ser.std.MapSerializer.serialize(MapSerializer.java:720)
	at com.fasterxml.jackson.databind.ser.std.MapSerializer.serialize(MapSerializer.java:35)
	at com.fasterxml.jackson.databind.ser.BeanPropertyWriter.serializeAsField(BeanPropertyWriter.java:728)
	at com.fasterxml.jackson.databind.ser.std.BeanSerializerBase.serializeFields(BeanSerializerBase.java:774)
	at com.fasterxml.jackson.databind.ser.BeanSerializer.serialize(BeanSerializer.java:178)
	at com.fasterxml.jackson.databind.ser.DefaultSerializerProvider._serialize(DefaultSerializerProvider.java:480)
	at com.fasterxml.jackson.databind.ser.DefaultSerializerProvider.serializeValue(DefaultSerializerProvider.java:319)
	at com.fasterxml.jackson.databind.ObjectWriter$Prefetch.serialize(ObjectWriter.java:1518)
	at com.fasterxml.jackson.databind.ObjectWriter.writeValue(ObjectWriter.java:1007)
	at org.springframework.http.converter.json.AbstractJackson2HttpMessageConverter.writeInternal(AbstractJackson2HttpMessageConverter.java:456)
	at org.springframework.http.converter.AbstractGenericHttpMessageConverter.write(AbstractGenericHttpMessageConverter.java:104)
	at org.springframework.web.servlet.mvc.method.annotation.AbstractMessageConverterMethodProcessor.writeWithMessageConverters(AbstractMessageConverterMethodProcessor.java:290)
	at org.springframework.web.servlet.mvc.method.annotation.RequestResponseBodyMethodProcessor.handleReturnValue(RequestResponseBodyMethodProcessor.java:183)
	at org.springframework.web.method.support.HandlerMethodReturnValueHandlerComposite.handleReturnValue(HandlerMethodReturnValueHandlerComposite.java:78)
	at org.springframework.web.servlet.mvc.method.annotation.ServletInvocableHandlerMethod.invokeAndHandle(ServletInvocableHandlerMethod.java:135)
	at org.springframework.web.servlet.mvc.method.annotation.RequestMappingHandlerAdapter.invokeHandlerMethod(RequestMappingHandlerAdapter.java:895)
	at org.springframework.web.servlet.mvc.method.annotation.RequestMappingHandlerAdapter.handleInternal(RequestMappingHandlerAdapter.java:808)
	at org.springframework.web.servlet.mvc.method.AbstractHandlerMethodAdapter.handle(AbstractHandlerMethodAdapter.java:87)
	at org.springframework.web.servlet.DispatcherServlet.doDispatch(DispatcherServlet.java:1070)
	at org.springframework.web.servlet.DispatcherServlet.doService(DispatcherServlet.java:963)
	at org.springframework.web.servlet.FrameworkServlet.processRequest(FrameworkServlet.java:1006)
	at org.springframework.web.servlet.FrameworkServlet.doGet(FrameworkServlet.java:898)
	at javax.servlet.http.HttpServlet.service(HttpServlet.java:497)
	at org.springframework.web.servlet.FrameworkServlet.service(FrameworkServlet.java:883)
	at javax.servlet.http.HttpServlet.service(HttpServlet.java:584)
	at org.eclipse.jetty.servlet.ServletHolder.handle(ServletHolder.java:799)
	at org.eclipse.jetty.servlet.ServletHandler$ChainEnd.doFilter(ServletHandler.java:1656)
	at org.springframework.web.filter.CorsFilter.doFilterInternal(CorsFilter.java:91)
	at org.springframework.web.filter.OncePerRequestFilter.doFilter(OncePerRequestFilter.java:117)
	at org.eclipse.jetty.servlet.FilterHolder.doFilter(FilterHolder.java:193)
	at org.eclipse.jetty.servlet.ServletHandler$Chain.doFilter(ServletHandler.java:1626)
	at org.springframework.web.filter.RequestContextFilter.doFilterInternal(RequestContextFilter.java:100)
	at org.springframework.web.filter.OncePerRequestFilter.doFilter(OncePerRequestFilter.java:117)
	at org.eclipse.jetty.servlet.FilterHolder.doFilter(FilterHolder.java:193)
	at org.eclipse.jetty.servlet.ServletHandler$Chain.doFilter(ServletHandler.java:1626)
	at org.springframework.web.filter.FormContentFilter.doFilterInternal(FormContentFilter.java:93)
	at org.springframework.web.filter.OncePerRequestFilter.doFilter(OncePerRequestFilter.java:117)
	at org.eclipse.jetty.servlet.FilterHolder.doFilter(FilterHolder.java:193)
	at org.eclipse.jetty.servlet.ServletHandler$Chain.doFilter(ServletHandler.java:1626)
	at org.springframework.boot.actuate.metrics.web.servlet.WebMvcMetricsFilter.doFilterInternal(WebMvcMetricsFilter.java:96)
	at org.springframework.web.filter.OncePerRequestFilter.doFilter(OncePerRequestFilter.java:117)
	at org.eclipse.jetty.servlet.FilterHolder.doFilter(FilterHolder.java:193)
	at org.eclipse.jetty.servlet.ServletHandler$Chain.doFilter(ServletHandler.java:1626)
	at org.springframework.web.filter.CharacterEncodingFilter.doFilterInternal(CharacterEncodingFilter.java:201)
	at org.springframework.web.filter.OncePerRequestFilter.doFilter(OncePerRequestFilter.java:117)
	at org.eclipse.jetty.servlet.FilterHolder.doFilter(FilterHolder.java:193)
	at org.eclipse.jetty.servlet.ServletHandler$Chain.doFilter(ServletHandler.java:1626)
	at org.eclipse.jetty.servlet.ServletHandler.doHandle(ServletHandler.java:552)
	at org.eclipse.jetty.server.handler.ScopedHandler.handle(ScopedHandler.java:143)
	at org.eclipse.jetty.security.SecurityHandler.handle(SecurityHandler.java:600)
	at org.eclipse.jetty.server.handler.HandlerWrapper.handle(HandlerWrapper.java:127)
	at org.eclipse.jetty.server.handler.ScopedHandler.nextHandle(ScopedHandler.java:235)
	at org.eclipse.jetty.server.session.SessionHandler.doHandle(SessionHandler.java:1624)
	at org.eclipse.jetty.server.handler.ScopedHandler.nextHandle(ScopedHandler.java:233)
	at org.eclipse.jetty.server.handler.ContextHandler.doHandle(ContextHandler.java:1440)
	at org.eclipse.jetty.server.handler.ScopedHandler.nextScope(ScopedHandler.java:188)
	at org.eclipse.jetty.servlet.ServletHandler.doScope(ServletHandler.java:505)
	at org.eclipse.jetty.server.session.SessionHandler.doScope(SessionHandler.java:1594)
	at org.eclipse.jetty.server.handler.ScopedHandler.nextScope(ScopedHandler.java:186)
	at org.eclipse.jetty.server.handler.ContextHandler.doScope(ContextHandler.java:1355)
	at org.eclipse.jetty.server.handler.ScopedHandler.handle(ScopedHandler.java:141)
	at org.eclipse.jetty.server.handler.gzip.GzipHandler.handle(GzipHandler.java:772)
	at org.eclipse.jetty.server.handler.HandlerWrapper.handle(HandlerWrapper.java:127)
	at org.eclipse.jetty.server.Server.handle(Server.java:516)
	at org.eclipse.jetty.server.HttpChannel.lambda$handle$1(HttpChannel.java:487)
	at org.eclipse.jetty.server.HttpChannel.dispatch(HttpChannel.java:732)
	at org.eclipse.jetty.server.HttpChannel.handle(HttpChannel.java:479)
	at org.eclipse.jetty.server.HttpConnection.onFillable(HttpConnection.java:277)
	at org.eclipse.jetty.io.AbstractConnection$ReadCallback.succeeded(AbstractConnection.java:311)
	at org.eclipse.jetty.io.FillInterest.fillable(FillInterest.java:105)
	at org.eclipse.jetty.io.ChannelEndPoint$1.run(ChannelEndPoint.java:104)
	at org.eclipse.jetty.util.thread.strategy.EatWhatYouKill.runTask(EatWhatYouKill.java:338)
	at org.eclipse.jetty.util.thread.strategy.EatWhatYouKill.doProduce(EatWhatYouKill.java:315)
	at org.eclipse.jetty.util.thread.strategy.EatWhatYouKill.tryProduce(EatWhatYouKill.java:173)
	at org.eclipse.jetty.util.thread.strategy.EatWhatYouKill.run(EatWhatYouKill.java:131)
	at org.eclipse.jetty.util.thread.ReservedThreadExecutor$ReservedThread.run(ReservedThreadExecutor.java:409)
	at org.eclipse.jetty.util.thread.QueuedThreadPool.runJob(QueuedThreadPool.java:883)
	at org.eclipse.jetty.util.thread.QueuedThreadPool$Runner.run(QueuedThreadPool.java:1034)
	at java.lang.Thread.run(Thread.java:750)
[INFO] 2024-03-21 20:08:43.405 +0800 o.a.d.a.s.i.LoggerServiceImpl:[189] - Query task instance log, taskInstanceId:122, taskInstanceName:sum_of_numbers, host: 172.20.0.5:1234, logPath:/opt/dolphinscheduler/logs/20240321/13002839652640/10/25/122.log
[INFO] 2024-03-21 20:08:43.608 +0800 o.a.d.a.s.i.LoggerServiceImpl:[189] - Query task instance log, taskInstanceId:122, taskInstanceName:sum_of_numbers, host: 172.20.0.5:1234, logPath:/opt/dolphinscheduler/logs/20240321/13002839652640/10/25/122.log
[INFO] 2024-03-21 20:13:27.049 +0800 o.a.d.a.s.i.ProcessDefinitionServiceImpl:[858] - The task has not changed, so skip
[INFO] 2024-03-21 20:13:27.051 +0800 o.a.d.a.s.i.ProcessDefinitionServiceImpl:[888] - Process definition needs to be updated, projectCode:13001194483488, processCode:13002839652640, processVersion:10.
[INFO] 2024-03-21 20:13:27.068 +0800 o.a.d.a.s.i.ProcessDefinitionServiceImpl:[898] - Update process definition complete, processCode:13002839652640, processVersion:12.
[INFO] 2024-03-21 20:13:27.105 +0800 o.a.d.a.s.i.ProcessDefinitionServiceImpl:[906] - Update process task relations complete, projectCode:13001194483488, processCode:13002839652640, processVersion:12.
[INFO] 2024-03-21 20:13:49.694 +0800 o.a.d.a.s.i.ProcessDefinitionServiceImpl:[858] - The task has not changed, so skip
[INFO] 2024-03-21 20:13:49.701 +0800 o.a.d.a.s.i.ProcessDefinitionServiceImpl:[888] - Process definition needs to be updated, projectCode:13001194483488, processCode:13002839652640, processVersion:12.
[INFO] 2024-03-21 20:13:49.717 +0800 o.a.d.a.s.i.ProcessDefinitionServiceImpl:[898] - Update process definition complete, processCode:13002839652640, processVersion:13.
[INFO] 2024-03-21 20:13:49.756 +0800 o.a.d.a.s.i.ProcessDefinitionServiceImpl:[906] - Update process task relations complete, projectCode:13001194483488, processCode:13002839652640, processVersion:13.
[INFO] 2024-03-21 20:16:47.438 +0800 o.a.d.a.s.i.ProcessDefinitionServiceImpl:[858] - The task has not changed, so skip
[INFO] 2024-03-21 20:16:47.438 +0800 o.a.d.a.s.i.ProcessDefinitionServiceImpl:[888] - Process definition needs to be updated, projectCode:13001194483488, processCode:13001314456096, processVersion:21.
[INFO] 2024-03-21 20:16:47.468 +0800 o.a.d.a.s.i.ProcessDefinitionServiceImpl:[898] - Update process definition complete, processCode:13001314456096, processVersion:22.
[INFO] 2024-03-21 20:16:47.479 +0800 o.a.d.a.s.i.ProcessDefinitionServiceImpl:[906] - Update process task relations complete, projectCode:13001194483488, processCode:13001314456096, processVersion:22.
[ERROR] 2024-03-21 20:16:47.609 +0800 o.a.d.a.e.ApiExceptionHandler:[40] - org.apache.dolphinscheduler.api.controller.ProcessDefinitionController#updateProcessDefinition[12 args] Meet a ServiceException: Internal Server Error: SubWorkflowDefinition number_sum_task_orchestrator is not online
[INFO] 2024-03-21 20:17:34.194 +0800 o.a.d.a.s.i.ProcessDefinitionServiceImpl:[888] - Process definition needs to be updated, projectCode:13001194483488, processCode:13001314456096, processVersion:22.
[INFO] 2024-03-21 20:17:34.213 +0800 o.a.d.a.s.i.ProcessDefinitionServiceImpl:[898] - Update process definition complete, processCode:13001314456096, processVersion:23.
[INFO] 2024-03-21 20:17:34.236 +0800 o.a.d.a.s.i.ProcessDefinitionServiceImpl:[906] - Update process task relations complete, projectCode:13001194483488, processCode:13001314456096, processVersion:23.
[INFO] 2024-03-21 20:17:40.701 +0800 o.a.d.a.s.i.ExecutorServiceImpl:[278] - Create command complete, processDefinitionCode:13001314456096, commandCount:1.
[INFO] 2024-03-21 20:20:10.359 +0800 o.a.d.a.s.i.LoggerServiceImpl:[189] - Query task instance log, taskInstanceId:135, taskInstanceName:show final state, host: 172.20.0.5:1234, logPath:/opt/dolphinscheduler/logs/20240321/13001314456096/23/27/135.log
[INFO] 2024-03-21 20:20:10.489 +0800 o.a.d.a.s.i.LoggerServiceImpl:[189] - Query task instance log, taskInstanceId:135, taskInstanceName:show final state, host: 172.20.0.5:1234, logPath:/opt/dolphinscheduler/logs/20240321/13001314456096/23/27/135.log
[INFO] 2024-03-21 20:20:26.293 +0800 o.a.d.a.s.i.LoggerServiceImpl:[189] - Query task instance log, taskInstanceId:131, taskInstanceName:task orchestration, host: 172.20.0.6:5678, logPath:/opt/dolphinscheduler/logs/20240321/13001314456096/23/27/131.log
[INFO] 2024-03-21 20:20:26.365 +0800 o.a.d.a.s.i.LoggerServiceImpl:[189] - Query task instance log, taskInstanceId:131, taskInstanceName:task orchestration, host: 172.20.0.6:5678, logPath:/opt/dolphinscheduler/logs/20240321/13001314456096/23/27/131.log
[INFO] 2024-03-21 20:21:10.647 +0800 o.a.d.a.s.i.LoggerServiceImpl:[189] - Query task instance log, taskInstanceId:132, taskInstanceName:sum_of_numbers, host: 172.20.0.5:1234, logPath:/opt/dolphinscheduler/logs/20240321/13002839652640/13/28/132.log
[INFO] 2024-03-21 20:21:10.809 +0800 o.a.d.a.s.i.LoggerServiceImpl:[189] - Query task instance log, taskInstanceId:132, taskInstanceName:sum_of_numbers, host: 172.20.0.5:1234, logPath:/opt/dolphinscheduler/logs/20240321/13002839652640/13/28/132.log
[INFO] 2024-03-21 20:21:44.124 +0800 o.a.d.a.s.i.LoggerServiceImpl:[189] - Query task instance log, taskInstanceId:132, taskInstanceName:sum_of_numbers, host: 172.20.0.5:1234, logPath:/opt/dolphinscheduler/logs/20240321/13002839652640/13/28/132.log
[INFO] 2024-03-21 20:21:44.282 +0800 o.a.d.a.s.i.LoggerServiceImpl:[189] - Query task instance log, taskInstanceId:132, taskInstanceName:sum_of_numbers, host: 172.20.0.5:1234, logPath:/opt/dolphinscheduler/logs/20240321/13002839652640/13/28/132.log
[INFO] 2024-03-21 20:22:10.224 +0800 o.a.d.a.s.i.LoggerServiceImpl:[189] - Query task instance log, taskInstanceId:134, taskInstanceName:Task C, host: 172.20.0.5:1234, logPath:/opt/dolphinscheduler/logs/20240321/13002839652640/13/28/134.log
[INFO] 2024-03-21 20:22:10.344 +0800 o.a.d.a.s.i.LoggerServiceImpl:[189] - Query task instance log, taskInstanceId:134, taskInstanceName:Task C, host: 172.20.0.5:1234, logPath:/opt/dolphinscheduler/logs/20240321/13002839652640/13/28/134.log
[INFO] 2024-03-21 20:22:47.580 +0800 o.a.d.a.s.i.LoggerServiceImpl:[189] - Query task instance log, taskInstanceId:135, taskInstanceName:show final state, host: 172.20.0.5:1234, logPath:/opt/dolphinscheduler/logs/20240321/13001314456096/23/27/135.log
[INFO] 2024-03-21 20:22:47.742 +0800 o.a.d.a.s.i.LoggerServiceImpl:[189] - Query task instance log, taskInstanceId:135, taskInstanceName:show final state, host: 172.20.0.5:1234, logPath:/opt/dolphinscheduler/logs/20240321/13001314456096/23/27/135.log
[ERROR] 2024-03-21 20:35:23.523 +0800 o.a.d.c.u.JSONUtils:[148] - Parse object exception, jsonStr: {"localParams":null,"varPool":[{"prop":"task_completed","direct":"IN","type":"VARCHAR","value":"'Task C'"}],"dependRelation":null,"relation":null,"nextNode":[13002842616992],"resultConditionLocation":2,"dependTaskList":[{"condition":"${sum} == 2","nextNode":[13002733318688]},{"condition":"${sum} == 1","nextNode":[13002841331104]},{"condition":null,"nextNode":[13002842616992]}]}, class: class org.apache.dolphinscheduler.plugin.task.api.parameters.SwitchParameters
com.fasterxml.jackson.databind.exc.MismatchedInputException: Cannot deserialize value of type `java.lang.String` from Array value (token `JsonToken.START_ARRAY`)
 at [Source: (String)"{"localParams":null,"varPool":[{"prop":"task_completed","direct":"IN","type":"VARCHAR","value":"'Task C'"}],"dependRelation":null,"relation":null,"nextNode":[13002842616992],"resultConditionLocation":2,"dependTaskList":[{"condition":"${sum} == 2","nextNode":[13002733318688]},{"condition":"${sum} == 1","nextNode":[13002841331104]},{"condition":null,"nextNode":[13002842616992]}]}"; line: 1, column: 32] (through reference chain: org.apache.dolphinscheduler.plugin.task.api.parameters.SwitchParameters["varPool"])
	at com.fasterxml.jackson.databind.exc.MismatchedInputException.from(MismatchedInputException.java:59)
	at com.fasterxml.jackson.databind.DeserializationContext.reportInputMismatch(DeserializationContext.java:1741)
	at com.fasterxml.jackson.databind.DeserializationContext.handleUnexpectedToken(DeserializationContext.java:1515)
	at com.fasterxml.jackson.databind.deser.std.StdDeserializer._deserializeFromArray(StdDeserializer.java:222)
	at com.fasterxml.jackson.databind.deser.std.StringDeserializer.deserialize(StringDeserializer.java:46)
	at com.fasterxml.jackson.databind.deser.std.StringDeserializer.deserialize(StringDeserializer.java:11)
	at com.fasterxml.jackson.databind.deser.impl.MethodProperty.deserializeAndSet(MethodProperty.java:129)
	at com.fasterxml.jackson.databind.deser.BeanDeserializer.vanillaDeserialize(BeanDeserializer.java:314)
	at com.fasterxml.jackson.databind.deser.BeanDeserializer.deserialize(BeanDeserializer.java:177)
	at com.fasterxml.jackson.databind.deser.DefaultDeserializationContext.readRootValue(DefaultDeserializationContext.java:323)
	at com.fasterxml.jackson.databind.ObjectMapper._readMapAndClose(ObjectMapper.java:4674)
	at com.fasterxml.jackson.databind.ObjectMapper.readValue(ObjectMapper.java:3629)
	at com.fasterxml.jackson.databind.ObjectMapper.readValue(ObjectMapper.java:3597)
	at org.apache.dolphinscheduler.common.utils.JSONUtils.parseObject(JSONUtils.java:146)
	at org.apache.dolphinscheduler.dao.entity.TaskInstance.getSwitchDependency(TaskInstance.java:329)
	at sun.reflect.GeneratedMethodAccessor491.invoke(Unknown Source)
	at sun.reflect.DelegatingMethodAccessorImpl.invoke(DelegatingMethodAccessorImpl.java:43)
	at java.lang.reflect.Method.invoke(Method.java:498)
	at com.fasterxml.jackson.databind.ser.BeanPropertyWriter.serializeAsField(BeanPropertyWriter.java:689)
	at com.fasterxml.jackson.databind.ser.std.BeanSerializerBase.serializeFields(BeanSerializerBase.java:774)
	at com.fasterxml.jackson.databind.ser.BeanSerializer.serialize(BeanSerializer.java:178)
	at com.fasterxml.jackson.databind.ser.impl.IndexedListSerializer.serializeContents(IndexedListSerializer.java:119)
	at com.fasterxml.jackson.databind.ser.impl.IndexedListSerializer.serialize(IndexedListSerializer.java:79)
	at com.fasterxml.jackson.databind.ser.impl.IndexedListSerializer.serialize(IndexedListSerializer.java:18)
	at com.fasterxml.jackson.databind.ser.std.MapSerializer.serializeFields(MapSerializer.java:808)
	at com.fasterxml.jackson.databind.ser.std.MapSerializer.serializeWithoutTypeInfo(MapSerializer.java:764)
	at com.fasterxml.jackson.databind.ser.std.MapSerializer.serialize(MapSerializer.java:720)
	at com.fasterxml.jackson.databind.ser.std.MapSerializer.serialize(MapSerializer.java:35)
	at com.fasterxml.jackson.databind.ser.BeanPropertyWriter.serializeAsField(BeanPropertyWriter.java:728)
	at com.fasterxml.jackson.databind.ser.std.BeanSerializerBase.serializeFields(BeanSerializerBase.java:774)
	at com.fasterxml.jackson.databind.ser.BeanSerializer.serialize(BeanSerializer.java:178)
	at com.fasterxml.jackson.databind.ser.DefaultSerializerProvider._serialize(DefaultSerializerProvider.java:480)
	at com.fasterxml.jackson.databind.ser.DefaultSerializerProvider.serializeValue(DefaultSerializerProvider.java:319)
	at com.fasterxml.jackson.databind.ObjectWriter$Prefetch.serialize(ObjectWriter.java:1518)
	at com.fasterxml.jackson.databind.ObjectWriter.writeValue(ObjectWriter.java:1007)
	at org.springframework.http.converter.json.AbstractJackson2HttpMessageConverter.writeInternal(AbstractJackson2HttpMessageConverter.java:456)
	at org.springframework.http.converter.AbstractGenericHttpMessageConverter.write(AbstractGenericHttpMessageConverter.java:104)
	at org.springframework.web.servlet.mvc.method.annotation.AbstractMessageConverterMethodProcessor.writeWithMessageConverters(AbstractMessageConverterMethodProcessor.java:290)
	at org.springframework.web.servlet.mvc.method.annotation.RequestResponseBodyMethodProcessor.handleReturnValue(RequestResponseBodyMethodProcessor.java:183)
	at org.springframework.web.method.support.HandlerMethodReturnValueHandlerComposite.handleReturnValue(HandlerMethodReturnValueHandlerComposite.java:78)
	at org.springframework.web.servlet.mvc.method.annotation.ServletInvocableHandlerMethod.invokeAndHandle(ServletInvocableHandlerMethod.java:135)
	at org.springframework.web.servlet.mvc.method.annotation.RequestMappingHandlerAdapter.invokeHandlerMethod(RequestMappingHandlerAdapter.java:895)
	at org.springframework.web.servlet.mvc.method.annotation.RequestMappingHandlerAdapter.handleInternal(RequestMappingHandlerAdapter.java:808)
	at org.springframework.web.servlet.mvc.method.AbstractHandlerMethodAdapter.handle(AbstractHandlerMethodAdapter.java:87)
	at org.springframework.web.servlet.DispatcherServlet.doDispatch(DispatcherServlet.java:1070)
	at org.springframework.web.servlet.DispatcherServlet.doService(DispatcherServlet.java:963)
	at org.springframework.web.servlet.FrameworkServlet.processRequest(FrameworkServlet.java:1006)
	at org.springframework.web.servlet.FrameworkServlet.doGet(FrameworkServlet.java:898)
	at javax.servlet.http.HttpServlet.service(HttpServlet.java:497)
	at org.springframework.web.servlet.FrameworkServlet.service(FrameworkServlet.java:883)
	at javax.servlet.http.HttpServlet.service(HttpServlet.java:584)
	at org.eclipse.jetty.servlet.ServletHolder.handle(ServletHolder.java:799)
	at org.eclipse.jetty.servlet.ServletHandler$ChainEnd.doFilter(ServletHandler.java:1656)
	at org.springframework.web.filter.CorsFilter.doFilterInternal(CorsFilter.java:91)
	at org.springframework.web.filter.OncePerRequestFilter.doFilter(OncePerRequestFilter.java:117)
	at org.eclipse.jetty.servlet.FilterHolder.doFilter(FilterHolder.java:193)
	at org.eclipse.jetty.servlet.ServletHandler$Chain.doFilter(ServletHandler.java:1626)
	at org.springframework.web.filter.RequestContextFilter.doFilterInternal(RequestContextFilter.java:100)
	at org.springframework.web.filter.OncePerRequestFilter.doFilter(OncePerRequestFilter.java:117)
	at org.eclipse.jetty.servlet.FilterHolder.doFilter(FilterHolder.java:193)
	at org.eclipse.jetty.servlet.ServletHandler$Chain.doFilter(ServletHandler.java:1626)
	at org.springframework.web.filter.FormContentFilter.doFilterInternal(FormContentFilter.java:93)
	at org.springframework.web.filter.OncePerRequestFilter.doFilter(OncePerRequestFilter.java:117)
	at org.eclipse.jetty.servlet.FilterHolder.doFilter(FilterHolder.java:193)
	at org.eclipse.jetty.servlet.ServletHandler$Chain.doFilter(ServletHandler.java:1626)
	at org.springframework.boot.actuate.metrics.web.servlet.WebMvcMetricsFilter.doFilterInternal(WebMvcMetricsFilter.java:96)
	at org.springframework.web.filter.OncePerRequestFilter.doFilter(OncePerRequestFilter.java:117)
	at org.eclipse.jetty.servlet.FilterHolder.doFilter(FilterHolder.java:193)
	at org.eclipse.jetty.servlet.ServletHandler$Chain.doFilter(ServletHandler.java:1626)
	at org.springframework.web.filter.CharacterEncodingFilter.doFilterInternal(CharacterEncodingFilter.java:201)
	at org.springframework.web.filter.OncePerRequestFilter.doFilter(OncePerRequestFilter.java:117)
	at org.eclipse.jetty.servlet.FilterHolder.doFilter(FilterHolder.java:193)
	at org.eclipse.jetty.servlet.ServletHandler$Chain.doFilter(ServletHandler.java:1626)
	at org.eclipse.jetty.servlet.ServletHandler.doHandle(ServletHandler.java:552)
	at org.eclipse.jetty.server.handler.ScopedHandler.handle(ScopedHandler.java:143)
	at org.eclipse.jetty.security.SecurityHandler.handle(SecurityHandler.java:600)
	at org.eclipse.jetty.server.handler.HandlerWrapper.handle(HandlerWrapper.java:127)
	at org.eclipse.jetty.server.handler.ScopedHandler.nextHandle(ScopedHandler.java:235)
	at org.eclipse.jetty.server.session.SessionHandler.doHandle(SessionHandler.java:1624)
	at org.eclipse.jetty.server.handler.ScopedHandler.nextHandle(ScopedHandler.java:233)
	at org.eclipse.jetty.server.handler.ContextHandler.doHandle(ContextHandler.java:1440)
	at org.eclipse.jetty.server.handler.ScopedHandler.nextScope(ScopedHandler.java:188)
	at org.eclipse.jetty.servlet.ServletHandler.doScope(ServletHandler.java:505)
	at org.eclipse.jetty.server.session.SessionHandler.doScope(SessionHandler.java:1594)
	at org.eclipse.jetty.server.handler.ScopedHandler.nextScope(ScopedHandler.java:186)
	at org.eclipse.jetty.server.handler.ContextHandler.doScope(ContextHandler.java:1355)
	at org.eclipse.jetty.server.handler.ScopedHandler.handle(ScopedHandler.java:141)
	at org.eclipse.jetty.server.handler.gzip.GzipHandler.handle(GzipHandler.java:772)
	at org.eclipse.jetty.server.handler.HandlerWrapper.handle(HandlerWrapper.java:127)
	at org.eclipse.jetty.server.Server.handle(Server.java:516)
	at org.eclipse.jetty.server.HttpChannel.lambda$handle$1(HttpChannel.java:487)
	at org.eclipse.jetty.server.HttpChannel.dispatch(HttpChannel.java:732)
	at org.eclipse.jetty.server.HttpChannel.handle(HttpChannel.java:479)
	at org.eclipse.jetty.server.HttpConnection.onFillable(HttpConnection.java:277)
	at org.eclipse.jetty.io.AbstractConnection$ReadCallback.succeeded(AbstractConnection.java:311)
	at org.eclipse.jetty.io.FillInterest.fillable(FillInterest.java:105)
	at org.eclipse.jetty.io.ChannelEndPoint$1.run(ChannelEndPoint.java:104)
	at org.eclipse.jetty.util.thread.strategy.EatWhatYouKill.runTask(EatWhatYouKill.java:338)
	at org.eclipse.jetty.util.thread.strategy.EatWhatYouKill.doProduce(EatWhatYouKill.java:315)
	at org.eclipse.jetty.util.thread.strategy.EatWhatYouKill.tryProduce(EatWhatYouKill.java:173)
	at org.eclipse.jetty.util.thread.strategy.EatWhatYouKill.run(EatWhatYouKill.java:131)
	at org.eclipse.jetty.util.thread.ReservedThreadExecutor$ReservedThread.run(ReservedThreadExecutor.java:409)
	at org.eclipse.jetty.util.thread.QueuedThreadPool.runJob(QueuedThreadPool.java:883)
	at org.eclipse.jetty.util.thread.QueuedThreadPool$Runner.run(QueuedThreadPool.java:1034)
	at java.lang.Thread.run(Thread.java:750)
[INFO] 2024-03-21 20:35:29.814 +0800 o.a.d.a.s.i.LoggerServiceImpl:[189] - Query task instance log, taskInstanceId:142, taskInstanceName:sum_of_numbers, host: 172.20.0.5:1234, logPath:/opt/dolphinscheduler/logs/20240321/13002839652640/13/28/142.log
[INFO] 2024-03-21 20:35:29.932 +0800 o.a.d.a.s.i.LoggerServiceImpl:[189] - Query task instance log, taskInstanceId:142, taskInstanceName:sum_of_numbers, host: 172.20.0.5:1234, logPath:/opt/dolphinscheduler/logs/20240321/13002839652640/13/28/142.log
[INFO] 2024-03-21 20:36:17.922 +0800 o.a.d.a.s.i.LoggerServiceImpl:[189] - Query task instance log, taskInstanceId:142, taskInstanceName:sum_of_numbers, host: 172.20.0.5:1234, logPath:/opt/dolphinscheduler/logs/20240321/13002839652640/13/28/142.log
[INFO] 2024-03-21 20:36:18.065 +0800 o.a.d.a.s.i.LoggerServiceImpl:[189] - Query task instance log, taskInstanceId:142, taskInstanceName:sum_of_numbers, host: 172.20.0.5:1234, logPath:/opt/dolphinscheduler/logs/20240321/13002839652640/13/28/142.log
[ERROR] 2024-03-21 20:36:52.974 +0800 o.a.d.c.u.JSONUtils:[148] - Parse object exception, jsonStr: {"localParams":null,"varPool":[{"prop":"task_completed","direct":"IN","type":"VARCHAR","value":"'Task C'"}],"dependRelation":null,"relation":null,"nextNode":[13002842616992],"resultConditionLocation":2,"dependTaskList":[{"condition":"${sum} == 2","nextNode":[13002733318688]},{"condition":"${sum} == 1","nextNode":[13002841331104]},{"condition":null,"nextNode":[13002842616992]}]}, class: class org.apache.dolphinscheduler.plugin.task.api.parameters.SwitchParameters
com.fasterxml.jackson.databind.exc.MismatchedInputException: Cannot deserialize value of type `java.lang.String` from Array value (token `JsonToken.START_ARRAY`)
 at [Source: (String)"{"localParams":null,"varPool":[{"prop":"task_completed","direct":"IN","type":"VARCHAR","value":"'Task C'"}],"dependRelation":null,"relation":null,"nextNode":[13002842616992],"resultConditionLocation":2,"dependTaskList":[{"condition":"${sum} == 2","nextNode":[13002733318688]},{"condition":"${sum} == 1","nextNode":[13002841331104]},{"condition":null,"nextNode":[13002842616992]}]}"; line: 1, column: 32] (through reference chain: org.apache.dolphinscheduler.plugin.task.api.parameters.SwitchParameters["varPool"])
	at com.fasterxml.jackson.databind.exc.MismatchedInputException.from(MismatchedInputException.java:59)
	at com.fasterxml.jackson.databind.DeserializationContext.reportInputMismatch(DeserializationContext.java:1741)
	at com.fasterxml.jackson.databind.DeserializationContext.handleUnexpectedToken(DeserializationContext.java:1515)
	at com.fasterxml.jackson.databind.deser.std.StdDeserializer._deserializeFromArray(StdDeserializer.java:222)
	at com.fasterxml.jackson.databind.deser.std.StringDeserializer.deserialize(StringDeserializer.java:46)
	at com.fasterxml.jackson.databind.deser.std.StringDeserializer.deserialize(StringDeserializer.java:11)
	at com.fasterxml.jackson.databind.deser.impl.MethodProperty.deserializeAndSet(MethodProperty.java:129)
	at com.fasterxml.jackson.databind.deser.BeanDeserializer.vanillaDeserialize(BeanDeserializer.java:314)
	at com.fasterxml.jackson.databind.deser.BeanDeserializer.deserialize(BeanDeserializer.java:177)
	at com.fasterxml.jackson.databind.deser.DefaultDeserializationContext.readRootValue(DefaultDeserializationContext.java:323)
	at com.fasterxml.jackson.databind.ObjectMapper._readMapAndClose(ObjectMapper.java:4674)
	at com.fasterxml.jackson.databind.ObjectMapper.readValue(ObjectMapper.java:3629)
	at com.fasterxml.jackson.databind.ObjectMapper.readValue(ObjectMapper.java:3597)
	at org.apache.dolphinscheduler.common.utils.JSONUtils.parseObject(JSONUtils.java:146)
	at org.apache.dolphinscheduler.dao.entity.TaskInstance.getSwitchDependency(TaskInstance.java:329)
	at sun.reflect.GeneratedMethodAccessor491.invoke(Unknown Source)
	at sun.reflect.DelegatingMethodAccessorImpl.invoke(DelegatingMethodAccessorImpl.java:43)
	at java.lang.reflect.Method.invoke(Method.java:498)
	at com.fasterxml.jackson.databind.ser.BeanPropertyWriter.serializeAsField(BeanPropertyWriter.java:689)
	at com.fasterxml.jackson.databind.ser.std.BeanSerializerBase.serializeFields(BeanSerializerBase.java:774)
	at com.fasterxml.jackson.databind.ser.BeanSerializer.serialize(BeanSerializer.java:178)
	at com.fasterxml.jackson.databind.ser.impl.IndexedListSerializer.serializeContents(IndexedListSerializer.java:119)
	at com.fasterxml.jackson.databind.ser.impl.IndexedListSerializer.serialize(IndexedListSerializer.java:79)
	at com.fasterxml.jackson.databind.ser.impl.IndexedListSerializer.serialize(IndexedListSerializer.java:18)
	at com.fasterxml.jackson.databind.ser.std.MapSerializer.serializeFields(MapSerializer.java:808)
	at com.fasterxml.jackson.databind.ser.std.MapSerializer.serializeWithoutTypeInfo(MapSerializer.java:764)
	at com.fasterxml.jackson.databind.ser.std.MapSerializer.serialize(MapSerializer.java:720)
	at com.fasterxml.jackson.databind.ser.std.MapSerializer.serialize(MapSerializer.java:35)
	at com.fasterxml.jackson.databind.ser.BeanPropertyWriter.serializeAsField(BeanPropertyWriter.java:728)
	at com.fasterxml.jackson.databind.ser.std.BeanSerializerBase.serializeFields(BeanSerializerBase.java:774)
	at com.fasterxml.jackson.databind.ser.BeanSerializer.serialize(BeanSerializer.java:178)
	at com.fasterxml.jackson.databind.ser.DefaultSerializerProvider._serialize(DefaultSerializerProvider.java:480)
	at com.fasterxml.jackson.databind.ser.DefaultSerializerProvider.serializeValue(DefaultSerializerProvider.java:319)
	at com.fasterxml.jackson.databind.ObjectWriter$Prefetch.serialize(ObjectWriter.java:1518)
	at com.fasterxml.jackson.databind.ObjectWriter.writeValue(ObjectWriter.java:1007)
	at org.springframework.http.converter.json.AbstractJackson2HttpMessageConverter.writeInternal(AbstractJackson2HttpMessageConverter.java:456)
	at org.springframework.http.converter.AbstractGenericHttpMessageConverter.write(AbstractGenericHttpMessageConverter.java:104)
	at org.springframework.web.servlet.mvc.method.annotation.AbstractMessageConverterMethodProcessor.writeWithMessageConverters(AbstractMessageConverterMethodProcessor.java:290)
	at org.springframework.web.servlet.mvc.method.annotation.RequestResponseBodyMethodProcessor.handleReturnValue(RequestResponseBodyMethodProcessor.java:183)
	at org.springframework.web.method.support.HandlerMethodReturnValueHandlerComposite.handleReturnValue(HandlerMethodReturnValueHandlerComposite.java:78)
	at org.springframework.web.servlet.mvc.method.annotation.ServletInvocableHandlerMethod.invokeAndHandle(ServletInvocableHandlerMethod.java:135)
	at org.springframework.web.servlet.mvc.method.annotation.RequestMappingHandlerAdapter.invokeHandlerMethod(RequestMappingHandlerAdapter.java:895)
	at org.springframework.web.servlet.mvc.method.annotation.RequestMappingHandlerAdapter.handleInternal(RequestMappingHandlerAdapter.java:808)
	at org.springframework.web.servlet.mvc.method.AbstractHandlerMethodAdapter.handle(AbstractHandlerMethodAdapter.java:87)
	at org.springframework.web.servlet.DispatcherServlet.doDispatch(DispatcherServlet.java:1070)
	at org.springframework.web.servlet.DispatcherServlet.doService(DispatcherServlet.java:963)
	at org.springframework.web.servlet.FrameworkServlet.processRequest(FrameworkServlet.java:1006)
	at org.springframework.web.servlet.FrameworkServlet.doGet(FrameworkServlet.java:898)
	at javax.servlet.http.HttpServlet.service(HttpServlet.java:497)
	at org.springframework.web.servlet.FrameworkServlet.service(FrameworkServlet.java:883)
	at javax.servlet.http.HttpServlet.service(HttpServlet.java:584)
	at org.eclipse.jetty.servlet.ServletHolder.handle(ServletHolder.java:799)
	at org.eclipse.jetty.servlet.ServletHandler$ChainEnd.doFilter(ServletHandler.java:1656)
	at org.springframework.web.filter.CorsFilter.doFilterInternal(CorsFilter.java:91)
	at org.springframework.web.filter.OncePerRequestFilter.doFilter(OncePerRequestFilter.java:117)
	at org.eclipse.jetty.servlet.FilterHolder.doFilter(FilterHolder.java:193)
	at org.eclipse.jetty.servlet.ServletHandler$Chain.doFilter(ServletHandler.java:1626)
	at org.springframework.web.filter.RequestContextFilter.doFilterInternal(RequestContextFilter.java:100)
	at org.springframework.web.filter.OncePerRequestFilter.doFilter(OncePerRequestFilter.java:117)
	at org.eclipse.jetty.servlet.FilterHolder.doFilter(FilterHolder.java:193)
	at org.eclipse.jetty.servlet.ServletHandler$Chain.doFilter(ServletHandler.java:1626)
	at org.springframework.web.filter.FormContentFilter.doFilterInternal(FormContentFilter.java:93)
	at org.springframework.web.filter.OncePerRequestFilter.doFilter(OncePerRequestFilter.java:117)
	at org.eclipse.jetty.servlet.FilterHolder.doFilter(FilterHolder.java:193)
	at org.eclipse.jetty.servlet.ServletHandler$Chain.doFilter(ServletHandler.java:1626)
	at org.springframework.boot.actuate.metrics.web.servlet.WebMvcMetricsFilter.doFilterInternal(WebMvcMetricsFilter.java:96)
	at org.springframework.web.filter.OncePerRequestFilter.doFilter(OncePerRequestFilter.java:117)
	at org.eclipse.jetty.servlet.FilterHolder.doFilter(FilterHolder.java:193)
	at org.eclipse.jetty.servlet.ServletHandler$Chain.doFilter(ServletHandler.java:1626)
	at org.springframework.web.filter.CharacterEncodingFilter.doFilterInternal(CharacterEncodingFilter.java:201)
	at org.springframework.web.filter.OncePerRequestFilter.doFilter(OncePerRequestFilter.java:117)
	at org.eclipse.jetty.servlet.FilterHolder.doFilter(FilterHolder.java:193)
	at org.eclipse.jetty.servlet.ServletHandler$Chain.doFilter(ServletHandler.java:1626)
	at org.eclipse.jetty.servlet.ServletHandler.doHandle(ServletHandler.java:552)
	at org.eclipse.jetty.server.handler.ScopedHandler.handle(ScopedHandler.java:143)
	at org.eclipse.jetty.security.SecurityHandler.handle(SecurityHandler.java:600)
	at org.eclipse.jetty.server.handler.HandlerWrapper.handle(HandlerWrapper.java:127)
	at org.eclipse.jetty.server.handler.ScopedHandler.nextHandle(ScopedHandler.java:235)
	at org.eclipse.jetty.server.session.SessionHandler.doHandle(SessionHandler.java:1624)
	at org.eclipse.jetty.server.handler.ScopedHandler.nextHandle(ScopedHandler.java:233)
	at org.eclipse.jetty.server.handler.ContextHandler.doHandle(ContextHandler.java:1440)
	at org.eclipse.jetty.server.handler.ScopedHandler.nextScope(ScopedHandler.java:188)
	at org.eclipse.jetty.servlet.ServletHandler.doScope(ServletHandler.java:505)
	at org.eclipse.jetty.server.session.SessionHandler.doScope(SessionHandler.java:1594)
	at org.eclipse.jetty.server.handler.ScopedHandler.nextScope(ScopedHandler.java:186)
	at org.eclipse.jetty.server.handler.ContextHandler.doScope(ContextHandler.java:1355)
	at org.eclipse.jetty.server.handler.ScopedHandler.handle(ScopedHandler.java:141)
	at org.eclipse.jetty.server.handler.gzip.GzipHandler.handle(GzipHandler.java:772)
	at org.eclipse.jetty.server.handler.HandlerWrapper.handle(HandlerWrapper.java:127)
	at org.eclipse.jetty.server.Server.handle(Server.java:516)
	at org.eclipse.jetty.server.HttpChannel.lambda$handle$1(HttpChannel.java:487)
	at org.eclipse.jetty.server.HttpChannel.dispatch(HttpChannel.java:732)
	at org.eclipse.jetty.server.HttpChannel.handle(HttpChannel.java:479)
	at org.eclipse.jetty.server.HttpConnection.onFillable(HttpConnection.java:277)
	at org.eclipse.jetty.io.AbstractConnection$ReadCallback.succeeded(AbstractConnection.java:311)
	at org.eclipse.jetty.io.FillInterest.fillable(FillInterest.java:105)
	at org.eclipse.jetty.io.ChannelEndPoint$1.run(ChannelEndPoint.java:104)
	at org.eclipse.jetty.util.thread.strategy.EatWhatYouKill.runTask(EatWhatYouKill.java:338)
	at org.eclipse.jetty.util.thread.strategy.EatWhatYouKill.doProduce(EatWhatYouKill.java:315)
	at org.eclipse.jetty.util.thread.strategy.EatWhatYouKill.tryProduce(EatWhatYouKill.java:173)
	at org.eclipse.jetty.util.thread.strategy.EatWhatYouKill.run(EatWhatYouKill.java:131)
	at org.eclipse.jetty.util.thread.ReservedThreadExecutor$ReservedThread.run(ReservedThreadExecutor.java:409)
	at org.eclipse.jetty.util.thread.QueuedThreadPool.runJob(QueuedThreadPool.java:883)
	at org.eclipse.jetty.util.thread.QueuedThreadPool$Runner.run(QueuedThreadPool.java:1034)
	at java.lang.Thread.run(Thread.java:750)
[INFO] 2024-03-21 20:37:12.249 +0800 o.a.d.a.s.i.ExecutorServiceImpl:[278] - Create command complete, processDefinitionCode:13001314456096, commandCount:1.
[INFO] 2024-03-21 20:38:19.034 +0800 o.a.d.a.s.i.LoggerServiceImpl:[189] - Query task instance log, taskInstanceId:151, taskInstanceName:task orchestration, host: 172.20.0.6:5678, logPath:/opt/dolphinscheduler/logs/20240321/13001314456096/23/30/151.log
[INFO] 2024-03-21 20:38:19.157 +0800 o.a.d.a.s.i.LoggerServiceImpl:[189] - Query task instance log, taskInstanceId:151, taskInstanceName:task orchestration, host: 172.20.0.6:5678, logPath:/opt/dolphinscheduler/logs/20240321/13001314456096/23/30/151.log
[INFO] 2024-03-21 20:39:29.388 +0800 o.a.d.a.s.i.LoggerServiceImpl:[189] - Query task instance log, taskInstanceId:152, taskInstanceName:sum_of_numbers, host: 172.20.0.5:1234, logPath:/opt/dolphinscheduler/logs/20240321/13002839652640/13/31/152.log
[INFO] 2024-03-21 20:39:29.533 +0800 o.a.d.a.s.i.LoggerServiceImpl:[189] - Query task instance log, taskInstanceId:152, taskInstanceName:sum_of_numbers, host: 172.20.0.5:1234, logPath:/opt/dolphinscheduler/logs/20240321/13002839652640/13/31/152.log
[INFO] 2024-03-21 20:41:52.321 +0800 o.a.d.a.s.i.ProcessDefinitionServiceImpl:[858] - The task has not changed, so skip
[INFO] 2024-03-21 20:41:52.324 +0800 o.a.d.a.s.i.ProcessDefinitionServiceImpl:[888] - Process definition needs to be updated, projectCode:13001194483488, processCode:13002839652640, processVersion:13.
[INFO] 2024-03-21 20:41:52.331 +0800 o.a.d.a.s.i.ProcessDefinitionServiceImpl:[898] - Update process definition complete, processCode:13002839652640, processVersion:14.
[INFO] 2024-03-21 20:41:52.349 +0800 o.a.d.a.s.i.ProcessDefinitionServiceImpl:[906] - Update process task relations complete, projectCode:13001194483488, processCode:13002839652640, processVersion:14.
[INFO] 2024-03-21 20:42:03.897 +0800 o.a.d.a.s.i.ExecutorServiceImpl:[278] - Create command complete, processDefinitionCode:13002839652640, commandCount:1.
[INFO] 2024-03-21 20:43:04.164 +0800 o.a.d.a.s.i.ProcessDefinitionServiceImpl:[2231] - Switch process definition version complete, projectCode:13001194483488, processDefinitionCode:13002839652640, version:13.
[INFO] 2024-03-21 20:45:49.509 +0800 o.a.d.a.s.i.ProcessDefinitionServiceImpl:[888] - Process definition needs to be updated, projectCode:13001194483488, processCode:13002839652640, processVersion:13.
[INFO] 2024-03-21 20:45:49.526 +0800 o.a.d.a.s.i.ProcessDefinitionServiceImpl:[898] - Update process definition complete, processCode:13002839652640, processVersion:15.
[INFO] 2024-03-21 20:45:49.544 +0800 o.a.d.a.s.i.ProcessDefinitionServiceImpl:[906] - Update process task relations complete, projectCode:13001194483488, processCode:13002839652640, processVersion:15.
[INFO] 2024-03-21 20:45:56.499 +0800 o.a.d.a.s.i.ExecutorServiceImpl:[278] - Create command complete, processDefinitionCode:13002839652640, commandCount:1.
[INFO] 2024-03-21 20:47:03.831 +0800 o.a.d.a.s.i.LoggerServiceImpl:[189] - Query task instance log, taskInstanceId:161, taskInstanceName:sum_of_numbers, host: 172.20.0.5:1234, logPath:/opt/dolphinscheduler/logs/20240321/13002839652640/15/34/161.log
[INFO] 2024-03-21 20:47:03.963 +0800 o.a.d.a.s.i.LoggerServiceImpl:[189] - Query task instance log, taskInstanceId:161, taskInstanceName:sum_of_numbers, host: 172.20.0.5:1234, logPath:/opt/dolphinscheduler/logs/20240321/13002839652640/15/34/161.log
[INFO] 2024-03-21 20:59:46.552 +0800 o.a.d.a.s.i.ProcessDefinitionServiceImpl:[888] - Process definition needs to be updated, projectCode:13001194483488, processCode:13002839652640, processVersion:15.
[INFO] 2024-03-21 20:59:46.557 +0800 o.a.d.a.s.i.ProcessDefinitionServiceImpl:[898] - Update process definition complete, processCode:13002839652640, processVersion:16.
[INFO] 2024-03-21 20:59:46.564 +0800 o.a.d.a.s.i.ProcessDefinitionServiceImpl:[906] - Update process task relations complete, projectCode:13001194483488, processCode:13002839652640, processVersion:16.
[INFO] 2024-03-21 20:59:53.422 +0800 o.a.d.a.s.i.ExecutorServiceImpl:[278] - Create command complete, processDefinitionCode:13002839652640, commandCount:1.
