[WI-0][TI-0] - [INFO] 2024-05-14 11:07:42.077 +0800 o.a.d.s.w.c.WorkerServerLoadProtection:[48] - Worker OverLoad: the TotalCpuUsedPercentage: 0.7553763440860215 is over then the MaxCpuUsagePercentageThresholds 0.7
[WI-0][TI-0] - [INFO] 2024-05-14 11:07:43.102 +0800 o.a.d.s.w.c.WorkerServerLoadProtection:[48] - Worker OverLoad: the TotalCpuUsedPercentage: 0.9325513196480938 is over then the MaxCpuUsagePercentageThresholds 0.7
[WI-0][TI-0] - [INFO] 2024-05-14 11:07:44.103 +0800 o.a.d.s.w.c.WorkerServerLoadProtection:[48] - Worker OverLoad: the TotalCpuUsedPercentage: 0.7470238095238095 is over then the MaxCpuUsagePercentageThresholds 0.7
[WI-0][TI-0] - [INFO] 2024-05-14 11:07:57.166 +0800 o.a.d.s.w.c.WorkerServerLoadProtection:[48] - Worker OverLoad: the TotalCpuUsedPercentage: 0.7719298245614035 is over then the MaxCpuUsagePercentageThresholds 0.7
[WI-0][TI-0] - [INFO] 2024-05-14 11:08:31.402 +0800 o.a.d.s.w.c.WorkerServerLoadProtection:[48] - Worker OverLoad: the TotalCpuUsedPercentage: 0.9534883720930233 is over then the MaxCpuUsagePercentageThresholds 0.7
[WI-0][TI-0] - [INFO] 2024-05-14 11:08:32.451 +0800 o.a.d.s.w.c.WorkerServerLoadProtection:[48] - Worker OverLoad: the TotalCpuUsedPercentage: 0.7227138643067846 is over then the MaxCpuUsagePercentageThresholds 0.7
[WI-0][TI-0] - [INFO] 2024-05-14 11:09:28.756 +0800 o.a.d.s.w.c.WorkerServerLoadProtection:[48] - Worker OverLoad: the TotalCpuUsedPercentage: 0.8128654970760233 is over then the MaxCpuUsagePercentageThresholds 0.7
[WI-0][TI-0] - [INFO] 2024-05-14 11:09:31.837 +0800 o.a.d.s.w.c.WorkerServerLoadProtection:[48] - Worker OverLoad: the TotalCpuUsedPercentage: 0.743893172214397 is over then the MaxCpuUsagePercentageThresholds 0.7
[WI-0][TI-0] - [INFO] 2024-05-14 11:14:49.576 +0800 o.a.d.s.w.c.WorkerServerLoadProtection:[48] - Worker OverLoad: the TotalCpuUsedPercentage: 0.7045454545454545 is over then the MaxCpuUsagePercentageThresholds 0.7
[WI-0][TI-0] - [INFO] 2024-05-14 11:20:52.673 +0800 o.a.d.s.w.c.WorkerServerLoadProtection:[48] - Worker OverLoad: the TotalCpuUsedPercentage: 0.8934426229508197 is over then the MaxCpuUsagePercentageThresholds 0.7
[WI-0][TI-0] - [INFO] 2024-05-14 11:26:17.635 +0800 o.a.d.s.w.c.WorkerServerLoadProtection:[48] - Worker OverLoad: the TotalCpuUsedPercentage: 0.7837078651685393 is over then the MaxCpuUsagePercentageThresholds 0.7
[WI-0][TI-0] - [INFO] 2024-05-14 11:32:08.657 +0800 o.a.d.s.w.c.WorkerServerLoadProtection:[48] - Worker OverLoad: the TotalCpuUsedPercentage: 0.849002849002849 is over then the MaxCpuUsagePercentageThresholds 0.7
[WI-0][TI-0] - [INFO] 2024-05-14 11:32:09.673 +0800 o.a.d.s.w.c.WorkerServerLoadProtection:[48] - Worker OverLoad: the TotalCpuUsedPercentage: 0.7939030765509546 is over then the MaxCpuUsagePercentageThresholds 0.7
[WI-0][TI-0] - [INFO] 2024-05-14 11:37:47.918 +0800 o.a.d.s.w.c.WorkerServerLoadProtection:[48] - Worker OverLoad: the TotalCpuUsedPercentage: 0.7015873015873015 is over then the MaxCpuUsagePercentageThresholds 0.7
[WI-0][TI-0] - [INFO] 2024-05-14 11:37:48.962 +0800 o.a.d.s.w.c.WorkerServerLoadProtection:[48] - Worker OverLoad: the TotalCpuUsedPercentage: 0.7427745664739885 is over then the MaxCpuUsagePercentageThresholds 0.7
[WI-0][TI-0] - [INFO] 2024-05-14 11:37:49.964 +0800 o.a.d.s.w.c.WorkerServerLoadProtection:[48] - Worker OverLoad: the TotalCpuUsedPercentage: 0.7556179775280898 is over then the MaxCpuUsagePercentageThresholds 0.7
[WI-0][TI-0] - [INFO] 2024-05-14 11:41:12.001 +0800 o.a.d.s.w.c.WorkerServerLoadProtection:[48] - Worker OverLoad: the TotalCpuUsedPercentage: 0.7536231884057971 is over then the MaxCpuUsagePercentageThresholds 0.7
[WI-0][TI-0] - [INFO] 2024-05-14 11:44:12.273 +0800 o.a.d.s.w.c.WorkerServerLoadProtection:[48] - Worker OverLoad: the TotalCpuUsedPercentage: 0.7976190476190476 is over then the MaxCpuUsagePercentageThresholds 0.7
[WI-0][TI-0] - [INFO] 2024-05-14 11:44:26.349 +0800 o.a.d.s.w.c.WorkerServerLoadProtection:[48] - Worker OverLoad: the TotalCpuUsedPercentage: 0.7011494252873564 is over then the MaxCpuUsagePercentageThresholds 0.7
[WI-0][TI-0] - [INFO] 2024-05-14 11:45:26.961 +0800 o.a.d.s.w.r.o.TaskInstanceDispatchOperationFunction:[53] - Receive TaskInstanceDispatchRequest: TaskInstanceDispatchRequest(taskExecutionContext=TaskExecutionContext(taskInstanceId=4014, taskName=extract_gnews_article, firstSubmitTime=1715658326946, startTime=0, taskType=PYTHON, workflowInstanceHost=172.18.0.16:5678, host=172.18.1.1:1234, executePath=null, logPath=null, appInfoPath=null, taskJson=null, processId=0, processDefineCode=13471700679104, processDefineVersion=21, appIds=null, processInstanceId=1113, scheduleTime=0, globalParams=[{"prop":"topic","direct":"IN","type":"VARCHAR","value":"'Singapore'"}], executorId=1, cmdTypeIfComplement=0, tenantCode=default, processDefineId=0, projectId=0, projectCode=13010050770016, taskParams={"localParams":[{"prop":"news_articles_param_list","direct":"OUT","type":"VARCHAR","value":""}],"rawScript":"from gnews import GNews\nfrom newspaper import Article, ArticleException\nimport json\n\n# define the topic to search by in Google News\ntopic = ${topic}\n\n# Initialize GNews client\ngoogle_news = GNews()\n\n# Fetch Google News articles for a specific topic, which is singapore related\nnews_results = google_news.get_news(topic)[:5]\n\n# List to store the relevant information about the news articles\nnews_articles = []\n\n# Process each news article\nfor news in news_results:\n    # Extract basic information from Google News\n    title = news.get('title')\n    datetime = news.get('published date')\n    url = news.get('url')\n    description = news.get('description')\n    \n    # Extract publisher information\n    publisher_info = news.get('publisher', {})\n    publisher_href = publisher_info.get('href')\n    \n    # Initialize and handle exceptions in article parsing\n    try:\n        article = Article(url)\n        article.download()\n        article.parse()\n\n        # If parsing is successful, extract authors and text\n        authors = article.authors if article.authors else \"Unknown Author\"\n        context = article.text\n\n    except ArticleException as e:\n        print(f\"Failed to download article: {e}\")  # Log the error message\n        continue\n    \n    # store the article data in a dictionary\n    article_data = {\n        'title': title,\n        'datetime': datetime,\n        'description': description,\n        'url': url,\n        'context': context,\n        'authors': authors,\n        'publisher_href': publisher_href,\n    }\n\n\n    # store the article data into the article_data list for JSON serialization\n    news_articles.append(article_data)\n\n# create a list of json strings containing the article data separated by a vertical line (|) for it to be passed as a parameter list into the dynamic node\nnews_articles_json_list = [json.dumps(i) for i in news_articles]\n\nnews_articles_param_list = '|'.join(news_articles_json_list)\n\nprint('#{setValue(news_articles_param_list=%s)}' % str(news_articles_param_list)) # important to add the str() function","resourceList":[]}, environmentConfig=export PYTHON_LAUNCHER=/bin/python3.11, definedParams=null, prepareParamsMap={GNEWS_HOME=Property{prop='GNEWS_HOME', direct=IN, type=VARCHAR, value='/local_storage/google_news'}, system.task.definition.name=Property{prop='system.task.definition.name', direct=IN, type=VARCHAR, value='extract_gnews_article'}, system.project.name=Property{prop='system.project.name', direct=IN, type=VARCHAR, value='null'}, REDDIT_HOME=Property{prop='REDDIT_HOME', direct=IN, type=VARCHAR, value='/local_storage/reddit'}, system.biz.curdate=Property{prop='system.biz.curdate', direct=IN, type=VARCHAR, value='20240514'}, system.task.instance.id=Property{prop='system.task.instance.id', direct=IN, type=VARCHAR, value='4014'}, system.task.definition.code=Property{prop='system.task.definition.code', direct=IN, type=VARCHAR, value='13471571877568'}, system.datetime=Property{prop='system.datetime', direct=IN, type=VARCHAR, value='20240514114526'}, system.project.code=Property{prop='system.project.code', direct=IN, type=VARCHAR, value='13010050770016'}, system.workflow.instance.id=Property{prop='system.workflow.instance.id', direct=IN, type=VARCHAR, value='1113'}, topic=Property{prop='topic', direct=IN, type=VARCHAR, value=''Singapore''}, system.biz.date=Property{prop='system.biz.date', direct=IN, type=VARCHAR, value='20240513'}, system.workflow.definition.name=Property{prop='system.workflow.definition.name', direct=IN, type=VARCHAR, value='extract_gnews_articles_main'}, system.workflow.definition.code=Property{prop='system.workflow.definition.code', direct=IN, type=VARCHAR, value='13471700679104'}}, taskAppId=null, taskTimeoutStrategy=null, taskTimeout=2147483647, workerGroup=default, delayTime=0, currentExecutionStatus=TaskExecutionStatus{code=0, desc='submit success'}, resourceParametersHelper=null, endTime=0, sqlTaskExecutionContext=null, k8sTaskExecutionContext=null, resourceContext=null, varPool=null, dryRun=0, paramsMap={}, dataQualityTaskExecutionContext=null, cpuQuota=-1, memoryMax=-1, testFlag=0, logBufferEnable=false, dispatchFailTimes=0))
[WI-1113][TI-4014] - [INFO] 2024-05-14 11:45:26.963 +0800 o.a.d.s.w.r.o.TaskInstanceDispatchOperationFunction:[79] - Submit task: extract_gnews_article to wait queue success
[WI-1113][TI-4014] - [INFO] 2024-05-14 11:45:26.963 +0800 o.a.d.p.t.a.l.TaskInstanceLogHeader:[1259] - ***********************************************************************************************
[WI-1113][TI-4014] - [INFO] 2024-05-14 11:45:26.966 +0800 o.a.d.p.t.a.l.TaskInstanceLogHeader:[1259] - *********************************  Initialize task context  ***********************************
[WI-1113][TI-4014] - [INFO] 2024-05-14 11:45:26.966 +0800 o.a.d.p.t.a.l.TaskInstanceLogHeader:[1259] - ***********************************************************************************************
[WI-1113][TI-4014] - [INFO] 2024-05-14 11:45:26.967 +0800 o.a.d.s.w.r.WorkerTaskExecutor:[191] - Begin to initialize task
[WI-1113][TI-4014] - [INFO] 2024-05-14 11:45:26.967 +0800 o.a.d.s.w.r.WorkerTaskExecutor:[195] - Set task startTime: 1715658326967
[WI-1113][TI-4014] - [INFO] 2024-05-14 11:45:26.968 +0800 o.a.d.s.w.r.WorkerTaskExecutor:[200] - Set task appId: 1113_4014
[WI-1113][TI-4014] - [INFO] 2024-05-14 11:45:26.972 +0800 o.a.d.s.w.r.WorkerTaskExecutor:[202] - End initialize task {
  "taskInstanceId" : 4014,
  "taskName" : "extract_gnews_article",
  "firstSubmitTime" : 1715658326946,
  "startTime" : 1715658326967,
  "taskType" : "PYTHON",
  "workflowInstanceHost" : "172.18.0.16:5678",
  "host" : "172.18.1.1:1234",
  "logPath" : "/opt/dolphinscheduler/logs/20240514/13471700679104/21/1113/4014.log",
  "processId" : 0,
  "processDefineCode" : 13471700679104,
  "processDefineVersion" : 21,
  "processInstanceId" : 1113,
  "scheduleTime" : 0,
  "globalParams" : "[{\"prop\":\"topic\",\"direct\":\"IN\",\"type\":\"VARCHAR\",\"value\":\"'Singapore'\"}]",
  "executorId" : 1,
  "cmdTypeIfComplement" : 0,
  "tenantCode" : "default",
  "processDefineId" : 0,
  "projectId" : 0,
  "projectCode" : 13010050770016,
  "taskParams" : "{\"localParams\":[{\"prop\":\"news_articles_param_list\",\"direct\":\"OUT\",\"type\":\"VARCHAR\",\"value\":\"\"}],\"rawScript\":\"from gnews import GNews\\nfrom newspaper import Article, ArticleException\\nimport json\\n\\n# define the topic to search by in Google News\\ntopic = ${topic}\\n\\n# Initialize GNews client\\ngoogle_news = GNews()\\n\\n# Fetch Google News articles for a specific topic, which is singapore related\\nnews_results = google_news.get_news(topic)[:5]\\n\\n# List to store the relevant information about the news articles\\nnews_articles = []\\n\\n# Process each news article\\nfor news in news_results:\\n    # Extract basic information from Google News\\n    title = news.get('title')\\n    datetime = news.get('published date')\\n    url = news.get('url')\\n    description = news.get('description')\\n    \\n    # Extract publisher information\\n    publisher_info = news.get('publisher', {})\\n    publisher_href = publisher_info.get('href')\\n    \\n    # Initialize and handle exceptions in article parsing\\n    try:\\n        article = Article(url)\\n        article.download()\\n        article.parse()\\n\\n        # If parsing is successful, extract authors and text\\n        authors = article.authors if article.authors else \\\"Unknown Author\\\"\\n        context = article.text\\n\\n    except ArticleException as e:\\n        print(f\\\"Failed to download article: {e}\\\")  # Log the error message\\n        continue\\n    \\n    # store the article data in a dictionary\\n    article_data = {\\n        'title': title,\\n        'datetime': datetime,\\n        'description': description,\\n        'url': url,\\n        'context': context,\\n        'authors': authors,\\n        'publisher_href': publisher_href,\\n    }\\n\\n\\n    # store the article data into the article_data list for JSON serialization\\n    news_articles.append(article_data)\\n\\n# create a list of json strings containing the article data separated by a vertical line (|) for it to be passed as a parameter list into the dynamic node\\nnews_articles_json_list = [json.dumps(i) for i in news_articles]\\n\\nnews_articles_param_list = '|'.join(news_articles_json_list)\\n\\nprint('#{setValue(news_articles_param_list=%s)}' % str(news_articles_param_list)) # important to add the str() function\",\"resourceList\":[]}",
  "environmentConfig" : "export PYTHON_LAUNCHER=/bin/python3.11",
  "prepareParamsMap" : {
    "GNEWS_HOME" : {
      "prop" : "GNEWS_HOME",
      "direct" : "IN",
      "type" : "VARCHAR",
      "value" : "/local_storage/google_news"
    },
    "system.task.definition.name" : {
      "prop" : "system.task.definition.name",
      "direct" : "IN",
      "type" : "VARCHAR",
      "value" : "extract_gnews_article"
    },
    "system.project.name" : {
      "prop" : "system.project.name",
      "direct" : "IN",
      "type" : "VARCHAR",
      "value" : null
    },
    "REDDIT_HOME" : {
      "prop" : "REDDIT_HOME",
      "direct" : "IN",
      "type" : "VARCHAR",
      "value" : "/local_storage/reddit"
    },
    "system.biz.curdate" : {
      "prop" : "system.biz.curdate",
      "direct" : "IN",
      "type" : "VARCHAR",
      "value" : "20240514"
    },
    "system.task.instance.id" : {
      "prop" : "system.task.instance.id",
      "direct" : "IN",
      "type" : "VARCHAR",
      "value" : "4014"
    },
    "system.task.definition.code" : {
      "prop" : "system.task.definition.code",
      "direct" : "IN",
      "type" : "VARCHAR",
      "value" : "13471571877568"
    },
    "system.datetime" : {
      "prop" : "system.datetime",
      "direct" : "IN",
      "type" : "VARCHAR",
      "value" : "20240514114526"
    },
    "system.project.code" : {
      "prop" : "system.project.code",
      "direct" : "IN",
      "type" : "VARCHAR",
      "value" : "13010050770016"
    },
    "system.workflow.instance.id" : {
      "prop" : "system.workflow.instance.id",
      "direct" : "IN",
      "type" : "VARCHAR",
      "value" : "1113"
    },
    "topic" : {
      "prop" : "topic",
      "direct" : "IN",
      "type" : "VARCHAR",
      "value" : "'Singapore'"
    },
    "system.biz.date" : {
      "prop" : "system.biz.date",
      "direct" : "IN",
      "type" : "VARCHAR",
      "value" : "20240513"
    },
    "system.workflow.definition.name" : {
      "prop" : "system.workflow.definition.name",
      "direct" : "IN",
      "type" : "VARCHAR",
      "value" : "extract_gnews_articles_main"
    },
    "system.workflow.definition.code" : {
      "prop" : "system.workflow.definition.code",
      "direct" : "IN",
      "type" : "VARCHAR",
      "value" : "13471700679104"
    }
  },
  "taskAppId" : "1113_4014",
  "taskTimeout" : 2147483647,
  "workerGroup" : "default",
  "delayTime" : 0,
  "currentExecutionStatus" : "SUBMITTED_SUCCESS",
  "endTime" : 0,
  "dryRun" : 0,
  "paramsMap" : { },
  "cpuQuota" : -1,
  "memoryMax" : -1,
  "testFlag" : 0,
  "logBufferEnable" : false,
  "dispatchFailTimes" : 0
}
[WI-1113][TI-4014] - [INFO] 2024-05-14 11:45:26.975 +0800 o.a.d.p.t.a.l.TaskInstanceLogHeader:[1259] - ***********************************************************************************************
[WI-1113][TI-4014] - [INFO] 2024-05-14 11:45:26.976 +0800 o.a.d.p.t.a.l.TaskInstanceLogHeader:[1259] - *********************************  Load task instance plugin  *********************************
[WI-1113][TI-4014] - [INFO] 2024-05-14 11:45:26.977 +0800 o.a.d.p.t.a.l.TaskInstanceLogHeader:[1259] - ***********************************************************************************************
[WI-1113][TI-4014] - [INFO] 2024-05-14 11:45:27.003 +0800 o.a.d.s.w.r.WorkerTaskExecutor:[209] - Send task status RUNNING_EXECUTION master: 172.18.1.1:1234
[WI-1113][TI-4014] - [INFO] 2024-05-14 11:45:27.005 +0800 o.a.d.s.w.r.WorkerTaskExecutor:[217] - TenantCode: default check successfully
[WI-1113][TI-4014] - [INFO] 2024-05-14 11:45:27.008 +0800 o.a.d.s.w.r.WorkerTaskExecutor:[220] - WorkflowInstanceExecDir: /tmp/dolphinscheduler/exec/process/default/13010050770016/13471700679104_21/1113/4014 check successfully
[WI-1113][TI-4014] - [INFO] 2024-05-14 11:45:27.009 +0800 o.a.d.s.w.r.WorkerTaskExecutor:[227] - Create TaskChannel: org.apache.dolphinscheduler.plugin.task.python.PythonTaskChannel successfully
[WI-1113][TI-4014] - [INFO] 2024-05-14 11:45:27.010 +0800 o.a.d.s.w.r.WorkerTaskExecutor:[232] - Download resources successfully: 
ResourceContext(resourceItemMap={})
[WI-1113][TI-4014] - [INFO] 2024-05-14 11:45:27.017 +0800 o.a.d.s.w.r.WorkerTaskExecutor:[235] - Download upstream files: [] successfully
[WI-1113][TI-4014] - [INFO] 2024-05-14 11:45:27.018 +0800 o.a.d.s.w.r.WorkerTaskExecutor:[239] - Task plugin instance: PYTHON create successfully
[WI-1113][TI-4014] - [INFO] 2024-05-14 11:45:27.019 +0800 o.a.d.p.t.p.PythonTask:[75] - Initialize python task params {
  "localParams" : [ {
    "prop" : "news_articles_param_list",
    "direct" : "OUT",
    "type" : "VARCHAR",
    "value" : ""
  } ],
  "varPool" : null,
  "rawScript" : "from gnews import GNews\nfrom newspaper import Article, ArticleException\nimport json\n\n# define the topic to search by in Google News\ntopic = ${topic}\n\n# Initialize GNews client\ngoogle_news = GNews()\n\n# Fetch Google News articles for a specific topic, which is singapore related\nnews_results = google_news.get_news(topic)[:5]\n\n# List to store the relevant information about the news articles\nnews_articles = []\n\n# Process each news article\nfor news in news_results:\n    # Extract basic information from Google News\n    title = news.get('title')\n    datetime = news.get('published date')\n    url = news.get('url')\n    description = news.get('description')\n    \n    # Extract publisher information\n    publisher_info = news.get('publisher', {})\n    publisher_href = publisher_info.get('href')\n    \n    # Initialize and handle exceptions in article parsing\n    try:\n        article = Article(url)\n        article.download()\n        article.parse()\n\n        # If parsing is successful, extract authors and text\n        authors = article.authors if article.authors else \"Unknown Author\"\n        context = article.text\n\n    except ArticleException as e:\n        print(f\"Failed to download article: {e}\")  # Log the error message\n        continue\n    \n    # store the article data in a dictionary\n    article_data = {\n        'title': title,\n        'datetime': datetime,\n        'description': description,\n        'url': url,\n        'context': context,\n        'authors': authors,\n        'publisher_href': publisher_href,\n    }\n\n\n    # store the article data into the article_data list for JSON serialization\n    news_articles.append(article_data)\n\n# create a list of json strings containing the article data separated by a vertical line (|) for it to be passed as a parameter list into the dynamic node\nnews_articles_json_list = [json.dumps(i) for i in news_articles]\n\nnews_articles_param_list = '|'.join(news_articles_json_list)\n\nprint('#{setValue(news_articles_param_list=%s)}' % str(news_articles_param_list)) # important to add the str() function",
  "resourceList" : [ ]
}
[WI-1113][TI-4014] - [INFO] 2024-05-14 11:45:27.020 +0800 o.a.d.s.w.r.WorkerTaskExecutor:[243] - Success initialized task plugin instance successfully
[WI-1113][TI-4014] - [INFO] 2024-05-14 11:45:27.020 +0800 o.a.d.s.w.r.WorkerTaskExecutor:[246] - Set taskVarPool: null successfully
[WI-1113][TI-4014] - [INFO] 2024-05-14 11:45:27.020 +0800 o.a.d.p.t.a.l.TaskInstanceLogHeader:[1259] - ***********************************************************************************************
[WI-1113][TI-4014] - [INFO] 2024-05-14 11:45:27.020 +0800 o.a.d.p.t.a.l.TaskInstanceLogHeader:[1259] - *********************************  Execute task instance  *************************************
[WI-1113][TI-4014] - [INFO] 2024-05-14 11:45:27.020 +0800 o.a.d.p.t.a.l.TaskInstanceLogHeader:[1259] - ***********************************************************************************************
[WI-1113][TI-4014] - [INFO] 2024-05-14 11:45:27.021 +0800 o.a.d.p.t.p.PythonTask:[165] - raw python script : from gnews import GNews
from newspaper import Article, ArticleException
import json

# define the topic to search by in Google News
topic = ${topic}

# Initialize GNews client
google_news = GNews()

# Fetch Google News articles for a specific topic, which is singapore related
news_results = google_news.get_news(topic)[:5]

# List to store the relevant information about the news articles
news_articles = []

# Process each news article
for news in news_results:
    # Extract basic information from Google News
    title = news.get('title')
    datetime = news.get('published date')
    url = news.get('url')
    description = news.get('description')
    
    # Extract publisher information
    publisher_info = news.get('publisher', {})
    publisher_href = publisher_info.get('href')
    
    # Initialize and handle exceptions in article parsing
    try:
        article = Article(url)
        article.download()
        article.parse()

        # If parsing is successful, extract authors and text
        authors = article.authors if article.authors else "Unknown Author"
        context = article.text

    except ArticleException as e:
        print(f"Failed to download article: {e}")  # Log the error message
        continue
    
    # store the article data in a dictionary
    article_data = {
        'title': title,
        'datetime': datetime,
        'description': description,
        'url': url,
        'context': context,
        'authors': authors,
        'publisher_href': publisher_href,
    }


    # store the article data into the article_data list for JSON serialization
    news_articles.append(article_data)

# create a list of json strings containing the article data separated by a vertical line (|) for it to be passed as a parameter list into the dynamic node
news_articles_json_list = [json.dumps(i) for i in news_articles]

news_articles_param_list = '|'.join(news_articles_json_list)

print('#{setValue(news_articles_param_list=%s)}' % str(news_articles_param_list)) # important to add the str() function
[WI-1113][TI-4014] - [INFO] 2024-05-14 11:45:27.021 +0800 o.a.d.p.t.p.PythonTask:[131] - tenantCode :default, task dir:/tmp/dolphinscheduler/exec/process/default/13010050770016/13471700679104_21/1113/4014
[WI-1113][TI-4014] - [INFO] 2024-05-14 11:45:27.021 +0800 o.a.d.p.t.p.PythonTask:[134] - generate python script file:/tmp/dolphinscheduler/exec/process/default/13010050770016/13471700679104_21/1113/4014/py_1113_4014.py
[WI-1113][TI-4014] - [INFO] 2024-05-14 11:45:27.022 +0800 o.a.d.p.t.p.PythonTask:[141] - #-*- encoding=utf8 -*-

from gnews import GNews
from newspaper import Article, ArticleException
import json

# define the topic to search by in Google News
topic = 'Singapore'

# Initialize GNews client
google_news = GNews()

# Fetch Google News articles for a specific topic, which is singapore related
news_results = google_news.get_news(topic)[:5]

# List to store the relevant information about the news articles
news_articles = []

# Process each news article
for news in news_results:
    # Extract basic information from Google News
    title = news.get('title')
    datetime = news.get('published date')
    url = news.get('url')
    description = news.get('description')
    
    # Extract publisher information
    publisher_info = news.get('publisher', {})
    publisher_href = publisher_info.get('href')
    
    # Initialize and handle exceptions in article parsing
    try:
        article = Article(url)
        article.download()
        article.parse()

        # If parsing is successful, extract authors and text
        authors = article.authors if article.authors else "Unknown Author"
        context = article.text

    except ArticleException as e:
        print(f"Failed to download article: {e}")  # Log the error message
        continue
    
    # store the article data in a dictionary
    article_data = {
        'title': title,
        'datetime': datetime,
        'description': description,
        'url': url,
        'context': context,
        'authors': authors,
        'publisher_href': publisher_href,
    }


    # store the article data into the article_data list for JSON serialization
    news_articles.append(article_data)

# create a list of json strings containing the article data separated by a vertical line (|) for it to be passed as a parameter list into the dynamic node
news_articles_json_list = [json.dumps(i) for i in news_articles]

news_articles_param_list = '|'.join(news_articles_json_list)

print('#{setValue(news_articles_param_list=%s)}' % str(news_articles_param_list)) # important to add the str() function
[WI-1113][TI-4014] - [INFO] 2024-05-14 11:45:27.024 +0800 o.a.d.p.t.a.s.BaseLinuxShellInterceptorBuilder:[64] - Final Shell file is: 
[WI-1113][TI-4014] - [INFO] 2024-05-14 11:45:27.025 +0800 o.a.d.p.t.a.s.BaseLinuxShellInterceptorBuilder:[65] - ****************************** Script Content *****************************************************************
[WI-1113][TI-4014] - [INFO] 2024-05-14 11:45:27.025 +0800 o.a.d.p.t.a.s.BaseLinuxShellInterceptorBuilder:[67] - #!/bin/bash
BASEDIR=$(cd `dirname $0`; pwd)
cd $BASEDIR
export PYTHON_LAUNCHER=/bin/python3.11
${PYTHON_LAUNCHER} /tmp/dolphinscheduler/exec/process/default/13010050770016/13471700679104_21/1113/4014/py_1113_4014.py
[WI-1113][TI-4014] - [INFO] 2024-05-14 11:45:27.025 +0800 o.a.d.p.t.a.s.BaseLinuxShellInterceptorBuilder:[68] - ****************************** Script Content *****************************************************************
[WI-1113][TI-4014] - [INFO] 2024-05-14 11:45:27.025 +0800 o.a.d.p.t.a.s.BaseShellInterceptor:[46] - Executing shell command : sudo -u default -i /tmp/dolphinscheduler/exec/process/default/13010050770016/13471700679104_21/1113/4014/1113_4014.sh
[WI-1113][TI-4014] - [INFO] 2024-05-14 11:45:27.030 +0800 o.a.d.p.t.a.AbstractCommandExecutor:[154] - process start, process id is: 1187
[WI-0][TI-4014] - [INFO] 2024-05-14 11:45:27.430 +0800 o.a.d.s.w.r.l.TaskInstanceExecutionRunningEventAckListenFunction:[44] - Receive TaskInstanceExecutionRunningEventAck: TaskInstanceExecutionRunningEventAck(taskInstanceId=4014, success=true)
[WI-0][TI-4014] - [INFO] 2024-05-14 11:45:27.439 +0800 o.a.d.s.w.r.l.TaskInstanceExecutionInfoEventAckListenFunction:[45] - Receive TaskInstanceExecutionInfoEventAck: TaskInstanceExecutionInfoEventAck(success=true, taskInstanceId=4014)
[WI-0][TI-0] - [INFO] 2024-05-14 11:45:28.035 +0800 o.a.d.p.t.a.AbstractTask:[169] -  -> 
	sudo: unable to change directory to /home/default: No such file or directory
[WI-0][TI-0] - [INFO] 2024-05-14 11:45:29.838 +0800 o.a.d.s.w.c.WorkerServerLoadProtection:[48] - Worker OverLoad: the TotalCpuUsedPercentage: 0.7067448680351907 is over then the MaxCpuUsagePercentageThresholds 0.7
[WI-0][TI-0] - [INFO] 2024-05-14 11:45:34.906 +0800 o.a.d.s.w.c.WorkerServerLoadProtection:[48] - Worker OverLoad: the TotalCpuUsedPercentage: 0.7850657427149964 is over then the MaxCpuUsagePercentageThresholds 0.7
[WI-0][TI-0] - [INFO] 2024-05-14 11:45:35.944 +0800 o.a.d.s.w.c.WorkerServerLoadProtection:[48] - Worker OverLoad: the TotalCpuUsedPercentage: 0.8348082595870207 is over then the MaxCpuUsagePercentageThresholds 0.7
[WI-0][TI-0] - [INFO] 2024-05-14 11:45:36.945 +0800 o.a.d.s.w.c.WorkerServerLoadProtection:[48] - Worker OverLoad: the TotalCpuUsedPercentage: 0.8253968253968254 is over then the MaxCpuUsagePercentageThresholds 0.7
[WI-0][TI-0] - [INFO] 2024-05-14 11:45:37.950 +0800 o.a.d.s.w.c.WorkerServerLoadProtection:[48] - Worker OverLoad: the TotalCpuUsedPercentage: 0.8545994065281899 is over then the MaxCpuUsagePercentageThresholds 0.7
[WI-0][TI-0] - [INFO] 2024-05-14 11:45:43.014 +0800 o.a.d.s.w.c.WorkerServerLoadProtection:[48] - Worker OverLoad: the TotalCpuUsedPercentage: 0.7469879518072289 is over then the MaxCpuUsagePercentageThresholds 0.7
[WI-0][TI-0] - [INFO] 2024-05-14 11:45:45.085 +0800 o.a.d.s.w.c.WorkerServerLoadProtection:[48] - Worker OverLoad: the TotalCpuUsedPercentage: 0.7625698324022347 is over then the MaxCpuUsagePercentageThresholds 0.7
[WI-0][TI-0] - [INFO] 2024-05-14 11:45:48.088 +0800 o.a.d.p.t.a.AbstractTask:[169] -  -> 
	Failed to download article: Article `download()` failed with 401 Client Error: HTTP Forbidden for url: https://www.reuters.com/world/asia-pacific/singapores-incoming-pm-wong-appoints-new-deputy-pm-minor-reshuffle-2024-05-13/ on URL https://news.google.com/rss/articles/CBMieWh0dHBzOi8vd3d3LnJldXRlcnMuY29tL3dvcmxkL2FzaWEtcGFjaWZpYy9zaW5nYXBvcmVzLWluY29taW5nLXBtLXdvbmctYXBwb2ludHMtbmV3LWRlcHV0eS1wbS1taW5vci1yZXNodWZmbGUtMjAyNC0wNS0xMy_SAQA?oc=5&hl=en-SG&gl=SG&ceid=SG:en
	#{setValue(news_articles_param_list={"title": "Singapore has achieved astounding economic success - The Economist", "datetime": "Wed, 08 May 2024 10:58:08 GMT", "description": "Singapore has achieved astounding economic success  The EconomistLawrence Wong set to take centre stage as Singapore\u2019s new prime minister  Al Jazeera EnglishSingapore's New PM Faces Some Economic Headwinds  Bloomberg", "url": "https://news.google.com/rss/articles/CBMiXGh0dHBzOi8vd3d3LmVjb25vbWlzdC5jb20vYXNpYS8yMDI0LzA1LzA4L3NpbmdhcG9yZS1oYXMtYWNoaWV2ZWQtYXN0b3VuZGluZy1lY29ub21pYy1zdWNjZXNz0gEA?oc=5&hl=en-SG&gl=SG&ceid=SG:en", "context": "S ince its independence almost 60 years ago, Singapore has become a beacon of prosperity. In a part of the world where middle-income status is the norm, the city-state is now the richest country for many thousands of miles in any direction. At around $88,000, its GDP per person has doubled in real terms over the past 20 years. At the moment of its independence in 1965, the country was poorer on the same basis than South Africa or Jordan.\n\nBut as the world looks at globalisation with increasing scepticism, balancing Singapore\u2019s domestic politics against its role as a global city will become trickier. \u201cThe established norms are eroding,\u201d says Lawrence Wong, Singapore\u2019s incoming prime minister, speaking to The Economist on May 6th. \u201cPeople are searching for new bearings, but the new order is not yet established. I think it will be messy for quite a few years, maybe a decade or longer.\u201d", "authors": "Unknown Author", "publisher_href": "https://www.economist.com"}|{"title": "'I'm a Singaporean, not Chinese': TikTok video by Chinese tourist triggers debate in city-state - WION", "datetime": "Sat, 11 May 2024 10:42:31 GMT", "description": "'I'm a Singaporean, not Chinese': TikTok video by Chinese tourist triggers debate in city-state  WION", "url": "https://news.google.com/rss/articles/CBMifWh0dHBzOi8vd3d3Lndpb25ld3MuY29tL3dvcmxkL2ltLXNpbmdhcG9yZWFuLW5vdC1jaGluZXNlLXRpa3Rvay12aWRlby1ieS1jaGluZXNlLXRvdXJpc3QtdHJpZ2dlcnMtZGViYXRlLWluLWNpdHktc3RhdGUtNzIwMzk00gEA?oc=5&hl=en-SG&gl=SG&ceid=SG:en", "context": "Recently, a Chinese tourist came to Singapore and criticised Chinese Singaporeans for not being able to speak Mandarin. He also complained about local trains not having signs in Chinese language. Soon after, his video went viral on the social media platform TikTok, where the majority of locals warned him against conflating two different identities.\n\nSimilarly, another user, who is from China, shared a video showing how people in Singapore might have \u201cforgotten their culture\u201d. He also revealed he was shocked to learn that Singaporeans were cold on being considered \u201ccompatriots\u201d with mainlanders.\n\nNow, clips are being shared online highlighting Singaporeans' frustration over being called Chinese.\n\nOne user commented on the video and said, \"Singaporean Chinese admit they are Chinese. They just hate [for] people to think they are from China.\u201d\n\nAnother user added how people in Singapore wanted to disassociate themselves from the Chinese because of their \"bad habits\".\n\n\u201cChinese nationals travelling and visiting places no doubt created a bad image for themselves, such as: talking loudly, [having] no manners and bad habits,\u201d he said.\n\nThe majority of the population in Singapore is ethnically Chinese. The population of 4 million compromises 74 per cent Chinese, 13 per cent Malays and 9 per cent Indians.\n\nAccording to experts, Singapore suffers from this identity crisis and the debate of being Chinese vs Singaporean is not new.\n\n\u201cFor a long time, Singapore has been confused as being a part of China and that comes mainly from Europe and North American societies \u2026 That primarily is because the two share a significant similarity in heritage and Singapore being a majority-Chinese country, so there is that tendency to perceive it as an allegiance,\u201d Leong Chan-Hoong, a senior fellow for social cohesion research at the Nanyang Technological University\u2019s S. Rajaratnam School of International Studies, was quoted as saying by South China Morning Post.\n\nThis debate has also annoyed some Singaporean lawmakers, one of whom said in the parliament last month that the cultural ties between the two nations \"should not be the only way to view relations between both sides.\"\n\n\u201cSingaporeans are citizens of an independent country, but may also identify culturally with being ethnically Chinese, Malay, Indian or others. National identity and cultural identity are two different matters,\u201d Sim Ann, a senior minister of state in Singapore\u2019s Ministry of Foreign Affairs, had said.\n\n(With inputs from agencies)", "authors": ["Vikrant Singh"], "publisher_href": "https://www.wionews.com"}|{"title": "Malaysia's Johor eyes Shenzhen-style hub with Singapore, report says - The Japan Times", "datetime": "Mon, 13 May 2024 06:21:00 GMT", "description": "Malaysia's Johor eyes Shenzhen-style hub with Singapore, report says  The Japan Times", "url": "https://news.google.com/rss/articles/CBMiUWh0dHBzOi8vd3d3LmphcGFudGltZXMuY28uanAvYnVzaW5lc3MvMjAyNC8wNS8xMy9tYWxheXNpYS1zaGVuemhlbi1odWItc2luZ2Fwb3JlL9IBAA?oc=5&hl=en-SG&gl=SG&ceid=SG:en", "context": "Malaysia\u2019s Johor state is proposing its economic and petrochemical hubs as the sites for a special zone with neighbor Singapore, as it aims to become the \"Shenzhen of Southeast Asia,\" according to a report in the Star.\n\nThe suggested area will comprise Iskandar Malaysia and Pengerang on the east coast of the state, Johor Menteri Besar Onn Hafiz Ghazi was cited as saying at the state assembly on Sunday. If approved, the Johor-Singapore Special Economic Zone would be nearly twice the size of China\u2019s Shenzhen at 3,505 square kilometers.\n\nBoth countries had agreed in January to set up the zone, and Malaysia plans to finalize and sign a pact by the end of year, according to Onn Hafiz. Official engagements with Singapore on the economic zone is expected to begin in June, he added.\n\nThe special economic zone could turn Johor into Southeast Asia\u2019s Shenzhen, the report cited Onn Hafiz as saying, noting the similarities between the geographical makeup of the regions. Johor is also proposing 16 economic sectors as part of the zone, including electrical and electronics, manufacturing, healthcare and tourism, he said.\n\nIskandar Malaysia is a 2,217 square kilometer economic corridor established in 2006 which covers most of Johor\u2019s strategic infrastructure and real estate projects. That includes the Johor Bahru city center and Country Garden\u2019s struggling $100 billion megacity Forest City.\n\nPengerang is home to the Pengerang Integrated Petroleum Complex, a major petrochemical facility that includes the Pengerang Energy Complex being developed by Singapore\u2019s ChemOne Holdings.", "authors": ["Ram Anand", "Anuradha Raghu", "Ram Anand Anuradha Raghu"], "publisher_href": "https://www.japantimes.co.jp"}|{"title": "Singapore's incoming PM makes minor cabinet reshuffle, seeks 'continuity and stability' - Yahoo! Voices", "datetime": "Mon, 13 May 2024 12:04:09 GMT", "description": "Singapore's incoming PM makes minor cabinet reshuffle, seeks 'continuity and stability'  Yahoo! Voices", "url": "https://news.google.com/rss/articles/CBMiTmh0dHBzOi8vd3d3LnlhaG9vLmNvbS9uZXdzL3NpbmdhcG9yZXMtaW5jb21pbmctcG0td29uZy1hcHBvaW50cy0xMDIxMzU4NjAuaHRtbNIBAA?oc=5&hl=en-SG&gl=SG&ceid=SG:en", "context": "By Xinghui Kok\n\nSINGAPORE (Reuters) - Singapore's incoming prime minister Lawrence Wong appointed a new deputy premier in a minor reshuffle of the cabinet on Monday, as he gears up to become the city-state's fourth leader since its independence six decades ago.\n\nTrade Minister Gan Kim Yong was given the additional role of deputy prime minister, one of two in Wong's cabinet, according to the prime minister's office. Gan, 65, will also take Wong's job as chair of the board of the Monetary Authority of Singapore (MAS), the central bank said.\n\nWong will retain the finance portfolio and takes over on Wednesday from 72-year-old Prime Minister Lee Hsien Loong. Lee, the son of the founding father of modern Singapore Lee Kuan Yew, will remain in cabinet as senior minister, in accordance with tradition.\n\n\"Continuity and stability are key considerations, especially as we are approaching the end of this term of government,\" Wong told a press conference attended by local media.\n\nThe reshuffle was minor and included the promotion of several junior ministers plus the appointed of two parliamentary backbenchers to junior ministerial positions.\n\nSingapore must hold its next general election by November 2025, at which Wong will lead the People's Action Party (PAP), which has ruled the wealthy city-state since 1959.\n\nWong is among 15 senior PAP members referred to locally as 4G leaders, a fourth generation that was hand-picked to succeed Lee and his cabinet for a carefully calibrated transition of power in the Asian financial hub.\n\nWong has said he would make bigger changes to his cabinet after the election.\n\nMajor cabinet reshuffles are infrequent in Singapore. The last significant shakeup came in April 2021, after Lee's anointed successor Heng Swee Keat ruled himself out of Singapore's top job.\n\nWong took over in the finance portfolio and other key next-generation leaders were also given fresh portfolios.\n\nHeng, who has been deputy prime minister since 2019, will remain in the post serving under Wong.\n\n(Reporting by Xinghui Kok; Editing by Martin Petty)", "authors": ["Xinghui Kok"], "publisher_href": "https://www.yahoo.com"})}
[WI-1113][TI-4014] - [INFO] 2024-05-14 11:45:48.093 +0800 o.a.d.p.t.a.AbstractCommandExecutor:[204] - process has exited. execute path:/tmp/dolphinscheduler/exec/process/default/13010050770016/13471700679104_21/1113/4014, processId:1187 ,exitStatusCode:0 ,processWaitForStatus:true ,processExitValue:0
[WI-1113][TI-4014] - [INFO] 2024-05-14 11:45:48.095 +0800 o.a.d.p.t.a.l.TaskInstanceLogHeader:[1259] - ***********************************************************************************************
[WI-1113][TI-4014] - [INFO] 2024-05-14 11:45:48.098 +0800 o.a.d.p.t.a.l.TaskInstanceLogHeader:[1259] - *********************************  Finalize task instance  ************************************
[WI-1113][TI-4014] - [INFO] 2024-05-14 11:45:48.098 +0800 o.a.d.p.t.a.l.TaskInstanceLogHeader:[1259] - ***********************************************************************************************
[WI-1113][TI-4014] - [INFO] 2024-05-14 11:45:48.101 +0800 o.a.d.s.w.r.WorkerTaskExecutor:[289] - Upload output files: [] successfully
[WI-1113][TI-4014] - [INFO] 2024-05-14 11:45:48.117 +0800 o.a.d.s.w.r.WorkerTaskExecutor:[294] - Send task execute status: SUCCESS to master : 172.18.1.1:1234
[WI-1113][TI-4014] - [INFO] 2024-05-14 11:45:48.118 +0800 o.a.d.s.w.r.WorkerTaskExecutor:[111] - Remove the current task execute context from worker cache
[WI-1113][TI-4014] - [INFO] 2024-05-14 11:45:48.118 +0800 o.a.d.s.w.r.WorkerTaskExecutor:[301] - The current execute mode isn't develop mode, will clear the task execute file: /tmp/dolphinscheduler/exec/process/default/13010050770016/13471700679104_21/1113/4014
[WI-1113][TI-4014] - [INFO] 2024-05-14 11:45:48.119 +0800 o.a.d.s.w.r.WorkerTaskExecutor:[316] - Success clear the task execute file: /tmp/dolphinscheduler/exec/process/default/13010050770016/13471700679104_21/1113/4014
[WI-1113][TI-4014] - [INFO] 2024-05-14 11:45:48.119 +0800 o.a.d.s.w.r.WorkerTaskExecutor:[342] - FINALIZE_SESSION
[WI-0][TI-4014] - [INFO] 2024-05-14 11:45:48.587 +0800 o.a.d.s.w.r.l.TaskInstanceExecutionFinishEventAckListenFunction:[44] - Receive TaskInstanceExecutionFinishEventAck: TaskInstanceExecutionFinishEventAck(taskInstanceId=4014, success=true)
[WI-0][TI-0] - [INFO] 2024-05-14 11:45:50.118 +0800 o.a.d.s.w.c.WorkerServerLoadProtection:[48] - Worker OverLoad: the TotalCpuUsedPercentage: 0.946927374301676 is over then the MaxCpuUsagePercentageThresholds 0.7
[WI-0][TI-0] - [INFO] 2024-05-14 11:45:56.154 +0800 o.a.d.s.w.c.WorkerServerLoadProtection:[48] - Worker OverLoad: the TotalCpuUsedPercentage: 0.7039106145251397 is over then the MaxCpuUsagePercentageThresholds 0.7
[WI-0][TI-0] - [INFO] 2024-05-14 11:55:38.294 +0800 o.a.d.s.w.c.WorkerServerLoadProtection:[48] - Worker OverLoad: the TotalCpuUsedPercentage: 0.7687861271676301 is over then the MaxCpuUsagePercentageThresholds 0.7
[WI-0][TI-0] - [INFO] 2024-05-14 11:55:46.354 +0800 o.a.d.s.w.c.WorkerServerLoadProtection:[48] - Worker OverLoad: the TotalCpuUsedPercentage: 0.8023952095808384 is over then the MaxCpuUsagePercentageThresholds 0.7
[WI-0][TI-0] - [INFO] 2024-05-14 11:55:47.435 +0800 o.a.d.s.w.c.WorkerServerLoadProtection:[48] - Worker OverLoad: the TotalCpuUsedPercentage: 0.9090909090909092 is over then the MaxCpuUsagePercentageThresholds 0.7
[WI-0][TI-0] - [INFO] 2024-05-14 11:55:49.507 +0800 o.a.d.s.w.c.WorkerServerLoadProtection:[48] - Worker OverLoad: the TotalCpuUsedPercentage: 0.8303660270078181 is over then the MaxCpuUsagePercentageThresholds 0.7
[WI-0][TI-0] - [INFO] 2024-05-14 11:55:52.571 +0800 o.a.d.s.w.c.WorkerServerLoadProtection:[48] - Worker OverLoad: the TotalCpuUsedPercentage: 0.7831715210355987 is over then the MaxCpuUsagePercentageThresholds 0.7
[WI-0][TI-0] - [INFO] 2024-05-14 11:55:57.641 +0800 o.a.d.s.w.c.WorkerServerLoadProtection:[48] - Worker OverLoad: the TotalCpuUsedPercentage: 0.7870181019465272 is over then the MaxCpuUsagePercentageThresholds 0.7
[WI-0][TI-0] - [INFO] 2024-05-14 11:56:01.702 +0800 o.a.d.s.w.c.WorkerServerLoadProtection:[48] - Worker OverLoad: the TotalCpuUsedPercentage: 0.7050147492625368 is over then the MaxCpuUsagePercentageThresholds 0.7
[WI-0][TI-0] - [INFO] 2024-05-14 11:56:02.752 +0800 o.a.d.s.w.c.WorkerServerLoadProtection:[48] - Worker OverLoad: the TotalCpuUsedPercentage: 0.8680351906158357 is over then the MaxCpuUsagePercentageThresholds 0.7
[WI-0][TI-0] - [INFO] 2024-05-14 11:56:06.783 +0800 o.a.d.s.w.c.WorkerServerLoadProtection:[48] - Worker OverLoad: the TotalCpuUsedPercentage: 0.7578347578347578 is over then the MaxCpuUsagePercentageThresholds 0.7
[WI-0][TI-0] - [INFO] 2024-05-14 11:58:48.799 +0800 o.a.d.s.w.c.WorkerServerLoadProtection:[48] - Worker OverLoad: the TotalCpuUsedPercentage: 0.7183098591549296 is over then the MaxCpuUsagePercentageThresholds 0.7
