[INFO] 2024-04-18 17:04:00.060 +0800 o.a.d.a.c.TaskTypeConfiguration:[75] - support default universal task types: [SHELL, JAVA, PYTHON, PROCEDURE, SQL, SPARK, FLINK, HTTP, MR, DINKY, FLINK_STREAM, HIVECLI, REMOTESHELL]
[INFO] 2024-04-18 17:04:00.065 +0800 o.a.d.a.c.TaskTypeConfiguration:[76] - support default cloud task types: [EMR, K8S, DMS, DATA_FACTORY]
[INFO] 2024-04-18 17:04:00.072 +0800 o.a.d.a.c.TaskTypeConfiguration:[77] - support default logic task types: [SUB_PROCESS, DEPENDENT, CONDITIONS, SWITCH, DYNAMIC]
[INFO] 2024-04-18 17:04:00.072 +0800 o.a.d.a.c.TaskTypeConfiguration:[78] - support default dataIntegration task types: [SEATUNNEL, DATAX, SQOOP]
[INFO] 2024-04-18 17:04:00.073 +0800 o.a.d.a.c.TaskTypeConfiguration:[79] - support default dataQuality task types: [DATA_QUALITY]
[INFO] 2024-04-18 17:04:00.073 +0800 o.a.d.a.c.TaskTypeConfiguration:[80] - support default machineLearning task types: [JUPYTER, MLFLOW, OPENMLDB, DVC, SAGEMAKER, PYTORCH, KUBEFLOW]
[INFO] 2024-04-18 17:04:00.074 +0800 o.a.d.a.c.TaskTypeConfiguration:[81] - support default other task types: [PIGEON, ZEPPELIN, CHUNJUN, DATASYNC, LINKIS]
[WARN] 2024-04-18 17:46:58.062 +0800 o.s.c.k.c.p.AbstractKubernetesProfileEnvironmentPostProcessor:[258] - Not running inside kubernetes. Skipping 'kubernetes' profile activation.
[WARN] 2024-04-18 17:47:08.037 +0800 o.s.c.k.c.p.AbstractKubernetesProfileEnvironmentPostProcessor:[258] - Not running inside kubernetes. Skipping 'kubernetes' profile activation.
[INFO] 2024-04-18 17:47:08.073 +0800 o.a.d.a.ApiApplicationServer:[640] - The following 1 profile is active: "postgresql"
[INFO] 2024-04-18 17:47:37.697 +0800 o.s.c.c.s.GenericScope:[283] - BeanFactory id=b9ea3c4b-94e1-3be4-b636-a78d78ec03d8
[INFO] 2024-04-18 17:47:44.943 +0800 o.s.c.s.PostProcessorRegistrationDelegate$BeanPostProcessorChecker:[376] - Bean 'io.kubernetes.client.spring.extended.manifests.config.KubernetesManifestsAutoConfiguration' of type [io.kubernetes.client.spring.extended.manifests.config.KubernetesManifestsAutoConfiguration] is not eligible for getting processed by all BeanPostProcessors (for example: not eligible for auto-proxying)
[INFO] 2024-04-18 17:47:45.162 +0800 o.s.c.s.PostProcessorRegistrationDelegate$BeanPostProcessorChecker:[376] - Bean 'org.springframework.cloud.commons.config.CommonsConfigAutoConfiguration' of type [org.springframework.cloud.commons.config.CommonsConfigAutoConfiguration] is not eligible for getting processed by all BeanPostProcessors (for example: not eligible for auto-proxying)
[INFO] 2024-04-18 17:47:45.232 +0800 o.s.c.s.PostProcessorRegistrationDelegate$BeanPostProcessorChecker:[376] - Bean 'org.springframework.cloud.client.loadbalancer.LoadBalancerDefaultMappingsProviderAutoConfiguration' of type [org.springframework.cloud.client.loadbalancer.LoadBalancerDefaultMappingsProviderAutoConfiguration] is not eligible for getting processed by all BeanPostProcessors (for example: not eligible for auto-proxying)
[INFO] 2024-04-18 17:47:45.254 +0800 o.s.c.s.PostProcessorRegistrationDelegate$BeanPostProcessorChecker:[376] - Bean 'loadBalancerClientsDefaultsMappingsProvider' of type [org.springframework.cloud.client.loadbalancer.LoadBalancerDefaultMappingsProviderAutoConfiguration$$Lambda$451/1131905905] is not eligible for getting processed by all BeanPostProcessors (for example: not eligible for auto-proxying)
[INFO] 2024-04-18 17:47:45.291 +0800 o.s.c.s.PostProcessorRegistrationDelegate$BeanPostProcessorChecker:[376] - Bean 'defaultsBindHandlerAdvisor' of type [org.springframework.cloud.commons.config.DefaultsBindHandlerAdvisor] is not eligible for getting processed by all BeanPostProcessors (for example: not eligible for auto-proxying)
[INFO] 2024-04-18 17:47:45.334 +0800 o.s.c.s.PostProcessorRegistrationDelegate$BeanPostProcessorChecker:[376] - Bean 'kubernetes.manifests-io.kubernetes.client.spring.extended.manifests.config.KubernetesManifestsProperties' of type [io.kubernetes.client.spring.extended.manifests.config.KubernetesManifestsProperties] is not eligible for getting processed by all BeanPostProcessors (for example: not eligible for auto-proxying)
[INFO] 2024-04-18 17:47:45.464 +0800 o.s.c.s.PostProcessorRegistrationDelegate$BeanPostProcessorChecker:[376] - Bean 'io.kubernetes.client.spring.extended.controller.config.KubernetesInformerAutoConfiguration' of type [io.kubernetes.client.spring.extended.controller.config.KubernetesInformerAutoConfiguration] is not eligible for getting processed by all BeanPostProcessors (for example: not eligible for auto-proxying)
[INFO] 2024-04-18 17:47:45.631 +0800 o.s.c.s.PostProcessorRegistrationDelegate$BeanPostProcessorChecker:[376] - Bean 'defaultApiClient' of type [io.kubernetes.client.openapi.ApiClient] is not eligible for getting processed by all BeanPostProcessors (for example: not eligible for auto-proxying)
[INFO] 2024-04-18 17:47:49.347 +0800 o.e.j.u.log:[170] - Logging initialized @80132ms to org.eclipse.jetty.util.log.Slf4jLog
[INFO] 2024-04-18 17:47:54.410 +0800 o.s.b.w.e.j.JettyServletWebServerFactory:[166] - Server initialized with port: 12345
[INFO] 2024-04-18 17:47:54.683 +0800 o.e.j.s.Server:[375] - jetty-9.4.48.v20220622; built: 2022-06-21T20:42:25.880Z; git: 6b67c5719d1f4371b33655ff2d047d24e171e49a; jvm 1.8.0_402-b06
[INFO] 2024-04-18 17:47:55.213 +0800 o.e.j.s.h.C.application:[2368] - Initializing Spring embedded WebApplicationContext
[INFO] 2024-04-18 17:47:55.222 +0800 o.s.b.w.s.c.ServletWebServerApplicationContext:[292] - Root WebApplicationContext: initialization completed in 46935 ms
[INFO] 2024-04-18 17:48:07.689 +0800 o.a.d.a.c.ApiConfig:[58] - API config: auditEnable -> false 
[INFO] 2024-04-18 17:48:07.690 +0800 o.a.d.a.c.ApiConfig:[59] - API config: trafficControl -> ApiConfig.TrafficConfiguration(globalSwitch=false, maxGlobalQpsRate=300, tenantSwitch=false, defaultTenantQpsRate=10, customizeTenantQpsRate={}) 
[INFO] 2024-04-18 17:48:07.691 +0800 o.a.d.a.c.ApiConfig:[60] - API config: pythonGateway -> ApiConfig.PythonGatewayConfiguration(enabled=true, gatewayServerAddress=0.0.0.0, gatewayServerPort=25333, pythonAddress=127.0.0.1, pythonPort=25334, connectTimeout=0, readTimeout=0, authToken=jwUDzpLsNKEFER4*a8gruBH_GsAurNxU7A@Xc) 
[INFO] 2024-04-18 17:48:09.081 +0800 o.e.j.s.session:[334] - DefaultSessionIdManager workerName=node0
[INFO] 2024-04-18 17:48:09.089 +0800 o.e.j.s.session:[339] - No SessionScavenger set, using defaults
[INFO] 2024-04-18 17:48:09.123 +0800 o.e.j.s.session:[132] - node0 Scavenging every 600000ms
[INFO] 2024-04-18 17:48:09.251 +0800 o.e.j.s.h.ContextHandler:[921] - Started o.s.b.w.e.j.JettyEmbeddedWebAppContext@4c614d8c{application,/dolphinscheduler,[file:///tmp/jetty-docbase.12345.5820653223226934240/, jar:file:/opt/dolphinscheduler/libs/swagger-ui-4.11.1.jar!/META-INF/resources],AVAILABLE}
[INFO] 2024-04-18 17:48:09.252 +0800 o.e.j.s.Server:[415] - Started @100063ms
[WARN] 2024-04-18 17:51:22.055 +0800 o.s.c.k.c.p.AbstractKubernetesProfileEnvironmentPostProcessor:[258] - Not running inside kubernetes. Skipping 'kubernetes' profile activation.
[WARN] 2024-04-18 17:51:34.822 +0800 o.s.c.k.c.p.AbstractKubernetesProfileEnvironmentPostProcessor:[258] - Not running inside kubernetes. Skipping 'kubernetes' profile activation.
[INFO] 2024-04-18 17:51:34.824 +0800 o.a.d.a.ApiApplicationServer:[640] - The following 1 profile is active: "postgresql"
[INFO] 2024-04-18 17:51:59.713 +0800 o.s.c.c.s.GenericScope:[283] - BeanFactory id=b9ea3c4b-94e1-3be4-b636-a78d78ec03d8
[INFO] 2024-04-18 17:52:07.927 +0800 o.s.c.s.PostProcessorRegistrationDelegate$BeanPostProcessorChecker:[376] - Bean 'io.kubernetes.client.spring.extended.manifests.config.KubernetesManifestsAutoConfiguration' of type [io.kubernetes.client.spring.extended.manifests.config.KubernetesManifestsAutoConfiguration] is not eligible for getting processed by all BeanPostProcessors (for example: not eligible for auto-proxying)
[INFO] 2024-04-18 17:52:08.154 +0800 o.s.c.s.PostProcessorRegistrationDelegate$BeanPostProcessorChecker:[376] - Bean 'org.springframework.cloud.commons.config.CommonsConfigAutoConfiguration' of type [org.springframework.cloud.commons.config.CommonsConfigAutoConfiguration] is not eligible for getting processed by all BeanPostProcessors (for example: not eligible for auto-proxying)
[INFO] 2024-04-18 17:52:08.185 +0800 o.s.c.s.PostProcessorRegistrationDelegate$BeanPostProcessorChecker:[376] - Bean 'org.springframework.cloud.client.loadbalancer.LoadBalancerDefaultMappingsProviderAutoConfiguration' of type [org.springframework.cloud.client.loadbalancer.LoadBalancerDefaultMappingsProviderAutoConfiguration] is not eligible for getting processed by all BeanPostProcessors (for example: not eligible for auto-proxying)
[INFO] 2024-04-18 17:52:08.221 +0800 o.s.c.s.PostProcessorRegistrationDelegate$BeanPostProcessorChecker:[376] - Bean 'loadBalancerClientsDefaultsMappingsProvider' of type [org.springframework.cloud.client.loadbalancer.LoadBalancerDefaultMappingsProviderAutoConfiguration$$Lambda$451/1350518777] is not eligible for getting processed by all BeanPostProcessors (for example: not eligible for auto-proxying)
[INFO] 2024-04-18 17:52:08.324 +0800 o.s.c.s.PostProcessorRegistrationDelegate$BeanPostProcessorChecker:[376] - Bean 'defaultsBindHandlerAdvisor' of type [org.springframework.cloud.commons.config.DefaultsBindHandlerAdvisor] is not eligible for getting processed by all BeanPostProcessors (for example: not eligible for auto-proxying)
[INFO] 2024-04-18 17:52:08.399 +0800 o.s.c.s.PostProcessorRegistrationDelegate$BeanPostProcessorChecker:[376] - Bean 'kubernetes.manifests-io.kubernetes.client.spring.extended.manifests.config.KubernetesManifestsProperties' of type [io.kubernetes.client.spring.extended.manifests.config.KubernetesManifestsProperties] is not eligible for getting processed by all BeanPostProcessors (for example: not eligible for auto-proxying)
[INFO] 2024-04-18 17:52:08.604 +0800 o.s.c.s.PostProcessorRegistrationDelegate$BeanPostProcessorChecker:[376] - Bean 'io.kubernetes.client.spring.extended.controller.config.KubernetesInformerAutoConfiguration' of type [io.kubernetes.client.spring.extended.controller.config.KubernetesInformerAutoConfiguration] is not eligible for getting processed by all BeanPostProcessors (for example: not eligible for auto-proxying)
[INFO] 2024-04-18 17:52:08.828 +0800 o.s.c.s.PostProcessorRegistrationDelegate$BeanPostProcessorChecker:[376] - Bean 'defaultApiClient' of type [io.kubernetes.client.openapi.ApiClient] is not eligible for getting processed by all BeanPostProcessors (for example: not eligible for auto-proxying)
[INFO] 2024-04-18 17:52:12.668 +0800 o.e.j.u.log:[170] - Logging initialized @80695ms to org.eclipse.jetty.util.log.Slf4jLog
[INFO] 2024-04-18 17:52:16.699 +0800 o.s.b.w.e.j.JettyServletWebServerFactory:[166] - Server initialized with port: 12345
[INFO] 2024-04-18 17:52:17.130 +0800 o.e.j.s.Server:[375] - jetty-9.4.48.v20220622; built: 2022-06-21T20:42:25.880Z; git: 6b67c5719d1f4371b33655ff2d047d24e171e49a; jvm 1.8.0_402-b06
[INFO] 2024-04-18 17:52:17.936 +0800 o.e.j.s.h.C.application:[2368] - Initializing Spring embedded WebApplicationContext
[INFO] 2024-04-18 17:52:17.937 +0800 o.s.b.w.s.c.ServletWebServerApplicationContext:[292] - Root WebApplicationContext: initialization completed in 42937 ms
[INFO] 2024-04-18 17:52:29.899 +0800 o.a.d.a.c.ApiConfig:[58] - API config: auditEnable -> false 
[INFO] 2024-04-18 17:52:29.900 +0800 o.a.d.a.c.ApiConfig:[59] - API config: trafficControl -> ApiConfig.TrafficConfiguration(globalSwitch=false, maxGlobalQpsRate=300, tenantSwitch=false, defaultTenantQpsRate=10, customizeTenantQpsRate={}) 
[INFO] 2024-04-18 17:52:29.901 +0800 o.a.d.a.c.ApiConfig:[60] - API config: pythonGateway -> ApiConfig.PythonGatewayConfiguration(enabled=true, gatewayServerAddress=0.0.0.0, gatewayServerPort=25333, pythonAddress=127.0.0.1, pythonPort=25334, connectTimeout=0, readTimeout=0, authToken=jwUDzpLsNKEFER4*a8gruBH_GsAurNxU7A@Xc) 
[INFO] 2024-04-18 17:52:31.768 +0800 o.e.j.s.session:[334] - DefaultSessionIdManager workerName=node0
[INFO] 2024-04-18 17:52:31.775 +0800 o.e.j.s.session:[339] - No SessionScavenger set, using defaults
[INFO] 2024-04-18 17:52:31.803 +0800 o.e.j.s.session:[132] - node0 Scavenging every 600000ms
[INFO] 2024-04-18 17:52:31.899 +0800 o.e.j.s.h.ContextHandler:[921] - Started o.s.b.w.e.j.JettyEmbeddedWebAppContext@4a14f7d7{application,/dolphinscheduler,[file:///tmp/jetty-docbase.12345.5934815126949123571/, jar:file:/opt/dolphinscheduler/libs/swagger-ui-4.11.1.jar!/META-INF/resources],AVAILABLE}
[INFO] 2024-04-18 17:52:31.917 +0800 o.e.j.s.Server:[415] - Started @99956ms
[INFO] 2024-04-18 17:52:36.191 +0800 c.z.h.HikariDataSource:[110] - DolphinScheduler - Starting...
[INFO] 2024-04-18 17:52:37.953 +0800 c.z.h.HikariDataSource:[123] - DolphinScheduler - Start completed.
[INFO] 2024-04-18 17:52:52.208 +0800 o.a.c.f.i.CuratorFrameworkImpl:[338] - Starting
[INFO] 2024-04-18 17:52:52.411 +0800 o.a.c.f.i.CuratorFrameworkImpl:[386] - Default schema
[INFO] 2024-04-18 17:52:52.522 +0800 o.a.c.f.s.ConnectionStateManager:[252] - State change: CONNECTED
[INFO] 2024-04-18 17:52:52.695 +0800 o.a.c.f.i.EnsembleTracker:[201] - New config event received: {}
[INFO] 2024-04-18 17:52:52.698 +0800 o.a.c.f.i.EnsembleTracker:[201] - New config event received: {}
[INFO] 2024-04-18 17:52:54.463 +0800 c.a.c.i.ReflectionUtils:[542] - Unable to create MethodHandles to use Java 9+ MethodHandles.privateLookupIn. Will attempt to fallback to using the package-private constructor.
[INFO] 2024-04-18 17:52:54.539 +0800 c.a.c.i.j.JacksonVersion:[222] - Package versions: jackson-core=2.13.4, jackson-databind=2.13.4, jackson-dataformat-xml=2.13.3, jackson-datatype-jsr310=2.13.3, azure-core=1.36.0, Troubleshooting version conflicts: https://aka.ms/azsdk/java/dependency/troubleshoot
[INFO] 2024-04-18 17:53:14.020 +0800 o.q.i.StdSchedulerFactory:[1220] - Using default implementation for ThreadExecutor
[INFO] 2024-04-18 17:53:14.125 +0800 o.q.c.SchedulerSignalerImpl:[61] - Initialized Scheduler Signaller of type: class org.quartz.core.SchedulerSignalerImpl
[INFO] 2024-04-18 17:53:14.125 +0800 o.q.c.QuartzScheduler:[229] - Quartz Scheduler v.2.3.2 created.
[INFO] 2024-04-18 17:53:14.190 +0800 o.s.s.q.LocalDataSourceJobStore:[672] - Using db table-based data access locking (synchronization).
[INFO] 2024-04-18 17:53:14.200 +0800 o.s.s.q.LocalDataSourceJobStore:[145] - JobStoreCMT initialized.
[INFO] 2024-04-18 17:53:14.203 +0800 o.q.c.QuartzScheduler:[294] - Scheduler meta-data: Quartz Scheduler (v2.3.2) 'DolphinScheduler' with instanceId '6bbb067c4c161713433994030'
  Scheduler class: 'org.quartz.core.QuartzScheduler' - running locally.
  NOT STARTED.
  Currently in standby mode.
  Number of jobs executed: 0
  Using thread pool 'org.apache.dolphinscheduler.scheduler.quartz.QuartzZeroSizeThreadPool' - with 0 threads.
  Using job-store 'org.springframework.scheduling.quartz.LocalDataSourceJobStore' - which supports persistence. and is clustered.

[INFO] 2024-04-18 17:53:14.205 +0800 o.q.i.StdSchedulerFactory:[1374] - Quartz scheduler 'DolphinScheduler' initialized from an externally provided properties instance.
[INFO] 2024-04-18 17:53:14.206 +0800 o.q.i.StdSchedulerFactory:[1378] - Quartz scheduler version: 2.3.2
[INFO] 2024-04-18 17:53:14.207 +0800 o.q.c.QuartzScheduler:[2293] - JobFactory set to: org.springframework.scheduling.quartz.SpringBeanJobFactory@1ffcb4bb
[INFO] 2024-04-18 17:53:15.644 +0800 o.a.d.a.p.PythonGateway:[710] - PythonGatewayService started on: /0.0.0.0
[INFO] 2024-04-18 17:53:15.702 +0800 p.GatewayServer:[573] - Gateway Server Started
[INFO] 2024-04-18 17:53:26.304 +0800 o.s.l.c.s.AbstractContextSource:[425] - Property 'userDn' not set - anonymous context will be used for read-write operations
[INFO] 2024-04-18 17:53:28.357 +0800 o.s.b.a.e.w.EndpointLinksResolver:[58] - Exposing 3 endpoint(s) beneath base path '/actuator'
[INFO] 2024-04-18 17:53:28.719 +0800 o.e.j.s.h.C.application:[2368] - Initializing Spring DispatcherServlet 'dispatcherServlet'
[INFO] 2024-04-18 17:53:28.721 +0800 o.s.w.s.DispatcherServlet:[525] - Initializing Servlet 'dispatcherServlet'
[INFO] 2024-04-18 17:53:28.724 +0800 o.s.w.s.DispatcherServlet:[547] - Completed initialization in 2 ms
[INFO] 2024-04-18 17:53:28.765 +0800 o.e.j.s.AbstractConnector:[333] - Started ServerConnector@13714753{HTTP/1.1, (http/1.1)}{0.0.0.0:12345}
[INFO] 2024-04-18 17:53:28.770 +0800 o.s.b.w.e.j.JettyWebServer:[172] - Jetty started on port(s) 12345 (http/1.1) with context path '/dolphinscheduler'
[INFO] 2024-04-18 17:53:28.805 +0800 o.a.d.a.ApiApplicationServer:[61] - Started ApiApplicationServer in 144.936 seconds (JVM running for 156.844)
[INFO] 2024-04-18 17:53:28.827 +0800 o.a.d.a.ApiApplicationServer:[63] - Received spring application context ready event will load taskPlugin and write to DB
[INFO] 2024-04-18 17:53:28.948 +0800 o.a.d.p.t.a.TaskPluginManager:[63] - Registering task plugin: JAVA - JavaTaskChannelFactory
[INFO] 2024-04-18 17:53:28.959 +0800 o.a.d.p.t.a.TaskPluginManager:[68] - Registered task plugin: JAVA - JavaTaskChannelFactory
[INFO] 2024-04-18 17:53:28.960 +0800 o.a.d.p.t.a.TaskPluginManager:[63] - Registering task plugin: JUPYTER - JupyterTaskChannelFactory
[INFO] 2024-04-18 17:53:28.966 +0800 o.a.d.p.t.a.TaskPluginManager:[68] - Registered task plugin: JUPYTER - JupyterTaskChannelFactory
[INFO] 2024-04-18 17:53:28.967 +0800 o.a.d.p.t.a.TaskPluginManager:[63] - Registering task plugin: SPARK - SparkTaskChannelFactory
[INFO] 2024-04-18 17:53:28.974 +0800 o.a.d.p.t.a.TaskPluginManager:[68] - Registered task plugin: SPARK - SparkTaskChannelFactory
[INFO] 2024-04-18 17:53:28.975 +0800 o.a.d.p.t.a.TaskPluginManager:[63] - Registering task plugin: FLINK_STREAM - FlinkStreamTaskChannelFactory
[INFO] 2024-04-18 17:53:28.985 +0800 o.a.d.p.t.a.TaskPluginManager:[68] - Registered task plugin: FLINK_STREAM - FlinkStreamTaskChannelFactory
[INFO] 2024-04-18 17:53:28.986 +0800 o.a.d.p.t.a.TaskPluginManager:[63] - Registering task plugin: PYTHON - PythonTaskChannelFactory
[INFO] 2024-04-18 17:53:28.990 +0800 o.a.d.p.t.a.TaskPluginManager:[68] - Registered task plugin: PYTHON - PythonTaskChannelFactory
[INFO] 2024-04-18 17:53:28.992 +0800 o.a.d.p.t.a.TaskPluginManager:[63] - Registering task plugin: DATASYNC - DatasyncTaskChannelFactory
[INFO] 2024-04-18 17:53:28.996 +0800 o.a.d.p.t.a.TaskPluginManager:[68] - Registered task plugin: DATASYNC - DatasyncTaskChannelFactory
[INFO] 2024-04-18 17:53:28.997 +0800 o.a.d.p.t.a.TaskPluginManager:[63] - Registering task plugin: DATA_FACTORY - DatafactoryTaskChannelFactory
[INFO] 2024-04-18 17:53:29.000 +0800 o.a.d.p.t.a.TaskPluginManager:[68] - Registered task plugin: DATA_FACTORY - DatafactoryTaskChannelFactory
[INFO] 2024-04-18 17:53:29.001 +0800 o.a.d.p.t.a.TaskPluginManager:[63] - Registering task plugin: CHUNJUN - ChunJunTaskChannelFactory
[INFO] 2024-04-18 17:53:29.007 +0800 o.a.d.p.t.a.TaskPluginManager:[68] - Registered task plugin: CHUNJUN - ChunJunTaskChannelFactory
[INFO] 2024-04-18 17:53:29.008 +0800 o.a.d.p.t.a.TaskPluginManager:[63] - Registering task plugin: REMOTESHELL - RemoteShellTaskChannelFactory
[INFO] 2024-04-18 17:53:29.015 +0800 o.a.d.p.t.a.TaskPluginManager:[68] - Registered task plugin: REMOTESHELL - RemoteShellTaskChannelFactory
[INFO] 2024-04-18 17:53:29.015 +0800 o.a.d.p.t.a.TaskPluginManager:[63] - Registering task plugin: PIGEON - PigeonTaskChannelFactory
[INFO] 2024-04-18 17:53:29.021 +0800 o.a.d.p.t.a.TaskPluginManager:[68] - Registered task plugin: PIGEON - PigeonTaskChannelFactory
[INFO] 2024-04-18 17:53:29.022 +0800 o.a.d.p.t.a.TaskPluginManager:[63] - Registering task plugin: SHELL - ShellTaskChannelFactory
[INFO] 2024-04-18 17:53:29.026 +0800 o.a.d.p.t.a.TaskPluginManager:[68] - Registered task plugin: SHELL - ShellTaskChannelFactory
[INFO] 2024-04-18 17:53:29.027 +0800 o.a.d.p.t.a.TaskPluginManager:[63] - Registering task plugin: PROCEDURE - ProcedureTaskChannelFactory
[INFO] 2024-04-18 17:53:29.033 +0800 o.a.d.p.t.a.TaskPluginManager:[68] - Registered task plugin: PROCEDURE - ProcedureTaskChannelFactory
[INFO] 2024-04-18 17:53:29.035 +0800 o.a.d.p.t.a.TaskPluginManager:[63] - Registering task plugin: MR - MapReduceTaskChannelFactory
[INFO] 2024-04-18 17:53:29.040 +0800 o.a.d.p.t.a.TaskPluginManager:[68] - Registered task plugin: MR - MapReduceTaskChannelFactory
[INFO] 2024-04-18 17:53:29.041 +0800 o.a.d.p.t.a.TaskPluginManager:[63] - Registering task plugin: SQOOP - SqoopTaskChannelFactory
[INFO] 2024-04-18 17:53:29.047 +0800 o.a.d.p.t.a.TaskPluginManager:[68] - Registered task plugin: SQOOP - SqoopTaskChannelFactory
[INFO] 2024-04-18 17:53:29.047 +0800 o.a.d.p.t.a.TaskPluginManager:[63] - Registering task plugin: PYTORCH - PytorchTaskChannelFactory
[INFO] 2024-04-18 17:53:29.053 +0800 o.a.d.p.t.a.TaskPluginManager:[68] - Registered task plugin: PYTORCH - PytorchTaskChannelFactory
[INFO] 2024-04-18 17:53:29.055 +0800 o.a.d.p.t.a.TaskPluginManager:[63] - Registering task plugin: K8S - K8sTaskChannelFactory
[INFO] 2024-04-18 17:53:29.059 +0800 o.a.d.p.t.a.TaskPluginManager:[68] - Registered task plugin: K8S - K8sTaskChannelFactory
[INFO] 2024-04-18 17:53:29.060 +0800 o.a.d.p.t.a.TaskPluginManager:[63] - Registering task plugin: SEATUNNEL - SeatunnelTaskChannelFactory
[INFO] 2024-04-18 17:53:29.070 +0800 o.a.d.p.t.a.TaskPluginManager:[68] - Registered task plugin: SEATUNNEL - SeatunnelTaskChannelFactory
[INFO] 2024-04-18 17:53:29.071 +0800 o.a.d.p.t.a.TaskPluginManager:[63] - Registering task plugin: SAGEMAKER - SagemakerTaskChannelFactory
[INFO] 2024-04-18 17:53:29.076 +0800 o.a.d.p.t.a.TaskPluginManager:[68] - Registered task plugin: SAGEMAKER - SagemakerTaskChannelFactory
[INFO] 2024-04-18 17:53:29.077 +0800 o.a.d.p.t.a.TaskPluginManager:[63] - Registering task plugin: HTTP - HttpTaskChannelFactory
[INFO] 2024-04-18 17:53:29.087 +0800 o.a.d.p.t.a.TaskPluginManager:[68] - Registered task plugin: HTTP - HttpTaskChannelFactory
[INFO] 2024-04-18 17:53:29.088 +0800 o.a.d.p.t.a.TaskPluginManager:[63] - Registering task plugin: EMR - EmrTaskChannelFactory
[INFO] 2024-04-18 17:53:29.102 +0800 o.a.d.p.t.a.TaskPluginManager:[68] - Registered task plugin: EMR - EmrTaskChannelFactory
[INFO] 2024-04-18 17:53:29.103 +0800 o.a.d.p.t.a.TaskPluginManager:[63] - Registering task plugin: DMS - DmsTaskChannelFactory
[INFO] 2024-04-18 17:53:29.109 +0800 o.a.d.p.t.a.TaskPluginManager:[68] - Registered task plugin: DMS - DmsTaskChannelFactory
[INFO] 2024-04-18 17:53:29.110 +0800 o.a.d.p.t.a.TaskPluginManager:[63] - Registering task plugin: DATA_QUALITY - DataQualityTaskChannelFactory
[INFO] 2024-04-18 17:53:29.114 +0800 o.a.d.p.t.a.TaskPluginManager:[68] - Registered task plugin: DATA_QUALITY - DataQualityTaskChannelFactory
[INFO] 2024-04-18 17:53:29.115 +0800 o.a.d.p.t.a.TaskPluginManager:[63] - Registering task plugin: KUBEFLOW - KubeflowTaskChannelFactory
[INFO] 2024-04-18 17:53:29.119 +0800 o.a.d.p.t.a.TaskPluginManager:[68] - Registered task plugin: KUBEFLOW - KubeflowTaskChannelFactory
[INFO] 2024-04-18 17:53:29.120 +0800 o.a.d.p.t.a.TaskPluginManager:[63] - Registering task plugin: SQL - SqlTaskChannelFactory
[INFO] 2024-04-18 17:53:29.126 +0800 o.a.d.p.t.a.TaskPluginManager:[68] - Registered task plugin: SQL - SqlTaskChannelFactory
[INFO] 2024-04-18 17:53:29.127 +0800 o.a.d.p.t.a.TaskPluginManager:[63] - Registering task plugin: DVC - DvcTaskChannelFactory
[INFO] 2024-04-18 17:53:29.131 +0800 o.a.d.p.t.a.TaskPluginManager:[68] - Registered task plugin: DVC - DvcTaskChannelFactory
[INFO] 2024-04-18 17:53:29.132 +0800 o.a.d.p.t.a.TaskPluginManager:[63] - Registering task plugin: DATAX - DataxTaskChannelFactory
[INFO] 2024-04-18 17:53:29.137 +0800 o.a.d.p.t.a.TaskPluginManager:[68] - Registered task plugin: DATAX - DataxTaskChannelFactory
[INFO] 2024-04-18 17:53:29.139 +0800 o.a.d.p.t.a.TaskPluginManager:[63] - Registering task plugin: ZEPPELIN - ZeppelinTaskChannelFactory
[INFO] 2024-04-18 17:53:29.144 +0800 o.a.d.p.t.a.TaskPluginManager:[68] - Registered task plugin: ZEPPELIN - ZeppelinTaskChannelFactory
[INFO] 2024-04-18 17:53:29.147 +0800 o.a.d.p.t.a.TaskPluginManager:[63] - Registering task plugin: DINKY - DinkyTaskChannelFactory
[INFO] 2024-04-18 17:53:29.154 +0800 o.a.d.p.t.a.TaskPluginManager:[68] - Registered task plugin: DINKY - DinkyTaskChannelFactory
[INFO] 2024-04-18 17:53:29.156 +0800 o.a.d.p.t.a.TaskPluginManager:[63] - Registering task plugin: MLFLOW - MlflowTaskChannelFactory
[INFO] 2024-04-18 17:53:29.162 +0800 o.a.d.p.t.a.TaskPluginManager:[68] - Registered task plugin: MLFLOW - MlflowTaskChannelFactory
[INFO] 2024-04-18 17:53:29.163 +0800 o.a.d.p.t.a.TaskPluginManager:[63] - Registering task plugin: OPENMLDB - OpenmldbTaskChannelFactory
[INFO] 2024-04-18 17:53:29.168 +0800 o.a.d.p.t.a.TaskPluginManager:[68] - Registered task plugin: OPENMLDB - OpenmldbTaskChannelFactory
[INFO] 2024-04-18 17:53:29.169 +0800 o.a.d.p.t.a.TaskPluginManager:[63] - Registering task plugin: LINKIS - LinkisTaskChannelFactory
[INFO] 2024-04-18 17:53:29.174 +0800 o.a.d.p.t.a.TaskPluginManager:[68] - Registered task plugin: LINKIS - LinkisTaskChannelFactory
[INFO] 2024-04-18 17:53:29.174 +0800 o.a.d.p.t.a.TaskPluginManager:[63] - Registering task plugin: FLINK - FlinkTaskChannelFactory
[INFO] 2024-04-18 17:53:29.177 +0800 o.a.d.p.t.a.TaskPluginManager:[68] - Registered task plugin: FLINK - FlinkTaskChannelFactory
[INFO] 2024-04-18 17:53:29.178 +0800 o.a.d.p.t.a.TaskPluginManager:[63] - Registering task plugin: HIVECLI - HiveCliTaskChannelFactory
[INFO] 2024-04-18 17:53:29.185 +0800 o.a.d.p.t.a.TaskPluginManager:[68] - Registered task plugin: HIVECLI - HiveCliTaskChannelFactory
[INFO] 2024-04-18 17:53:29.198 +0800 o.a.d.c.u.JSONUtils:[72] - init timezone: sun.util.calendar.ZoneInfo[id="Asia/Shanghai",offset=28800000,dstSavings=0,useDaylight=false,transitions=31,lastRule=null]
