[WARN] 2024-04-25 09:24:07.096 +0800 o.s.c.k.c.p.AbstractKubernetesProfileEnvironmentPostProcessor:[258] - Not running inside kubernetes. Skipping 'kubernetes' profile activation.
[WARN] 2024-04-25 09:24:15.593 +0800 o.s.c.k.c.p.AbstractKubernetesProfileEnvironmentPostProcessor:[258] - Not running inside kubernetes. Skipping 'kubernetes' profile activation.
[INFO] 2024-04-25 09:24:15.599 +0800 o.a.d.a.ApiApplicationServer:[640] - The following 1 profile is active: "postgresql"
[INFO] 2024-04-25 09:24:27.653 +0800 o.s.c.c.s.GenericScope:[283] - BeanFactory id=b9ea3c4b-94e1-3be4-b636-a78d78ec03d8
[INFO] 2024-04-25 09:24:30.234 +0800 o.s.c.s.PostProcessorRegistrationDelegate$BeanPostProcessorChecker:[376] - Bean 'io.kubernetes.client.spring.extended.manifests.config.KubernetesManifestsAutoConfiguration' of type [io.kubernetes.client.spring.extended.manifests.config.KubernetesManifestsAutoConfiguration] is not eligible for getting processed by all BeanPostProcessors (for example: not eligible for auto-proxying)
[INFO] 2024-04-25 09:24:30.453 +0800 o.s.c.s.PostProcessorRegistrationDelegate$BeanPostProcessorChecker:[376] - Bean 'org.springframework.cloud.commons.config.CommonsConfigAutoConfiguration' of type [org.springframework.cloud.commons.config.CommonsConfigAutoConfiguration] is not eligible for getting processed by all BeanPostProcessors (for example: not eligible for auto-proxying)
[INFO] 2024-04-25 09:24:30.544 +0800 o.s.c.s.PostProcessorRegistrationDelegate$BeanPostProcessorChecker:[376] - Bean 'org.springframework.cloud.client.loadbalancer.LoadBalancerDefaultMappingsProviderAutoConfiguration' of type [org.springframework.cloud.client.loadbalancer.LoadBalancerDefaultMappingsProviderAutoConfiguration] is not eligible for getting processed by all BeanPostProcessors (for example: not eligible for auto-proxying)
[INFO] 2024-04-25 09:24:30.551 +0800 o.s.c.s.PostProcessorRegistrationDelegate$BeanPostProcessorChecker:[376] - Bean 'loadBalancerClientsDefaultsMappingsProvider' of type [org.springframework.cloud.client.loadbalancer.LoadBalancerDefaultMappingsProviderAutoConfiguration$$Lambda$451/1131905905] is not eligible for getting processed by all BeanPostProcessors (for example: not eligible for auto-proxying)
[INFO] 2024-04-25 09:24:30.599 +0800 o.s.c.s.PostProcessorRegistrationDelegate$BeanPostProcessorChecker:[376] - Bean 'defaultsBindHandlerAdvisor' of type [org.springframework.cloud.commons.config.DefaultsBindHandlerAdvisor] is not eligible for getting processed by all BeanPostProcessors (for example: not eligible for auto-proxying)
[INFO] 2024-04-25 09:24:30.619 +0800 o.s.c.s.PostProcessorRegistrationDelegate$BeanPostProcessorChecker:[376] - Bean 'kubernetes.manifests-io.kubernetes.client.spring.extended.manifests.config.KubernetesManifestsProperties' of type [io.kubernetes.client.spring.extended.manifests.config.KubernetesManifestsProperties] is not eligible for getting processed by all BeanPostProcessors (for example: not eligible for auto-proxying)
[INFO] 2024-04-25 09:24:30.865 +0800 o.s.c.s.PostProcessorRegistrationDelegate$BeanPostProcessorChecker:[376] - Bean 'io.kubernetes.client.spring.extended.controller.config.KubernetesInformerAutoConfiguration' of type [io.kubernetes.client.spring.extended.controller.config.KubernetesInformerAutoConfiguration] is not eligible for getting processed by all BeanPostProcessors (for example: not eligible for auto-proxying)
[INFO] 2024-04-25 09:24:30.938 +0800 o.s.c.s.PostProcessorRegistrationDelegate$BeanPostProcessorChecker:[376] - Bean 'defaultApiClient' of type [io.kubernetes.client.openapi.ApiClient] is not eligible for getting processed by all BeanPostProcessors (for example: not eligible for auto-proxying)
[INFO] 2024-04-25 09:24:32.986 +0800 o.e.j.u.log:[170] - Logging initialized @40449ms to org.eclipse.jetty.util.log.Slf4jLog
[INFO] 2024-04-25 09:24:34.452 +0800 o.s.b.w.e.j.JettyServletWebServerFactory:[166] - Server initialized with port: 12345
[INFO] 2024-04-25 09:24:35.303 +0800 o.e.j.s.Server:[375] - jetty-9.4.48.v20220622; built: 2022-06-21T20:42:25.880Z; git: 6b67c5719d1f4371b33655ff2d047d24e171e49a; jvm 1.8.0_402-b06
[INFO] 2024-04-25 09:24:35.790 +0800 o.e.j.s.h.C.application:[2368] - Initializing Spring embedded WebApplicationContext
[INFO] 2024-04-25 09:24:35.790 +0800 o.s.b.w.s.c.ServletWebServerApplicationContext:[292] - Root WebApplicationContext: initialization completed in 19925 ms
[INFO] 2024-04-25 09:24:42.839 +0800 o.a.d.a.c.ApiConfig:[58] - API config: auditEnable -> false 
[INFO] 2024-04-25 09:24:42.840 +0800 o.a.d.a.c.ApiConfig:[59] - API config: trafficControl -> ApiConfig.TrafficConfiguration(globalSwitch=false, maxGlobalQpsRate=300, tenantSwitch=false, defaultTenantQpsRate=10, customizeTenantQpsRate={}) 
[INFO] 2024-04-25 09:24:42.840 +0800 o.a.d.a.c.ApiConfig:[60] - API config: pythonGateway -> ApiConfig.PythonGatewayConfiguration(enabled=true, gatewayServerAddress=0.0.0.0, gatewayServerPort=25333, pythonAddress=127.0.0.1, pythonPort=25334, connectTimeout=0, readTimeout=0, authToken=jwUDzpLsNKEFER4*a8gruBH_GsAurNxU7A@Xc) 
[INFO] 2024-04-25 09:24:43.483 +0800 o.e.j.s.session:[334] - DefaultSessionIdManager workerName=node0
[INFO] 2024-04-25 09:24:43.484 +0800 o.e.j.s.session:[339] - No SessionScavenger set, using defaults
[INFO] 2024-04-25 09:24:43.494 +0800 o.e.j.s.session:[132] - node0 Scavenging every 600000ms
[INFO] 2024-04-25 09:24:44.290 +0800 o.e.j.s.h.ContextHandler:[921] - Started o.s.b.w.e.j.JettyEmbeddedWebAppContext@4c614d8c{application,/dolphinscheduler,[file:///tmp/jetty-docbase.12345.3548059852074489151/, jar:file:/opt/dolphinscheduler/libs/swagger-ui-4.11.1.jar!/META-INF/resources],AVAILABLE}
[INFO] 2024-04-25 09:24:44.295 +0800 o.e.j.s.Server:[415] - Started @51763ms
[INFO] 2024-04-25 09:24:47.201 +0800 c.z.h.HikariDataSource:[110] - DolphinScheduler - Starting...
[INFO] 2024-04-25 09:24:49.804 +0800 c.z.h.HikariDataSource:[123] - DolphinScheduler - Start completed.
[INFO] 2024-04-25 09:25:07.032 +0800 o.a.c.f.i.CuratorFrameworkImpl:[338] - Starting
[INFO] 2024-04-25 09:25:07.205 +0800 o.a.c.f.i.CuratorFrameworkImpl:[386] - Default schema
[INFO] 2024-04-25 09:25:07.265 +0800 o.a.c.f.s.ConnectionStateManager:[252] - State change: CONNECTED
[INFO] 2024-04-25 09:25:07.323 +0800 o.a.c.f.i.EnsembleTracker:[201] - New config event received: {}
[INFO] 2024-04-25 09:25:07.323 +0800 o.a.c.f.i.EnsembleTracker:[201] - New config event received: {}
[INFO] 2024-04-25 09:25:08.577 +0800 c.a.c.i.ReflectionUtils:[542] - Unable to create MethodHandles to use Java 9+ MethodHandles.privateLookupIn. Will attempt to fallback to using the package-private constructor.
[INFO] 2024-04-25 09:25:08.663 +0800 c.a.c.i.j.JacksonVersion:[222] - Package versions: jackson-core=2.13.4, jackson-databind=2.13.4, jackson-dataformat-xml=2.13.3, jackson-datatype-jsr310=2.13.3, azure-core=1.36.0, Troubleshooting version conflicts: https://aka.ms/azsdk/java/dependency/troubleshoot
[INFO] 2024-04-25 09:25:19.559 +0800 o.q.i.StdSchedulerFactory:[1220] - Using default implementation for ThreadExecutor
[INFO] 2024-04-25 09:25:19.595 +0800 o.q.c.SchedulerSignalerImpl:[61] - Initialized Scheduler Signaller of type: class org.quartz.core.SchedulerSignalerImpl
[INFO] 2024-04-25 09:25:19.596 +0800 o.q.c.QuartzScheduler:[229] - Quartz Scheduler v.2.3.2 created.
[INFO] 2024-04-25 09:25:19.623 +0800 o.s.s.q.LocalDataSourceJobStore:[672] - Using db table-based data access locking (synchronization).
[INFO] 2024-04-25 09:25:19.629 +0800 o.s.s.q.LocalDataSourceJobStore:[145] - JobStoreCMT initialized.
[INFO] 2024-04-25 09:25:19.632 +0800 o.q.c.QuartzScheduler:[294] - Scheduler meta-data: Quartz Scheduler (v2.3.2) 'DolphinScheduler' with instanceId '1040dfbcf00c1714008319569'
  Scheduler class: 'org.quartz.core.QuartzScheduler' - running locally.
  NOT STARTED.
  Currently in standby mode.
  Number of jobs executed: 0
  Using thread pool 'org.apache.dolphinscheduler.scheduler.quartz.QuartzZeroSizeThreadPool' - with 0 threads.
  Using job-store 'org.springframework.scheduling.quartz.LocalDataSourceJobStore' - which supports persistence. and is clustered.

[INFO] 2024-04-25 09:25:19.632 +0800 o.q.i.StdSchedulerFactory:[1374] - Quartz scheduler 'DolphinScheduler' initialized from an externally provided properties instance.
[INFO] 2024-04-25 09:25:19.633 +0800 o.q.i.StdSchedulerFactory:[1378] - Quartz scheduler version: 2.3.2
[INFO] 2024-04-25 09:25:19.634 +0800 o.q.c.QuartzScheduler:[2293] - JobFactory set to: org.springframework.scheduling.quartz.SpringBeanJobFactory@38e46ea
[INFO] 2024-04-25 09:25:20.046 +0800 o.a.d.a.p.PythonGateway:[710] - PythonGatewayService started on: /0.0.0.0
[INFO] 2024-04-25 09:25:20.070 +0800 p.GatewayServer:[573] - Gateway Server Started
[INFO] 2024-04-25 09:25:26.438 +0800 o.s.l.c.s.AbstractContextSource:[425] - Property 'userDn' not set - anonymous context will be used for read-write operations
[INFO] 2024-04-25 09:25:27.665 +0800 o.s.b.a.e.w.EndpointLinksResolver:[58] - Exposing 3 endpoint(s) beneath base path '/actuator'
[INFO] 2024-04-25 09:25:27.879 +0800 o.e.j.s.h.C.application:[2368] - Initializing Spring DispatcherServlet 'dispatcherServlet'
[INFO] 2024-04-25 09:25:27.880 +0800 o.s.w.s.DispatcherServlet:[525] - Initializing Servlet 'dispatcherServlet'
[INFO] 2024-04-25 09:25:27.882 +0800 o.s.w.s.DispatcherServlet:[547] - Completed initialization in 2 ms
[INFO] 2024-04-25 09:25:27.906 +0800 o.e.j.s.AbstractConnector:[333] - Started ServerConnector@45d38165{HTTP/1.1, (http/1.1)}{0.0.0.0:12345}
[INFO] 2024-04-25 09:25:27.908 +0800 o.s.b.w.e.j.JettyWebServer:[172] - Jetty started on port(s) 12345 (http/1.1) with context path '/dolphinscheduler'
[INFO] 2024-04-25 09:25:27.933 +0800 o.a.d.a.ApiApplicationServer:[61] - Started ApiApplicationServer in 88.984 seconds (JVM running for 95.401)
[INFO] 2024-04-25 09:25:27.945 +0800 o.a.d.a.ApiApplicationServer:[63] - Received spring application context ready event will load taskPlugin and write to DB
[INFO] 2024-04-25 09:25:28.001 +0800 o.a.d.p.t.a.TaskPluginManager:[63] - Registering task plugin: JAVA - JavaTaskChannelFactory
[INFO] 2024-04-25 09:25:28.006 +0800 o.a.d.p.t.a.TaskPluginManager:[68] - Registered task plugin: JAVA - JavaTaskChannelFactory
[INFO] 2024-04-25 09:25:28.006 +0800 o.a.d.p.t.a.TaskPluginManager:[63] - Registering task plugin: JUPYTER - JupyterTaskChannelFactory
[INFO] 2024-04-25 09:25:28.009 +0800 o.a.d.p.t.a.TaskPluginManager:[68] - Registered task plugin: JUPYTER - JupyterTaskChannelFactory
[INFO] 2024-04-25 09:25:28.009 +0800 o.a.d.p.t.a.TaskPluginManager:[63] - Registering task plugin: SPARK - SparkTaskChannelFactory
[INFO] 2024-04-25 09:25:28.013 +0800 o.a.d.p.t.a.TaskPluginManager:[68] - Registered task plugin: SPARK - SparkTaskChannelFactory
[INFO] 2024-04-25 09:25:28.014 +0800 o.a.d.p.t.a.TaskPluginManager:[63] - Registering task plugin: FLINK_STREAM - FlinkStreamTaskChannelFactory
[INFO] 2024-04-25 09:25:28.019 +0800 o.a.d.p.t.a.TaskPluginManager:[68] - Registered task plugin: FLINK_STREAM - FlinkStreamTaskChannelFactory
[INFO] 2024-04-25 09:25:28.020 +0800 o.a.d.p.t.a.TaskPluginManager:[63] - Registering task plugin: PYTHON - PythonTaskChannelFactory
[INFO] 2024-04-25 09:25:28.022 +0800 o.a.d.p.t.a.TaskPluginManager:[68] - Registered task plugin: PYTHON - PythonTaskChannelFactory
[INFO] 2024-04-25 09:25:28.022 +0800 o.a.d.p.t.a.TaskPluginManager:[63] - Registering task plugin: DATASYNC - DatasyncTaskChannelFactory
[INFO] 2024-04-25 09:25:28.028 +0800 o.a.d.p.t.a.TaskPluginManager:[68] - Registered task plugin: DATASYNC - DatasyncTaskChannelFactory
[INFO] 2024-04-25 09:25:28.029 +0800 o.a.d.p.t.a.TaskPluginManager:[63] - Registering task plugin: DATA_FACTORY - DatafactoryTaskChannelFactory
[INFO] 2024-04-25 09:25:28.031 +0800 o.a.d.p.t.a.TaskPluginManager:[68] - Registered task plugin: DATA_FACTORY - DatafactoryTaskChannelFactory
[INFO] 2024-04-25 09:25:28.032 +0800 o.a.d.p.t.a.TaskPluginManager:[63] - Registering task plugin: CHUNJUN - ChunJunTaskChannelFactory
[INFO] 2024-04-25 09:25:28.035 +0800 o.a.d.p.t.a.TaskPluginManager:[68] - Registered task plugin: CHUNJUN - ChunJunTaskChannelFactory
[INFO] 2024-04-25 09:25:28.036 +0800 o.a.d.p.t.a.TaskPluginManager:[63] - Registering task plugin: REMOTESHELL - RemoteShellTaskChannelFactory
[INFO] 2024-04-25 09:25:28.038 +0800 o.a.d.p.t.a.TaskPluginManager:[68] - Registered task plugin: REMOTESHELL - RemoteShellTaskChannelFactory
[INFO] 2024-04-25 09:25:28.041 +0800 o.a.d.p.t.a.TaskPluginManager:[63] - Registering task plugin: PIGEON - PigeonTaskChannelFactory
[INFO] 2024-04-25 09:25:28.046 +0800 o.a.d.p.t.a.TaskPluginManager:[68] - Registered task plugin: PIGEON - PigeonTaskChannelFactory
[INFO] 2024-04-25 09:25:28.047 +0800 o.a.d.p.t.a.TaskPluginManager:[63] - Registering task plugin: SHELL - ShellTaskChannelFactory
[INFO] 2024-04-25 09:25:28.049 +0800 o.a.d.p.t.a.TaskPluginManager:[68] - Registered task plugin: SHELL - ShellTaskChannelFactory
[INFO] 2024-04-25 09:25:28.050 +0800 o.a.d.p.t.a.TaskPluginManager:[63] - Registering task plugin: PROCEDURE - ProcedureTaskChannelFactory
[INFO] 2024-04-25 09:25:28.052 +0800 o.a.d.p.t.a.TaskPluginManager:[68] - Registered task plugin: PROCEDURE - ProcedureTaskChannelFactory
[INFO] 2024-04-25 09:25:28.052 +0800 o.a.d.p.t.a.TaskPluginManager:[63] - Registering task plugin: MR - MapReduceTaskChannelFactory
[INFO] 2024-04-25 09:25:28.054 +0800 o.a.d.p.t.a.TaskPluginManager:[68] - Registered task plugin: MR - MapReduceTaskChannelFactory
[INFO] 2024-04-25 09:25:28.054 +0800 o.a.d.p.t.a.TaskPluginManager:[63] - Registering task plugin: SQOOP - SqoopTaskChannelFactory
[INFO] 2024-04-25 09:25:28.057 +0800 o.a.d.p.t.a.TaskPluginManager:[68] - Registered task plugin: SQOOP - SqoopTaskChannelFactory
[INFO] 2024-04-25 09:25:28.058 +0800 o.a.d.p.t.a.TaskPluginManager:[63] - Registering task plugin: PYTORCH - PytorchTaskChannelFactory
[INFO] 2024-04-25 09:25:28.062 +0800 o.a.d.p.t.a.TaskPluginManager:[68] - Registered task plugin: PYTORCH - PytorchTaskChannelFactory
[INFO] 2024-04-25 09:25:28.063 +0800 o.a.d.p.t.a.TaskPluginManager:[63] - Registering task plugin: K8S - K8sTaskChannelFactory
[INFO] 2024-04-25 09:25:28.065 +0800 o.a.d.p.t.a.TaskPluginManager:[68] - Registered task plugin: K8S - K8sTaskChannelFactory
[INFO] 2024-04-25 09:25:28.065 +0800 o.a.d.p.t.a.TaskPluginManager:[63] - Registering task plugin: SEATUNNEL - SeatunnelTaskChannelFactory
[INFO] 2024-04-25 09:25:28.068 +0800 o.a.d.p.t.a.TaskPluginManager:[68] - Registered task plugin: SEATUNNEL - SeatunnelTaskChannelFactory
[INFO] 2024-04-25 09:25:28.069 +0800 o.a.d.p.t.a.TaskPluginManager:[63] - Registering task plugin: SAGEMAKER - SagemakerTaskChannelFactory
[INFO] 2024-04-25 09:25:28.071 +0800 o.a.d.p.t.a.TaskPluginManager:[68] - Registered task plugin: SAGEMAKER - SagemakerTaskChannelFactory
[INFO] 2024-04-25 09:25:28.073 +0800 o.a.d.p.t.a.TaskPluginManager:[63] - Registering task plugin: HTTP - HttpTaskChannelFactory
[INFO] 2024-04-25 09:25:28.077 +0800 o.a.d.p.t.a.TaskPluginManager:[68] - Registered task plugin: HTTP - HttpTaskChannelFactory
[INFO] 2024-04-25 09:25:28.077 +0800 o.a.d.p.t.a.TaskPluginManager:[63] - Registering task plugin: EMR - EmrTaskChannelFactory
[INFO] 2024-04-25 09:25:28.084 +0800 o.a.d.p.t.a.TaskPluginManager:[68] - Registered task plugin: EMR - EmrTaskChannelFactory
[INFO] 2024-04-25 09:25:28.084 +0800 o.a.d.p.t.a.TaskPluginManager:[63] - Registering task plugin: DMS - DmsTaskChannelFactory
[INFO] 2024-04-25 09:25:28.087 +0800 o.a.d.p.t.a.TaskPluginManager:[68] - Registered task plugin: DMS - DmsTaskChannelFactory
[INFO] 2024-04-25 09:25:28.088 +0800 o.a.d.p.t.a.TaskPluginManager:[63] - Registering task plugin: DATA_QUALITY - DataQualityTaskChannelFactory
[INFO] 2024-04-25 09:25:28.090 +0800 o.a.d.p.t.a.TaskPluginManager:[68] - Registered task plugin: DATA_QUALITY - DataQualityTaskChannelFactory
[INFO] 2024-04-25 09:25:28.091 +0800 o.a.d.p.t.a.TaskPluginManager:[63] - Registering task plugin: KUBEFLOW - KubeflowTaskChannelFactory
[INFO] 2024-04-25 09:25:28.093 +0800 o.a.d.p.t.a.TaskPluginManager:[68] - Registered task plugin: KUBEFLOW - KubeflowTaskChannelFactory
[INFO] 2024-04-25 09:25:28.094 +0800 o.a.d.p.t.a.TaskPluginManager:[63] - Registering task plugin: SQL - SqlTaskChannelFactory
[INFO] 2024-04-25 09:25:28.098 +0800 o.a.d.p.t.a.TaskPluginManager:[68] - Registered task plugin: SQL - SqlTaskChannelFactory
[INFO] 2024-04-25 09:25:28.098 +0800 o.a.d.p.t.a.TaskPluginManager:[63] - Registering task plugin: DVC - DvcTaskChannelFactory
[INFO] 2024-04-25 09:25:28.101 +0800 o.a.d.p.t.a.TaskPluginManager:[68] - Registered task plugin: DVC - DvcTaskChannelFactory
[INFO] 2024-04-25 09:25:28.101 +0800 o.a.d.p.t.a.TaskPluginManager:[63] - Registering task plugin: DATAX - DataxTaskChannelFactory
[INFO] 2024-04-25 09:25:28.109 +0800 o.a.d.p.t.a.TaskPluginManager:[68] - Registered task plugin: DATAX - DataxTaskChannelFactory
[INFO] 2024-04-25 09:25:28.109 +0800 o.a.d.p.t.a.TaskPluginManager:[63] - Registering task plugin: ZEPPELIN - ZeppelinTaskChannelFactory
[INFO] 2024-04-25 09:25:28.112 +0800 o.a.d.p.t.a.TaskPluginManager:[68] - Registered task plugin: ZEPPELIN - ZeppelinTaskChannelFactory
[INFO] 2024-04-25 09:25:28.113 +0800 o.a.d.p.t.a.TaskPluginManager:[63] - Registering task plugin: DINKY - DinkyTaskChannelFactory
[INFO] 2024-04-25 09:25:28.114 +0800 o.a.d.p.t.a.TaskPluginManager:[68] - Registered task plugin: DINKY - DinkyTaskChannelFactory
[INFO] 2024-04-25 09:25:28.116 +0800 o.a.d.p.t.a.TaskPluginManager:[63] - Registering task plugin: MLFLOW - MlflowTaskChannelFactory
[INFO] 2024-04-25 09:25:28.123 +0800 o.a.d.p.t.a.TaskPluginManager:[68] - Registered task plugin: MLFLOW - MlflowTaskChannelFactory
[INFO] 2024-04-25 09:25:28.123 +0800 o.a.d.p.t.a.TaskPluginManager:[63] - Registering task plugin: OPENMLDB - OpenmldbTaskChannelFactory
[INFO] 2024-04-25 09:25:28.125 +0800 o.a.d.p.t.a.TaskPluginManager:[68] - Registered task plugin: OPENMLDB - OpenmldbTaskChannelFactory
[INFO] 2024-04-25 09:25:28.126 +0800 o.a.d.p.t.a.TaskPluginManager:[63] - Registering task plugin: LINKIS - LinkisTaskChannelFactory
[INFO] 2024-04-25 09:25:28.131 +0800 o.a.d.p.t.a.TaskPluginManager:[68] - Registered task plugin: LINKIS - LinkisTaskChannelFactory
[INFO] 2024-04-25 09:25:28.132 +0800 o.a.d.p.t.a.TaskPluginManager:[63] - Registering task plugin: FLINK - FlinkTaskChannelFactory
[INFO] 2024-04-25 09:25:28.133 +0800 o.a.d.p.t.a.TaskPluginManager:[68] - Registered task plugin: FLINK - FlinkTaskChannelFactory
[INFO] 2024-04-25 09:25:28.135 +0800 o.a.d.p.t.a.TaskPluginManager:[63] - Registering task plugin: HIVECLI - HiveCliTaskChannelFactory
[INFO] 2024-04-25 09:25:28.140 +0800 o.a.d.p.t.a.TaskPluginManager:[68] - Registered task plugin: HIVECLI - HiveCliTaskChannelFactory
[INFO] 2024-04-25 09:25:28.150 +0800 o.a.d.c.u.JSONUtils:[72] - init timezone: sun.util.calendar.ZoneInfo[id="Asia/Shanghai",offset=28800000,dstSavings=0,useDaylight=false,transitions=31,lastRule=null]
[INFO] 2024-04-25 09:30:52.345 +0800 o.a.d.c.u.NetUtils:[312] - Get all NetworkInterfaces: [name:eth0 (eth0), name:lo (lo)]
[INFO] 2024-04-25 09:30:52.615 +0800 o.a.d.a.s.i.ProcessDefinitionServiceImpl:[1076] - Success delete workflow definition workflowDefinitionCode: 13378697240416
[INFO] 2024-04-25 09:30:57.007 +0800 o.a.d.a.c.TaskTypeConfiguration:[75] - support default universal task types: [SHELL, JAVA, PYTHON, PROCEDURE, SQL, SPARK, FLINK, HTTP, MR, DINKY, FLINK_STREAM, HIVECLI, REMOTESHELL]
[INFO] 2024-04-25 09:30:57.048 +0800 o.a.d.a.c.TaskTypeConfiguration:[76] - support default cloud task types: [EMR, K8S, DMS, DATA_FACTORY]
[INFO] 2024-04-25 09:30:57.049 +0800 o.a.d.a.c.TaskTypeConfiguration:[77] - support default logic task types: [SUB_PROCESS, DEPENDENT, CONDITIONS, SWITCH, DYNAMIC]
[INFO] 2024-04-25 09:30:57.049 +0800 o.a.d.a.c.TaskTypeConfiguration:[78] - support default dataIntegration task types: [SEATUNNEL, DATAX, SQOOP]
[INFO] 2024-04-25 09:30:57.049 +0800 o.a.d.a.c.TaskTypeConfiguration:[79] - support default dataQuality task types: [DATA_QUALITY]
[INFO] 2024-04-25 09:30:57.049 +0800 o.a.d.a.c.TaskTypeConfiguration:[80] - support default machineLearning task types: [JUPYTER, MLFLOW, OPENMLDB, DVC, SAGEMAKER, PYTORCH, KUBEFLOW]
[INFO] 2024-04-25 09:30:57.050 +0800 o.a.d.a.c.TaskTypeConfiguration:[81] - support default other task types: [PIGEON, ZEPPELIN, CHUNJUN, DATASYNC, LINKIS]
[INFO] 2024-04-25 09:57:11.556 +0800 o.a.d.a.s.i.ProcessDefinitionServiceImpl:[397] - Save process definition complete, processCode:13386218435520, processVersion:1.
[INFO] 2024-04-25 09:57:11.584 +0800 o.a.d.a.s.i.ProcessDefinitionServiceImpl:[408] - Save process task relations complete, projectCode:13010050770016, processCode:13386218435520, processVersion:1.
[INFO] 2024-04-25 09:57:32.317 +0800 o.a.d.a.s.i.ProcessDefinitionServiceImpl:[858] - The task has not changed, so skip
[INFO] 2024-04-25 09:57:32.318 +0800 o.a.d.a.s.i.ProcessDefinitionServiceImpl:[888] - Process definition needs to be updated, projectCode:13010050770016, processCode:13377949373536, processVersion:11.
[INFO] 2024-04-25 09:57:32.324 +0800 o.a.d.a.s.i.ProcessDefinitionServiceImpl:[898] - Update process definition complete, processCode:13377949373536, processVersion:12.
[INFO] 2024-04-25 09:57:32.342 +0800 o.a.d.a.s.i.ProcessDefinitionServiceImpl:[906] - Update process task relations complete, projectCode:13010050770016, processCode:13377949373536, processVersion:12.
