[WI-0][TI-0] - [INFO] 2024-04-23 06:00:00.166 +0800 o.a.d.s.m.r.t.TaskGroupCoordinator:[127] - TaskGroupCoordinator round time cost: 5/ms
[WI-0][TI-0] - [INFO] 2024-04-23 06:00:05.198 +0800 o.a.d.s.m.r.t.TaskGroupCoordinator:[127] - TaskGroupCoordinator round time cost: 0/ms
[WI-0][TI-0] - [INFO] 2024-04-23 06:00:06.583 +0800 o.a.d.s.m.c.MasterServerLoadProtection:[48] - Master OverLoad: the TotalCpuUsedPercentage: 1.0 is over then the MaxCpuUsagePercentageThresholds 0.7
[WI-0][TI-0] - [WARN] 2024-04-23 06:00:06.588 +0800 o.a.d.s.m.r.MasterSchedulerBootstrap:[123] - The current server is overload, cannot consumes commands.
[WI-0][TI-0] - [INFO] 2024-04-23 06:00:10.236 +0800 o.a.d.s.m.r.t.TaskGroupCoordinator:[127] - TaskGroupCoordinator round time cost: 3/ms
[WI-0][TI-0] - [INFO] 2024-04-23 06:00:15.258 +0800 o.a.d.s.m.r.t.TaskGroupCoordinator:[127] - TaskGroupCoordinator round time cost: 2/ms
[WI-0][TI-0] - [INFO] 2024-04-23 06:00:20.273 +0800 o.a.d.s.m.r.t.TaskGroupCoordinator:[127] - TaskGroupCoordinator round time cost: 0/ms
[WI-0][TI-0] - [INFO] 2024-04-23 06:00:25.326 +0800 o.a.d.s.m.r.t.TaskGroupCoordinator:[127] - TaskGroupCoordinator round time cost: 14/ms
[WI-0][TI-0] - [INFO] 2024-04-23 06:00:30.363 +0800 o.a.d.s.m.r.t.TaskGroupCoordinator:[127] - TaskGroupCoordinator round time cost: 0/ms
[WI-0][TI-0] - [INFO] 2024-04-23 06:00:35.400 +0800 o.a.d.s.m.r.t.TaskGroupCoordinator:[127] - TaskGroupCoordinator round time cost: 3/ms
[WI-0][TI-0] - [INFO] 2024-04-23 06:00:40.458 +0800 o.a.d.s.m.r.t.TaskGroupCoordinator:[127] - TaskGroupCoordinator round time cost: 8/ms
[WI-0][TI-0] - [INFO] 2024-04-23 06:00:45.493 +0800 o.a.d.s.m.r.t.TaskGroupCoordinator:[127] - TaskGroupCoordinator round time cost: 1/ms
[WI-0][TI-0] - [INFO] 2024-04-23 06:00:50.525 +0800 o.a.d.s.m.r.t.TaskGroupCoordinator:[127] - TaskGroupCoordinator round time cost: 3/ms
[WI-0][TI-0] - [INFO] 2024-04-23 06:00:55.557 +0800 o.a.d.s.m.r.t.TaskGroupCoordinator:[127] - TaskGroupCoordinator round time cost: 4/ms
[WI-0][TI-0] - [INFO] 2024-04-23 06:01:00.591 +0800 o.a.d.s.m.r.t.TaskGroupCoordinator:[127] - TaskGroupCoordinator round time cost: 4/ms
[WI-0][TI-0] - [INFO] 2024-04-23 06:01:05.609 +0800 o.a.d.s.m.r.t.TaskGroupCoordinator:[127] - TaskGroupCoordinator round time cost: 0/ms
[WI-0][TI-0] - [INFO] 2024-04-23 06:01:10.627 +0800 o.a.d.s.m.r.t.TaskGroupCoordinator:[127] - TaskGroupCoordinator round time cost: 2/ms
[WI-0][TI-0] - [INFO] 2024-04-23 06:01:15.652 +0800 o.a.d.s.m.r.t.TaskGroupCoordinator:[127] - TaskGroupCoordinator round time cost: 3/ms
[WI-0][TI-0] - [INFO] 2024-04-23 06:01:20.670 +0800 o.a.d.s.m.r.t.TaskGroupCoordinator:[127] - TaskGroupCoordinator round time cost: 3/ms
[WI-0][TI-0] - [INFO] 2024-04-23 06:01:25.689 +0800 o.a.d.s.m.r.t.TaskGroupCoordinator:[127] - TaskGroupCoordinator round time cost: 4/ms
[WI-0][TI-0] - [INFO] 2024-04-23 06:01:30.730 +0800 o.a.d.s.m.r.t.TaskGroupCoordinator:[127] - TaskGroupCoordinator round time cost: 15/ms
[WI-0][TI-0] - [INFO] 2024-04-23 06:01:35.750 +0800 o.a.d.s.m.r.t.TaskGroupCoordinator:[127] - TaskGroupCoordinator round time cost: 6/ms
[WI-0][TI-0] - [INFO] 2024-04-23 06:01:40.781 +0800 o.a.d.s.m.r.t.TaskGroupCoordinator:[127] - TaskGroupCoordinator round time cost: 4/ms
[WI-0][TI-0] - [INFO] 2024-04-23 06:01:43.080 +0800 o.a.d.s.m.c.MasterServerLoadProtection:[48] - Master OverLoad: the TotalCpuUsedPercentage: 1.0 is over then the MaxCpuUsagePercentageThresholds 0.7
[WI-0][TI-0] - [INFO] 2024-04-23 06:01:45.810 +0800 o.a.d.s.m.r.t.TaskGroupCoordinator:[127] - TaskGroupCoordinator round time cost: 3/ms
[WI-0][TI-0] - [INFO] 2024-04-23 06:01:50.835 +0800 o.a.d.s.m.r.t.TaskGroupCoordinator:[127] - TaskGroupCoordinator round time cost: 1/ms
[WI-0][TI-0] - [INFO] 2024-04-23 06:01:55.889 +0800 o.a.d.s.m.r.t.TaskGroupCoordinator:[127] - TaskGroupCoordinator round time cost: 0/ms
[WI-0][TI-0] - [INFO] 2024-04-23 06:02:00.916 +0800 o.a.d.s.m.r.t.TaskGroupCoordinator:[127] - TaskGroupCoordinator round time cost: 9/ms
[WI-0][TI-0] - [INFO] 2024-04-23 06:02:05.935 +0800 o.a.d.s.m.r.t.TaskGroupCoordinator:[127] - TaskGroupCoordinator round time cost: 3/ms
[WI-0][TI-0] - [INFO] 2024-04-23 06:02:10.987 +0800 o.a.d.s.m.r.t.TaskGroupCoordinator:[127] - TaskGroupCoordinator round time cost: 15/ms
[WI-0][TI-0] - [INFO] 2024-04-23 06:02:16.017 +0800 o.a.d.s.m.r.t.TaskGroupCoordinator:[127] - TaskGroupCoordinator round time cost: 1/ms
[WI-0][TI-0] - [INFO] 2024-04-23 06:02:21.036 +0800 o.a.d.s.m.r.t.TaskGroupCoordinator:[127] - TaskGroupCoordinator round time cost: 0/ms
[WI-0][TI-0] - [INFO] 2024-04-23 06:02:26.060 +0800 o.a.d.s.m.r.t.TaskGroupCoordinator:[127] - TaskGroupCoordinator round time cost: 1/ms
[WI-0][TI-0] - [INFO] 2024-04-23 06:02:31.080 +0800 o.a.d.s.m.r.t.TaskGroupCoordinator:[127] - TaskGroupCoordinator round time cost: 1/ms
[WI-0][TI-0] - [INFO] 2024-04-23 06:02:36.116 +0800 o.a.d.s.m.r.t.TaskGroupCoordinator:[127] - TaskGroupCoordinator round time cost: 4/ms
[WI-0][TI-0] - [INFO] 2024-04-23 06:02:41.139 +0800 o.a.d.s.m.r.t.TaskGroupCoordinator:[127] - TaskGroupCoordinator round time cost: 7/ms
[WI-0][TI-0] - [INFO] 2024-04-23 06:02:46.165 +0800 o.a.d.s.m.r.t.TaskGroupCoordinator:[127] - TaskGroupCoordinator round time cost: 4/ms
[WI-0][TI-0] - [INFO] 2024-04-23 06:02:51.194 +0800 o.a.d.s.m.r.t.TaskGroupCoordinator:[127] - TaskGroupCoordinator round time cost: 3/ms
[WI-0][TI-0] - [INFO] 2024-04-23 06:02:56.254 +0800 o.a.d.s.m.r.t.TaskGroupCoordinator:[127] - TaskGroupCoordinator round time cost: 16/ms
[WI-0][TI-0] - [INFO] 2024-04-23 06:03:01.278 +0800 o.a.d.s.m.r.t.TaskGroupCoordinator:[127] - TaskGroupCoordinator round time cost: 6/ms
[WI-0][TI-0] - [INFO] 2024-04-23 06:03:06.292 +0800 o.a.d.s.m.r.t.TaskGroupCoordinator:[127] - TaskGroupCoordinator round time cost: 2/ms
[WI-0][TI-0] - [INFO] 2024-04-23 06:03:06.373 +0800 o.a.d.s.m.c.MasterServerLoadProtection:[48] - Master OverLoad: the TotalCpuUsedPercentage: 1.0 is over then the MaxCpuUsagePercentageThresholds 0.7
[WI-0][TI-0] - [INFO] 2024-04-23 06:03:11.320 +0800 o.a.d.s.m.r.t.TaskGroupCoordinator:[127] - TaskGroupCoordinator round time cost: 3/ms
[WI-0][TI-0] - [INFO] 2024-04-23 06:03:16.347 +0800 o.a.d.s.m.r.t.TaskGroupCoordinator:[127] - TaskGroupCoordinator round time cost: 1/ms
[WI-0][TI-0] - [INFO] 2024-04-23 06:03:21.371 +0800 o.a.d.s.m.r.t.TaskGroupCoordinator:[127] - TaskGroupCoordinator round time cost: 5/ms
[WI-0][TI-0] - [INFO] 2024-04-23 06:03:26.391 +0800 o.a.d.s.m.r.t.TaskGroupCoordinator:[127] - TaskGroupCoordinator round time cost: 5/ms
[WI-0][TI-0] - [INFO] 2024-04-23 06:03:31.408 +0800 o.a.d.s.m.r.t.TaskGroupCoordinator:[127] - TaskGroupCoordinator round time cost: 2/ms
[WI-0][TI-0] - [INFO] 2024-04-23 06:03:36.436 +0800 o.a.d.s.m.r.t.TaskGroupCoordinator:[127] - TaskGroupCoordinator round time cost: 3/ms
[WI-0][TI-0] - [INFO] 2024-04-23 06:03:41.460 +0800 o.a.d.s.m.r.t.TaskGroupCoordinator:[127] - TaskGroupCoordinator round time cost: 9/ms
[WI-0][TI-0] - [INFO] 2024-04-23 06:03:46.492 +0800 o.a.d.s.m.r.t.TaskGroupCoordinator:[127] - TaskGroupCoordinator round time cost: 3/ms
[WI-0][TI-0] - [INFO] 2024-04-23 06:03:51.512 +0800 o.a.d.s.m.r.t.TaskGroupCoordinator:[127] - TaskGroupCoordinator round time cost: 5/ms
[WI-0][TI-0] - [INFO] 2024-04-23 06:03:56.563 +0800 o.a.d.s.m.r.t.TaskGroupCoordinator:[127] - TaskGroupCoordinator round time cost: 1/ms
[WI-0][TI-0] - [INFO] 2024-04-23 06:04:01.578 +0800 o.a.d.s.m.r.t.TaskGroupCoordinator:[127] - TaskGroupCoordinator round time cost: 0/ms
[WI-0][TI-0] - [INFO] 2024-04-23 06:04:06.608 +0800 o.a.d.s.m.r.t.TaskGroupCoordinator:[127] - TaskGroupCoordinator round time cost: 0/ms
[WI-0][TI-0] - [INFO] 2024-04-23 06:04:10.611 +0800 o.a.d.s.m.s.MasterFailoverService:[86] - Master failover service 172.18.0.11:5678 begin to failover hosts:[172.18.0.11:5678]
[WI-0][TI-0] - [INFO] 2024-04-23 06:04:10.636 +0800 o.a.d.s.m.s.MasterFailoverService:[124] - Master[172.18.0.11:5678] failover starting there are 1 workflowInstance may need to failover, will do a deep check, workflowInstanceIds: [442]
[WI-442][TI-0] - [INFO] 2024-04-23 06:04:10.636 +0800 o.a.d.s.m.s.MasterFailoverService:[133] - WorkflowInstance failover starting
[WI-442][TI-0] - [INFO] 2024-04-23 06:04:10.637 +0800 o.a.d.s.m.s.MasterFailoverService:[184] - The workflowInstance is newly created, no need to failover
[WI-0][TI-0] - [INFO] 2024-04-23 06:04:10.637 +0800 o.a.d.s.m.s.MasterFailoverService:[148] - Master[172.18.0.11:5678] failover finished, useTime:7ms
[WI-0][TI-0] - [INFO] 2024-04-23 06:04:11.627 +0800 o.a.d.s.m.r.t.TaskGroupCoordinator:[127] - TaskGroupCoordinator round time cost: 3/ms
[WI-0][TI-0] - [INFO] 2024-04-23 06:04:16.649 +0800 o.a.d.s.m.r.t.TaskGroupCoordinator:[127] - TaskGroupCoordinator round time cost: 4/ms
[WI-0][TI-0] - [INFO] 2024-04-23 06:04:21.688 +0800 o.a.d.s.m.r.t.TaskGroupCoordinator:[127] - TaskGroupCoordinator round time cost: 3/ms
[WI-0][TI-0] - [INFO] 2024-04-23 06:04:26.719 +0800 o.a.d.s.m.r.t.TaskGroupCoordinator:[127] - TaskGroupCoordinator round time cost: 4/ms
[WI-0][TI-0] - [INFO] 2024-04-23 06:04:31.751 +0800 o.a.d.s.m.r.t.TaskGroupCoordinator:[127] - TaskGroupCoordinator round time cost: 2/ms
[WI-0][TI-0] - [INFO] 2024-04-23 06:04:32.635 +0800 o.a.d.s.m.c.MasterServerLoadProtection:[48] - Master OverLoad: the TotalCpuUsedPercentage: 1.0 is over then the MaxCpuUsagePercentageThresholds 0.7
[WI-0][TI-0] - [WARN] 2024-04-23 06:04:32.635 +0800 o.a.d.s.m.r.MasterSchedulerBootstrap:[123] - The current server is overload, cannot consumes commands.
[WI-0][TI-0] - [INFO] 2024-04-23 06:04:36.797 +0800 o.a.d.s.m.r.t.TaskGroupCoordinator:[127] - TaskGroupCoordinator round time cost: 7/ms
[WI-0][TI-0] - [INFO] 2024-04-23 06:04:41.814 +0800 o.a.d.s.m.r.t.TaskGroupCoordinator:[127] - TaskGroupCoordinator round time cost: 3/ms
[WI-0][TI-0] - [INFO] 2024-04-23 06:04:46.847 +0800 o.a.d.s.m.r.t.TaskGroupCoordinator:[127] - TaskGroupCoordinator round time cost: 3/ms
[WI-0][TI-0] - [INFO] 2024-04-23 06:04:49.696 +0800 o.a.d.s.m.c.MasterServerLoadProtection:[48] - Master OverLoad: the TotalCpuUsedPercentage: 1.0 is over then the MaxCpuUsagePercentageThresholds 0.7
[WI-0][TI-0] - [WARN] 2024-04-23 06:04:50.438 +0800 o.a.d.s.m.r.MasterSlotManager:[90] - Current master is not in active master list
[WI-0][TI-0] - [INFO] 2024-04-23 06:04:50.693 +0800 o.a.d.s.m.c.MasterServerLoadProtection:[48] - Master OverLoad: the TotalCpuUsedPercentage: 1.0 is over then the MaxCpuUsagePercentageThresholds 0.7
[WI-0][TI-0] - [WARN] 2024-04-23 06:04:50.694 +0800 o.a.d.s.m.r.MasterSchedulerBootstrap:[123] - The current server is overload, cannot consumes commands.
[WI-0][TI-0] - [WARN] 2024-04-23 06:04:51.694 +0800 o.a.d.s.m.r.MasterSchedulerBootstrap:[179] - Master count: 0 is invalid, the current slot: 0
[WI-0][TI-0] - [INFO] 2024-04-23 06:04:51.869 +0800 o.a.d.s.m.r.t.TaskGroupCoordinator:[127] - TaskGroupCoordinator round time cost: 4/ms
[WI-0][TI-0] - [WARN] 2024-04-23 06:04:52.699 +0800 o.a.d.s.m.r.MasterSchedulerBootstrap:[179] - Master count: 0 is invalid, the current slot: 0
[WI-0][TI-0] - [WARN] 2024-04-23 06:04:53.700 +0800 o.a.d.s.m.r.MasterSchedulerBootstrap:[179] - Master count: 0 is invalid, the current slot: 0
[WI-0][TI-0] - [WARN] 2024-04-23 06:04:54.701 +0800 o.a.d.s.m.r.MasterSchedulerBootstrap:[179] - Master count: 0 is invalid, the current slot: 0
[WI-0][TI-0] - [WARN] 2024-04-23 06:04:55.704 +0800 o.a.d.s.m.r.MasterSchedulerBootstrap:[179] - Master count: 0 is invalid, the current slot: 0
[WI-0][TI-0] - [WARN] 2024-04-23 06:04:56.706 +0800 o.a.d.s.m.r.MasterSchedulerBootstrap:[179] - Master count: 0 is invalid, the current slot: 0
[WI-0][TI-0] - [INFO] 2024-04-23 06:04:56.920 +0800 o.a.d.s.m.r.t.TaskGroupCoordinator:[127] - TaskGroupCoordinator round time cost: 6/ms
[WI-0][TI-0] - [WARN] 2024-04-23 06:04:57.709 +0800 o.a.d.s.m.r.MasterSchedulerBootstrap:[179] - Master count: 0 is invalid, the current slot: 0
[WI-0][TI-0] - [WARN] 2024-04-23 06:04:58.712 +0800 o.a.d.s.m.r.MasterSchedulerBootstrap:[179] - Master count: 0 is invalid, the current slot: 0
[WI-0][TI-0] - [WARN] 2024-04-23 06:04:59.713 +0800 o.a.d.s.m.r.MasterSchedulerBootstrap:[179] - Master count: 0 is invalid, the current slot: 0
[WI-0][TI-0] - [INFO] 2024-04-23 06:05:00.458 +0800 o.a.d.s.m.r.MasterSlotManager:[94] - Update master nodes, total master size: 1, current slot: 0
[WI-0][TI-0] - [INFO] 2024-04-23 06:05:01.979 +0800 o.a.d.s.m.r.t.TaskGroupCoordinator:[127] - TaskGroupCoordinator round time cost: 0/ms
[WI-0][TI-0] - [INFO] 2024-04-23 06:05:06.998 +0800 o.a.d.s.m.r.t.TaskGroupCoordinator:[127] - TaskGroupCoordinator round time cost: 3/ms
[WI-0][TI-0] - [INFO] 2024-04-23 06:05:12.018 +0800 o.a.d.s.m.r.t.TaskGroupCoordinator:[127] - TaskGroupCoordinator round time cost: 3/ms
[WI-0][TI-0] - [INFO] 2024-04-23 06:05:17.045 +0800 o.a.d.s.m.r.t.TaskGroupCoordinator:[127] - TaskGroupCoordinator round time cost: 4/ms
[WI-0][TI-0] - [INFO] 2024-04-23 06:05:22.064 +0800 o.a.d.s.m.r.t.TaskGroupCoordinator:[127] - TaskGroupCoordinator round time cost: 3/ms
[WI-0][TI-0] - [INFO] 2024-04-23 06:05:27.095 +0800 o.a.d.s.m.r.t.TaskGroupCoordinator:[127] - TaskGroupCoordinator round time cost: 4/ms
[WI-0][TI-0] - [INFO] 2024-04-23 06:05:32.125 +0800 o.a.d.s.m.r.t.TaskGroupCoordinator:[127] - TaskGroupCoordinator round time cost: 4/ms
[WI-0][TI-0] - [INFO] 2024-04-23 06:05:37.147 +0800 o.a.d.s.m.r.t.TaskGroupCoordinator:[127] - TaskGroupCoordinator round time cost: 4/ms
[WI-0][TI-0] - [INFO] 2024-04-23 06:05:42.176 +0800 o.a.d.s.m.r.t.TaskGroupCoordinator:[127] - TaskGroupCoordinator round time cost: 5/ms
[WI-0][TI-0] - [INFO] 2024-04-23 06:05:47.207 +0800 o.a.d.s.m.r.t.TaskGroupCoordinator:[127] - TaskGroupCoordinator round time cost: 3/ms
[WI-0][TI-0] - [INFO] 2024-04-23 06:05:52.236 +0800 o.a.d.s.m.r.t.TaskGroupCoordinator:[127] - TaskGroupCoordinator round time cost: 3/ms
[WI-0][TI-0] - [INFO] 2024-04-23 06:05:57.285 +0800 o.a.d.s.m.r.t.TaskGroupCoordinator:[127] - TaskGroupCoordinator round time cost: 2/ms
[WI-0][TI-0] - [INFO] 2024-04-23 06:06:02.307 +0800 o.a.d.s.m.r.t.TaskGroupCoordinator:[127] - TaskGroupCoordinator round time cost: 3/ms
[WI-0][TI-0] - [INFO] 2024-04-23 06:06:07.330 +0800 o.a.d.s.m.r.t.TaskGroupCoordinator:[127] - TaskGroupCoordinator round time cost: 4/ms
[WI-0][TI-0] - [INFO] 2024-04-23 06:06:12.357 +0800 o.a.d.s.m.r.t.TaskGroupCoordinator:[127] - TaskGroupCoordinator round time cost: 4/ms
[WI-0][TI-0] - [INFO] 2024-04-23 06:06:17.376 +0800 o.a.d.s.m.r.t.TaskGroupCoordinator:[127] - TaskGroupCoordinator round time cost: 4/ms
[WI-0][TI-0] - [INFO] 2024-04-23 06:06:22.403 +0800 o.a.d.s.m.r.t.TaskGroupCoordinator:[127] - TaskGroupCoordinator round time cost: 5/ms
[WI-0][TI-0] - [INFO] 2024-04-23 06:06:27.426 +0800 o.a.d.s.m.r.t.TaskGroupCoordinator:[127] - TaskGroupCoordinator round time cost: 5/ms
[WI-0][TI-0] - [INFO] 2024-04-23 06:06:32.456 +0800 o.a.d.s.m.r.t.TaskGroupCoordinator:[127] - TaskGroupCoordinator round time cost: 10/ms
[WI-0][TI-0] - [INFO] 2024-04-23 06:06:37.479 +0800 o.a.d.s.m.r.t.TaskGroupCoordinator:[127] - TaskGroupCoordinator round time cost: 2/ms
[WI-0][TI-0] - [INFO] 2024-04-23 06:06:42.504 +0800 o.a.d.s.m.r.t.TaskGroupCoordinator:[127] - TaskGroupCoordinator round time cost: 5/ms
[WI-0][TI-0] - [INFO] 2024-04-23 06:06:47.544 +0800 o.a.d.s.m.r.t.TaskGroupCoordinator:[127] - TaskGroupCoordinator round time cost: 4/ms
[WI-0][TI-0] - [INFO] 2024-04-23 06:06:52.562 +0800 o.a.d.s.m.r.t.TaskGroupCoordinator:[127] - TaskGroupCoordinator round time cost: 2/ms
[WI-0][TI-0] - [INFO] 2024-04-23 06:06:57.594 +0800 o.a.d.s.m.r.t.TaskGroupCoordinator:[127] - TaskGroupCoordinator round time cost: 1/ms
[WI-0][TI-0] - [INFO] 2024-04-23 06:07:02.623 +0800 o.a.d.s.m.r.t.TaskGroupCoordinator:[127] - TaskGroupCoordinator round time cost: 3/ms
[WI-0][TI-0] - [INFO] 2024-04-23 06:07:07.652 +0800 o.a.d.s.m.r.t.TaskGroupCoordinator:[127] - TaskGroupCoordinator round time cost: 3/ms
[WI-0][TI-0] - [INFO] 2024-04-23 06:07:12.670 +0800 o.a.d.s.m.r.t.TaskGroupCoordinator:[127] - TaskGroupCoordinator round time cost: 3/ms
[WI-0][TI-0] - [INFO] 2024-04-23 06:07:17.705 +0800 o.a.d.s.m.r.t.TaskGroupCoordinator:[127] - TaskGroupCoordinator round time cost: 9/ms
[WI-0][TI-0] - [INFO] 2024-04-23 06:07:22.727 +0800 o.a.d.s.m.r.t.TaskGroupCoordinator:[127] - TaskGroupCoordinator round time cost: 4/ms
[WI-0][TI-0] - [INFO] 2024-04-23 06:07:27.756 +0800 o.a.d.s.m.r.t.TaskGroupCoordinator:[127] - TaskGroupCoordinator round time cost: 2/ms
[WI-0][TI-0] - [INFO] 2024-04-23 06:07:32.784 +0800 o.a.d.s.m.r.t.TaskGroupCoordinator:[127] - TaskGroupCoordinator round time cost: 1/ms
[WI-0][TI-0] - [INFO] 2024-04-23 06:07:37.800 +0800 o.a.d.s.m.r.t.TaskGroupCoordinator:[127] - TaskGroupCoordinator round time cost: 1/ms
[WI-0][TI-0] - [INFO] 2024-04-23 06:07:42.815 +0800 o.a.d.s.m.r.t.TaskGroupCoordinator:[127] - TaskGroupCoordinator round time cost: 0/ms
[WI-0][TI-0] - [INFO] 2024-04-23 06:07:47.835 +0800 o.a.d.s.m.r.t.TaskGroupCoordinator:[127] - TaskGroupCoordinator round time cost: 1/ms
[WI-0][TI-0] - [INFO] 2024-04-23 06:07:52.881 +0800 o.a.d.s.m.r.t.TaskGroupCoordinator:[127] - TaskGroupCoordinator round time cost: 2/ms
[WI-0][TI-0] - [INFO] 2024-04-23 06:07:57.927 +0800 o.a.d.s.m.r.t.TaskGroupCoordinator:[127] - TaskGroupCoordinator round time cost: 7/ms
[WI-0][TI-0] - [INFO] 2024-04-23 06:08:02.948 +0800 o.a.d.s.m.r.t.TaskGroupCoordinator:[127] - TaskGroupCoordinator round time cost: 0/ms
[WI-0][TI-0] - [INFO] 2024-04-23 06:08:07.977 +0800 o.a.d.s.m.r.t.TaskGroupCoordinator:[127] - TaskGroupCoordinator round time cost: 2/ms
[WI-0][TI-0] - [INFO] 2024-04-23 06:08:13.015 +0800 o.a.d.s.m.r.t.TaskGroupCoordinator:[127] - TaskGroupCoordinator round time cost: 2/ms
[WI-0][TI-0] - [INFO] 2024-04-23 06:08:18.046 +0800 o.a.d.s.m.r.t.TaskGroupCoordinator:[127] - TaskGroupCoordinator round time cost: 3/ms
[WI-0][TI-0] - [INFO] 2024-04-23 06:08:23.078 +0800 o.a.d.s.m.r.t.TaskGroupCoordinator:[127] - TaskGroupCoordinator round time cost: 4/ms
[WI-0][TI-0] - [INFO] 2024-04-23 06:08:28.098 +0800 o.a.d.s.m.r.t.TaskGroupCoordinator:[127] - TaskGroupCoordinator round time cost: 3/ms
[WI-0][TI-0] - [INFO] 2024-04-23 06:08:33.118 +0800 o.a.d.s.m.r.t.TaskGroupCoordinator:[127] - TaskGroupCoordinator round time cost: 5/ms
[WI-0][TI-0] - [INFO] 2024-04-23 06:08:38.136 +0800 o.a.d.s.m.r.t.TaskGroupCoordinator:[127] - TaskGroupCoordinator round time cost: 0/ms
[WI-0][TI-0] - [INFO] 2024-04-23 06:08:43.156 +0800 o.a.d.s.m.r.t.TaskGroupCoordinator:[127] - TaskGroupCoordinator round time cost: 0/ms
[WI-0][TI-0] - [INFO] 2024-04-23 06:08:48.170 +0800 o.a.d.s.m.r.t.TaskGroupCoordinator:[127] - TaskGroupCoordinator round time cost: 1/ms
[WI-0][TI-0] - [INFO] 2024-04-23 06:08:53.236 +0800 o.a.d.s.m.r.t.TaskGroupCoordinator:[127] - TaskGroupCoordinator round time cost: 2/ms
[WI-0][TI-0] - [INFO] 2024-04-23 06:08:58.255 +0800 o.a.d.s.m.r.t.TaskGroupCoordinator:[127] - TaskGroupCoordinator round time cost: 4/ms
[WI-0][TI-0] - [INFO] 2024-04-23 06:09:03.292 +0800 o.a.d.s.m.r.t.TaskGroupCoordinator:[127] - TaskGroupCoordinator round time cost: 4/ms
[WI-0][TI-0] - [INFO] 2024-04-23 06:09:08.312 +0800 o.a.d.s.m.r.t.TaskGroupCoordinator:[127] - TaskGroupCoordinator round time cost: 3/ms
[WI-0][TI-0] - [INFO] 2024-04-23 06:09:13.340 +0800 o.a.d.s.m.r.t.TaskGroupCoordinator:[127] - TaskGroupCoordinator round time cost: 5/ms
[WI-0][TI-0] - [INFO] 2024-04-23 06:09:18.364 +0800 o.a.d.s.m.r.t.TaskGroupCoordinator:[127] - TaskGroupCoordinator round time cost: 2/ms
[WI-0][TI-0] - [INFO] 2024-04-23 06:09:23.386 +0800 o.a.d.s.m.r.t.TaskGroupCoordinator:[127] - TaskGroupCoordinator round time cost: 3/ms
[WI-0][TI-0] - [INFO] 2024-04-23 06:09:28.406 +0800 o.a.d.s.m.r.t.TaskGroupCoordinator:[127] - TaskGroupCoordinator round time cost: 3/ms
[WI-0][TI-0] - [INFO] 2024-04-23 06:09:33.423 +0800 o.a.d.s.m.r.t.TaskGroupCoordinator:[127] - TaskGroupCoordinator round time cost: 1/ms
[WI-0][TI-0] - [INFO] 2024-04-23 06:09:38.438 +0800 o.a.d.s.m.r.t.TaskGroupCoordinator:[127] - TaskGroupCoordinator round time cost: 1/ms
[WI-0][TI-0] - [INFO] 2024-04-23 06:09:43.467 +0800 o.a.d.s.m.r.t.TaskGroupCoordinator:[127] - TaskGroupCoordinator round time cost: 1/ms
[WI-0][TI-0] - [INFO] 2024-04-23 06:09:48.488 +0800 o.a.d.s.m.r.t.TaskGroupCoordinator:[127] - TaskGroupCoordinator round time cost: 2/ms
[WI-0][TI-0] - [INFO] 2024-04-23 06:09:53.535 +0800 o.a.d.s.m.r.t.TaskGroupCoordinator:[127] - TaskGroupCoordinator round time cost: 1/ms
[WI-0][TI-0] - [INFO] 2024-04-23 06:09:58.549 +0800 o.a.d.s.m.r.t.TaskGroupCoordinator:[127] - TaskGroupCoordinator round time cost: 1/ms
[WI-0][TI-0] - [INFO] 2024-04-23 06:10:03.565 +0800 o.a.d.s.m.r.t.TaskGroupCoordinator:[127] - TaskGroupCoordinator round time cost: 1/ms
[WI-0][TI-0] - [INFO] 2024-04-23 06:10:08.597 +0800 o.a.d.s.m.r.t.TaskGroupCoordinator:[127] - TaskGroupCoordinator round time cost: 2/ms
[WI-0][TI-0] - [INFO] 2024-04-23 06:10:13.626 +0800 o.a.d.s.m.r.t.TaskGroupCoordinator:[127] - TaskGroupCoordinator round time cost: 2/ms
[WI-0][TI-0] - [INFO] 2024-04-23 06:10:18.644 +0800 o.a.d.s.m.r.t.TaskGroupCoordinator:[127] - TaskGroupCoordinator round time cost: 2/ms
[WI-0][TI-0] - [INFO] 2024-04-23 06:10:23.665 +0800 o.a.d.s.m.r.t.TaskGroupCoordinator:[127] - TaskGroupCoordinator round time cost: 0/ms
[WI-0][TI-0] - [INFO] 2024-04-23 06:10:28.686 +0800 o.a.d.s.m.r.t.TaskGroupCoordinator:[127] - TaskGroupCoordinator round time cost: 2/ms
[WI-0][TI-0] - [INFO] 2024-04-23 06:10:33.721 +0800 o.a.d.s.m.r.t.TaskGroupCoordinator:[127] - TaskGroupCoordinator round time cost: 6/ms
[WI-0][TI-0] - [INFO] 2024-04-23 06:10:38.742 +0800 o.a.d.s.m.r.t.TaskGroupCoordinator:[127] - TaskGroupCoordinator round time cost: 0/ms
[WI-0][TI-0] - [INFO] 2024-04-23 06:10:43.761 +0800 o.a.d.s.m.r.t.TaskGroupCoordinator:[127] - TaskGroupCoordinator round time cost: 1/ms
[WI-0][TI-0] - [INFO] 2024-04-23 06:10:45.402 +0800 o.a.d.s.m.c.MasterServerLoadProtection:[48] - Master OverLoad: the TotalCpuUsedPercentage: 0.7057142857142857 is over then the MaxCpuUsagePercentageThresholds 0.7
[WI-0][TI-0] - [INFO] 2024-04-23 06:10:45.771 +0800 o.a.d.s.m.c.MasterServerLoadProtection:[48] - Master OverLoad: the TotalCpuUsedPercentage: 0.7057142857142857 is over then the MaxCpuUsagePercentageThresholds 0.7
[WI-0][TI-0] - [WARN] 2024-04-23 06:10:45.771 +0800 o.a.d.s.m.r.MasterSchedulerBootstrap:[123] - The current server is overload, cannot consumes commands.
[WI-0][TI-0] - [INFO] 2024-04-23 06:10:48.820 +0800 o.a.d.s.m.r.t.TaskGroupCoordinator:[127] - TaskGroupCoordinator round time cost: 8/ms
[WI-0][TI-0] - [INFO] 2024-04-23 06:10:53.848 +0800 o.a.d.s.m.r.t.TaskGroupCoordinator:[127] - TaskGroupCoordinator round time cost: 2/ms
[WI-0][TI-0] - [INFO] 2024-04-23 06:10:58.869 +0800 o.a.d.s.m.r.t.TaskGroupCoordinator:[127] - TaskGroupCoordinator round time cost: 4/ms
[WI-0][TI-0] - [INFO] 2024-04-23 06:11:02.557 +0800 o.a.d.s.m.c.MasterServerLoadProtection:[48] - Master OverLoad: the TotalCpuUsedPercentage: 0.8623595505617977 is over then the MaxCpuUsagePercentageThresholds 0.7
[WI-0][TI-0] - [INFO] 2024-04-23 06:11:02.829 +0800 o.a.d.s.m.c.MasterServerLoadProtection:[48] - Master OverLoad: the TotalCpuUsedPercentage: 0.8623595505617977 is over then the MaxCpuUsagePercentageThresholds 0.7
[WI-0][TI-0] - [WARN] 2024-04-23 06:11:02.830 +0800 o.a.d.s.m.r.MasterSchedulerBootstrap:[123] - The current server is overload, cannot consumes commands.
[WI-0][TI-0] - [INFO] 2024-04-23 06:11:03.887 +0800 o.a.d.s.m.r.t.TaskGroupCoordinator:[127] - TaskGroupCoordinator round time cost: 3/ms
[WI-0][TI-0] - [INFO] 2024-04-23 06:11:08.930 +0800 o.a.d.s.m.r.t.TaskGroupCoordinator:[127] - TaskGroupCoordinator round time cost: 3/ms
[WI-0][TI-0] - [INFO] 2024-04-23 06:11:13.967 +0800 o.a.d.s.m.r.t.TaskGroupCoordinator:[127] - TaskGroupCoordinator round time cost: 2/ms
[WI-0][TI-0] - [INFO] 2024-04-23 06:11:18.991 +0800 o.a.d.s.m.r.t.TaskGroupCoordinator:[127] - TaskGroupCoordinator round time cost: 5/ms
[WI-0][TI-0] - [INFO] 2024-04-23 06:11:24.007 +0800 o.a.d.s.m.r.t.TaskGroupCoordinator:[127] - TaskGroupCoordinator round time cost: 1/ms
[WI-0][TI-0] - [INFO] 2024-04-23 06:11:29.026 +0800 o.a.d.s.m.r.t.TaskGroupCoordinator:[127] - TaskGroupCoordinator round time cost: 0/ms
[WI-0][TI-0] - [INFO] 2024-04-23 06:11:34.042 +0800 o.a.d.s.m.r.t.TaskGroupCoordinator:[127] - TaskGroupCoordinator round time cost: 0/ms
[WI-0][TI-0] - [INFO] 2024-04-23 06:11:39.053 +0800 o.a.d.s.m.r.t.TaskGroupCoordinator:[127] - TaskGroupCoordinator round time cost: 1/ms
[WI-0][TI-0] - [INFO] 2024-04-23 06:11:44.064 +0800 o.a.d.s.m.r.t.TaskGroupCoordinator:[127] - TaskGroupCoordinator round time cost: 1/ms
[WI-0][TI-0] - [INFO] 2024-04-23 06:11:49.081 +0800 o.a.d.s.m.r.t.TaskGroupCoordinator:[127] - TaskGroupCoordinator round time cost: 1/ms
[WI-0][TI-0] - [INFO] 2024-04-23 06:11:54.111 +0800 o.a.d.s.m.r.t.TaskGroupCoordinator:[127] - TaskGroupCoordinator round time cost: 0/ms
[WI-0][TI-0] - [INFO] 2024-04-23 06:11:59.136 +0800 o.a.d.s.m.r.t.TaskGroupCoordinator:[127] - TaskGroupCoordinator round time cost: 0/ms
[WI-0][TI-0] - [INFO] 2024-04-23 06:12:04.151 +0800 o.a.d.s.m.r.t.TaskGroupCoordinator:[127] - TaskGroupCoordinator round time cost: 0/ms
[WI-0][TI-0] - [INFO] 2024-04-23 06:12:09.173 +0800 o.a.d.s.m.r.t.TaskGroupCoordinator:[127] - TaskGroupCoordinator round time cost: 0/ms
[WI-0][TI-0] - [INFO] 2024-04-23 06:12:14.186 +0800 o.a.d.s.m.r.t.TaskGroupCoordinator:[127] - TaskGroupCoordinator round time cost: 0/ms
[WI-0][TI-0] - [INFO] 2024-04-23 06:12:19.199 +0800 o.a.d.s.m.r.t.TaskGroupCoordinator:[127] - TaskGroupCoordinator round time cost: 0/ms
[WI-0][TI-0] - [INFO] 2024-04-23 06:12:24.212 +0800 o.a.d.s.m.r.t.TaskGroupCoordinator:[127] - TaskGroupCoordinator round time cost: 0/ms
[WI-0][TI-0] - [INFO] 2024-04-23 06:12:29.223 +0800 o.a.d.s.m.r.t.TaskGroupCoordinator:[127] - TaskGroupCoordinator round time cost: 0/ms
[WI-0][TI-0] - [INFO] 2024-04-23 06:12:34.233 +0800 o.a.d.s.m.r.t.TaskGroupCoordinator:[127] - TaskGroupCoordinator round time cost: 0/ms
[WI-0][TI-0] - [INFO] 2024-04-23 06:12:39.266 +0800 o.a.d.s.m.r.t.TaskGroupCoordinator:[127] - TaskGroupCoordinator round time cost: 2/ms
[WI-0][TI-0] - [INFO] 2024-04-23 06:12:44.280 +0800 o.a.d.s.m.r.t.TaskGroupCoordinator:[127] - TaskGroupCoordinator round time cost: 2/ms
[WI-0][TI-0] - [INFO] 2024-04-23 06:12:49.303 +0800 o.a.d.s.m.r.t.TaskGroupCoordinator:[127] - TaskGroupCoordinator round time cost: 2/ms
[WI-0][TI-0] - [INFO] 2024-04-23 06:12:54.326 +0800 o.a.d.s.m.r.t.TaskGroupCoordinator:[127] - TaskGroupCoordinator round time cost: 0/ms
[WI-0][TI-0] - [INFO] 2024-04-23 06:12:59.337 +0800 o.a.d.s.m.r.t.TaskGroupCoordinator:[127] - TaskGroupCoordinator round time cost: 2/ms
[WI-0][TI-0] - [INFO] 2024-04-23 06:13:04.348 +0800 o.a.d.s.m.r.t.TaskGroupCoordinator:[127] - TaskGroupCoordinator round time cost: 2/ms
[WI-0][TI-0] - [INFO] 2024-04-23 06:13:09.372 +0800 o.a.d.s.m.r.t.TaskGroupCoordinator:[127] - TaskGroupCoordinator round time cost: 2/ms
[WI-0][TI-0] - [INFO] 2024-04-23 06:13:14.401 +0800 o.a.d.s.m.r.t.TaskGroupCoordinator:[127] - TaskGroupCoordinator round time cost: 1/ms
[WI-0][TI-0] - [INFO] 2024-04-23 06:13:19.423 +0800 o.a.d.s.m.r.t.TaskGroupCoordinator:[127] - TaskGroupCoordinator round time cost: 2/ms
[WI-0][TI-0] - [INFO] 2024-04-23 06:13:24.447 +0800 o.a.d.s.m.r.t.TaskGroupCoordinator:[127] - TaskGroupCoordinator round time cost: 1/ms
[WI-0][TI-0] - [INFO] 2024-04-23 06:13:29.463 +0800 o.a.d.s.m.r.t.TaskGroupCoordinator:[127] - TaskGroupCoordinator round time cost: 3/ms
[WI-0][TI-0] - [INFO] 2024-04-23 06:13:34.474 +0800 o.a.d.s.m.r.t.TaskGroupCoordinator:[127] - TaskGroupCoordinator round time cost: 2/ms
[WI-0][TI-0] - [INFO] 2024-04-23 06:13:39.519 +0800 o.a.d.s.m.r.t.TaskGroupCoordinator:[127] - TaskGroupCoordinator round time cost: 2/ms
[WI-0][TI-0] - [INFO] 2024-04-23 06:13:44.536 +0800 o.a.d.s.m.r.t.TaskGroupCoordinator:[127] - TaskGroupCoordinator round time cost: 0/ms
[WI-0][TI-0] - [INFO] 2024-04-23 06:13:49.550 +0800 o.a.d.s.m.r.t.TaskGroupCoordinator:[127] - TaskGroupCoordinator round time cost: 2/ms
[WI-0][TI-0] - [INFO] 2024-04-23 06:13:54.588 +0800 o.a.d.s.m.r.t.TaskGroupCoordinator:[127] - TaskGroupCoordinator round time cost: 5/ms
[WI-0][TI-0] - [INFO] 2024-04-23 06:13:59.604 +0800 o.a.d.s.m.r.t.TaskGroupCoordinator:[127] - TaskGroupCoordinator round time cost: 2/ms
[WI-0][TI-0] - [INFO] 2024-04-23 06:14:04.617 +0800 o.a.d.s.m.r.t.TaskGroupCoordinator:[127] - TaskGroupCoordinator round time cost: 3/ms
[WI-0][TI-0] - [INFO] 2024-04-23 06:14:09.634 +0800 o.a.d.s.m.r.t.TaskGroupCoordinator:[127] - TaskGroupCoordinator round time cost: 0/ms
[WI-0][TI-0] - [INFO] 2024-04-23 06:14:10.644 +0800 o.a.d.s.m.s.MasterFailoverService:[86] - Master failover service 172.18.0.11:5678 begin to failover hosts:[172.18.0.11:5678]
[WI-0][TI-0] - [INFO] 2024-04-23 06:14:10.665 +0800 o.a.d.s.m.s.MasterFailoverService:[124] - Master[172.18.0.11:5678] failover starting there are 1 workflowInstance may need to failover, will do a deep check, workflowInstanceIds: [442]
[WI-442][TI-0] - [INFO] 2024-04-23 06:14:10.666 +0800 o.a.d.s.m.s.MasterFailoverService:[133] - WorkflowInstance failover starting
[WI-442][TI-0] - [INFO] 2024-04-23 06:14:10.666 +0800 o.a.d.s.m.s.MasterFailoverService:[184] - The workflowInstance is newly created, no need to failover
[WI-0][TI-0] - [INFO] 2024-04-23 06:14:10.666 +0800 o.a.d.s.m.s.MasterFailoverService:[148] - Master[172.18.0.11:5678] failover finished, useTime:4ms
[WI-0][TI-0] - [INFO] 2024-04-23 06:14:14.870 +0800 o.a.d.s.m.r.t.TaskGroupCoordinator:[127] - TaskGroupCoordinator round time cost: 3/ms
[WI-0][TI-0] - [INFO] 2024-04-23 06:14:19.889 +0800 o.a.d.s.m.r.t.TaskGroupCoordinator:[127] - TaskGroupCoordinator round time cost: 9/ms
[WI-0][TI-0] - [INFO] 2024-04-23 06:14:24.912 +0800 o.a.d.s.m.r.t.TaskGroupCoordinator:[127] - TaskGroupCoordinator round time cost: 3/ms
[WI-0][TI-0] - [INFO] 2024-04-23 06:14:29.927 +0800 o.a.d.s.m.r.t.TaskGroupCoordinator:[127] - TaskGroupCoordinator round time cost: 2/ms
[WI-0][TI-0] - [INFO] 2024-04-23 06:14:34.948 +0800 o.a.d.s.m.r.t.TaskGroupCoordinator:[127] - TaskGroupCoordinator round time cost: 2/ms
[WI-0][TI-0] - [INFO] 2024-04-23 06:14:39.967 +0800 o.a.d.s.m.r.t.TaskGroupCoordinator:[127] - TaskGroupCoordinator round time cost: 1/ms
[WI-0][TI-0] - [INFO] 2024-04-23 06:14:44.984 +0800 o.a.d.s.m.r.t.TaskGroupCoordinator:[127] - TaskGroupCoordinator round time cost: 3/ms
[WI-0][TI-0] - [INFO] 2024-04-23 06:14:50.177 +0800 o.a.d.s.m.r.t.TaskGroupCoordinator:[127] - TaskGroupCoordinator round time cost: 4/ms
[WI-0][TI-0] - [INFO] 2024-04-23 06:14:55.210 +0800 o.a.d.s.m.r.t.TaskGroupCoordinator:[127] - TaskGroupCoordinator round time cost: 8/ms
[WI-0][TI-0] - [INFO] 2024-04-23 06:15:00.227 +0800 o.a.d.s.m.r.t.TaskGroupCoordinator:[127] - TaskGroupCoordinator round time cost: 3/ms
[WI-0][TI-0] - [INFO] 2024-04-23 06:15:05.238 +0800 o.a.d.s.m.r.t.TaskGroupCoordinator:[127] - TaskGroupCoordinator round time cost: 1/ms
[WI-0][TI-0] - [INFO] 2024-04-23 06:15:10.249 +0800 o.a.d.s.m.r.t.TaskGroupCoordinator:[127] - TaskGroupCoordinator round time cost: 0/ms
[WI-0][TI-0] - [INFO] 2024-04-23 06:15:15.265 +0800 o.a.d.s.m.r.t.TaskGroupCoordinator:[127] - TaskGroupCoordinator round time cost: 0/ms
[WI-0][TI-0] - [INFO] 2024-04-23 06:15:20.281 +0800 o.a.d.s.m.r.t.TaskGroupCoordinator:[127] - TaskGroupCoordinator round time cost: 0/ms
[WI-0][TI-0] - [INFO] 2024-04-23 06:15:25.297 +0800 o.a.d.s.m.r.t.TaskGroupCoordinator:[127] - TaskGroupCoordinator round time cost: 0/ms
[WI-0][TI-0] - [INFO] 2024-04-23 06:15:30.309 +0800 o.a.d.s.m.r.t.TaskGroupCoordinator:[127] - TaskGroupCoordinator round time cost: 0/ms
[WI-0][TI-0] - [INFO] 2024-04-23 06:15:35.332 +0800 o.a.d.s.m.r.t.TaskGroupCoordinator:[127] - TaskGroupCoordinator round time cost: 0/ms
[WI-0][TI-0] - [INFO] 2024-04-23 06:15:40.351 +0800 o.a.d.s.m.r.t.TaskGroupCoordinator:[127] - TaskGroupCoordinator round time cost: 2/ms
[WI-0][TI-0] - [INFO] 2024-04-23 06:15:45.365 +0800 o.a.d.s.m.r.t.TaskGroupCoordinator:[127] - TaskGroupCoordinator round time cost: 0/ms
[WI-0][TI-0] - [INFO] 2024-04-23 06:15:50.383 +0800 o.a.d.s.m.r.t.TaskGroupCoordinator:[127] - TaskGroupCoordinator round time cost: 0/ms
[WI-0][TI-0] - [INFO] 2024-04-23 06:15:53.575 +0800 o.a.d.s.m.c.MasterServerLoadProtection:[48] - Master OverLoad: the TotalCpuUsedPercentage: 1.0 is over then the MaxCpuUsagePercentageThresholds 0.7
[WI-0][TI-0] - [WARN] 2024-04-23 06:15:53.575 +0800 o.a.d.s.m.r.MasterSchedulerBootstrap:[123] - The current server is overload, cannot consumes commands.
[WI-0][TI-0] - [INFO] 2024-04-23 06:15:55.472 +0800 o.a.d.s.m.r.t.TaskGroupCoordinator:[127] - TaskGroupCoordinator round time cost: 0/ms
[WI-0][TI-0] - [INFO] 2024-04-23 06:15:59.596 +0800 o.a.d.s.m.c.MasterServerLoadProtection:[48] - Master OverLoad: the TotalCpuUsedPercentage: 1.0 is over then the MaxCpuUsagePercentageThresholds 0.7
[WI-0][TI-0] - [WARN] 2024-04-23 06:15:59.596 +0800 o.a.d.s.m.r.MasterSchedulerBootstrap:[123] - The current server is overload, cannot consumes commands.
[WI-0][TI-0] - [INFO] 2024-04-23 06:16:00.485 +0800 o.a.d.s.m.r.t.TaskGroupCoordinator:[127] - TaskGroupCoordinator round time cost: 0/ms
[WI-0][TI-0] - [INFO] 2024-04-23 06:16:05.504 +0800 o.a.d.s.m.r.t.TaskGroupCoordinator:[127] - TaskGroupCoordinator round time cost: 0/ms
[WI-0][TI-0] - [INFO] 2024-04-23 06:16:10.529 +0800 o.a.d.s.m.r.t.TaskGroupCoordinator:[127] - TaskGroupCoordinator round time cost: 3/ms
[WI-0][TI-0] - [INFO] 2024-04-23 06:16:15.553 +0800 o.a.d.s.m.r.t.TaskGroupCoordinator:[127] - TaskGroupCoordinator round time cost: 2/ms
[WI-0][TI-0] - [INFO] 2024-04-23 06:16:20.568 +0800 o.a.d.s.m.r.t.TaskGroupCoordinator:[127] - TaskGroupCoordinator round time cost: 1/ms
[WI-0][TI-0] - [INFO] 2024-04-23 06:16:25.581 +0800 o.a.d.s.m.r.t.TaskGroupCoordinator:[127] - TaskGroupCoordinator round time cost: 0/ms
[WI-0][TI-0] - [INFO] 2024-04-23 06:16:30.596 +0800 o.a.d.s.m.r.t.TaskGroupCoordinator:[127] - TaskGroupCoordinator round time cost: 1/ms
[WI-0][TI-0] - [INFO] 2024-04-23 06:16:35.612 +0800 o.a.d.s.m.r.t.TaskGroupCoordinator:[127] - TaskGroupCoordinator round time cost: 0/ms
[WI-0][TI-0] - [INFO] 2024-04-23 06:16:40.626 +0800 o.a.d.s.m.r.t.TaskGroupCoordinator:[127] - TaskGroupCoordinator round time cost: 0/ms
[WI-0][TI-0] - [INFO] 2024-04-23 06:16:45.636 +0800 o.a.d.s.m.r.t.TaskGroupCoordinator:[127] - TaskGroupCoordinator round time cost: 1/ms
[WI-0][TI-0] - [INFO] 2024-04-23 06:16:50.647 +0800 o.a.d.s.m.r.t.TaskGroupCoordinator:[127] - TaskGroupCoordinator round time cost: 0/ms
[WI-0][TI-0] - [INFO] 2024-04-23 06:16:55.737 +0800 o.a.d.s.m.r.t.TaskGroupCoordinator:[127] - TaskGroupCoordinator round time cost: 1/ms
[WI-0][TI-0] - [INFO] 2024-04-23 06:17:00.755 +0800 o.a.d.s.m.r.t.TaskGroupCoordinator:[127] - TaskGroupCoordinator round time cost: 0/ms
[WI-0][TI-0] - [INFO] 2024-04-23 06:17:05.769 +0800 o.a.d.s.m.r.t.TaskGroupCoordinator:[127] - TaskGroupCoordinator round time cost: 1/ms
[WI-0][TI-0] - [INFO] 2024-04-23 06:17:10.785 +0800 o.a.d.s.m.r.t.TaskGroupCoordinator:[127] - TaskGroupCoordinator round time cost: 0/ms
[WI-0][TI-0] - [INFO] 2024-04-23 06:17:15.803 +0800 o.a.d.s.m.r.t.TaskGroupCoordinator:[127] - TaskGroupCoordinator round time cost: 0/ms
[WI-0][TI-0] - [INFO] 2024-04-23 06:17:20.814 +0800 o.a.d.s.m.r.t.TaskGroupCoordinator:[127] - TaskGroupCoordinator round time cost: 0/ms
[WI-0][TI-0] - [INFO] 2024-04-23 06:17:25.827 +0800 o.a.d.s.m.r.t.TaskGroupCoordinator:[127] - TaskGroupCoordinator round time cost: 1/ms
[WI-0][TI-0] - [INFO] 2024-04-23 06:17:30.838 +0800 o.a.d.s.m.r.t.TaskGroupCoordinator:[127] - TaskGroupCoordinator round time cost: 0/ms
[WI-0][TI-0] - [INFO] 2024-04-23 06:17:35.862 +0800 o.a.d.s.m.r.t.TaskGroupCoordinator:[127] - TaskGroupCoordinator round time cost: 0/ms
[WI-0][TI-0] - [INFO] 2024-04-23 06:17:40.872 +0800 o.a.d.s.m.r.t.TaskGroupCoordinator:[127] - TaskGroupCoordinator round time cost: 0/ms
[WI-0][TI-0] - [INFO] 2024-04-23 06:17:45.891 +0800 o.a.d.s.m.r.t.TaskGroupCoordinator:[127] - TaskGroupCoordinator round time cost: 3/ms
[WI-0][TI-0] - [INFO] 2024-04-23 06:17:50.148 +0800 o.a.d.s.m.c.MasterServerLoadProtection:[48] - Master OverLoad: the TotalCpuUsedPercentage: 1.0 is over then the MaxCpuUsagePercentageThresholds 0.7
[WI-0][TI-0] - [INFO] 2024-04-23 06:17:50.915 +0800 o.a.d.s.m.r.t.TaskGroupCoordinator:[127] - TaskGroupCoordinator round time cost: 0/ms
[WI-0][TI-0] - [INFO] 2024-04-23 06:17:55.943 +0800 o.a.d.s.m.r.t.TaskGroupCoordinator:[127] - TaskGroupCoordinator round time cost: 2/ms
[WI-0][TI-0] - [INFO] 2024-04-23 06:18:00.953 +0800 o.a.d.s.m.r.t.TaskGroupCoordinator:[127] - TaskGroupCoordinator round time cost: 0/ms
[WI-0][TI-0] - [INFO] 2024-04-23 06:18:05.970 +0800 o.a.d.s.m.r.t.TaskGroupCoordinator:[127] - TaskGroupCoordinator round time cost: 0/ms
[WI-0][TI-0] - [INFO] 2024-04-23 06:18:10.983 +0800 o.a.d.s.m.r.t.TaskGroupCoordinator:[127] - TaskGroupCoordinator round time cost: 1/ms
[WI-0][TI-0] - [INFO] 2024-04-23 06:18:15.997 +0800 o.a.d.s.m.r.t.TaskGroupCoordinator:[127] - TaskGroupCoordinator round time cost: 0/ms
[WI-0][TI-0] - [INFO] 2024-04-23 06:18:21.008 +0800 o.a.d.s.m.r.t.TaskGroupCoordinator:[127] - TaskGroupCoordinator round time cost: 1/ms
[WI-0][TI-0] - [INFO] 2024-04-23 06:18:26.027 +0800 o.a.d.s.m.r.t.TaskGroupCoordinator:[127] - TaskGroupCoordinator round time cost: 1/ms
[WI-0][TI-0] - [INFO] 2024-04-23 06:18:31.041 +0800 o.a.d.s.m.r.t.TaskGroupCoordinator:[127] - TaskGroupCoordinator round time cost: 0/ms
[WI-0][TI-0] - [INFO] 2024-04-23 06:18:36.052 +0800 o.a.d.s.m.r.t.TaskGroupCoordinator:[127] - TaskGroupCoordinator round time cost: 0/ms
[WI-0][TI-0] - [INFO] 2024-04-23 06:18:41.061 +0800 o.a.d.s.m.r.t.TaskGroupCoordinator:[127] - TaskGroupCoordinator round time cost: 0/ms
[WI-0][TI-0] - [INFO] 2024-04-23 06:18:46.076 +0800 o.a.d.s.m.r.t.TaskGroupCoordinator:[127] - TaskGroupCoordinator round time cost: 1/ms
[WI-0][TI-0] - [INFO] 2024-04-23 06:18:51.099 +0800 o.a.d.s.m.r.t.TaskGroupCoordinator:[127] - TaskGroupCoordinator round time cost: 1/ms
[WI-0][TI-0] - [INFO] 2024-04-23 06:18:56.128 +0800 o.a.d.s.m.r.t.TaskGroupCoordinator:[127] - TaskGroupCoordinator round time cost: 1/ms
[WI-0][TI-0] - [INFO] 2024-04-23 06:19:01.157 +0800 o.a.d.s.m.r.t.TaskGroupCoordinator:[127] - TaskGroupCoordinator round time cost: 0/ms
[WI-0][TI-0] - [INFO] 2024-04-23 06:19:06.175 +0800 o.a.d.s.m.r.t.TaskGroupCoordinator:[127] - TaskGroupCoordinator round time cost: 0/ms
[WI-0][TI-0] - [INFO] 2024-04-23 06:19:11.220 +0800 o.a.d.s.m.r.t.TaskGroupCoordinator:[127] - TaskGroupCoordinator round time cost: 0/ms
[WI-0][TI-0] - [INFO] 2024-04-23 06:19:16.238 +0800 o.a.d.s.m.r.t.TaskGroupCoordinator:[127] - TaskGroupCoordinator round time cost: 0/ms
[WI-0][TI-0] - [INFO] 2024-04-23 06:19:21.248 +0800 o.a.d.s.m.r.t.TaskGroupCoordinator:[127] - TaskGroupCoordinator round time cost: 0/ms
[WI-0][TI-0] - [INFO] 2024-04-23 06:19:26.288 +0800 o.a.d.s.m.r.t.TaskGroupCoordinator:[127] - TaskGroupCoordinator round time cost: 2/ms
[WI-0][TI-0] - [INFO] 2024-04-23 06:19:31.316 +0800 o.a.d.s.m.r.t.TaskGroupCoordinator:[127] - TaskGroupCoordinator round time cost: 3/ms
[WI-0][TI-0] - [INFO] 2024-04-23 06:19:36.342 +0800 o.a.d.s.m.r.t.TaskGroupCoordinator:[127] - TaskGroupCoordinator round time cost: 2/ms
[WI-0][TI-0] - [INFO] 2024-04-23 06:19:41.356 +0800 o.a.d.s.m.r.t.TaskGroupCoordinator:[127] - TaskGroupCoordinator round time cost: 2/ms
[WI-0][TI-0] - [INFO] 2024-04-23 06:19:46.381 +0800 o.a.d.s.m.r.t.TaskGroupCoordinator:[127] - TaskGroupCoordinator round time cost: 3/ms
[WI-0][TI-0] - [INFO] 2024-04-23 06:19:51.398 +0800 o.a.d.s.m.r.t.TaskGroupCoordinator:[127] - TaskGroupCoordinator round time cost: 3/ms
[WI-0][TI-0] - [INFO] 2024-04-23 06:19:53.736 +0800 o.a.d.s.m.c.MasterServerLoadProtection:[48] - Master OverLoad: the TotalCpuUsedPercentage: 1.0 is over then the MaxCpuUsagePercentageThresholds 0.7
[WI-0][TI-0] - [WARN] 2024-04-23 06:19:53.737 +0800 o.a.d.s.m.r.MasterSchedulerBootstrap:[123] - The current server is overload, cannot consumes commands.
[WI-0][TI-0] - [INFO] 2024-04-23 06:19:54.735 +0800 o.a.d.s.m.c.MasterServerLoadProtection:[48] - Master OverLoad: the TotalCpuUsedPercentage: 1.0 is over then the MaxCpuUsagePercentageThresholds 0.7
[WI-0][TI-0] - [INFO] 2024-04-23 06:19:56.429 +0800 o.a.d.s.m.r.t.TaskGroupCoordinator:[127] - TaskGroupCoordinator round time cost: 2/ms
[WI-0][TI-0] - [INFO] 2024-04-23 06:20:01.462 +0800 o.a.d.s.m.r.t.TaskGroupCoordinator:[127] - TaskGroupCoordinator round time cost: 2/ms
[WI-0][TI-0] - [INFO] 2024-04-23 06:20:06.485 +0800 o.a.d.s.m.r.t.TaskGroupCoordinator:[127] - TaskGroupCoordinator round time cost: 3/ms
[WI-0][TI-0] - [INFO] 2024-04-23 06:20:11.520 +0800 o.a.d.s.m.r.t.TaskGroupCoordinator:[127] - TaskGroupCoordinator round time cost: 2/ms
[WI-0][TI-0] - [INFO] 2024-04-23 06:20:16.533 +0800 o.a.d.s.m.r.t.TaskGroupCoordinator:[127] - TaskGroupCoordinator round time cost: 3/ms
[WI-0][TI-0] - [INFO] 2024-04-23 06:20:21.563 +0800 o.a.d.s.m.r.t.TaskGroupCoordinator:[127] - TaskGroupCoordinator round time cost: 2/ms
[WI-0][TI-0] - [INFO] 2024-04-23 06:20:26.577 +0800 o.a.d.s.m.r.t.TaskGroupCoordinator:[127] - TaskGroupCoordinator round time cost: 4/ms
[WI-0][TI-0] - [INFO] 2024-04-23 06:20:31.592 +0800 o.a.d.s.m.r.t.TaskGroupCoordinator:[127] - TaskGroupCoordinator round time cost: 2/ms
[WI-0][TI-0] - [INFO] 2024-04-23 06:20:36.607 +0800 o.a.d.s.m.r.t.TaskGroupCoordinator:[127] - TaskGroupCoordinator round time cost: 3/ms
[WI-0][TI-0] - [INFO] 2024-04-23 06:20:41.621 +0800 o.a.d.s.m.r.t.TaskGroupCoordinator:[127] - TaskGroupCoordinator round time cost: 3/ms
[WI-0][TI-0] - [INFO] 2024-04-23 06:20:46.640 +0800 o.a.d.s.m.r.t.TaskGroupCoordinator:[127] - TaskGroupCoordinator round time cost: 3/ms
[WI-0][TI-0] - [INFO] 2024-04-23 06:20:51.652 +0800 o.a.d.s.m.r.t.TaskGroupCoordinator:[127] - TaskGroupCoordinator round time cost: 2/ms
[WI-0][TI-0] - [INFO] 2024-04-23 06:20:56.703 +0800 o.a.d.s.m.r.t.TaskGroupCoordinator:[127] - TaskGroupCoordinator round time cost: 3/ms
[WI-0][TI-0] - [INFO] 2024-04-23 06:21:01.718 +0800 o.a.d.s.m.r.t.TaskGroupCoordinator:[127] - TaskGroupCoordinator round time cost: 2/ms
[WI-0][TI-0] - [INFO] 2024-04-23 06:21:06.744 +0800 o.a.d.s.m.r.t.TaskGroupCoordinator:[127] - TaskGroupCoordinator round time cost: 6/ms
[WI-0][TI-0] - [INFO] 2024-04-23 06:21:11.769 +0800 o.a.d.s.m.r.t.TaskGroupCoordinator:[127] - TaskGroupCoordinator round time cost: 2/ms
[WI-0][TI-0] - [INFO] 2024-04-23 06:21:16.798 +0800 o.a.d.s.m.r.t.TaskGroupCoordinator:[127] - TaskGroupCoordinator round time cost: 2/ms
[WI-0][TI-0] - [INFO] 2024-04-23 06:21:21.812 +0800 o.a.d.s.m.r.t.TaskGroupCoordinator:[127] - TaskGroupCoordinator round time cost: 2/ms
[WI-0][TI-0] - [INFO] 2024-04-23 06:21:26.831 +0800 o.a.d.s.m.r.t.TaskGroupCoordinator:[127] - TaskGroupCoordinator round time cost: 0/ms
[WI-0][TI-0] - [INFO] 2024-04-23 06:21:31.851 +0800 o.a.d.s.m.r.t.TaskGroupCoordinator:[127] - TaskGroupCoordinator round time cost: 0/ms
[WI-0][TI-0] - [INFO] 2024-04-23 06:21:36.864 +0800 o.a.d.s.m.r.t.TaskGroupCoordinator:[127] - TaskGroupCoordinator round time cost: 0/ms
[WI-0][TI-0] - [INFO] 2024-04-23 06:21:41.876 +0800 o.a.d.s.m.r.t.TaskGroupCoordinator:[127] - TaskGroupCoordinator round time cost: 2/ms
[WI-0][TI-0] - [INFO] 2024-04-23 06:21:46.941 +0800 o.a.d.s.m.r.t.TaskGroupCoordinator:[127] - TaskGroupCoordinator round time cost: 2/ms
[WI-0][TI-0] - [INFO] 2024-04-23 06:21:51.954 +0800 o.a.d.s.m.r.t.TaskGroupCoordinator:[127] - TaskGroupCoordinator round time cost: 0/ms
[WI-0][TI-0] - [INFO] 2024-04-23 06:21:56.983 +0800 o.a.d.s.m.r.t.TaskGroupCoordinator:[127] - TaskGroupCoordinator round time cost: 2/ms
[WI-0][TI-0] - [INFO] 2024-04-23 06:22:02.004 +0800 o.a.d.s.m.r.t.TaskGroupCoordinator:[127] - TaskGroupCoordinator round time cost: 1/ms
[WI-0][TI-0] - [INFO] 2024-04-23 06:22:07.016 +0800 o.a.d.s.m.r.t.TaskGroupCoordinator:[127] - TaskGroupCoordinator round time cost: 2/ms
[WI-0][TI-0] - [INFO] 2024-04-23 06:22:12.141 +0800 o.a.d.s.m.r.t.TaskGroupCoordinator:[127] - TaskGroupCoordinator round time cost: 10/ms
[WI-0][TI-0] - [INFO] 2024-04-23 06:22:17.158 +0800 o.a.d.s.m.r.t.TaskGroupCoordinator:[127] - TaskGroupCoordinator round time cost: 3/ms
[WI-0][TI-0] - [INFO] 2024-04-23 06:22:22.179 +0800 o.a.d.s.m.r.t.TaskGroupCoordinator:[127] - TaskGroupCoordinator round time cost: 2/ms
[WI-0][TI-0] - [INFO] 2024-04-23 06:22:27.205 +0800 o.a.d.s.m.r.t.TaskGroupCoordinator:[127] - TaskGroupCoordinator round time cost: 3/ms
[WI-0][TI-0] - [INFO] 2024-04-23 06:22:32.217 +0800 o.a.d.s.m.r.t.TaskGroupCoordinator:[127] - TaskGroupCoordinator round time cost: 2/ms
[WI-0][TI-0] - [INFO] 2024-04-23 06:22:37.233 +0800 o.a.d.s.m.r.t.TaskGroupCoordinator:[127] - TaskGroupCoordinator round time cost: 3/ms
[WI-0][TI-0] - [INFO] 2024-04-23 06:22:42.253 +0800 o.a.d.s.m.r.t.TaskGroupCoordinator:[127] - TaskGroupCoordinator round time cost: 2/ms
[WI-0][TI-0] - [INFO] 2024-04-23 06:22:47.298 +0800 o.a.d.s.m.r.t.TaskGroupCoordinator:[127] - TaskGroupCoordinator round time cost: 3/ms
[WI-0][TI-0] - [INFO] 2024-04-23 06:22:52.312 +0800 o.a.d.s.m.r.t.TaskGroupCoordinator:[127] - TaskGroupCoordinator round time cost: 2/ms
[WI-0][TI-0] - [INFO] 2024-04-23 06:22:57.333 +0800 o.a.d.s.m.r.t.TaskGroupCoordinator:[127] - TaskGroupCoordinator round time cost: 2/ms
[WI-0][TI-0] - [INFO] 2024-04-23 06:23:02.345 +0800 o.a.d.s.m.r.t.TaskGroupCoordinator:[127] - TaskGroupCoordinator round time cost: 2/ms
[WI-0][TI-0] - [INFO] 2024-04-23 06:23:07.356 +0800 o.a.d.s.m.r.t.TaskGroupCoordinator:[127] - TaskGroupCoordinator round time cost: 2/ms
[WI-0][TI-0] - [INFO] 2024-04-23 06:23:12.366 +0800 o.a.d.s.m.r.t.TaskGroupCoordinator:[127] - TaskGroupCoordinator round time cost: 1/ms
[WI-0][TI-0] - [INFO] 2024-04-23 06:23:17.380 +0800 o.a.d.s.m.r.t.TaskGroupCoordinator:[127] - TaskGroupCoordinator round time cost: 2/ms
[WI-0][TI-0] - [INFO] 2024-04-23 06:23:22.406 +0800 o.a.d.s.m.r.t.TaskGroupCoordinator:[127] - TaskGroupCoordinator round time cost: 2/ms
[WI-0][TI-0] - [INFO] 2024-04-23 06:23:27.426 +0800 o.a.d.s.m.r.t.TaskGroupCoordinator:[127] - TaskGroupCoordinator round time cost: 2/ms
[WI-0][TI-0] - [INFO] 2024-04-23 06:23:32.466 +0800 o.a.d.s.m.r.t.TaskGroupCoordinator:[127] - TaskGroupCoordinator round time cost: 0/ms
[WI-0][TI-0] - [INFO] 2024-04-23 06:23:37.497 +0800 o.a.d.s.m.r.t.TaskGroupCoordinator:[127] - TaskGroupCoordinator round time cost: 0/ms
[WI-0][TI-0] - [INFO] 2024-04-23 06:23:42.516 +0800 o.a.d.s.m.r.t.TaskGroupCoordinator:[127] - TaskGroupCoordinator round time cost: 2/ms
[WI-0][TI-0] - [INFO] 2024-04-23 06:23:47.540 +0800 o.a.d.s.m.r.t.TaskGroupCoordinator:[127] - TaskGroupCoordinator round time cost: 2/ms
[WI-0][TI-0] - [INFO] 2024-04-23 06:23:52.589 +0800 o.a.d.s.m.r.t.TaskGroupCoordinator:[127] - TaskGroupCoordinator round time cost: 3/ms
[WI-0][TI-0] - [INFO] 2024-04-23 06:23:57.614 +0800 o.a.d.s.m.r.t.TaskGroupCoordinator:[127] - TaskGroupCoordinator round time cost: 1/ms
[WI-0][TI-0] - [INFO] 2024-04-23 06:24:02.627 +0800 o.a.d.s.m.r.t.TaskGroupCoordinator:[127] - TaskGroupCoordinator round time cost: 1/ms
[WI-0][TI-0] - [INFO] 2024-04-23 06:24:07.643 +0800 o.a.d.s.m.r.t.TaskGroupCoordinator:[127] - TaskGroupCoordinator round time cost: 2/ms
[WI-0][TI-0] - [INFO] 2024-04-23 06:24:10.677 +0800 o.a.d.s.m.s.MasterFailoverService:[86] - Master failover service 172.18.0.11:5678 begin to failover hosts:[172.18.0.11:5678]
[WI-0][TI-0] - [INFO] 2024-04-23 06:24:10.697 +0800 o.a.d.s.m.s.MasterFailoverService:[124] - Master[172.18.0.11:5678] failover starting there are 1 workflowInstance may need to failover, will do a deep check, workflowInstanceIds: [442]
[WI-442][TI-0] - [INFO] 2024-04-23 06:24:10.698 +0800 o.a.d.s.m.s.MasterFailoverService:[133] - WorkflowInstance failover starting
[WI-442][TI-0] - [INFO] 2024-04-23 06:24:10.698 +0800 o.a.d.s.m.s.MasterFailoverService:[184] - The workflowInstance is newly created, no need to failover
[WI-0][TI-0] - [INFO] 2024-04-23 06:24:10.698 +0800 o.a.d.s.m.s.MasterFailoverService:[148] - Master[172.18.0.11:5678] failover finished, useTime:4ms
[WI-0][TI-0] - [INFO] 2024-04-23 06:24:12.661 +0800 o.a.d.s.m.r.t.TaskGroupCoordinator:[127] - TaskGroupCoordinator round time cost: 0/ms
[WI-0][TI-0] - [INFO] 2024-04-23 06:24:17.672 +0800 o.a.d.s.m.r.t.TaskGroupCoordinator:[127] - TaskGroupCoordinator round time cost: 0/ms
[WI-0][TI-0] - [INFO] 2024-04-23 06:24:22.726 +0800 o.a.d.s.m.r.t.TaskGroupCoordinator:[127] - TaskGroupCoordinator round time cost: 5/ms
[WI-0][TI-0] - [INFO] 2024-04-23 06:24:27.742 +0800 o.a.d.s.m.r.t.TaskGroupCoordinator:[127] - TaskGroupCoordinator round time cost: 3/ms
[WI-0][TI-0] - [INFO] 2024-04-23 06:24:32.751 +0800 o.a.d.s.m.r.t.TaskGroupCoordinator:[127] - TaskGroupCoordinator round time cost: 0/ms
[WI-0][TI-0] - [INFO] 2024-04-23 06:24:37.769 +0800 o.a.d.s.m.r.t.TaskGroupCoordinator:[127] - TaskGroupCoordinator round time cost: 2/ms
[WI-0][TI-0] - [INFO] 2024-04-23 06:24:42.782 +0800 o.a.d.s.m.r.t.TaskGroupCoordinator:[127] - TaskGroupCoordinator round time cost: 2/ms
[WI-0][TI-0] - [INFO] 2024-04-23 06:24:47.823 +0800 o.a.d.s.m.r.t.TaskGroupCoordinator:[127] - TaskGroupCoordinator round time cost: 2/ms
[WI-0][TI-0] - [INFO] 2024-04-23 06:24:52.836 +0800 o.a.d.s.m.r.t.TaskGroupCoordinator:[127] - TaskGroupCoordinator round time cost: 3/ms
[WI-0][TI-0] - [INFO] 2024-04-23 06:24:57.866 +0800 o.a.d.s.m.r.t.TaskGroupCoordinator:[127] - TaskGroupCoordinator round time cost: 1/ms
[WI-0][TI-0] - [INFO] 2024-04-23 06:25:02.880 +0800 o.a.d.s.m.r.t.TaskGroupCoordinator:[127] - TaskGroupCoordinator round time cost: 1/ms
[WI-0][TI-0] - [INFO] 2024-04-23 06:25:07.894 +0800 o.a.d.s.m.r.t.TaskGroupCoordinator:[127] - TaskGroupCoordinator round time cost: 2/ms
[WI-0][TI-0] - [INFO] 2024-04-23 06:25:11.700 +0800 o.a.d.s.m.c.MasterServerLoadProtection:[48] - Master OverLoad: the TotalCpuUsedPercentage: 1.0 is over then the MaxCpuUsagePercentageThresholds 0.7
[WI-0][TI-0] - [WARN] 2024-04-23 06:25:11.700 +0800 o.a.d.s.m.r.MasterSchedulerBootstrap:[123] - The current server is overload, cannot consumes commands.
[WI-0][TI-0] - [INFO] 2024-04-23 06:25:12.905 +0800 o.a.d.s.m.r.t.TaskGroupCoordinator:[127] - TaskGroupCoordinator round time cost: 1/ms
[WI-0][TI-0] - [INFO] 2024-04-23 06:25:17.914 +0800 o.a.d.s.m.r.t.TaskGroupCoordinator:[127] - TaskGroupCoordinator round time cost: 0/ms
[WI-0][TI-0] - [INFO] 2024-04-23 06:25:22.926 +0800 o.a.d.s.m.r.t.TaskGroupCoordinator:[127] - TaskGroupCoordinator round time cost: 2/ms
[WI-0][TI-0] - [INFO] 2024-04-23 06:25:27.994 +0800 o.a.d.s.m.r.t.TaskGroupCoordinator:[127] - TaskGroupCoordinator round time cost: 5/ms
[WI-0][TI-0] - [INFO] 2024-04-23 06:25:33.023 +0800 o.a.d.s.m.r.t.TaskGroupCoordinator:[127] - TaskGroupCoordinator round time cost: 2/ms
[WI-0][TI-0] - [INFO] 2024-04-23 06:25:35.491 +0800 o.a.d.s.m.c.MasterServerLoadProtection:[48] - Master OverLoad: the TotalCpuUsedPercentage: 1.0 is over then the MaxCpuUsagePercentageThresholds 0.7
[WI-0][TI-0] - [WARN] 2024-04-23 06:25:35.493 +0800 o.a.d.s.m.r.MasterSchedulerBootstrap:[123] - The current server is overload, cannot consumes commands.
[WI-0][TI-0] - [INFO] 2024-04-23 06:25:38.041 +0800 o.a.d.s.m.r.t.TaskGroupCoordinator:[127] - TaskGroupCoordinator round time cost: 2/ms
[WI-0][TI-0] - [INFO] 2024-04-23 06:25:43.055 +0800 o.a.d.s.m.r.t.TaskGroupCoordinator:[127] - TaskGroupCoordinator round time cost: 2/ms
[WI-0][TI-0] - [INFO] 2024-04-23 06:25:48.068 +0800 o.a.d.s.m.r.t.TaskGroupCoordinator:[127] - TaskGroupCoordinator round time cost: 0/ms
[WI-0][TI-0] - [INFO] 2024-04-23 06:25:53.091 +0800 o.a.d.s.m.r.t.TaskGroupCoordinator:[127] - TaskGroupCoordinator round time cost: 2/ms
[WI-0][TI-0] - [INFO] 2024-04-23 06:25:58.105 +0800 o.a.d.s.m.r.t.TaskGroupCoordinator:[127] - TaskGroupCoordinator round time cost: 1/ms
[WI-0][TI-0] - [INFO] 2024-04-23 06:26:03.152 +0800 o.a.d.s.m.r.t.TaskGroupCoordinator:[127] - TaskGroupCoordinator round time cost: 3/ms
[WI-0][TI-0] - [INFO] 2024-04-23 06:26:08.165 +0800 o.a.d.s.m.r.t.TaskGroupCoordinator:[127] - TaskGroupCoordinator round time cost: 0/ms
[WI-0][TI-0] - [INFO] 2024-04-23 06:26:13.181 +0800 o.a.d.s.m.r.t.TaskGroupCoordinator:[127] - TaskGroupCoordinator round time cost: 4/ms
[WI-0][TI-0] - [INFO] 2024-04-23 06:26:18.201 +0800 o.a.d.s.m.r.t.TaskGroupCoordinator:[127] - TaskGroupCoordinator round time cost: 0/ms
[WI-0][TI-0] - [INFO] 2024-04-23 06:26:23.241 +0800 o.a.d.s.m.r.t.TaskGroupCoordinator:[127] - TaskGroupCoordinator round time cost: 2/ms
[WI-0][TI-0] - [INFO] 2024-04-23 06:26:28.260 +0800 o.a.d.s.m.r.t.TaskGroupCoordinator:[127] - TaskGroupCoordinator round time cost: 2/ms
[WI-0][TI-0] - [INFO] 2024-04-23 06:26:33.274 +0800 o.a.d.s.m.r.t.TaskGroupCoordinator:[127] - TaskGroupCoordinator round time cost: 2/ms
[WI-0][TI-0] - [INFO] 2024-04-23 06:26:38.287 +0800 o.a.d.s.m.r.t.TaskGroupCoordinator:[127] - TaskGroupCoordinator round time cost: 2/ms
[WI-0][TI-0] - [INFO] 2024-04-23 06:26:43.340 +0800 o.a.d.s.m.r.t.TaskGroupCoordinator:[127] - TaskGroupCoordinator round time cost: 2/ms
[WI-0][TI-0] - [INFO] 2024-04-23 06:26:48.353 +0800 o.a.d.s.m.r.t.TaskGroupCoordinator:[127] - TaskGroupCoordinator round time cost: 2/ms
[WI-0][TI-0] - [INFO] 2024-04-23 06:26:53.376 +0800 o.a.d.s.m.r.t.TaskGroupCoordinator:[127] - TaskGroupCoordinator round time cost: 2/ms
[WI-0][TI-0] - [INFO] 2024-04-23 06:26:58.411 +0800 o.a.d.s.m.r.t.TaskGroupCoordinator:[127] - TaskGroupCoordinator round time cost: 5/ms
[WI-442][TI-null] - [INFO] 2024-04-23 06:26:59.035 +0800 o.a.d.s.m.r.l.TaskInstanceStateEventListenFunction:[54] - Received state change command, event: WorkflowStateEvent(processInstanceId=442, taskInstanceId=null, status=WorkflowExecutionStatus{code=4, desc='ready stop'}, type=PROCESS_STATE_CHANGE, key=442-0-442-0, channel=null, context=null)
[WI-442][TI-null] - [INFO] 2024-04-23 06:26:59.036 +0800 o.a.d.s.m.r.WorkflowExecuteRunnable:[480] - process instance update: 442
[WI-442][TI-null] - [INFO] 2024-04-23 06:26:59.055 +0800 o.a.d.s.m.r.WorkflowExecuteThreadPool:[78] - Submit state event success, stateEvent: WorkflowStateEvent(processInstanceId=442, taskInstanceId=null, status=WorkflowExecutionStatus{code=4, desc='ready stop'}, type=PROCESS_STATE_CHANGE, key=442-0-442-0, channel=null, context=null)
[WI-442][TI-null] - [INFO] 2024-04-23 06:26:59.106 +0800 o.a.d.s.m.r.WorkflowExecuteRunnable:[287] - Begin to handle state event, WorkflowStateEvent(processInstanceId=442, taskInstanceId=null, status=WorkflowExecutionStatus{code=4, desc='ready stop'}, type=PROCESS_STATE_CHANGE, key=442-0-442-0, channel=null, context=null)
[WI-442][TI-null] - [INFO] 2024-04-23 06:26:59.106 +0800 o.a.d.s.m.e.WorkflowStateEventHandler:[43] - Handle workflow instance state event, the current workflow instance state WorkflowExecutionStatus{code=4, desc='ready stop'} will be changed to WorkflowExecutionStatus{code=4, desc='ready stop'}
[WI-442][TI-null] - [INFO] 2024-04-23 06:26:59.107 +0800 o.a.d.s.m.r.WorkflowExecuteRunnable:[480] - process instance update: 442
[WI-442][TI-null] - [INFO] 2024-04-23 06:26:59.113 +0800 o.a.d.s.m.r.WorkflowExecuteRunnable:[1846] - kill called on process instance id: 442, num: 1
[WI-442][TI-1019] - [INFO] 2024-04-23 06:26:59.116 +0800 o.a.d.s.m.r.o.BaseTaskExecuteRunnableKillOperator:[41] - Begin to kill task instance: spark preprocessing
[WI-0][TI-0] - [INFO] 2024-04-23 06:26:59.729 +0800 o.a.d.s.m.c.MasterServerLoadProtection:[48] - Master OverLoad: the TotalCpuUsedPercentage: 0.82183908045977 is over then the MaxCpuUsagePercentageThresholds 0.7
[WI-0][TI-0] - [INFO] 2024-04-23 06:26:59.762 +0800 o.a.d.s.m.c.MasterServerLoadProtection:[48] - Master OverLoad: the TotalCpuUsedPercentage: 0.82183908045977 is over then the MaxCpuUsagePercentageThresholds 0.7
[WI-0][TI-0] - [WARN] 2024-04-23 06:26:59.762 +0800 o.a.d.s.m.r.MasterSchedulerBootstrap:[123] - The current server is overload, cannot consumes commands.
[WI-442][TI-1019] - [WARN] 2024-04-23 06:27:02.127 +0800 o.a.d.e.b.f.ResponseFuture:[78] - Wait response in 3000/ms timeout, request id 144
[WI-442][TI-1019] - [ERROR] 2024-04-23 06:27:02.128 +0800 o.a.d.s.m.r.o.BaseTaskExecuteRunnableKillOperator:[51] - Kill task instance spark preprocessing failed
java.lang.reflect.UndeclaredThrowableException: null
	at com.sun.proxy.$Proxy227.killTask(Unknown Source)
	at org.apache.dolphinscheduler.server.master.runner.operator.TaskExecuteRunnableKillOperator.killRemoteTaskInstanceInThreadPool(TaskExecuteRunnableKillOperator.java:49)
	at org.apache.dolphinscheduler.server.master.runner.operator.BaseTaskExecuteRunnableKillOperator.operate(BaseTaskExecuteRunnableKillOperator.java:48)
	at org.apache.dolphinscheduler.server.master.runner.DefaultTaskExecuteRunnable.kill(DefaultTaskExecuteRunnable.java:46)
	at org.apache.dolphinscheduler.server.master.runner.WorkflowExecuteRunnable.killAllTasks(WorkflowExecuteRunnable.java:1866)
	at org.apache.dolphinscheduler.server.master.event.WorkflowStateEventHandler.handleStateEvent(WorkflowStateEventHandler.java:70)
	at org.apache.dolphinscheduler.server.master.runner.WorkflowExecuteRunnable.handleEvents(WorkflowExecuteRunnable.java:288)
	at java.util.concurrent.Executors$RunnableAdapter.call(Executors.java:511)
	at java.util.concurrent.FutureTask.run(FutureTask.java:266)
	at java.util.concurrent.ThreadPoolExecutor.runWorker(ThreadPoolExecutor.java:1149)
	at java.util.concurrent.ThreadPoolExecutor$Worker.run(ThreadPoolExecutor.java:624)
	at java.lang.Thread.run(Thread.java:750)
Caused by: org.apache.dolphinscheduler.extract.base.exception.RemotingTimeoutException: wait response on the channel Host(ip=172.18.1.1, port=1234) timeout 3000
	at org.apache.dolphinscheduler.extract.base.NettyRemotingClient.sendSync(NettyRemotingClient.java:215)
	at org.apache.dolphinscheduler.extract.base.client.SyncClientMethodInvoker.invoke(SyncClientMethodInvoker.java:46)
	at org.apache.dolphinscheduler.extract.base.client.ClientInvocationHandler.invoke(ClientInvocationHandler.java:55)
	... 12 common frames omitted
[WI-442][TI-1019] - [INFO] 2024-04-23 06:27:02.129 +0800 o.a.d.s.m.r.WorkflowExecuteRunnable:[287] - Begin to handle state event, TaskStateEvent(processInstanceId=442, taskInstanceId=1019, taskCode=0, status=TaskExecutionStatus{code=9, desc='kill'}, type=TASK_STATE_CHANGE, key=null, channel=null, context=null)
[WI-442][TI-1019] - [INFO] 2024-04-23 06:27:02.130 +0800 o.a.d.s.m.e.TaskStateEventHandler:[53] - Handle task instance state event, the current task instance state KILL will be changed to KILL
[WI-442][TI-1019] - [INFO] 2024-04-23 06:27:02.130 +0800 o.a.d.s.m.r.WorkflowExecuteRunnable:[364] - TaskInstance finished task code:13210058002752 state:TaskExecutionStatus{code=9, desc='kill'}
[WI-442][TI-1019] - [INFO] 2024-04-23 06:27:02.130 +0800 o.a.d.s.m.r.StateWheelExecuteThread:[186] - remove task instance from timeout check list
[WI-442][TI-1019] - [INFO] 2024-04-23 06:27:02.137 +0800 o.a.d.s.m.r.StateWheelExecuteThread:[209] - remove task instance from retry check list
[WI-442][TI-1019] - [INFO] 2024-04-23 06:27:02.137 +0800 o.a.d.s.m.r.WorkflowExecuteRunnable:[415] - TaskInstance finished will try to update the workflow instance state, task code:13210058002752 state:TaskExecutionStatus{code=9, desc='kill'}
[WI-442][TI-1019] - [INFO] 2024-04-23 06:27:02.137 +0800 o.a.d.s.m.r.WorkflowExecuteRunnable:[1687] - The workflowInstance is ready to stop, the workflow status is WorkflowExecutionStatus{code=5, desc='stop'}
[WI-442][TI-1019] - [INFO] 2024-04-23 06:27:02.138 +0800 o.a.d.s.m.r.WorkflowExecuteRunnable:[1739] - Update workflowInstance states, origin state: WorkflowExecutionStatus{code=4, desc='ready stop'}, target state: WorkflowExecutionStatus{code=5, desc='stop'}
[WI-442][TI-1019] - [INFO] 2024-04-23 06:27:02.138 +0800 o.a.d.s.m.r.WorkflowExecuteRunnable:[1770] - Begin to update workflow instance state , state will change from WorkflowExecutionStatus{code=4, desc='ready stop'} to WorkflowExecutionStatus{code=5, desc='stop'}
[WI-442][TI-1019] - [INFO] 2024-04-23 06:27:02.150 +0800 o.a.d.s.m.r.WorkflowExecuteRunnable:[420] - 
********************************************************************************
                    Task Instance Detail
********************************************************************************
Task Name:              spark preprocessing
Workflow Instance Name: preprocess_post-67-20240423031752138
Task Execute Type:      batch
Execute State:          kill
Host:                   172.18.1.1:1234
Task Type:              SHELL
Priority:               medium
Tenant:                 default
First Submit Time:      Tue Apr 23 05:31:42 GMT+08:00 2024
Submit Time:            Tue Apr 23 05:31:42 GMT+08:00 2024
Start Time:             Tue Apr 23 05:31:42 GMT+08:00 2024
End Time:               Tue Apr 23 06:26:59 GMT+08:00 2024

[WI-442][TI-null] - [INFO] 2024-04-23 06:27:02.227 +0800 o.a.d.s.m.r.WorkflowExecuteRunnable:[287] - Begin to handle state event, WorkflowStateEvent(processInstanceId=442, taskInstanceId=null, status=WorkflowExecutionStatus{code=5, desc='stop'}, type=PROCESS_STATE_CHANGE, key=null, channel=null, context=null)
[WI-442][TI-null] - [INFO] 2024-04-23 06:27:02.227 +0800 o.a.d.s.m.e.WorkflowStateEventHandler:[43] - Handle workflow instance state event, the current workflow instance state WorkflowExecutionStatus{code=5, desc='stop'} will be changed to WorkflowExecutionStatus{code=5, desc='stop'}
[WI-442][TI-0] - [INFO] 2024-04-23 06:27:02.227 +0800 o.a.d.s.m.r.WorkflowExecuteThreadPool:[121] - Workflow instance is finished.
[WI-0][TI-0] - [INFO] 2024-04-23 06:27:03.434 +0800 o.a.d.s.m.r.t.TaskGroupCoordinator:[127] - TaskGroupCoordinator round time cost: 3/ms
[WI-0][TI-0] - [WARN] 2024-04-23 06:27:04.175 +0800 o.a.d.e.b.NettyClientHandler:[62] - Cannot find the ResponseFuture if transporter: Transporter(header=TransporterHeader(methodIdentifier=public abstract org.apache.dolphinscheduler.extract.worker.transportor.TaskInstanceKillResponse org.apache.dolphinscheduler.extract.worker.ITaskInstanceOperator.killTask(org.apache.dolphinscheduler.extract.worker.transportor.TaskInstanceKillRequest), opaque=144), body=[123, 34, 115, 117, 99, 99, 101, 115, 115, 34, 58, 116, 114, 117, 101, 44, 34, 109, 101, 115, 115, 97, 103, 101, 34, 58, 110, 117, 108, 108, 44, 34, 98, 111, 100, 121, 34, 58, 34, 101, 121, 74, 48, 89, 88, 78, 114, 83, 87, 53, 122, 100, 71, 70, 117, 89, 50, 86, 74, 90, 67, 73, 54, 77, 84, 65, 120, 79, 83, 119, 105, 97, 71, 57, 122, 100, 67, 73, 54, 73, 106, 69, 51, 77, 105, 52, 120, 79, 67, 52, 120, 76, 106, 69, 54, 77, 84, 73, 122, 78, 67, 73, 115, 73, 110, 78, 48, 89, 88, 82, 49, 99, 121, 73, 54, 73, 107, 90, 66, 83, 85, 120, 86, 85, 107, 85, 105, 76, 67, 74, 119, 99, 109, 57, 106, 90, 88, 78, 122, 83, 87, 81, 105, 79, 106, 77, 121, 79, 84, 107, 115, 73, 109, 70, 119, 99, 69, 108, 107, 99, 121, 73, 54, 87, 121, 73, 105, 88, 83, 119, 105, 99, 51, 86, 106, 89, 50, 86, 122, 99, 121, 73, 54, 90, 109, 70, 115, 99, 50, 85, 115, 73, 109, 49, 108, 99, 51, 78, 104, 90, 50, 85, 105, 79, 109, 53, 49, 98, 71, 120, 57, 34, 44, 34, 98, 111, 100, 121, 84, 121, 112, 101, 34, 58, 34, 111, 114, 103, 46, 97, 112, 97, 99, 104, 101, 46, 100, 111, 108, 112, 104, 105, 110, 115, 99, 104, 101, 100, 117, 108, 101, 114, 46, 101, 120, 116, 114, 97, 99, 116, 46, 119, 111, 114, 107, 101, 114, 46, 116, 114, 97, 110, 115, 112, 111, 114, 116, 111, 114, 46, 84, 97, 115, 107, 73, 110, 115, 116, 97, 110, 99, 101, 75, 105, 108, 108, 82, 101, 115, 112, 111, 110, 115, 101, 34, 125])
[WI-442][TI-1019] - [INFO] 2024-04-23 06:27:06.624 +0800 o.a.d.s.m.r.l.TaskInstanceExecutionResultEventListenFunction:[45] - Received TaskInstanceExecutionFinishEvent: TaskEvent(taskInstanceId=1019, workerAddress=172.18.1.1:1234, state=TaskExecutionStatus{code=9, desc='kill'}, startTime=Tue Apr 23 05:31:42 GMT+08:00 2024, endTime=Tue Apr 23 06:27:06 GMT+08:00 2024, executePath=/tmp/dolphinscheduler/exec/process/default/13010050770016/13201021801792_67/442/1019, logPath=/opt/dolphinscheduler/logs/20240423/13201021801792/67/442/1019.log, processId=3299, appIds=null, event=RESULT, varPool=[{"prop":"raw_file_dir","direct":"IN","type":"VARCHAR","value":"/local_storage/reddit/processing/386-20240422.json"},{"prop":"raw_file","direct":"IN","type":"VARCHAR","value":"386-20240422.json"}], cacheTaskInstanceId=0, processInstanceId=442)
[WI-0][TI-0] - [WARN] 2024-04-23 06:27:06.625 +0800 o.a.d.s.m.p.q.TaskExecuteThreadPool:[85] - Cannot find workflowExecuteThread from cacheManager, event: TaskEvent(taskInstanceId=1019, workerAddress=172.18.1.1:1234, state=TaskExecutionStatus{code=9, desc='kill'}, startTime=Tue Apr 23 05:31:42 GMT+08:00 2024, endTime=Tue Apr 23 06:27:06 GMT+08:00 2024, executePath=/tmp/dolphinscheduler/exec/process/default/13010050770016/13201021801792_67/442/1019, logPath=/opt/dolphinscheduler/logs/20240423/13201021801792/67/442/1019.log, processId=3299, appIds=null, event=RESULT, varPool=[{"prop":"raw_file_dir","direct":"IN","type":"VARCHAR","value":"/local_storage/reddit/processing/386-20240422.json"},{"prop":"raw_file","direct":"IN","type":"VARCHAR","value":"386-20240422.json"}], cacheTaskInstanceId=0, processInstanceId=442)
[WI-0][TI-0] - [INFO] 2024-04-23 06:27:08.449 +0800 o.a.d.s.m.r.t.TaskGroupCoordinator:[127] - TaskGroupCoordinator round time cost: 3/ms
[WI-442][TI-1002] - [INFO] 2024-04-23 06:27:08.801 +0800 o.a.d.s.m.r.l.TaskInstanceExecutionResultEventListenFunction:[45] - Received TaskInstanceExecutionFinishEvent: TaskEvent(taskInstanceId=1002, workerAddress=172.18.1.1:1234, state=TaskExecutionStatus{code=9, desc='kill'}, startTime=Tue Apr 23 04:45:57 GMT+08:00 2024, endTime=Tue Apr 23 06:27:08 GMT+08:00 2024, executePath=/tmp/dolphinscheduler/exec/process/default/13010050770016/13201021801792_67/442/1002, logPath=/opt/dolphinscheduler/logs/20240423/13201021801792/67/442/1002.log, processId=2212, appIds=null, event=RESULT, varPool=[{"prop":"raw_file_dir","direct":"IN","type":"VARCHAR","value":"/local_storage/reddit/processing/386-20240422.json"},{"prop":"raw_file","direct":"IN","type":"VARCHAR","value":"386-20240422.json"}], cacheTaskInstanceId=0, processInstanceId=442)
[WI-0][TI-0] - [WARN] 2024-04-23 06:27:08.801 +0800 o.a.d.s.m.p.q.TaskExecuteThreadPool:[85] - Cannot find workflowExecuteThread from cacheManager, event: TaskEvent(taskInstanceId=1002, workerAddress=172.18.1.1:1234, state=TaskExecutionStatus{code=9, desc='kill'}, startTime=Tue Apr 23 04:45:57 GMT+08:00 2024, endTime=Tue Apr 23 06:27:08 GMT+08:00 2024, executePath=/tmp/dolphinscheduler/exec/process/default/13010050770016/13201021801792_67/442/1002, logPath=/opt/dolphinscheduler/logs/20240423/13201021801792/67/442/1002.log, processId=2212, appIds=null, event=RESULT, varPool=[{"prop":"raw_file_dir","direct":"IN","type":"VARCHAR","value":"/local_storage/reddit/processing/386-20240422.json"},{"prop":"raw_file","direct":"IN","type":"VARCHAR","value":"386-20240422.json"}], cacheTaskInstanceId=0, processInstanceId=442)
[WI-0][TI-0] - [INFO] 2024-04-23 06:27:13.471 +0800 o.a.d.s.m.r.t.TaskGroupCoordinator:[127] - TaskGroupCoordinator round time cost: 3/ms
