[INFO] 2024-04-21 02:18:11.159 +0800 o.a.d.a.c.TaskTypeConfiguration:[75] - support default universal task types: [SHELL, JAVA, PYTHON, PROCEDURE, SQL, SPARK, FLINK, HTTP, MR, DINKY, FLINK_STREAM, HIVECLI, REMOTESHELL]
[INFO] 2024-04-21 02:18:11.170 +0800 o.a.d.a.c.TaskTypeConfiguration:[76] - support default cloud task types: [EMR, K8S, DMS, DATA_FACTORY]
[INFO] 2024-04-21 02:18:11.171 +0800 o.a.d.a.c.TaskTypeConfiguration:[77] - support default logic task types: [SUB_PROCESS, DEPENDENT, CONDITIONS, SWITCH, DYNAMIC]
[INFO] 2024-04-21 02:18:11.173 +0800 o.a.d.a.c.TaskTypeConfiguration:[78] - support default dataIntegration task types: [SEATUNNEL, DATAX, SQOOP]
[INFO] 2024-04-21 02:18:11.182 +0800 o.a.d.a.c.TaskTypeConfiguration:[79] - support default dataQuality task types: [DATA_QUALITY]
[INFO] 2024-04-21 02:18:11.229 +0800 o.a.d.a.c.TaskTypeConfiguration:[80] - support default machineLearning task types: [JUPYTER, MLFLOW, OPENMLDB, DVC, SAGEMAKER, PYTORCH, KUBEFLOW]
[INFO] 2024-04-21 02:18:11.239 +0800 o.a.d.a.c.TaskTypeConfiguration:[81] - support default other task types: [PIGEON, ZEPPELIN, CHUNJUN, DATASYNC, LINKIS]
[INFO] 2024-04-21 02:20:37.182 +0800 o.a.d.a.s.i.ProcessInstanceServiceImpl:[1113] - Begin to delete workflow instance, workflow definition code: 13045665829504
[INFO] 2024-04-21 02:20:37.556 +0800 o.a.d.c.u.NetUtils:[312] - Get all NetworkInterfaces: [name:eth0 (eth0), name:lo (lo)]
[WARN] 2024-04-21 02:20:41.164 +0800 o.a.d.e.b.NettyRemotingClient:[253] - connect to Host(ip=172.24.0.5, port=1234) error
io.netty.channel.ConnectTimeoutException: connection timed out: /172.24.0.5:1234
	at io.netty.channel.epoll.AbstractEpollChannel$AbstractEpollUnsafe$2.run(AbstractEpollChannel.java:576)
	at io.netty.util.concurrent.PromiseTask.runTask(PromiseTask.java:98)
	at io.netty.util.concurrent.ScheduledFutureTask.run(ScheduledFutureTask.java:170)
	at io.netty.util.concurrent.AbstractEventExecutor.safeExecute(AbstractEventExecutor.java:164)
	at io.netty.util.concurrent.SingleThreadEventExecutor.runAllTasks(SingleThreadEventExecutor.java:472)
	at io.netty.channel.epoll.EpollEventLoop.run(EpollEventLoop.java:384)
	at io.netty.util.concurrent.SingleThreadEventExecutor$4.run(SingleThreadEventExecutor.java:989)
	at io.netty.util.internal.ThreadExecutorMap$2.run(ThreadExecutorMap.java:74)
	at java.lang.Thread.run(Thread.java:750)
[ERROR] 2024-04-21 02:20:41.173 +0800 o.a.d.a.e.ApiExceptionHandler:[47] - Meet en unknown exception: 
java.lang.reflect.UndeclaredThrowableException: null
	at com.sun.proxy.$Proxy842.removeTaskInstanceLog(Unknown Source)
	at org.apache.dolphinscheduler.api.service.impl.TaskInstanceServiceImpl.deleteByWorkflowInstanceId(TaskInstanceServiceImpl.java:387)
	at org.apache.dolphinscheduler.api.service.impl.TaskInstanceServiceImpl$$FastClassBySpringCGLIB$$a1a6235.invoke(<generated>)
	at org.springframework.cglib.proxy.MethodProxy.invoke(MethodProxy.java:218)
	at org.springframework.aop.framework.CglibAopProxy.invokeMethod(CglibAopProxy.java:386)
	at org.springframework.aop.framework.CglibAopProxy.access$000(CglibAopProxy.java:85)
	at org.springframework.aop.framework.CglibAopProxy$DynamicAdvisedInterceptor.intercept(CglibAopProxy.java:704)
	at org.apache.dolphinscheduler.api.service.impl.TaskInstanceServiceImpl$$EnhancerBySpringCGLIB$$f1fea14e.deleteByWorkflowInstanceId(<generated>)
	at sun.reflect.NativeMethodAccessorImpl.invoke0(Native Method)
	at sun.reflect.NativeMethodAccessorImpl.invoke(NativeMethodAccessorImpl.java:62)
	at sun.reflect.DelegatingMethodAccessorImpl.invoke(DelegatingMethodAccessorImpl.java:43)
	at java.lang.reflect.Method.invoke(Method.java:498)
	at org.springframework.aop.support.AopUtils.invokeJoinpointUsingReflection(AopUtils.java:344)
	at org.springframework.aop.framework.JdkDynamicAopProxy.invoke(JdkDynamicAopProxy.java:208)
	at com.sun.proxy.$Proxy791.deleteByWorkflowInstanceId(Unknown Source)
	at org.apache.dolphinscheduler.api.service.impl.ProcessInstanceServiceImpl.deleteProcessInstanceById(ProcessInstanceServiceImpl.java:1131)
	at org.apache.dolphinscheduler.api.service.impl.ProcessInstanceServiceImpl.deleteProcessInstanceByWorkflowDefinitionCode(ProcessInstanceServiceImpl.java:1121)
	at org.apache.dolphinscheduler.api.service.impl.ProcessInstanceServiceImpl$$FastClassBySpringCGLIB$$4474b417.invoke(<generated>)
	at org.springframework.cglib.proxy.MethodProxy.invoke(MethodProxy.java:218)
	at org.springframework.aop.framework.CglibAopProxy.invokeMethod(CglibAopProxy.java:386)
	at org.springframework.aop.framework.CglibAopProxy.access$000(CglibAopProxy.java:85)
	at org.springframework.aop.framework.CglibAopProxy$DynamicAdvisedInterceptor.intercept(CglibAopProxy.java:704)
	at org.apache.dolphinscheduler.api.service.impl.ProcessInstanceServiceImpl$$EnhancerBySpringCGLIB$$6ed6d434.deleteProcessInstanceByWorkflowDefinitionCode(<generated>)
	at sun.reflect.NativeMethodAccessorImpl.invoke0(Native Method)
	at sun.reflect.NativeMethodAccessorImpl.invoke(NativeMethodAccessorImpl.java:62)
	at sun.reflect.DelegatingMethodAccessorImpl.invoke(DelegatingMethodAccessorImpl.java:43)
	at java.lang.reflect.Method.invoke(Method.java:498)
	at org.springframework.aop.support.AopUtils.invokeJoinpointUsingReflection(AopUtils.java:344)
	at org.springframework.aop.framework.JdkDynamicAopProxy.invoke(JdkDynamicAopProxy.java:208)
	at com.sun.proxy.$Proxy781.deleteProcessInstanceByWorkflowDefinitionCode(Unknown Source)
	at org.apache.dolphinscheduler.api.service.impl.ProcessDefinitionServiceImpl.deleteProcessDefinitionByCode(ProcessDefinitionServiceImpl.java:1063)
	at org.apache.dolphinscheduler.api.service.impl.ProcessDefinitionServiceImpl$$FastClassBySpringCGLIB$$e8e34ed9.invoke(<generated>)
	at org.springframework.cglib.proxy.MethodProxy.invoke(MethodProxy.java:218)
	at org.springframework.aop.framework.CglibAopProxy.invokeMethod(CglibAopProxy.java:386)
	at org.springframework.aop.framework.CglibAopProxy.access$000(CglibAopProxy.java:85)
	at org.springframework.aop.framework.CglibAopProxy$DynamicAdvisedInterceptor.intercept(CglibAopProxy.java:704)
	at org.apache.dolphinscheduler.api.service.impl.ProcessDefinitionServiceImpl$$EnhancerBySpringCGLIB$$fcf06dba.deleteProcessDefinitionByCode(<generated>)
	at org.apache.dolphinscheduler.api.controller.ProcessDefinitionController.deleteProcessDefinitionByCode(ProcessDefinitionController.java:617)
	at sun.reflect.NativeMethodAccessorImpl.invoke0(Native Method)
	at sun.reflect.NativeMethodAccessorImpl.invoke(NativeMethodAccessorImpl.java:62)
	at sun.reflect.DelegatingMethodAccessorImpl.invoke(DelegatingMethodAccessorImpl.java:43)
	at java.lang.reflect.Method.invoke(Method.java:498)
	at org.springframework.web.method.support.InvocableHandlerMethod.doInvoke(InvocableHandlerMethod.java:205)
	at org.springframework.web.method.support.InvocableHandlerMethod.invokeForRequest(InvocableHandlerMethod.java:150)
	at org.springframework.web.servlet.mvc.method.annotation.ServletInvocableHandlerMethod.invokeAndHandle(ServletInvocableHandlerMethod.java:117)
	at org.springframework.web.servlet.mvc.method.annotation.RequestMappingHandlerAdapter.invokeHandlerMethod(RequestMappingHandlerAdapter.java:895)
	at org.springframework.web.servlet.mvc.method.annotation.RequestMappingHandlerAdapter.handleInternal(RequestMappingHandlerAdapter.java:808)
	at org.springframework.web.servlet.mvc.method.AbstractHandlerMethodAdapter.handle(AbstractHandlerMethodAdapter.java:87)
	at org.springframework.web.servlet.DispatcherServlet.doDispatch(DispatcherServlet.java:1070)
	at org.springframework.web.servlet.DispatcherServlet.doService(DispatcherServlet.java:963)
	at org.springframework.web.servlet.FrameworkServlet.processRequest(FrameworkServlet.java:1006)
	at org.springframework.web.servlet.FrameworkServlet.doDelete(FrameworkServlet.java:931)
	at javax.servlet.http.HttpServlet.service(HttpServlet.java:523)
	at org.springframework.web.servlet.FrameworkServlet.service(FrameworkServlet.java:883)
	at javax.servlet.http.HttpServlet.service(HttpServlet.java:584)
	at org.eclipse.jetty.servlet.ServletHolder.handle(ServletHolder.java:799)
	at org.eclipse.jetty.servlet.ServletHandler$ChainEnd.doFilter(ServletHandler.java:1656)
	at org.springframework.web.filter.CorsFilter.doFilterInternal(CorsFilter.java:91)
	at org.springframework.web.filter.OncePerRequestFilter.doFilter(OncePerRequestFilter.java:117)
	at org.eclipse.jetty.servlet.FilterHolder.doFilter(FilterHolder.java:193)
	at org.eclipse.jetty.servlet.ServletHandler$Chain.doFilter(ServletHandler.java:1626)
	at org.springframework.web.filter.RequestContextFilter.doFilterInternal(RequestContextFilter.java:100)
	at org.springframework.web.filter.OncePerRequestFilter.doFilter(OncePerRequestFilter.java:117)
	at org.eclipse.jetty.servlet.FilterHolder.doFilter(FilterHolder.java:193)
	at org.eclipse.jetty.servlet.ServletHandler$Chain.doFilter(ServletHandler.java:1626)
	at org.springframework.web.filter.FormContentFilter.doFilterInternal(FormContentFilter.java:93)
	at org.springframework.web.filter.OncePerRequestFilter.doFilter(OncePerRequestFilter.java:117)
	at org.eclipse.jetty.servlet.FilterHolder.doFilter(FilterHolder.java:193)
	at org.eclipse.jetty.servlet.ServletHandler$Chain.doFilter(ServletHandler.java:1626)
	at org.springframework.boot.actuate.metrics.web.servlet.WebMvcMetricsFilter.doFilterInternal(WebMvcMetricsFilter.java:96)
	at org.springframework.web.filter.OncePerRequestFilter.doFilter(OncePerRequestFilter.java:117)
	at org.eclipse.jetty.servlet.FilterHolder.doFilter(FilterHolder.java:193)
	at org.eclipse.jetty.servlet.ServletHandler$Chain.doFilter(ServletHandler.java:1626)
	at org.springframework.web.filter.CharacterEncodingFilter.doFilterInternal(CharacterEncodingFilter.java:201)
	at org.springframework.web.filter.OncePerRequestFilter.doFilter(OncePerRequestFilter.java:117)
	at org.eclipse.jetty.servlet.FilterHolder.doFilter(FilterHolder.java:193)
	at org.eclipse.jetty.servlet.ServletHandler$Chain.doFilter(ServletHandler.java:1626)
	at org.eclipse.jetty.servlet.ServletHandler.doHandle(ServletHandler.java:552)
	at org.eclipse.jetty.server.handler.ScopedHandler.handle(ScopedHandler.java:143)
	at org.eclipse.jetty.security.SecurityHandler.handle(SecurityHandler.java:600)
	at org.eclipse.jetty.server.handler.HandlerWrapper.handle(HandlerWrapper.java:127)
	at org.eclipse.jetty.server.handler.ScopedHandler.nextHandle(ScopedHandler.java:235)
	at org.eclipse.jetty.server.session.SessionHandler.doHandle(SessionHandler.java:1624)
	at org.eclipse.jetty.server.handler.ScopedHandler.nextHandle(ScopedHandler.java:233)
	at org.eclipse.jetty.server.handler.ContextHandler.doHandle(ContextHandler.java:1440)
	at org.eclipse.jetty.server.handler.ScopedHandler.nextScope(ScopedHandler.java:188)
	at org.eclipse.jetty.servlet.ServletHandler.doScope(ServletHandler.java:505)
	at org.eclipse.jetty.server.session.SessionHandler.doScope(SessionHandler.java:1594)
	at org.eclipse.jetty.server.handler.ScopedHandler.nextScope(ScopedHandler.java:186)
	at org.eclipse.jetty.server.handler.ContextHandler.doScope(ContextHandler.java:1355)
	at org.eclipse.jetty.server.handler.ScopedHandler.handle(ScopedHandler.java:141)
	at org.eclipse.jetty.server.handler.gzip.GzipHandler.handle(GzipHandler.java:772)
	at org.eclipse.jetty.server.handler.HandlerWrapper.handle(HandlerWrapper.java:127)
	at org.eclipse.jetty.server.Server.handle(Server.java:516)
	at org.eclipse.jetty.server.HttpChannel.lambda$handle$1(HttpChannel.java:487)
	at org.eclipse.jetty.server.HttpChannel.dispatch(HttpChannel.java:732)
	at org.eclipse.jetty.server.HttpChannel.handle(HttpChannel.java:479)
	at org.eclipse.jetty.server.HttpConnection.onFillable(HttpConnection.java:277)
	at org.eclipse.jetty.io.AbstractConnection$ReadCallback.succeeded(AbstractConnection.java:311)
	at org.eclipse.jetty.io.FillInterest.fillable(FillInterest.java:105)
	at org.eclipse.jetty.io.ChannelEndPoint$1.run(ChannelEndPoint.java:104)
	at org.eclipse.jetty.util.thread.strategy.EatWhatYouKill.runTask(EatWhatYouKill.java:338)
	at org.eclipse.jetty.util.thread.strategy.EatWhatYouKill.doProduce(EatWhatYouKill.java:315)
	at org.eclipse.jetty.util.thread.strategy.EatWhatYouKill.tryProduce(EatWhatYouKill.java:173)
	at org.eclipse.jetty.util.thread.strategy.EatWhatYouKill.run(EatWhatYouKill.java:131)
	at org.eclipse.jetty.util.thread.ReservedThreadExecutor$ReservedThread.run(ReservedThreadExecutor.java:409)
	at org.eclipse.jetty.util.thread.QueuedThreadPool.runJob(QueuedThreadPool.java:883)
	at org.eclipse.jetty.util.thread.QueuedThreadPool$Runner.run(QueuedThreadPool.java:1034)
	at java.lang.Thread.run(Thread.java:750)
Caused by: org.apache.dolphinscheduler.extract.base.exception.RemotingException: connect to : Host(ip=172.24.0.5, port=1234) fail
	at org.apache.dolphinscheduler.extract.base.NettyRemotingClient.sendSync(NettyRemotingClient.java:194)
	at org.apache.dolphinscheduler.extract.base.client.SyncClientMethodInvoker.invoke(SyncClientMethodInvoker.java:46)
	at org.apache.dolphinscheduler.extract.base.client.ClientInvocationHandler.invoke(ClientInvocationHandler.java:55)
	... 109 common frames omitted
[INFO] 2024-04-21 02:33:24.587 +0800 o.a.d.a.s.i.ProcessDefinitionServiceImpl:[888] - Process definition needs to be updated, projectCode:13010050770016, processCode:13045665829504, processVersion:2.
[INFO] 2024-04-21 02:33:24.644 +0800 o.a.d.a.s.i.ProcessDefinitionServiceImpl:[898] - Update process definition complete, processCode:13045665829504, processVersion:3.
[INFO] 2024-04-21 02:33:24.721 +0800 o.a.d.a.s.i.ProcessDefinitionServiceImpl:[906] - Update process task relations complete, projectCode:13010050770016, processCode:13045665829504, processVersion:3.
[INFO] 2024-04-21 02:57:17.436 +0800 o.a.d.a.s.i.ExecutorServiceImpl:[278] - Create command complete, processDefinitionCode:13045665829504, commandCount:1.
[INFO] 2024-04-21 02:57:50.783 +0800 o.a.d.a.s.i.LoggerServiceImpl:[189] - Query task instance log, taskInstanceId:759, taskInstanceName:Store in intake folder, host: 172.18.1.1:1234, logPath:/opt/dolphinscheduler/logs/20240421/13045665829504/3/333/759.log
[INFO] 2024-04-21 02:57:51.333 +0800 o.a.d.a.s.i.LoggerServiceImpl:[189] - Query task instance log, taskInstanceId:759, taskInstanceName:Store in intake folder, host: 172.18.1.1:1234, logPath:/opt/dolphinscheduler/logs/20240421/13045665829504/3/333/759.log
