[WARN] 2024-05-08 14:09:00.225 +0800 o.s.c.k.c.p.AbstractKubernetesProfileEnvironmentPostProcessor:[258] - Not running inside kubernetes. Skipping 'kubernetes' profile activation.
[WARN] 2024-05-08 14:09:13.455 +0800 o.s.c.k.c.p.AbstractKubernetesProfileEnvironmentPostProcessor:[258] - Not running inside kubernetes. Skipping 'kubernetes' profile activation.
[INFO] 2024-05-08 14:09:13.471 +0800 o.a.d.a.ApiApplicationServer:[640] - The following 1 profile is active: "postgresql"
[INFO] 2024-05-08 14:09:36.576 +0800 o.s.c.c.s.GenericScope:[283] - BeanFactory id=b9ea3c4b-94e1-3be4-b636-a78d78ec03d8
[INFO] 2024-05-08 14:09:44.255 +0800 o.s.c.s.PostProcessorRegistrationDelegate$BeanPostProcessorChecker:[376] - Bean 'io.kubernetes.client.spring.extended.manifests.config.KubernetesManifestsAutoConfiguration' of type [io.kubernetes.client.spring.extended.manifests.config.KubernetesManifestsAutoConfiguration] is not eligible for getting processed by all BeanPostProcessors (for example: not eligible for auto-proxying)
[INFO] 2024-05-08 14:09:44.695 +0800 o.s.c.s.PostProcessorRegistrationDelegate$BeanPostProcessorChecker:[376] - Bean 'org.springframework.cloud.commons.config.CommonsConfigAutoConfiguration' of type [org.springframework.cloud.commons.config.CommonsConfigAutoConfiguration] is not eligible for getting processed by all BeanPostProcessors (for example: not eligible for auto-proxying)
[INFO] 2024-05-08 14:09:44.705 +0800 o.s.c.s.PostProcessorRegistrationDelegate$BeanPostProcessorChecker:[376] - Bean 'org.springframework.cloud.client.loadbalancer.LoadBalancerDefaultMappingsProviderAutoConfiguration' of type [org.springframework.cloud.client.loadbalancer.LoadBalancerDefaultMappingsProviderAutoConfiguration] is not eligible for getting processed by all BeanPostProcessors (for example: not eligible for auto-proxying)
[INFO] 2024-05-08 14:09:44.821 +0800 o.s.c.s.PostProcessorRegistrationDelegate$BeanPostProcessorChecker:[376] - Bean 'loadBalancerClientsDefaultsMappingsProvider' of type [org.springframework.cloud.client.loadbalancer.LoadBalancerDefaultMappingsProviderAutoConfiguration$$Lambda$451/225273918] is not eligible for getting processed by all BeanPostProcessors (for example: not eligible for auto-proxying)
[INFO] 2024-05-08 14:09:44.868 +0800 o.s.c.s.PostProcessorRegistrationDelegate$BeanPostProcessorChecker:[376] - Bean 'defaultsBindHandlerAdvisor' of type [org.springframework.cloud.commons.config.DefaultsBindHandlerAdvisor] is not eligible for getting processed by all BeanPostProcessors (for example: not eligible for auto-proxying)
[INFO] 2024-05-08 14:09:44.902 +0800 o.s.c.s.PostProcessorRegistrationDelegate$BeanPostProcessorChecker:[376] - Bean 'kubernetes.manifests-io.kubernetes.client.spring.extended.manifests.config.KubernetesManifestsProperties' of type [io.kubernetes.client.spring.extended.manifests.config.KubernetesManifestsProperties] is not eligible for getting processed by all BeanPostProcessors (for example: not eligible for auto-proxying)
[INFO] 2024-05-08 14:09:44.923 +0800 o.s.c.s.PostProcessorRegistrationDelegate$BeanPostProcessorChecker:[376] - Bean 'io.kubernetes.client.spring.extended.controller.config.KubernetesInformerAutoConfiguration' of type [io.kubernetes.client.spring.extended.controller.config.KubernetesInformerAutoConfiguration] is not eligible for getting processed by all BeanPostProcessors (for example: not eligible for auto-proxying)
[INFO] 2024-05-08 14:09:45.196 +0800 o.s.c.s.PostProcessorRegistrationDelegate$BeanPostProcessorChecker:[376] - Bean 'defaultApiClient' of type [io.kubernetes.client.openapi.ApiClient] is not eligible for getting processed by all BeanPostProcessors (for example: not eligible for auto-proxying)
[INFO] 2024-05-08 14:09:49.964 +0800 o.e.j.u.log:[170] - Logging initialized @96511ms to org.eclipse.jetty.util.log.Slf4jLog
[INFO] 2024-05-08 14:09:55.412 +0800 o.s.b.w.e.j.JettyServletWebServerFactory:[166] - Server initialized with port: 12345
[INFO] 2024-05-08 14:09:55.619 +0800 o.e.j.s.Server:[375] - jetty-9.4.48.v20220622; built: 2022-06-21T20:42:25.880Z; git: 6b67c5719d1f4371b33655ff2d047d24e171e49a; jvm 1.8.0_402-b06
[INFO] 2024-05-08 14:09:55.976 +0800 o.e.j.s.h.C.application:[2368] - Initializing Spring embedded WebApplicationContext
[INFO] 2024-05-08 14:09:55.977 +0800 o.s.b.w.s.c.ServletWebServerApplicationContext:[292] - Root WebApplicationContext: initialization completed in 42267 ms
[INFO] 2024-05-08 14:10:04.788 +0800 o.a.d.a.c.ApiConfig:[58] - API config: auditEnable -> false 
[INFO] 2024-05-08 14:10:04.864 +0800 o.a.d.a.c.ApiConfig:[59] - API config: trafficControl -> ApiConfig.TrafficConfiguration(globalSwitch=false, maxGlobalQpsRate=300, tenantSwitch=false, defaultTenantQpsRate=10, customizeTenantQpsRate={}) 
[INFO] 2024-05-08 14:10:04.865 +0800 o.a.d.a.c.ApiConfig:[60] - API config: pythonGateway -> ApiConfig.PythonGatewayConfiguration(enabled=true, gatewayServerAddress=0.0.0.0, gatewayServerPort=25333, pythonAddress=127.0.0.1, pythonPort=25334, connectTimeout=0, readTimeout=0, authToken=jwUDzpLsNKEFER4*a8gruBH_GsAurNxU7A@Xc) 
[INFO] 2024-05-08 14:10:07.058 +0800 o.e.j.s.session:[334] - DefaultSessionIdManager workerName=node0
[INFO] 2024-05-08 14:10:07.059 +0800 o.e.j.s.session:[339] - No SessionScavenger set, using defaults
[INFO] 2024-05-08 14:10:07.063 +0800 o.e.j.s.session:[132] - node0 Scavenging every 600000ms
[INFO] 2024-05-08 14:10:07.078 +0800 o.e.j.s.h.ContextHandler:[921] - Started o.s.b.w.e.j.JettyEmbeddedWebAppContext@2ae4c424{application,/dolphinscheduler,[file:///tmp/jetty-docbase.12345.8910265238987877176/, jar:file:/opt/dolphinscheduler/libs/swagger-ui-4.11.1.jar!/META-INF/resources],AVAILABLE}
[INFO] 2024-05-08 14:10:07.079 +0800 o.e.j.s.Server:[415] - Started @113637ms
[INFO] 2024-05-08 14:10:09.172 +0800 c.z.h.HikariDataSource:[110] - DolphinScheduler - Starting...
[INFO] 2024-05-08 14:10:11.506 +0800 c.z.h.HikariDataSource:[123] - DolphinScheduler - Start completed.
[INFO] 2024-05-08 14:10:17.917 +0800 o.a.c.f.i.CuratorFrameworkImpl:[338] - Starting
[INFO] 2024-05-08 14:10:18.173 +0800 o.a.c.f.i.CuratorFrameworkImpl:[386] - Default schema
[INFO] 2024-05-08 14:10:18.226 +0800 o.a.c.f.s.ConnectionStateManager:[252] - State change: CONNECTED
[INFO] 2024-05-08 14:10:18.311 +0800 o.a.c.f.i.EnsembleTracker:[201] - New config event received: {}
[INFO] 2024-05-08 14:10:18.375 +0800 o.a.c.f.i.EnsembleTracker:[201] - New config event received: {}
[INFO] 2024-05-08 14:10:19.753 +0800 c.a.c.i.ReflectionUtils:[542] - Unable to create MethodHandles to use Java 9+ MethodHandles.privateLookupIn. Will attempt to fallback to using the package-private constructor.
[INFO] 2024-05-08 14:10:19.819 +0800 c.a.c.i.j.JacksonVersion:[222] - Package versions: jackson-core=2.13.4, jackson-databind=2.13.4, jackson-dataformat-xml=2.13.3, jackson-datatype-jsr310=2.13.3, azure-core=1.36.0, Troubleshooting version conflicts: https://aka.ms/azsdk/java/dependency/troubleshoot
[INFO] 2024-05-08 14:10:27.125 +0800 o.q.i.StdSchedulerFactory:[1220] - Using default implementation for ThreadExecutor
[INFO] 2024-05-08 14:10:27.144 +0800 o.q.c.SchedulerSignalerImpl:[61] - Initialized Scheduler Signaller of type: class org.quartz.core.SchedulerSignalerImpl
[INFO] 2024-05-08 14:10:27.145 +0800 o.q.c.QuartzScheduler:[229] - Quartz Scheduler v.2.3.2 created.
[INFO] 2024-05-08 14:10:27.166 +0800 o.s.s.q.LocalDataSourceJobStore:[672] - Using db table-based data access locking (synchronization).
[INFO] 2024-05-08 14:10:27.169 +0800 o.s.s.q.LocalDataSourceJobStore:[145] - JobStoreCMT initialized.
[INFO] 2024-05-08 14:10:27.171 +0800 o.q.c.QuartzScheduler:[294] - Scheduler meta-data: Quartz Scheduler (v2.3.2) 'DolphinScheduler' with instanceId '1f951c88b7ce1715148627130'
  Scheduler class: 'org.quartz.core.QuartzScheduler' - running locally.
  NOT STARTED.
  Currently in standby mode.
  Number of jobs executed: 0
  Using thread pool 'org.apache.dolphinscheduler.scheduler.quartz.QuartzZeroSizeThreadPool' - with 0 threads.
  Using job-store 'org.springframework.scheduling.quartz.LocalDataSourceJobStore' - which supports persistence. and is clustered.

[INFO] 2024-05-08 14:10:27.172 +0800 o.q.i.StdSchedulerFactory:[1374] - Quartz scheduler 'DolphinScheduler' initialized from an externally provided properties instance.
[INFO] 2024-05-08 14:10:27.172 +0800 o.q.i.StdSchedulerFactory:[1378] - Quartz scheduler version: 2.3.2
[INFO] 2024-05-08 14:10:27.173 +0800 o.q.c.QuartzScheduler:[2293] - JobFactory set to: org.springframework.scheduling.quartz.SpringBeanJobFactory@116f823c
[INFO] 2024-05-08 14:10:27.452 +0800 o.a.d.a.p.PythonGateway:[710] - PythonGatewayService started on: /0.0.0.0
[INFO] 2024-05-08 14:10:27.478 +0800 p.GatewayServer:[573] - Gateway Server Started
[INFO] 2024-05-08 14:10:32.126 +0800 o.s.l.c.s.AbstractContextSource:[425] - Property 'userDn' not set - anonymous context will be used for read-write operations
[INFO] 2024-05-08 14:10:33.420 +0800 o.s.b.a.e.w.EndpointLinksResolver:[58] - Exposing 3 endpoint(s) beneath base path '/actuator'
[INFO] 2024-05-08 14:10:33.740 +0800 o.e.j.s.h.C.application:[2368] - Initializing Spring DispatcherServlet 'dispatcherServlet'
[INFO] 2024-05-08 14:10:33.741 +0800 o.s.w.s.DispatcherServlet:[525] - Initializing Servlet 'dispatcherServlet'
[INFO] 2024-05-08 14:10:33.744 +0800 o.s.w.s.DispatcherServlet:[547] - Completed initialization in 2 ms
[INFO] 2024-05-08 14:10:33.759 +0800 o.e.j.s.AbstractConnector:[333] - Started ServerConnector@1cab19e2{HTTP/1.1, (http/1.1)}{0.0.0.0:12345}
[INFO] 2024-05-08 14:10:33.761 +0800 o.s.b.w.e.j.JettyWebServer:[172] - Jetty started on port(s) 12345 (http/1.1) with context path '/dolphinscheduler'
[INFO] 2024-05-08 14:10:33.787 +0800 o.a.d.a.ApiApplicationServer:[61] - Started ApiApplicationServer in 117.174 seconds (JVM running for 140.345)
[INFO] 2024-05-08 14:10:33.798 +0800 o.a.d.a.ApiApplicationServer:[63] - Received spring application context ready event will load taskPlugin and write to DB
[INFO] 2024-05-08 14:10:33.847 +0800 o.a.d.p.t.a.TaskPluginManager:[63] - Registering task plugin: JAVA - JavaTaskChannelFactory
[INFO] 2024-05-08 14:10:33.852 +0800 o.a.d.p.t.a.TaskPluginManager:[68] - Registered task plugin: JAVA - JavaTaskChannelFactory
[INFO] 2024-05-08 14:10:33.853 +0800 o.a.d.p.t.a.TaskPluginManager:[63] - Registering task plugin: JUPYTER - JupyterTaskChannelFactory
[INFO] 2024-05-08 14:10:33.857 +0800 o.a.d.p.t.a.TaskPluginManager:[68] - Registered task plugin: JUPYTER - JupyterTaskChannelFactory
[INFO] 2024-05-08 14:10:33.858 +0800 o.a.d.p.t.a.TaskPluginManager:[63] - Registering task plugin: SPARK - SparkTaskChannelFactory
[INFO] 2024-05-08 14:10:33.863 +0800 o.a.d.p.t.a.TaskPluginManager:[68] - Registered task plugin: SPARK - SparkTaskChannelFactory
[INFO] 2024-05-08 14:10:33.865 +0800 o.a.d.p.t.a.TaskPluginManager:[63] - Registering task plugin: FLINK_STREAM - FlinkStreamTaskChannelFactory
[INFO] 2024-05-08 14:10:33.870 +0800 o.a.d.p.t.a.TaskPluginManager:[68] - Registered task plugin: FLINK_STREAM - FlinkStreamTaskChannelFactory
[INFO] 2024-05-08 14:10:33.871 +0800 o.a.d.p.t.a.TaskPluginManager:[63] - Registering task plugin: PYTHON - PythonTaskChannelFactory
[INFO] 2024-05-08 14:10:33.874 +0800 o.a.d.p.t.a.TaskPluginManager:[68] - Registered task plugin: PYTHON - PythonTaskChannelFactory
[INFO] 2024-05-08 14:10:33.876 +0800 o.a.d.p.t.a.TaskPluginManager:[63] - Registering task plugin: DATASYNC - DatasyncTaskChannelFactory
[INFO] 2024-05-08 14:10:33.879 +0800 o.a.d.p.t.a.TaskPluginManager:[68] - Registered task plugin: DATASYNC - DatasyncTaskChannelFactory
[INFO] 2024-05-08 14:10:33.880 +0800 o.a.d.p.t.a.TaskPluginManager:[63] - Registering task plugin: DATA_FACTORY - DatafactoryTaskChannelFactory
[INFO] 2024-05-08 14:10:33.882 +0800 o.a.d.p.t.a.TaskPluginManager:[68] - Registered task plugin: DATA_FACTORY - DatafactoryTaskChannelFactory
[INFO] 2024-05-08 14:10:33.882 +0800 o.a.d.p.t.a.TaskPluginManager:[63] - Registering task plugin: CHUNJUN - ChunJunTaskChannelFactory
[INFO] 2024-05-08 14:10:33.886 +0800 o.a.d.p.t.a.TaskPluginManager:[68] - Registered task plugin: CHUNJUN - ChunJunTaskChannelFactory
[INFO] 2024-05-08 14:10:33.887 +0800 o.a.d.p.t.a.TaskPluginManager:[63] - Registering task plugin: REMOTESHELL - RemoteShellTaskChannelFactory
[INFO] 2024-05-08 14:10:33.890 +0800 o.a.d.p.t.a.TaskPluginManager:[68] - Registered task plugin: REMOTESHELL - RemoteShellTaskChannelFactory
[INFO] 2024-05-08 14:10:33.891 +0800 o.a.d.p.t.a.TaskPluginManager:[63] - Registering task plugin: PIGEON - PigeonTaskChannelFactory
[INFO] 2024-05-08 14:10:33.894 +0800 o.a.d.p.t.a.TaskPluginManager:[68] - Registered task plugin: PIGEON - PigeonTaskChannelFactory
[INFO] 2024-05-08 14:10:33.894 +0800 o.a.d.p.t.a.TaskPluginManager:[63] - Registering task plugin: SHELL - ShellTaskChannelFactory
[INFO] 2024-05-08 14:10:33.897 +0800 o.a.d.p.t.a.TaskPluginManager:[68] - Registered task plugin: SHELL - ShellTaskChannelFactory
[INFO] 2024-05-08 14:10:33.898 +0800 o.a.d.p.t.a.TaskPluginManager:[63] - Registering task plugin: PROCEDURE - ProcedureTaskChannelFactory
[INFO] 2024-05-08 14:10:33.901 +0800 o.a.d.p.t.a.TaskPluginManager:[68] - Registered task plugin: PROCEDURE - ProcedureTaskChannelFactory
[INFO] 2024-05-08 14:10:33.902 +0800 o.a.d.p.t.a.TaskPluginManager:[63] - Registering task plugin: MR - MapReduceTaskChannelFactory
[INFO] 2024-05-08 14:10:33.904 +0800 o.a.d.p.t.a.TaskPluginManager:[68] - Registered task plugin: MR - MapReduceTaskChannelFactory
[INFO] 2024-05-08 14:10:33.905 +0800 o.a.d.p.t.a.TaskPluginManager:[63] - Registering task plugin: SQOOP - SqoopTaskChannelFactory
[INFO] 2024-05-08 14:10:33.908 +0800 o.a.d.p.t.a.TaskPluginManager:[68] - Registered task plugin: SQOOP - SqoopTaskChannelFactory
[INFO] 2024-05-08 14:10:33.909 +0800 o.a.d.p.t.a.TaskPluginManager:[63] - Registering task plugin: PYTORCH - PytorchTaskChannelFactory
[INFO] 2024-05-08 14:10:33.912 +0800 o.a.d.p.t.a.TaskPluginManager:[68] - Registered task plugin: PYTORCH - PytorchTaskChannelFactory
[INFO] 2024-05-08 14:10:33.914 +0800 o.a.d.p.t.a.TaskPluginManager:[63] - Registering task plugin: K8S - K8sTaskChannelFactory
[INFO] 2024-05-08 14:10:33.917 +0800 o.a.d.p.t.a.TaskPluginManager:[68] - Registered task plugin: K8S - K8sTaskChannelFactory
[INFO] 2024-05-08 14:10:33.919 +0800 o.a.d.p.t.a.TaskPluginManager:[63] - Registering task plugin: SEATUNNEL - SeatunnelTaskChannelFactory
[INFO] 2024-05-08 14:10:33.923 +0800 o.a.d.p.t.a.TaskPluginManager:[68] - Registered task plugin: SEATUNNEL - SeatunnelTaskChannelFactory
[INFO] 2024-05-08 14:10:33.924 +0800 o.a.d.p.t.a.TaskPluginManager:[63] - Registering task plugin: SAGEMAKER - SagemakerTaskChannelFactory
[INFO] 2024-05-08 14:10:33.927 +0800 o.a.d.p.t.a.TaskPluginManager:[68] - Registered task plugin: SAGEMAKER - SagemakerTaskChannelFactory
[INFO] 2024-05-08 14:10:33.928 +0800 o.a.d.p.t.a.TaskPluginManager:[63] - Registering task plugin: HTTP - HttpTaskChannelFactory
[INFO] 2024-05-08 14:10:33.931 +0800 o.a.d.p.t.a.TaskPluginManager:[68] - Registered task plugin: HTTP - HttpTaskChannelFactory
[INFO] 2024-05-08 14:10:33.932 +0800 o.a.d.p.t.a.TaskPluginManager:[63] - Registering task plugin: EMR - EmrTaskChannelFactory
[INFO] 2024-05-08 14:10:33.937 +0800 o.a.d.p.t.a.TaskPluginManager:[68] - Registered task plugin: EMR - EmrTaskChannelFactory
[INFO] 2024-05-08 14:10:33.938 +0800 o.a.d.p.t.a.TaskPluginManager:[63] - Registering task plugin: DMS - DmsTaskChannelFactory
[INFO] 2024-05-08 14:10:33.941 +0800 o.a.d.p.t.a.TaskPluginManager:[68] - Registered task plugin: DMS - DmsTaskChannelFactory
[INFO] 2024-05-08 14:10:33.942 +0800 o.a.d.p.t.a.TaskPluginManager:[63] - Registering task plugin: DATA_QUALITY - DataQualityTaskChannelFactory
[INFO] 2024-05-08 14:10:33.945 +0800 o.a.d.p.t.a.TaskPluginManager:[68] - Registered task plugin: DATA_QUALITY - DataQualityTaskChannelFactory
[INFO] 2024-05-08 14:10:33.947 +0800 o.a.d.p.t.a.TaskPluginManager:[63] - Registering task plugin: KUBEFLOW - KubeflowTaskChannelFactory
[INFO] 2024-05-08 14:10:33.950 +0800 o.a.d.p.t.a.TaskPluginManager:[68] - Registered task plugin: KUBEFLOW - KubeflowTaskChannelFactory
[INFO] 2024-05-08 14:10:33.950 +0800 o.a.d.p.t.a.TaskPluginManager:[63] - Registering task plugin: SQL - SqlTaskChannelFactory
[INFO] 2024-05-08 14:10:33.954 +0800 o.a.d.p.t.a.TaskPluginManager:[68] - Registered task plugin: SQL - SqlTaskChannelFactory
[INFO] 2024-05-08 14:10:33.955 +0800 o.a.d.p.t.a.TaskPluginManager:[63] - Registering task plugin: DVC - DvcTaskChannelFactory
[INFO] 2024-05-08 14:10:33.957 +0800 o.a.d.p.t.a.TaskPluginManager:[68] - Registered task plugin: DVC - DvcTaskChannelFactory
[INFO] 2024-05-08 14:10:33.957 +0800 o.a.d.p.t.a.TaskPluginManager:[63] - Registering task plugin: DATAX - DataxTaskChannelFactory
[INFO] 2024-05-08 14:10:33.960 +0800 o.a.d.p.t.a.TaskPluginManager:[68] - Registered task plugin: DATAX - DataxTaskChannelFactory
[INFO] 2024-05-08 14:10:33.961 +0800 o.a.d.p.t.a.TaskPluginManager:[63] - Registering task plugin: ZEPPELIN - ZeppelinTaskChannelFactory
[INFO] 2024-05-08 14:10:33.965 +0800 o.a.d.p.t.a.TaskPluginManager:[68] - Registered task plugin: ZEPPELIN - ZeppelinTaskChannelFactory
[INFO] 2024-05-08 14:10:33.966 +0800 o.a.d.p.t.a.TaskPluginManager:[63] - Registering task plugin: DINKY - DinkyTaskChannelFactory
[INFO] 2024-05-08 14:10:33.968 +0800 o.a.d.p.t.a.TaskPluginManager:[68] - Registered task plugin: DINKY - DinkyTaskChannelFactory
[INFO] 2024-05-08 14:10:33.969 +0800 o.a.d.p.t.a.TaskPluginManager:[63] - Registering task plugin: MLFLOW - MlflowTaskChannelFactory
[INFO] 2024-05-08 14:10:33.971 +0800 o.a.d.p.t.a.TaskPluginManager:[68] - Registered task plugin: MLFLOW - MlflowTaskChannelFactory
[INFO] 2024-05-08 14:10:33.972 +0800 o.a.d.p.t.a.TaskPluginManager:[63] - Registering task plugin: OPENMLDB - OpenmldbTaskChannelFactory
[INFO] 2024-05-08 14:10:33.974 +0800 o.a.d.p.t.a.TaskPluginManager:[68] - Registered task plugin: OPENMLDB - OpenmldbTaskChannelFactory
[INFO] 2024-05-08 14:10:33.974 +0800 o.a.d.p.t.a.TaskPluginManager:[63] - Registering task plugin: LINKIS - LinkisTaskChannelFactory
[INFO] 2024-05-08 14:10:33.976 +0800 o.a.d.p.t.a.TaskPluginManager:[68] - Registered task plugin: LINKIS - LinkisTaskChannelFactory
[INFO] 2024-05-08 14:10:33.976 +0800 o.a.d.p.t.a.TaskPluginManager:[63] - Registering task plugin: FLINK - FlinkTaskChannelFactory
[INFO] 2024-05-08 14:10:33.977 +0800 o.a.d.p.t.a.TaskPluginManager:[68] - Registered task plugin: FLINK - FlinkTaskChannelFactory
[INFO] 2024-05-08 14:10:33.978 +0800 o.a.d.p.t.a.TaskPluginManager:[63] - Registering task plugin: HIVECLI - HiveCliTaskChannelFactory
[INFO] 2024-05-08 14:10:33.981 +0800 o.a.d.p.t.a.TaskPluginManager:[68] - Registered task plugin: HIVECLI - HiveCliTaskChannelFactory
[INFO] 2024-05-08 14:10:33.987 +0800 o.a.d.c.u.JSONUtils:[72] - init timezone: sun.util.calendar.ZoneInfo[id="Asia/Shanghai",offset=28800000,dstSavings=0,useDaylight=false,transitions=31,lastRule=null]
[INFO] 2024-05-08 14:12:00.206 +0800 o.a.d.a.c.TaskTypeConfiguration:[75] - support default universal task types: [SHELL, JAVA, PYTHON, PROCEDURE, SQL, SPARK, FLINK, HTTP, MR, DINKY, FLINK_STREAM, HIVECLI, REMOTESHELL]
[INFO] 2024-05-08 14:12:00.210 +0800 o.a.d.a.c.TaskTypeConfiguration:[76] - support default cloud task types: [EMR, K8S, DMS, DATA_FACTORY]
[INFO] 2024-05-08 14:12:00.210 +0800 o.a.d.a.c.TaskTypeConfiguration:[77] - support default logic task types: [SUB_PROCESS, DEPENDENT, CONDITIONS, SWITCH, DYNAMIC]
[INFO] 2024-05-08 14:12:00.210 +0800 o.a.d.a.c.TaskTypeConfiguration:[78] - support default dataIntegration task types: [SEATUNNEL, DATAX, SQOOP]
[INFO] 2024-05-08 14:12:00.210 +0800 o.a.d.a.c.TaskTypeConfiguration:[79] - support default dataQuality task types: [DATA_QUALITY]
[INFO] 2024-05-08 14:12:00.210 +0800 o.a.d.a.c.TaskTypeConfiguration:[80] - support default machineLearning task types: [JUPYTER, MLFLOW, OPENMLDB, DVC, SAGEMAKER, PYTORCH, KUBEFLOW]
[INFO] 2024-05-08 14:12:00.210 +0800 o.a.d.a.c.TaskTypeConfiguration:[81] - support default other task types: [PIGEON, ZEPPELIN, CHUNJUN, DATASYNC, LINKIS]
