[WI-0][TI-0] - [INFO] 2024-03-26 17:05:04.267 +0800 o.a.d.s.m.r.t.TaskGroupCoordinator:[127] - TaskGroupCoordinator round time cost: 10/ms
[WI-0][TI-0] - [WARN] 2024-03-26 17:05:09.290 +0800 o.a.d.s.m.d.h.LowerWeightHostManager:[139] - Worker 172.24.0.5:1234 in workerGroup default is Busy, heartbeat is WorkerHeartBeat(startupTime=1711423922191, reportTime=1711443908846, cpuUsage=0.7660012380068091, jvmMemoryUsage=0.03408616383870443, memoryUsage=0.4863031443982285, diskUsage=0.0, serverStatus=BUSY, processId=8, host=172.24.0.5, port=1234, workerHostWeight=100, threadPoolUsage=0)
[WI-0][TI-0] - [INFO] 2024-03-26 17:05:09.335 +0800 o.a.d.s.m.r.t.TaskGroupCoordinator:[127] - TaskGroupCoordinator round time cost: 18/ms
[WI-0][TI-0] - [INFO] 2024-03-26 17:05:09.589 +0800 o.a.d.s.m.c.MasterServerLoadProtection:[48] - Master OverLoad: the TotalCpuUsedPercentage: 0.7506775067750677 is over then the MaxCpuUsagePercentageThresholds 0.7
[WI-0][TI-0] - [WARN] 2024-03-26 17:05:09.590 +0800 o.a.d.s.m.r.MasterSchedulerBootstrap:[123] - The current server is overload, cannot consumes commands.
[WI-0][TI-0] - [INFO] 2024-03-26 17:05:09.790 +0800 o.a.d.s.m.c.MasterServerLoadProtection:[48] - Master OverLoad: the TotalCpuUsedPercentage: 0.7506775067750677 is over then the MaxCpuUsagePercentageThresholds 0.7
[WI-0][TI-0] - [INFO] 2024-03-26 17:05:14.386 +0800 o.a.d.s.m.r.t.TaskGroupCoordinator:[127] - TaskGroupCoordinator round time cost: 8/ms
[WI-0][TI-0] - [INFO] 2024-03-26 17:05:19.418 +0800 o.a.d.s.m.r.t.TaskGroupCoordinator:[127] - TaskGroupCoordinator round time cost: 8/ms
[WI-0][TI-0] - [INFO] 2024-03-26 17:05:24.459 +0800 o.a.d.s.m.r.t.TaskGroupCoordinator:[127] - TaskGroupCoordinator round time cost: 17/ms
[WI-0][TI-0] - [INFO] 2024-03-26 17:05:29.533 +0800 o.a.d.s.m.r.t.TaskGroupCoordinator:[127] - TaskGroupCoordinator round time cost: 8/ms
[WI-0][TI-0] - [INFO] 2024-03-26 17:05:35.254 +0800 o.a.d.s.m.r.t.TaskGroupCoordinator:[127] - TaskGroupCoordinator round time cost: 10/ms
[WI-0][TI-0] - [INFO] 2024-03-26 17:05:40.300 +0800 o.a.d.s.m.r.t.TaskGroupCoordinator:[127] - TaskGroupCoordinator round time cost: 7/ms
[WI-0][TI-0] - [INFO] 2024-03-26 17:05:45.346 +0800 o.a.d.s.m.r.t.TaskGroupCoordinator:[127] - TaskGroupCoordinator round time cost: 3/ms
[WI-0][TI-0] - [INFO] 2024-03-26 17:05:50.387 +0800 o.a.d.s.m.r.t.TaskGroupCoordinator:[127] - TaskGroupCoordinator round time cost: 5/ms
[WI-0][TI-0] - [INFO] 2024-03-26 17:05:55.417 +0800 o.a.d.s.m.r.t.TaskGroupCoordinator:[127] - TaskGroupCoordinator round time cost: 6/ms
[WI-0][TI-0] - [INFO] 2024-03-26 17:06:00.445 +0800 o.a.d.s.m.r.t.TaskGroupCoordinator:[127] - TaskGroupCoordinator round time cost: 3/ms
[WI-0][TI-0] - [INFO] 2024-03-26 17:06:05.475 +0800 o.a.d.s.m.r.t.TaskGroupCoordinator:[127] - TaskGroupCoordinator round time cost: 3/ms
[WI-0][TI-0] - [INFO] 2024-03-26 17:06:12.280 +0800 o.a.d.s.m.r.t.TaskGroupCoordinator:[127] - TaskGroupCoordinator round time cost: 4/ms
[WI-0][TI-0] - [INFO] 2024-03-26 17:06:17.310 +0800 o.a.d.s.m.r.t.TaskGroupCoordinator:[127] - TaskGroupCoordinator round time cost: 7/ms
[WI-0][TI-0] - [INFO] 2024-03-26 17:06:22.345 +0800 o.a.d.s.m.r.t.TaskGroupCoordinator:[127] - TaskGroupCoordinator round time cost: 9/ms
[WI-0][TI-0] - [INFO] 2024-03-26 17:06:27.394 +0800 o.a.d.s.m.r.t.TaskGroupCoordinator:[127] - TaskGroupCoordinator round time cost: 6/ms
[WI-0][TI-0] - [INFO] 2024-03-26 17:06:32.431 +0800 o.a.d.s.m.r.t.TaskGroupCoordinator:[127] - TaskGroupCoordinator round time cost: 10/ms
[WI-0][TI-0] - [INFO] 2024-03-26 17:06:37.462 +0800 o.a.d.s.m.r.t.TaskGroupCoordinator:[127] - TaskGroupCoordinator round time cost: 9/ms
[WI-0][TI-0] - [INFO] 2024-03-26 17:06:42.495 +0800 o.a.d.s.m.r.t.TaskGroupCoordinator:[127] - TaskGroupCoordinator round time cost: 8/ms
[WI-0][TI-0] - [INFO] 2024-03-26 17:06:47.526 +0800 o.a.d.s.m.r.t.TaskGroupCoordinator:[127] - TaskGroupCoordinator round time cost: 7/ms
[WI-0][TI-0] - [INFO] 2024-03-26 17:06:52.557 +0800 o.a.d.s.m.r.t.TaskGroupCoordinator:[127] - TaskGroupCoordinator round time cost: 5/ms
[WI-0][TI-0] - [INFO] 2024-03-26 17:06:57.585 +0800 o.a.d.s.m.r.t.TaskGroupCoordinator:[127] - TaskGroupCoordinator round time cost: 3/ms
[WI-0][TI-0] - [INFO] 2024-03-26 17:06:58.598 +0800 o.a.d.s.m.c.MasterServerLoadProtection:[48] - Master OverLoad: the TotalCpuUsedPercentage: 1.0 is over then the MaxCpuUsagePercentageThresholds 0.7
[WI-0][TI-0] - [WARN] 2024-03-26 17:06:58.598 +0800 o.a.d.s.m.r.MasterSchedulerBootstrap:[123] - The current server is overload, cannot consumes commands.
[WI-0][TI-0] - [INFO] 2024-03-26 17:07:02.608 +0800 o.a.d.s.m.r.t.TaskGroupCoordinator:[127] - TaskGroupCoordinator round time cost: 5/ms
[WI-0][TI-0] - [INFO] 2024-03-26 17:07:07.693 +0800 o.a.d.s.m.r.t.TaskGroupCoordinator:[127] - TaskGroupCoordinator round time cost: 20/ms
[WI-0][TI-0] - [INFO] 2024-03-26 17:07:12.735 +0800 o.a.d.s.m.r.t.TaskGroupCoordinator:[127] - TaskGroupCoordinator round time cost: 5/ms
[WI-0][TI-0] - [INFO] 2024-03-26 17:07:16.732 +0800 o.a.d.s.m.r.t.TaskGroupCoordinator:[127] - TaskGroupCoordinator round time cost: 6/ms
[WI-0][TI-0] - [INFO] 2024-03-26 17:07:21.788 +0800 o.a.d.s.m.r.t.TaskGroupCoordinator:[127] - TaskGroupCoordinator round time cost: 6/ms
[WI-0][TI-0] - [INFO] 2024-03-26 17:07:26.815 +0800 o.a.d.s.m.r.t.TaskGroupCoordinator:[127] - TaskGroupCoordinator round time cost: 5/ms
[WI-0][TI-0] - [INFO] 2024-03-26 17:07:31.893 +0800 o.a.d.s.m.r.t.TaskGroupCoordinator:[127] - TaskGroupCoordinator round time cost: 29/ms
[WI-0][TI-0] - [INFO] 2024-03-26 17:07:36.930 +0800 o.a.d.s.m.r.t.TaskGroupCoordinator:[127] - TaskGroupCoordinator round time cost: 6/ms
[WI-0][TI-0] - [INFO] 2024-03-26 17:07:41.959 +0800 o.a.d.s.m.r.t.TaskGroupCoordinator:[127] - TaskGroupCoordinator round time cost: 6/ms
[WI-0][TI-0] - [INFO] 2024-03-26 17:07:46.993 +0800 o.a.d.s.m.r.t.TaskGroupCoordinator:[127] - TaskGroupCoordinator round time cost: 4/ms
[WI-0][TI-0] - [INFO] 2024-03-26 17:07:52.016 +0800 o.a.d.s.m.r.t.TaskGroupCoordinator:[127] - TaskGroupCoordinator round time cost: 4/ms
[WI-0][TI-0] - [INFO] 2024-03-26 17:07:57.044 +0800 o.a.d.s.m.r.t.TaskGroupCoordinator:[127] - TaskGroupCoordinator round time cost: 5/ms
[WI-0][TI-0] - [INFO] 2024-03-26 17:08:02.066 +0800 o.a.d.s.m.r.t.TaskGroupCoordinator:[127] - TaskGroupCoordinator round time cost: 3/ms
[WI-0][TI-0] - [INFO] 2024-03-26 17:08:07.088 +0800 o.a.d.s.m.r.t.TaskGroupCoordinator:[127] - TaskGroupCoordinator round time cost: 3/ms
[WI-0][TI-0] - [INFO] 2024-03-26 17:08:08.931 +0800 o.a.d.s.m.c.MasterServerLoadProtection:[48] - Master OverLoad: the TotalCpuUsedPercentage: 0.7666512773160972 is over then the MaxCpuUsagePercentageThresholds 0.7
[WI-0][TI-0] - [WARN] 2024-03-26 17:08:08.934 +0800 o.a.d.s.m.r.MasterSchedulerBootstrap:[123] - The current server is overload, cannot consumes commands.
[WI-0][TI-0] - [INFO] 2024-03-26 17:08:08.941 +0800 o.a.d.s.m.c.MasterServerLoadProtection:[48] - Master OverLoad: the TotalCpuUsedPercentage: 1.0 is over then the MaxCpuUsagePercentageThresholds 0.7
[WI-0][TI-0] - [INFO] 2024-03-26 17:08:12.108 +0800 o.a.d.s.m.r.t.TaskGroupCoordinator:[127] - TaskGroupCoordinator round time cost: 2/ms
[WI-0][TI-0] - [INFO] 2024-03-26 17:08:17.133 +0800 o.a.d.s.m.r.t.TaskGroupCoordinator:[127] - TaskGroupCoordinator round time cost: 5/ms
[WI-0][TI-0] - [INFO] 2024-03-26 17:08:22.220 +0800 o.a.d.s.m.r.t.TaskGroupCoordinator:[127] - TaskGroupCoordinator round time cost: 12/ms
[WI-0][TI-0] - [INFO] 2024-03-26 17:08:27.267 +0800 o.a.d.s.m.r.t.TaskGroupCoordinator:[127] - TaskGroupCoordinator round time cost: 6/ms
[WI-0][TI-0] - [INFO] 2024-03-26 17:08:32.295 +0800 o.a.d.s.m.r.t.TaskGroupCoordinator:[127] - TaskGroupCoordinator round time cost: 2/ms
[WI-0][TI-0] - [INFO] 2024-03-26 17:08:37.320 +0800 o.a.d.s.m.r.t.TaskGroupCoordinator:[127] - TaskGroupCoordinator round time cost: 2/ms
[WI-0][TI-0] - [INFO] 2024-03-26 17:08:42.342 +0800 o.a.d.s.m.r.t.TaskGroupCoordinator:[127] - TaskGroupCoordinator round time cost: 4/ms
[WI-0][TI-0] - [INFO] 2024-03-26 17:08:47.379 +0800 o.a.d.s.m.r.t.TaskGroupCoordinator:[127] - TaskGroupCoordinator round time cost: 6/ms
[WI-0][TI-0] - [INFO] 2024-03-26 17:08:48.125 +0800 o.a.d.s.m.c.MasterServerLoadProtection:[48] - Master OverLoad: the TotalCpuUsedPercentage: 1.3333333333333333 is over then the MaxCpuUsagePercentageThresholds 0.7
[WI-0][TI-0] - [WARN] 2024-03-26 17:08:48.125 +0800 o.a.d.s.m.r.MasterSchedulerBootstrap:[123] - The current server is overload, cannot consumes commands.
[WI-0][TI-0] - [INFO] 2024-03-26 17:08:53.116 +0800 o.a.d.s.m.r.t.TaskGroupCoordinator:[127] - TaskGroupCoordinator round time cost: 6/ms
[WI-0][TI-0] - [INFO] 2024-03-26 17:08:53.859 +0800 o.a.d.s.m.c.MasterServerLoadProtection:[48] - Master OverLoad: the TotalCpuUsedPercentage: 1.0 is over then the MaxCpuUsagePercentageThresholds 0.7
[WI-0][TI-0] - [WARN] 2024-03-26 17:08:53.861 +0800 o.a.d.s.m.r.MasterSchedulerBootstrap:[123] - The current server is overload, cannot consumes commands.
[WI-0][TI-0] - [INFO] 2024-03-26 17:08:58.143 +0800 o.a.d.s.m.r.t.TaskGroupCoordinator:[127] - TaskGroupCoordinator round time cost: 6/ms
[WI-0][TI-0] - [INFO] 2024-03-26 17:09:03.175 +0800 o.a.d.s.m.r.t.TaskGroupCoordinator:[127] - TaskGroupCoordinator round time cost: 7/ms
[WI-0][TI-0] - [INFO] 2024-03-26 17:09:08.210 +0800 o.a.d.s.m.r.t.TaskGroupCoordinator:[127] - TaskGroupCoordinator round time cost: 2/ms
[WI-0][TI-0] - [INFO] 2024-03-26 17:09:12.948 +0800 o.a.d.s.m.c.MasterServerLoadProtection:[48] - Master OverLoad: the TotalCpuUsedPercentage: 1.0 is over then the MaxCpuUsagePercentageThresholds 0.7
[WI-0][TI-0] - [WARN] 2024-03-26 17:09:12.948 +0800 o.a.d.s.m.r.MasterSchedulerBootstrap:[123] - The current server is overload, cannot consumes commands.
[WI-0][TI-0] - [INFO] 2024-03-26 17:09:13.235 +0800 o.a.d.s.m.r.t.TaskGroupCoordinator:[127] - TaskGroupCoordinator round time cost: 3/ms
[WI-0][TI-0] - [INFO] 2024-03-26 17:09:18.274 +0800 o.a.d.s.m.r.t.TaskGroupCoordinator:[127] - TaskGroupCoordinator round time cost: 6/ms
[WI-0][TI-0] - [INFO] 2024-03-26 17:09:23.315 +0800 o.a.d.s.m.r.t.TaskGroupCoordinator:[127] - TaskGroupCoordinator round time cost: 3/ms
[WI-0][TI-0] - [INFO] 2024-03-26 17:09:28.340 +0800 o.a.d.s.m.r.t.TaskGroupCoordinator:[127] - TaskGroupCoordinator round time cost: 1/ms
[WI-0][TI-0] - [INFO] 2024-03-26 17:09:33.374 +0800 o.a.d.s.m.r.t.TaskGroupCoordinator:[127] - TaskGroupCoordinator round time cost: 5/ms
[WI-0][TI-0] - [INFO] 2024-03-26 17:09:38.401 +0800 o.a.d.s.m.r.t.TaskGroupCoordinator:[127] - TaskGroupCoordinator round time cost: 6/ms
[WI-0][TI-0] - [INFO] 2024-03-26 17:09:43.067 +0800 o.a.d.s.m.c.MasterServerLoadProtection:[48] - Master OverLoad: the TotalCpuUsedPercentage: 1.0 is over then the MaxCpuUsagePercentageThresholds 0.7
[WI-0][TI-0] - [WARN] 2024-03-26 17:09:43.067 +0800 o.a.d.s.m.r.MasterSchedulerBootstrap:[123] - The current server is overload, cannot consumes commands.
[WI-0][TI-0] - [INFO] 2024-03-26 17:09:43.434 +0800 o.a.d.s.m.r.t.TaskGroupCoordinator:[127] - TaskGroupCoordinator round time cost: 6/ms
[WI-0][TI-0] - [INFO] 2024-03-26 17:09:44.066 +0800 o.a.d.s.m.c.MasterServerLoadProtection:[48] - Master OverLoad: the TotalCpuUsedPercentage: 1.0 is over then the MaxCpuUsagePercentageThresholds 0.7
[WI-0][TI-0] - [INFO] 2024-03-26 17:09:48.461 +0800 o.a.d.s.m.r.t.TaskGroupCoordinator:[127] - TaskGroupCoordinator round time cost: 3/ms
[WI-0][TI-0] - [INFO] 2024-03-26 17:09:53.481 +0800 o.a.d.s.m.r.t.TaskGroupCoordinator:[127] - TaskGroupCoordinator round time cost: 3/ms
[WI-0][TI-0] - [INFO] 2024-03-26 17:09:58.138 +0800 o.a.d.s.m.c.MasterServerLoadProtection:[48] - Master OverLoad: the TotalCpuUsedPercentage: 1.0 is over then the MaxCpuUsagePercentageThresholds 0.7
[WI-0][TI-0] - [WARN] 2024-03-26 17:09:58.138 +0800 o.a.d.s.m.r.MasterSchedulerBootstrap:[123] - The current server is overload, cannot consumes commands.
[WI-0][TI-0] - [INFO] 2024-03-26 17:09:58.509 +0800 o.a.d.s.m.r.t.TaskGroupCoordinator:[127] - TaskGroupCoordinator round time cost: 6/ms
[WI-0][TI-0] - [INFO] 2024-03-26 17:10:00.143 +0800 o.a.d.s.m.c.MasterServerLoadProtection:[48] - Master OverLoad: the TotalCpuUsedPercentage: 1.0 is over then the MaxCpuUsagePercentageThresholds 0.7
[WI-0][TI-0] - [WARN] 2024-03-26 17:10:00.144 +0800 o.a.d.s.m.r.MasterSchedulerBootstrap:[123] - The current server is overload, cannot consumes commands.
[WI-0][TI-0] - [INFO] 2024-03-26 17:10:03.540 +0800 o.a.d.s.m.r.t.TaskGroupCoordinator:[127] - TaskGroupCoordinator round time cost: 5/ms
[WI-0][TI-0] - [INFO] 2024-03-26 17:10:08.574 +0800 o.a.d.s.m.r.t.TaskGroupCoordinator:[127] - TaskGroupCoordinator round time cost: 4/ms
[WI-0][TI-0] - [INFO] 2024-03-26 17:10:09.186 +0800 o.a.d.s.m.c.MasterServerLoadProtection:[48] - Master OverLoad: the TotalCpuUsedPercentage: 1.0 is over then the MaxCpuUsagePercentageThresholds 0.7
[WI-0][TI-0] - [INFO] 2024-03-26 17:10:13.606 +0800 o.a.d.s.m.r.t.TaskGroupCoordinator:[127] - TaskGroupCoordinator round time cost: 5/ms
[WI-0][TI-0] - [INFO] 2024-03-26 17:10:18.639 +0800 o.a.d.s.m.r.t.TaskGroupCoordinator:[127] - TaskGroupCoordinator round time cost: 2/ms
[WI-0][TI-0] - [INFO] 2024-03-26 17:10:23.685 +0800 o.a.d.s.m.r.t.TaskGroupCoordinator:[127] - TaskGroupCoordinator round time cost: 5/ms
[WI-0][TI-0] - [INFO] 2024-03-26 17:10:28.293 +0800 o.a.d.s.m.r.t.TaskGroupCoordinator:[127] - TaskGroupCoordinator round time cost: 4/ms
[WI-0][TI-0] - [INFO] 2024-03-26 17:10:33.317 +0800 o.a.d.s.m.r.t.TaskGroupCoordinator:[127] - TaskGroupCoordinator round time cost: 4/ms
[WI-0][TI-0] - [INFO] 2024-03-26 17:10:38.344 +0800 o.a.d.s.m.r.t.TaskGroupCoordinator:[127] - TaskGroupCoordinator round time cost: 3/ms
[WI-0][TI-0] - [INFO] 2024-03-26 17:10:43.413 +0800 o.a.d.s.m.r.t.TaskGroupCoordinator:[127] - TaskGroupCoordinator round time cost: 17/ms
[WI-0][TI-0] - [INFO] 2024-03-26 17:10:48.437 +0800 o.a.d.s.m.r.t.TaskGroupCoordinator:[127] - TaskGroupCoordinator round time cost: 5/ms
[WI-0][TI-0] - [INFO] 2024-03-26 17:10:53.461 +0800 o.a.d.s.m.r.t.TaskGroupCoordinator:[127] - TaskGroupCoordinator round time cost: 4/ms
[WI-0][TI-0] - [INFO] 2024-03-26 17:10:58.498 +0800 o.a.d.s.m.r.t.TaskGroupCoordinator:[127] - TaskGroupCoordinator round time cost: 3/ms
[WI-0][TI-0] - [INFO] 2024-03-26 17:11:01.220 +0800 o.a.d.s.m.c.MasterServerLoadProtection:[48] - Master OverLoad: the TotalCpuUsedPercentage: 1.3333333333333333 is over then the MaxCpuUsagePercentageThresholds 0.7
[WI-0][TI-0] - [WARN] 2024-03-26 17:11:01.221 +0800 o.a.d.s.m.r.MasterSchedulerBootstrap:[123] - The current server is overload, cannot consumes commands.
[WI-0][TI-0] - [INFO] 2024-03-26 17:11:02.662 +0800 o.a.d.s.m.r.t.TaskGroupCoordinator:[127] - TaskGroupCoordinator round time cost: 3/ms
[WI-0][TI-0] - [INFO] 2024-03-26 17:11:07.693 +0800 o.a.d.s.m.r.t.TaskGroupCoordinator:[127] - TaskGroupCoordinator round time cost: 5/ms
[WI-0][TI-0] - [INFO] 2024-03-26 17:11:12.728 +0800 o.a.d.s.m.r.t.TaskGroupCoordinator:[127] - TaskGroupCoordinator round time cost: 2/ms
[WI-0][TI-0] - [INFO] 2024-03-26 17:11:17.750 +0800 o.a.d.s.m.r.t.TaskGroupCoordinator:[127] - TaskGroupCoordinator round time cost: 2/ms
[WI-0][TI-0] - [INFO] 2024-03-26 17:11:22.802 +0800 o.a.d.s.m.r.t.TaskGroupCoordinator:[127] - TaskGroupCoordinator round time cost: 3/ms
[WI-0][TI-0] - [INFO] 2024-03-26 17:11:27.822 +0800 o.a.d.s.m.r.t.TaskGroupCoordinator:[127] - TaskGroupCoordinator round time cost: 2/ms
[WI-0][TI-0] - [INFO] 2024-03-26 17:11:32.264 +0800 o.a.d.s.m.r.t.TaskGroupCoordinator:[127] - TaskGroupCoordinator round time cost: 3/ms
[WI-0][TI-0] - [INFO] 2024-03-26 17:11:37.285 +0800 o.a.d.s.m.r.t.TaskGroupCoordinator:[127] - TaskGroupCoordinator round time cost: 3/ms
[WI-0][TI-0] - [INFO] 2024-03-26 17:11:42.316 +0800 o.a.d.s.m.r.t.TaskGroupCoordinator:[127] - TaskGroupCoordinator round time cost: 4/ms
[WI-0][TI-0] - [INFO] 2024-03-26 17:11:47.343 +0800 o.a.d.s.m.r.t.TaskGroupCoordinator:[127] - TaskGroupCoordinator round time cost: 3/ms
[WI-0][TI-0] - [INFO] 2024-03-26 17:11:52.368 +0800 o.a.d.s.m.r.t.TaskGroupCoordinator:[127] - TaskGroupCoordinator round time cost: 3/ms
[WI-0][TI-0] - [INFO] 2024-03-26 17:11:57.392 +0800 o.a.d.s.m.r.t.TaskGroupCoordinator:[127] - TaskGroupCoordinator round time cost: 2/ms
[WI-0][TI-0] - [INFO] 2024-03-26 17:11:59.864 +0800 o.a.d.s.m.c.MasterServerLoadProtection:[48] - Master OverLoad: the TotalCpuUsedPercentage: 1.0 is over then the MaxCpuUsagePercentageThresholds 0.7
[WI-0][TI-0] - [WARN] 2024-03-26 17:12:00.584 +0800 o.a.d.s.m.r.MasterSlotManager:[90] - Current master is not in active master list
[WI-0][TI-0] - [WARN] 2024-03-26 17:12:00.868 +0800 o.a.d.s.m.r.MasterSchedulerBootstrap:[179] - Master count: 0 is invalid, the current slot: 0
[WI-0][TI-0] - [WARN] 2024-03-26 17:12:01.871 +0800 o.a.d.s.m.r.MasterSchedulerBootstrap:[179] - Master count: 0 is invalid, the current slot: 0
[WI-0][TI-0] - [INFO] 2024-03-26 17:12:02.458 +0800 o.a.d.s.m.r.t.TaskGroupCoordinator:[127] - TaskGroupCoordinator round time cost: 19/ms
[WI-0][TI-0] - [WARN] 2024-03-26 17:12:02.874 +0800 o.a.d.s.m.r.MasterSchedulerBootstrap:[179] - Master count: 0 is invalid, the current slot: 0
[WI-0][TI-0] - [WARN] 2024-03-26 17:12:03.877 +0800 o.a.d.s.m.r.MasterSchedulerBootstrap:[179] - Master count: 0 is invalid, the current slot: 0
[WI-0][TI-0] - [WARN] 2024-03-26 17:12:04.880 +0800 o.a.d.s.m.r.MasterSchedulerBootstrap:[179] - Master count: 0 is invalid, the current slot: 0
[WI-0][TI-0] - [WARN] 2024-03-26 17:12:05.883 +0800 o.a.d.s.m.r.MasterSchedulerBootstrap:[179] - Master count: 0 is invalid, the current slot: 0
[WI-0][TI-0] - [WARN] 2024-03-26 17:12:06.887 +0800 o.a.d.s.m.r.MasterSchedulerBootstrap:[179] - Master count: 0 is invalid, the current slot: 0
[WI-0][TI-0] - [INFO] 2024-03-26 17:12:07.499 +0800 o.a.d.s.m.r.t.TaskGroupCoordinator:[127] - TaskGroupCoordinator round time cost: 4/ms
[WI-0][TI-0] - [WARN] 2024-03-26 17:12:07.889 +0800 o.a.d.s.m.r.MasterSchedulerBootstrap:[179] - Master count: 0 is invalid, the current slot: 0
[WI-0][TI-0] - [WARN] 2024-03-26 17:12:08.892 +0800 o.a.d.s.m.r.MasterSchedulerBootstrap:[179] - Master count: 0 is invalid, the current slot: 0
[WI-0][TI-0] - [WARN] 2024-03-26 17:12:09.896 +0800 o.a.d.s.m.r.MasterSchedulerBootstrap:[179] - Master count: 0 is invalid, the current slot: 0
[WI-0][TI-0] - [INFO] 2024-03-26 17:12:10.600 +0800 o.a.d.s.m.r.MasterSlotManager:[94] - Update master nodes, total master size: 1, current slot: 0
[WI-0][TI-0] - [INFO] 2024-03-26 17:12:12.530 +0800 o.a.d.s.m.r.t.TaskGroupCoordinator:[127] - TaskGroupCoordinator round time cost: 3/ms
[WI-0][TI-0] - [INFO] 2024-03-26 17:12:17.560 +0800 o.a.d.s.m.r.t.TaskGroupCoordinator:[127] - TaskGroupCoordinator round time cost: 4/ms
[WI-0][TI-0] - [INFO] 2024-03-26 17:12:22.605 +0800 o.a.d.s.m.r.t.TaskGroupCoordinator:[127] - TaskGroupCoordinator round time cost: 3/ms
[WI-0][TI-0] - [INFO] 2024-03-26 17:12:27.641 +0800 o.a.d.s.m.r.t.TaskGroupCoordinator:[127] - TaskGroupCoordinator round time cost: 7/ms
[WI-0][TI-0] - [INFO] 2024-03-26 17:12:32.674 +0800 o.a.d.s.m.r.t.TaskGroupCoordinator:[127] - TaskGroupCoordinator round time cost: 7/ms
[WI-0][TI-0] - [INFO] 2024-03-26 17:12:37.211 +0800 o.a.d.s.m.r.t.TaskGroupCoordinator:[127] - TaskGroupCoordinator round time cost: 7/ms
[WI-0][TI-0] - [INFO] 2024-03-26 17:12:42.235 +0800 o.a.d.s.m.r.t.TaskGroupCoordinator:[127] - TaskGroupCoordinator round time cost: 6/ms
[WI-0][TI-0] - [INFO] 2024-03-26 17:12:47.278 +0800 o.a.d.s.m.r.t.TaskGroupCoordinator:[127] - TaskGroupCoordinator round time cost: 15/ms
[WI-0][TI-0] - [INFO] 2024-03-26 17:12:52.302 +0800 o.a.d.s.m.r.t.TaskGroupCoordinator:[127] - TaskGroupCoordinator round time cost: 4/ms
[WI-0][TI-0] - [INFO] 2024-03-26 17:12:56.684 +0800 o.a.d.s.m.c.MasterServerLoadProtection:[48] - Master OverLoad: the TotalCpuUsedPercentage: 0.7673913043478261 is over then the MaxCpuUsagePercentageThresholds 0.7
[WI-0][TI-0] - [INFO] 2024-03-26 17:12:57.327 +0800 o.a.d.s.m.r.t.TaskGroupCoordinator:[127] - TaskGroupCoordinator round time cost: 5/ms
[WI-0][TI-0] - [INFO] 2024-03-26 17:13:02.380 +0800 o.a.d.s.m.r.t.TaskGroupCoordinator:[127] - TaskGroupCoordinator round time cost: 7/ms
[WI-0][TI-0] - [INFO] 2024-03-26 17:13:08.067 +0800 o.a.d.s.m.r.t.TaskGroupCoordinator:[127] - TaskGroupCoordinator round time cost: 7/ms
[WI-0][TI-0] - [INFO] 2024-03-26 17:13:13.096 +0800 o.a.d.s.m.r.t.TaskGroupCoordinator:[127] - TaskGroupCoordinator round time cost: 8/ms
[WI-0][TI-0] - [INFO] 2024-03-26 17:13:18.126 +0800 o.a.d.s.m.r.t.TaskGroupCoordinator:[127] - TaskGroupCoordinator round time cost: 9/ms
[WI-0][TI-0] - [INFO] 2024-03-26 17:13:23.229 +0800 o.a.d.s.m.r.t.TaskGroupCoordinator:[127] - TaskGroupCoordinator round time cost: 31/ms
[WI-0][TI-0] - [INFO] 2024-03-26 17:13:28.255 +0800 o.a.d.s.m.r.t.TaskGroupCoordinator:[127] - TaskGroupCoordinator round time cost: 4/ms
[WI-0][TI-0] - [INFO] 2024-03-26 17:13:33.293 +0800 o.a.d.s.m.r.t.TaskGroupCoordinator:[127] - TaskGroupCoordinator round time cost: 6/ms
[WI-0][TI-0] - [INFO] 2024-03-26 17:13:33.535 +0800 o.a.d.s.m.c.MasterServerLoadProtection:[48] - Master OverLoad: the TotalCpuUsedPercentage: 2.0 is over then the MaxCpuUsagePercentageThresholds 0.7
[WI-0][TI-0] - [INFO] 2024-03-26 17:13:38.332 +0800 o.a.d.s.m.r.t.TaskGroupCoordinator:[127] - TaskGroupCoordinator round time cost: 13/ms
[WI-0][TI-0] - [INFO] 2024-03-26 17:13:44.618 +0800 o.a.d.s.m.r.t.TaskGroupCoordinator:[127] - TaskGroupCoordinator round time cost: 7/ms
[WI-0][TI-0] - [INFO] 2024-03-26 17:13:49.650 +0800 o.a.d.s.m.r.t.TaskGroupCoordinator:[127] - TaskGroupCoordinator round time cost: 9/ms
[WI-0][TI-0] - [INFO] 2024-03-26 17:13:54.697 +0800 o.a.d.s.m.r.t.TaskGroupCoordinator:[127] - TaskGroupCoordinator round time cost: 14/ms
[WI-0][TI-0] - [INFO] 2024-03-26 17:13:59.762 +0800 o.a.d.s.m.r.t.TaskGroupCoordinator:[127] - TaskGroupCoordinator round time cost: 11/ms
[WI-0][TI-0] - [INFO] 2024-03-26 17:14:03.909 +0800 o.a.d.s.m.c.MasterServerLoadProtection:[48] - Master OverLoad: the TotalCpuUsedPercentage: 1.0 is over then the MaxCpuUsagePercentageThresholds 0.7
[WI-0][TI-0] - [WARN] 2024-03-26 17:14:03.910 +0800 o.a.d.s.m.r.MasterSchedulerBootstrap:[123] - The current server is overload, cannot consumes commands.
[WI-0][TI-0] - [INFO] 2024-03-26 17:14:04.793 +0800 o.a.d.s.m.r.t.TaskGroupCoordinator:[127] - TaskGroupCoordinator round time cost: 5/ms
[WI-0][TI-0] - [INFO] 2024-03-26 17:14:09.821 +0800 o.a.d.s.m.r.t.TaskGroupCoordinator:[127] - TaskGroupCoordinator round time cost: 7/ms
[WI-0][TI-0] - [INFO] 2024-03-26 17:14:11.962 +0800 o.a.d.s.m.c.MasterServerLoadProtection:[48] - Master OverLoad: the TotalCpuUsedPercentage: 1.0 is over then the MaxCpuUsagePercentageThresholds 0.7
[WI-0][TI-0] - [WARN] 2024-03-26 17:14:12.234 +0800 o.a.d.s.m.r.MasterSlotManager:[90] - Current master is not in active master list
[WI-0][TI-0] - [WARN] 2024-03-26 17:14:12.965 +0800 o.a.d.s.m.r.MasterSchedulerBootstrap:[179] - Master count: 0 is invalid, the current slot: 0
[WI-0][TI-0] - [WARN] 2024-03-26 17:14:13.460 +0800 o.a.d.s.m.r.MasterSchedulerBootstrap:[179] - Master count: 0 is invalid, the current slot: 0
[WI-0][TI-0] - [INFO] 2024-03-26 17:14:14.347 +0800 o.a.d.s.m.r.t.TaskGroupCoordinator:[127] - TaskGroupCoordinator round time cost: 10/ms
[WI-0][TI-0] - [WARN] 2024-03-26 17:14:14.463 +0800 o.a.d.s.m.r.MasterSchedulerBootstrap:[179] - Master count: 0 is invalid, the current slot: 0
[WI-0][TI-0] - [WARN] 2024-03-26 17:14:15.466 +0800 o.a.d.s.m.r.MasterSchedulerBootstrap:[179] - Master count: 0 is invalid, the current slot: 0
[WI-0][TI-0] - [WARN] 2024-03-26 17:14:16.470 +0800 o.a.d.s.m.r.MasterSchedulerBootstrap:[179] - Master count: 0 is invalid, the current slot: 0
[WI-0][TI-0] - [WARN] 2024-03-26 17:14:17.473 +0800 o.a.d.s.m.r.MasterSchedulerBootstrap:[179] - Master count: 0 is invalid, the current slot: 0
[WI-0][TI-0] - [WARN] 2024-03-26 17:14:18.475 +0800 o.a.d.s.m.r.MasterSchedulerBootstrap:[179] - Master count: 0 is invalid, the current slot: 0
[WI-0][TI-0] - [INFO] 2024-03-26 17:14:19.386 +0800 o.a.d.s.m.r.t.TaskGroupCoordinator:[127] - TaskGroupCoordinator round time cost: 6/ms
[WI-0][TI-0] - [WARN] 2024-03-26 17:14:19.477 +0800 o.a.d.s.m.r.MasterSchedulerBootstrap:[179] - Master count: 0 is invalid, the current slot: 0
[WI-0][TI-0] - [WARN] 2024-03-26 17:14:20.480 +0800 o.a.d.s.m.r.MasterSchedulerBootstrap:[179] - Master count: 0 is invalid, the current slot: 0
[WI-0][TI-0] - [WARN] 2024-03-26 17:14:21.483 +0800 o.a.d.s.m.r.MasterSchedulerBootstrap:[179] - Master count: 0 is invalid, the current slot: 0
[WI-0][TI-0] - [INFO] 2024-03-26 17:14:21.746 +0800 o.a.d.s.m.r.MasterSlotManager:[94] - Update master nodes, total master size: 1, current slot: 0
[WI-0][TI-0] - [INFO] 2024-03-26 17:14:24.437 +0800 o.a.d.s.m.r.t.TaskGroupCoordinator:[127] - TaskGroupCoordinator round time cost: 7/ms
[WI-0][TI-0] - [INFO] 2024-03-26 17:14:29.470 +0800 o.a.d.s.m.r.t.TaskGroupCoordinator:[127] - TaskGroupCoordinator round time cost: 8/ms
[WI-0][TI-0] - [INFO] 2024-03-26 17:14:34.501 +0800 o.a.d.s.m.r.t.TaskGroupCoordinator:[127] - TaskGroupCoordinator round time cost: 4/ms
[WI-0][TI-0] - [INFO] 2024-03-26 17:14:39.539 +0800 o.a.d.s.m.r.t.TaskGroupCoordinator:[127] - TaskGroupCoordinator round time cost: 7/ms
[WI-0][TI-0] - [INFO] 2024-03-26 17:14:44.576 +0800 o.a.d.s.m.r.t.TaskGroupCoordinator:[127] - TaskGroupCoordinator round time cost: 8/ms
[WI-0][TI-0] - [INFO] 2024-03-26 17:14:49.601 +0800 o.a.d.s.m.r.t.TaskGroupCoordinator:[127] - TaskGroupCoordinator round time cost: 5/ms
[WI-0][TI-0] - [INFO] 2024-03-26 17:14:54.624 +0800 o.a.d.s.m.r.t.TaskGroupCoordinator:[127] - TaskGroupCoordinator round time cost: 7/ms
[WI-0][TI-0] - [INFO] 2024-03-26 17:14:59.648 +0800 o.a.d.s.m.r.t.TaskGroupCoordinator:[127] - TaskGroupCoordinator round time cost: 5/ms
[WI-0][TI-0] - [INFO] 2024-03-26 17:15:04.672 +0800 o.a.d.s.m.r.t.TaskGroupCoordinator:[127] - TaskGroupCoordinator round time cost: 6/ms
[WI-0][TI-0] - [INFO] 2024-03-26 17:15:09.702 +0800 o.a.d.s.m.r.t.TaskGroupCoordinator:[127] - TaskGroupCoordinator round time cost: 6/ms
[WI-0][TI-0] - [INFO] 2024-03-26 17:15:14.733 +0800 o.a.d.s.m.r.t.TaskGroupCoordinator:[127] - TaskGroupCoordinator round time cost: 7/ms
[WI-0][TI-0] - [INFO] 2024-03-26 17:15:19.759 +0800 o.a.d.s.m.r.t.TaskGroupCoordinator:[127] - TaskGroupCoordinator round time cost: 4/ms
[WI-0][TI-0] - [INFO] 2024-03-26 17:15:24.871 +0800 o.a.d.s.m.r.t.TaskGroupCoordinator:[127] - TaskGroupCoordinator round time cost: 6/ms
[WI-0][TI-0] - [INFO] 2024-03-26 17:15:28.817 +0800 o.a.d.s.m.c.MasterServerLoadProtection:[48] - Master OverLoad: the TotalCpuUsedPercentage: 1.0 is over then the MaxCpuUsagePercentageThresholds 0.7
[WI-0][TI-0] - [WARN] 2024-03-26 17:15:28.818 +0800 o.a.d.s.m.r.MasterSchedulerBootstrap:[123] - The current server is overload, cannot consumes commands.
[WI-0][TI-0] - [INFO] 2024-03-26 17:15:29.821 +0800 o.a.d.s.m.c.MasterServerLoadProtection:[48] - Master OverLoad: the TotalCpuUsedPercentage: 1.0 is over then the MaxCpuUsagePercentageThresholds 0.7
[WI-0][TI-0] - [WARN] 2024-03-26 17:15:29.822 +0800 o.a.d.s.m.r.MasterSchedulerBootstrap:[123] - The current server is overload, cannot consumes commands.
[WI-0][TI-0] - [INFO] 2024-03-26 17:15:29.907 +0800 o.a.d.s.m.r.t.TaskGroupCoordinator:[127] - TaskGroupCoordinator round time cost: 6/ms
[WI-0][TI-0] - [INFO] 2024-03-26 17:15:34.953 +0800 o.a.d.s.m.r.t.TaskGroupCoordinator:[127] - TaskGroupCoordinator round time cost: 11/ms
[WI-0][TI-0] - [INFO] 2024-03-26 17:15:39.979 +0800 o.a.d.s.m.r.t.TaskGroupCoordinator:[127] - TaskGroupCoordinator round time cost: 2/ms
[WI-0][TI-0] - [INFO] 2024-03-26 17:15:45.007 +0800 o.a.d.s.m.r.t.TaskGroupCoordinator:[127] - TaskGroupCoordinator round time cost: 12/ms
[WI-0][TI-0] - [INFO] 2024-03-26 17:15:50.034 +0800 o.a.d.s.m.r.t.TaskGroupCoordinator:[127] - TaskGroupCoordinator round time cost: 7/ms
[WI-0][TI-0] - [INFO] 2024-03-26 17:15:55.061 +0800 o.a.d.s.m.r.t.TaskGroupCoordinator:[127] - TaskGroupCoordinator round time cost: 6/ms
[WI-0][TI-0] - [INFO] 2024-03-26 17:16:00.086 +0800 o.a.d.s.m.r.t.TaskGroupCoordinator:[127] - TaskGroupCoordinator round time cost: 4/ms
[WI-0][TI-0] - [INFO] 2024-03-26 17:16:05.124 +0800 o.a.d.s.m.r.t.TaskGroupCoordinator:[127] - TaskGroupCoordinator round time cost: 4/ms
[WI-0][TI-0] - [INFO] 2024-03-26 17:16:10.150 +0800 o.a.d.s.m.r.t.TaskGroupCoordinator:[127] - TaskGroupCoordinator round time cost: 3/ms
[WI-0][TI-0] - [INFO] 2024-03-26 17:16:15.180 +0800 o.a.d.s.m.r.t.TaskGroupCoordinator:[127] - TaskGroupCoordinator round time cost: 5/ms
[WI-0][TI-0] - [INFO] 2024-03-26 17:16:20.239 +0800 o.a.d.s.m.r.t.TaskGroupCoordinator:[127] - TaskGroupCoordinator round time cost: 16/ms
[WI-0][TI-0] - [INFO] 2024-03-26 17:16:24.774 +0800 o.a.d.s.m.r.t.TaskGroupCoordinator:[127] - TaskGroupCoordinator round time cost: 15/ms
[WI-0][TI-0] - [INFO] 2024-03-26 17:16:29.848 +0800 o.a.d.s.m.r.t.TaskGroupCoordinator:[127] - TaskGroupCoordinator round time cost: 9/ms
[WI-0][TI-0] - [INFO] 2024-03-26 17:16:34.882 +0800 o.a.d.s.m.r.t.TaskGroupCoordinator:[127] - TaskGroupCoordinator round time cost: 6/ms
[WI-0][TI-0] - [INFO] 2024-03-26 17:16:39.904 +0800 o.a.d.s.m.r.t.TaskGroupCoordinator:[127] - TaskGroupCoordinator round time cost: 3/ms
[WI-0][TI-0] - [INFO] 2024-03-26 17:16:44.928 +0800 o.a.d.s.m.r.t.TaskGroupCoordinator:[127] - TaskGroupCoordinator round time cost: 5/ms
[WI-0][TI-0] - [INFO] 2024-03-26 17:16:47.552 +0800 o.a.d.s.m.c.MasterServerLoadProtection:[48] - Master OverLoad: the TotalCpuUsedPercentage: 0.7174746075715605 is over then the MaxCpuUsagePercentageThresholds 0.7
[WI-0][TI-0] - [WARN] 2024-03-26 17:16:47.554 +0800 o.a.d.s.m.r.MasterSchedulerBootstrap:[123] - The current server is overload, cannot consumes commands.
[WI-0][TI-0] - [INFO] 2024-03-26 17:16:48.494 +0800 o.a.d.s.m.c.MasterServerLoadProtection:[48] - Master OverLoad: the TotalCpuUsedPercentage: 0.7174746075715605 is over then the MaxCpuUsagePercentageThresholds 0.7
[WI-0][TI-0] - [INFO] 2024-03-26 17:16:49.953 +0800 o.a.d.s.m.r.t.TaskGroupCoordinator:[127] - TaskGroupCoordinator round time cost: 6/ms
[WI-0][TI-0] - [INFO] 2024-03-26 17:16:54.975 +0800 o.a.d.s.m.r.t.TaskGroupCoordinator:[127] - TaskGroupCoordinator round time cost: 5/ms
[WI-0][TI-0] - [INFO] 2024-03-26 17:17:00.022 +0800 o.a.d.s.m.r.t.TaskGroupCoordinator:[127] - TaskGroupCoordinator round time cost: 5/ms
[WI-0][TI-0] - [INFO] 2024-03-26 17:17:05.084 +0800 o.a.d.s.m.r.t.TaskGroupCoordinator:[127] - TaskGroupCoordinator round time cost: 6/ms
[WI-0][TI-0] - [INFO] 2024-03-26 17:17:10.118 +0800 o.a.d.s.m.r.t.TaskGroupCoordinator:[127] - TaskGroupCoordinator round time cost: 7/ms
[WI-0][TI-0] - [INFO] 2024-03-26 17:17:15.152 +0800 o.a.d.s.m.r.t.TaskGroupCoordinator:[127] - TaskGroupCoordinator round time cost: 7/ms
[WI-0][TI-0] - [INFO] 2024-03-26 17:17:20.178 +0800 o.a.d.s.m.r.t.TaskGroupCoordinator:[127] - TaskGroupCoordinator round time cost: 6/ms
[WI-0][TI-0] - [INFO] 2024-03-26 17:17:25.236 +0800 o.a.d.s.m.r.t.TaskGroupCoordinator:[127] - TaskGroupCoordinator round time cost: 9/ms
[WI-0][TI-0] - [INFO] 2024-03-26 17:17:31.346 +0800 o.a.d.s.m.r.t.TaskGroupCoordinator:[127] - TaskGroupCoordinator round time cost: 2/ms
[WI-0][TI-0] - [INFO] 2024-03-26 17:17:36.380 +0800 o.a.d.s.m.r.t.TaskGroupCoordinator:[127] - TaskGroupCoordinator round time cost: 7/ms
[WI-0][TI-0] - [INFO] 2024-03-26 17:17:41.418 +0800 o.a.d.s.m.r.t.TaskGroupCoordinator:[127] - TaskGroupCoordinator round time cost: 8/ms
[WI-0][TI-0] - [INFO] 2024-03-26 17:17:46.445 +0800 o.a.d.s.m.r.t.TaskGroupCoordinator:[127] - TaskGroupCoordinator round time cost: 5/ms
[WI-0][TI-0] - [INFO] 2024-03-26 17:17:51.473 +0800 o.a.d.s.m.r.t.TaskGroupCoordinator:[127] - TaskGroupCoordinator round time cost: 7/ms
[WI-0][TI-0] - [INFO] 2024-03-26 17:17:56.499 +0800 o.a.d.s.m.r.t.TaskGroupCoordinator:[127] - TaskGroupCoordinator round time cost: 5/ms
[WI-0][TI-0] - [INFO] 2024-03-26 17:18:02.027 +0800 o.a.d.s.m.r.t.TaskGroupCoordinator:[127] - TaskGroupCoordinator round time cost: 61/ms
[WI-0][TI-0] - [INFO] 2024-03-26 17:18:07.064 +0800 o.a.d.s.m.r.t.TaskGroupCoordinator:[127] - TaskGroupCoordinator round time cost: 7/ms
[WI-0][TI-0] - [INFO] 2024-03-26 17:18:12.094 +0800 o.a.d.s.m.r.t.TaskGroupCoordinator:[127] - TaskGroupCoordinator round time cost: 5/ms
[WI-0][TI-0] - [INFO] 2024-03-26 17:18:17.126 +0800 o.a.d.s.m.r.t.TaskGroupCoordinator:[127] - TaskGroupCoordinator round time cost: 11/ms
[WI-0][TI-0] - [INFO] 2024-03-26 17:18:19.501 +0800 o.a.d.s.m.c.MasterServerLoadProtection:[48] - Master OverLoad: the TotalCpuUsedPercentage: 1.5 is over then the MaxCpuUsagePercentageThresholds 0.7
[WI-0][TI-0] - [WARN] 2024-03-26 17:18:19.507 +0800 o.a.d.s.m.r.MasterSchedulerBootstrap:[123] - The current server is overload, cannot consumes commands.
[WI-0][TI-0] - [INFO] 2024-03-26 17:18:22.154 +0800 o.a.d.s.m.r.t.TaskGroupCoordinator:[127] - TaskGroupCoordinator round time cost: 6/ms
[WI-0][TI-0] - [INFO] 2024-03-26 17:18:23.526 +0800 o.a.d.s.m.c.MasterServerLoadProtection:[48] - Master OverLoad: the TotalCpuUsedPercentage: 1.0 is over then the MaxCpuUsagePercentageThresholds 0.7
[WI-0][TI-0] - [INFO] 2024-03-26 17:18:27.211 +0800 o.a.d.s.m.r.t.TaskGroupCoordinator:[127] - TaskGroupCoordinator round time cost: 7/ms
[WI-0][TI-0] - [INFO] 2024-03-26 17:18:31.562 +0800 o.a.d.s.m.c.MasterServerLoadProtection:[48] - Master OverLoad: the TotalCpuUsedPercentage: 1.0 is over then the MaxCpuUsagePercentageThresholds 0.7
[WI-0][TI-0] - [INFO] 2024-03-26 17:18:32.246 +0800 o.a.d.s.m.r.t.TaskGroupCoordinator:[127] - TaskGroupCoordinator round time cost: 13/ms
[WI-0][TI-0] - [INFO] 2024-03-26 17:18:37.322 +0800 o.a.d.s.m.r.t.TaskGroupCoordinator:[127] - TaskGroupCoordinator round time cost: 7/ms
[WI-0][TI-0] - [INFO] 2024-03-26 17:18:42.351 +0800 o.a.d.s.m.r.t.TaskGroupCoordinator:[127] - TaskGroupCoordinator round time cost: 8/ms
[WI-0][TI-0] - [INFO] 2024-03-26 17:18:47.383 +0800 o.a.d.s.m.r.t.TaskGroupCoordinator:[127] - TaskGroupCoordinator round time cost: 7/ms
[WI-0][TI-0] - [INFO] 2024-03-26 17:18:52.425 +0800 o.a.d.s.m.r.t.TaskGroupCoordinator:[127] - TaskGroupCoordinator round time cost: 6/ms
[WI-0][TI-0] - [INFO] 2024-03-26 17:18:57.480 +0800 o.a.d.s.m.r.t.TaskGroupCoordinator:[127] - TaskGroupCoordinator round time cost: 14/ms
[WI-0][TI-0] - [INFO] 2024-03-26 17:19:02.523 +0800 o.a.d.s.m.r.t.TaskGroupCoordinator:[127] - TaskGroupCoordinator round time cost: 11/ms
[WI-0][TI-0] - [INFO] 2024-03-26 17:19:07.562 +0800 o.a.d.s.m.r.t.TaskGroupCoordinator:[127] - TaskGroupCoordinator round time cost: 6/ms
[WI-0][TI-0] - [INFO] 2024-03-26 17:19:12.593 +0800 o.a.d.s.m.r.t.TaskGroupCoordinator:[127] - TaskGroupCoordinator round time cost: 8/ms
[WI-0][TI-0] - [INFO] 2024-03-26 17:19:17.624 +0800 o.a.d.s.m.r.t.TaskGroupCoordinator:[127] - TaskGroupCoordinator round time cost: 6/ms
[WI-0][TI-0] - [INFO] 2024-03-26 17:19:22.679 +0800 o.a.d.s.m.r.t.TaskGroupCoordinator:[127] - TaskGroupCoordinator round time cost: 10/ms
[WI-0][TI-0] - [INFO] 2024-03-26 17:19:27.710 +0800 o.a.d.s.m.r.t.TaskGroupCoordinator:[127] - TaskGroupCoordinator round time cost: 8/ms
[WI-0][TI-0] - [INFO] 2024-03-26 17:19:32.802 +0800 o.a.d.s.m.r.t.TaskGroupCoordinator:[127] - TaskGroupCoordinator round time cost: 30/ms
[WI-0][TI-0] - [INFO] 2024-03-26 17:19:36.181 +0800 o.a.d.s.m.r.t.TaskGroupCoordinator:[127] - TaskGroupCoordinator round time cost: 9/ms
[WI-0][TI-0] - [INFO] 2024-03-26 17:19:41.226 +0800 o.a.d.s.m.r.t.TaskGroupCoordinator:[127] - TaskGroupCoordinator round time cost: 8/ms
[WI-0][TI-0] - [INFO] 2024-03-26 17:19:46.251 +0800 o.a.d.s.m.r.t.TaskGroupCoordinator:[127] - TaskGroupCoordinator round time cost: 3/ms
[WI-0][TI-0] - [INFO] 2024-03-26 17:19:51.276 +0800 o.a.d.s.m.r.t.TaskGroupCoordinator:[127] - TaskGroupCoordinator round time cost: 3/ms
[WI-0][TI-0] - [INFO] 2024-03-26 17:19:56.303 +0800 o.a.d.s.m.r.t.TaskGroupCoordinator:[127] - TaskGroupCoordinator round time cost: 3/ms
[WI-0][TI-0] - [INFO] 2024-03-26 17:20:01.336 +0800 o.a.d.s.m.r.t.TaskGroupCoordinator:[127] - TaskGroupCoordinator round time cost: 5/ms
[WI-0][TI-0] - [INFO] 2024-03-26 17:20:06.382 +0800 o.a.d.s.m.r.t.TaskGroupCoordinator:[127] - TaskGroupCoordinator round time cost: 11/ms
[WI-0][TI-0] - [INFO] 2024-03-26 17:20:11.931 +0800 o.a.d.s.m.r.t.TaskGroupCoordinator:[127] - TaskGroupCoordinator round time cost: 6/ms
[WI-0][TI-0] - [INFO] 2024-03-26 17:20:16.960 +0800 o.a.d.s.m.r.t.TaskGroupCoordinator:[127] - TaskGroupCoordinator round time cost: 10/ms
[WI-0][TI-0] - [INFO] 2024-03-26 17:20:22.009 +0800 o.a.d.s.m.r.t.TaskGroupCoordinator:[127] - TaskGroupCoordinator round time cost: 5/ms
[WI-0][TI-0] - [INFO] 2024-03-26 17:20:27.037 +0800 o.a.d.s.m.r.t.TaskGroupCoordinator:[127] - TaskGroupCoordinator round time cost: 8/ms
[WI-0][TI-0] - [INFO] 2024-03-26 17:20:29.991 +0800 o.a.d.s.m.c.MasterServerLoadProtection:[48] - Master OverLoad: the TotalCpuUsedPercentage: 1.0 is over then the MaxCpuUsagePercentageThresholds 0.7
[WI-0][TI-0] - [WARN] 2024-03-26 17:20:29.991 +0800 o.a.d.s.m.r.MasterSchedulerBootstrap:[123] - The current server is overload, cannot consumes commands.
[WI-0][TI-0] - [INFO] 2024-03-26 17:20:30.991 +0800 o.a.d.s.m.c.MasterServerLoadProtection:[48] - Master OverLoad: the TotalCpuUsedPercentage: 1.0 is over then the MaxCpuUsagePercentageThresholds 0.7
[WI-0][TI-0] - [INFO] 2024-03-26 17:20:32.074 +0800 o.a.d.s.m.r.t.TaskGroupCoordinator:[127] - TaskGroupCoordinator round time cost: 9/ms
[WI-0][TI-0] - [INFO] 2024-03-26 17:20:37.098 +0800 o.a.d.s.m.r.t.TaskGroupCoordinator:[127] - TaskGroupCoordinator round time cost: 6/ms
[WI-0][TI-0] - [INFO] 2024-03-26 17:20:42.135 +0800 o.a.d.s.m.r.t.TaskGroupCoordinator:[127] - TaskGroupCoordinator round time cost: 8/ms
[WI-0][TI-0] - [INFO] 2024-03-26 17:20:47.174 +0800 o.a.d.s.m.r.t.TaskGroupCoordinator:[127] - TaskGroupCoordinator round time cost: 12/ms
[WI-0][TI-0] - [INFO] 2024-03-26 17:20:52.198 +0800 o.a.d.s.m.r.t.TaskGroupCoordinator:[127] - TaskGroupCoordinator round time cost: 5/ms
[WI-0][TI-0] - [INFO] 2024-03-26 17:20:57.227 +0800 o.a.d.s.m.r.t.TaskGroupCoordinator:[127] - TaskGroupCoordinator round time cost: 6/ms
[WI-0][TI-0] - [INFO] 2024-03-26 17:21:02.259 +0800 o.a.d.s.m.r.t.TaskGroupCoordinator:[127] - TaskGroupCoordinator round time cost: 8/ms
[WI-0][TI-0] - [INFO] 2024-03-26 17:21:07.288 +0800 o.a.d.s.m.r.t.TaskGroupCoordinator:[127] - TaskGroupCoordinator round time cost: 7/ms
[WI-0][TI-0] - [INFO] 2024-03-26 17:21:12.327 +0800 o.a.d.s.m.r.t.TaskGroupCoordinator:[127] - TaskGroupCoordinator round time cost: 5/ms
[WI-0][TI-0] - [INFO] 2024-03-26 17:21:16.841 +0800 o.a.d.s.m.c.MasterServerLoadProtection:[48] - Master OverLoad: the TotalCpuUsedPercentage: 1.0 is over then the MaxCpuUsagePercentageThresholds 0.7
[WI-0][TI-0] - [WARN] 2024-03-26 17:21:16.842 +0800 o.a.d.s.m.r.MasterSchedulerBootstrap:[123] - The current server is overload, cannot consumes commands.
[WI-0][TI-0] - [INFO] 2024-03-26 17:21:17.983 +0800 o.a.d.s.m.r.t.TaskGroupCoordinator:[127] - TaskGroupCoordinator round time cost: 5/ms
[WI-0][TI-0] - [INFO] 2024-03-26 17:21:23.036 +0800 o.a.d.s.m.r.t.TaskGroupCoordinator:[127] - TaskGroupCoordinator round time cost: 9/ms
[WI-0][TI-0] - [INFO] 2024-03-26 17:21:28.067 +0800 o.a.d.s.m.r.t.TaskGroupCoordinator:[127] - TaskGroupCoordinator round time cost: 7/ms
[WI-0][TI-0] - [INFO] 2024-03-26 17:21:33.099 +0800 o.a.d.s.m.r.t.TaskGroupCoordinator:[127] - TaskGroupCoordinator round time cost: 7/ms
[WI-0][TI-0] - [INFO] 2024-03-26 17:21:38.148 +0800 o.a.d.s.m.r.t.TaskGroupCoordinator:[127] - TaskGroupCoordinator round time cost: 11/ms
[WI-0][TI-0] - [INFO] 2024-03-26 17:21:39.935 +0800 o.a.d.s.m.c.MasterServerLoadProtection:[48] - Master OverLoad: the TotalCpuUsedPercentage: 1.0 is over then the MaxCpuUsagePercentageThresholds 0.7
[WI-0][TI-0] - [WARN] 2024-03-26 17:21:39.936 +0800 o.a.d.s.m.r.MasterSchedulerBootstrap:[123] - The current server is overload, cannot consumes commands.
[WI-0][TI-0] - [INFO] 2024-03-26 17:21:43.188 +0800 o.a.d.s.m.r.t.TaskGroupCoordinator:[127] - TaskGroupCoordinator round time cost: 5/ms
[WI-0][TI-0] - [INFO] 2024-03-26 17:21:47.269 +0800 o.a.d.s.m.r.t.TaskGroupCoordinator:[127] - TaskGroupCoordinator round time cost: 5/ms
[WI-0][TI-0] - [INFO] 2024-03-26 17:21:49.024 +0800 o.a.d.s.m.c.MasterServerLoadProtection:[48] - Master OverLoad: the TotalCpuUsedPercentage: 1.0 is over then the MaxCpuUsagePercentageThresholds 0.7
[WI-0][TI-0] - [INFO] 2024-03-26 17:21:52.303 +0800 o.a.d.s.m.r.t.TaskGroupCoordinator:[127] - TaskGroupCoordinator round time cost: 8/ms
[WI-0][TI-0] - [INFO] 2024-03-26 17:21:57.336 +0800 o.a.d.s.m.r.t.TaskGroupCoordinator:[127] - TaskGroupCoordinator round time cost: 9/ms
[WI-0][TI-0] - [INFO] 2024-03-26 17:22:02.364 +0800 o.a.d.s.m.r.t.TaskGroupCoordinator:[127] - TaskGroupCoordinator round time cost: 4/ms
[WI-0][TI-0] - [INFO] 2024-03-26 17:22:07.387 +0800 o.a.d.s.m.r.t.TaskGroupCoordinator:[127] - TaskGroupCoordinator round time cost: 4/ms
[WI-0][TI-0] - [INFO] 2024-03-26 17:22:12.445 +0800 o.a.d.s.m.r.t.TaskGroupCoordinator:[127] - TaskGroupCoordinator round time cost: 2/ms
[WI-0][TI-0] - [INFO] 2024-03-26 17:22:17.492 +0800 o.a.d.s.m.r.t.TaskGroupCoordinator:[127] - TaskGroupCoordinator round time cost: 2/ms
[WI-0][TI-0] - [INFO] 2024-03-26 17:22:24.240 +0800 o.a.d.s.m.r.t.TaskGroupCoordinator:[127] - TaskGroupCoordinator round time cost: 4/ms
[WI-0][TI-0] - [INFO] 2024-03-26 17:22:28.887 +0800 o.a.d.s.m.c.MasterServerLoadProtection:[48] - Master OverLoad: the TotalCpuUsedPercentage: 1.0 is over then the MaxCpuUsagePercentageThresholds 0.7
[WI-0][TI-0] - [WARN] 2024-03-26 17:22:28.889 +0800 o.a.d.s.m.r.MasterSchedulerBootstrap:[123] - The current server is overload, cannot consumes commands.
[WI-0][TI-0] - [INFO] 2024-03-26 17:22:29.267 +0800 o.a.d.s.m.r.t.TaskGroupCoordinator:[127] - TaskGroupCoordinator round time cost: 4/ms
[WI-0][TI-0] - [INFO] 2024-03-26 17:22:34.291 +0800 o.a.d.s.m.r.t.TaskGroupCoordinator:[127] - TaskGroupCoordinator round time cost: 2/ms
[WI-0][TI-0] - [INFO] 2024-03-26 17:22:36.922 +0800 o.a.d.s.m.c.MasterServerLoadProtection:[48] - Master OverLoad: the TotalCpuUsedPercentage: 1.0 is over then the MaxCpuUsagePercentageThresholds 0.7
[WI-0][TI-0] - [INFO] 2024-03-26 17:22:39.324 +0800 o.a.d.s.m.r.t.TaskGroupCoordinator:[127] - TaskGroupCoordinator round time cost: 5/ms
[WI-0][TI-0] - [INFO] 2024-03-26 17:22:44.350 +0800 o.a.d.s.m.r.t.TaskGroupCoordinator:[127] - TaskGroupCoordinator round time cost: 3/ms
[WI-0][TI-0] - [INFO] 2024-03-26 17:22:45.989 +0800 o.a.d.s.m.c.MasterServerLoadProtection:[48] - Master OverLoad: the TotalCpuUsedPercentage: 1.0 is over then the MaxCpuUsagePercentageThresholds 0.7
[WI-0][TI-0] - [WARN] 2024-03-26 17:22:45.989 +0800 o.a.d.s.m.r.MasterSchedulerBootstrap:[123] - The current server is overload, cannot consumes commands.
[WI-0][TI-0] - [INFO] 2024-03-26 17:22:49.378 +0800 o.a.d.s.m.r.t.TaskGroupCoordinator:[127] - TaskGroupCoordinator round time cost: 5/ms
[WI-0][TI-0] - [INFO] 2024-03-26 17:22:57.155 +0800 o.a.d.s.m.r.t.TaskGroupCoordinator:[127] - TaskGroupCoordinator round time cost: 4/ms
[WI-0][TI-0] - [INFO] 2024-03-26 17:23:02.180 +0800 o.a.d.s.m.r.t.TaskGroupCoordinator:[127] - TaskGroupCoordinator round time cost: 3/ms
[WI-0][TI-0] - [INFO] 2024-03-26 17:23:07.207 +0800 o.a.d.s.m.r.t.TaskGroupCoordinator:[127] - TaskGroupCoordinator round time cost: 6/ms
[WI-0][TI-0] - [INFO] 2024-03-26 17:23:12.250 +0800 o.a.d.s.m.r.t.TaskGroupCoordinator:[127] - TaskGroupCoordinator round time cost: 15/ms
[WI-0][TI-0] - [INFO] 2024-03-26 17:23:17.307 +0800 o.a.d.s.m.r.t.TaskGroupCoordinator:[127] - TaskGroupCoordinator round time cost: 3/ms
[WI-0][TI-0] - [INFO] 2024-03-26 17:23:19.872 +0800 o.a.d.s.m.c.MasterServerLoadProtection:[48] - Master OverLoad: the TotalCpuUsedPercentage: 0.7639257294429709 is over then the MaxCpuUsagePercentageThresholds 0.7
[WI-0][TI-0] - [WARN] 2024-03-26 17:23:19.874 +0800 o.a.d.s.m.r.MasterSchedulerBootstrap:[123] - The current server is overload, cannot consumes commands.
[WI-0][TI-0] - [INFO] 2024-03-26 17:23:19.876 +0800 o.a.d.s.m.c.MasterServerLoadProtection:[48] - Master OverLoad: the TotalCpuUsedPercentage: 0.7639257294429709 is over then the MaxCpuUsagePercentageThresholds 0.7
[WI-0][TI-0] - [INFO] 2024-03-26 17:23:22.331 +0800 o.a.d.s.m.r.t.TaskGroupCoordinator:[127] - TaskGroupCoordinator round time cost: 3/ms
[WI-0][TI-0] - [INFO] 2024-03-26 17:23:26.359 +0800 o.a.d.s.m.r.t.TaskGroupCoordinator:[127] - TaskGroupCoordinator round time cost: 4/ms
[WI-0][TI-0] - [INFO] 2024-03-26 17:23:30.833 +0800 o.a.d.s.m.c.MasterServerLoadProtection:[48] - Master OverLoad: the TotalCpuUsedPercentage: 2.0 is over then the MaxCpuUsagePercentageThresholds 0.7
[WI-0][TI-0] - [WARN] 2024-03-26 17:23:30.833 +0800 o.a.d.s.m.r.MasterSchedulerBootstrap:[123] - The current server is overload, cannot consumes commands.
[WI-0][TI-0] - [INFO] 2024-03-26 17:23:31.404 +0800 o.a.d.s.m.r.t.TaskGroupCoordinator:[127] - TaskGroupCoordinator round time cost: 10/ms
[WI-0][TI-0] - [INFO] 2024-03-26 17:23:36.440 +0800 o.a.d.s.m.r.t.TaskGroupCoordinator:[127] - TaskGroupCoordinator round time cost: 11/ms
[WI-0][TI-0] - [INFO] 2024-03-26 17:23:36.858 +0800 o.a.d.s.m.c.MasterServerLoadProtection:[48] - Master OverLoad: the TotalCpuUsedPercentage: 1.0 is over then the MaxCpuUsagePercentageThresholds 0.7
[WI-0][TI-0] - [WARN] 2024-03-26 17:23:36.858 +0800 o.a.d.s.m.r.MasterSchedulerBootstrap:[123] - The current server is overload, cannot consumes commands.
[WI-0][TI-0] - [INFO] 2024-03-26 17:23:41.473 +0800 o.a.d.s.m.r.t.TaskGroupCoordinator:[127] - TaskGroupCoordinator round time cost: 7/ms
[WI-0][TI-0] - [INFO] 2024-03-26 17:23:46.497 +0800 o.a.d.s.m.r.t.TaskGroupCoordinator:[127] - TaskGroupCoordinator round time cost: 4/ms
[WI-0][TI-0] - [INFO] 2024-03-26 17:23:51.522 +0800 o.a.d.s.m.r.t.TaskGroupCoordinator:[127] - TaskGroupCoordinator round time cost: 3/ms
[WI-0][TI-0] - [INFO] 2024-03-26 17:23:54.961 +0800 o.a.d.s.m.c.MasterServerLoadProtection:[48] - Master OverLoad: the TotalCpuUsedPercentage: 1.0 is over then the MaxCpuUsagePercentageThresholds 0.7
[WI-0][TI-0] - [WARN] 2024-03-26 17:23:54.961 +0800 o.a.d.s.m.r.MasterSchedulerBootstrap:[123] - The current server is overload, cannot consumes commands.
[WI-0][TI-0] - [INFO] 2024-03-26 17:23:56.553 +0800 o.a.d.s.m.r.t.TaskGroupCoordinator:[127] - TaskGroupCoordinator round time cost: 6/ms
[WI-0][TI-0] - [INFO] 2024-03-26 17:23:57.975 +0800 o.a.d.s.m.c.MasterServerLoadProtection:[48] - Master OverLoad: the TotalCpuUsedPercentage: 1.0 is over then the MaxCpuUsagePercentageThresholds 0.7
[WI-0][TI-0] - [WARN] 2024-03-26 17:23:57.975 +0800 o.a.d.s.m.r.MasterSchedulerBootstrap:[123] - The current server is overload, cannot consumes commands.
[WI-0][TI-0] - [INFO] 2024-03-26 17:23:58.313 +0800 o.a.d.s.m.c.MasterServerLoadProtection:[48] - Master OverLoad: the TotalCpuUsedPercentage: 1.0 is over then the MaxCpuUsagePercentageThresholds 0.7
[WI-0][TI-0] - [INFO] 2024-03-26 17:23:58.314 +0800 o.a.d.s.m.c.MasterServerLoadProtection:[48] - Master OverLoad: the TotalCpuUsedPercentage: 1.0 is over then the MaxCpuUsagePercentageThresholds 0.7
[WI-0][TI-0] - [WARN] 2024-03-26 17:23:58.314 +0800 o.a.d.s.m.r.MasterSchedulerBootstrap:[123] - The current server is overload, cannot consumes commands.
[WI-0][TI-0] - [INFO] 2024-03-26 17:24:00.925 +0800 o.a.d.s.m.r.t.TaskGroupCoordinator:[127] - TaskGroupCoordinator round time cost: 4/ms
[WI-0][TI-0] - [INFO] 2024-03-26 17:24:05.957 +0800 o.a.d.s.m.r.t.TaskGroupCoordinator:[127] - TaskGroupCoordinator round time cost: 5/ms
[WI-0][TI-0] - [INFO] 2024-03-26 17:24:10.983 +0800 o.a.d.s.m.r.t.TaskGroupCoordinator:[127] - TaskGroupCoordinator round time cost: 3/ms
[WI-0][TI-0] - [INFO] 2024-03-26 17:24:16.012 +0800 o.a.d.s.m.r.t.TaskGroupCoordinator:[127] - TaskGroupCoordinator round time cost: 5/ms
[WI-0][TI-0] - [INFO] 2024-03-26 17:24:21.074 +0800 o.a.d.s.m.r.t.TaskGroupCoordinator:[127] - TaskGroupCoordinator round time cost: 23/ms
[WI-0][TI-0] - [INFO] 2024-03-26 17:24:26.151 +0800 o.a.d.s.m.r.t.TaskGroupCoordinator:[127] - TaskGroupCoordinator round time cost: 12/ms
[WI-0][TI-0] - [INFO] 2024-03-26 17:24:33.277 +0800 o.a.d.s.m.r.t.TaskGroupCoordinator:[127] - TaskGroupCoordinator round time cost: 6/ms
[WI-0][TI-0] - [INFO] 2024-03-26 17:24:35.569 +0800 o.a.d.s.m.c.MasterServerLoadProtection:[48] - Master OverLoad: the TotalCpuUsedPercentage: 1.0 is over then the MaxCpuUsagePercentageThresholds 0.7
[WI-0][TI-0] - [INFO] 2024-03-26 17:24:38.309 +0800 o.a.d.s.m.r.t.TaskGroupCoordinator:[127] - TaskGroupCoordinator round time cost: 6/ms
[WI-0][TI-0] - [INFO] 2024-03-26 17:24:43.346 +0800 o.a.d.s.m.r.t.TaskGroupCoordinator:[127] - TaskGroupCoordinator round time cost: 5/ms
[WI-0][TI-0] - [INFO] 2024-03-26 17:24:48.377 +0800 o.a.d.s.m.r.t.TaskGroupCoordinator:[127] - TaskGroupCoordinator round time cost: 9/ms
[WI-0][TI-0] - [INFO] 2024-03-26 17:24:53.405 +0800 o.a.d.s.m.r.t.TaskGroupCoordinator:[127] - TaskGroupCoordinator round time cost: 5/ms
[WI-0][TI-0] - [INFO] 2024-03-26 17:24:58.445 +0800 o.a.d.s.m.r.t.TaskGroupCoordinator:[127] - TaskGroupCoordinator round time cost: 7/ms
[WI-0][TI-0] - [INFO] 2024-03-26 17:25:03.489 +0800 o.a.d.s.m.r.t.TaskGroupCoordinator:[127] - TaskGroupCoordinator round time cost: 5/ms
[WI-0][TI-0] - [INFO] 2024-03-26 17:25:07.838 +0800 o.a.d.s.m.r.t.TaskGroupCoordinator:[127] - TaskGroupCoordinator round time cost: 4/ms
[WI-0][TI-0] - [INFO] 2024-03-26 17:25:09.042 +0800 o.a.d.s.m.c.MasterServerLoadProtection:[48] - Master OverLoad: the TotalCpuUsedPercentage: 0.7685950413223142 is over then the MaxCpuUsagePercentageThresholds 0.7
[WI-0][TI-0] - [INFO] 2024-03-26 17:25:09.084 +0800 o.a.d.s.m.c.MasterServerLoadProtection:[48] - Master OverLoad: the TotalCpuUsedPercentage: 0.7685950413223142 is over then the MaxCpuUsagePercentageThresholds 0.7
[WI-0][TI-0] - [WARN] 2024-03-26 17:25:09.085 +0800 o.a.d.s.m.r.MasterSchedulerBootstrap:[123] - The current server is overload, cannot consumes commands.
[WI-0][TI-0] - [INFO] 2024-03-26 17:25:12.877 +0800 o.a.d.s.m.r.t.TaskGroupCoordinator:[127] - TaskGroupCoordinator round time cost: 13/ms
[WI-0][TI-0] - [INFO] 2024-03-26 17:25:17.915 +0800 o.a.d.s.m.r.t.TaskGroupCoordinator:[127] - TaskGroupCoordinator round time cost: 9/ms
[WI-0][TI-0] - [INFO] 2024-03-26 17:25:22.983 +0800 o.a.d.s.m.r.t.TaskGroupCoordinator:[127] - TaskGroupCoordinator round time cost: 7/ms
[WI-0][TI-0] - [INFO] 2024-03-26 17:25:28.015 +0800 o.a.d.s.m.r.t.TaskGroupCoordinator:[127] - TaskGroupCoordinator round time cost: 3/ms
[WI-0][TI-0] - [INFO] 2024-03-26 17:25:33.038 +0800 o.a.d.s.m.r.t.TaskGroupCoordinator:[127] - TaskGroupCoordinator round time cost: 4/ms
[WI-0][TI-0] - [INFO] 2024-03-26 17:32:58.934 +0800 o.a.d.s.m.r.t.TaskGroupCoordinator:[127] - TaskGroupCoordinator round time cost: 4/ms
[WI-0][TI-0] - [INFO] 2024-03-26 17:33:03.961 +0800 o.a.d.s.m.r.t.TaskGroupCoordinator:[127] - TaskGroupCoordinator round time cost: 7/ms
[WI-0][TI-0] - [INFO] 2024-03-26 17:33:08.989 +0800 o.a.d.s.m.r.t.TaskGroupCoordinator:[127] - TaskGroupCoordinator round time cost: 6/ms
[WI-0][TI-0] - [INFO] 2024-03-26 17:33:14.016 +0800 o.a.d.s.m.r.t.TaskGroupCoordinator:[127] - TaskGroupCoordinator round time cost: 3/ms
[WI-0][TI-0] - [INFO] 2024-03-26 17:33:19.042 +0800 o.a.d.s.m.r.t.TaskGroupCoordinator:[127] - TaskGroupCoordinator round time cost: 4/ms
[WI-0][TI-0] - [INFO] 2024-03-26 17:33:24.077 +0800 o.a.d.s.m.r.t.TaskGroupCoordinator:[127] - TaskGroupCoordinator round time cost: 9/ms
[WI-0][TI-0] - [INFO] 2024-03-26 17:33:29.128 +0800 o.a.d.s.m.r.t.TaskGroupCoordinator:[127] - TaskGroupCoordinator round time cost: 7/ms
[WI-0][TI-0] - [INFO] 2024-03-26 17:33:34.788 +0800 o.a.d.s.m.r.t.TaskGroupCoordinator:[127] - TaskGroupCoordinator round time cost: 6/ms
[WI-0][TI-0] - [INFO] 2024-03-26 17:33:39.829 +0800 o.a.d.s.m.r.t.TaskGroupCoordinator:[127] - TaskGroupCoordinator round time cost: 10/ms
[WI-0][TI-0] - [INFO] 2024-03-26 17:33:40.888 +0800 o.a.d.s.m.c.MasterServerLoadProtection:[48] - Master OverLoad: the TotalCpuUsedPercentage: 1.0 is over then the MaxCpuUsagePercentageThresholds 0.7
[WI-0][TI-0] - [INFO] 2024-03-26 17:33:44.870 +0800 o.a.d.s.m.r.t.TaskGroupCoordinator:[127] - TaskGroupCoordinator round time cost: 3/ms
[WI-0][TI-0] - [INFO] 2024-03-26 17:33:49.896 +0800 o.a.d.s.m.r.t.TaskGroupCoordinator:[127] - TaskGroupCoordinator round time cost: 3/ms
[WI-0][TI-0] - [INFO] 2024-03-26 17:33:54.928 +0800 o.a.d.s.m.r.t.TaskGroupCoordinator:[127] - TaskGroupCoordinator round time cost: 7/ms
[WI-0][TI-0] - [INFO] 2024-03-26 17:33:56.973 +0800 o.a.d.s.m.c.MasterServerLoadProtection:[48] - Master OverLoad: the TotalCpuUsedPercentage: 1.0 is over then the MaxCpuUsagePercentageThresholds 0.7
[WI-0][TI-0] - [WARN] 2024-03-26 17:33:56.976 +0800 o.a.d.s.m.r.MasterSchedulerBootstrap:[123] - The current server is overload, cannot consumes commands.
[WI-0][TI-0] - [INFO] 2024-03-26 17:33:59.957 +0800 o.a.d.s.m.r.t.TaskGroupCoordinator:[127] - TaskGroupCoordinator round time cost: 8/ms
[WI-0][TI-0] - [INFO] 2024-03-26 17:34:03.977 +0800 o.a.d.s.m.r.t.TaskGroupCoordinator:[127] - TaskGroupCoordinator round time cost: 3/ms
[WI-0][TI-0] - [INFO] 2024-03-26 17:34:09.020 +0800 o.a.d.s.m.r.t.TaskGroupCoordinator:[127] - TaskGroupCoordinator round time cost: 5/ms
[WI-0][TI-0] - [INFO] 2024-03-26 17:34:14.078 +0800 o.a.d.s.m.c.MasterServerLoadProtection:[48] - Master OverLoad: the TotalCpuUsedPercentage: 1.2 is over then the MaxCpuUsagePercentageThresholds 0.7
[WI-0][TI-0] - [WARN] 2024-03-26 17:34:14.079 +0800 o.a.d.s.m.r.MasterSchedulerBootstrap:[123] - The current server is overload, cannot consumes commands.
[WI-0][TI-0] - [INFO] 2024-03-26 17:34:14.135 +0800 o.a.d.s.m.r.t.TaskGroupCoordinator:[127] - TaskGroupCoordinator round time cost: 16/ms
[WI-0][TI-0] - [INFO] 2024-03-26 17:34:19.161 +0800 o.a.d.s.m.r.t.TaskGroupCoordinator:[127] - TaskGroupCoordinator round time cost: 4/ms
[WI-0][TI-0] - [INFO] 2024-03-26 17:34:24.227 +0800 o.a.d.s.m.r.t.TaskGroupCoordinator:[127] - TaskGroupCoordinator round time cost: 7/ms
[WI-0][TI-0] - [INFO] 2024-03-26 17:34:29.260 +0800 o.a.d.s.m.r.t.TaskGroupCoordinator:[127] - TaskGroupCoordinator round time cost: 5/ms
[WI-0][TI-0] - [INFO] 2024-03-26 17:34:33.136 +0800 o.a.d.s.m.r.t.TaskGroupCoordinator:[127] - TaskGroupCoordinator round time cost: 4/ms
[WI-0][TI-0] - [INFO] 2024-03-26 17:34:38.162 +0800 o.a.d.s.m.r.t.TaskGroupCoordinator:[127] - TaskGroupCoordinator round time cost: 4/ms
[WI-0][TI-0] - [INFO] 2024-03-26 17:34:43.241 +0800 o.a.d.s.m.r.t.TaskGroupCoordinator:[127] - TaskGroupCoordinator round time cost: 7/ms
[WI-0][TI-0] - [INFO] 2024-03-26 17:34:46.118 +0800 o.a.d.s.m.c.MasterServerLoadProtection:[48] - Master OverLoad: the TotalCpuUsedPercentage: 2.0 is over then the MaxCpuUsagePercentageThresholds 0.7
[WI-0][TI-0] - [WARN] 2024-03-26 17:34:46.118 +0800 o.a.d.s.m.r.MasterSchedulerBootstrap:[123] - The current server is overload, cannot consumes commands.
[WI-0][TI-0] - [INFO] 2024-03-26 17:34:47.117 +0800 o.a.d.s.m.c.MasterServerLoadProtection:[48] - Master OverLoad: the TotalCpuUsedPercentage: 2.0 is over then the MaxCpuUsagePercentageThresholds 0.7
[WI-0][TI-0] - [INFO] 2024-03-26 17:34:48.267 +0800 o.a.d.s.m.r.t.TaskGroupCoordinator:[127] - TaskGroupCoordinator round time cost: 3/ms
[WI-0][TI-0] - [INFO] 2024-03-26 17:34:53.286 +0800 o.a.d.s.m.r.t.TaskGroupCoordinator:[127] - TaskGroupCoordinator round time cost: 2/ms
[WI-0][TI-0] - [INFO] 2024-03-26 17:34:58.313 +0800 o.a.d.s.m.r.t.TaskGroupCoordinator:[127] - TaskGroupCoordinator round time cost: 5/ms
[WI-0][TI-0] - [INFO] 2024-03-26 17:35:03.348 +0800 o.a.d.s.m.r.t.TaskGroupCoordinator:[127] - TaskGroupCoordinator round time cost: 7/ms
[WI-0][TI-0] - [INFO] 2024-03-26 17:35:11.557 +0800 o.a.d.s.m.r.t.TaskGroupCoordinator:[127] - TaskGroupCoordinator round time cost: 6/ms
[WI-0][TI-0] - [INFO] 2024-03-26 17:35:16.585 +0800 o.a.d.s.m.r.t.TaskGroupCoordinator:[127] - TaskGroupCoordinator round time cost: 7/ms
[WI-0][TI-0] - [INFO] 2024-03-26 17:35:21.611 +0800 o.a.d.s.m.r.t.TaskGroupCoordinator:[127] - TaskGroupCoordinator round time cost: 7/ms
[WI-0][TI-0] - [INFO] 2024-03-26 17:35:25.486 +0800 o.a.d.s.m.c.MasterServerLoadProtection:[48] - Master OverLoad: the TotalCpuUsedPercentage: 0.7813333333333333 is over then the MaxCpuUsagePercentageThresholds 0.7
[WI-0][TI-0] - [INFO] 2024-03-26 17:35:25.565 +0800 o.a.d.s.m.c.MasterServerLoadProtection:[48] - Master OverLoad: the TotalCpuUsedPercentage: 0.7813333333333333 is over then the MaxCpuUsagePercentageThresholds 0.7
[WI-0][TI-0] - [WARN] 2024-03-26 17:35:25.565 +0800 o.a.d.s.m.r.MasterSchedulerBootstrap:[123] - The current server is overload, cannot consumes commands.
[WI-0][TI-0] - [INFO] 2024-03-26 17:35:26.660 +0800 o.a.d.s.m.r.t.TaskGroupCoordinator:[127] - TaskGroupCoordinator round time cost: 11/ms
[WI-0][TI-0] - [INFO] 2024-03-26 17:35:30.530 +0800 o.a.d.s.m.c.MasterServerLoadProtection:[48] - Master OverLoad: the TotalCpuUsedPercentage: 0.8102871916477291 is over then the MaxCpuUsagePercentageThresholds 0.7
[WI-0][TI-0] - [INFO] 2024-03-26 17:35:30.581 +0800 o.a.d.s.m.c.MasterServerLoadProtection:[48] - Master OverLoad: the TotalCpuUsedPercentage: 0.8102871916477291 is over then the MaxCpuUsagePercentageThresholds 0.7
[WI-0][TI-0] - [WARN] 2024-03-26 17:35:30.584 +0800 o.a.d.s.m.r.MasterSchedulerBootstrap:[123] - The current server is overload, cannot consumes commands.
[WI-0][TI-0] - [INFO] 2024-03-26 17:35:31.686 +0800 o.a.d.s.m.r.t.TaskGroupCoordinator:[127] - TaskGroupCoordinator round time cost: 8/ms
[WI-0][TI-0] - [INFO] 2024-03-26 17:35:34.597 +0800 o.a.d.s.m.c.MasterServerLoadProtection:[48] - Master OverLoad: the TotalCpuUsedPercentage: 1.0 is over then the MaxCpuUsagePercentageThresholds 0.7
[WI-0][TI-0] - [WARN] 2024-03-26 17:35:34.597 +0800 o.a.d.s.m.r.MasterSchedulerBootstrap:[123] - The current server is overload, cannot consumes commands.
[WI-0][TI-0] - [INFO] 2024-03-26 17:35:36.714 +0800 o.a.d.s.m.r.t.TaskGroupCoordinator:[127] - TaskGroupCoordinator round time cost: 6/ms
[WI-0][TI-0] - [INFO] 2024-03-26 17:35:40.737 +0800 o.a.d.s.m.r.t.TaskGroupCoordinator:[127] - TaskGroupCoordinator round time cost: 9/ms
[WI-0][TI-0] - [INFO] 2024-03-26 17:35:45.767 +0800 o.a.d.s.m.r.t.TaskGroupCoordinator:[127] - TaskGroupCoordinator round time cost: 4/ms
[WI-0][TI-0] - [INFO] 2024-03-26 17:35:50.795 +0800 o.a.d.s.m.r.t.TaskGroupCoordinator:[127] - TaskGroupCoordinator round time cost: 2/ms
[WI-0][TI-0] - [INFO] 2024-03-26 17:35:55.868 +0800 o.a.d.s.m.r.t.TaskGroupCoordinator:[127] - TaskGroupCoordinator round time cost: 33/ms
[WI-0][TI-0] - [INFO] 2024-03-26 17:36:00.922 +0800 o.a.d.s.m.r.t.TaskGroupCoordinator:[127] - TaskGroupCoordinator round time cost: 13/ms
[WI-0][TI-0] - [INFO] 2024-03-26 17:36:05.956 +0800 o.a.d.s.m.r.t.TaskGroupCoordinator:[127] - TaskGroupCoordinator round time cost: 7/ms
[WI-0][TI-0] - [INFO] 2024-03-26 17:36:10.977 +0800 o.a.d.s.m.r.t.TaskGroupCoordinator:[127] - TaskGroupCoordinator round time cost: 4/ms
[WI-0][TI-0] - [INFO] 2024-03-26 17:50:35.401 +0800 o.a.d.s.m.r.t.TaskGroupCoordinator:[127] - TaskGroupCoordinator round time cost: 31/ms
[WI-0][TI-0] - [INFO] 2024-03-26 17:50:40.467 +0800 o.a.d.s.m.r.t.TaskGroupCoordinator:[127] - TaskGroupCoordinator round time cost: 6/ms
[WI-0][TI-0] - [INFO] 2024-03-26 17:50:45.493 +0800 o.a.d.s.m.r.t.TaskGroupCoordinator:[127] - TaskGroupCoordinator round time cost: 5/ms
[WI-0][TI-0] - [INFO] 2024-03-26 17:50:50.529 +0800 o.a.d.s.m.r.t.TaskGroupCoordinator:[127] - TaskGroupCoordinator round time cost: 5/ms
[WI-0][TI-0] - [INFO] 2024-03-26 17:50:53.323 +0800 o.a.d.s.m.c.MasterServerLoadProtection:[48] - Master OverLoad: the TotalCpuUsedPercentage: 1.0 is over then the MaxCpuUsagePercentageThresholds 0.7
[WI-0][TI-0] - [INFO] 2024-03-26 17:50:55.622 +0800 o.a.d.s.m.r.t.TaskGroupCoordinator:[127] - TaskGroupCoordinator round time cost: 21/ms
[WI-0][TI-0] - [INFO] 2024-03-26 17:51:00.705 +0800 o.a.d.s.m.r.t.TaskGroupCoordinator:[127] - TaskGroupCoordinator round time cost: 5/ms
[WI-0][TI-0] - [INFO] 2024-03-26 17:51:05.802 +0800 o.a.d.s.m.r.t.TaskGroupCoordinator:[127] - TaskGroupCoordinator round time cost: 36/ms
[WI-0][TI-0] - [INFO] 2024-03-26 17:51:10.840 +0800 o.a.d.s.m.r.t.TaskGroupCoordinator:[127] - TaskGroupCoordinator round time cost: 8/ms
[WI-0][TI-0] - [INFO] 2024-03-26 17:51:15.865 +0800 o.a.d.s.m.r.t.TaskGroupCoordinator:[127] - TaskGroupCoordinator round time cost: 5/ms
[WI-0][TI-0] - [INFO] 2024-03-26 17:51:20.894 +0800 o.a.d.s.m.r.t.TaskGroupCoordinator:[127] - TaskGroupCoordinator round time cost: 6/ms
[WI-0][TI-0] - [INFO] 2024-03-26 17:51:25.944 +0800 o.a.d.s.m.r.t.TaskGroupCoordinator:[127] - TaskGroupCoordinator round time cost: 5/ms
[WI-0][TI-0] - [INFO] 2024-03-26 17:51:30.964 +0800 o.a.d.s.m.r.t.TaskGroupCoordinator:[127] - TaskGroupCoordinator round time cost: 5/ms
[WI-0][TI-0] - [INFO] 2024-03-26 17:51:35.990 +0800 o.a.d.s.m.r.t.TaskGroupCoordinator:[127] - TaskGroupCoordinator round time cost: 6/ms
[WI-0][TI-0] - [INFO] 2024-03-26 17:51:41.022 +0800 o.a.d.s.m.r.t.TaskGroupCoordinator:[127] - TaskGroupCoordinator round time cost: 2/ms
[WI-0][TI-0] - [INFO] 2024-03-26 17:51:46.047 +0800 o.a.d.s.m.r.t.TaskGroupCoordinator:[127] - TaskGroupCoordinator round time cost: 4/ms
[WI-0][TI-0] - [INFO] 2024-03-26 17:51:51.076 +0800 o.a.d.s.m.r.t.TaskGroupCoordinator:[127] - TaskGroupCoordinator round time cost: 7/ms
[WI-0][TI-0] - [INFO] 2024-03-26 17:51:51.576 +0800 o.a.d.s.m.c.MasterServerLoadProtection:[48] - Master OverLoad: the TotalCpuUsedPercentage: 1.0 is over then the MaxCpuUsagePercentageThresholds 0.7
[WI-0][TI-0] - [WARN] 2024-03-26 17:51:51.577 +0800 o.a.d.s.m.r.MasterSchedulerBootstrap:[123] - The current server is overload, cannot consumes commands.
[WI-0][TI-0] - [INFO] 2024-03-26 17:51:52.575 +0800 o.a.d.s.m.c.MasterServerLoadProtection:[48] - Master OverLoad: the TotalCpuUsedPercentage: 1.0 is over then the MaxCpuUsagePercentageThresholds 0.7
[WI-0][TI-0] - [INFO] 2024-03-26 17:51:56.104 +0800 o.a.d.s.m.r.t.TaskGroupCoordinator:[127] - TaskGroupCoordinator round time cost: 5/ms
[WI-0][TI-0] - [INFO] 2024-03-26 17:52:01.129 +0800 o.a.d.s.m.r.t.TaskGroupCoordinator:[127] - TaskGroupCoordinator round time cost: 5/ms
[WI-0][TI-0] - [INFO] 2024-03-26 17:52:06.259 +0800 o.a.d.s.m.r.t.TaskGroupCoordinator:[127] - TaskGroupCoordinator round time cost: 45/ms
[WI-0][TI-0] - [INFO] 2024-03-26 17:52:09.187 +0800 o.a.d.s.m.c.MasterServerLoadProtection:[48] - Master OverLoad: the TotalCpuUsedPercentage: 1.0 is over then the MaxCpuUsagePercentageThresholds 0.7
[WI-0][TI-0] - [WARN] 2024-03-26 17:52:09.190 +0800 o.a.d.s.m.r.MasterSchedulerBootstrap:[123] - The current server is overload, cannot consumes commands.
[WI-0][TI-0] - [INFO] 2024-03-26 17:52:10.184 +0800 o.a.d.s.m.c.MasterServerLoadProtection:[48] - Master OverLoad: the TotalCpuUsedPercentage: 1.0 is over then the MaxCpuUsagePercentageThresholds 0.7
[WI-0][TI-0] - [INFO] 2024-03-26 17:52:10.802 +0800 o.a.d.s.m.r.t.TaskGroupCoordinator:[127] - TaskGroupCoordinator round time cost: 5/ms
[WI-0][TI-0] - [INFO] 2024-03-26 17:52:15.829 +0800 o.a.d.s.m.r.t.TaskGroupCoordinator:[127] - TaskGroupCoordinator round time cost: 8/ms
[WI-0][TI-0] - [INFO] 2024-03-26 17:52:20.852 +0800 o.a.d.s.m.r.t.TaskGroupCoordinator:[127] - TaskGroupCoordinator round time cost: 5/ms
[WI-0][TI-0] - [INFO] 2024-03-26 17:52:22.265 +0800 o.a.d.s.m.c.MasterServerLoadProtection:[48] - Master OverLoad: the TotalCpuUsedPercentage: 1.0 is over then the MaxCpuUsagePercentageThresholds 0.7
[WI-0][TI-0] - [INFO] 2024-03-26 17:52:25.911 +0800 o.a.d.s.m.r.t.TaskGroupCoordinator:[127] - TaskGroupCoordinator round time cost: 8/ms
[WI-0][TI-0] - [INFO] 2024-03-26 17:52:30.934 +0800 o.a.d.s.m.r.t.TaskGroupCoordinator:[127] - TaskGroupCoordinator round time cost: 4/ms
[WI-0][TI-0] - [INFO] 2024-03-26 17:52:32.322 +0800 o.a.d.s.m.c.MasterServerLoadProtection:[48] - Master OverLoad: the TotalCpuUsedPercentage: 1.0 is over then the MaxCpuUsagePercentageThresholds 0.7
[WI-0][TI-0] - [INFO] 2024-03-26 17:52:35.966 +0800 o.a.d.s.m.r.t.TaskGroupCoordinator:[127] - TaskGroupCoordinator round time cost: 14/ms
[WI-0][TI-0] - [INFO] 2024-03-26 17:52:40.282 +0800 o.a.d.s.m.r.t.TaskGroupCoordinator:[127] - TaskGroupCoordinator round time cost: 31/ms
[WI-0][TI-0] - [INFO] 2024-03-26 17:52:42.658 +0800 o.a.d.s.m.c.MasterServerLoadProtection:[48] - Master OverLoad: the TotalCpuUsedPercentage: 1.3333333333333333 is over then the MaxCpuUsagePercentageThresholds 0.7
[WI-0][TI-0] - [WARN] 2024-03-26 17:52:42.658 +0800 o.a.d.s.m.r.MasterSchedulerBootstrap:[123] - The current server is overload, cannot consumes commands.
[WI-0][TI-0] - [INFO] 2024-03-26 17:52:43.674 +0800 o.a.d.s.m.c.MasterServerLoadProtection:[48] - Master OverLoad: the TotalCpuUsedPercentage: 1.0 is over then the MaxCpuUsagePercentageThresholds 0.7
[WI-0][TI-0] - [WARN] 2024-03-26 17:52:43.675 +0800 o.a.d.s.m.r.MasterSchedulerBootstrap:[123] - The current server is overload, cannot consumes commands.
[WI-0][TI-0] - [INFO] 2024-03-26 17:52:45.342 +0800 o.a.d.s.m.r.t.TaskGroupCoordinator:[127] - TaskGroupCoordinator round time cost: 6/ms
[WI-0][TI-0] - [INFO] 2024-03-26 17:52:48.698 +0800 o.a.d.s.m.c.MasterServerLoadProtection:[48] - Master OverLoad: the TotalCpuUsedPercentage: 1.5 is over then the MaxCpuUsagePercentageThresholds 0.7
[WI-0][TI-0] - [WARN] 2024-03-26 17:52:48.699 +0800 o.a.d.s.m.r.MasterSchedulerBootstrap:[123] - The current server is overload, cannot consumes commands.
[WI-0][TI-0] - [INFO] 2024-03-26 17:52:50.377 +0800 o.a.d.s.m.r.t.TaskGroupCoordinator:[127] - TaskGroupCoordinator round time cost: 6/ms
[WI-0][TI-0] - [INFO] 2024-03-26 17:52:52.718 +0800 o.a.d.s.m.c.MasterServerLoadProtection:[48] - Master OverLoad: the TotalCpuUsedPercentage: 1.0 is over then the MaxCpuUsagePercentageThresholds 0.7
[WI-0][TI-0] - [INFO] 2024-03-26 17:52:55.411 +0800 o.a.d.s.m.r.t.TaskGroupCoordinator:[127] - TaskGroupCoordinator round time cost: 7/ms
[WI-0][TI-0] - [INFO] 2024-03-26 17:53:00.440 +0800 o.a.d.s.m.r.t.TaskGroupCoordinator:[127] - TaskGroupCoordinator round time cost: 3/ms
[WI-0][TI-0] - [INFO] 2024-03-26 17:53:05.468 +0800 o.a.d.s.m.r.t.TaskGroupCoordinator:[127] - TaskGroupCoordinator round time cost: 5/ms
[WI-0][TI-0] - [INFO] 2024-03-26 17:53:08.820 +0800 o.a.d.s.m.c.MasterServerLoadProtection:[48] - Master OverLoad: the TotalCpuUsedPercentage: 1.0 is over then the MaxCpuUsagePercentageThresholds 0.7
[WI-0][TI-0] - [WARN] 2024-03-26 17:53:08.820 +0800 o.a.d.s.m.r.MasterSchedulerBootstrap:[123] - The current server is overload, cannot consumes commands.
[WI-0][TI-0] - [INFO] 2024-03-26 17:53:09.819 +0800 o.a.d.s.m.c.MasterServerLoadProtection:[48] - Master OverLoad: the TotalCpuUsedPercentage: 1.0 is over then the MaxCpuUsagePercentageThresholds 0.7
[WI-0][TI-0] - [INFO] 2024-03-26 17:53:10.492 +0800 o.a.d.s.m.r.t.TaskGroupCoordinator:[127] - TaskGroupCoordinator round time cost: 5/ms
[WI-0][TI-0] - [INFO] 2024-03-26 17:53:19.688 +0800 o.a.d.s.m.r.t.TaskGroupCoordinator:[127] - TaskGroupCoordinator round time cost: 5/ms
[WI-0][TI-0] - [INFO] 2024-03-26 17:53:24.736 +0800 o.a.d.s.m.r.t.TaskGroupCoordinator:[127] - TaskGroupCoordinator round time cost: 2/ms
[WI-0][TI-0] - [INFO] 2024-03-26 17:53:29.757 +0800 o.a.d.s.m.r.t.TaskGroupCoordinator:[127] - TaskGroupCoordinator round time cost: 2/ms
[WI-0][TI-0] - [INFO] 2024-03-26 17:53:34.780 +0800 o.a.d.s.m.r.t.TaskGroupCoordinator:[127] - TaskGroupCoordinator round time cost: 4/ms
[WI-0][TI-0] - [INFO] 2024-03-26 17:53:39.802 +0800 o.a.d.s.m.r.t.TaskGroupCoordinator:[127] - TaskGroupCoordinator round time cost: 3/ms
[WI-0][TI-0] - [INFO] 2024-03-26 17:53:44.827 +0800 o.a.d.s.m.r.t.TaskGroupCoordinator:[127] - TaskGroupCoordinator round time cost: 5/ms
[WI-0][TI-0] - [INFO] 2024-03-26 17:53:49.860 +0800 o.a.d.s.m.r.t.TaskGroupCoordinator:[127] - TaskGroupCoordinator round time cost: 7/ms
[WI-0][TI-0] - [INFO] 2024-03-26 17:53:54.171 +0800 o.a.d.s.m.c.MasterServerLoadProtection:[48] - Master OverLoad: the TotalCpuUsedPercentage: 0.7229916897506926 is over then the MaxCpuUsagePercentageThresholds 0.7
[WI-0][TI-0] - [WARN] 2024-03-26 17:53:54.172 +0800 o.a.d.s.m.r.MasterSchedulerBootstrap:[123] - The current server is overload, cannot consumes commands.
[WI-0][TI-0] - [INFO] 2024-03-26 17:53:54.903 +0800 o.a.d.s.m.r.t.TaskGroupCoordinator:[127] - TaskGroupCoordinator round time cost: 26/ms
[WI-0][TI-0] - [INFO] 2024-03-26 17:53:55.161 +0800 o.a.d.s.m.c.MasterServerLoadProtection:[48] - Master OverLoad: the TotalCpuUsedPercentage: 0.7229916897506926 is over then the MaxCpuUsagePercentageThresholds 0.7
[WI-0][TI-0] - [INFO] 2024-03-26 17:53:55.175 +0800 o.a.d.s.m.c.MasterServerLoadProtection:[48] - Master OverLoad: the TotalCpuUsedPercentage: 0.7880721132482702 is over then the MaxCpuUsagePercentageThresholds 0.7
[WI-0][TI-0] - [WARN] 2024-03-26 17:53:55.176 +0800 o.a.d.s.m.r.MasterSchedulerBootstrap:[123] - The current server is overload, cannot consumes commands.
[WI-0][TI-0] - [INFO] 2024-03-26 17:53:59.974 +0800 o.a.d.s.m.r.t.TaskGroupCoordinator:[127] - TaskGroupCoordinator round time cost: 10/ms
[WI-0][TI-0] - [INFO] 2024-03-26 17:54:04.995 +0800 o.a.d.s.m.r.t.TaskGroupCoordinator:[127] - TaskGroupCoordinator round time cost: 2/ms
