[WI-0][TI-0] - [INFO] 2024-04-24 18:00:01.507 +0800 o.a.d.s.m.r.t.TaskGroupCoordinator:[127] - TaskGroupCoordinator round time cost: 0/ms
[WI-0][TI-0] - [INFO] 2024-04-24 18:00:06.526 +0800 o.a.d.s.m.r.t.TaskGroupCoordinator:[127] - TaskGroupCoordinator round time cost: 0/ms
[WI-0][TI-0] - [INFO] 2024-04-24 18:00:11.544 +0800 o.a.d.s.m.r.t.TaskGroupCoordinator:[127] - TaskGroupCoordinator round time cost: 0/ms
[WI-0][TI-0] - [INFO] 2024-04-24 18:00:16.816 +0800 o.a.d.s.m.r.t.TaskGroupCoordinator:[127] - TaskGroupCoordinator round time cost: 0/ms
[WI-0][TI-0] - [INFO] 2024-04-24 18:00:21.830 +0800 o.a.d.s.m.r.t.TaskGroupCoordinator:[127] - TaskGroupCoordinator round time cost: 0/ms
[WI-0][TI-0] - [INFO] 2024-04-24 18:00:26.882 +0800 o.a.d.s.m.r.t.TaskGroupCoordinator:[127] - TaskGroupCoordinator round time cost: 2/ms
[WI-0][TI-0] - [INFO] 2024-04-24 18:00:31.897 +0800 o.a.d.s.m.r.t.TaskGroupCoordinator:[127] - TaskGroupCoordinator round time cost: 4/ms
[WI-0][TI-0] - [INFO] 2024-04-24 18:00:36.932 +0800 o.a.d.s.m.r.t.TaskGroupCoordinator:[127] - TaskGroupCoordinator round time cost: 2/ms
[WI-0][TI-0] - [INFO] 2024-04-24 18:00:41.951 +0800 o.a.d.s.m.r.t.TaskGroupCoordinator:[127] - TaskGroupCoordinator round time cost: 0/ms
[WI-0][TI-0] - [INFO] 2024-04-24 18:00:46.962 +0800 o.a.d.s.m.r.t.TaskGroupCoordinator:[127] - TaskGroupCoordinator round time cost: 0/ms
[WI-0][TI-0] - [INFO] 2024-04-24 18:00:51.989 +0800 o.a.d.s.m.r.t.TaskGroupCoordinator:[127] - TaskGroupCoordinator round time cost: 0/ms
[WI-0][TI-0] - [INFO] 2024-04-24 18:00:57.004 +0800 o.a.d.s.m.r.t.TaskGroupCoordinator:[127] - TaskGroupCoordinator round time cost: 0/ms
[WI-0][TI-0] - [INFO] 2024-04-24 18:01:02.026 +0800 o.a.d.s.m.r.t.TaskGroupCoordinator:[127] - TaskGroupCoordinator round time cost: 4/ms
[WI-0][TI-0] - [INFO] 2024-04-24 18:01:07.046 +0800 o.a.d.s.m.r.t.TaskGroupCoordinator:[127] - TaskGroupCoordinator round time cost: 3/ms
[WI-0][TI-0] - [INFO] 2024-04-24 18:01:12.067 +0800 o.a.d.s.m.r.t.TaskGroupCoordinator:[127] - TaskGroupCoordinator round time cost: 2/ms
[WI-0][TI-0] - [INFO] 2024-04-24 18:01:17.099 +0800 o.a.d.s.m.r.t.TaskGroupCoordinator:[127] - TaskGroupCoordinator round time cost: 7/ms
[WI-0][TI-0] - [INFO] 2024-04-24 18:01:22.129 +0800 o.a.d.s.m.r.t.TaskGroupCoordinator:[127] - TaskGroupCoordinator round time cost: 3/ms
[WI-0][TI-0] - [INFO] 2024-04-24 18:01:27.163 +0800 o.a.d.s.m.r.t.TaskGroupCoordinator:[127] - TaskGroupCoordinator round time cost: 2/ms
[WI-0][TI-0] - [INFO] 2024-04-24 18:01:32.190 +0800 o.a.d.s.m.r.t.TaskGroupCoordinator:[127] - TaskGroupCoordinator round time cost: 1/ms
[WI-0][TI-0] - [INFO] 2024-04-24 18:01:37.214 +0800 o.a.d.s.m.r.t.TaskGroupCoordinator:[127] - TaskGroupCoordinator round time cost: 4/ms
[WI-0][TI-0] - [INFO] 2024-04-24 18:01:42.241 +0800 o.a.d.s.m.r.t.TaskGroupCoordinator:[127] - TaskGroupCoordinator round time cost: 2/ms
[WI-0][TI-0] - [INFO] 2024-04-24 18:01:47.264 +0800 o.a.d.s.m.r.t.TaskGroupCoordinator:[127] - TaskGroupCoordinator round time cost: 3/ms
[WI-0][TI-0] - [INFO] 2024-04-24 18:01:51.912 +0800 o.a.d.s.m.c.MasterServerLoadProtection:[48] - Master OverLoad: the TotalCpuUsedPercentage: 2.0 is over then the MaxCpuUsagePercentageThresholds 0.7
[WI-0][TI-0] - [WARN] 2024-04-24 18:01:51.915 +0800 o.a.d.s.m.r.MasterSchedulerBootstrap:[123] - The current server is overload, cannot consumes commands.
[WI-0][TI-0] - [INFO] 2024-04-24 18:01:52.300 +0800 o.a.d.s.m.r.t.TaskGroupCoordinator:[127] - TaskGroupCoordinator round time cost: 2/ms
[WI-0][TI-0] - [INFO] 2024-04-24 18:01:57.315 +0800 o.a.d.s.m.r.t.TaskGroupCoordinator:[127] - TaskGroupCoordinator round time cost: 2/ms
[WI-0][TI-0] - [INFO] 2024-04-24 18:02:02.326 +0800 o.a.d.s.m.r.t.TaskGroupCoordinator:[127] - TaskGroupCoordinator round time cost: 2/ms
[WI-0][TI-0] - [INFO] 2024-04-24 18:02:07.362 +0800 o.a.d.s.m.r.t.TaskGroupCoordinator:[127] - TaskGroupCoordinator round time cost: 4/ms
[WI-0][TI-0] - [INFO] 2024-04-24 18:02:12.377 +0800 o.a.d.s.m.r.t.TaskGroupCoordinator:[127] - TaskGroupCoordinator round time cost: 2/ms
[WI-0][TI-0] - [INFO] 2024-04-24 18:02:17.391 +0800 o.a.d.s.m.r.t.TaskGroupCoordinator:[127] - TaskGroupCoordinator round time cost: 2/ms
[WI-0][TI-0] - [INFO] 2024-04-24 18:02:22.407 +0800 o.a.d.s.m.r.t.TaskGroupCoordinator:[127] - TaskGroupCoordinator round time cost: 2/ms
[WI-0][TI-0] - [INFO] 2024-04-24 18:02:27.441 +0800 o.a.d.s.m.r.t.TaskGroupCoordinator:[127] - TaskGroupCoordinator round time cost: 2/ms
[WI-0][TI-0] - [INFO] 2024-04-24 18:02:32.462 +0800 o.a.d.s.m.r.t.TaskGroupCoordinator:[127] - TaskGroupCoordinator round time cost: 2/ms
[WI-0][TI-0] - [INFO] 2024-04-24 18:02:37.477 +0800 o.a.d.s.m.r.t.TaskGroupCoordinator:[127] - TaskGroupCoordinator round time cost: 2/ms
[WI-0][TI-0] - [INFO] 2024-04-24 18:02:38.492 +0800 o.a.d.s.m.s.MasterFailoverService:[86] - Master failover service 172.18.0.9:5678 begin to failover hosts:[172.18.0.9:5678]
[WI-0][TI-0] - [INFO] 2024-04-24 18:02:38.526 +0800 o.a.d.s.m.s.MasterFailoverService:[124] - Master[172.18.0.9:5678] failover starting there are 4 workflowInstance may need to failover, will do a deep check, workflowInstanceIds: [448, 508, 510, 511]
[WI-448][TI-0] - [INFO] 2024-04-24 18:02:38.526 +0800 o.a.d.s.m.s.MasterFailoverService:[133] - WorkflowInstance failover starting
[WI-448][TI-0] - [INFO] 2024-04-24 18:02:38.526 +0800 o.a.d.s.m.s.MasterFailoverService:[190] - The workflowInstance's restartTime is after the dead master startup time, no need to failover
[WI-508][TI-0] - [INFO] 2024-04-24 18:02:38.526 +0800 o.a.d.s.m.s.MasterFailoverService:[133] - WorkflowInstance failover starting
[WI-508][TI-0] - [INFO] 2024-04-24 18:02:38.527 +0800 o.a.d.s.m.s.MasterFailoverService:[190] - The workflowInstance's restartTime is after the dead master startup time, no need to failover
[WI-510][TI-0] - [INFO] 2024-04-24 18:02:38.527 +0800 o.a.d.s.m.s.MasterFailoverService:[133] - WorkflowInstance failover starting
[WI-510][TI-0] - [INFO] 2024-04-24 18:02:38.527 +0800 o.a.d.s.m.s.MasterFailoverService:[190] - The workflowInstance's restartTime is after the dead master startup time, no need to failover
[WI-511][TI-0] - [INFO] 2024-04-24 18:02:38.527 +0800 o.a.d.s.m.s.MasterFailoverService:[133] - WorkflowInstance failover starting
[WI-511][TI-0] - [INFO] 2024-04-24 18:02:38.527 +0800 o.a.d.s.m.s.MasterFailoverService:[190] - The workflowInstance's restartTime is after the dead master startup time, no need to failover
[WI-0][TI-0] - [INFO] 2024-04-24 18:02:38.527 +0800 o.a.d.s.m.s.MasterFailoverService:[148] - Master[172.18.0.9:5678] failover finished, useTime:8ms
[WI-0][TI-0] - [INFO] 2024-04-24 18:02:42.496 +0800 o.a.d.s.m.r.t.TaskGroupCoordinator:[127] - TaskGroupCoordinator round time cost: 3/ms
[WI-0][TI-0] - [INFO] 2024-04-24 18:02:47.518 +0800 o.a.d.s.m.r.t.TaskGroupCoordinator:[127] - TaskGroupCoordinator round time cost: 3/ms
[WI-0][TI-0] - [INFO] 2024-04-24 18:02:52.533 +0800 o.a.d.s.m.r.t.TaskGroupCoordinator:[127] - TaskGroupCoordinator round time cost: 0/ms
[WI-0][TI-0] - [INFO] 2024-04-24 18:02:57.550 +0800 o.a.d.s.m.r.t.TaskGroupCoordinator:[127] - TaskGroupCoordinator round time cost: 0/ms
[WI-0][TI-0] - [INFO] 2024-04-24 18:03:02.579 +0800 o.a.d.s.m.r.t.TaskGroupCoordinator:[127] - TaskGroupCoordinator round time cost: 1/ms
[WI-0][TI-0] - [INFO] 2024-04-24 18:03:07.607 +0800 o.a.d.s.m.r.t.TaskGroupCoordinator:[127] - TaskGroupCoordinator round time cost: 1/ms
[WI-0][TI-0] - [INFO] 2024-04-24 18:03:12.637 +0800 o.a.d.s.m.r.t.TaskGroupCoordinator:[127] - TaskGroupCoordinator round time cost: 0/ms
[WI-0][TI-0] - [INFO] 2024-04-24 18:03:17.649 +0800 o.a.d.s.m.r.t.TaskGroupCoordinator:[127] - TaskGroupCoordinator round time cost: 0/ms
[WI-0][TI-0] - [INFO] 2024-04-24 18:03:22.677 +0800 o.a.d.s.m.r.t.TaskGroupCoordinator:[127] - TaskGroupCoordinator round time cost: 0/ms
[WI-0][TI-0] - [INFO] 2024-04-24 18:03:27.711 +0800 o.a.d.s.m.r.t.TaskGroupCoordinator:[127] - TaskGroupCoordinator round time cost: 0/ms
[WI-0][TI-0] - [INFO] 2024-04-24 18:03:32.721 +0800 o.a.d.s.m.r.t.TaskGroupCoordinator:[127] - TaskGroupCoordinator round time cost: 0/ms
[WI-0][TI-0] - [INFO] 2024-04-24 18:03:37.743 +0800 o.a.d.s.m.r.t.TaskGroupCoordinator:[127] - TaskGroupCoordinator round time cost: 1/ms
[WI-0][TI-0] - [INFO] 2024-04-24 18:03:42.764 +0800 o.a.d.s.m.r.t.TaskGroupCoordinator:[127] - TaskGroupCoordinator round time cost: 4/ms
[WI-0][TI-0] - [INFO] 2024-04-24 18:03:47.794 +0800 o.a.d.s.m.r.t.TaskGroupCoordinator:[127] - TaskGroupCoordinator round time cost: 9/ms
[WI-0][TI-0] - [INFO] 2024-04-24 18:03:52.810 +0800 o.a.d.s.m.r.t.TaskGroupCoordinator:[127] - TaskGroupCoordinator round time cost: 4/ms
[WI-0][TI-0] - [INFO] 2024-04-24 18:03:57.830 +0800 o.a.d.s.m.r.t.TaskGroupCoordinator:[127] - TaskGroupCoordinator round time cost: 3/ms
[WI-0][TI-0] - [INFO] 2024-04-24 18:04:02.849 +0800 o.a.d.s.m.r.t.TaskGroupCoordinator:[127] - TaskGroupCoordinator round time cost: 2/ms
[WI-0][TI-0] - [INFO] 2024-04-24 18:04:07.873 +0800 o.a.d.s.m.r.t.TaskGroupCoordinator:[127] - TaskGroupCoordinator round time cost: 2/ms
[WI-0][TI-0] - [INFO] 2024-04-24 18:04:12.897 +0800 o.a.d.s.m.r.t.TaskGroupCoordinator:[127] - TaskGroupCoordinator round time cost: 0/ms
[WI-0][TI-0] - [INFO] 2024-04-24 18:04:17.926 +0800 o.a.d.s.m.r.t.TaskGroupCoordinator:[127] - TaskGroupCoordinator round time cost: 14/ms
[WI-0][TI-0] - [INFO] 2024-04-24 18:04:22.940 +0800 o.a.d.s.m.r.t.TaskGroupCoordinator:[127] - TaskGroupCoordinator round time cost: 0/ms
[WI-0][TI-0] - [INFO] 2024-04-24 18:04:27.972 +0800 o.a.d.s.m.r.t.TaskGroupCoordinator:[127] - TaskGroupCoordinator round time cost: 2/ms
[WI-0][TI-0] - [INFO] 2024-04-24 18:04:32.989 +0800 o.a.d.s.m.r.t.TaskGroupCoordinator:[127] - TaskGroupCoordinator round time cost: 3/ms
[WI-0][TI-0] - [INFO] 2024-04-24 18:04:38.016 +0800 o.a.d.s.m.r.t.TaskGroupCoordinator:[127] - TaskGroupCoordinator round time cost: 3/ms
[WI-0][TI-0] - [INFO] 2024-04-24 18:04:43.030 +0800 o.a.d.s.m.r.t.TaskGroupCoordinator:[127] - TaskGroupCoordinator round time cost: 2/ms
[WI-0][TI-0] - [INFO] 2024-04-24 18:04:48.056 +0800 o.a.d.s.m.r.t.TaskGroupCoordinator:[127] - TaskGroupCoordinator round time cost: 3/ms
[WI-0][TI-0] - [INFO] 2024-04-24 18:04:53.075 +0800 o.a.d.s.m.r.t.TaskGroupCoordinator:[127] - TaskGroupCoordinator round time cost: 3/ms
[WI-0][TI-0] - [INFO] 2024-04-24 18:04:58.100 +0800 o.a.d.s.m.r.t.TaskGroupCoordinator:[127] - TaskGroupCoordinator round time cost: 3/ms
[WI-0][TI-0] - [INFO] 2024-04-24 18:05:03.118 +0800 o.a.d.s.m.r.t.TaskGroupCoordinator:[127] - TaskGroupCoordinator round time cost: 2/ms
[WI-0][TI-0] - [INFO] 2024-04-24 18:05:08.154 +0800 o.a.d.s.m.r.t.TaskGroupCoordinator:[127] - TaskGroupCoordinator round time cost: 8/ms
[WI-0][TI-0] - [INFO] 2024-04-24 18:05:13.186 +0800 o.a.d.s.m.r.t.TaskGroupCoordinator:[127] - TaskGroupCoordinator round time cost: 3/ms
[WI-0][TI-0] - [INFO] 2024-04-24 18:05:18.208 +0800 o.a.d.s.m.r.t.TaskGroupCoordinator:[127] - TaskGroupCoordinator round time cost: 2/ms
[WI-0][TI-0] - [INFO] 2024-04-24 18:05:23.230 +0800 o.a.d.s.m.r.t.TaskGroupCoordinator:[127] - TaskGroupCoordinator round time cost: 2/ms
[WI-0][TI-0] - [INFO] 2024-04-24 18:05:28.258 +0800 o.a.d.s.m.r.t.TaskGroupCoordinator:[127] - TaskGroupCoordinator round time cost: 2/ms
[WI-0][TI-0] - [INFO] 2024-04-24 18:05:33.277 +0800 o.a.d.s.m.r.t.TaskGroupCoordinator:[127] - TaskGroupCoordinator round time cost: 3/ms
[WI-0][TI-0] - [INFO] 2024-04-24 18:05:38.310 +0800 o.a.d.s.m.r.t.TaskGroupCoordinator:[127] - TaskGroupCoordinator round time cost: 2/ms
[WI-0][TI-0] - [INFO] 2024-04-24 18:05:43.334 +0800 o.a.d.s.m.r.t.TaskGroupCoordinator:[127] - TaskGroupCoordinator round time cost: 3/ms
[WI-0][TI-0] - [INFO] 2024-04-24 18:05:48.351 +0800 o.a.d.s.m.r.t.TaskGroupCoordinator:[127] - TaskGroupCoordinator round time cost: 3/ms
[WI-0][TI-0] - [INFO] 2024-04-24 18:05:53.373 +0800 o.a.d.s.m.r.t.TaskGroupCoordinator:[127] - TaskGroupCoordinator round time cost: 3/ms
[WI-0][TI-0] - [INFO] 2024-04-24 18:05:58.388 +0800 o.a.d.s.m.r.t.TaskGroupCoordinator:[127] - TaskGroupCoordinator round time cost: 3/ms
[WI-0][TI-0] - [INFO] 2024-04-24 18:06:03.410 +0800 o.a.d.s.m.r.t.TaskGroupCoordinator:[127] - TaskGroupCoordinator round time cost: 3/ms
[WI-0][TI-0] - [INFO] 2024-04-24 18:06:08.434 +0800 o.a.d.s.m.r.t.TaskGroupCoordinator:[127] - TaskGroupCoordinator round time cost: 3/ms
[WI-0][TI-0] - [INFO] 2024-04-24 18:06:13.451 +0800 o.a.d.s.m.r.t.TaskGroupCoordinator:[127] - TaskGroupCoordinator round time cost: 3/ms
[WI-0][TI-0] - [INFO] 2024-04-24 18:06:18.477 +0800 o.a.d.s.m.r.t.TaskGroupCoordinator:[127] - TaskGroupCoordinator round time cost: 3/ms
[WI-0][TI-0] - [INFO] 2024-04-24 18:06:23.500 +0800 o.a.d.s.m.r.t.TaskGroupCoordinator:[127] - TaskGroupCoordinator round time cost: 3/ms
[WI-0][TI-0] - [INFO] 2024-04-24 18:06:28.534 +0800 o.a.d.s.m.r.t.TaskGroupCoordinator:[127] - TaskGroupCoordinator round time cost: 3/ms
[WI-0][TI-0] - [INFO] 2024-04-24 18:06:33.551 +0800 o.a.d.s.m.r.t.TaskGroupCoordinator:[127] - TaskGroupCoordinator round time cost: 2/ms
[WI-0][TI-0] - [INFO] 2024-04-24 18:06:38.580 +0800 o.a.d.s.m.r.t.TaskGroupCoordinator:[127] - TaskGroupCoordinator round time cost: 17/ms
[WI-0][TI-0] - [INFO] 2024-04-24 18:06:43.599 +0800 o.a.d.s.m.r.t.TaskGroupCoordinator:[127] - TaskGroupCoordinator round time cost: 4/ms
[WI-0][TI-0] - [INFO] 2024-04-24 18:06:48.620 +0800 o.a.d.s.m.r.t.TaskGroupCoordinator:[127] - TaskGroupCoordinator round time cost: 4/ms
[WI-0][TI-0] - [INFO] 2024-04-24 18:06:53.648 +0800 o.a.d.s.m.r.t.TaskGroupCoordinator:[127] - TaskGroupCoordinator round time cost: 4/ms
[WI-0][TI-0] - [INFO] 2024-04-24 18:06:58.680 +0800 o.a.d.s.m.r.t.TaskGroupCoordinator:[127] - TaskGroupCoordinator round time cost: 4/ms
[WI-0][TI-0] - [INFO] 2024-04-24 18:07:03.705 +0800 o.a.d.s.m.r.t.TaskGroupCoordinator:[127] - TaskGroupCoordinator round time cost: 4/ms
[WI-0][TI-0] - [INFO] 2024-04-24 18:07:08.719 +0800 o.a.d.s.m.r.t.TaskGroupCoordinator:[127] - TaskGroupCoordinator round time cost: 2/ms
[WI-0][TI-0] - [INFO] 2024-04-24 18:07:13.741 +0800 o.a.d.s.m.r.t.TaskGroupCoordinator:[127] - TaskGroupCoordinator round time cost: 5/ms
[WI-0][TI-0] - [INFO] 2024-04-24 18:07:16.298 +0800 o.a.d.s.m.c.MasterServerLoadProtection:[48] - Master OverLoad: the TotalCpuUsedPercentage: 1.0 is over then the MaxCpuUsagePercentageThresholds 0.7
[WI-0][TI-0] - [WARN] 2024-04-24 18:07:16.299 +0800 o.a.d.s.m.r.MasterSchedulerBootstrap:[123] - The current server is overload, cannot consumes commands.
[WI-0][TI-0] - [INFO] 2024-04-24 18:07:18.781 +0800 o.a.d.s.m.r.t.TaskGroupCoordinator:[127] - TaskGroupCoordinator round time cost: 1/ms
[WI-0][TI-0] - [INFO] 2024-04-24 18:07:23.803 +0800 o.a.d.s.m.r.t.TaskGroupCoordinator:[127] - TaskGroupCoordinator round time cost: 4/ms
[WI-0][TI-0] - [INFO] 2024-04-24 18:07:28.855 +0800 o.a.d.s.m.r.t.TaskGroupCoordinator:[127] - TaskGroupCoordinator round time cost: 20/ms
[WI-0][TI-0] - [INFO] 2024-04-24 18:07:33.879 +0800 o.a.d.s.m.r.t.TaskGroupCoordinator:[127] - TaskGroupCoordinator round time cost: 10/ms
[WI-0][TI-0] - [INFO] 2024-04-24 18:07:38.931 +0800 o.a.d.s.m.r.t.TaskGroupCoordinator:[127] - TaskGroupCoordinator round time cost: 11/ms
[WI-0][TI-0] - [INFO] 2024-04-24 18:07:43.959 +0800 o.a.d.s.m.r.t.TaskGroupCoordinator:[127] - TaskGroupCoordinator round time cost: 0/ms
[WI-0][TI-0] - [INFO] 2024-04-24 18:07:48.987 +0800 o.a.d.s.m.r.t.TaskGroupCoordinator:[127] - TaskGroupCoordinator round time cost: 3/ms
[WI-0][TI-0] - [INFO] 2024-04-24 18:07:54.003 +0800 o.a.d.s.m.r.t.TaskGroupCoordinator:[127] - TaskGroupCoordinator round time cost: 0/ms
[WI-0][TI-0] - [WARN] 2024-04-24 18:07:54.471 +0800 c.z.h.p.PoolBase:[184] - DolphinScheduler - Failed to validate connection org.postgresql.jdbc.PgConnection@539f19c4 (This connection has been closed.). Possibly consider using a shorter maxLifetime value.
[WI-0][TI-0] - [WARN] 2024-04-24 18:07:54.489 +0800 c.z.h.p.ProxyConnection:[182] - DolphinScheduler - Connection org.postgresql.jdbc.PgConnection@fd49905 marked as broken because of SQLSTATE(08006), ErrorCode(0)
org.postgresql.util.PSQLException: An I/O error occurred while sending to the backend.
	at org.postgresql.core.v3.QueryExecutorImpl.execute(QueryExecutorImpl.java:383)
	at org.postgresql.jdbc.PgStatement.executeInternal(PgStatement.java:490)
	at org.postgresql.jdbc.PgStatement.execute(PgStatement.java:408)
	at org.postgresql.jdbc.PgPreparedStatement.executeWithFlags(PgPreparedStatement.java:181)
	at org.postgresql.jdbc.PgPreparedStatement.execute(PgPreparedStatement.java:170)
	at com.zaxxer.hikari.pool.ProxyPreparedStatement.execute(ProxyPreparedStatement.java:44)
	at com.zaxxer.hikari.pool.HikariProxyPreparedStatement.execute(HikariProxyPreparedStatement.java)
	at org.apache.ibatis.executor.statement.PreparedStatementHandler.query(PreparedStatementHandler.java:64)
	at org.apache.ibatis.executor.statement.RoutingStatementHandler.query(RoutingStatementHandler.java:79)
	at sun.reflect.GeneratedMethodAccessor70.invoke(Unknown Source)
	at sun.reflect.DelegatingMethodAccessorImpl.invoke(DelegatingMethodAccessorImpl.java:43)
	at java.lang.reflect.Method.invoke(Method.java:498)
	at org.apache.ibatis.plugin.Plugin.invoke(Plugin.java:64)
	at com.sun.proxy.$Proxy180.query(Unknown Source)
	at org.apache.ibatis.executor.SimpleExecutor.doQuery(SimpleExecutor.java:63)
	at org.apache.ibatis.executor.BaseExecutor.queryFromDatabase(BaseExecutor.java:325)
	at org.apache.ibatis.executor.BaseExecutor.query(BaseExecutor.java:156)
	at com.baomidou.mybatisplus.extension.plugins.MybatisPlusInterceptor.intercept(MybatisPlusInterceptor.java:81)
	at org.apache.ibatis.plugin.Plugin.invoke(Plugin.java:62)
	at com.sun.proxy.$Proxy179.query(Unknown Source)
	at org.apache.ibatis.session.defaults.DefaultSqlSession.selectList(DefaultSqlSession.java:151)
	at org.apache.ibatis.session.defaults.DefaultSqlSession.selectList(DefaultSqlSession.java:145)
	at org.apache.ibatis.session.defaults.DefaultSqlSession.selectList(DefaultSqlSession.java:140)
	at sun.reflect.GeneratedMethodAccessor74.invoke(Unknown Source)
	at sun.reflect.DelegatingMethodAccessorImpl.invoke(DelegatingMethodAccessorImpl.java:43)
	at java.lang.reflect.Method.invoke(Method.java:498)
	at org.mybatis.spring.SqlSessionTemplate$SqlSessionInterceptor.invoke(SqlSessionTemplate.java:427)
	at com.sun.proxy.$Proxy136.selectList(Unknown Source)
	at org.mybatis.spring.SqlSessionTemplate.selectList(SqlSessionTemplate.java:224)
	at com.baomidou.mybatisplus.core.override.MybatisMapperMethod.executeForMany(MybatisMapperMethod.java:166)
	at com.baomidou.mybatisplus.core.override.MybatisMapperMethod.execute(MybatisMapperMethod.java:77)
	at com.baomidou.mybatisplus.core.override.MybatisMapperProxy$PlainMethodInvoker.invoke(MybatisMapperProxy.java:148)
	at com.baomidou.mybatisplus.core.override.MybatisMapperProxy.invoke(MybatisMapperProxy.java:89)
	at com.sun.proxy.$Proxy149.queryCommandPageBySlot(Unknown Source)
	at org.apache.dolphinscheduler.service.command.CommandServiceImpl.findCommandPageBySlot(CommandServiceImpl.java:115)
	at org.apache.dolphinscheduler.service.command.CommandServiceImpl$$FastClassBySpringCGLIB$$299af041.invoke(<generated>)
	at org.springframework.cglib.proxy.MethodProxy.invoke(MethodProxy.java:218)
	at org.springframework.aop.framework.CglibAopProxy$CglibMethodInvocation.invokeJoinpoint(CglibAopProxy.java:793)
	at org.springframework.aop.framework.ReflectiveMethodInvocation.proceed(ReflectiveMethodInvocation.java:163)
	at org.springframework.aop.framework.CglibAopProxy$CglibMethodInvocation.proceed(CglibAopProxy.java:763)
	at org.springframework.aop.interceptor.ExposeInvocationInterceptor.invoke(ExposeInvocationInterceptor.java:97)
	at org.springframework.aop.framework.ReflectiveMethodInvocation.proceed(ReflectiveMethodInvocation.java:186)
	at org.springframework.aop.framework.CglibAopProxy$CglibMethodInvocation.proceed(CglibAopProxy.java:763)
	at org.springframework.aop.framework.CglibAopProxy$DynamicAdvisedInterceptor.intercept(CglibAopProxy.java:708)
	at org.apache.dolphinscheduler.service.command.CommandServiceImpl$$EnhancerBySpringCGLIB$$7c9ccf1e.findCommandPageBySlot(<generated>)
	at org.apache.dolphinscheduler.server.master.runner.MasterSchedulerBootstrap.findCommands(MasterSchedulerBootstrap.java:184)
	at org.apache.dolphinscheduler.server.master.runner.MasterSchedulerBootstrap.run(MasterSchedulerBootstrap.java:128)
Caused by: java.io.EOFException: null
	at org.postgresql.core.PGStream.receiveChar(PGStream.java:455)
	at org.postgresql.core.v3.QueryExecutorImpl.processResults(QueryExecutorImpl.java:2120)
	at org.postgresql.core.v3.QueryExecutorImpl.execute(QueryExecutorImpl.java:356)
	... 46 common frames omitted
