[WARN] 2024-05-05 22:16:25.923 +0800 c.z.h.p.HikariPool:[788] - DolphinScheduler - Thread starvation or clock leap detected (housekeeper delta=6m29s610ms650µs637ns).
[WARN] 2024-05-05 22:16:25.922 +0800 o.a.z.ClientCnxn:[1249] - Client session timed out, have not heard from server in 400364ms for session id 0x100000209210009
[WARN] 2024-05-05 22:16:26.592 +0800 o.a.z.ClientCnxn:[1292] - Session 0x100000209210009 for server dolphinscheduler-zookeeper/172.18.0.4:2181, Closing socket connection. Attempting reconnect except it is a SessionExpiredException.
org.apache.zookeeper.ClientCnxn$SessionTimeoutException: Client session timed out, have not heard from server in 400364ms for session id 0x100000209210009
	at org.apache.zookeeper.ClientCnxn$SendThread.run(ClientCnxn.java:1250)
[INFO] 2024-05-05 22:16:26.837 +0800 o.a.c.f.s.ConnectionStateManager:[252] - State change: SUSPENDED
[WARN] 2024-05-05 22:16:28.333 +0800 o.a.c.ConnectionState:[316] - Session expired event received
[INFO] 2024-05-05 22:16:28.350 +0800 o.a.c.f.s.ConnectionStateManager:[252] - State change: LOST
[WARN] 2024-05-05 22:16:28.354 +0800 o.a.z.ClientCnxn:[1429] - Unable to reconnect to ZooKeeper service, session 0x100000209210009 has expired
[WARN] 2024-05-05 22:16:28.422 +0800 o.a.z.ClientCnxn:[1292] - Session 0x100000209210009 for server dolphinscheduler-zookeeper/172.18.0.4:2181, Closing socket connection. Attempting reconnect except it is a SessionExpiredException.
org.apache.zookeeper.ClientCnxn$SessionExpiredException: Unable to reconnect to ZooKeeper service, session 0x100000209210009 has expired
	at org.apache.zookeeper.ClientCnxn$SendThread.onConnected(ClientCnxn.java:1430)
	at org.apache.zookeeper.ClientCnxnSocket.readConnectResult(ClientCnxnSocket.java:154)
	at org.apache.zookeeper.ClientCnxnSocketNIO.doIO(ClientCnxnSocketNIO.java:86)
	at org.apache.zookeeper.ClientCnxnSocketNIO.doTransport(ClientCnxnSocketNIO.java:350)
	at org.apache.zookeeper.ClientCnxn$SendThread.run(ClientCnxn.java:1282)
[INFO] 2024-05-05 22:16:28.448 +0800 o.a.c.f.s.ConnectionStateManager:[252] - State change: RECONNECTED
[INFO] 2024-05-05 22:16:28.483 +0800 o.a.c.f.i.EnsembleTracker:[201] - New config event received: {}
[INFO] 2024-05-05 22:23:10.360 +0800 o.a.d.a.s.i.ProcessDefinitionServiceImpl:[888] - Process definition needs to be updated, projectCode:13010050770016, processCode:13426477386080, processVersion:40.
[INFO] 2024-05-05 22:23:10.393 +0800 o.a.d.a.s.i.ProcessDefinitionServiceImpl:[898] - Update process definition complete, processCode:13426477386080, processVersion:41.
[INFO] 2024-05-05 22:23:10.432 +0800 o.a.d.a.s.i.ProcessDefinitionServiceImpl:[906] - Update process task relations complete, projectCode:13010050770016, processCode:13426477386080, processVersion:41.
[INFO] 2024-05-05 22:24:58.624 +0800 o.a.d.a.s.i.ExecutorServiceImpl:[278] - Create command complete, processDefinitionCode:13426477386080, commandCount:1.
[INFO] 2024-05-05 22:26:24.487 +0800 o.a.d.a.s.i.LoggerServiceImpl:[189] - Query task instance log, taskInstanceId:3694, taskInstanceName:persist in postgresql, host: 172.18.1.1:1234, logPath:/opt/dolphinscheduler/logs/20240505/13426477386080/41/997/3694.log
[INFO] 2024-05-05 22:26:25.020 +0800 o.a.d.c.u.NetUtils:[312] - Get all NetworkInterfaces: [name:eth0 (eth0), name:lo (lo)]
[INFO] 2024-05-05 22:26:25.795 +0800 o.a.d.a.s.i.LoggerServiceImpl:[189] - Query task instance log, taskInstanceId:3694, taskInstanceName:persist in postgresql, host: 172.18.1.1:1234, logPath:/opt/dolphinscheduler/logs/20240505/13426477386080/41/997/3694.log
[WARN] 2024-05-05 22:35:19.747 +0800 c.z.h.p.HikariPool:[788] - DolphinScheduler - Thread starvation or clock leap detected (housekeeper delta=53s155ms604µs36ns).
[WARN] 2024-05-05 22:35:19.801 +0800 o.a.z.ClientCnxn:[1249] - Client session timed out, have not heard from server in 60837ms for session id 0x10000020921000f
[WARN] 2024-05-05 22:35:19.801 +0800 o.a.z.ClientCnxn:[1292] - Session 0x10000020921000f for server dolphinscheduler-zookeeper/172.18.0.4:2181, Closing socket connection. Attempting reconnect except it is a SessionExpiredException.
org.apache.zookeeper.ClientCnxn$SessionTimeoutException: Client session timed out, have not heard from server in 60837ms for session id 0x10000020921000f
	at org.apache.zookeeper.ClientCnxn$SendThread.run(ClientCnxn.java:1250)
[INFO] 2024-05-05 22:35:19.906 +0800 o.a.c.f.s.ConnectionStateManager:[252] - State change: SUSPENDED
[WARN] 2024-05-05 22:35:21.862 +0800 o.a.c.ConnectionState:[316] - Session expired event received
[WARN] 2024-05-05 22:35:21.864 +0800 o.a.z.ClientCnxn:[1429] - Unable to reconnect to ZooKeeper service, session 0x10000020921000f has expired
[WARN] 2024-05-05 22:35:21.865 +0800 o.a.z.ClientCnxn:[1292] - Session 0x10000020921000f for server dolphinscheduler-zookeeper/172.18.0.4:2181, Closing socket connection. Attempting reconnect except it is a SessionExpiredException.
org.apache.zookeeper.ClientCnxn$SessionExpiredException: Unable to reconnect to ZooKeeper service, session 0x10000020921000f has expired
	at org.apache.zookeeper.ClientCnxn$SendThread.onConnected(ClientCnxn.java:1430)
	at org.apache.zookeeper.ClientCnxnSocket.readConnectResult(ClientCnxnSocket.java:154)
	at org.apache.zookeeper.ClientCnxnSocketNIO.doIO(ClientCnxnSocketNIO.java:86)
	at org.apache.zookeeper.ClientCnxnSocketNIO.doTransport(ClientCnxnSocketNIO.java:350)
	at org.apache.zookeeper.ClientCnxn$SendThread.run(ClientCnxn.java:1282)
[INFO] 2024-05-05 22:35:21.865 +0800 o.a.c.f.s.ConnectionStateManager:[252] - State change: LOST
[INFO] 2024-05-05 22:35:21.881 +0800 o.a.c.f.s.ConnectionStateManager:[252] - State change: RECONNECTED
[INFO] 2024-05-05 22:35:21.886 +0800 o.a.c.f.i.EnsembleTracker:[201] - New config event received: {}
[WARN] 2024-05-05 22:39:52.306 +0800 o.a.z.ClientCnxn:[1249] - Client session timed out, have not heard from server in 30198ms for session id 0x100000209210013
[WARN] 2024-05-05 22:39:52.308 +0800 o.a.z.ClientCnxn:[1292] - Session 0x100000209210013 for server dolphinscheduler-zookeeper/172.18.0.4:2181, Closing socket connection. Attempting reconnect except it is a SessionExpiredException.
org.apache.zookeeper.ClientCnxn$SessionTimeoutException: Client session timed out, have not heard from server in 30198ms for session id 0x100000209210013
	at org.apache.zookeeper.ClientCnxn$SendThread.run(ClientCnxn.java:1250)
[INFO] 2024-05-05 22:39:52.511 +0800 o.a.c.f.s.ConnectionStateManager:[252] - State change: SUSPENDED
[INFO] 2024-05-05 22:39:53.909 +0800 o.a.c.f.s.ConnectionStateManager:[252] - State change: RECONNECTED
[INFO] 2024-05-05 22:39:53.914 +0800 o.a.c.f.i.EnsembleTracker:[201] - New config event received: {}
[WARN] 2024-05-05 22:48:10.755 +0800 c.z.h.p.HikariPool:[788] - DolphinScheduler - Thread starvation or clock leap detected (housekeeper delta=1m48s432ms409µs31ns).
[WARN] 2024-05-05 22:48:10.827 +0800 o.a.z.ClientCnxn:[1249] - Client session timed out, have not heard from server in 109904ms for session id 0x100000209210013
[WARN] 2024-05-05 22:48:10.827 +0800 o.a.z.ClientCnxn:[1292] - Session 0x100000209210013 for server dolphinscheduler-zookeeper/172.18.0.4:2181, Closing socket connection. Attempting reconnect except it is a SessionExpiredException.
org.apache.zookeeper.ClientCnxn$SessionTimeoutException: Client session timed out, have not heard from server in 109904ms for session id 0x100000209210013
	at org.apache.zookeeper.ClientCnxn$SendThread.run(ClientCnxn.java:1250)
[INFO] 2024-05-05 22:48:10.950 +0800 o.a.c.f.s.ConnectionStateManager:[252] - State change: SUSPENDED
[WARN] 2024-05-05 22:48:12.262 +0800 o.a.z.ClientCnxn:[1429] - Unable to reconnect to ZooKeeper service, session 0x100000209210013 has expired
[WARN] 2024-05-05 22:48:12.263 +0800 o.a.c.ConnectionState:[316] - Session expired event received
[WARN] 2024-05-05 22:48:12.263 +0800 o.a.z.ClientCnxn:[1292] - Session 0x100000209210013 for server dolphinscheduler-zookeeper/172.18.0.4:2181, Closing socket connection. Attempting reconnect except it is a SessionExpiredException.
org.apache.zookeeper.ClientCnxn$SessionExpiredException: Unable to reconnect to ZooKeeper service, session 0x100000209210013 has expired
	at org.apache.zookeeper.ClientCnxn$SendThread.onConnected(ClientCnxn.java:1430)
	at org.apache.zookeeper.ClientCnxnSocket.readConnectResult(ClientCnxnSocket.java:154)
	at org.apache.zookeeper.ClientCnxnSocketNIO.doIO(ClientCnxnSocketNIO.java:86)
	at org.apache.zookeeper.ClientCnxnSocketNIO.doTransport(ClientCnxnSocketNIO.java:350)
	at org.apache.zookeeper.ClientCnxn$SendThread.run(ClientCnxn.java:1282)
[INFO] 2024-05-05 22:48:12.267 +0800 o.a.c.f.s.ConnectionStateManager:[252] - State change: LOST
[INFO] 2024-05-05 22:48:12.278 +0800 o.a.c.f.s.ConnectionStateManager:[252] - State change: RECONNECTED
[INFO] 2024-05-05 22:48:12.316 +0800 o.a.c.f.i.EnsembleTracker:[201] - New config event received: {}
[WARN] 2024-05-05 22:54:42.320 +0800 o.a.z.ClientCnxn:[1249] - Client session timed out, have not heard from server in 163139ms for session id 0x100000209210018
[WARN] 2024-05-05 22:54:42.357 +0800 o.a.z.ClientCnxn:[1292] - Session 0x100000209210018 for server dolphinscheduler-zookeeper/172.18.0.4:2181, Closing socket connection. Attempting reconnect except it is a SessionExpiredException.
org.apache.zookeeper.ClientCnxn$SessionTimeoutException: Client session timed out, have not heard from server in 163139ms for session id 0x100000209210018
	at org.apache.zookeeper.ClientCnxn$SendThread.run(ClientCnxn.java:1250)
[WARN] 2024-05-05 22:54:42.349 +0800 c.z.h.p.HikariPool:[788] - DolphinScheduler - Thread starvation or clock leap detected (housekeeper delta=2m31s570ms61µs556ns).
[INFO] 2024-05-05 22:54:42.495 +0800 o.a.c.f.s.ConnectionStateManager:[252] - State change: SUSPENDED
[WARN] 2024-05-05 22:54:44.323 +0800 o.a.c.ConnectionState:[316] - Session expired event received
[WARN] 2024-05-05 22:54:44.323 +0800 o.a.z.ClientCnxn:[1429] - Unable to reconnect to ZooKeeper service, session 0x100000209210018 has expired
[WARN] 2024-05-05 22:54:44.324 +0800 o.a.z.ClientCnxn:[1292] - Session 0x100000209210018 for server dolphinscheduler-zookeeper/172.18.0.4:2181, Closing socket connection. Attempting reconnect except it is a SessionExpiredException.
org.apache.zookeeper.ClientCnxn$SessionExpiredException: Unable to reconnect to ZooKeeper service, session 0x100000209210018 has expired
	at org.apache.zookeeper.ClientCnxn$SendThread.onConnected(ClientCnxn.java:1430)
	at org.apache.zookeeper.ClientCnxnSocket.readConnectResult(ClientCnxnSocket.java:154)
	at org.apache.zookeeper.ClientCnxnSocketNIO.doIO(ClientCnxnSocketNIO.java:86)
	at org.apache.zookeeper.ClientCnxnSocketNIO.doTransport(ClientCnxnSocketNIO.java:350)
	at org.apache.zookeeper.ClientCnxn$SendThread.run(ClientCnxn.java:1282)
[INFO] 2024-05-05 22:54:44.330 +0800 o.a.c.f.s.ConnectionStateManager:[252] - State change: LOST
[INFO] 2024-05-05 22:54:44.390 +0800 o.a.c.f.s.ConnectionStateManager:[252] - State change: RECONNECTED
[INFO] 2024-05-05 22:54:44.411 +0800 o.a.c.f.i.EnsembleTracker:[201] - New config event received: {}
