[WARN] 2024-04-18 19:05:03.748 +0800 o.s.c.k.c.p.AbstractKubernetesProfileEnvironmentPostProcessor:[258] - Not running inside kubernetes. Skipping 'kubernetes' profile activation.
[WARN] 2024-04-18 19:05:14.316 +0800 o.s.c.k.c.p.AbstractKubernetesProfileEnvironmentPostProcessor:[258] - Not running inside kubernetes. Skipping 'kubernetes' profile activation.
[INFO] 2024-04-18 19:05:14.319 +0800 o.a.d.a.ApiApplicationServer:[640] - The following 1 profile is active: "postgresql"
[INFO] 2024-04-18 19:05:34.171 +0800 o.s.c.c.s.GenericScope:[283] - BeanFactory id=b9ea3c4b-94e1-3be4-b636-a78d78ec03d8
[INFO] 2024-04-18 19:05:40.184 +0800 o.s.c.s.PostProcessorRegistrationDelegate$BeanPostProcessorChecker:[376] - Bean 'io.kubernetes.client.spring.extended.manifests.config.KubernetesManifestsAutoConfiguration' of type [io.kubernetes.client.spring.extended.manifests.config.KubernetesManifestsAutoConfiguration] is not eligible for getting processed by all BeanPostProcessors (for example: not eligible for auto-proxying)
[INFO] 2024-04-18 19:05:40.402 +0800 o.s.c.s.PostProcessorRegistrationDelegate$BeanPostProcessorChecker:[376] - Bean 'org.springframework.cloud.commons.config.CommonsConfigAutoConfiguration' of type [org.springframework.cloud.commons.config.CommonsConfigAutoConfiguration] is not eligible for getting processed by all BeanPostProcessors (for example: not eligible for auto-proxying)
[INFO] 2024-04-18 19:05:40.430 +0800 o.s.c.s.PostProcessorRegistrationDelegate$BeanPostProcessorChecker:[376] - Bean 'org.springframework.cloud.client.loadbalancer.LoadBalancerDefaultMappingsProviderAutoConfiguration' of type [org.springframework.cloud.client.loadbalancer.LoadBalancerDefaultMappingsProviderAutoConfiguration] is not eligible for getting processed by all BeanPostProcessors (for example: not eligible for auto-proxying)
[INFO] 2024-04-18 19:05:40.443 +0800 o.s.c.s.PostProcessorRegistrationDelegate$BeanPostProcessorChecker:[376] - Bean 'loadBalancerClientsDefaultsMappingsProvider' of type [org.springframework.cloud.client.loadbalancer.LoadBalancerDefaultMappingsProviderAutoConfiguration$$Lambda$451/1131905905] is not eligible for getting processed by all BeanPostProcessors (for example: not eligible for auto-proxying)
[INFO] 2024-04-18 19:05:40.502 +0800 o.s.c.s.PostProcessorRegistrationDelegate$BeanPostProcessorChecker:[376] - Bean 'defaultsBindHandlerAdvisor' of type [org.springframework.cloud.commons.config.DefaultsBindHandlerAdvisor] is not eligible for getting processed by all BeanPostProcessors (for example: not eligible for auto-proxying)
[INFO] 2024-04-18 19:05:40.650 +0800 o.s.c.s.PostProcessorRegistrationDelegate$BeanPostProcessorChecker:[376] - Bean 'kubernetes.manifests-io.kubernetes.client.spring.extended.manifests.config.KubernetesManifestsProperties' of type [io.kubernetes.client.spring.extended.manifests.config.KubernetesManifestsProperties] is not eligible for getting processed by all BeanPostProcessors (for example: not eligible for auto-proxying)
[INFO] 2024-04-18 19:05:40.840 +0800 o.s.c.s.PostProcessorRegistrationDelegate$BeanPostProcessorChecker:[376] - Bean 'io.kubernetes.client.spring.extended.controller.config.KubernetesInformerAutoConfiguration' of type [io.kubernetes.client.spring.extended.controller.config.KubernetesInformerAutoConfiguration] is not eligible for getting processed by all BeanPostProcessors (for example: not eligible for auto-proxying)
[INFO] 2024-04-18 19:05:41.018 +0800 o.s.c.s.PostProcessorRegistrationDelegate$BeanPostProcessorChecker:[376] - Bean 'defaultApiClient' of type [io.kubernetes.client.openapi.ApiClient] is not eligible for getting processed by all BeanPostProcessors (for example: not eligible for auto-proxying)
[INFO] 2024-04-18 19:05:43.523 +0800 o.e.j.u.log:[170] - Logging initialized @67677ms to org.eclipse.jetty.util.log.Slf4jLog
[INFO] 2024-04-18 19:05:46.536 +0800 o.s.b.w.e.j.JettyServletWebServerFactory:[166] - Server initialized with port: 12345
[INFO] 2024-04-18 19:05:46.970 +0800 o.e.j.s.Server:[375] - jetty-9.4.48.v20220622; built: 2022-06-21T20:42:25.880Z; git: 6b67c5719d1f4371b33655ff2d047d24e171e49a; jvm 1.8.0_402-b06
[INFO] 2024-04-18 19:05:47.683 +0800 o.e.j.s.h.C.application:[2368] - Initializing Spring embedded WebApplicationContext
[INFO] 2024-04-18 19:05:47.684 +0800 o.s.b.w.s.c.ServletWebServerApplicationContext:[292] - Root WebApplicationContext: initialization completed in 33147 ms
[INFO] 2024-04-18 19:05:55.609 +0800 o.a.d.a.c.ApiConfig:[58] - API config: auditEnable -> false 
[INFO] 2024-04-18 19:05:55.610 +0800 o.a.d.a.c.ApiConfig:[59] - API config: trafficControl -> ApiConfig.TrafficConfiguration(globalSwitch=false, maxGlobalQpsRate=300, tenantSwitch=false, defaultTenantQpsRate=10, customizeTenantQpsRate={}) 
[INFO] 2024-04-18 19:05:55.611 +0800 o.a.d.a.c.ApiConfig:[60] - API config: pythonGateway -> ApiConfig.PythonGatewayConfiguration(enabled=true, gatewayServerAddress=0.0.0.0, gatewayServerPort=25333, pythonAddress=127.0.0.1, pythonPort=25334, connectTimeout=0, readTimeout=0, authToken=jwUDzpLsNKEFER4*a8gruBH_GsAurNxU7A@Xc) 
[INFO] 2024-04-18 19:05:56.779 +0800 o.e.j.s.session:[334] - DefaultSessionIdManager workerName=node0
[INFO] 2024-04-18 19:05:56.786 +0800 o.e.j.s.session:[339] - No SessionScavenger set, using defaults
[INFO] 2024-04-18 19:05:56.811 +0800 o.e.j.s.session:[132] - node0 Scavenging every 660000ms
[INFO] 2024-04-18 19:05:56.886 +0800 o.e.j.s.h.ContextHandler:[921] - Started o.s.b.w.e.j.JettyEmbeddedWebAppContext@3980b44f{application,/dolphinscheduler,[file:///tmp/jetty-docbase.12345.8374836692480668819/, jar:file:/opt/dolphinscheduler/libs/swagger-ui-4.11.1.jar!/META-INF/resources],AVAILABLE}
[INFO] 2024-04-18 19:05:56.889 +0800 o.e.j.s.Server:[415] - Started @81047ms
[INFO] 2024-04-18 19:05:59.532 +0800 c.z.h.HikariDataSource:[110] - DolphinScheduler - Starting...
[INFO] 2024-04-18 19:06:00.779 +0800 c.z.h.HikariDataSource:[123] - DolphinScheduler - Start completed.
[INFO] 2024-04-18 19:06:11.944 +0800 o.a.c.f.i.CuratorFrameworkImpl:[338] - Starting
[INFO] 2024-04-18 19:06:12.402 +0800 o.a.c.f.i.CuratorFrameworkImpl:[386] - Default schema
[INFO] 2024-04-18 19:06:12.851 +0800 o.a.c.f.s.ConnectionStateManager:[252] - State change: CONNECTED
[INFO] 2024-04-18 19:06:13.151 +0800 o.a.c.f.i.EnsembleTracker:[201] - New config event received: {}
[INFO] 2024-04-18 19:06:13.151 +0800 o.a.c.f.i.EnsembleTracker:[201] - New config event received: {}
[INFO] 2024-04-18 19:06:15.222 +0800 c.a.c.i.ReflectionUtils:[542] - Unable to create MethodHandles to use Java 9+ MethodHandles.privateLookupIn. Will attempt to fallback to using the package-private constructor.
[INFO] 2024-04-18 19:06:15.359 +0800 c.a.c.i.j.JacksonVersion:[222] - Package versions: jackson-core=2.13.4, jackson-databind=2.13.4, jackson-dataformat-xml=2.13.3, jackson-datatype-jsr310=2.13.3, azure-core=1.36.0, Troubleshooting version conflicts: https://aka.ms/azsdk/java/dependency/troubleshoot
[INFO] 2024-04-18 19:06:30.791 +0800 o.q.i.StdSchedulerFactory:[1220] - Using default implementation for ThreadExecutor
[INFO] 2024-04-18 19:06:30.868 +0800 o.q.c.SchedulerSignalerImpl:[61] - Initialized Scheduler Signaller of type: class org.quartz.core.SchedulerSignalerImpl
[INFO] 2024-04-18 19:06:30.868 +0800 o.q.c.QuartzScheduler:[229] - Quartz Scheduler v.2.3.2 created.
[INFO] 2024-04-18 19:06:30.911 +0800 o.s.s.q.LocalDataSourceJobStore:[672] - Using db table-based data access locking (synchronization).
[INFO] 2024-04-18 19:06:30.920 +0800 o.s.s.q.LocalDataSourceJobStore:[145] - JobStoreCMT initialized.
[INFO] 2024-04-18 19:06:30.923 +0800 o.q.c.QuartzScheduler:[294] - Scheduler meta-data: Quartz Scheduler (v2.3.2) 'DolphinScheduler' with instanceId '6dd67516bb841713438390811'
  Scheduler class: 'org.quartz.core.QuartzScheduler' - running locally.
  NOT STARTED.
  Currently in standby mode.
  Number of jobs executed: 0
  Using thread pool 'org.apache.dolphinscheduler.scheduler.quartz.QuartzZeroSizeThreadPool' - with 0 threads.
  Using job-store 'org.springframework.scheduling.quartz.LocalDataSourceJobStore' - which supports persistence. and is clustered.

[INFO] 2024-04-18 19:06:30.924 +0800 o.q.i.StdSchedulerFactory:[1374] - Quartz scheduler 'DolphinScheduler' initialized from an externally provided properties instance.
[INFO] 2024-04-18 19:06:30.925 +0800 o.q.i.StdSchedulerFactory:[1378] - Quartz scheduler version: 2.3.2
[INFO] 2024-04-18 19:06:30.925 +0800 o.q.c.QuartzScheduler:[2293] - JobFactory set to: org.springframework.scheduling.quartz.SpringBeanJobFactory@7d8802cf
[INFO] 2024-04-18 19:06:32.090 +0800 o.a.d.a.p.PythonGateway:[710] - PythonGatewayService started on: /0.0.0.0
[INFO] 2024-04-18 19:06:32.221 +0800 p.GatewayServer:[573] - Gateway Server Started
[INFO] 2024-04-18 19:06:42.226 +0800 o.s.l.c.s.AbstractContextSource:[425] - Property 'userDn' not set - anonymous context will be used for read-write operations
[INFO] 2024-04-18 19:06:43.652 +0800 o.s.b.a.e.w.EndpointLinksResolver:[58] - Exposing 3 endpoint(s) beneath base path '/actuator'
[INFO] 2024-04-18 19:06:43.978 +0800 o.e.j.s.h.C.application:[2368] - Initializing Spring DispatcherServlet 'dispatcherServlet'
[INFO] 2024-04-18 19:06:43.979 +0800 o.s.w.s.DispatcherServlet:[525] - Initializing Servlet 'dispatcherServlet'
[INFO] 2024-04-18 19:06:43.981 +0800 o.s.w.s.DispatcherServlet:[547] - Completed initialization in 2 ms
[INFO] 2024-04-18 19:06:44.018 +0800 o.e.j.s.AbstractConnector:[333] - Started ServerConnector@45d38165{HTTP/1.1, (http/1.1)}{0.0.0.0:12345}
[INFO] 2024-04-18 19:06:44.022 +0800 o.s.b.w.e.j.JettyWebServer:[172] - Jetty started on port(s) 12345 (http/1.1) with context path '/dolphinscheduler'
[INFO] 2024-04-18 19:06:44.073 +0800 o.a.d.a.ApiApplicationServer:[61] - Started ApiApplicationServer in 117.581 seconds (JVM running for 128.23)
[INFO] 2024-04-18 19:06:44.091 +0800 o.a.d.a.ApiApplicationServer:[63] - Received spring application context ready event will load taskPlugin and write to DB
[INFO] 2024-04-18 19:06:44.227 +0800 o.a.d.p.t.a.TaskPluginManager:[63] - Registering task plugin: JAVA - JavaTaskChannelFactory
[INFO] 2024-04-18 19:06:44.233 +0800 o.a.d.p.t.a.TaskPluginManager:[68] - Registered task plugin: JAVA - JavaTaskChannelFactory
[INFO] 2024-04-18 19:06:44.234 +0800 o.a.d.p.t.a.TaskPluginManager:[63] - Registering task plugin: JUPYTER - JupyterTaskChannelFactory
[INFO] 2024-04-18 19:06:44.238 +0800 o.a.d.p.t.a.TaskPluginManager:[68] - Registered task plugin: JUPYTER - JupyterTaskChannelFactory
[INFO] 2024-04-18 19:06:44.239 +0800 o.a.d.p.t.a.TaskPluginManager:[63] - Registering task plugin: SPARK - SparkTaskChannelFactory
[INFO] 2024-04-18 19:06:44.246 +0800 o.a.d.p.t.a.TaskPluginManager:[68] - Registered task plugin: SPARK - SparkTaskChannelFactory
[INFO] 2024-04-18 19:06:44.246 +0800 o.a.d.p.t.a.TaskPluginManager:[63] - Registering task plugin: FLINK_STREAM - FlinkStreamTaskChannelFactory
[INFO] 2024-04-18 19:06:44.264 +0800 o.a.d.p.t.a.TaskPluginManager:[68] - Registered task plugin: FLINK_STREAM - FlinkStreamTaskChannelFactory
[INFO] 2024-04-18 19:06:44.265 +0800 o.a.d.p.t.a.TaskPluginManager:[63] - Registering task plugin: PYTHON - PythonTaskChannelFactory
[INFO] 2024-04-18 19:06:44.269 +0800 o.a.d.p.t.a.TaskPluginManager:[68] - Registered task plugin: PYTHON - PythonTaskChannelFactory
[INFO] 2024-04-18 19:06:44.270 +0800 o.a.d.p.t.a.TaskPluginManager:[63] - Registering task plugin: DATASYNC - DatasyncTaskChannelFactory
[INFO] 2024-04-18 19:06:44.281 +0800 o.a.d.p.t.a.TaskPluginManager:[68] - Registered task plugin: DATASYNC - DatasyncTaskChannelFactory
[INFO] 2024-04-18 19:06:44.282 +0800 o.a.d.p.t.a.TaskPluginManager:[63] - Registering task plugin: DATA_FACTORY - DatafactoryTaskChannelFactory
[INFO] 2024-04-18 19:06:44.286 +0800 o.a.d.p.t.a.TaskPluginManager:[68] - Registered task plugin: DATA_FACTORY - DatafactoryTaskChannelFactory
[INFO] 2024-04-18 19:06:44.287 +0800 o.a.d.p.t.a.TaskPluginManager:[63] - Registering task plugin: CHUNJUN - ChunJunTaskChannelFactory
[INFO] 2024-04-18 19:06:44.291 +0800 o.a.d.p.t.a.TaskPluginManager:[68] - Registered task plugin: CHUNJUN - ChunJunTaskChannelFactory
[INFO] 2024-04-18 19:06:44.291 +0800 o.a.d.p.t.a.TaskPluginManager:[63] - Registering task plugin: REMOTESHELL - RemoteShellTaskChannelFactory
[INFO] 2024-04-18 19:06:44.298 +0800 o.a.d.p.t.a.TaskPluginManager:[68] - Registered task plugin: REMOTESHELL - RemoteShellTaskChannelFactory
[INFO] 2024-04-18 19:06:44.299 +0800 o.a.d.p.t.a.TaskPluginManager:[63] - Registering task plugin: PIGEON - PigeonTaskChannelFactory
[INFO] 2024-04-18 19:06:44.303 +0800 o.a.d.p.t.a.TaskPluginManager:[68] - Registered task plugin: PIGEON - PigeonTaskChannelFactory
[INFO] 2024-04-18 19:06:44.303 +0800 o.a.d.p.t.a.TaskPluginManager:[63] - Registering task plugin: SHELL - ShellTaskChannelFactory
[INFO] 2024-04-18 19:06:44.306 +0800 o.a.d.p.t.a.TaskPluginManager:[68] - Registered task plugin: SHELL - ShellTaskChannelFactory
[INFO] 2024-04-18 19:06:44.306 +0800 o.a.d.p.t.a.TaskPluginManager:[63] - Registering task plugin: PROCEDURE - ProcedureTaskChannelFactory
[INFO] 2024-04-18 19:06:44.309 +0800 o.a.d.p.t.a.TaskPluginManager:[68] - Registered task plugin: PROCEDURE - ProcedureTaskChannelFactory
[INFO] 2024-04-18 19:06:44.309 +0800 o.a.d.p.t.a.TaskPluginManager:[63] - Registering task plugin: MR - MapReduceTaskChannelFactory
[INFO] 2024-04-18 19:06:44.311 +0800 o.a.d.p.t.a.TaskPluginManager:[68] - Registered task plugin: MR - MapReduceTaskChannelFactory
[INFO] 2024-04-18 19:06:44.312 +0800 o.a.d.p.t.a.TaskPluginManager:[63] - Registering task plugin: SQOOP - SqoopTaskChannelFactory
[INFO] 2024-04-18 19:06:44.314 +0800 o.a.d.p.t.a.TaskPluginManager:[68] - Registered task plugin: SQOOP - SqoopTaskChannelFactory
[INFO] 2024-04-18 19:06:44.314 +0800 o.a.d.p.t.a.TaskPluginManager:[63] - Registering task plugin: PYTORCH - PytorchTaskChannelFactory
[INFO] 2024-04-18 19:06:44.318 +0800 o.a.d.p.t.a.TaskPluginManager:[68] - Registered task plugin: PYTORCH - PytorchTaskChannelFactory
[INFO] 2024-04-18 19:06:44.318 +0800 o.a.d.p.t.a.TaskPluginManager:[63] - Registering task plugin: K8S - K8sTaskChannelFactory
[INFO] 2024-04-18 19:06:44.322 +0800 o.a.d.p.t.a.TaskPluginManager:[68] - Registered task plugin: K8S - K8sTaskChannelFactory
[INFO] 2024-04-18 19:06:44.322 +0800 o.a.d.p.t.a.TaskPluginManager:[63] - Registering task plugin: SEATUNNEL - SeatunnelTaskChannelFactory
[INFO] 2024-04-18 19:06:44.328 +0800 o.a.d.p.t.a.TaskPluginManager:[68] - Registered task plugin: SEATUNNEL - SeatunnelTaskChannelFactory
[INFO] 2024-04-18 19:06:44.329 +0800 o.a.d.p.t.a.TaskPluginManager:[63] - Registering task plugin: SAGEMAKER - SagemakerTaskChannelFactory
[INFO] 2024-04-18 19:06:44.332 +0800 o.a.d.p.t.a.TaskPluginManager:[68] - Registered task plugin: SAGEMAKER - SagemakerTaskChannelFactory
[INFO] 2024-04-18 19:06:44.333 +0800 o.a.d.p.t.a.TaskPluginManager:[63] - Registering task plugin: HTTP - HttpTaskChannelFactory
[INFO] 2024-04-18 19:06:44.335 +0800 o.a.d.p.t.a.TaskPluginManager:[68] - Registered task plugin: HTTP - HttpTaskChannelFactory
[INFO] 2024-04-18 19:06:44.336 +0800 o.a.d.p.t.a.TaskPluginManager:[63] - Registering task plugin: EMR - EmrTaskChannelFactory
[INFO] 2024-04-18 19:06:44.341 +0800 o.a.d.p.t.a.TaskPluginManager:[68] - Registered task plugin: EMR - EmrTaskChannelFactory
[INFO] 2024-04-18 19:06:44.342 +0800 o.a.d.p.t.a.TaskPluginManager:[63] - Registering task plugin: DMS - DmsTaskChannelFactory
[INFO] 2024-04-18 19:06:44.344 +0800 o.a.d.p.t.a.TaskPluginManager:[68] - Registered task plugin: DMS - DmsTaskChannelFactory
[INFO] 2024-04-18 19:06:44.345 +0800 o.a.d.p.t.a.TaskPluginManager:[63] - Registering task plugin: DATA_QUALITY - DataQualityTaskChannelFactory
[INFO] 2024-04-18 19:06:44.348 +0800 o.a.d.p.t.a.TaskPluginManager:[68] - Registered task plugin: DATA_QUALITY - DataQualityTaskChannelFactory
[INFO] 2024-04-18 19:06:44.348 +0800 o.a.d.p.t.a.TaskPluginManager:[63] - Registering task plugin: KUBEFLOW - KubeflowTaskChannelFactory
[INFO] 2024-04-18 19:06:44.351 +0800 o.a.d.p.t.a.TaskPluginManager:[68] - Registered task plugin: KUBEFLOW - KubeflowTaskChannelFactory
[INFO] 2024-04-18 19:06:44.352 +0800 o.a.d.p.t.a.TaskPluginManager:[63] - Registering task plugin: SQL - SqlTaskChannelFactory
[INFO] 2024-04-18 19:06:44.356 +0800 o.a.d.p.t.a.TaskPluginManager:[68] - Registered task plugin: SQL - SqlTaskChannelFactory
[INFO] 2024-04-18 19:06:44.357 +0800 o.a.d.p.t.a.TaskPluginManager:[63] - Registering task plugin: DVC - DvcTaskChannelFactory
[INFO] 2024-04-18 19:06:44.359 +0800 o.a.d.p.t.a.TaskPluginManager:[68] - Registered task plugin: DVC - DvcTaskChannelFactory
[INFO] 2024-04-18 19:06:44.359 +0800 o.a.d.p.t.a.TaskPluginManager:[63] - Registering task plugin: DATAX - DataxTaskChannelFactory
[INFO] 2024-04-18 19:06:44.363 +0800 o.a.d.p.t.a.TaskPluginManager:[68] - Registered task plugin: DATAX - DataxTaskChannelFactory
[INFO] 2024-04-18 19:06:44.364 +0800 o.a.d.p.t.a.TaskPluginManager:[63] - Registering task plugin: ZEPPELIN - ZeppelinTaskChannelFactory
[INFO] 2024-04-18 19:06:44.367 +0800 o.a.d.p.t.a.TaskPluginManager:[68] - Registered task plugin: ZEPPELIN - ZeppelinTaskChannelFactory
[INFO] 2024-04-18 19:06:44.367 +0800 o.a.d.p.t.a.TaskPluginManager:[63] - Registering task plugin: DINKY - DinkyTaskChannelFactory
[INFO] 2024-04-18 19:06:44.370 +0800 o.a.d.p.t.a.TaskPluginManager:[68] - Registered task plugin: DINKY - DinkyTaskChannelFactory
[INFO] 2024-04-18 19:06:44.371 +0800 o.a.d.p.t.a.TaskPluginManager:[63] - Registering task plugin: MLFLOW - MlflowTaskChannelFactory
[INFO] 2024-04-18 19:06:44.374 +0800 o.a.d.p.t.a.TaskPluginManager:[68] - Registered task plugin: MLFLOW - MlflowTaskChannelFactory
[INFO] 2024-04-18 19:06:44.374 +0800 o.a.d.p.t.a.TaskPluginManager:[63] - Registering task plugin: OPENMLDB - OpenmldbTaskChannelFactory
[INFO] 2024-04-18 19:06:44.377 +0800 o.a.d.p.t.a.TaskPluginManager:[68] - Registered task plugin: OPENMLDB - OpenmldbTaskChannelFactory
[INFO] 2024-04-18 19:06:44.377 +0800 o.a.d.p.t.a.TaskPluginManager:[63] - Registering task plugin: LINKIS - LinkisTaskChannelFactory
[INFO] 2024-04-18 19:06:44.379 +0800 o.a.d.p.t.a.TaskPluginManager:[68] - Registered task plugin: LINKIS - LinkisTaskChannelFactory
[INFO] 2024-04-18 19:06:44.380 +0800 o.a.d.p.t.a.TaskPluginManager:[63] - Registering task plugin: FLINK - FlinkTaskChannelFactory
[INFO] 2024-04-18 19:06:44.382 +0800 o.a.d.p.t.a.TaskPluginManager:[68] - Registered task plugin: FLINK - FlinkTaskChannelFactory
[INFO] 2024-04-18 19:06:44.382 +0800 o.a.d.p.t.a.TaskPluginManager:[63] - Registering task plugin: HIVECLI - HiveCliTaskChannelFactory
[INFO] 2024-04-18 19:06:44.388 +0800 o.a.d.p.t.a.TaskPluginManager:[68] - Registered task plugin: HIVECLI - HiveCliTaskChannelFactory
[INFO] 2024-04-18 19:06:44.401 +0800 o.a.d.c.u.JSONUtils:[72] - init timezone: sun.util.calendar.ZoneInfo[id="Asia/Shanghai",offset=28800000,dstSavings=0,useDaylight=false,transitions=31,lastRule=null]
[WARN] 2024-04-18 19:54:48.536 +0800 o.s.c.k.c.p.AbstractKubernetesProfileEnvironmentPostProcessor:[258] - Not running inside kubernetes. Skipping 'kubernetes' profile activation.
[WARN] 2024-04-18 19:54:57.639 +0800 o.s.c.k.c.p.AbstractKubernetesProfileEnvironmentPostProcessor:[258] - Not running inside kubernetes. Skipping 'kubernetes' profile activation.
[INFO] 2024-04-18 19:54:57.654 +0800 o.a.d.a.ApiApplicationServer:[640] - The following 1 profile is active: "postgresql"
[INFO] 2024-04-18 19:55:15.195 +0800 o.s.c.c.s.GenericScope:[283] - BeanFactory id=b9ea3c4b-94e1-3be4-b636-a78d78ec03d8
[INFO] 2024-04-18 19:55:19.507 +0800 o.s.c.s.PostProcessorRegistrationDelegate$BeanPostProcessorChecker:[376] - Bean 'io.kubernetes.client.spring.extended.manifests.config.KubernetesManifestsAutoConfiguration' of type [io.kubernetes.client.spring.extended.manifests.config.KubernetesManifestsAutoConfiguration] is not eligible for getting processed by all BeanPostProcessors (for example: not eligible for auto-proxying)
[INFO] 2024-04-18 19:55:19.703 +0800 o.s.c.s.PostProcessorRegistrationDelegate$BeanPostProcessorChecker:[376] - Bean 'org.springframework.cloud.commons.config.CommonsConfigAutoConfiguration' of type [org.springframework.cloud.commons.config.CommonsConfigAutoConfiguration] is not eligible for getting processed by all BeanPostProcessors (for example: not eligible for auto-proxying)
[INFO] 2024-04-18 19:55:19.720 +0800 o.s.c.s.PostProcessorRegistrationDelegate$BeanPostProcessorChecker:[376] - Bean 'org.springframework.cloud.client.loadbalancer.LoadBalancerDefaultMappingsProviderAutoConfiguration' of type [org.springframework.cloud.client.loadbalancer.LoadBalancerDefaultMappingsProviderAutoConfiguration] is not eligible for getting processed by all BeanPostProcessors (for example: not eligible for auto-proxying)
[INFO] 2024-04-18 19:55:19.725 +0800 o.s.c.s.PostProcessorRegistrationDelegate$BeanPostProcessorChecker:[376] - Bean 'loadBalancerClientsDefaultsMappingsProvider' of type [org.springframework.cloud.client.loadbalancer.LoadBalancerDefaultMappingsProviderAutoConfiguration$$Lambda$451/1120917396] is not eligible for getting processed by all BeanPostProcessors (for example: not eligible for auto-proxying)
[INFO] 2024-04-18 19:55:19.779 +0800 o.s.c.s.PostProcessorRegistrationDelegate$BeanPostProcessorChecker:[376] - Bean 'defaultsBindHandlerAdvisor' of type [org.springframework.cloud.commons.config.DefaultsBindHandlerAdvisor] is not eligible for getting processed by all BeanPostProcessors (for example: not eligible for auto-proxying)
[INFO] 2024-04-18 19:55:19.868 +0800 o.s.c.s.PostProcessorRegistrationDelegate$BeanPostProcessorChecker:[376] - Bean 'kubernetes.manifests-io.kubernetes.client.spring.extended.manifests.config.KubernetesManifestsProperties' of type [io.kubernetes.client.spring.extended.manifests.config.KubernetesManifestsProperties] is not eligible for getting processed by all BeanPostProcessors (for example: not eligible for auto-proxying)
[INFO] 2024-04-18 19:55:19.991 +0800 o.s.c.s.PostProcessorRegistrationDelegate$BeanPostProcessorChecker:[376] - Bean 'io.kubernetes.client.spring.extended.controller.config.KubernetesInformerAutoConfiguration' of type [io.kubernetes.client.spring.extended.controller.config.KubernetesInformerAutoConfiguration] is not eligible for getting processed by all BeanPostProcessors (for example: not eligible for auto-proxying)
[INFO] 2024-04-18 19:55:20.197 +0800 o.s.c.s.PostProcessorRegistrationDelegate$BeanPostProcessorChecker:[376] - Bean 'defaultApiClient' of type [io.kubernetes.client.openapi.ApiClient] is not eligible for getting processed by all BeanPostProcessors (for example: not eligible for auto-proxying)
[INFO] 2024-04-18 19:55:22.999 +0800 o.e.j.u.log:[170] - Logging initialized @54033ms to org.eclipse.jetty.util.log.Slf4jLog
[INFO] 2024-04-18 19:55:26.318 +0800 o.s.b.w.e.j.JettyServletWebServerFactory:[166] - Server initialized with port: 12345
[INFO] 2024-04-18 19:55:26.679 +0800 o.e.j.s.Server:[375] - jetty-9.4.48.v20220622; built: 2022-06-21T20:42:25.880Z; git: 6b67c5719d1f4371b33655ff2d047d24e171e49a; jvm 1.8.0_402-b06
[INFO] 2024-04-18 19:55:27.342 +0800 o.e.j.s.h.C.application:[2368] - Initializing Spring embedded WebApplicationContext
[INFO] 2024-04-18 19:55:27.343 +0800 o.s.b.w.s.c.ServletWebServerApplicationContext:[292] - Root WebApplicationContext: initialization completed in 29473 ms
[INFO] 2024-04-18 19:55:35.622 +0800 o.a.d.a.c.ApiConfig:[58] - API config: auditEnable -> false 
[INFO] 2024-04-18 19:55:35.622 +0800 o.a.d.a.c.ApiConfig:[59] - API config: trafficControl -> ApiConfig.TrafficConfiguration(globalSwitch=false, maxGlobalQpsRate=300, tenantSwitch=false, defaultTenantQpsRate=10, customizeTenantQpsRate={}) 
[INFO] 2024-04-18 19:55:35.622 +0800 o.a.d.a.c.ApiConfig:[60] - API config: pythonGateway -> ApiConfig.PythonGatewayConfiguration(enabled=true, gatewayServerAddress=0.0.0.0, gatewayServerPort=25333, pythonAddress=127.0.0.1, pythonPort=25334, connectTimeout=0, readTimeout=0, authToken=jwUDzpLsNKEFER4*a8gruBH_GsAurNxU7A@Xc) 
[INFO] 2024-04-18 19:55:36.523 +0800 o.e.j.s.session:[334] - DefaultSessionIdManager workerName=node0
[INFO] 2024-04-18 19:55:36.523 +0800 o.e.j.s.session:[339] - No SessionScavenger set, using defaults
[INFO] 2024-04-18 19:55:36.544 +0800 o.e.j.s.session:[132] - node0 Scavenging every 600000ms
[INFO] 2024-04-18 19:55:36.586 +0800 o.e.j.s.h.ContextHandler:[921] - Started o.s.b.w.e.j.JettyEmbeddedWebAppContext@5ca8c904{application,/dolphinscheduler,[file:///tmp/jetty-docbase.12345.8991373908710913216/, jar:file:/opt/dolphinscheduler/libs/swagger-ui-4.11.1.jar!/META-INF/resources],AVAILABLE}
[INFO] 2024-04-18 19:55:36.587 +0800 o.e.j.s.Server:[415] - Started @67625ms
[INFO] 2024-04-18 19:55:39.390 +0800 c.z.h.HikariDataSource:[110] - DolphinScheduler - Starting...
[INFO] 2024-04-18 19:55:40.801 +0800 c.z.h.HikariDataSource:[123] - DolphinScheduler - Start completed.
[INFO] 2024-04-18 19:55:50.555 +0800 o.a.c.f.i.CuratorFrameworkImpl:[338] - Starting
[INFO] 2024-04-18 19:55:50.872 +0800 o.a.c.f.i.CuratorFrameworkImpl:[386] - Default schema
[INFO] 2024-04-18 19:55:51.128 +0800 o.a.c.f.s.ConnectionStateManager:[252] - State change: CONNECTED
[INFO] 2024-04-18 19:55:51.440 +0800 o.a.c.f.i.EnsembleTracker:[201] - New config event received: {}
[INFO] 2024-04-18 19:55:51.457 +0800 o.a.c.f.i.EnsembleTracker:[201] - New config event received: {}
[INFO] 2024-04-18 19:55:53.743 +0800 c.a.c.i.ReflectionUtils:[542] - Unable to create MethodHandles to use Java 9+ MethodHandles.privateLookupIn. Will attempt to fallback to using the package-private constructor.
[INFO] 2024-04-18 19:55:53.809 +0800 c.a.c.i.j.JacksonVersion:[222] - Package versions: jackson-core=2.13.4, jackson-databind=2.13.4, jackson-dataformat-xml=2.13.3, jackson-datatype-jsr310=2.13.3, azure-core=1.36.0, Troubleshooting version conflicts: https://aka.ms/azsdk/java/dependency/troubleshoot
[INFO] 2024-04-18 19:56:07.547 +0800 o.q.i.StdSchedulerFactory:[1220] - Using default implementation for ThreadExecutor
[INFO] 2024-04-18 19:56:07.598 +0800 o.q.c.SchedulerSignalerImpl:[61] - Initialized Scheduler Signaller of type: class org.quartz.core.SchedulerSignalerImpl
[INFO] 2024-04-18 19:56:07.599 +0800 o.q.c.QuartzScheduler:[229] - Quartz Scheduler v.2.3.2 created.
[INFO] 2024-04-18 19:56:07.630 +0800 o.s.s.q.LocalDataSourceJobStore:[672] - Using db table-based data access locking (synchronization).
[INFO] 2024-04-18 19:56:07.637 +0800 o.s.s.q.LocalDataSourceJobStore:[145] - JobStoreCMT initialized.
[INFO] 2024-04-18 19:56:07.639 +0800 o.q.c.QuartzScheduler:[294] - Scheduler meta-data: Quartz Scheduler (v2.3.2) 'DolphinScheduler' with instanceId 'fd7703dc07ad1713441367553'
  Scheduler class: 'org.quartz.core.QuartzScheduler' - running locally.
  NOT STARTED.
  Currently in standby mode.
  Number of jobs executed: 0
  Using thread pool 'org.apache.dolphinscheduler.scheduler.quartz.QuartzZeroSizeThreadPool' - with 0 threads.
  Using job-store 'org.springframework.scheduling.quartz.LocalDataSourceJobStore' - which supports persistence. and is clustered.

[INFO] 2024-04-18 19:56:07.640 +0800 o.q.i.StdSchedulerFactory:[1374] - Quartz scheduler 'DolphinScheduler' initialized from an externally provided properties instance.
[INFO] 2024-04-18 19:56:07.640 +0800 o.q.i.StdSchedulerFactory:[1378] - Quartz scheduler version: 2.3.2
[INFO] 2024-04-18 19:56:07.640 +0800 o.q.c.QuartzScheduler:[2293] - JobFactory set to: org.springframework.scheduling.quartz.SpringBeanJobFactory@4c53ce60
[INFO] 2024-04-18 19:56:08.045 +0800 o.a.d.a.p.PythonGateway:[710] - PythonGatewayService started on: /0.0.0.0
[INFO] 2024-04-18 19:56:08.119 +0800 p.GatewayServer:[573] - Gateway Server Started
[INFO] 2024-04-18 19:56:20.755 +0800 o.s.l.c.s.AbstractContextSource:[425] - Property 'userDn' not set - anonymous context will be used for read-write operations
[INFO] 2024-04-18 19:56:23.150 +0800 o.s.b.a.e.w.EndpointLinksResolver:[58] - Exposing 3 endpoint(s) beneath base path '/actuator'
[INFO] 2024-04-18 19:56:23.453 +0800 o.e.j.s.h.C.application:[2368] - Initializing Spring DispatcherServlet 'dispatcherServlet'
[INFO] 2024-04-18 19:56:23.453 +0800 o.s.w.s.DispatcherServlet:[525] - Initializing Servlet 'dispatcherServlet'
[INFO] 2024-04-18 19:56:23.456 +0800 o.s.w.s.DispatcherServlet:[547] - Completed initialization in 2 ms
[INFO] 2024-04-18 19:56:23.491 +0800 o.e.j.s.AbstractConnector:[333] - Started ServerConnector@196d684b{HTTP/1.1, (http/1.1)}{0.0.0.0:12345}
[INFO] 2024-04-18 19:56:23.495 +0800 o.s.b.w.e.j.JettyWebServer:[172] - Jetty started on port(s) 12345 (http/1.1) with context path '/dolphinscheduler'
[INFO] 2024-04-18 19:56:23.518 +0800 o.a.d.a.ApiApplicationServer:[61] - Started ApiApplicationServer in 107.932 seconds (JVM running for 114.556)
[INFO] 2024-04-18 19:56:23.531 +0800 o.a.d.a.ApiApplicationServer:[63] - Received spring application context ready event will load taskPlugin and write to DB
[INFO] 2024-04-18 19:56:23.631 +0800 o.a.d.p.t.a.TaskPluginManager:[63] - Registering task plugin: JAVA - JavaTaskChannelFactory
[INFO] 2024-04-18 19:56:23.640 +0800 o.a.d.p.t.a.TaskPluginManager:[68] - Registered task plugin: JAVA - JavaTaskChannelFactory
[INFO] 2024-04-18 19:56:23.641 +0800 o.a.d.p.t.a.TaskPluginManager:[63] - Registering task plugin: JUPYTER - JupyterTaskChannelFactory
[INFO] 2024-04-18 19:56:23.651 +0800 o.a.d.p.t.a.TaskPluginManager:[68] - Registered task plugin: JUPYTER - JupyterTaskChannelFactory
[INFO] 2024-04-18 19:56:23.651 +0800 o.a.d.p.t.a.TaskPluginManager:[63] - Registering task plugin: SPARK - SparkTaskChannelFactory
[INFO] 2024-04-18 19:56:23.680 +0800 o.a.d.p.t.a.TaskPluginManager:[68] - Registered task plugin: SPARK - SparkTaskChannelFactory
[INFO] 2024-04-18 19:56:23.681 +0800 o.a.d.p.t.a.TaskPluginManager:[63] - Registering task plugin: FLINK_STREAM - FlinkStreamTaskChannelFactory
[INFO] 2024-04-18 19:56:23.688 +0800 o.a.d.p.t.a.TaskPluginManager:[68] - Registered task plugin: FLINK_STREAM - FlinkStreamTaskChannelFactory
[INFO] 2024-04-18 19:56:23.689 +0800 o.a.d.p.t.a.TaskPluginManager:[63] - Registering task plugin: PYTHON - PythonTaskChannelFactory
[INFO] 2024-04-18 19:56:23.691 +0800 o.a.d.p.t.a.TaskPluginManager:[68] - Registered task plugin: PYTHON - PythonTaskChannelFactory
[INFO] 2024-04-18 19:56:23.692 +0800 o.a.d.p.t.a.TaskPluginManager:[63] - Registering task plugin: DATASYNC - DatasyncTaskChannelFactory
[INFO] 2024-04-18 19:56:23.698 +0800 o.a.d.p.t.a.TaskPluginManager:[68] - Registered task plugin: DATASYNC - DatasyncTaskChannelFactory
[INFO] 2024-04-18 19:56:23.699 +0800 o.a.d.p.t.a.TaskPluginManager:[63] - Registering task plugin: DATA_FACTORY - DatafactoryTaskChannelFactory
[INFO] 2024-04-18 19:56:23.701 +0800 o.a.d.p.t.a.TaskPluginManager:[68] - Registered task plugin: DATA_FACTORY - DatafactoryTaskChannelFactory
[INFO] 2024-04-18 19:56:23.702 +0800 o.a.d.p.t.a.TaskPluginManager:[63] - Registering task plugin: CHUNJUN - ChunJunTaskChannelFactory
[INFO] 2024-04-18 19:56:23.705 +0800 o.a.d.p.t.a.TaskPluginManager:[68] - Registered task plugin: CHUNJUN - ChunJunTaskChannelFactory
[INFO] 2024-04-18 19:56:23.705 +0800 o.a.d.p.t.a.TaskPluginManager:[63] - Registering task plugin: REMOTESHELL - RemoteShellTaskChannelFactory
[INFO] 2024-04-18 19:56:23.709 +0800 o.a.d.p.t.a.TaskPluginManager:[68] - Registered task plugin: REMOTESHELL - RemoteShellTaskChannelFactory
[INFO] 2024-04-18 19:56:23.709 +0800 o.a.d.p.t.a.TaskPluginManager:[63] - Registering task plugin: PIGEON - PigeonTaskChannelFactory
[INFO] 2024-04-18 19:56:23.712 +0800 o.a.d.p.t.a.TaskPluginManager:[68] - Registered task plugin: PIGEON - PigeonTaskChannelFactory
[INFO] 2024-04-18 19:56:23.712 +0800 o.a.d.p.t.a.TaskPluginManager:[63] - Registering task plugin: SHELL - ShellTaskChannelFactory
[INFO] 2024-04-18 19:56:23.715 +0800 o.a.d.p.t.a.TaskPluginManager:[68] - Registered task plugin: SHELL - ShellTaskChannelFactory
[INFO] 2024-04-18 19:56:23.715 +0800 o.a.d.p.t.a.TaskPluginManager:[63] - Registering task plugin: PROCEDURE - ProcedureTaskChannelFactory
[INFO] 2024-04-18 19:56:23.718 +0800 o.a.d.p.t.a.TaskPluginManager:[68] - Registered task plugin: PROCEDURE - ProcedureTaskChannelFactory
[INFO] 2024-04-18 19:56:23.719 +0800 o.a.d.p.t.a.TaskPluginManager:[63] - Registering task plugin: MR - MapReduceTaskChannelFactory
[INFO] 2024-04-18 19:56:23.722 +0800 o.a.d.p.t.a.TaskPluginManager:[68] - Registered task plugin: MR - MapReduceTaskChannelFactory
[INFO] 2024-04-18 19:56:23.723 +0800 o.a.d.p.t.a.TaskPluginManager:[63] - Registering task plugin: SQOOP - SqoopTaskChannelFactory
[INFO] 2024-04-18 19:56:23.726 +0800 o.a.d.p.t.a.TaskPluginManager:[68] - Registered task plugin: SQOOP - SqoopTaskChannelFactory
[INFO] 2024-04-18 19:56:23.726 +0800 o.a.d.p.t.a.TaskPluginManager:[63] - Registering task plugin: PYTORCH - PytorchTaskChannelFactory
[INFO] 2024-04-18 19:56:23.729 +0800 o.a.d.p.t.a.TaskPluginManager:[68] - Registered task plugin: PYTORCH - PytorchTaskChannelFactory
[INFO] 2024-04-18 19:56:23.730 +0800 o.a.d.p.t.a.TaskPluginManager:[63] - Registering task plugin: K8S - K8sTaskChannelFactory
[INFO] 2024-04-18 19:56:23.733 +0800 o.a.d.p.t.a.TaskPluginManager:[68] - Registered task plugin: K8S - K8sTaskChannelFactory
[INFO] 2024-04-18 19:56:23.733 +0800 o.a.d.p.t.a.TaskPluginManager:[63] - Registering task plugin: SEATUNNEL - SeatunnelTaskChannelFactory
[INFO] 2024-04-18 19:56:23.739 +0800 o.a.d.p.t.a.TaskPluginManager:[68] - Registered task plugin: SEATUNNEL - SeatunnelTaskChannelFactory
[INFO] 2024-04-18 19:56:23.739 +0800 o.a.d.p.t.a.TaskPluginManager:[63] - Registering task plugin: SAGEMAKER - SagemakerTaskChannelFactory
[INFO] 2024-04-18 19:56:23.742 +0800 o.a.d.p.t.a.TaskPluginManager:[68] - Registered task plugin: SAGEMAKER - SagemakerTaskChannelFactory
[INFO] 2024-04-18 19:56:23.743 +0800 o.a.d.p.t.a.TaskPluginManager:[63] - Registering task plugin: HTTP - HttpTaskChannelFactory
[INFO] 2024-04-18 19:56:23.746 +0800 o.a.d.p.t.a.TaskPluginManager:[68] - Registered task plugin: HTTP - HttpTaskChannelFactory
[INFO] 2024-04-18 19:56:23.746 +0800 o.a.d.p.t.a.TaskPluginManager:[63] - Registering task plugin: EMR - EmrTaskChannelFactory
[INFO] 2024-04-18 19:56:23.751 +0800 o.a.d.p.t.a.TaskPluginManager:[68] - Registered task plugin: EMR - EmrTaskChannelFactory
[INFO] 2024-04-18 19:56:23.752 +0800 o.a.d.p.t.a.TaskPluginManager:[63] - Registering task plugin: DMS - DmsTaskChannelFactory
[INFO] 2024-04-18 19:56:23.754 +0800 o.a.d.p.t.a.TaskPluginManager:[68] - Registered task plugin: DMS - DmsTaskChannelFactory
[INFO] 2024-04-18 19:56:23.755 +0800 o.a.d.p.t.a.TaskPluginManager:[63] - Registering task plugin: DATA_QUALITY - DataQualityTaskChannelFactory
[INFO] 2024-04-18 19:56:23.757 +0800 o.a.d.p.t.a.TaskPluginManager:[68] - Registered task plugin: DATA_QUALITY - DataQualityTaskChannelFactory
[INFO] 2024-04-18 19:56:23.758 +0800 o.a.d.p.t.a.TaskPluginManager:[63] - Registering task plugin: KUBEFLOW - KubeflowTaskChannelFactory
[INFO] 2024-04-18 19:56:23.760 +0800 o.a.d.p.t.a.TaskPluginManager:[68] - Registered task plugin: KUBEFLOW - KubeflowTaskChannelFactory
[INFO] 2024-04-18 19:56:23.760 +0800 o.a.d.p.t.a.TaskPluginManager:[63] - Registering task plugin: SQL - SqlTaskChannelFactory
[INFO] 2024-04-18 19:56:23.764 +0800 o.a.d.p.t.a.TaskPluginManager:[68] - Registered task plugin: SQL - SqlTaskChannelFactory
[INFO] 2024-04-18 19:56:23.765 +0800 o.a.d.p.t.a.TaskPluginManager:[63] - Registering task plugin: DVC - DvcTaskChannelFactory
[INFO] 2024-04-18 19:56:23.767 +0800 o.a.d.p.t.a.TaskPluginManager:[68] - Registered task plugin: DVC - DvcTaskChannelFactory
[INFO] 2024-04-18 19:56:23.767 +0800 o.a.d.p.t.a.TaskPluginManager:[63] - Registering task plugin: DATAX - DataxTaskChannelFactory
[INFO] 2024-04-18 19:56:23.770 +0800 o.a.d.p.t.a.TaskPluginManager:[68] - Registered task plugin: DATAX - DataxTaskChannelFactory
[INFO] 2024-04-18 19:56:23.770 +0800 o.a.d.p.t.a.TaskPluginManager:[63] - Registering task plugin: ZEPPELIN - ZeppelinTaskChannelFactory
[INFO] 2024-04-18 19:56:23.774 +0800 o.a.d.p.t.a.TaskPluginManager:[68] - Registered task plugin: ZEPPELIN - ZeppelinTaskChannelFactory
[INFO] 2024-04-18 19:56:23.774 +0800 o.a.d.p.t.a.TaskPluginManager:[63] - Registering task plugin: DINKY - DinkyTaskChannelFactory
[INFO] 2024-04-18 19:56:23.777 +0800 o.a.d.p.t.a.TaskPluginManager:[68] - Registered task plugin: DINKY - DinkyTaskChannelFactory
[INFO] 2024-04-18 19:56:23.777 +0800 o.a.d.p.t.a.TaskPluginManager:[63] - Registering task plugin: MLFLOW - MlflowTaskChannelFactory
[INFO] 2024-04-18 19:56:23.780 +0800 o.a.d.p.t.a.TaskPluginManager:[68] - Registered task plugin: MLFLOW - MlflowTaskChannelFactory
[INFO] 2024-04-18 19:56:23.780 +0800 o.a.d.p.t.a.TaskPluginManager:[63] - Registering task plugin: OPENMLDB - OpenmldbTaskChannelFactory
[INFO] 2024-04-18 19:56:23.783 +0800 o.a.d.p.t.a.TaskPluginManager:[68] - Registered task plugin: OPENMLDB - OpenmldbTaskChannelFactory
[INFO] 2024-04-18 19:56:23.783 +0800 o.a.d.p.t.a.TaskPluginManager:[63] - Registering task plugin: LINKIS - LinkisTaskChannelFactory
[INFO] 2024-04-18 19:56:23.786 +0800 o.a.d.p.t.a.TaskPluginManager:[68] - Registered task plugin: LINKIS - LinkisTaskChannelFactory
[INFO] 2024-04-18 19:56:23.786 +0800 o.a.d.p.t.a.TaskPluginManager:[63] - Registering task plugin: FLINK - FlinkTaskChannelFactory
[INFO] 2024-04-18 19:56:23.788 +0800 o.a.d.p.t.a.TaskPluginManager:[68] - Registered task plugin: FLINK - FlinkTaskChannelFactory
[INFO] 2024-04-18 19:56:23.788 +0800 o.a.d.p.t.a.TaskPluginManager:[63] - Registering task plugin: HIVECLI - HiveCliTaskChannelFactory
[INFO] 2024-04-18 19:56:23.791 +0800 o.a.d.p.t.a.TaskPluginManager:[68] - Registered task plugin: HIVECLI - HiveCliTaskChannelFactory
[INFO] 2024-04-18 19:56:23.799 +0800 o.a.d.c.u.JSONUtils:[72] - init timezone: sun.util.calendar.ZoneInfo[id="Asia/Shanghai",offset=28800000,dstSavings=0,useDaylight=false,transitions=31,lastRule=null]
