[INFO] 2024-05-06 11:23:54.295 +0800 - ***********************************************************************************************
[INFO] 2024-05-06 11:23:54.301 +0800 - *********************************  Initialize task context  ***********************************
[INFO] 2024-05-06 11:23:54.301 +0800 - ***********************************************************************************************
[INFO] 2024-05-06 11:23:54.301 +0800 - Begin to initialize task
[INFO] 2024-05-06 11:23:54.301 +0800 - Set task startTime: 1714965834301
[INFO] 2024-05-06 11:23:54.301 +0800 - Set task appId: 1028_3853
[INFO] 2024-05-06 11:23:54.302 +0800 - End initialize task {
  "taskInstanceId" : 3853,
  "taskName" : "[null check] filtered data persistence",
  "firstSubmitTime" : 1714965834275,
  "startTime" : 1714965834301,
  "taskType" : "DATA_QUALITY",
  "workflowInstanceHost" : "172.18.0.13:5678",
  "host" : "172.18.1.1:1234",
  "logPath" : "/opt/dolphinscheduler/logs/20240506/13505298546272/5/1028/3853.log",
  "processId" : 0,
  "processDefineCode" : 13505298546272,
  "processDefineVersion" : 5,
  "processInstanceId" : 1028,
  "scheduleTime" : 0,
  "executorId" : 1,
  "cmdTypeIfComplement" : 0,
  "tenantCode" : "default",
  "processDefineId" : 0,
  "projectId" : 0,
  "projectCode" : 13001194483488,
  "taskParams" : "{\"localParams\":[],\"resourceList\":[],\"ruleId\":1,\"ruleInputParameter\":{\"check_type\":\"0\",\"comparison_type\":1,\"failure_strategy\":\"0\",\"operator\":\"0\",\"src_connector_type\":1,\"src_datasource_id\":1,\"src_database\":\"persistence\",\"src_field\":\"content\",\"src_table\":\"filtered_data_persistence\",\"threshold\":\"0\"},\"sparkParameters\":{\"deployMode\":\"local\",\"driverCores\":1,\"driverMemory\":\"512M\",\"executorCores\":1,\"executorMemory\":\"1G\",\"numExecutors\":1,\"others\":\"--packages org.postgresql:postgresql:42.7.3\",\"yarnQueue\":\"\"}}",
  "environmentConfig" : "export SPARK_HOME=/opt/spark-3.5.1-bin-hadoop3\nexport JAVA_HOME=/opt/java/openjdk\nexport PYSPARK_DRIVER_PYTHON=/bin/python3.11\nexport PYSPARK_PYTHON=/bin/python3.11",
  "prepareParamsMap" : {
    "system.task.definition.name" : {
      "prop" : "system.task.definition.name",
      "direct" : "IN",
      "type" : "VARCHAR",
      "value" : "[null check] filtered data persistence"
    },
    "system.project.name" : {
      "prop" : "system.project.name",
      "direct" : "IN",
      "type" : "VARCHAR",
      "value" : null
    },
    "system.project.code" : {
      "prop" : "system.project.code",
      "direct" : "IN",
      "type" : "VARCHAR",
      "value" : "13001194483488"
    },
    "system.workflow.instance.id" : {
      "prop" : "system.workflow.instance.id",
      "direct" : "IN",
      "type" : "VARCHAR",
      "value" : "1028"
    },
    "system.biz.curdate" : {
      "prop" : "system.biz.curdate",
      "direct" : "IN",
      "type" : "VARCHAR",
      "value" : "20240506"
    },
    "system.biz.date" : {
      "prop" : "system.biz.date",
      "direct" : "IN",
      "type" : "VARCHAR",
      "value" : "20240505"
    },
    "system.task.instance.id" : {
      "prop" : "system.task.instance.id",
      "direct" : "IN",
      "type" : "VARCHAR",
      "value" : "3853"
    },
    "system.workflow.definition.name" : {
      "prop" : "system.workflow.definition.name",
      "direct" : "IN",
      "type" : "VARCHAR",
      "value" : "qualti_test"
    },
    "system.task.definition.code" : {
      "prop" : "system.task.definition.code",
      "direct" : "IN",
      "type" : "VARCHAR",
      "value" : "13505264408800"
    },
    "system.workflow.definition.code" : {
      "prop" : "system.workflow.definition.code",
      "direct" : "IN",
      "type" : "VARCHAR",
      "value" : "13505298546272"
    },
    "system.datetime" : {
      "prop" : "system.datetime",
      "direct" : "IN",
      "type" : "VARCHAR",
      "value" : "20240506112354"
    }
  },
  "taskAppId" : "1028_3853",
  "taskTimeout" : 2147483647,
  "workerGroup" : "default",
  "delayTime" : 0,
  "currentExecutionStatus" : "SUBMITTED_SUCCESS",
  "endTime" : 0,
  "varPool" : "[]",
  "dryRun" : 0,
  "paramsMap" : { },
  "dataQualityTaskExecutionContext" : {
    "ruleId" : 1,
    "ruleName" : "$t(null_check)",
    "ruleType" : 0,
    "ruleInputEntryList" : "[{\"id\":1,\"field\":\"src_connector_type\",\"type\":\"select\",\"title\":\"$t(src_connector_type)\",\"data\":\"\",\"options\":\"[{\\\"label\\\":\\\"HIVE\\\",\\\"value\\\":\\\"HIVE\\\"},{\\\"label\\\":\\\"JDBC\\\",\\\"value\\\":\\\"JDBC\\\"}]\",\"placeholder\":\"please select source connector type\",\"optionSourceType\":2,\"dataType\":2,\"inputType\":0,\"isShow\":true,\"canEdit\":true,\"isEmit\":true,\"isValidate\":false,\"valuesMap\":null,\"index\":1,\"createTime\":null,\"updateTime\":null},{\"id\":2,\"field\":\"src_datasource_id\",\"type\":\"select\",\"title\":\"$t(src_datasource_id)\",\"data\":\"\",\"options\":null,\"placeholder\":\"please select source datasource id\",\"optionSourceType\":1,\"dataType\":2,\"inputType\":0,\"isShow\":true,\"canEdit\":true,\"isEmit\":true,\"isValidate\":false,\"valuesMap\":null,\"index\":2,\"createTime\":null,\"updateTime\":null},{\"id\":30,\"field\":\"src_database\",\"type\":\"select\",\"title\":\"$t(src_database)\",\"data\":null,\"options\":null,\"placeholder\":\"Please select source database\",\"optionSourceType\":0,\"dataType\":0,\"inputType\":0,\"isShow\":true,\"canEdit\":true,\"isEmit\":true,\"isValidate\":true,\"valuesMap\":null,\"index\":2,\"createTime\":null,\"updateTime\":null},{\"id\":3,\"field\":\"src_table\",\"type\":\"select\",\"title\":\"$t(src_table)\",\"data\":null,\"options\":null,\"placeholder\":\"Please enter source table name\",\"optionSourceType\":0,\"dataType\":0,\"inputType\":0,\"isShow\":true,\"canEdit\":true,\"isEmit\":true,\"isValidate\":true,\"valuesMap\":null,\"index\":3,\"createTime\":null,\"updateTime\":null},{\"id\":4,\"field\":\"src_filter\",\"type\":\"input\",\"title\":\"$t(src_filter)\",\"data\":null,\"options\":null,\"placeholder\":\"Please enter filter expression\",\"optionSourceType\":0,\"dataType\":3,\"inputType\":0,\"isShow\":true,\"canEdit\":true,\"isEmit\":false,\"isValidate\":false,\"valuesMap\":null,\"index\":4,\"createTime\":null,\"updateTime\":null},{\"id\":5,\"field\":\"src_field\",\"type\":\"select\",\"title\":\"$t(src_field)\",\"data\":null,\"options\":null,\"placeholder\":\"Please enter column, only single column is supported\",\"optionSourceType\":0,\"dataType\":0,\"inputType\":0,\"isShow\":true,\"canEdit\":true,\"isEmit\":false,\"isValidate\":true,\"valuesMap\":null,\"index\":5,\"createTime\":null,\"updateTime\":null},{\"id\":6,\"field\":\"statistics_name\",\"type\":\"input\",\"title\":\"$t(statistics_name)\",\"data\":\"null_count.nulls\",\"options\":null,\"placeholder\":\"Please enter statistics name, the alias in statistics execute sql\",\"optionSourceType\":0,\"dataType\":0,\"inputType\":1,\"isShow\":false,\"canEdit\":false,\"isEmit\":false,\"isValidate\":true,\"valuesMap\":\"{\\\"statistics_name\\\":\\\"null_count.nulls\\\"}\",\"index\":6,\"createTime\":null,\"updateTime\":null},{\"id\":7,\"field\":\"check_type\",\"type\":\"select\",\"title\":\"$t(check_type)\",\"data\":\"0\",\"options\":\"[{\\\"label\\\":\\\"Expected - Actual\\\",\\\"value\\\":\\\"0\\\"},{\\\"label\\\":\\\"Actual - Expected\\\",\\\"value\\\":\\\"1\\\"},{\\\"label\\\":\\\"Actual / Expected\\\",\\\"value\\\":\\\"2\\\"},{\\\"label\\\":\\\"(Expected - Actual) / Expected\\\",\\\"value\\\":\\\"3\\\"}]\",\"placeholder\":\"please select check type\",\"optionSourceType\":0,\"dataType\":0,\"inputType\":3,\"isShow\":true,\"canEdit\":true,\"isEmit\":true,\"isValidate\":false,\"valuesMap\":null,\"index\":7,\"createTime\":null,\"updateTime\":null},{\"id\":8,\"field\":\"operator\",\"type\":\"select\",\"title\":\"$t(operator)\",\"data\":\"0\",\"options\":\"[{\\\"label\\\":\\\"=\\\",\\\"value\\\":\\\"0\\\"},{\\\"label\\\":\\\"<\\\",\\\"value\\\":\\\"1\\\"},{\\\"label\\\":\\\"<=\\\",\\\"value\\\":\\\"2\\\"},{\\\"label\\\":\\\">\\\",\\\"value\\\":\\\"3\\\"},{\\\"label\\\":\\\">=\\\",\\\"value\\\":\\\"4\\\"},{\\\"label\\\":\\\"!=\\\",\\\"value\\\":\\\"5\\\"}]\",\"placeholder\":\"please select operator\",\"optionSourceType\":0,\"dataType\":0,\"inputType\":3,\"isShow\":true,\"canEdit\":true,\"isEmit\":false,\"isValidate\":false,\"valuesMap\":null,\"index\":8,\"createTime\":null,\"updateTime\":null},{\"id\":9,\"field\":\"threshold\",\"type\":\"input\",\"title\":\"$t(threshold)\",\"data\":null,\"options\":null,\"placeholder\":\"Please enter threshold, number is needed\",\"optionSourceType\":0,\"dataType\":2,\"inputType\":3,\"isShow\":true,\"canEdit\":true,\"isEmit\":false,\"isValidate\":true,\"valuesMap\":null,\"index\":9,\"createTime\":null,\"updateTime\":null},{\"id\":10,\"field\":\"failure_strategy\",\"type\":\"select\",\"title\":\"$t(failure_strategy)\",\"data\":\"0\",\"options\":\"[{\\\"label\\\":\\\"Alert\\\",\\\"value\\\":\\\"0\\\"},{\\\"label\\\":\\\"Block\\\",\\\"value\\\":\\\"1\\\"}]\",\"placeholder\":\"please select failure strategy\",\"optionSourceType\":0,\"dataType\":0,\"inputType\":3,\"isShow\":true,\"canEdit\":true,\"isEmit\":false,\"isValidate\":false,\"valuesMap\":null,\"index\":10,\"createTime\":null,\"updateTime\":null},{\"id\":17,\"field\":\"comparison_name\",\"type\":\"input\",\"title\":\"$t(comparison_name)\",\"data\":null,\"options\":null,\"placeholder\":\"Please enter comparison name, the alias in comparison execute sql\",\"optionSourceType\":0,\"dataType\":0,\"inputType\":0,\"isShow\":false,\"canEdit\":false,\"isEmit\":false,\"isValidate\":true,\"valuesMap\":\"\",\"index\":11,\"createTime\":null,\"updateTime\":null},{\"id\":19,\"field\":\"comparison_type\",\"type\":\"select\",\"title\":\"$t(comparison_type)\",\"data\":\"\",\"options\":null,\"placeholder\":\"Please enter comparison title\",\"optionSourceType\":3,\"dataType\":0,\"inputType\":2,\"isShow\":true,\"canEdit\":false,\"isEmit\":true,\"isValidate\":false,\"valuesMap\":null,\"index\":12,\"createTime\":null,\"updateTime\":null}]",
    "executeSqlList" : "[{\"id\":1,\"index\":1,\"sql\":\"SELECT COUNT(*) AS nulls FROM null_items\",\"tableAlias\":\"null_count\",\"type\":1,\"createTime\":\"2021-03-03 11:31:24\",\"updateTime\":\"2021-03-03 11:31:24\",\"errorOutputSql\":false},{\"id\":16,\"index\":1,\"sql\":\"SELECT * FROM ${src_table} WHERE (${src_field} is null or ${src_field} = '') AND (${src_filter})\",\"tableAlias\":\"null_items\",\"type\":0,\"createTime\":\"2021-03-03 11:31:24\",\"updateTime\":\"2021-03-03 11:31:24\",\"errorOutputSql\":true}]",
    "comparisonNeedStatisticsValueTable" : false,
    "compareWithFixedValue" : true,
    "hdfsPath" : "hdfs://mycluster:8020/user/default/data_quality_error_data",
    "sourceConnectorType" : "JDBC",
    "sourceType" : 1,
    "sourceConnectionParams" : "{\"user\":\"root\",\"password\":\"******\",\"address\":\"jdbc:postgresql://dolphinscheduler-postgresql:5432\",\"database\":\"persistence\",\"jdbcUrl\":\"jdbc:postgresql://dolphinscheduler-postgresql:5432/persistence\",\"driverClassName\":\"org.postgresql.Driver\",\"validationQuery\":\"select version()\",\"other\":{\"password\":\"****\"}}",
    "targetConnectorType" : null,
    "targetType" : 0,
    "targetConnectionParams" : null,
    "writerConnectorType" : "JDBC",
    "writerType" : 1,
    "writerTable" : "t_ds_dq_execute_result",
    "writerConnectionParams" : "{\"user\":\"root\",\"password\":\"****\",\"address\":\"jdbc:postgresql://dolphinscheduler-postgresql:5432\",\"database\":\"dolphinscheduler\",\"jdbcUrl\":\"jdbc:postgresql://dolphinscheduler-postgresql:5432/dolphinscheduler\"}",
    "statisticsValueConnectorType" : "JDBC",
    "statisticsValueType" : 1,
    "statisticsValueTable" : "t_ds_dq_task_statistics_value",
    "statisticsValueWriterConnectionParams" : "{\"user\":\"root\",\"password\":\"****\",\"address\":\"jdbc:postgresql://dolphinscheduler-postgresql:5432\",\"database\":\"dolphinscheduler\",\"jdbcUrl\":\"jdbc:postgresql://dolphinscheduler-postgresql:5432/dolphinscheduler\"}"
  },
  "cpuQuota" : -1,
  "memoryMax" : -1,
  "testFlag" : 0,
  "logBufferEnable" : false,
  "dispatchFailTimes" : 0
}
[INFO] 2024-05-06 11:23:54.303 +0800 - ***********************************************************************************************
[INFO] 2024-05-06 11:23:54.303 +0800 - *********************************  Load task instance plugin  *********************************
[INFO] 2024-05-06 11:23:54.303 +0800 - ***********************************************************************************************
[INFO] 2024-05-06 11:23:54.308 +0800 - Send task status RUNNING_EXECUTION master: 172.18.1.1:1234
[INFO] 2024-05-06 11:23:54.309 +0800 - TenantCode: default check successfully
[INFO] 2024-05-06 11:23:54.311 +0800 - WorkflowInstanceExecDir: /tmp/dolphinscheduler/exec/process/default/13001194483488/13505298546272_5/1028/3853 check successfully
[INFO] 2024-05-06 11:23:54.311 +0800 - Create TaskChannel: org.apache.dolphinscheduler.plugin.task.dq.DataQualityTaskChannel successfully
[INFO] 2024-05-06 11:23:54.313 +0800 - Download resources successfully: 
ResourceContext(resourceItemMap={})
[INFO] 2024-05-06 11:23:54.314 +0800 - Download upstream files: [] successfully
[INFO] 2024-05-06 11:23:54.314 +0800 - Task plugin instance: DATA_QUALITY create successfully
[INFO] 2024-05-06 11:23:54.315 +0800 - Initialize data quality task params {
  "localParams" : [ ],
  "varPool" : null,
  "ruleId" : 1,
  "ruleInputParameter" : {
    "check_type" : "0",
    "comparison_type" : "1",
    "failure_strategy" : "0",
    "operator" : "0",
    "src_connector_type" : "1",
    "src_datasource_id" : "1",
    "src_database" : "persistence",
    "src_field" : "content",
    "src_table" : "filtered_data_persistence",
    "threshold" : "0"
  },
  "sparkParameters" : {
    "localParams" : null,
    "varPool" : null,
    "mainJar" : null,
    "mainClass" : null,
    "deployMode" : "local",
    "mainArgs" : null,
    "driverCores" : 1,
    "driverMemory" : "512M",
    "numExecutors" : 1,
    "executorCores" : 1,
    "executorMemory" : "1G",
    "appName" : null,
    "yarnQueue" : "",
    "others" : "--packages org.postgresql:postgresql:42.7.3",
    "programType" : null,
    "resourceList" : [ ]
  }
}
[INFO] 2024-05-06 11:23:54.317 +0800 - data quality configuration: {
  "name" : "$t(null_check)",
  "env" : {
    "type" : "batch",
    "config" : null
  },
  "readers" : [ {
    "type" : "JDBC",
    "config" : {
      "database" : "persistence",
      "password" : "******",
      "driver" : "org.postgresql.Driver",
      "user" : "root",
      "output_table" : "persistence_filtered_data_persistence",
      "table" : "filtered_data_persistence",
      "url" : "jdbc:postgresql://dolphinscheduler-postgresql:5432/persistence?password=root"
    }
  } ],
  "transformers" : [ {
    "type" : "sql",
    "config" : {
      "index" : 1,
      "output_table" : "null_items",
      "sql" : "SELECT * FROM persistence_filtered_data_persistence WHERE (content is null or content = '') "
    }
  }, {
    "type" : "sql",
    "config" : {
      "index" : 2,
      "output_table" : "null_count",
      "sql" : "SELECT COUNT(*) AS nulls FROM null_items"
    }
  } ],
  "writers" : [ {
    "type" : "JDBC",
    "config" : {
      "database" : "dolphinscheduler",
      "password" : "****",
      "driver" : "org.postgresql.Driver",
      "user" : "root",
      "table" : "t_ds_dq_execute_result",
      "url" : "jdbc:postgresql://dolphinscheduler-postgresql:5432/dolphinscheduler",
      "sql" : "select 0 as rule_type,'$t(null_check)' as rule_name,0 as process_definition_id,1028 as process_instance_id,3853 as task_instance_id,null_count.nulls AS statistics_value,${comparison_name} AS comparison_value,1 AS comparison_type,0 as check_type,0 as threshold,0 as operator,0 as failure_strategy,'hdfs://mycluster:8020/user/default/data_quality_error_data/0_1028_[null check] filtered data persistence' as error_output_path,'2024-05-06 11:23:54' as create_time,'2024-05-06 11:23:54' as update_time from null_count "
    }
  }, {
    "type" : "JDBC",
    "config" : {
      "database" : "dolphinscheduler",
      "password" : "****",
      "driver" : "org.postgresql.Driver",
      "user" : "root",
      "table" : "t_ds_dq_task_statistics_value",
      "url" : "jdbc:postgresql://dolphinscheduler-postgresql:5432/dolphinscheduler",
      "sql" : "select 0 as process_definition_id,3853 as task_instance_id,1 as rule_id,'QJEHXLMD0ESFCZVJKO+8CSXVNAF/ZZY8T3LGWUZTYLW=' as unique_code,'null_count.nulls'AS statistics_name,null_count.nulls AS statistics_value,'2024-05-06 11:23:54' as data_time,'2024-05-06 11:23:54' as create_time,'2024-05-06 11:23:54' as update_time from null_count"
    }
  }, {
    "type" : "hdfs_file",
    "config" : {
      "path" : "hdfs://mycluster:8020/user/default/data_quality_error_data/0_1028_[null check] filtered data persistence",
      "input_table" : "null_items"
    }
  } ]
}
[INFO] 2024-05-06 11:23:54.318 +0800 - Trying to get data quality jar in path
[INFO] 2024-05-06 11:23:54.318 +0800 - Success initialized task plugin instance successfully
[INFO] 2024-05-06 11:23:54.318 +0800 - Set taskVarPool: [] successfully
[INFO] 2024-05-06 11:23:54.319 +0800 - ***********************************************************************************************
[INFO] 2024-05-06 11:23:54.322 +0800 - *********************************  Execute task instance  *************************************
[INFO] 2024-05-06 11:23:54.322 +0800 - ***********************************************************************************************
[INFO] 2024-05-06 11:23:54.323 +0800 - Final Shell file is: 
[INFO] 2024-05-06 11:23:54.324 +0800 - ****************************** Script Content *****************************************************************
[INFO] 2024-05-06 11:23:54.324 +0800 - #!/bin/bash
BASEDIR=$(cd `dirname $0`; pwd)
cd $BASEDIR
export SPARK_HOME=/opt/spark-3.5.1-bin-hadoop3
export JAVA_HOME=/opt/java/openjdk
export PYSPARK_DRIVER_PYTHON=/bin/python3.11
export PYSPARK_PYTHON=/bin/python3.11
${SPARK_HOME}/bin/spark-submit --master local --driver-cores 1 --driver-memory 512M --num-executors 1 --executor-cores 1 --executor-memory 1G --packages org.postgresql:postgresql:42.7.3 /opt/dolphinscheduler/conf/../libs/dolphinscheduler-data-quality-3.2.1.jar "{\"name\":\"$t(null_check)\",\"env\":{\"type\":\"batch\",\"config\":null},\"readers\":[{\"type\":\"JDBC\",\"config\":{\"database\":\"persistence\",\"password\":\"******\",\"driver\":\"org.postgresql.Driver\",\"user\":\"root\",\"output_table\":\"persistence_filtered_data_persistence\",\"table\":\"filtered_data_persistence\",\"url\":\"jdbc:postgresql://dolphinscheduler-postgresql:5432/persistence?password=root\"} }],\"transformers\":[{\"type\":\"sql\",\"config\":{\"index\":1,\"output_table\":\"null_items\",\"sql\":\"SELECT * FROM persistence_filtered_data_persistence WHERE (content is null or content = '') \"} },{\"type\":\"sql\",\"config\":{\"index\":2,\"output_table\":\"null_count\",\"sql\":\"SELECT COUNT(*) AS nulls FROM null_items\"} }],\"writers\":[{\"type\":\"JDBC\",\"config\":{\"database\":\"dolphinscheduler\",\"password\":\"****\",\"driver\":\"org.postgresql.Driver\",\"user\":\"root\",\"table\":\"t_ds_dq_execute_result\",\"url\":\"jdbc:postgresql://dolphinscheduler-postgresql:5432/dolphinscheduler\",\"sql\":\"select 0 as rule_type,'$t(null_check)' as rule_name,0 as process_definition_id,1028 as process_instance_id,3853 as task_instance_id,null_count.nulls AS statistics_value,${comparison_name} AS comparison_value,1 AS comparison_type,0 as check_type,0 as threshold,0 as operator,0 as failure_strategy,'hdfs://mycluster:8020/user/default/data_quality_error_data/0_1028_[null check] filtered data persistence' as error_output_path,'2024-05-06 11:23:54' as create_time,'2024-05-06 11:23:54' as update_time from null_count \"} },{\"type\":\"JDBC\",\"config\":{\"database\":\"dolphinscheduler\",\"password\":\"****\",\"driver\":\"org.postgresql.Driver\",\"user\":\"root\",\"table\":\"t_ds_dq_task_statistics_value\",\"url\":\"jdbc:postgresql://dolphinscheduler-postgresql:5432/dolphinscheduler\",\"sql\":\"select 0 as process_definition_id,3853 as task_instance_id,1 as rule_id,'QJEHXLMD0ESFCZVJKO+8CSXVNAF/ZZY8T3LGWUZTYLW=' as unique_code,'null_count.nulls'AS statistics_name,null_count.nulls AS statistics_value,'2024-05-06 11:23:54' as data_time,'2024-05-06 11:23:54' as create_time,'2024-05-06 11:23:54' as update_time from null_count\"} },{\"type\":\"hdfs_file\",\"config\":{\"path\":\"hdfs://mycluster:8020/user/default/data_quality_error_data/0_1028_[null check] filtered data persistence\",\"input_table\":\"null_items\"} }]}"
[INFO] 2024-05-06 11:23:54.324 +0800 - ****************************** Script Content *****************************************************************
[INFO] 2024-05-06 11:23:54.324 +0800 - Executing shell command : sudo -u default -i /tmp/dolphinscheduler/exec/process/default/13001194483488/13505298546272_5/1028/3853/1028_3853.sh
[INFO] 2024-05-06 11:23:54.331 +0800 - process start, process id is: 2756
[INFO] 2024-05-06 11:23:55.332 +0800 -  -> 
	sudo: unable to change directory to /home/default: No such file or directory
[INFO] 2024-05-06 11:23:57.337 +0800 -  -> 
	:: loading settings :: url = jar:file:/opt/spark-3.5.1-bin-hadoop3/jars/ivy-2.5.1.jar!/org/apache/ivy/core/settings/ivysettings.xml
	Ivy Default Cache set to: /home/default/.ivy2/cache
	The jars for the packages stored in: /home/default/.ivy2/jars
	org.postgresql#postgresql added as a dependency
	:: resolving dependencies :: org.apache.spark#spark-submit-parent-3cc6eaf1-6dc7-4a10-92dd-1a2d5e59cc8e;1.0
		confs: [default]
[INFO] 2024-05-06 11:24:00.345 +0800 -  -> 
	Exception in thread "main" java.io.FileNotFoundException: /home/default/.ivy2/cache/resolved-org.apache.spark-spark-submit-parent-3cc6eaf1-6dc7-4a10-92dd-1a2d5e59cc8e-1.0.xml (No such file or directory)
		at java.io.FileOutputStream.open0(Native Method)
		at java.io.FileOutputStream.open(FileOutputStream.java:270)
		at java.io.FileOutputStream.<init>(FileOutputStream.java:213)
		at java.io.FileOutputStream.<init>(FileOutputStream.java:162)
		at org.apache.ivy.plugins.parser.xml.XmlModuleDescriptorWriter.write(XmlModuleDescriptorWriter.java:71)
		at org.apache.ivy.plugins.parser.xml.XmlModuleDescriptorWriter.write(XmlModuleDescriptorWriter.java:63)
		at org.apache.ivy.core.module.descriptor.DefaultModuleDescriptor.toIvyFile(DefaultModuleDescriptor.java:553)
		at org.apache.ivy.core.cache.DefaultResolutionCacheManager.saveResolvedModuleDescriptor(DefaultResolutionCacheManager.java:184)
		at org.apache.ivy.core.resolve.ResolveEngine.resolve(ResolveEngine.java:259)
		at org.apache.ivy.Ivy.resolve(Ivy.java:522)
		at org.apache.spark.deploy.SparkSubmitUtils$.resolveMavenCoordinates(SparkSubmit.scala:1580)
		at org.apache.spark.util.DependencyUtils$.resolveMavenDependencies(DependencyUtils.scala:185)
		at org.apache.spark.deploy.SparkSubmit.prepareSubmitEnvironment(SparkSubmit.scala:334)
		at org.apache.spark.deploy.SparkSubmit.org$apache$spark$deploy$SparkSubmit$$runMain(SparkSubmit.scala:964)
		at org.apache.spark.deploy.SparkSubmit.doRunMain$1(SparkSubmit.scala:194)
		at org.apache.spark.deploy.SparkSubmit.submit(SparkSubmit.scala:217)
		at org.apache.spark.deploy.SparkSubmit.doSubmit(SparkSubmit.scala:91)
		at org.apache.spark.deploy.SparkSubmit$$anon$2.doSubmit(SparkSubmit.scala:1120)
		at org.apache.spark.deploy.SparkSubmit$.main(SparkSubmit.scala:1129)
		at org.apache.spark.deploy.SparkSubmit.main(SparkSubmit.scala)
[INFO] 2024-05-06 11:24:00.346 +0800 - process has exited. execute path:/tmp/dolphinscheduler/exec/process/default/13001194483488/13505298546272_5/1028/3853, processId:2756 ,exitStatusCode:1 ,processWaitForStatus:true ,processExitValue:1
[INFO] 2024-05-06 11:24:00.347 +0800 - Start finding appId in /opt/dolphinscheduler/logs/20240506/13505298546272/5/1028/3853.log, fetch way: log 
[INFO] 2024-05-06 11:24:00.348 +0800 - ***********************************************************************************************
[INFO] 2024-05-06 11:24:00.348 +0800 - *********************************  Finalize task instance  ************************************
[INFO] 2024-05-06 11:24:00.348 +0800 - ***********************************************************************************************
[INFO] 2024-05-06 11:24:00.349 +0800 - Upload output files: [] successfully
[INFO] 2024-05-06 11:24:00.358 +0800 - Send task execute status: FAILURE to master : 172.18.1.1:1234
[INFO] 2024-05-06 11:24:00.361 +0800 - Remove the current task execute context from worker cache
[INFO] 2024-05-06 11:24:00.361 +0800 - The current execute mode isn't develop mode, will clear the task execute file: /tmp/dolphinscheduler/exec/process/default/13001194483488/13505298546272_5/1028/3853
[INFO] 2024-05-06 11:24:00.361 +0800 - Success clear the task execute file: /tmp/dolphinscheduler/exec/process/default/13001194483488/13505298546272_5/1028/3853
[INFO] 2024-05-06 11:24:00.361 +0800 - FINALIZE_SESSION
