[INFO] 2024-04-30 13:45:28.161 +0800 - Submit LogicTask: check file existence to MasterTaskExecutorThreadPool success
[INFO] 2024-04-30 13:45:28.161 +0800 - ***********************************************************************************************
[INFO] 2024-04-30 13:45:28.166 +0800 - *********************************  Initialize task context  ***********************************
[INFO] 2024-04-30 13:45:28.167 +0800 - ***********************************************************************************************
[INFO] 2024-04-30 13:45:28.167 +0800 - Begin to initialize task
[INFO] 2024-04-30 13:45:28.167 +0800 - Set task startTime: 1714455928167
[INFO] 2024-04-30 13:45:28.167 +0800 - Set task appId: 807_2341
[INFO] 2024-04-30 13:45:28.168 +0800 - End initialize task {
  "taskInstanceId" : 2341,
  "taskName" : "check file existence",
  "firstSubmitTime" : 1714455928146,
  "startTime" : 1714455928167,
  "taskType" : "SWITCH",
  "workflowInstanceHost" : "172.18.0.10:5678",
  "host" : "172.18.0.10:5678",
  "logPath" : "/opt/dolphinscheduler/logs/20240430/13201021801792/117/807/2341.log",
  "processId" : 0,
  "processDefineCode" : 13201021801792,
  "processDefineVersion" : 117,
  "processInstanceId" : 807,
  "scheduleTime" : 0,
  "globalParams" : "[{\"prop\":\"folder\",\"direct\":\"IN\",\"type\":\"VARCHAR\",\"value\":\"in\"}]",
  "executorId" : 1,
  "cmdTypeIfComplement" : 0,
  "tenantCode" : "default",
  "processDefineId" : 0,
  "projectId" : 0,
  "projectCode" : 13010050770016,
  "taskParams" : "{\"localParams\":[],\"rawScript\":\"\",\"resourceList\":[],\"switchResult\":{\"dependTaskList\":[{\"condition\":\"${raw_file_dir} != \\\"null\\\"\",\"nextNode\":13340390094208}],\"nextNode\":13348985859488}}",
  "environmentConfig" : "export PYTHON_LAUNCHER=/bin/python3.11",
  "prepareParamsMap" : {
    "system.task.definition.name" : {
      "prop" : "system.task.definition.name",
      "direct" : "IN",
      "type" : "VARCHAR",
      "value" : "check file existence"
    },
    "system.project.name" : {
      "prop" : "system.project.name",
      "direct" : "IN",
      "type" : "VARCHAR",
      "value" : null
    },
    "REDDIT_HOME" : {
      "prop" : "REDDIT_HOME",
      "direct" : "IN",
      "type" : "VARCHAR",
      "value" : "/local_storage/reddit"
    },
    "system.biz.curdate" : {
      "prop" : "system.biz.curdate",
      "direct" : "IN",
      "type" : "VARCHAR",
      "value" : "20240430"
    },
    "system.task.instance.id" : {
      "prop" : "system.task.instance.id",
      "direct" : "IN",
      "type" : "VARCHAR",
      "value" : "2341"
    },
    "system.task.definition.code" : {
      "prop" : "system.task.definition.code",
      "direct" : "IN",
      "type" : "VARCHAR",
      "value" : "13348933988640"
    },
    "system.datetime" : {
      "prop" : "system.datetime",
      "direct" : "IN",
      "type" : "VARCHAR",
      "value" : "20240430134528"
    },
    "folder" : {
      "prop" : "folder",
      "direct" : "IN",
      "type" : "VARCHAR",
      "value" : "in"
    },
    "system.project.code" : {
      "prop" : "system.project.code",
      "direct" : "IN",
      "type" : "VARCHAR",
      "value" : "13010050770016"
    },
    "system.workflow.instance.id" : {
      "prop" : "system.workflow.instance.id",
      "direct" : "IN",
      "type" : "VARCHAR",
      "value" : "807"
    },
    "raw_file_dir" : {
      "prop" : "raw_file_dir",
      "direct" : "IN",
      "type" : "VARCHAR",
      "value" : "/local_storage/reddit/in/806-20240430134508.json"
    },
    "system.biz.date" : {
      "prop" : "system.biz.date",
      "direct" : "IN",
      "type" : "VARCHAR",
      "value" : "20240429"
    },
    "system.workflow.definition.name" : {
      "prop" : "system.workflow.definition.name",
      "direct" : "IN",
      "type" : "VARCHAR",
      "value" : "preprocess_post"
    },
    "system.workflow.definition.code" : {
      "prop" : "system.workflow.definition.code",
      "direct" : "IN",
      "type" : "VARCHAR",
      "value" : "13201021801792"
    }
  },
  "taskAppId" : "807_2341",
  "taskTimeout" : 2147483647,
  "workerGroup" : "default",
  "delayTime" : 0,
  "currentExecutionStatus" : "SUBMITTED_SUCCESS",
  "endTime" : 0,
  "varPool" : "[{\"prop\":\"raw_file_dir\",\"direct\":\"IN\",\"type\":\"VARCHAR\",\"value\":\"/local_storage/reddit/in/806-20240430134508.json\"}]",
  "dryRun" : 0,
  "paramsMap" : { },
  "cpuQuota" : -1,
  "memoryMax" : -1,
  "testFlag" : 0,
  "logBufferEnable" : false,
  "dispatchFailTimes" : 0
}
[INFO] 2024-04-30 13:45:28.168 +0800 - ***********************************************************************************************
[INFO] 2024-04-30 13:45:28.168 +0800 - *********************************  Load task instance plugin  *********************************
[INFO] 2024-04-30 13:45:28.169 +0800 - ***********************************************************************************************
[INFO] 2024-04-30 13:45:28.177 +0800 - Send task status RUNNING_EXECUTION to master 172.18.0.10:5678
[INFO] 2024-04-30 13:45:28.178 +0800 - Success initialize task parameters: 
{
  "localParams" : null,
  "varPool" : null,
  "dependRelation" : null,
  "relation" : null,
  "nextNode" : [ 13348985859488 ],
  "resultConditionLocation" : 0,
  "dependTaskList" : [ {
    "condition" : "${raw_file_dir} != \"null\"",
    "nextNode" : [ 13340390094208 ]
  } ]
}
[INFO] 2024-04-30 13:45:28.178 +0800 - Initialized task plugin instance: SWITCH successfully
[INFO] 2024-04-30 13:45:28.178 +0800 - Initialize taskVarPool: [{"prop":"raw_file_dir","direct":"IN","type":"VARCHAR","value":"/local_storage/reddit/in/806-20240430134508.json"}] successfully
[INFO] 2024-04-30 13:45:28.178 +0800 - ***********************************************************************************************
[INFO] 2024-04-30 13:45:28.178 +0800 - *********************************  Execute task instance  *************************************
[INFO] 2024-04-30 13:45:28.178 +0800 - ***********************************************************************************************
[INFO] 2024-04-30 13:45:28.179 +0800 - Begin to execute 1 condition: ${raw_file_dir} != "null" 
[INFO] 2024-04-30 13:45:28.179 +0800 - paramName:raw_file_dir，paramValue:"/local_storage/reddit/in/806-20240430134508.json"
[INFO] 2024-04-30 13:45:28.179 +0800 - Format condition sentence::"/local_storage/reddit/in/806-20240430134508.json" != "null" successfully
[INFO] 2024-04-30 13:45:28.181 +0800 - Execute condition sentence: "/local_storage/reddit/in/806-20240430134508.json" != "null" successfully: true
[INFO] 2024-04-30 13:45:28.182 +0800 - The switch task depend result:SUCCESS, switch branch:0
[INFO] 2024-04-30 13:45:28.182 +0800 - Switch task execute finished, condition result is: SUCCESS, task status is: SUCCESS
[INFO] 2024-04-30 13:45:28.182 +0800 - ***********************************************************************************************
[INFO] 2024-04-30 13:45:28.182 +0800 - *********************************  Finalize task instance  ************************************
[INFO] 2024-04-30 13:45:28.182 +0800 - ***********************************************************************************************
[INFO] 2024-04-30 13:45:28.190 +0800 - Send task status: SUCCESS to master: 172.18.0.10:5678 successfully
[INFO] 2024-04-30 13:45:28.190 +0800 - Execute task finished, will send the task execute result to master, the current task execute result is SUCCESS
[INFO] 2024-04-30 13:45:28.190 +0800 - FINALIZE_SESSION
