[INFO] 2024-03-21 20:37:12.617 +0800 - ***********************************************************************************************
[INFO] 2024-03-21 20:37:12.619 +0800 - *********************************  Initialize task context  ***********************************
[INFO] 2024-03-21 20:37:12.622 +0800 - ***********************************************************************************************
[INFO] 2024-03-21 20:37:12.622 +0800 - Begin to initialize task
[INFO] 2024-03-21 20:37:12.624 +0800 - Set task startTime: 1711024632624
[INFO] 2024-03-21 20:37:12.624 +0800 - Set task appId: 30_149
[INFO] 2024-03-21 20:37:12.625 +0800 - End initialize task {
  "taskInstanceId" : 149,
  "taskName" : "num_gen_1",
  "firstSubmitTime" : 1711024632544,
  "startTime" : 1711024632624,
  "taskType" : "SHELL",
  "workflowInstanceHost" : "172.20.0.6:5678",
  "host" : "172.20.0.5:1234",
  "logPath" : "/opt/dolphinscheduler/logs/20240321/13001314456096/23/30/149.log",
  "processId" : 0,
  "processDefineCode" : 13001314456096,
  "processDefineVersion" : 23,
  "processInstanceId" : 30,
  "scheduleTime" : 0,
  "executorId" : 1,
  "cmdTypeIfComplement" : 0,
  "tenantCode" : "default",
  "processDefineId" : 0,
  "projectId" : 0,
  "projectCode" : 13001194483488,
  "taskParams" : "{\"localParams\":[{\"prop\":\"num1\",\"direct\":\"OUT\",\"type\":\"INTEGER\",\"value\":\"\"}],\"rawScript\":\"#!/bin/bash\\n\\n# Generate a random number between 0 and 1\\nrandom_number=$((RANDOM % 2))\\n\\necho \\\"Random number: ${random_number}\\\"\\necho \\\"#{setValue(num1=${random_number})}\\\"\",\"resourceList\":[]}",
  "prepareParamsMap" : {
    "system.task.definition.name" : {
      "prop" : "system.task.definition.name",
      "direct" : "IN",
      "type" : "VARCHAR",
      "value" : "num_gen_1"
    },
    "system.project.name" : {
      "prop" : "system.project.name",
      "direct" : "IN",
      "type" : "VARCHAR",
      "value" : null
    },
    "system.project.code" : {
      "prop" : "system.project.code",
      "direct" : "IN",
      "type" : "VARCHAR",
      "value" : "13001194483488"
    },
    "system.workflow.instance.id" : {
      "prop" : "system.workflow.instance.id",
      "direct" : "IN",
      "type" : "VARCHAR",
      "value" : "30"
    },
    "system.biz.curdate" : {
      "prop" : "system.biz.curdate",
      "direct" : "IN",
      "type" : "VARCHAR",
      "value" : "20240321"
    },
    "system.biz.date" : {
      "prop" : "system.biz.date",
      "direct" : "IN",
      "type" : "VARCHAR",
      "value" : "20240320"
    },
    "system.task.instance.id" : {
      "prop" : "system.task.instance.id",
      "direct" : "IN",
      "type" : "VARCHAR",
      "value" : "149"
    },
    "system.workflow.definition.name" : {
      "prop" : "system.workflow.definition.name",
      "direct" : "IN",
      "type" : "VARCHAR",
      "value" : "random_numbers_generator"
    },
    "system.task.definition.code" : {
      "prop" : "system.task.definition.code",
      "direct" : "IN",
      "type" : "VARCHAR",
      "value" : "13001196367136"
    },
    "system.workflow.definition.code" : {
      "prop" : "system.workflow.definition.code",
      "direct" : "IN",
      "type" : "VARCHAR",
      "value" : "13001314456096"
    },
    "system.datetime" : {
      "prop" : "system.datetime",
      "direct" : "IN",
      "type" : "VARCHAR",
      "value" : "20240321203712"
    }
  },
  "taskAppId" : "30_149",
  "taskTimeout" : 2147483647,
  "workerGroup" : "default",
  "delayTime" : 0,
  "currentExecutionStatus" : "SUBMITTED_SUCCESS",
  "endTime" : 0,
  "dryRun" : 0,
  "paramsMap" : { },
  "cpuQuota" : -1,
  "memoryMax" : -1,
  "testFlag" : 0,
  "logBufferEnable" : false,
  "dispatchFailTimes" : 0
}
[INFO] 2024-03-21 20:37:12.630 +0800 - ***********************************************************************************************
[INFO] 2024-03-21 20:37:12.630 +0800 - *********************************  Load task instance plugin  *********************************
[INFO] 2024-03-21 20:37:12.631 +0800 - ***********************************************************************************************
[INFO] 2024-03-21 20:37:12.642 +0800 - Send task status RUNNING_EXECUTION master: 172.20.0.5:1234
[INFO] 2024-03-21 20:37:12.643 +0800 - TenantCode: default check successfully
[INFO] 2024-03-21 20:37:12.645 +0800 - WorkflowInstanceExecDir: /tmp/dolphinscheduler/exec/process/default/13001194483488/13001314456096_23/30/149 check successfully
[INFO] 2024-03-21 20:37:12.645 +0800 - Create TaskChannel: org.apache.dolphinscheduler.plugin.task.shell.ShellTaskChannel successfully
[INFO] 2024-03-21 20:37:12.646 +0800 - Download resources successfully: 
ResourceContext(resourceItemMap={})
[INFO] 2024-03-21 20:37:12.647 +0800 - Download upstream files: [] successfully
[INFO] 2024-03-21 20:37:12.647 +0800 - Task plugin instance: SHELL create successfully
[INFO] 2024-03-21 20:37:12.648 +0800 - Initialize shell task params {
  "localParams" : [ {
    "prop" : "num1",
    "direct" : "OUT",
    "type" : "INTEGER",
    "value" : ""
  } ],
  "varPool" : null,
  "rawScript" : "#!/bin/bash\n\n# Generate a random number between 0 and 1\nrandom_number=$((RANDOM % 2))\n\necho \"Random number: ${random_number}\"\necho \"#{setValue(num1=${random_number})}\"",
  "resourceList" : [ ]
}
[INFO] 2024-03-21 20:37:12.653 +0800 - Success initialized task plugin instance successfully
[INFO] 2024-03-21 20:37:12.655 +0800 - Set taskVarPool: null successfully
[INFO] 2024-03-21 20:37:12.655 +0800 - ***********************************************************************************************
[INFO] 2024-03-21 20:37:12.657 +0800 - *********************************  Execute task instance  *************************************
[INFO] 2024-03-21 20:37:12.659 +0800 - ***********************************************************************************************
[INFO] 2024-03-21 20:37:12.660 +0800 - Final Shell file is: 
[INFO] 2024-03-21 20:37:12.661 +0800 - ****************************** Script Content *****************************************************************
[INFO] 2024-03-21 20:37:12.662 +0800 - #!/bin/bash
BASEDIR=$(cd `dirname $0`; pwd)
cd $BASEDIR
#!/bin/bash

# Generate a random number between 0 and 1
random_number=$((RANDOM % 2))

echo "Random number: ${random_number}"
echo "#{setValue(num1=${random_number})}"
[INFO] 2024-03-21 20:37:12.663 +0800 - ****************************** Script Content *****************************************************************
[INFO] 2024-03-21 20:37:12.664 +0800 - Executing shell command : sudo -u default -i /tmp/dolphinscheduler/exec/process/default/13001194483488/13001314456096_23/30/149/30_149.sh
[INFO] 2024-03-21 20:37:12.706 +0800 - process start, process id is: 732
[INFO] 2024-03-21 20:37:12.707 +0800 -  -> 
	sudo: unable to change directory to /home/default: No such file or directory
[INFO] 2024-03-21 20:37:13.730 +0800 -  -> 
	Random number: 0
	#{setValue(num1=0)}
[INFO] 2024-03-21 20:37:13.733 +0800 - process has exited. execute path:/tmp/dolphinscheduler/exec/process/default/13001194483488/13001314456096_23/30/149, processId:732 ,exitStatusCode:0 ,processWaitForStatus:true ,processExitValue:0
[INFO] 2024-03-21 20:37:13.734 +0800 - ***********************************************************************************************
[INFO] 2024-03-21 20:37:13.735 +0800 - *********************************  Finalize task instance  ************************************
[INFO] 2024-03-21 20:37:13.736 +0800 - ***********************************************************************************************
[INFO] 2024-03-21 20:37:13.736 +0800 - Upload output files: [] successfully
[INFO] 2024-03-21 20:37:13.740 +0800 - Send task execute status: SUCCESS to master : 172.20.0.5:1234
[INFO] 2024-03-21 20:37:13.740 +0800 - Remove the current task execute context from worker cache
[INFO] 2024-03-21 20:37:13.740 +0800 - The current execute mode isn't develop mode, will clear the task execute file: /tmp/dolphinscheduler/exec/process/default/13001194483488/13001314456096_23/30/149
[INFO] 2024-03-21 20:37:13.741 +0800 - Success clear the task execute file: /tmp/dolphinscheduler/exec/process/default/13001194483488/13001314456096_23/30/149
[INFO] 2024-03-21 20:37:13.741 +0800 - FINALIZE_SESSION
