[INFO] 2024-04-22 10:38:34.606 +0800 - ***********************************************************************************************
[INFO] 2024-04-22 10:38:34.609 +0800 - *********************************  Initialize task context  ***********************************
[INFO] 2024-04-22 10:38:34.609 +0800 - ***********************************************************************************************
[INFO] 2024-04-22 10:38:34.609 +0800 - Begin to initialize task
[INFO] 2024-04-22 10:38:34.609 +0800 - Set task startTime: 1713753514609
[INFO] 2024-04-22 10:38:34.609 +0800 - Set task appId: 403_938
[INFO] 2024-04-22 10:38:34.610 +0800 - End initialize task {
  "taskInstanceId" : 938,
  "taskName" : "spark preprocessing",
  "firstSubmitTime" : 1713753514586,
  "startTime" : 1713753514609,
  "taskType" : "SHELL",
  "workflowInstanceHost" : "172.18.0.11:5678",
  "host" : "172.18.1.1:1234",
  "logPath" : "/opt/dolphinscheduler/logs/20240422/13201021801792/63/403/938.log",
  "processId" : 0,
  "processDefineCode" : 13201021801792,
  "processDefineVersion" : 63,
  "processInstanceId" : 403,
  "scheduleTime" : 0,
  "globalParams" : "[{\"prop\":\"folder\",\"direct\":\"IN\",\"type\":\"VARCHAR\",\"value\":\"processing\"}]",
  "executorId" : 1,
  "cmdTypeIfComplement" : 0,
  "tenantCode" : "default",
  "processDefineId" : 0,
  "projectId" : 0,
  "projectCode" : 13010050770016,
  "taskParams" : "{\"localParams\":[],\"rawScript\":\"# $SPARK_HOME/bin/spark-submit \\\\\\n#     --master spark://spark-master:7077 \\\\\\n#     --conf spark.driver.cores=1 \\\\\\n#     --conf spark.driver.memory=512M \\\\\\n#     --conf spark.executor.instances=2 \\\\\\n#     --conf spark.executor.cores=2 \\\\\\n#     --conf spark.executor.memory=1G \\\\\\n#     --name myapple spark-test.py\\n\",\"resourceList\":[{\"id\":null,\"resourceName\":\"file:/dolphinscheduler/default/resources/spark-test.py\",\"res\":null}]}",
  "environmentConfig" : "export SPARK_HOME=/opt/spark-3.5.1-bin-hadoop3\nexport JAVA_HOME=/opt/java/openjdk\nexport HADOOP_CONF_DIR=/opt/hadoop-3.4.0/etc/hadoop\nexport PYSPARK_DRIVER_PYTHON=/bin/python3.11",
  "prepareParamsMap" : {
    "system.task.definition.name" : {
      "prop" : "system.task.definition.name",
      "direct" : "IN",
      "type" : "VARCHAR",
      "value" : "spark preprocessing"
    },
    "system.project.name" : {
      "prop" : "system.project.name",
      "direct" : "IN",
      "type" : "VARCHAR",
      "value" : null
    },
    "REDDIT_HOME" : {
      "prop" : "REDDIT_HOME",
      "direct" : "IN",
      "type" : "VARCHAR",
      "value" : "/local_storage/reddit"
    },
    "system.biz.curdate" : {
      "prop" : "system.biz.curdate",
      "direct" : "IN",
      "type" : "VARCHAR",
      "value" : "20240422"
    },
    "system.task.instance.id" : {
      "prop" : "system.task.instance.id",
      "direct" : "IN",
      "type" : "VARCHAR",
      "value" : "938"
    },
    "system.task.definition.code" : {
      "prop" : "system.task.definition.code",
      "direct" : "IN",
      "type" : "VARCHAR",
      "value" : "13210058002752"
    },
    "raw_file" : {
      "prop" : "raw_file",
      "direct" : "IN",
      "type" : "VARCHAR",
      "value" : "386-20240422.json"
    },
    "system.datetime" : {
      "prop" : "system.datetime",
      "direct" : "IN",
      "type" : "VARCHAR",
      "value" : "20240422103834"
    },
    "folder" : {
      "prop" : "folder",
      "direct" : "IN",
      "type" : "VARCHAR",
      "value" : "processing"
    },
    "system.project.code" : {
      "prop" : "system.project.code",
      "direct" : "IN",
      "type" : "VARCHAR",
      "value" : "13010050770016"
    },
    "system.workflow.instance.id" : {
      "prop" : "system.workflow.instance.id",
      "direct" : "IN",
      "type" : "VARCHAR",
      "value" : "403"
    },
    "raw_file_dir" : {
      "prop" : "raw_file_dir",
      "direct" : "IN",
      "type" : "VARCHAR",
      "value" : "/local_storage/reddit/processing/386-20240422.json"
    },
    "system.biz.date" : {
      "prop" : "system.biz.date",
      "direct" : "IN",
      "type" : "VARCHAR",
      "value" : "20240421"
    },
    "system.workflow.definition.name" : {
      "prop" : "system.workflow.definition.name",
      "direct" : "IN",
      "type" : "VARCHAR",
      "value" : "preprocess_post"
    },
    "system.workflow.definition.code" : {
      "prop" : "system.workflow.definition.code",
      "direct" : "IN",
      "type" : "VARCHAR",
      "value" : "13201021801792"
    }
  },
  "taskAppId" : "403_938",
  "taskTimeout" : 2147483647,
  "workerGroup" : "default",
  "delayTime" : 0,
  "currentExecutionStatus" : "SUBMITTED_SUCCESS",
  "endTime" : 0,
  "varPool" : "[{\"prop\":\"raw_file_dir\",\"direct\":\"IN\",\"type\":\"VARCHAR\",\"value\":\"/local_storage/reddit/processing/386-20240422.json\"},{\"prop\":\"raw_file\",\"direct\":\"IN\",\"type\":\"VARCHAR\",\"value\":\"386-20240422.json\"}]",
  "dryRun" : 0,
  "paramsMap" : { },
  "cpuQuota" : -1,
  "memoryMax" : -1,
  "testFlag" : 0,
  "logBufferEnable" : false,
  "dispatchFailTimes" : 0
}
[INFO] 2024-04-22 10:38:34.612 +0800 - ***********************************************************************************************
[INFO] 2024-04-22 10:38:34.612 +0800 - *********************************  Load task instance plugin  *********************************
[INFO] 2024-04-22 10:38:34.613 +0800 - ***********************************************************************************************
[INFO] 2024-04-22 10:38:34.622 +0800 - Send task status RUNNING_EXECUTION master: 172.18.1.1:1234
[INFO] 2024-04-22 10:38:34.627 +0800 - TenantCode: default check successfully
[INFO] 2024-04-22 10:38:34.630 +0800 - WorkflowInstanceExecDir: /tmp/dolphinscheduler/exec/process/default/13010050770016/13201021801792_63/403/938 check successfully
[INFO] 2024-04-22 10:38:34.632 +0800 - Create TaskChannel: org.apache.dolphinscheduler.plugin.task.shell.ShellTaskChannel successfully
[INFO] 2024-04-22 10:38:34.698 +0800 - Download resources successfully: 
ResourceContext(resourceItemMap={file:/dolphinscheduler/default/resources/spark-test.py=ResourceContext.ResourceItem(resourceAbsolutePathInStorage=file:/dolphinscheduler/default/resources/spark-test.py, resourceRelativePath=spark-test.py, resourceAbsolutePathInLocal=/tmp/dolphinscheduler/exec/process/default/13010050770016/13201021801792_63/403/938/spark-test.py)})
[INFO] 2024-04-22 10:38:34.700 +0800 - Download upstream files: [] successfully
[INFO] 2024-04-22 10:38:34.701 +0800 - Task plugin instance: SHELL create successfully
[INFO] 2024-04-22 10:38:34.702 +0800 - Initialize shell task params {
  "localParams" : [ ],
  "varPool" : null,
  "rawScript" : "# $SPARK_HOME/bin/spark-submit \\\n#     --master spark://spark-master:7077 \\\n#     --conf spark.driver.cores=1 \\\n#     --conf spark.driver.memory=512M \\\n#     --conf spark.executor.instances=2 \\\n#     --conf spark.executor.cores=2 \\\n#     --conf spark.executor.memory=1G \\\n#     --name myapple spark-test.py\n",
  "resourceList" : [ {
    "id" : null,
    "resourceName" : "file:/dolphinscheduler/default/resources/spark-test.py",
    "res" : null
  } ]
}
[INFO] 2024-04-22 10:38:34.702 +0800 - Success initialized task plugin instance successfully
[INFO] 2024-04-22 10:38:34.703 +0800 - Set taskVarPool: [{"prop":"raw_file_dir","direct":"IN","type":"VARCHAR","value":"/local_storage/reddit/processing/386-20240422.json"},{"prop":"raw_file","direct":"IN","type":"VARCHAR","value":"386-20240422.json"}] successfully
[INFO] 2024-04-22 10:38:34.703 +0800 - ***********************************************************************************************
[INFO] 2024-04-22 10:38:34.703 +0800 - *********************************  Execute task instance  *************************************
[INFO] 2024-04-22 10:38:34.703 +0800 - ***********************************************************************************************
[INFO] 2024-04-22 10:38:34.707 +0800 - Final Shell file is: 
[INFO] 2024-04-22 10:38:34.707 +0800 - ****************************** Script Content *****************************************************************
[INFO] 2024-04-22 10:38:34.708 +0800 - #!/bin/bash
BASEDIR=$(cd `dirname $0`; pwd)
cd $BASEDIR
export SPARK_HOME=/opt/spark-3.5.1-bin-hadoop3
export JAVA_HOME=/opt/java/openjdk
export HADOOP_CONF_DIR=/opt/hadoop-3.4.0/etc/hadoop
export PYSPARK_DRIVER_PYTHON=/bin/python3.11
# $SPARK_HOME/bin/spark-submit \
#     --master spark://spark-master:7077 \
#     --conf spark.driver.cores=1 \
#     --conf spark.driver.memory=512M \
#     --conf spark.executor.instances=2 \
#     --conf spark.executor.cores=2 \
#     --conf spark.executor.memory=1G \
#     --name myapple spark-test.py

[INFO] 2024-04-22 10:38:34.708 +0800 - ****************************** Script Content *****************************************************************
[INFO] 2024-04-22 10:38:34.717 +0800 - Executing shell command : sudo -u default -i /tmp/dolphinscheduler/exec/process/default/13010050770016/13201021801792_63/403/938/403_938.sh
[INFO] 2024-04-22 10:38:34.729 +0800 - process start, process id is: 2781
[INFO] 2024-04-22 10:38:35.732 +0800 -  -> 
	sudo: unable to change directory to /home/default: No such file or directory
[INFO] 2024-04-22 10:38:35.734 +0800 - process has exited. execute path:/tmp/dolphinscheduler/exec/process/default/13010050770016/13201021801792_63/403/938, processId:2781 ,exitStatusCode:0 ,processWaitForStatus:true ,processExitValue:0
[INFO] 2024-04-22 10:38:35.735 +0800 - ***********************************************************************************************
[INFO] 2024-04-22 10:38:35.735 +0800 - *********************************  Finalize task instance  ************************************
[INFO] 2024-04-22 10:38:35.735 +0800 - ***********************************************************************************************
[INFO] 2024-04-22 10:38:35.735 +0800 - Upload output files: [] successfully
[INFO] 2024-04-22 10:38:35.737 +0800 - Send task execute status: SUCCESS to master : 172.18.1.1:1234
[INFO] 2024-04-22 10:38:35.738 +0800 - Remove the current task execute context from worker cache
[INFO] 2024-04-22 10:38:35.738 +0800 - The current execute mode isn't develop mode, will clear the task execute file: /tmp/dolphinscheduler/exec/process/default/13010050770016/13201021801792_63/403/938
[INFO] 2024-04-22 10:38:35.738 +0800 - Success clear the task execute file: /tmp/dolphinscheduler/exec/process/default/13010050770016/13201021801792_63/403/938
[INFO] 2024-04-22 10:38:35.739 +0800 - FINALIZE_SESSION
