[INFO] 2024-04-23 11:52:34.103 +0800 - ***********************************************************************************************
[INFO] 2024-04-23 11:52:34.105 +0800 - *********************************  Initialize task context  ***********************************
[INFO] 2024-04-23 11:52:34.105 +0800 - ***********************************************************************************************
[INFO] 2024-04-23 11:52:34.105 +0800 - Begin to initialize task
[INFO] 2024-04-23 11:52:34.105 +0800 - Set task startTime: 1713844354105
[INFO] 2024-04-23 11:52:34.105 +0800 - Set task appId: 495_1190
[INFO] 2024-04-23 11:52:34.106 +0800 - End initialize task {
  "taskInstanceId" : 1190,
  "taskName" : "spark preprocessing",
  "firstSubmitTime" : 1713844354095,
  "startTime" : 1713844354105,
  "taskType" : "SHELL",
  "workflowInstanceHost" : "172.18.0.9:5678",
  "host" : "172.18.1.1:1234",
  "logPath" : "/opt/dolphinscheduler/logs/20240423/13201021801792/84/495/1190.log",
  "processId" : 0,
  "processDefineCode" : 13201021801792,
  "processDefineVersion" : 84,
  "processInstanceId" : 495,
  "scheduleTime" : 0,
  "globalParams" : "[{\"prop\":\"folder\",\"direct\":\"IN\",\"type\":\"VARCHAR\",\"value\":\"processing\"}]",
  "executorId" : 1,
  "cmdTypeIfComplement" : 7,
  "tenantCode" : "default",
  "processDefineId" : 0,
  "projectId" : 0,
  "projectCode" : 13010050770016,
  "taskParams" : "{\"localParams\":[],\"rawScript\":\"# $SPARK_HOME/bin/spark-submit \\\\\\n#     --master spark://spark-master:7077 \\\\\\n#     --conf spark.driver.cores=2 \\\\\\n#     --conf spark.driver.memory=2G \\\\\\n#     --conf spark.executor.instances=1 \\\\\\n#     --conf spark.executor.cores=2 \\\\\\n#     --conf spark.executor.memory=2G \\\\\\n#     --files ${raw_file_dir} \\\\\\n#     --name reddit_preprocessing spark_reddit_preprocessing.py\\n\\n$SPARK_HOME/bin/spark-submit \\\\\\n    --master local \\\\\\n    --files ${raw_file_dir} \\\\\\n    --name reddit_preprocessing spark_reddit_preprocessing.py\\n\",\"resourceList\":[{\"id\":null,\"resourceName\":\"file:/dolphinscheduler/default/resources/spark_reddit_preprocessing.py\",\"res\":null}]}",
  "environmentConfig" : "export SPARK_HOME=/opt/spark-3.5.1-bin-hadoop3\nexport JAVA_HOME=/opt/java/openjdk\nexport HADOOP_CONF_DIR=/opt/hadoop-3.4.0/etc/hadoop\nexport PYSPARK_DRIVER_PYTHON=/bin/python3.11",
  "prepareParamsMap" : {
    "system.task.definition.name" : {
      "prop" : "system.task.definition.name",
      "direct" : "IN",
      "type" : "VARCHAR",
      "value" : "spark preprocessing"
    },
    "system.project.name" : {
      "prop" : "system.project.name",
      "direct" : "IN",
      "type" : "VARCHAR",
      "value" : null
    },
    "REDDIT_HOME" : {
      "prop" : "REDDIT_HOME",
      "direct" : "IN",
      "type" : "VARCHAR",
      "value" : "/local_storage/reddit"
    },
    "system.biz.curdate" : {
      "prop" : "system.biz.curdate",
      "direct" : "IN",
      "type" : "VARCHAR",
      "value" : "20240423"
    },
    "system.task.instance.id" : {
      "prop" : "system.task.instance.id",
      "direct" : "IN",
      "type" : "VARCHAR",
      "value" : "1190"
    },
    "system.task.definition.code" : {
      "prop" : "system.task.definition.code",
      "direct" : "IN",
      "type" : "VARCHAR",
      "value" : "13210058002752"
    },
    "system.datetime" : {
      "prop" : "system.datetime",
      "direct" : "IN",
      "type" : "VARCHAR",
      "value" : "20240423115234"
    },
    "folder" : {
      "prop" : "folder",
      "direct" : "IN",
      "type" : "VARCHAR",
      "value" : "processing"
    },
    "system.project.code" : {
      "prop" : "system.project.code",
      "direct" : "IN",
      "type" : "VARCHAR",
      "value" : "13010050770016"
    },
    "system.workflow.instance.id" : {
      "prop" : "system.workflow.instance.id",
      "direct" : "IN",
      "type" : "VARCHAR",
      "value" : "495"
    },
    "raw_file_dir" : {
      "prop" : "raw_file_dir",
      "direct" : "IN",
      "type" : "VARCHAR",
      "value" : "/local_storage/reddit/processing/386-20240422.json"
    },
    "system.biz.date" : {
      "prop" : "system.biz.date",
      "direct" : "IN",
      "type" : "VARCHAR",
      "value" : "20240422"
    },
    "system.workflow.definition.name" : {
      "prop" : "system.workflow.definition.name",
      "direct" : "IN",
      "type" : "VARCHAR",
      "value" : "preprocess_post"
    },
    "system.workflow.definition.code" : {
      "prop" : "system.workflow.definition.code",
      "direct" : "IN",
      "type" : "VARCHAR",
      "value" : "13201021801792"
    }
  },
  "taskAppId" : "495_1190",
  "taskTimeout" : 2147483647,
  "workerGroup" : "default",
  "delayTime" : 0,
  "currentExecutionStatus" : "SUBMITTED_SUCCESS",
  "endTime" : 0,
  "varPool" : "[{\"prop\":\"raw_file_dir\",\"direct\":\"IN\",\"type\":\"VARCHAR\",\"value\":\"/local_storage/reddit/processing/386-20240422.json\"}]",
  "dryRun" : 0,
  "paramsMap" : { },
  "cpuQuota" : -1,
  "memoryMax" : -1,
  "testFlag" : 0,
  "logBufferEnable" : false,
  "dispatchFailTimes" : 0
}
[INFO] 2024-04-23 11:52:34.107 +0800 - ***********************************************************************************************
[INFO] 2024-04-23 11:52:34.107 +0800 - *********************************  Load task instance plugin  *********************************
[INFO] 2024-04-23 11:52:34.107 +0800 - ***********************************************************************************************
[INFO] 2024-04-23 11:52:34.109 +0800 - Send task status RUNNING_EXECUTION master: 172.18.1.1:1234
[INFO] 2024-04-23 11:52:34.109 +0800 - TenantCode: default check successfully
[INFO] 2024-04-23 11:52:34.110 +0800 - WorkflowInstanceExecDir: /tmp/dolphinscheduler/exec/process/default/13010050770016/13201021801792_84/495/1190 check successfully
[INFO] 2024-04-23 11:52:34.110 +0800 - Create TaskChannel: org.apache.dolphinscheduler.plugin.task.shell.ShellTaskChannel successfully
[INFO] 2024-04-23 11:52:34.112 +0800 - Download resources successfully: 
ResourceContext(resourceItemMap={file:/dolphinscheduler/default/resources/spark_reddit_preprocessing.py=ResourceContext.ResourceItem(resourceAbsolutePathInStorage=file:/dolphinscheduler/default/resources/spark_reddit_preprocessing.py, resourceRelativePath=spark_reddit_preprocessing.py, resourceAbsolutePathInLocal=/tmp/dolphinscheduler/exec/process/default/13010050770016/13201021801792_84/495/1190/spark_reddit_preprocessing.py)})
[INFO] 2024-04-23 11:52:34.113 +0800 - Download upstream files: [] successfully
[INFO] 2024-04-23 11:52:34.113 +0800 - Task plugin instance: SHELL create successfully
[INFO] 2024-04-23 11:52:34.113 +0800 - Initialize shell task params {
  "localParams" : [ ],
  "varPool" : null,
  "rawScript" : "# $SPARK_HOME/bin/spark-submit \\\n#     --master spark://spark-master:7077 \\\n#     --conf spark.driver.cores=2 \\\n#     --conf spark.driver.memory=2G \\\n#     --conf spark.executor.instances=1 \\\n#     --conf spark.executor.cores=2 \\\n#     --conf spark.executor.memory=2G \\\n#     --files ${raw_file_dir} \\\n#     --name reddit_preprocessing spark_reddit_preprocessing.py\n\n$SPARK_HOME/bin/spark-submit \\\n    --master local \\\n    --files ${raw_file_dir} \\\n    --name reddit_preprocessing spark_reddit_preprocessing.py\n",
  "resourceList" : [ {
    "id" : null,
    "resourceName" : "file:/dolphinscheduler/default/resources/spark_reddit_preprocessing.py",
    "res" : null
  } ]
}
[INFO] 2024-04-23 11:52:34.114 +0800 - Success initialized task plugin instance successfully
[INFO] 2024-04-23 11:52:34.114 +0800 - Set taskVarPool: [{"prop":"raw_file_dir","direct":"IN","type":"VARCHAR","value":"/local_storage/reddit/processing/386-20240422.json"}] successfully
[INFO] 2024-04-23 11:52:34.114 +0800 - ***********************************************************************************************
[INFO] 2024-04-23 11:52:34.114 +0800 - *********************************  Execute task instance  *************************************
[INFO] 2024-04-23 11:52:34.114 +0800 - ***********************************************************************************************
[INFO] 2024-04-23 11:52:34.115 +0800 - Final Shell file is: 
[INFO] 2024-04-23 11:52:34.115 +0800 - ****************************** Script Content *****************************************************************
[INFO] 2024-04-23 11:52:34.115 +0800 - #!/bin/bash
BASEDIR=$(cd `dirname $0`; pwd)
cd $BASEDIR
export SPARK_HOME=/opt/spark-3.5.1-bin-hadoop3
export JAVA_HOME=/opt/java/openjdk
export HADOOP_CONF_DIR=/opt/hadoop-3.4.0/etc/hadoop
export PYSPARK_DRIVER_PYTHON=/bin/python3.11
# $SPARK_HOME/bin/spark-submit \
#     --master spark://spark-master:7077 \
#     --conf spark.driver.cores=2 \
#     --conf spark.driver.memory=2G \
#     --conf spark.executor.instances=1 \
#     --conf spark.executor.cores=2 \
#     --conf spark.executor.memory=2G \
#     --files /local_storage/reddit/processing/386-20240422.json \
#     --name reddit_preprocessing spark_reddit_preprocessing.py

$SPARK_HOME/bin/spark-submit \
    --master local \
    --files /local_storage/reddit/processing/386-20240422.json \
    --name reddit_preprocessing spark_reddit_preprocessing.py

[INFO] 2024-04-23 11:52:34.116 +0800 - ****************************** Script Content *****************************************************************
[INFO] 2024-04-23 11:52:34.116 +0800 - Executing shell command : sudo -u default -i /tmp/dolphinscheduler/exec/process/default/13010050770016/13201021801792_84/495/1190/495_1190.sh
[INFO] 2024-04-23 11:52:34.120 +0800 - process start, process id is: 5214
[INFO] 2024-04-23 11:52:35.121 +0800 -  -> 
	sudo: unable to change directory to /home/default: No such file or directory
[INFO] 2024-04-23 11:52:36.124 +0800 -  -> 
	24/04/23 11:52:36 WARN NativeCodeLoader: Unable to load native-hadoop library for your platform... using builtin-java classes where applicable
[INFO] 2024-04-23 11:52:37.127 +0800 -  -> 
	24/04/23 11:52:36 INFO SparkContext: Running Spark version 3.5.1
	24/04/23 11:52:36 INFO SparkContext: OS info Linux, 6.5.0-28-generic, amd64
	24/04/23 11:52:36 INFO SparkContext: Java version 1.8.0_402
	24/04/23 11:52:36 INFO ResourceUtils: ==============================================================
	24/04/23 11:52:36 INFO ResourceUtils: No custom resources configured for spark.driver.
	24/04/23 11:52:36 INFO ResourceUtils: ==============================================================
	24/04/23 11:52:36 INFO SparkContext: Submitted application: reddit_preprocessing
	24/04/23 11:52:36 INFO ResourceProfile: Default ResourceProfile created, executor resources: Map(cores -> name: cores, amount: 1, script: , vendor: , memory -> name: memory, amount: 1024, script: , vendor: , offHeap -> name: offHeap, amount: 0, script: , vendor: ), task resources: Map(cpus -> name: cpus, amount: 1.0)
	24/04/23 11:52:36 INFO ResourceProfile: Limiting resource is cpu
	24/04/23 11:52:36 INFO ResourceProfileManager: Added ResourceProfile id: 0
	24/04/23 11:52:36 INFO SecurityManager: Changing view acls to: default
	24/04/23 11:52:36 INFO SecurityManager: Changing modify acls to: default
	24/04/23 11:52:36 INFO SecurityManager: Changing view acls groups to: 
	24/04/23 11:52:36 INFO SecurityManager: Changing modify acls groups to: 
	24/04/23 11:52:36 INFO SecurityManager: SecurityManager: authentication disabled; ui acls disabled; users with view permissions: default; groups with view permissions: EMPTY; users with modify permissions: default; groups with modify permissions: EMPTY
[INFO] 2024-04-23 11:52:38.129 +0800 -  -> 
	24/04/23 11:52:37 INFO Utils: Successfully started service 'sparkDriver' on port 45469.
	24/04/23 11:52:37 INFO SparkEnv: Registering MapOutputTracker
	24/04/23 11:52:37 INFO SparkEnv: Registering BlockManagerMaster
	24/04/23 11:52:37 INFO BlockManagerMasterEndpoint: Using org.apache.spark.storage.DefaultTopologyMapper for getting topology information
	24/04/23 11:52:37 INFO BlockManagerMasterEndpoint: BlockManagerMasterEndpoint up
	24/04/23 11:52:37 INFO SparkEnv: Registering BlockManagerMasterHeartbeat
	24/04/23 11:52:37 INFO DiskBlockManager: Created local directory at /tmp/blockmgr-07baafc4-6bae-4585-9b3b-e06adb19acc3
	24/04/23 11:52:37 INFO MemoryStore: MemoryStore started with capacity 366.3 MiB
	24/04/23 11:52:38 INFO SparkEnv: Registering OutputCommitCoordinator
[INFO] 2024-04-23 11:52:39.131 +0800 -  -> 
	24/04/23 11:52:38 INFO JettyUtils: Start Jetty 0.0.0.0:4040 for SparkUI
	24/04/23 11:52:38 INFO Utils: Successfully started service 'SparkUI' on port 4040.
	24/04/23 11:52:38 INFO SparkContext: Added file file:///local_storage/reddit/processing/386-20240422.json at file:///local_storage/reddit/processing/386-20240422.json with timestamp 1713844356774
	24/04/23 11:52:38 INFO Utils: Copying /local_storage/reddit/processing/386-20240422.json to /tmp/spark-726d7c29-4863-4b71-b138-a750f2f70a4d/userFiles-30858fdb-fae1-4d29-bc61-3ea1cd3ebcc0/386-20240422.json
	24/04/23 11:52:38 INFO Executor: Starting executor ID driver on host c0e814e3f0bd
	24/04/23 11:52:38 INFO Executor: OS info Linux, 6.5.0-28-generic, amd64
	24/04/23 11:52:39 INFO Executor: Java version 1.8.0_402
	24/04/23 11:52:39 INFO Executor: Starting executor with user classpath (userClassPathFirst = false): ''
	24/04/23 11:52:39 INFO Executor: Created or updated repl class loader org.apache.spark.util.MutableURLClassLoader@3fd2ac2b for default.
	24/04/23 11:52:39 INFO Executor: Fetching file:///local_storage/reddit/processing/386-20240422.json with timestamp 1713844356774
	24/04/23 11:52:39 INFO Utils: /local_storage/reddit/processing/386-20240422.json has been previously copied to /tmp/spark-726d7c29-4863-4b71-b138-a750f2f70a4d/userFiles-30858fdb-fae1-4d29-bc61-3ea1cd3ebcc0/386-20240422.json
[INFO] 2024-04-23 11:52:40.133 +0800 -  -> 
	24/04/23 11:52:39 INFO Utils: Successfully started service 'org.apache.spark.network.netty.NettyBlockTransferService' on port 43967.
	24/04/23 11:52:39 INFO NettyBlockTransferService: Server created on c0e814e3f0bd:43967
	24/04/23 11:52:39 INFO BlockManager: Using org.apache.spark.storage.RandomBlockReplicationPolicy for block replication policy
	24/04/23 11:52:39 INFO BlockManagerMaster: Registering BlockManager BlockManagerId(driver, c0e814e3f0bd, 43967, None)
	24/04/23 11:52:39 INFO BlockManagerMasterEndpoint: Registering block manager c0e814e3f0bd:43967 with 366.3 MiB RAM, BlockManagerId(driver, c0e814e3f0bd, 43967, None)
	24/04/23 11:52:39 INFO BlockManagerMaster: Registered BlockManager BlockManagerId(driver, c0e814e3f0bd, 43967, None)
	24/04/23 11:52:39 INFO BlockManager: Initialized BlockManager: BlockManagerId(driver, c0e814e3f0bd, 43967, None)
[INFO] 2024-04-23 11:52:41.135 +0800 -  -> 
	
	
	
	 /tmp/spark-726d7c29-4863-4b71-b138-a750f2f70a4d/userFiles-30858fdb-fae1-4d29-bc61-3ea1cd3ebcc0/386-20240422.json 
	
	
	
	24/04/23 11:52:40 INFO SharedState: Setting hive.metastore.warehouse.dir ('null') to the value of spark.sql.warehouse.dir.
	24/04/23 11:52:40 INFO SharedState: Warehouse path is 'file:/tmp/dolphinscheduler/exec/process/default/13010050770016/13201021801792_84/495/1190/spark-warehouse'.
[INFO] 2024-04-23 11:52:43.138 +0800 -  -> 
	24/04/23 11:52:42 INFO InMemoryFileIndex: It took 47 ms to list leaf files for 1 paths.
	24/04/23 11:52:42 INFO InMemoryFileIndex: It took 6 ms to list leaf files for 1 paths.
[INFO] 2024-04-23 11:52:46.165 +0800 -  -> 
	24/04/23 11:52:45 INFO FileSourceStrategy: Pushed Filters: 
	24/04/23 11:52:45 INFO FileSourceStrategy: Post-Scan Filters: 
[INFO] 2024-04-23 11:52:47.166 +0800 -  -> 
	24/04/23 11:52:46 INFO MemoryStore: Block broadcast_0 stored as values in memory (estimated size 350.7 KiB, free 366.0 MiB)
	24/04/23 11:52:46 INFO MemoryStore: Block broadcast_0_piece0 stored as bytes in memory (estimated size 34.4 KiB, free 365.9 MiB)
	24/04/23 11:52:46 INFO BlockManagerInfo: Added broadcast_0_piece0 in memory on c0e814e3f0bd:43967 (size: 34.4 KiB, free: 366.3 MiB)
	24/04/23 11:52:46 INFO SparkContext: Created broadcast 0 from json at NativeMethodAccessorImpl.java:0
	24/04/23 11:52:46 INFO FileSourceScanExec: Planning scan with bin packing, max size: 4266164 bytes, open cost is considered as scanning 4194304 bytes.
	24/04/23 11:52:46 INFO SparkContext: Starting job: json at NativeMethodAccessorImpl.java:0
	24/04/23 11:52:46 INFO DAGScheduler: Got job 0 (json at NativeMethodAccessorImpl.java:0) with 1 output partitions
	24/04/23 11:52:46 INFO DAGScheduler: Final stage: ResultStage 0 (json at NativeMethodAccessorImpl.java:0)
	24/04/23 11:52:46 INFO DAGScheduler: Parents of final stage: List()
	24/04/23 11:52:46 INFO DAGScheduler: Missing parents: List()
	24/04/23 11:52:46 INFO DAGScheduler: Submitting ResultStage 0 (MapPartitionsRDD[3] at json at NativeMethodAccessorImpl.java:0), which has no missing parents
	24/04/23 11:52:47 INFO MemoryStore: Block broadcast_1 stored as values in memory (estimated size 16.4 KiB, free 365.9 MiB)
	24/04/23 11:52:47 INFO MemoryStore: Block broadcast_1_piece0 stored as bytes in memory (estimated size 7.7 KiB, free 365.9 MiB)
	24/04/23 11:52:47 INFO BlockManagerInfo: Added broadcast_1_piece0 in memory on c0e814e3f0bd:43967 (size: 7.7 KiB, free: 366.3 MiB)
	24/04/23 11:52:47 INFO SparkContext: Created broadcast 1 from broadcast at DAGScheduler.scala:1585
	24/04/23 11:52:47 INFO DAGScheduler: Submitting 1 missing tasks from ResultStage 0 (MapPartitionsRDD[3] at json at NativeMethodAccessorImpl.java:0) (first 15 tasks are for partitions Vector(0))
	24/04/23 11:52:47 INFO TaskSchedulerImpl: Adding task set 0.0 with 1 tasks resource profile 0
[INFO] 2024-04-23 11:52:48.168 +0800 -  -> 
	24/04/23 11:52:47 INFO TaskSetManager: Starting task 0.0 in stage 0.0 (TID 0) (c0e814e3f0bd, executor driver, partition 0, PROCESS_LOCAL, 8481 bytes) 
	24/04/23 11:52:47 INFO Executor: Running task 0.0 in stage 0.0 (TID 0)
	24/04/23 11:52:47 INFO FileScanRDD: Reading File path: file:///tmp/spark-726d7c29-4863-4b71-b138-a750f2f70a4d/userFiles-30858fdb-fae1-4d29-bc61-3ea1cd3ebcc0/386-20240422.json, range: 0-71860, partition values: [empty row]
[INFO] 2024-04-23 11:52:49.170 +0800 -  -> 
	24/04/23 11:52:48 INFO CodeGenerator: Code generated in 382.496429 ms
	24/04/23 11:52:48 INFO Executor: Finished task 0.0 in stage 0.0 (TID 0). 1964 bytes result sent to driver
	24/04/23 11:52:48 INFO TaskSetManager: Finished task 0.0 in stage 0.0 (TID 0) in 1281 ms on c0e814e3f0bd (executor driver) (1/1)
	24/04/23 11:52:48 INFO TaskSchedulerImpl: Removed TaskSet 0.0, whose tasks have all completed, from pool 
	24/04/23 11:52:48 INFO DAGScheduler: ResultStage 0 (json at NativeMethodAccessorImpl.java:0) finished in 1.524 s
	24/04/23 11:52:48 INFO DAGScheduler: Job 0 is finished. Cancelling potential speculative or zombie tasks for this job
	24/04/23 11:52:48 INFO TaskSchedulerImpl: Killing all running tasks in stage 0: Stage finished
	24/04/23 11:52:48 INFO DAGScheduler: Job 0 finished: json at NativeMethodAccessorImpl.java:0, took 1.622388 s
	
	
	
	 1 
	
	
	
	Traceback (most recent call last):
	  File "/tmp/dolphinscheduler/exec/process/default/13010050770016/13201021801792_84/495/1190/spark_reddit_preprocessing.py", line 51, in <module>
	    new_df = raw_df.withColumn("type", split(raw_df["name"], "_")[0]) \
	                                             ~~~~~~^^^^^^^^
	  File "/opt/spark-3.5.1-bin-hadoop3/python/lib/pyspark.zip/pyspark/sql/dataframe.py", line 3078, in __getitem__
	  File "/opt/spark-3.5.1-bin-hadoop3/python/lib/py4j-0.10.9.7-src.zip/py4j/java_gateway.py", line 1322, in __call__
	  File "/opt/spark-3.5.1-bin-hadoop3/python/lib/pyspark.zip/pyspark/errors/exceptions/captured.py", line 185, in deco
	pyspark.errors.exceptions.captured.AnalysisException: [UNRESOLVED_COLUMN.WITH_SUGGESTION] A column or function parameter with name `name` cannot be resolved. Did you mean one of the following? [`_corrupt_record`].
	24/04/23 11:52:48 INFO SparkContext: Invoking stop() from shutdown hook
	24/04/23 11:52:48 INFO SparkContext: SparkContext is stopping with exitCode 0.
	24/04/23 11:52:48 INFO SparkUI: Stopped Spark web UI at http://c0e814e3f0bd:4040
	24/04/23 11:52:48 INFO MapOutputTrackerMasterEndpoint: MapOutputTrackerMasterEndpoint stopped!
	24/04/23 11:52:48 INFO MemoryStore: MemoryStore cleared
	24/04/23 11:52:48 INFO BlockManager: BlockManager stopped
	24/04/23 11:52:48 INFO BlockManagerMaster: BlockManagerMaster stopped
	24/04/23 11:52:48 INFO OutputCommitCoordinator$OutputCommitCoordinatorEndpoint: OutputCommitCoordinator stopped!
	24/04/23 11:52:48 INFO SparkContext: Successfully stopped SparkContext
	24/04/23 11:52:48 INFO ShutdownHookManager: Shutdown hook called
	24/04/23 11:52:48 INFO ShutdownHookManager: Deleting directory /tmp/spark-726d7c29-4863-4b71-b138-a750f2f70a4d
	24/04/23 11:52:48 INFO ShutdownHookManager: Deleting directory /tmp/spark-6b4cfb90-f0fb-4573-8273-d002bfc6cb69
	24/04/23 11:52:48 INFO ShutdownHookManager: Deleting directory /tmp/spark-726d7c29-4863-4b71-b138-a750f2f70a4d/pyspark-9fb4d9b5-7b64-4be1-95ac-53f0aa2bd076
[INFO] 2024-04-23 11:52:49.172 +0800 - process has exited. execute path:/tmp/dolphinscheduler/exec/process/default/13010050770016/13201021801792_84/495/1190, processId:5214 ,exitStatusCode:1 ,processWaitForStatus:true ,processExitValue:1
[INFO] 2024-04-23 11:52:49.173 +0800 - ***********************************************************************************************
[INFO] 2024-04-23 11:52:49.173 +0800 - *********************************  Finalize task instance  ************************************
[INFO] 2024-04-23 11:52:49.173 +0800 - ***********************************************************************************************
[INFO] 2024-04-23 11:52:49.173 +0800 - Upload output files: [] successfully
[INFO] 2024-04-23 11:52:49.176 +0800 - Send task execute status: FAILURE to master : 172.18.1.1:1234
[INFO] 2024-04-23 11:52:49.177 +0800 - Remove the current task execute context from worker cache
[INFO] 2024-04-23 11:52:49.177 +0800 - The current execute mode isn't develop mode, will clear the task execute file: /tmp/dolphinscheduler/exec/process/default/13010050770016/13201021801792_84/495/1190
[INFO] 2024-04-23 11:52:49.179 +0800 - Success clear the task execute file: /tmp/dolphinscheduler/exec/process/default/13010050770016/13201021801792_84/495/1190
[INFO] 2024-04-23 11:52:49.179 +0800 - FINALIZE_SESSION
