[INFO] 2024-03-25 17:14:00.773 +0800 - ***********************************************************************************************
[INFO] 2024-03-25 17:14:00.775 +0800 - *********************************  Initialize task context  ***********************************
[INFO] 2024-03-25 17:14:00.775 +0800 - ***********************************************************************************************
[INFO] 2024-03-25 17:14:00.776 +0800 - Begin to initialize task
[INFO] 2024-03-25 17:14:00.776 +0800 - Set task startTime: 1711358040776
[INFO] 2024-03-25 17:14:00.776 +0800 - Set task appId: 220_490
[INFO] 2024-03-25 17:14:00.776 +0800 - End initialize task {
  "taskInstanceId" : 490,
  "taskName" : "hell",
  "firstSubmitTime" : 1711358040747,
  "startTime" : 1711358040776,
  "taskType" : "PYTHON",
  "workflowInstanceHost" : "172.19.0.8:5678",
  "host" : "172.19.0.6:1234",
  "logPath" : "/opt/dolphinscheduler/logs/20240325/13045665829504/1/220/490.log",
  "processId" : 0,
  "processDefineCode" : 13045665829504,
  "processDefineVersion" : 1,
  "processInstanceId" : 220,
  "scheduleTime" : 0,
  "executorId" : 1,
  "cmdTypeIfComplement" : 0,
  "tenantCode" : "default",
  "processDefineId" : 0,
  "projectId" : 0,
  "projectCode" : 13010050770016,
  "taskParams" : "{\"localParams\":[],\"rawScript\":\"print('Hello')\",\"resourceList\":[]}",
  "prepareParamsMap" : {
    "system.task.definition.name" : {
      "prop" : "system.task.definition.name",
      "direct" : "IN",
      "type" : "VARCHAR",
      "value" : "hell"
    },
    "system.project.name" : {
      "prop" : "system.project.name",
      "direct" : "IN",
      "type" : "VARCHAR",
      "value" : null
    },
    "system.project.code" : {
      "prop" : "system.project.code",
      "direct" : "IN",
      "type" : "VARCHAR",
      "value" : "13010050770016"
    },
    "system.workflow.instance.id" : {
      "prop" : "system.workflow.instance.id",
      "direct" : "IN",
      "type" : "VARCHAR",
      "value" : "220"
    },
    "system.biz.curdate" : {
      "prop" : "system.biz.curdate",
      "direct" : "IN",
      "type" : "VARCHAR",
      "value" : "20240325"
    },
    "system.biz.date" : {
      "prop" : "system.biz.date",
      "direct" : "IN",
      "type" : "VARCHAR",
      "value" : "20240324"
    },
    "system.task.instance.id" : {
      "prop" : "system.task.instance.id",
      "direct" : "IN",
      "type" : "VARCHAR",
      "value" : "490"
    },
    "system.workflow.definition.name" : {
      "prop" : "system.workflow.definition.name",
      "direct" : "IN",
      "type" : "VARCHAR",
      "value" : "hello"
    },
    "system.task.definition.code" : {
      "prop" : "system.task.definition.code",
      "direct" : "IN",
      "type" : "VARCHAR",
      "value" : "13045662268160"
    },
    "system.workflow.definition.code" : {
      "prop" : "system.workflow.definition.code",
      "direct" : "IN",
      "type" : "VARCHAR",
      "value" : "13045665829504"
    },
    "system.datetime" : {
      "prop" : "system.datetime",
      "direct" : "IN",
      "type" : "VARCHAR",
      "value" : "20240325171400"
    }
  },
  "taskAppId" : "220_490",
  "taskTimeout" : 2147483647,
  "workerGroup" : "default",
  "delayTime" : 0,
  "currentExecutionStatus" : "SUBMITTED_SUCCESS",
  "endTime" : 0,
  "dryRun" : 0,
  "paramsMap" : { },
  "cpuQuota" : -1,
  "memoryMax" : -1,
  "testFlag" : 0,
  "logBufferEnable" : false,
  "dispatchFailTimes" : 0
}
[INFO] 2024-03-25 17:14:00.776 +0800 - ***********************************************************************************************
[INFO] 2024-03-25 17:14:00.776 +0800 - *********************************  Load task instance plugin  *********************************
[INFO] 2024-03-25 17:14:00.776 +0800 - ***********************************************************************************************
[INFO] 2024-03-25 17:14:00.787 +0800 - Send task status RUNNING_EXECUTION master: 172.19.0.6:1234
[INFO] 2024-03-25 17:14:00.788 +0800 - TenantCode: default check successfully
[INFO] 2024-03-25 17:14:00.788 +0800 - WorkflowInstanceExecDir: /tmp/dolphinscheduler/exec/process/default/13010050770016/13045665829504_1/220/490 check successfully
[INFO] 2024-03-25 17:14:00.789 +0800 - Create TaskChannel: org.apache.dolphinscheduler.plugin.task.python.PythonTaskChannel successfully
[INFO] 2024-03-25 17:14:00.789 +0800 - Download resources successfully: 
ResourceContext(resourceItemMap={})
[INFO] 2024-03-25 17:14:00.790 +0800 - Download upstream files: [] successfully
[INFO] 2024-03-25 17:14:00.790 +0800 - Task plugin instance: PYTHON create successfully
[INFO] 2024-03-25 17:14:00.790 +0800 - Initialize python task params {
  "localParams" : [ ],
  "varPool" : null,
  "rawScript" : "print('Hello')",
  "resourceList" : [ ]
}
[INFO] 2024-03-25 17:14:00.790 +0800 - Success initialized task plugin instance successfully
[INFO] 2024-03-25 17:14:00.790 +0800 - Set taskVarPool: null successfully
[INFO] 2024-03-25 17:14:00.791 +0800 - ***********************************************************************************************
[INFO] 2024-03-25 17:14:00.791 +0800 - *********************************  Execute task instance  *************************************
[INFO] 2024-03-25 17:14:00.791 +0800 - ***********************************************************************************************
[INFO] 2024-03-25 17:14:00.791 +0800 - raw python script : print('Hello')
[INFO] 2024-03-25 17:14:00.791 +0800 - tenantCode :default, task dir:/tmp/dolphinscheduler/exec/process/default/13010050770016/13045665829504_1/220/490
[INFO] 2024-03-25 17:14:00.792 +0800 - generate python script file:/tmp/dolphinscheduler/exec/process/default/13010050770016/13045665829504_1/220/490/py_220_490.py
[INFO] 2024-03-25 17:14:00.792 +0800 - #-*- encoding=utf8 -*-

print('Hello')
[INFO] 2024-03-25 17:14:00.793 +0800 - Final Shell file is: 
[INFO] 2024-03-25 17:14:00.793 +0800 - ****************************** Script Content *****************************************************************
[INFO] 2024-03-25 17:14:00.793 +0800 - #!/bin/bash
BASEDIR=$(cd `dirname $0`; pwd)
cd $BASEDIR
${PYTHON_LAUNCHER} /tmp/dolphinscheduler/exec/process/default/13010050770016/13045665829504_1/220/490/py_220_490.py
[INFO] 2024-03-25 17:14:00.793 +0800 - ****************************** Script Content *****************************************************************
[INFO] 2024-03-25 17:14:00.794 +0800 - Executing shell command : sudo -u default -i /tmp/dolphinscheduler/exec/process/default/13010050770016/13045665829504_1/220/490/220_490.sh
[INFO] 2024-03-25 17:14:00.820 +0800 -  -> 
	sudo: unable to change directory to /home/default: No such file or directory
[INFO] 2024-03-25 17:14:00.820 +0800 - process start, process id is: 1381
[INFO] 2024-03-25 17:14:01.826 +0800 -  -> 
	/tmp/dolphinscheduler/exec/process/default/13010050770016/13045665829504_1/220/490/220_490.sh: line 4: /tmp/dolphinscheduler/exec/process/default/13010050770016/13045665829504_1/220/490/py_220_490.py: Permission denied
[INFO] 2024-03-25 17:14:01.827 +0800 - process has exited. execute path:/tmp/dolphinscheduler/exec/process/default/13010050770016/13045665829504_1/220/490, processId:1381 ,exitStatusCode:126 ,processWaitForStatus:true ,processExitValue:126
[INFO] 2024-03-25 17:14:01.827 +0800 - ***********************************************************************************************
[INFO] 2024-03-25 17:14:01.829 +0800 - *********************************  Finalize task instance  ************************************
[INFO] 2024-03-25 17:14:01.829 +0800 - ***********************************************************************************************
[INFO] 2024-03-25 17:14:01.829 +0800 - Upload output files: [] successfully
[INFO] 2024-03-25 17:14:01.833 +0800 - Send task execute status: FAILURE to master : 172.19.0.6:1234
[INFO] 2024-03-25 17:14:01.834 +0800 - Remove the current task execute context from worker cache
[INFO] 2024-03-25 17:14:01.834 +0800 - The current execute mode isn't develop mode, will clear the task execute file: /tmp/dolphinscheduler/exec/process/default/13010050770016/13045665829504_1/220/490
[INFO] 2024-03-25 17:14:01.836 +0800 - Success clear the task execute file: /tmp/dolphinscheduler/exec/process/default/13010050770016/13045665829504_1/220/490
[INFO] 2024-03-25 17:14:01.836 +0800 - FINALIZE_SESSION
[INFO] 2024-03-25 17:14:45.060 +0800 - ***********************************************************************************************
[INFO] 2024-03-25 17:14:45.065 +0800 - *********************************  Initialize task context  ***********************************
[INFO] 2024-03-25 17:14:45.065 +0800 - ***********************************************************************************************
[INFO] 2024-03-25 17:14:45.066 +0800 - Begin to initialize task
[INFO] 2024-03-25 17:14:45.066 +0800 - Set task startTime: 1711358085066
[INFO] 2024-03-25 17:14:45.066 +0800 - Set task appId: 220_490
[INFO] 2024-03-25 17:14:45.067 +0800 - End initialize task {
  "taskInstanceId" : 490,
  "taskName" : "hell",
  "firstSubmitTime" : 1711358040747,
  "startTime" : 1711358085066,
  "taskType" : "PYTHON",
  "workflowInstanceHost" : "172.19.0.8:5678",
  "host" : "172.19.0.6:1234",
  "logPath" : "/opt/dolphinscheduler/logs/20240325/13045665829504/1/220/490.log",
  "processId" : 0,
  "processDefineCode" : 13045665829504,
  "processDefineVersion" : 1,
  "processInstanceId" : 220,
  "scheduleTime" : 0,
  "executorId" : 1,
  "cmdTypeIfComplement" : 12,
  "tenantCode" : "default",
  "processDefineId" : 0,
  "projectId" : 0,
  "projectCode" : 13010050770016,
  "taskParams" : "{\"localParams\":[],\"rawScript\":\"print('Hello')\",\"resourceList\":[]}",
  "prepareParamsMap" : {
    "system.task.definition.name" : {
      "prop" : "system.task.definition.name",
      "direct" : "IN",
      "type" : "VARCHAR",
      "value" : "hell"
    },
    "system.project.name" : {
      "prop" : "system.project.name",
      "direct" : "IN",
      "type" : "VARCHAR",
      "value" : null
    },
    "system.biz.curdate" : {
      "prop" : "system.biz.curdate",
      "direct" : "IN",
      "type" : "VARCHAR",
      "value" : "20240325"
    },
    "system.task.instance.id" : {
      "prop" : "system.task.instance.id",
      "direct" : "IN",
      "type" : "VARCHAR",
      "value" : "490"
    },
    "system.task.definition.code" : {
      "prop" : "system.task.definition.code",
      "direct" : "IN",
      "type" : "VARCHAR",
      "value" : "13045662268160"
    },
    "system.datetime" : {
      "prop" : "system.datetime",
      "direct" : "IN",
      "type" : "VARCHAR",
      "value" : "20240325171445"
    },
    "system.task.execute.path" : {
      "prop" : "system.task.execute.path",
      "direct" : "IN",
      "type" : "VARCHAR",
      "value" : "/tmp/dolphinscheduler/exec/process/default/13010050770016/13045665829504_1/220/490"
    },
    "system.project.code" : {
      "prop" : "system.project.code",
      "direct" : "IN",
      "type" : "VARCHAR",
      "value" : "13010050770016"
    },
    "system.workflow.instance.id" : {
      "prop" : "system.workflow.instance.id",
      "direct" : "IN",
      "type" : "VARCHAR",
      "value" : "220"
    },
    "system.biz.date" : {
      "prop" : "system.biz.date",
      "direct" : "IN",
      "type" : "VARCHAR",
      "value" : "20240324"
    },
    "system.workflow.definition.name" : {
      "prop" : "system.workflow.definition.name",
      "direct" : "IN",
      "type" : "VARCHAR",
      "value" : "hello"
    },
    "system.workflow.definition.code" : {
      "prop" : "system.workflow.definition.code",
      "direct" : "IN",
      "type" : "VARCHAR",
      "value" : "13045665829504"
    }
  },
  "taskAppId" : "220_490",
  "taskTimeout" : 2147483647,
  "workerGroup" : "default",
  "delayTime" : 0,
  "currentExecutionStatus" : "SUBMITTED_SUCCESS",
  "endTime" : 0,
  "varPool" : "[]",
  "dryRun" : 0,
  "paramsMap" : { },
  "cpuQuota" : -1,
  "memoryMax" : -1,
  "testFlag" : 0,
  "logBufferEnable" : false,
  "dispatchFailTimes" : 0
}
[INFO] 2024-03-25 17:14:45.068 +0800 - ***********************************************************************************************
[INFO] 2024-03-25 17:14:45.068 +0800 - *********************************  Load task instance plugin  *********************************
[INFO] 2024-03-25 17:14:45.068 +0800 - ***********************************************************************************************
[INFO] 2024-03-25 17:14:45.084 +0800 - Send task status RUNNING_EXECUTION master: 172.19.0.6:1234
[INFO] 2024-03-25 17:14:45.085 +0800 - TenantCode: default check successfully
[INFO] 2024-03-25 17:14:45.086 +0800 - WorkflowInstanceExecDir: /tmp/dolphinscheduler/exec/process/default/13010050770016/13045665829504_1/220/490 check successfully
[INFO] 2024-03-25 17:14:45.086 +0800 - Create TaskChannel: org.apache.dolphinscheduler.plugin.task.python.PythonTaskChannel successfully
[INFO] 2024-03-25 17:14:45.086 +0800 - Download resources successfully: 
ResourceContext(resourceItemMap={})
[INFO] 2024-03-25 17:14:45.086 +0800 - Download upstream files: [] successfully
[INFO] 2024-03-25 17:14:45.087 +0800 - Task plugin instance: PYTHON create successfully
[INFO] 2024-03-25 17:14:45.087 +0800 - Initialize python task params {
  "localParams" : [ ],
  "varPool" : null,
  "rawScript" : "print('Hello')",
  "resourceList" : [ ]
}
[INFO] 2024-03-25 17:14:45.087 +0800 - Success initialized task plugin instance successfully
[INFO] 2024-03-25 17:14:45.090 +0800 - Set taskVarPool: [] successfully
[INFO] 2024-03-25 17:14:45.090 +0800 - ***********************************************************************************************
[INFO] 2024-03-25 17:14:45.090 +0800 - *********************************  Execute task instance  *************************************
[INFO] 2024-03-25 17:14:45.090 +0800 - ***********************************************************************************************
[INFO] 2024-03-25 17:14:45.091 +0800 - raw python script : print('Hello')
[INFO] 2024-03-25 17:14:45.091 +0800 - tenantCode :default, task dir:/tmp/dolphinscheduler/exec/process/default/13010050770016/13045665829504_1/220/490
[INFO] 2024-03-25 17:14:45.091 +0800 - generate python script file:/tmp/dolphinscheduler/exec/process/default/13010050770016/13045665829504_1/220/490/py_220_490.py
[INFO] 2024-03-25 17:14:45.091 +0800 - #-*- encoding=utf8 -*-

print('Hello')
[INFO] 2024-03-25 17:14:45.100 +0800 - Final Shell file is: 
[INFO] 2024-03-25 17:14:45.104 +0800 - ****************************** Script Content *****************************************************************
[INFO] 2024-03-25 17:14:45.108 +0800 - #!/bin/bash
BASEDIR=$(cd `dirname $0`; pwd)
cd $BASEDIR
${PYTHON_LAUNCHER} /tmp/dolphinscheduler/exec/process/default/13010050770016/13045665829504_1/220/490/py_220_490.py
[INFO] 2024-03-25 17:14:45.108 +0800 - ****************************** Script Content *****************************************************************
[INFO] 2024-03-25 17:14:45.108 +0800 - Executing shell command : sudo -u default -i /tmp/dolphinscheduler/exec/process/default/13010050770016/13045665829504_1/220/490/220_490.sh
[INFO] 2024-03-25 17:14:45.143 +0800 - process start, process id is: 1405
[INFO] 2024-03-25 17:14:45.143 +0800 -  -> 
	sudo: unable to change directory to /home/default: No such file or directory
[INFO] 2024-03-25 17:14:46.150 +0800 -  -> 
	/tmp/dolphinscheduler/exec/process/default/13010050770016/13045665829504_1/220/490/220_490.sh: line 4: /tmp/dolphinscheduler/exec/process/default/13010050770016/13045665829504_1/220/490/py_220_490.py: Permission denied
[INFO] 2024-03-25 17:14:46.151 +0800 - process has exited. execute path:/tmp/dolphinscheduler/exec/process/default/13010050770016/13045665829504_1/220/490, processId:1405 ,exitStatusCode:126 ,processWaitForStatus:true ,processExitValue:126
[INFO] 2024-03-25 17:14:46.152 +0800 - ***********************************************************************************************
[INFO] 2024-03-25 17:14:46.152 +0800 - *********************************  Finalize task instance  ************************************
[INFO] 2024-03-25 17:14:46.152 +0800 - ***********************************************************************************************
[INFO] 2024-03-25 17:14:46.152 +0800 - Upload output files: [] successfully
[INFO] 2024-03-25 17:14:46.158 +0800 - Send task execute status: FAILURE to master : 172.19.0.6:1234
[INFO] 2024-03-25 17:14:46.158 +0800 - Remove the current task execute context from worker cache
[INFO] 2024-03-25 17:14:46.158 +0800 - The current execute mode isn't develop mode, will clear the task execute file: /tmp/dolphinscheduler/exec/process/default/13010050770016/13045665829504_1/220/490
[INFO] 2024-03-25 17:14:46.160 +0800 - Success clear the task execute file: /tmp/dolphinscheduler/exec/process/default/13010050770016/13045665829504_1/220/490
[INFO] 2024-03-25 17:14:46.160 +0800 - FINALIZE_SESSION
