[INFO] 2024-04-22 09:42:42.682 +0800 - ***********************************************************************************************
[INFO] 2024-04-22 09:42:42.686 +0800 - *********************************  Initialize task context  ***********************************
[INFO] 2024-04-22 09:42:42.686 +0800 - ***********************************************************************************************
[INFO] 2024-04-22 09:42:42.687 +0800 - Begin to initialize task
[INFO] 2024-04-22 09:42:42.687 +0800 - Set task startTime: 1713750162687
[INFO] 2024-04-22 09:42:42.687 +0800 - Set task appId: 393_860
[INFO] 2024-04-22 09:42:42.687 +0800 - End initialize task {
  "taskInstanceId" : 860,
  "taskName" : "move to processing",
  "firstSubmitTime" : 1713750162668,
  "startTime" : 1713750162687,
  "taskType" : "SHELL",
  "workflowInstanceHost" : "172.18.0.11:5678",
  "host" : "172.18.1.1:1234",
  "logPath" : "/opt/dolphinscheduler/logs/20240422/13201021801792/42/393/860.log",
  "processId" : 0,
  "processDefineCode" : 13201021801792,
  "processDefineVersion" : 42,
  "processInstanceId" : 393,
  "scheduleTime" : 0,
  "globalParams" : "[{\"prop\":\"folder\",\"direct\":\"IN\",\"type\":\"VARCHAR\",\"value\":\"in\"}]",
  "executorId" : 1,
  "cmdTypeIfComplement" : 12,
  "tenantCode" : "default",
  "processDefineId" : 0,
  "projectId" : 0,
  "projectCode" : 13010050770016,
  "taskParams" : "{\"localParams\":[],\"rawScript\":\"# move file to the reddit processing folder\\nmv ${raw_file_dir} ${REDDIT_HOME}/processing\",\"resourceList\":[]}",
  "environmentConfig" : "export PYTHON_LAUNCHER=/bin/python3.11",
  "prepareParamsMap" : {
    "system.task.definition.name" : {
      "prop" : "system.task.definition.name",
      "direct" : "IN",
      "type" : "VARCHAR",
      "value" : "move to processing"
    },
    "system.project.name" : {
      "prop" : "system.project.name",
      "direct" : "IN",
      "type" : "VARCHAR",
      "value" : null
    },
    "REDDIT_HOME" : {
      "prop" : "REDDIT_HOME",
      "direct" : "IN",
      "type" : "VARCHAR",
      "value" : "/local_storage/reddit"
    },
    "system.biz.curdate" : {
      "prop" : "system.biz.curdate",
      "direct" : "IN",
      "type" : "VARCHAR",
      "value" : "20240422"
    },
    "system.task.instance.id" : {
      "prop" : "system.task.instance.id",
      "direct" : "IN",
      "type" : "VARCHAR",
      "value" : "860"
    },
    "system.task.definition.code" : {
      "prop" : "system.task.definition.code",
      "direct" : "IN",
      "type" : "VARCHAR",
      "value" : "13340390094208"
    },
    "system.datetime" : {
      "prop" : "system.datetime",
      "direct" : "IN",
      "type" : "VARCHAR",
      "value" : "20240422094242"
    },
    "folder" : {
      "prop" : "folder",
      "direct" : "IN",
      "type" : "VARCHAR",
      "value" : "in"
    },
    "system.project.code" : {
      "prop" : "system.project.code",
      "direct" : "IN",
      "type" : "VARCHAR",
      "value" : "13010050770016"
    },
    "system.workflow.instance.id" : {
      "prop" : "system.workflow.instance.id",
      "direct" : "IN",
      "type" : "VARCHAR",
      "value" : "393"
    },
    "system.biz.date" : {
      "prop" : "system.biz.date",
      "direct" : "IN",
      "type" : "VARCHAR",
      "value" : "20240421"
    },
    "system.workflow.definition.name" : {
      "prop" : "system.workflow.definition.name",
      "direct" : "IN",
      "type" : "VARCHAR",
      "value" : "preprocess_post"
    },
    "system.workflow.definition.code" : {
      "prop" : "system.workflow.definition.code",
      "direct" : "IN",
      "type" : "VARCHAR",
      "value" : "13201021801792"
    }
  },
  "taskAppId" : "393_860",
  "taskTimeout" : 2147483647,
  "workerGroup" : "default",
  "delayTime" : 0,
  "currentExecutionStatus" : "SUBMITTED_SUCCESS",
  "endTime" : 0,
  "dryRun" : 0,
  "paramsMap" : { },
  "cpuQuota" : -1,
  "memoryMax" : -1,
  "testFlag" : 0,
  "logBufferEnable" : false,
  "dispatchFailTimes" : 0
}
[INFO] 2024-04-22 09:42:42.688 +0800 - ***********************************************************************************************
[INFO] 2024-04-22 09:42:42.688 +0800 - *********************************  Load task instance plugin  *********************************
[INFO] 2024-04-22 09:42:42.688 +0800 - ***********************************************************************************************
[INFO] 2024-04-22 09:42:42.692 +0800 - Send task status RUNNING_EXECUTION master: 172.18.1.1:1234
[INFO] 2024-04-22 09:42:42.693 +0800 - TenantCode: default check successfully
[INFO] 2024-04-22 09:42:42.695 +0800 - WorkflowInstanceExecDir: /tmp/dolphinscheduler/exec/process/default/13010050770016/13201021801792_42/393/860 check successfully
[INFO] 2024-04-22 09:42:42.695 +0800 - Create TaskChannel: org.apache.dolphinscheduler.plugin.task.shell.ShellTaskChannel successfully
[INFO] 2024-04-22 09:42:42.695 +0800 - Download resources successfully: 
ResourceContext(resourceItemMap={})
[INFO] 2024-04-22 09:42:42.696 +0800 - Download upstream files: [] successfully
[INFO] 2024-04-22 09:42:42.696 +0800 - Task plugin instance: SHELL create successfully
[INFO] 2024-04-22 09:42:42.697 +0800 - Initialize shell task params {
  "localParams" : [ ],
  "varPool" : null,
  "rawScript" : "# move file to the reddit processing folder\nmv ${raw_file_dir} ${REDDIT_HOME}/processing",
  "resourceList" : [ ]
}
[INFO] 2024-04-22 09:42:42.697 +0800 - Success initialized task plugin instance successfully
[INFO] 2024-04-22 09:42:42.697 +0800 - Set taskVarPool: null successfully
[INFO] 2024-04-22 09:42:42.698 +0800 - ***********************************************************************************************
[INFO] 2024-04-22 09:42:42.699 +0800 - *********************************  Execute task instance  *************************************
[INFO] 2024-04-22 09:42:42.699 +0800 - ***********************************************************************************************
[INFO] 2024-04-22 09:42:42.700 +0800 - Final Shell file is: 
[INFO] 2024-04-22 09:42:42.700 +0800 - ****************************** Script Content *****************************************************************
[INFO] 2024-04-22 09:42:42.700 +0800 - #!/bin/bash
BASEDIR=$(cd `dirname $0`; pwd)
cd $BASEDIR
export PYTHON_LAUNCHER=/bin/python3.11
# move file to the reddit processing folder
mv ${raw_file_dir} /local_storage/reddit/processing
[INFO] 2024-04-22 09:42:42.700 +0800 - ****************************** Script Content *****************************************************************
[INFO] 2024-04-22 09:42:42.700 +0800 - Executing shell command : sudo -u default -i /tmp/dolphinscheduler/exec/process/default/13010050770016/13201021801792_42/393/860/393_860.sh
[INFO] 2024-04-22 09:42:42.703 +0800 - process start, process id is: 1479
[INFO] 2024-04-22 09:42:43.708 +0800 -  -> 
	sudo: unable to change directory to /home/default: No such file or directory
	mv: missing destination file operand after '/local_storage/reddit/processing'
	Try 'mv --help' for more information.
[INFO] 2024-04-22 09:42:43.719 +0800 - process has exited. execute path:/tmp/dolphinscheduler/exec/process/default/13010050770016/13201021801792_42/393/860, processId:1479 ,exitStatusCode:1 ,processWaitForStatus:true ,processExitValue:1
[INFO] 2024-04-22 09:42:43.720 +0800 - ***********************************************************************************************
[INFO] 2024-04-22 09:42:43.721 +0800 - *********************************  Finalize task instance  ************************************
[INFO] 2024-04-22 09:42:43.721 +0800 - ***********************************************************************************************
[INFO] 2024-04-22 09:42:43.723 +0800 - Upload output files: [] successfully
[INFO] 2024-04-22 09:42:43.732 +0800 - Send task execute status: FAILURE to master : 172.18.1.1:1234
[INFO] 2024-04-22 09:42:43.733 +0800 - Remove the current task execute context from worker cache
[INFO] 2024-04-22 09:42:43.733 +0800 - The current execute mode isn't develop mode, will clear the task execute file: /tmp/dolphinscheduler/exec/process/default/13010050770016/13201021801792_42/393/860
[INFO] 2024-04-22 09:42:43.734 +0800 - Success clear the task execute file: /tmp/dolphinscheduler/exec/process/default/13010050770016/13201021801792_42/393/860
[INFO] 2024-04-22 09:42:43.735 +0800 - FINALIZE_SESSION
