[INFO] 2024-04-22 10:11:01.039 +0800 - ***********************************************************************************************
[INFO] 2024-04-22 10:11:01.075 +0800 - *********************************  Initialize task context  ***********************************
[INFO] 2024-04-22 10:11:01.076 +0800 - ***********************************************************************************************
[INFO] 2024-04-22 10:11:01.076 +0800 - Begin to initialize task
[INFO] 2024-04-22 10:11:01.076 +0800 - Set task startTime: 1713751861076
[INFO] 2024-04-22 10:11:01.076 +0800 - Set task appId: 396_897
[INFO] 2024-04-22 10:11:01.077 +0800 - End initialize task {
  "taskInstanceId" : 897,
  "taskName" : "num_gen_2",
  "firstSubmitTime" : 1713751861008,
  "startTime" : 1713751861076,
  "taskType" : "SHELL",
  "workflowInstanceHost" : "172.18.0.11:5678",
  "host" : "172.18.1.1:1234",
  "logPath" : "/opt/dolphinscheduler/logs/20240422/13001314456096/49/396/897.log",
  "processId" : 0,
  "processDefineCode" : 13001314456096,
  "processDefineVersion" : 49,
  "processInstanceId" : 396,
  "scheduleTime" : 0,
  "executorId" : 1,
  "cmdTypeIfComplement" : 0,
  "tenantCode" : "default",
  "processDefineId" : 0,
  "projectId" : 0,
  "projectCode" : 13001194483488,
  "taskParams" : "{\"localParams\":[{\"prop\":\"num2\",\"direct\":\"OUT\",\"type\":\"VARCHAR\",\"value\":\"\"}],\"rawScript\":\"#!/bin/bash\\n\\n# Generate a random number between 0 and 1\\nrandom_number=$((RANDOM % 2))\\n\\necho \\\"Random number: ${random_number}\\\"\\necho \\\"#{setValue(num2=${random_number})}\\\"\",\"resourceList\":[]}",
  "prepareParamsMap" : {
    "system.task.definition.name" : {
      "prop" : "system.task.definition.name",
      "direct" : "IN",
      "type" : "VARCHAR",
      "value" : "num_gen_2"
    },
    "system.project.name" : {
      "prop" : "system.project.name",
      "direct" : "IN",
      "type" : "VARCHAR",
      "value" : null
    },
    "system.project.code" : {
      "prop" : "system.project.code",
      "direct" : "IN",
      "type" : "VARCHAR",
      "value" : "13001194483488"
    },
    "system.workflow.instance.id" : {
      "prop" : "system.workflow.instance.id",
      "direct" : "IN",
      "type" : "VARCHAR",
      "value" : "396"
    },
    "system.biz.curdate" : {
      "prop" : "system.biz.curdate",
      "direct" : "IN",
      "type" : "VARCHAR",
      "value" : "20240422"
    },
    "system.biz.date" : {
      "prop" : "system.biz.date",
      "direct" : "IN",
      "type" : "VARCHAR",
      "value" : "20240421"
    },
    "system.task.instance.id" : {
      "prop" : "system.task.instance.id",
      "direct" : "IN",
      "type" : "VARCHAR",
      "value" : "897"
    },
    "system.workflow.definition.name" : {
      "prop" : "system.workflow.definition.name",
      "direct" : "IN",
      "type" : "VARCHAR",
      "value" : "random_numbers_generator"
    },
    "system.task.definition.code" : {
      "prop" : "system.task.definition.code",
      "direct" : "IN",
      "type" : "VARCHAR",
      "value" : "13001319154336"
    },
    "system.workflow.definition.code" : {
      "prop" : "system.workflow.definition.code",
      "direct" : "IN",
      "type" : "VARCHAR",
      "value" : "13001314456096"
    },
    "system.datetime" : {
      "prop" : "system.datetime",
      "direct" : "IN",
      "type" : "VARCHAR",
      "value" : "20240422101101"
    }
  },
  "taskAppId" : "396_897",
  "taskTimeout" : 2147483647,
  "workerGroup" : "default",
  "delayTime" : 0,
  "currentExecutionStatus" : "SUBMITTED_SUCCESS",
  "endTime" : 0,
  "dryRun" : 0,
  "paramsMap" : { },
  "cpuQuota" : -1,
  "memoryMax" : -1,
  "testFlag" : 0,
  "logBufferEnable" : false,
  "dispatchFailTimes" : 0
}
[INFO] 2024-04-22 10:11:01.077 +0800 - ***********************************************************************************************
[INFO] 2024-04-22 10:11:01.077 +0800 - *********************************  Load task instance plugin  *********************************
[INFO] 2024-04-22 10:11:01.077 +0800 - ***********************************************************************************************
[INFO] 2024-04-22 10:11:01.081 +0800 - Send task status RUNNING_EXECUTION master: 172.18.1.1:1234
[INFO] 2024-04-22 10:11:01.082 +0800 - TenantCode: default check successfully
[INFO] 2024-04-22 10:11:01.084 +0800 - WorkflowInstanceExecDir: /tmp/dolphinscheduler/exec/process/default/13001194483488/13001314456096_49/396/897 check successfully
[INFO] 2024-04-22 10:11:01.084 +0800 - Create TaskChannel: org.apache.dolphinscheduler.plugin.task.shell.ShellTaskChannel successfully
[INFO] 2024-04-22 10:11:01.084 +0800 - Download resources successfully: 
ResourceContext(resourceItemMap={})
[INFO] 2024-04-22 10:11:01.085 +0800 - Download upstream files: [] successfully
[INFO] 2024-04-22 10:11:01.085 +0800 - Task plugin instance: SHELL create successfully
[INFO] 2024-04-22 10:11:01.085 +0800 - Initialize shell task params {
  "localParams" : [ {
    "prop" : "num2",
    "direct" : "OUT",
    "type" : "VARCHAR",
    "value" : ""
  } ],
  "varPool" : null,
  "rawScript" : "#!/bin/bash\n\n# Generate a random number between 0 and 1\nrandom_number=$((RANDOM % 2))\n\necho \"Random number: ${random_number}\"\necho \"#{setValue(num2=${random_number})}\"",
  "resourceList" : [ ]
}
[INFO] 2024-04-22 10:11:01.086 +0800 - Success initialized task plugin instance successfully
[INFO] 2024-04-22 10:11:01.086 +0800 - Set taskVarPool: null successfully
[INFO] 2024-04-22 10:11:01.086 +0800 - ***********************************************************************************************
[INFO] 2024-04-22 10:11:01.086 +0800 - *********************************  Execute task instance  *************************************
[INFO] 2024-04-22 10:11:01.086 +0800 - ***********************************************************************************************
[INFO] 2024-04-22 10:11:01.086 +0800 - Final Shell file is: 
[INFO] 2024-04-22 10:11:01.087 +0800 - ****************************** Script Content *****************************************************************
[INFO] 2024-04-22 10:11:01.087 +0800 - #!/bin/bash
BASEDIR=$(cd `dirname $0`; pwd)
cd $BASEDIR
#!/bin/bash

# Generate a random number between 0 and 1
random_number=$((RANDOM % 2))

echo "Random number: ${random_number}"
echo "#{setValue(num2=${random_number})}"
[INFO] 2024-04-22 10:11:01.087 +0800 - ****************************** Script Content *****************************************************************
[INFO] 2024-04-22 10:11:01.087 +0800 - Executing shell command : sudo -u default -i /tmp/dolphinscheduler/exec/process/default/13001194483488/13001314456096_49/396/897/396_897.sh
[INFO] 2024-04-22 10:11:01.109 +0800 - process start, process id is: 2141
[INFO] 2024-04-22 10:11:02.111 +0800 -  -> 
	sudo: unable to change directory to /home/default: No such file or directory
	Random number: 1
	#{setValue(num2=1)}
[INFO] 2024-04-22 10:11:02.113 +0800 - process has exited. execute path:/tmp/dolphinscheduler/exec/process/default/13001194483488/13001314456096_49/396/897, processId:2141 ,exitStatusCode:0 ,processWaitForStatus:true ,processExitValue:0
[INFO] 2024-04-22 10:11:02.114 +0800 - ***********************************************************************************************
[INFO] 2024-04-22 10:11:02.114 +0800 - *********************************  Finalize task instance  ************************************
[INFO] 2024-04-22 10:11:02.114 +0800 - ***********************************************************************************************
[INFO] 2024-04-22 10:11:02.114 +0800 - Upload output files: [] successfully
[INFO] 2024-04-22 10:11:02.117 +0800 - Send task execute status: SUCCESS to master : 172.18.1.1:1234
[INFO] 2024-04-22 10:11:02.117 +0800 - Remove the current task execute context from worker cache
[INFO] 2024-04-22 10:11:02.117 +0800 - The current execute mode isn't develop mode, will clear the task execute file: /tmp/dolphinscheduler/exec/process/default/13001194483488/13001314456096_49/396/897
[INFO] 2024-04-22 10:11:02.118 +0800 - Success clear the task execute file: /tmp/dolphinscheduler/exec/process/default/13001194483488/13001314456096_49/396/897
[INFO] 2024-04-22 10:11:02.118 +0800 - FINALIZE_SESSION
