[INFO] 2024-03-21 19:40:32.328 +0800 - ***********************************************************************************************
[INFO] 2024-03-21 19:40:32.329 +0800 - *********************************  Initialize task context  ***********************************
[INFO] 2024-03-21 19:40:32.329 +0800 - ***********************************************************************************************
[INFO] 2024-03-21 19:40:32.329 +0800 - Begin to initialize task
[INFO] 2024-03-21 19:40:32.329 +0800 - Set task startTime: 1711021232329
[INFO] 2024-03-21 19:40:32.329 +0800 - Set task appId: 17_98
[INFO] 2024-03-21 19:40:32.329 +0800 - End initialize task {
  "taskInstanceId" : 98,
  "taskName" : "Task A",
  "firstSubmitTime" : 1711021232309,
  "startTime" : 1711021232329,
  "taskType" : "SHELL",
  "workflowInstanceHost" : "172.19.0.5:5678",
  "host" : "172.19.0.7:1234",
  "logPath" : "/opt/dolphinscheduler/logs/20240321/13002839652640/10/17/98.log",
  "processId" : 0,
  "processDefineCode" : 13002839652640,
  "processDefineVersion" : 10,
  "processInstanceId" : 17,
  "scheduleTime" : 0,
  "globalParams" : "[]",
  "executorId" : 1,
  "cmdTypeIfComplement" : 0,
  "tenantCode" : "default",
  "processDefineId" : 0,
  "projectId" : 0,
  "projectCode" : 13001194483488,
  "taskParams" : "{\"localParams\":[{\"prop\":\"task_completed\",\"direct\":\"OUT\",\"type\":\"VARCHAR\",\"value\":\"\"}],\"rawScript\":\"#!/bin/bash\\n\\necho \\\"Task A was completed\\\"\\necho \\\"#{setValue(task_completed='Task A')}\\\"\",\"resourceList\":[]}",
  "prepareParamsMap" : {
    "system.task.definition.name" : {
      "prop" : "system.task.definition.name",
      "direct" : "IN",
      "type" : "VARCHAR",
      "value" : "Task A"
    },
    "system.project.name" : {
      "prop" : "system.project.name",
      "direct" : "IN",
      "type" : "VARCHAR",
      "value" : null
    },
    "system.project.code" : {
      "prop" : "system.project.code",
      "direct" : "IN",
      "type" : "VARCHAR",
      "value" : "13001194483488"
    },
    "system.workflow.instance.id" : {
      "prop" : "system.workflow.instance.id",
      "direct" : "IN",
      "type" : "VARCHAR",
      "value" : "17"
    },
    "sum" : {
      "prop" : "sum",
      "direct" : "IN",
      "type" : "INTEGER",
      "value" : "2"
    },
    "system.biz.curdate" : {
      "prop" : "system.biz.curdate",
      "direct" : "IN",
      "type" : "VARCHAR",
      "value" : "20240321"
    },
    "system.biz.date" : {
      "prop" : "system.biz.date",
      "direct" : "IN",
      "type" : "VARCHAR",
      "value" : "20240320"
    },
    "system.task.instance.id" : {
      "prop" : "system.task.instance.id",
      "direct" : "IN",
      "type" : "VARCHAR",
      "value" : "98"
    },
    "system.workflow.definition.name" : {
      "prop" : "system.workflow.definition.name",
      "direct" : "IN",
      "type" : "VARCHAR",
      "value" : "number_sum_task_orchestrator"
    },
    "system.task.definition.code" : {
      "prop" : "system.task.definition.code",
      "direct" : "IN",
      "type" : "VARCHAR",
      "value" : "13002733318688"
    },
    "system.workflow.definition.code" : {
      "prop" : "system.workflow.definition.code",
      "direct" : "IN",
      "type" : "VARCHAR",
      "value" : "13002839652640"
    },
    "system.datetime" : {
      "prop" : "system.datetime",
      "direct" : "IN",
      "type" : "VARCHAR",
      "value" : "20240321194032"
    }
  },
  "taskAppId" : "17_98",
  "taskTimeout" : 2147483647,
  "workerGroup" : "default",
  "delayTime" : 0,
  "currentExecutionStatus" : "SUBMITTED_SUCCESS",
  "endTime" : 0,
  "varPool" : "[{\"prop\":\"sum\",\"direct\":\"IN\",\"type\":\"INTEGER\",\"value\":\"2\"}]",
  "dryRun" : 0,
  "paramsMap" : { },
  "cpuQuota" : -1,
  "memoryMax" : -1,
  "testFlag" : 0,
  "logBufferEnable" : false,
  "dispatchFailTimes" : 0
}
[INFO] 2024-03-21 19:40:32.330 +0800 - ***********************************************************************************************
[INFO] 2024-03-21 19:40:32.330 +0800 - *********************************  Load task instance plugin  *********************************
[INFO] 2024-03-21 19:40:32.330 +0800 - ***********************************************************************************************
[INFO] 2024-03-21 19:40:32.339 +0800 - Send task status RUNNING_EXECUTION master: 172.19.0.7:1234
[INFO] 2024-03-21 19:40:32.339 +0800 - TenantCode: default check successfully
[INFO] 2024-03-21 19:40:32.340 +0800 - WorkflowInstanceExecDir: /tmp/dolphinscheduler/exec/process/default/13001194483488/13002839652640_10/17/98 check successfully
[INFO] 2024-03-21 19:40:32.341 +0800 - Create TaskChannel: org.apache.dolphinscheduler.plugin.task.shell.ShellTaskChannel successfully
[INFO] 2024-03-21 19:40:32.341 +0800 - Download resources successfully: 
ResourceContext(resourceItemMap={})
[INFO] 2024-03-21 19:40:32.341 +0800 - Download upstream files: [] successfully
[INFO] 2024-03-21 19:40:32.341 +0800 - Task plugin instance: SHELL create successfully
[INFO] 2024-03-21 19:40:32.342 +0800 - Initialize shell task params {
  "localParams" : [ {
    "prop" : "task_completed",
    "direct" : "OUT",
    "type" : "VARCHAR",
    "value" : ""
  } ],
  "varPool" : null,
  "rawScript" : "#!/bin/bash\n\necho \"Task A was completed\"\necho \"#{setValue(task_completed='Task A')}\"",
  "resourceList" : [ ]
}
[INFO] 2024-03-21 19:40:32.342 +0800 - Success initialized task plugin instance successfully
[INFO] 2024-03-21 19:40:32.343 +0800 - Set taskVarPool: [{"prop":"sum","direct":"IN","type":"INTEGER","value":"2"}] successfully
[INFO] 2024-03-21 19:40:32.344 +0800 - ***********************************************************************************************
[INFO] 2024-03-21 19:40:32.344 +0800 - *********************************  Execute task instance  *************************************
[INFO] 2024-03-21 19:40:32.345 +0800 - ***********************************************************************************************
[INFO] 2024-03-21 19:40:32.346 +0800 - Final Shell file is: 
[INFO] 2024-03-21 19:40:32.346 +0800 - ****************************** Script Content *****************************************************************
[INFO] 2024-03-21 19:40:32.346 +0800 - #!/bin/bash
BASEDIR=$(cd `dirname $0`; pwd)
cd $BASEDIR
#!/bin/bash

echo "Task A was completed"
echo "#{setValue(task_completed='Task A')}"
[INFO] 2024-03-21 19:40:32.346 +0800 - ****************************** Script Content *****************************************************************
[INFO] 2024-03-21 19:40:32.347 +0800 - Executing shell command : sudo -u default -i /tmp/dolphinscheduler/exec/process/default/13001194483488/13002839652640_10/17/98/17_98.sh
[INFO] 2024-03-21 19:40:32.351 +0800 - process start, process id is: 4209
[INFO] 2024-03-21 19:40:33.354 +0800 -  -> 
	sudo: unable to change directory to /home/default: No such file or directory
	Task A was completed
	#{setValue(task_completed='Task A')}
[INFO] 2024-03-21 19:40:33.358 +0800 - process has exited. execute path:/tmp/dolphinscheduler/exec/process/default/13001194483488/13002839652640_10/17/98, processId:4209 ,exitStatusCode:0 ,processWaitForStatus:true ,processExitValue:0
[INFO] 2024-03-21 19:40:33.359 +0800 - ***********************************************************************************************
[INFO] 2024-03-21 19:40:33.360 +0800 - *********************************  Finalize task instance  ************************************
[INFO] 2024-03-21 19:40:33.362 +0800 - ***********************************************************************************************
[INFO] 2024-03-21 19:40:33.363 +0800 - Upload output files: [] successfully
[INFO] 2024-03-21 19:40:33.368 +0800 - Send task execute status: SUCCESS to master : 172.19.0.7:1234
[INFO] 2024-03-21 19:40:33.368 +0800 - Remove the current task execute context from worker cache
[INFO] 2024-03-21 19:40:33.368 +0800 - The current execute mode isn't develop mode, will clear the task execute file: /tmp/dolphinscheduler/exec/process/default/13001194483488/13002839652640_10/17/98
[INFO] 2024-03-21 19:40:33.369 +0800 - Success clear the task execute file: /tmp/dolphinscheduler/exec/process/default/13001194483488/13002839652640_10/17/98
[INFO] 2024-03-21 19:40:33.369 +0800 - FINALIZE_SESSION
