[INFO] 2024-04-23 12:03:02.736 +0800 - ***********************************************************************************************
[INFO] 2024-04-23 12:03:02.739 +0800 - *********************************  Initialize task context  ***********************************
[INFO] 2024-04-23 12:03:02.739 +0800 - ***********************************************************************************************
[INFO] 2024-04-23 12:03:02.739 +0800 - Begin to initialize task
[INFO] 2024-04-23 12:03:02.739 +0800 - Set task startTime: 1713844982739
[INFO] 2024-04-23 12:03:02.739 +0800 - Set task appId: 496_1198
[INFO] 2024-04-23 12:03:02.739 +0800 - End initialize task {
  "taskInstanceId" : 1198,
  "taskName" : "spark preprocessing",
  "firstSubmitTime" : 1713844982728,
  "startTime" : 1713844982739,
  "taskType" : "SHELL",
  "workflowInstanceHost" : "172.18.0.9:5678",
  "host" : "172.18.1.1:1234",
  "logPath" : "/opt/dolphinscheduler/logs/20240423/13201021801792/84/496/1198.log",
  "processId" : 0,
  "processDefineCode" : 13201021801792,
  "processDefineVersion" : 84,
  "processInstanceId" : 496,
  "scheduleTime" : 0,
  "globalParams" : "[{\"prop\":\"folder\",\"direct\":\"IN\",\"type\":\"VARCHAR\",\"value\":\"processing\"}]",
  "executorId" : 1,
  "cmdTypeIfComplement" : 0,
  "tenantCode" : "default",
  "processDefineId" : 0,
  "projectId" : 0,
  "projectCode" : 13010050770016,
  "taskParams" : "{\"localParams\":[],\"rawScript\":\"# $SPARK_HOME/bin/spark-submit \\\\\\n#     --master spark://spark-master:7077 \\\\\\n#     --conf spark.driver.cores=2 \\\\\\n#     --conf spark.driver.memory=2G \\\\\\n#     --conf spark.executor.instances=1 \\\\\\n#     --conf spark.executor.cores=2 \\\\\\n#     --conf spark.executor.memory=2G \\\\\\n#     --files ${raw_file_dir} \\\\\\n#     --name reddit_preprocessing spark_reddit_preprocessing.py\\n\\n$SPARK_HOME/bin/spark-submit \\\\\\n    --master local \\\\\\n    --files ${raw_file_dir} \\\\\\n    --name reddit_preprocessing spark_reddit_preprocessing.py\\n\",\"resourceList\":[{\"id\":null,\"resourceName\":\"file:/dolphinscheduler/default/resources/spark_reddit_preprocessing.py\",\"res\":null}]}",
  "environmentConfig" : "export SPARK_HOME=/opt/spark-3.5.1-bin-hadoop3\nexport JAVA_HOME=/opt/java/openjdk\nexport PYSPARK_DRIVER_PYTHON=/bin/python3.11\nexport PYTHON_LAUNCHER=/bin/python3.11",
  "prepareParamsMap" : {
    "system.task.definition.name" : {
      "prop" : "system.task.definition.name",
      "direct" : "IN",
      "type" : "VARCHAR",
      "value" : "spark preprocessing"
    },
    "system.project.name" : {
      "prop" : "system.project.name",
      "direct" : "IN",
      "type" : "VARCHAR",
      "value" : null
    },
    "REDDIT_HOME" : {
      "prop" : "REDDIT_HOME",
      "direct" : "IN",
      "type" : "VARCHAR",
      "value" : "/local_storage/reddit"
    },
    "system.biz.curdate" : {
      "prop" : "system.biz.curdate",
      "direct" : "IN",
      "type" : "VARCHAR",
      "value" : "20240423"
    },
    "system.task.instance.id" : {
      "prop" : "system.task.instance.id",
      "direct" : "IN",
      "type" : "VARCHAR",
      "value" : "1198"
    },
    "system.task.definition.code" : {
      "prop" : "system.task.definition.code",
      "direct" : "IN",
      "type" : "VARCHAR",
      "value" : "13210058002752"
    },
    "system.datetime" : {
      "prop" : "system.datetime",
      "direct" : "IN",
      "type" : "VARCHAR",
      "value" : "20240423120302"
    },
    "folder" : {
      "prop" : "folder",
      "direct" : "IN",
      "type" : "VARCHAR",
      "value" : "processing"
    },
    "system.project.code" : {
      "prop" : "system.project.code",
      "direct" : "IN",
      "type" : "VARCHAR",
      "value" : "13010050770016"
    },
    "system.workflow.instance.id" : {
      "prop" : "system.workflow.instance.id",
      "direct" : "IN",
      "type" : "VARCHAR",
      "value" : "496"
    },
    "raw_file_dir" : {
      "prop" : "raw_file_dir",
      "direct" : "IN",
      "type" : "VARCHAR",
      "value" : "/local_storage/reddit/processing/386-20240422.json"
    },
    "system.biz.date" : {
      "prop" : "system.biz.date",
      "direct" : "IN",
      "type" : "VARCHAR",
      "value" : "20240422"
    },
    "system.workflow.definition.name" : {
      "prop" : "system.workflow.definition.name",
      "direct" : "IN",
      "type" : "VARCHAR",
      "value" : "preprocess_post"
    },
    "system.workflow.definition.code" : {
      "prop" : "system.workflow.definition.code",
      "direct" : "IN",
      "type" : "VARCHAR",
      "value" : "13201021801792"
    }
  },
  "taskAppId" : "496_1198",
  "taskTimeout" : 2147483647,
  "workerGroup" : "default",
  "delayTime" : 0,
  "currentExecutionStatus" : "SUBMITTED_SUCCESS",
  "endTime" : 0,
  "varPool" : "[{\"prop\":\"raw_file_dir\",\"direct\":\"IN\",\"type\":\"VARCHAR\",\"value\":\"/local_storage/reddit/processing/386-20240422.json\"}]",
  "dryRun" : 0,
  "paramsMap" : { },
  "cpuQuota" : -1,
  "memoryMax" : -1,
  "testFlag" : 0,
  "logBufferEnable" : false,
  "dispatchFailTimes" : 0
}
[INFO] 2024-04-23 12:03:02.740 +0800 - ***********************************************************************************************
[INFO] 2024-04-23 12:03:02.740 +0800 - *********************************  Load task instance plugin  *********************************
[INFO] 2024-04-23 12:03:02.740 +0800 - ***********************************************************************************************
[INFO] 2024-04-23 12:03:02.744 +0800 - Send task status RUNNING_EXECUTION master: 172.18.1.1:1234
[INFO] 2024-04-23 12:03:02.745 +0800 - TenantCode: default check successfully
[INFO] 2024-04-23 12:03:02.745 +0800 - WorkflowInstanceExecDir: /tmp/dolphinscheduler/exec/process/default/13010050770016/13201021801792_84/496/1198 check successfully
[INFO] 2024-04-23 12:03:02.745 +0800 - Create TaskChannel: org.apache.dolphinscheduler.plugin.task.shell.ShellTaskChannel successfully
[INFO] 2024-04-23 12:03:02.747 +0800 - Download resources successfully: 
ResourceContext(resourceItemMap={file:/dolphinscheduler/default/resources/spark_reddit_preprocessing.py=ResourceContext.ResourceItem(resourceAbsolutePathInStorage=file:/dolphinscheduler/default/resources/spark_reddit_preprocessing.py, resourceRelativePath=spark_reddit_preprocessing.py, resourceAbsolutePathInLocal=/tmp/dolphinscheduler/exec/process/default/13010050770016/13201021801792_84/496/1198/spark_reddit_preprocessing.py)})
[INFO] 2024-04-23 12:03:02.747 +0800 - Download upstream files: [] successfully
[INFO] 2024-04-23 12:03:02.747 +0800 - Task plugin instance: SHELL create successfully
[INFO] 2024-04-23 12:03:02.747 +0800 - Initialize shell task params {
  "localParams" : [ ],
  "varPool" : null,
  "rawScript" : "# $SPARK_HOME/bin/spark-submit \\\n#     --master spark://spark-master:7077 \\\n#     --conf spark.driver.cores=2 \\\n#     --conf spark.driver.memory=2G \\\n#     --conf spark.executor.instances=1 \\\n#     --conf spark.executor.cores=2 \\\n#     --conf spark.executor.memory=2G \\\n#     --files ${raw_file_dir} \\\n#     --name reddit_preprocessing spark_reddit_preprocessing.py\n\n$SPARK_HOME/bin/spark-submit \\\n    --master local \\\n    --files ${raw_file_dir} \\\n    --name reddit_preprocessing spark_reddit_preprocessing.py\n",
  "resourceList" : [ {
    "id" : null,
    "resourceName" : "file:/dolphinscheduler/default/resources/spark_reddit_preprocessing.py",
    "res" : null
  } ]
}
[INFO] 2024-04-23 12:03:02.747 +0800 - Success initialized task plugin instance successfully
[INFO] 2024-04-23 12:03:02.747 +0800 - Set taskVarPool: [{"prop":"raw_file_dir","direct":"IN","type":"VARCHAR","value":"/local_storage/reddit/processing/386-20240422.json"}] successfully
[INFO] 2024-04-23 12:03:02.748 +0800 - ***********************************************************************************************
[INFO] 2024-04-23 12:03:02.748 +0800 - *********************************  Execute task instance  *************************************
[INFO] 2024-04-23 12:03:02.748 +0800 - ***********************************************************************************************
[INFO] 2024-04-23 12:03:02.748 +0800 - Final Shell file is: 
[INFO] 2024-04-23 12:03:02.748 +0800 - ****************************** Script Content *****************************************************************
[INFO] 2024-04-23 12:03:02.748 +0800 - #!/bin/bash
BASEDIR=$(cd `dirname $0`; pwd)
cd $BASEDIR
export SPARK_HOME=/opt/spark-3.5.1-bin-hadoop3
export JAVA_HOME=/opt/java/openjdk
export PYSPARK_DRIVER_PYTHON=/bin/python3.11
export PYTHON_LAUNCHER=/bin/python3.11
# $SPARK_HOME/bin/spark-submit \
#     --master spark://spark-master:7077 \
#     --conf spark.driver.cores=2 \
#     --conf spark.driver.memory=2G \
#     --conf spark.executor.instances=1 \
#     --conf spark.executor.cores=2 \
#     --conf spark.executor.memory=2G \
#     --files /local_storage/reddit/processing/386-20240422.json \
#     --name reddit_preprocessing spark_reddit_preprocessing.py

$SPARK_HOME/bin/spark-submit \
    --master local \
    --files /local_storage/reddit/processing/386-20240422.json \
    --name reddit_preprocessing spark_reddit_preprocessing.py

[INFO] 2024-04-23 12:03:02.748 +0800 - ****************************** Script Content *****************************************************************
[INFO] 2024-04-23 12:03:02.748 +0800 - Executing shell command : sudo -u default -i /tmp/dolphinscheduler/exec/process/default/13010050770016/13201021801792_84/496/1198/496_1198.sh
[INFO] 2024-04-23 12:03:02.766 +0800 - process start, process id is: 5622
[INFO] 2024-04-23 12:03:03.768 +0800 -  -> 
	sudo: unable to change directory to /home/default: No such file or directory
[INFO] 2024-04-23 12:03:05.777 +0800 -  -> 
	24/04/23 12:03:05 WARN NativeCodeLoader: Unable to load native-hadoop library for your platform... using builtin-java classes where applicable
[INFO] 2024-04-23 12:03:07.783 +0800 -  -> 
	24/04/23 12:03:06 INFO SparkContext: Running Spark version 3.5.1
	24/04/23 12:03:06 INFO SparkContext: OS info Linux, 6.5.0-28-generic, amd64
	24/04/23 12:03:06 INFO SparkContext: Java version 1.8.0_402
	24/04/23 12:03:06 INFO ResourceUtils: ==============================================================
	24/04/23 12:03:06 INFO ResourceUtils: No custom resources configured for spark.driver.
	24/04/23 12:03:06 INFO ResourceUtils: ==============================================================
	24/04/23 12:03:06 INFO SparkContext: Submitted application: reddit_preprocessing
	24/04/23 12:03:07 INFO ResourceProfile: Default ResourceProfile created, executor resources: Map(cores -> name: cores, amount: 1, script: , vendor: , memory -> name: memory, amount: 1024, script: , vendor: , offHeap -> name: offHeap, amount: 0, script: , vendor: ), task resources: Map(cpus -> name: cpus, amount: 1.0)
	24/04/23 12:03:07 INFO ResourceProfile: Limiting resource is cpu
	24/04/23 12:03:07 INFO ResourceProfileManager: Added ResourceProfile id: 0
	24/04/23 12:03:07 INFO SecurityManager: Changing view acls to: default
	24/04/23 12:03:07 INFO SecurityManager: Changing modify acls to: default
	24/04/23 12:03:07 INFO SecurityManager: Changing view acls groups to: 
	24/04/23 12:03:07 INFO SecurityManager: Changing modify acls groups to: 
	24/04/23 12:03:07 INFO SecurityManager: SecurityManager: authentication disabled; ui acls disabled; users with view permissions: default; groups with view permissions: EMPTY; users with modify permissions: default; groups with modify permissions: EMPTY
	24/04/23 12:03:07 INFO Utils: Successfully started service 'sparkDriver' on port 39695.
[INFO] 2024-04-23 12:03:08.790 +0800 -  -> 
	24/04/23 12:03:07 INFO SparkEnv: Registering MapOutputTracker
	24/04/23 12:03:07 INFO SparkEnv: Registering BlockManagerMaster
	24/04/23 12:03:07 INFO BlockManagerMasterEndpoint: Using org.apache.spark.storage.DefaultTopologyMapper for getting topology information
	24/04/23 12:03:07 INFO BlockManagerMasterEndpoint: BlockManagerMasterEndpoint up
	24/04/23 12:03:07 INFO SparkEnv: Registering BlockManagerMasterHeartbeat
	24/04/23 12:03:07 INFO DiskBlockManager: Created local directory at /tmp/blockmgr-2518b641-23e1-4762-acc5-3d64eff51912
	24/04/23 12:03:07 INFO MemoryStore: MemoryStore started with capacity 366.3 MiB
	24/04/23 12:03:07 INFO SparkEnv: Registering OutputCommitCoordinator
	24/04/23 12:03:08 INFO JettyUtils: Start Jetty 0.0.0.0:4040 for SparkUI
	24/04/23 12:03:08 INFO Utils: Successfully started service 'SparkUI' on port 4040.
	24/04/23 12:03:08 INFO SparkContext: Added file file:///local_storage/reddit/processing/386-20240422.json at file:///local_storage/reddit/processing/386-20240422.json with timestamp 1713844986885
	24/04/23 12:03:08 INFO Utils: Copying /local_storage/reddit/processing/386-20240422.json to /tmp/spark-aece77ef-f402-4afe-b347-a84ec7c333cd/userFiles-1c803c73-ba41-4298-8e5c-eeb769aa7a02/386-20240422.json
[INFO] 2024-04-23 12:03:09.802 +0800 -  -> 
	24/04/23 12:03:08 INFO Executor: Starting executor ID driver on host c0e814e3f0bd
	24/04/23 12:03:08 INFO Executor: OS info Linux, 6.5.0-28-generic, amd64
	24/04/23 12:03:08 INFO Executor: Java version 1.8.0_402
	24/04/23 12:03:09 INFO Executor: Starting executor with user classpath (userClassPathFirst = false): ''
	24/04/23 12:03:09 INFO Executor: Created or updated repl class loader org.apache.spark.util.MutableURLClassLoader@4fcd1ee1 for default.
	24/04/23 12:03:09 INFO Executor: Fetching file:///local_storage/reddit/processing/386-20240422.json with timestamp 1713844986885
	24/04/23 12:03:09 INFO Utils: /local_storage/reddit/processing/386-20240422.json has been previously copied to /tmp/spark-aece77ef-f402-4afe-b347-a84ec7c333cd/userFiles-1c803c73-ba41-4298-8e5c-eeb769aa7a02/386-20240422.json
	24/04/23 12:03:09 INFO Utils: Successfully started service 'org.apache.spark.network.netty.NettyBlockTransferService' on port 33471.
	24/04/23 12:03:09 INFO NettyBlockTransferService: Server created on c0e814e3f0bd:33471
	24/04/23 12:03:09 INFO BlockManager: Using org.apache.spark.storage.RandomBlockReplicationPolicy for block replication policy
	24/04/23 12:03:09 INFO BlockManagerMaster: Registering BlockManager BlockManagerId(driver, c0e814e3f0bd, 33471, None)
	24/04/23 12:03:09 INFO BlockManagerMasterEndpoint: Registering block manager c0e814e3f0bd:33471 with 366.3 MiB RAM, BlockManagerId(driver, c0e814e3f0bd, 33471, None)
	24/04/23 12:03:09 INFO BlockManagerMaster: Registered BlockManager BlockManagerId(driver, c0e814e3f0bd, 33471, None)
	24/04/23 12:03:09 INFO BlockManager: Initialized BlockManager: BlockManagerId(driver, c0e814e3f0bd, 33471, None)
[INFO] 2024-04-23 12:03:10.804 +0800 -  -> 
	
	
	
	 /tmp/spark-aece77ef-f402-4afe-b347-a84ec7c333cd/userFiles-1c803c73-ba41-4298-8e5c-eeb769aa7a02/386-20240422.json 
	
	
	
[INFO] 2024-04-23 12:03:11.807 +0800 -  -> 
	24/04/23 12:03:11 INFO MemoryStore: Block broadcast_0 stored as values in memory (estimated size 345.6 KiB, free 366.0 MiB)
	24/04/23 12:03:11 INFO MemoryStore: Block broadcast_0_piece0 stored as bytes in memory (estimated size 32.7 KiB, free 365.9 MiB)
	24/04/23 12:03:11 INFO BlockManagerInfo: Added broadcast_0_piece0 in memory on c0e814e3f0bd:33471 (size: 32.7 KiB, free: 366.3 MiB)
	24/04/23 12:03:11 INFO SparkContext: Created broadcast 0 from wholeTextFiles at NativeMethodAccessorImpl.java:0
	24/04/23 12:03:11 INFO SharedState: Setting hive.metastore.warehouse.dir ('null') to the value of spark.sql.warehouse.dir.
	24/04/23 12:03:11 INFO SharedState: Warehouse path is 'file:/tmp/dolphinscheduler/exec/process/default/13010050770016/13201021801792_84/496/1198/spark-warehouse'.
[INFO] 2024-04-23 12:03:17.822 +0800 -  -> 
	24/04/23 12:03:17 INFO CodeGenerator: Code generated in 498.252859 ms
	24/04/23 12:03:17 INFO FileInputFormat: Total input files to process : 1
	24/04/23 12:03:17 INFO FileInputFormat: Total input files to process : 1
	24/04/23 12:03:17 INFO SparkContext: Starting job: json at NativeMethodAccessorImpl.java:0
	24/04/23 12:03:17 INFO DAGScheduler: Got job 0 (json at NativeMethodAccessorImpl.java:0) with 1 output partitions
	24/04/23 12:03:17 INFO DAGScheduler: Final stage: ResultStage 0 (json at NativeMethodAccessorImpl.java:0)
	24/04/23 12:03:17 INFO DAGScheduler: Parents of final stage: List()
	24/04/23 12:03:17 INFO DAGScheduler: Missing parents: List()
	24/04/23 12:03:17 INFO DAGScheduler: Submitting ResultStage 0 (MapPartitionsRDD[7] at json at NativeMethodAccessorImpl.java:0), which has no missing parents
[INFO] 2024-04-23 12:03:18.831 +0800 -  -> 
	24/04/23 12:03:18 INFO MemoryStore: Block broadcast_1 stored as values in memory (estimated size 23.3 KiB, free 365.9 MiB)
	24/04/23 12:03:18 INFO MemoryStore: Block broadcast_1_piece0 stored as bytes in memory (estimated size 11.4 KiB, free 365.9 MiB)
	24/04/23 12:03:18 INFO BlockManagerInfo: Added broadcast_1_piece0 in memory on c0e814e3f0bd:33471 (size: 11.4 KiB, free: 366.3 MiB)
	24/04/23 12:03:18 INFO SparkContext: Created broadcast 1 from broadcast at DAGScheduler.scala:1585
	24/04/23 12:03:18 INFO DAGScheduler: Submitting 1 missing tasks from ResultStage 0 (MapPartitionsRDD[7] at json at NativeMethodAccessorImpl.java:0) (first 15 tasks are for partitions Vector(0))
	24/04/23 12:03:18 INFO TaskSchedulerImpl: Adding task set 0.0 with 1 tasks resource profile 0
	24/04/23 12:03:18 INFO TaskSetManager: Starting task 0.0 in stage 0.0 (TID 0) (c0e814e3f0bd, executor driver, partition 0, PROCESS_LOCAL, 8011 bytes) 
	24/04/23 12:03:18 INFO Executor: Running task 0.0 in stage 0.0 (TID 0)
[INFO] 2024-04-23 12:03:19.843 +0800 -  -> 
	24/04/23 12:03:18 INFO WholeTextFileRDD: Input split: Paths:/tmp/spark-aece77ef-f402-4afe-b347-a84ec7c333cd/userFiles-1c803c73-ba41-4298-8e5c-eeb769aa7a02/386-20240422.json:0+71860
	24/04/23 12:03:19 INFO CodeGenerator: Code generated in 36.313819 ms
	24/04/23 12:03:19 ERROR Executor: Exception in task 0.0 in stage 0.0 (TID 0)
	org.apache.spark.api.python.PythonException: Traceback (most recent call last):
	  File "/opt/spark-3.5.1-bin-hadoop3/python/lib/pyspark.zip/pyspark/worker.py", line 1100, in main
	    raise PySparkRuntimeError(
	pyspark.errors.exceptions.base.PySparkRuntimeError: [PYTHON_VERSION_MISMATCH] Python in worker has different version (3, 10) than that in driver 3.11, PySpark cannot run with different minor versions.
	Please check environment variables PYSPARK_PYTHON and PYSPARK_DRIVER_PYTHON are correctly set.
	
		at org.apache.spark.api.python.BasePythonRunner$ReaderIterator.handlePythonException(PythonRunner.scala:572)
		at org.apache.spark.api.python.PythonRunner$$anon$3.read(PythonRunner.scala:784)
		at org.apache.spark.api.python.PythonRunner$$anon$3.read(PythonRunner.scala:766)
		at org.apache.spark.api.python.BasePythonRunner$ReaderIterator.hasNext(PythonRunner.scala:525)
		at org.apache.spark.InterruptibleIterator.hasNext(InterruptibleIterator.scala:37)
		at scala.collection.Iterator$$anon$10.hasNext(Iterator.scala:460)
		at scala.collection.Iterator$$anon$10.hasNext(Iterator.scala:460)
		at org.apache.spark.sql.catalyst.expressions.GeneratedClass$GeneratedIteratorForCodegenStage1.processNext(Unknown Source)
		at org.apache.spark.sql.execution.BufferedRowIterator.hasNext(BufferedRowIterator.java:43)
		at org.apache.spark.sql.execution.WholeStageCodegenEvaluatorFactory$WholeStageCodegenPartitionEvaluator$$anon$1.hasNext(WholeStageCodegenEvaluatorFactory.scala:43)
		at scala.collection.Iterator$$anon$11.hasNext(Iterator.scala:491)
		at scala.collection.Iterator.isEmpty(Iterator.scala:387)
		at scala.collection.Iterator.isEmpty$(Iterator.scala:387)
		at scala.collection.AbstractIterator.isEmpty(Iterator.scala:1431)
		at scala.collection.TraversableOnce.reduceLeftOption(TraversableOnce.scala:249)
		at scala.collection.TraversableOnce.reduceLeftOption$(TraversableOnce.scala:248)
		at scala.collection.AbstractIterator.reduceLeftOption(Iterator.scala:1431)
		at scala.collection.TraversableOnce.reduceOption(TraversableOnce.scala:256)
		at scala.collection.TraversableOnce.reduceOption$(TraversableOnce.scala:256)
		at scala.collection.AbstractIterator.reduceOption(Iterator.scala:1431)
		at org.apache.spark.sql.catalyst.json.JsonInferSchema.$anonfun$infer$1(JsonInferSchema.scala:107)
		at org.apache.spark.rdd.RDD.$anonfun$mapPartitions$2(RDD.scala:858)
		at org.apache.spark.rdd.RDD.$anonfun$mapPartitions$2$adapted(RDD.scala:858)
		at org.apache.spark.rdd.MapPartitionsRDD.compute(MapPartitionsRDD.scala:52)
		at org.apache.spark.rdd.RDD.computeOrReadCheckpoint(RDD.scala:367)
		at org.apache.spark.rdd.RDD.iterator(RDD.scala:331)
		at org.apache.spark.scheduler.ResultTask.runTask(ResultTask.scala:93)
		at org.apache.spark.TaskContext.runTaskWithListeners(TaskContext.scala:166)
		at org.apache.spark.scheduler.Task.run(Task.scala:141)
		at org.apache.spark.executor.Executor$TaskRunner.$anonfun$run$4(Executor.scala:620)
		at org.apache.spark.util.SparkErrorUtils.tryWithSafeFinally(SparkErrorUtils.scala:64)
		at org.apache.spark.util.SparkErrorUtils.tryWithSafeFinally$(SparkErrorUtils.scala:61)
		at org.apache.spark.util.Utils$.tryWithSafeFinally(Utils.scala:94)
		at org.apache.spark.executor.Executor$TaskRunner.run(Executor.scala:623)
		at java.util.concurrent.ThreadPoolExecutor.runWorker(ThreadPoolExecutor.java:1149)
		at java.util.concurrent.ThreadPoolExecutor$Worker.run(ThreadPoolExecutor.java:624)
		at java.lang.Thread.run(Thread.java:750)
[INFO] 2024-04-23 12:03:20.846 +0800 -  -> 
	24/04/23 12:03:19 WARN TaskSetManager: Lost task 0.0 in stage 0.0 (TID 0) (c0e814e3f0bd executor driver): org.apache.spark.api.python.PythonException: Traceback (most recent call last):
	  File "/opt/spark-3.5.1-bin-hadoop3/python/lib/pyspark.zip/pyspark/worker.py", line 1100, in main
	    raise PySparkRuntimeError(
	pyspark.errors.exceptions.base.PySparkRuntimeError: [PYTHON_VERSION_MISMATCH] Python in worker has different version (3, 10) than that in driver 3.11, PySpark cannot run with different minor versions.
	Please check environment variables PYSPARK_PYTHON and PYSPARK_DRIVER_PYTHON are correctly set.
	
		at org.apache.spark.api.python.BasePythonRunner$ReaderIterator.handlePythonException(PythonRunner.scala:572)
		at org.apache.spark.api.python.PythonRunner$$anon$3.read(PythonRunner.scala:784)
		at org.apache.spark.api.python.PythonRunner$$anon$3.read(PythonRunner.scala:766)
		at org.apache.spark.api.python.BasePythonRunner$ReaderIterator.hasNext(PythonRunner.scala:525)
		at org.apache.spark.InterruptibleIterator.hasNext(InterruptibleIterator.scala:37)
		at scala.collection.Iterator$$anon$10.hasNext(Iterator.scala:460)
		at scala.collection.Iterator$$anon$10.hasNext(Iterator.scala:460)
		at org.apache.spark.sql.catalyst.expressions.GeneratedClass$GeneratedIteratorForCodegenStage1.processNext(Unknown Source)
		at org.apache.spark.sql.execution.BufferedRowIterator.hasNext(BufferedRowIterator.java:43)
		at org.apache.spark.sql.execution.WholeStageCodegenEvaluatorFactory$WholeStageCodegenPartitionEvaluator$$anon$1.hasNext(WholeStageCodegenEvaluatorFactory.scala:43)
		at scala.collection.Iterator$$anon$11.hasNext(Iterator.scala:491)
		at scala.collection.Iterator.isEmpty(Iterator.scala:387)
		at scala.collection.Iterator.isEmpty$(Iterator.scala:387)
		at scala.collection.AbstractIterator.isEmpty(Iterator.scala:1431)
		at scala.collection.TraversableOnce.reduceLeftOption(TraversableOnce.scala:249)
		at scala.collection.TraversableOnce.reduceLeftOption$(TraversableOnce.scala:248)
		at scala.collection.AbstractIterator.reduceLeftOption(Iterator.scala:1431)
		at scala.collection.TraversableOnce.reduceOption(TraversableOnce.scala:256)
		at scala.collection.TraversableOnce.reduceOption$(TraversableOnce.scala:256)
		at scala.collection.AbstractIterator.reduceOption(Iterator.scala:1431)
		at org.apache.spark.sql.catalyst.json.JsonInferSchema.$anonfun$infer$1(JsonInferSchema.scala:107)
		at org.apache.spark.rdd.RDD.$anonfun$mapPartitions$2(RDD.scala:858)
		at org.apache.spark.rdd.RDD.$anonfun$mapPartitions$2$adapted(RDD.scala:858)
		at org.apache.spark.rdd.MapPartitionsRDD.compute(MapPartitionsRDD.scala:52)
		at org.apache.spark.rdd.RDD.computeOrReadCheckpoint(RDD.scala:367)
		at org.apache.spark.rdd.RDD.iterator(RDD.scala:331)
		at org.apache.spark.scheduler.ResultTask.runTask(ResultTask.scala:93)
		at org.apache.spark.TaskContext.runTaskWithListeners(TaskContext.scala:166)
		at org.apache.spark.scheduler.Task.run(Task.scala:141)
		at org.apache.spark.executor.Executor$TaskRunner.$anonfun$run$4(Executor.scala:620)
		at org.apache.spark.util.SparkErrorUtils.tryWithSafeFinally(SparkErrorUtils.scala:64)
		at org.apache.spark.util.SparkErrorUtils.tryWithSafeFinally$(SparkErrorUtils.scala:61)
		at org.apache.spark.util.Utils$.tryWithSafeFinally(Utils.scala:94)
		at org.apache.spark.executor.Executor$TaskRunner.run(Executor.scala:623)
		at java.util.concurrent.ThreadPoolExecutor.runWorker(ThreadPoolExecutor.java:1149)
		at java.util.concurrent.ThreadPoolExecutor$Worker.run(ThreadPoolExecutor.java:624)
		at java.lang.Thread.run(Thread.java:750)
	
	24/04/23 12:03:19 ERROR TaskSetManager: Task 0 in stage 0.0 failed 1 times; aborting job
	24/04/23 12:03:19 INFO TaskSchedulerImpl: Removed TaskSet 0.0, whose tasks have all completed, from pool 
	24/04/23 12:03:19 INFO TaskSchedulerImpl: Cancelling stage 0
	24/04/23 12:03:19 INFO TaskSchedulerImpl: Killing all running tasks in stage 0: Stage cancelled: Job aborted due to stage failure: Task 0 in stage 0.0 failed 1 times, most recent failure: Lost task 0.0 in stage 0.0 (TID 0) (c0e814e3f0bd executor driver): org.apache.spark.api.python.PythonException: Traceback (most recent call last):
	  File "/opt/spark-3.5.1-bin-hadoop3/python/lib/pyspark.zip/pyspark/worker.py", line 1100, in main
	    raise PySparkRuntimeError(
	pyspark.errors.exceptions.base.PySparkRuntimeError: [PYTHON_VERSION_MISMATCH] Python in worker has different version (3, 10) than that in driver 3.11, PySpark cannot run with different minor versions.
	Please check environment variables PYSPARK_PYTHON and PYSPARK_DRIVER_PYTHON are correctly set.
	
		at org.apache.spark.api.python.BasePythonRunner$ReaderIterator.handlePythonException(PythonRunner.scala:572)
		at org.apache.spark.api.python.PythonRunner$$anon$3.read(PythonRunner.scala:784)
		at org.apache.spark.api.python.PythonRunner$$anon$3.read(PythonRunner.scala:766)
		at org.apache.spark.api.python.BasePythonRunner$ReaderIterator.hasNext(PythonRunner.scala:525)
		at org.apache.spark.InterruptibleIterator.hasNext(InterruptibleIterator.scala:37)
		at scala.collection.Iterator$$anon$10.hasNext(Iterator.scala:460)
		at scala.collection.Iterator$$anon$10.hasNext(Iterator.scala:460)
		at org.apache.spark.sql.catalyst.expressions.GeneratedClass$GeneratedIteratorForCodegenStage1.processNext(Unknown Source)
		at org.apache.spark.sql.execution.BufferedRowIterator.hasNext(BufferedRowIterator.java:43)
		at org.apache.spark.sql.execution.WholeStageCodegenEvaluatorFactory$WholeStageCodegenPartitionEvaluator$$anon$1.hasNext(WholeStageCodegenEvaluatorFactory.scala:43)
		at scala.collection.Iterator$$anon$11.hasNext(Iterator.scala:491)
		at scala.collection.Iterator.isEmpty(Iterator.scala:387)
		at scala.collection.Iterator.isEmpty$(Iterator.scala:387)
		at scala.collection.AbstractIterator.isEmpty(Iterator.scala:1431)
		at scala.collection.TraversableOnce.reduceLeftOption(TraversableOnce.scala:249)
		at scala.collection.TraversableOnce.reduceLeftOption$(TraversableOnce.scala:248)
		at scala.collection.AbstractIterator.reduceLeftOption(Iterator.scala:1431)
		at scala.collection.TraversableOnce.reduceOption(TraversableOnce.scala:256)
		at scala.collection.TraversableOnce.reduceOption$(TraversableOnce.scala:256)
		at scala.collection.AbstractIterator.reduceOption(Iterator.scala:1431)
		at org.apache.spark.sql.catalyst.json.JsonInferSchema.$anonfun$infer$1(JsonInferSchema.scala:107)
		at org.apache.spark.rdd.RDD.$anonfun$mapPartitions$2(RDD.scala:858)
		at org.apache.spark.rdd.RDD.$anonfun$mapPartitions$2$adapted(RDD.scala:858)
		at org.apache.spark.rdd.MapPartitionsRDD.compute(MapPartitionsRDD.scala:52)
		at org.apache.spark.rdd.RDD.computeOrReadCheckpoint(RDD.scala:367)
		at org.apache.spark.rdd.RDD.iterator(RDD.scala:331)
		at org.apache.spark.scheduler.ResultTask.runTask(ResultTask.scala:93)
		at org.apache.spark.TaskContext.runTaskWithListeners(TaskContext.scala:166)
		at org.apache.spark.scheduler.Task.run(Task.scala:141)
		at org.apache.spark.executor.Executor$TaskRunner.$anonfun$run$4(Executor.scala:620)
		at org.apache.spark.util.SparkErrorUtils.tryWithSafeFinally(SparkErrorUtils.scala:64)
		at org.apache.spark.util.SparkErrorUtils.tryWithSafeFinally$(SparkErrorUtils.scala:61)
		at org.apache.spark.util.Utils$.tryWithSafeFinally(Utils.scala:94)
		at org.apache.spark.executor.Executor$TaskRunner.run(Executor.scala:623)
		at java.util.concurrent.ThreadPoolExecutor.runWorker(ThreadPoolExecutor.java:1149)
		at java.util.concurrent.ThreadPoolExecutor$Worker.run(ThreadPoolExecutor.java:624)
		at java.lang.Thread.run(Thread.java:750)
	
	Driver stacktrace:
	24/04/23 12:03:19 INFO DAGScheduler: ResultStage 0 (json at NativeMethodAccessorImpl.java:0) failed in 2.089 s due to Job aborted due to stage failure: Task 0 in stage 0.0 failed 1 times, most recent failure: Lost task 0.0 in stage 0.0 (TID 0) (c0e814e3f0bd executor driver): org.apache.spark.api.python.PythonException: Traceback (most recent call last):
	  File "/opt/spark-3.5.1-bin-hadoop3/python/lib/pyspark.zip/pyspark/worker.py", line 1100, in main
	    raise PySparkRuntimeError(
	pyspark.errors.exceptions.base.PySparkRuntimeError: [PYTHON_VERSION_MISMATCH] Python in worker has different version (3, 10) than that in driver 3.11, PySpark cannot run with different minor versions.
	Please check environment variables PYSPARK_PYTHON and PYSPARK_DRIVER_PYTHON are correctly set.
	
		at org.apache.spark.api.python.BasePythonRunner$ReaderIterator.handlePythonException(PythonRunner.scala:572)
		at org.apache.spark.api.python.PythonRunner$$anon$3.read(PythonRunner.scala:784)
		at org.apache.spark.api.python.PythonRunner$$anon$3.read(PythonRunner.scala:766)
		at org.apache.spark.api.python.BasePythonRunner$ReaderIterator.hasNext(PythonRunner.scala:525)
		at org.apache.spark.InterruptibleIterator.hasNext(InterruptibleIterator.scala:37)
		at scala.collection.Iterator$$anon$10.hasNext(Iterator.scala:460)
		at scala.collection.Iterator$$anon$10.hasNext(Iterator.scala:460)
		at org.apache.spark.sql.catalyst.expressions.GeneratedClass$GeneratedIteratorForCodegenStage1.processNext(Unknown Source)
		at org.apache.spark.sql.execution.BufferedRowIterator.hasNext(BufferedRowIterator.java:43)
		at org.apache.spark.sql.execution.WholeStageCodegenEvaluatorFactory$WholeStageCodegenPartitionEvaluator$$anon$1.hasNext(WholeStageCodegenEvaluatorFactory.scala:43)
		at scala.collection.Iterator$$anon$11.hasNext(Iterator.scala:491)
		at scala.collection.Iterator.isEmpty(Iterator.scala:387)
		at scala.collection.Iterator.isEmpty$(Iterator.scala:387)
		at scala.collection.AbstractIterator.isEmpty(Iterator.scala:1431)
		at scala.collection.TraversableOnce.reduceLeftOption(TraversableOnce.scala:249)
		at scala.collection.TraversableOnce.reduceLeftOption$(TraversableOnce.scala:248)
		at scala.collection.AbstractIterator.reduceLeftOption(Iterator.scala:1431)
		at scala.collection.TraversableOnce.reduceOption(TraversableOnce.scala:256)
		at scala.collection.TraversableOnce.reduceOption$(TraversableOnce.scala:256)
		at scala.collection.AbstractIterator.reduceOption(Iterator.scala:1431)
		at org.apache.spark.sql.catalyst.json.JsonInferSchema.$anonfun$infer$1(JsonInferSchema.scala:107)
		at org.apache.spark.rdd.RDD.$anonfun$mapPartitions$2(RDD.scala:858)
		at org.apache.spark.rdd.RDD.$anonfun$mapPartitions$2$adapted(RDD.scala:858)
		at org.apache.spark.rdd.MapPartitionsRDD.compute(MapPartitionsRDD.scala:52)
		at org.apache.spark.rdd.RDD.computeOrReadCheckpoint(RDD.scala:367)
		at org.apache.spark.rdd.RDD.iterator(RDD.scala:331)
		at org.apache.spark.scheduler.ResultTask.runTask(ResultTask.scala:93)
		at org.apache.spark.TaskContext.runTaskWithListeners(TaskContext.scala:166)
		at org.apache.spark.scheduler.Task.run(Task.scala:141)
		at org.apache.spark.executor.Executor$TaskRunner.$anonfun$run$4(Executor.scala:620)
		at org.apache.spark.util.SparkErrorUtils.tryWithSafeFinally(SparkErrorUtils.scala:64)
		at org.apache.spark.util.SparkErrorUtils.tryWithSafeFinally$(SparkErrorUtils.scala:61)
		at org.apache.spark.util.Utils$.tryWithSafeFinally(Utils.scala:94)
		at org.apache.spark.executor.Executor$TaskRunner.run(Executor.scala:623)
		at java.util.concurrent.ThreadPoolExecutor.runWorker(ThreadPoolExecutor.java:1149)
		at java.util.concurrent.ThreadPoolExecutor$Worker.run(ThreadPoolExecutor.java:624)
		at java.lang.Thread.run(Thread.java:750)
	
	Driver stacktrace:
	24/04/23 12:03:19 INFO DAGScheduler: Job 0 failed: json at NativeMethodAccessorImpl.java:0, took 2.275694 s
	24/04/23 12:03:20 INFO BlockManagerInfo: Removed broadcast_1_piece0 on c0e814e3f0bd:33471 in memory (size: 11.4 KiB, free: 366.3 MiB)
	Traceback (most recent call last):
	  File "/tmp/dolphinscheduler/exec/process/default/13010050770016/13201021801792_84/496/1198/spark_reddit_preprocessing.py", line 50, in <module>
	    raw_df = spark.read.json(raw_df)
	             ^^^^^^^^^^^^^^^^^^^^^^^
	  File "/opt/spark-3.5.1-bin-hadoop3/python/lib/pyspark.zip/pyspark/sql/readwriter.py", line 440, in json
	  File "/opt/spark-3.5.1-bin-hadoop3/python/lib/py4j-0.10.9.7-src.zip/py4j/java_gateway.py", line 1322, in __call__
	  File "/opt/spark-3.5.1-bin-hadoop3/python/lib/pyspark.zip/pyspark/errors/exceptions/captured.py", line 179, in deco
	  File "/opt/spark-3.5.1-bin-hadoop3/python/lib/py4j-0.10.9.7-src.zip/py4j/protocol.py", line 326, in get_return_value
	py4j.protocol.Py4JJavaError: An error occurred while calling o30.json.
	: org.apache.spark.SparkException: Job aborted due to stage failure: Task 0 in stage 0.0 failed 1 times, most recent failure: Lost task 0.0 in stage 0.0 (TID 0) (c0e814e3f0bd executor driver): org.apache.spark.api.python.PythonException: Traceback (most recent call last):
	  File "/opt/spark-3.5.1-bin-hadoop3/python/lib/pyspark.zip/pyspark/worker.py", line 1100, in main
	    raise PySparkRuntimeError(
	pyspark.errors.exceptions.base.PySparkRuntimeError: [PYTHON_VERSION_MISMATCH] Python in worker has different version (3, 10) than that in driver 3.11, PySpark cannot run with different minor versions.
	Please check environment variables PYSPARK_PYTHON and PYSPARK_DRIVER_PYTHON are correctly set.
	
		at org.apache.spark.api.python.BasePythonRunner$ReaderIterator.handlePythonException(PythonRunner.scala:572)
		at org.apache.spark.api.python.PythonRunner$$anon$3.read(PythonRunner.scala:784)
		at org.apache.spark.api.python.PythonRunner$$anon$3.read(PythonRunner.scala:766)
		at org.apache.spark.api.python.BasePythonRunner$ReaderIterator.hasNext(PythonRunner.scala:525)
		at org.apache.spark.InterruptibleIterator.hasNext(InterruptibleIterator.scala:37)
		at scala.collection.Iterator$$anon$10.hasNext(Iterator.scala:460)
		at scala.collection.Iterator$$anon$10.hasNext(Iterator.scala:460)
		at org.apache.spark.sql.catalyst.expressions.GeneratedClass$GeneratedIteratorForCodegenStage1.processNext(Unknown Source)
		at org.apache.spark.sql.execution.BufferedRowIterator.hasNext(BufferedRowIterator.java:43)
		at org.apache.spark.sql.execution.WholeStageCodegenEvaluatorFactory$WholeStageCodegenPartitionEvaluator$$anon$1.hasNext(WholeStageCodegenEvaluatorFactory.scala:43)
		at scala.collection.Iterator$$anon$11.hasNext(Iterator.scala:491)
		at scala.collection.Iterator.isEmpty(Iterator.scala:387)
		at scala.collection.Iterator.isEmpty$(Iterator.scala:387)
		at scala.collection.AbstractIterator.isEmpty(Iterator.scala:1431)
		at scala.collection.TraversableOnce.reduceLeftOption(TraversableOnce.scala:249)
		at scala.collection.TraversableOnce.reduceLeftOption$(TraversableOnce.scala:248)
		at scala.collection.AbstractIterator.reduceLeftOption(Iterator.scala:1431)
		at scala.collection.TraversableOnce.reduceOption(TraversableOnce.scala:256)
		at scala.collection.TraversableOnce.reduceOption$(TraversableOnce.scala:256)
		at scala.collection.AbstractIterator.reduceOption(Iterator.scala:1431)
		at org.apache.spark.sql.catalyst.json.JsonInferSchema.$anonfun$infer$1(JsonInferSchema.scala:107)
		at org.apache.spark.rdd.RDD.$anonfun$mapPartitions$2(RDD.scala:858)
		at org.apache.spark.rdd.RDD.$anonfun$mapPartitions$2$adapted(RDD.scala:858)
		at org.apache.spark.rdd.MapPartitionsRDD.compute(MapPartitionsRDD.scala:52)
		at org.apache.spark.rdd.RDD.computeOrReadCheckpoint(RDD.scala:367)
		at org.apache.spark.rdd.RDD.iterator(RDD.scala:331)
		at org.apache.spark.scheduler.ResultTask.runTask(ResultTask.scala:93)
		at org.apache.spark.TaskContext.runTaskWithListeners(TaskContext.scala:166)
		at org.apache.spark.scheduler.Task.run(Task.scala:141)
		at org.apache.spark.executor.Executor$TaskRunner.$anonfun$run$4(Executor.scala:620)
		at org.apache.spark.util.SparkErrorUtils.tryWithSafeFinally(SparkErrorUtils.scala:64)
		at org.apache.spark.util.SparkErrorUtils.tryWithSafeFinally$(SparkErrorUtils.scala:61)
		at org.apache.spark.util.Utils$.tryWithSafeFinally(Utils.scala:94)
		at org.apache.spark.executor.Executor$TaskRunner.run(Executor.scala:623)
		at java.util.concurrent.ThreadPoolExecutor.runWorker(ThreadPoolExecutor.java:1149)
		at java.util.concurrent.ThreadPoolExecutor$Worker.run(ThreadPoolExecutor.java:624)
		at java.lang.Thread.run(Thread.java:750)
	
	Driver stacktrace:
		at org.apache.spark.scheduler.DAGScheduler.failJobAndIndependentStages(DAGScheduler.scala:2856)
		at org.apache.spark.scheduler.DAGScheduler.$anonfun$abortStage$2(DAGScheduler.scala:2792)
		at org.apache.spark.scheduler.DAGScheduler.$anonfun$abortStage$2$adapted(DAGScheduler.scala:2791)
		at scala.collection.mutable.ResizableArray.foreach(ResizableArray.scala:62)
		at scala.collection.mutable.ResizableArray.foreach$(ResizableArray.scala:55)
		at scala.collection.mutable.ArrayBuffer.foreach(ArrayBuffer.scala:49)
		at org.apache.spark.scheduler.DAGScheduler.abortStage(DAGScheduler.scala:2791)
		at org.apache.spark.scheduler.DAGScheduler.$anonfun$handleTaskSetFailed$1(DAGScheduler.scala:1247)
		at org.apache.spark.scheduler.DAGScheduler.$anonfun$handleTaskSetFailed$1$adapted(DAGScheduler.scala:1247)
		at scala.Option.foreach(Option.scala:407)
		at org.apache.spark.scheduler.DAGScheduler.handleTaskSetFailed(DAGScheduler.scala:1247)
		at org.apache.spark.scheduler.DAGSchedulerEventProcessLoop.doOnReceive(DAGScheduler.scala:3060)
		at org.apache.spark.scheduler.DAGSchedulerEventProcessLoop.onReceive(DAGScheduler.scala:2994)
		at org.apache.spark.scheduler.DAGSchedulerEventProcessLoop.onReceive(DAGScheduler.scala:2983)
		at org.apache.spark.util.EventLoop$$anon$1.run(EventLoop.scala:49)
		at org.apache.spark.scheduler.DAGScheduler.runJob(DAGScheduler.scala:989)
		at org.apache.spark.SparkContext.runJob(SparkContext.scala:2398)
		at org.apache.spark.SparkContext.runJob(SparkContext.scala:2493)
		at org.apache.spark.sql.catalyst.json.JsonInferSchema.infer(JsonInferSchema.scala:120)
		at org.apache.spark.sql.execution.datasources.json.TextInputJsonDataSource$.$anonfun$inferFromDataset$5(JsonDataSource.scala:109)
		at org.apache.spark.sql.execution.SQLExecution$.withSQLConfPropagated(SQLExecution.scala:201)
		at org.apache.spark.sql.execution.datasources.json.TextInputJsonDataSource$.inferFromDataset(JsonDataSource.scala:109)
		at org.apache.spark.sql.DataFrameReader.$anonfun$json$4(DataFrameReader.scala:416)
		at scala.Option.getOrElse(Option.scala:189)
		at org.apache.spark.sql.DataFrameReader.json(DataFrameReader.scala:416)
		at org.apache.spark.sql.DataFrameReader.json(DataFrameReader.scala:391)
		at org.apache.spark.sql.DataFrameReader.json(DataFrameReader.scala:377)
		at sun.reflect.NativeMethodAccessorImpl.invoke0(Native Method)
		at sun.reflect.NativeMethodAccessorImpl.invoke(NativeMethodAccessorImpl.java:62)
		at sun.reflect.DelegatingMethodAccessorImpl.invoke(DelegatingMethodAccessorImpl.java:43)
		at java.lang.reflect.Method.invoke(Method.java:498)
		at py4j.reflection.MethodInvoker.invoke(MethodInvoker.java:244)
		at py4j.reflection.ReflectionEngine.invoke(ReflectionEngine.java:374)
		at py4j.Gateway.invoke(Gateway.java:282)
		at py4j.commands.AbstractCommand.invokeMethod(AbstractCommand.java:132)
		at py4j.commands.CallCommand.execute(CallCommand.java:79)
		at py4j.ClientServerConnection.waitForCommands(ClientServerConnection.java:182)
		at py4j.ClientServerConnection.run(ClientServerConnection.java:106)
		at java.lang.Thread.run(Thread.java:750)
	Caused by: org.apache.spark.api.python.PythonException: Traceback (most recent call last):
	  File "/opt/spark-3.5.1-bin-hadoop3/python/lib/pyspark.zip/pyspark/worker.py", line 1100, in main
	    raise PySparkRuntimeError(
	pyspark.errors.exceptions.base.PySparkRuntimeError: [PYTHON_VERSION_MISMATCH] Python in worker has different version (3, 10) than that in driver 3.11, PySpark cannot run with different minor versions.
	Please check environment variables PYSPARK_PYTHON and PYSPARK_DRIVER_PYTHON are correctly set.
	
		at org.apache.spark.api.python.BasePythonRunner$ReaderIterator.handlePythonException(PythonRunner.scala:572)
		at org.apache.spark.api.python.PythonRunner$$anon$3.read(PythonRunner.scala:784)
		at org.apache.spark.api.python.PythonRunner$$anon$3.read(PythonRunner.scala:766)
		at org.apache.spark.api.python.BasePythonRunner$ReaderIterator.hasNext(PythonRunner.scala:525)
		at org.apache.spark.InterruptibleIterator.hasNext(InterruptibleIterator.scala:37)
		at scala.collection.Iterator$$anon$10.hasNext(Iterator.scala:460)
		at scala.collection.Iterator$$anon$10.hasNext(Iterator.scala:460)
		at org.apache.spark.sql.catalyst.expressions.GeneratedClass$GeneratedIteratorForCodegenStage1.processNext(Unknown Source)
		at org.apache.spark.sql.execution.BufferedRowIterator.hasNext(BufferedRowIterator.java:43)
		at org.apache.spark.sql.execution.WholeStageCodegenEvaluatorFactory$WholeStageCodegenPartitionEvaluator$$anon$1.hasNext(WholeStageCodegenEvaluatorFactory.scala:43)
		at scala.collection.Iterator$$anon$11.hasNext(Iterator.scala:491)
		at scala.collection.Iterator.isEmpty(Iterator.scala:387)
		at scala.collection.Iterator.isEmpty$(Iterator.scala:387)
		at scala.collection.AbstractIterator.isEmpty(Iterator.scala:1431)
		at scala.collection.TraversableOnce.reduceLeftOption(TraversableOnce.scala:249)
		at scala.collection.TraversableOnce.reduceLeftOption$(TraversableOnce.scala:248)
		at scala.collection.AbstractIterator.reduceLeftOption(Iterator.scala:1431)
		at scala.collection.TraversableOnce.reduceOption(TraversableOnce.scala:256)
		at scala.collection.TraversableOnce.reduceOption$(TraversableOnce.scala:256)
		at scala.collection.AbstractIterator.reduceOption(Iterator.scala:1431)
		at org.apache.spark.sql.catalyst.json.JsonInferSchema.$anonfun$infer$1(JsonInferSchema.scala:107)
		at org.apache.spark.rdd.RDD.$anonfun$mapPartitions$2(RDD.scala:858)
		at org.apache.spark.rdd.RDD.$anonfun$mapPartitions$2$adapted(RDD.scala:858)
		at org.apache.spark.rdd.MapPartitionsRDD.compute(MapPartitionsRDD.scala:52)
		at org.apache.spark.rdd.RDD.computeOrReadCheckpoint(RDD.scala:367)
		at org.apache.spark.rdd.RDD.iterator(RDD.scala:331)
		at org.apache.spark.scheduler.ResultTask.runTask(ResultTask.scala:93)
		at org.apache.spark.TaskContext.runTaskWithListeners(TaskContext.scala:166)
		at org.apache.spark.scheduler.Task.run(Task.scala:141)
		at org.apache.spark.executor.Executor$TaskRunner.$anonfun$run$4(Executor.scala:620)
		at org.apache.spark.util.SparkErrorUtils.tryWithSafeFinally(SparkErrorUtils.scala:64)
		at org.apache.spark.util.SparkErrorUtils.tryWithSafeFinally$(SparkErrorUtils.scala:61)
		at org.apache.spark.util.Utils$.tryWithSafeFinally(Utils.scala:94)
		at org.apache.spark.executor.Executor$TaskRunner.run(Executor.scala:623)
		at java.util.concurrent.ThreadPoolExecutor.runWorker(ThreadPoolExecutor.java:1149)
		at java.util.concurrent.ThreadPoolExecutor$Worker.run(ThreadPoolExecutor.java:624)
		... 1 more
	
	24/04/23 12:03:20 INFO SparkContext: Invoking stop() from shutdown hook
	24/04/23 12:03:20 INFO SparkContext: SparkContext is stopping with exitCode 0.
	24/04/23 12:03:20 INFO SparkUI: Stopped Spark web UI at http://c0e814e3f0bd:4040
	24/04/23 12:03:20 INFO MapOutputTrackerMasterEndpoint: MapOutputTrackerMasterEndpoint stopped!
	24/04/23 12:03:20 INFO MemoryStore: MemoryStore cleared
	24/04/23 12:03:20 INFO BlockManager: BlockManager stopped
	24/04/23 12:03:20 INFO BlockManagerMaster: BlockManagerMaster stopped
	24/04/23 12:03:20 INFO OutputCommitCoordinator$OutputCommitCoordinatorEndpoint: OutputCommitCoordinator stopped!
	24/04/23 12:03:20 INFO SparkContext: Successfully stopped SparkContext
	24/04/23 12:03:20 INFO ShutdownHookManager: Shutdown hook called
	24/04/23 12:03:20 INFO ShutdownHookManager: Deleting directory /tmp/spark-aece77ef-f402-4afe-b347-a84ec7c333cd
	24/04/23 12:03:20 INFO ShutdownHookManager: Deleting directory /tmp/spark-985ae05d-9ac8-44e3-a6ac-97469b55d02a
	24/04/23 12:03:20 INFO ShutdownHookManager: Deleting directory /tmp/spark-aece77ef-f402-4afe-b347-a84ec7c333cd/pyspark-98865241-7f31-4dd0-825f-a08a976c8313
[INFO] 2024-04-23 12:03:20.852 +0800 - process has exited. execute path:/tmp/dolphinscheduler/exec/process/default/13010050770016/13201021801792_84/496/1198, processId:5622 ,exitStatusCode:1 ,processWaitForStatus:true ,processExitValue:1
[INFO] 2024-04-23 12:03:20.856 +0800 - ***********************************************************************************************
[INFO] 2024-04-23 12:03:20.856 +0800 - *********************************  Finalize task instance  ************************************
[INFO] 2024-04-23 12:03:20.864 +0800 - ***********************************************************************************************
[INFO] 2024-04-23 12:03:20.864 +0800 - Upload output files: [] successfully
[INFO] 2024-04-23 12:03:20.867 +0800 - Send task execute status: FAILURE to master : 172.18.1.1:1234
[INFO] 2024-04-23 12:03:20.867 +0800 - Remove the current task execute context from worker cache
[INFO] 2024-04-23 12:03:20.867 +0800 - The current execute mode isn't develop mode, will clear the task execute file: /tmp/dolphinscheduler/exec/process/default/13010050770016/13201021801792_84/496/1198
[INFO] 2024-04-23 12:03:20.868 +0800 - Success clear the task execute file: /tmp/dolphinscheduler/exec/process/default/13010050770016/13201021801792_84/496/1198
[INFO] 2024-04-23 12:03:20.868 +0800 - FINALIZE_SESSION
