[INFO] 2024-05-15 10:12:13.723 +0800 - ***********************************************************************************************
[INFO] 2024-05-15 10:12:13.725 +0800 - *********************************  Initialize task context  ***********************************
[INFO] 2024-05-15 10:12:13.725 +0800 - ***********************************************************************************************
[INFO] 2024-05-15 10:12:13.726 +0800 - Begin to initialize task
[INFO] 2024-05-15 10:12:13.726 +0800 - Set task startTime: 1715739133726
[INFO] 2024-05-15 10:12:13.727 +0800 - Set task appId: 1123_4043
[INFO] 2024-05-15 10:12:13.732 +0800 - End initialize task {
  "taskInstanceId" : 4043,
  "taskName" : "search for intake JSON files",
  "firstSubmitTime" : 1715739133222,
  "startTime" : 1715739133726,
  "taskType" : "SHELL",
  "workflowInstanceHost" : "172.18.2.1:5678",
  "host" : "172.18.1.1:1234",
  "logPath" : "/opt/dolphinscheduler/logs/20240515/13201021801792/121/1123/4043.log",
  "processId" : 0,
  "processDefineCode" : 13201021801792,
  "processDefineVersion" : 121,
  "processInstanceId" : 1123,
  "scheduleTime" : 0,
  "globalParams" : "[{\"prop\":\"folder\",\"direct\":\"IN\",\"type\":\"VARCHAR\",\"value\":\"in\"}]",
  "executorId" : 1,
  "cmdTypeIfComplement" : 0,
  "tenantCode" : "default",
  "processDefineId" : 0,
  "projectId" : 0,
  "projectCode" : 13010050770016,
  "taskParams" : "{\"localParams\":[{\"prop\":\"raw_file_dir\",\"direct\":\"OUT\",\"type\":\"VARCHAR\",\"value\":\"\"}],\"rawScript\":\"# find 1 raw file in the folder\\nraw_file_dir=$(find ${REDDIT_HOME}/${folder} -type f -name '*.json'| head -n 1)\\n\\n# check if raw_file_dir is empty, then set raw_file_dir to null\\nif [ -z \\\"$raw_file_dir\\\" ]; then\\n    raw_file_dir=null\\nfi\\n\\necho \\\"#{setValue(raw_file_dir=${raw_file_dir})}\\\"\",\"resourceList\":[]}",
  "environmentConfig" : "export PYTHON_LAUNCHER=/bin/python3.11",
  "prepareParamsMap" : {
    "GNEWS_HOME" : {
      "prop" : "GNEWS_HOME",
      "direct" : "IN",
      "type" : "VARCHAR",
      "value" : "/local_storage/google_news"
    },
    "system.task.definition.name" : {
      "prop" : "system.task.definition.name",
      "direct" : "IN",
      "type" : "VARCHAR",
      "value" : "search for intake JSON files"
    },
    "system.project.name" : {
      "prop" : "system.project.name",
      "direct" : "IN",
      "type" : "VARCHAR",
      "value" : null
    },
    "REDDIT_HOME" : {
      "prop" : "REDDIT_HOME",
      "direct" : "IN",
      "type" : "VARCHAR",
      "value" : "/local_storage/reddit"
    },
    "system.biz.curdate" : {
      "prop" : "system.biz.curdate",
      "direct" : "IN",
      "type" : "VARCHAR",
      "value" : "20240515"
    },
    "system.task.instance.id" : {
      "prop" : "system.task.instance.id",
      "direct" : "IN",
      "type" : "VARCHAR",
      "value" : "4043"
    },
    "system.task.definition.code" : {
      "prop" : "system.task.definition.code",
      "direct" : "IN",
      "type" : "VARCHAR",
      "value" : "13340113777664"
    },
    "system.datetime" : {
      "prop" : "system.datetime",
      "direct" : "IN",
      "type" : "VARCHAR",
      "value" : "20240515101213"
    },
    "folder" : {
      "prop" : "folder",
      "direct" : "IN",
      "type" : "VARCHAR",
      "value" : "in"
    },
    "system.project.code" : {
      "prop" : "system.project.code",
      "direct" : "IN",
      "type" : "VARCHAR",
      "value" : "13010050770016"
    },
    "system.workflow.instance.id" : {
      "prop" : "system.workflow.instance.id",
      "direct" : "IN",
      "type" : "VARCHAR",
      "value" : "1123"
    },
    "system.biz.date" : {
      "prop" : "system.biz.date",
      "direct" : "IN",
      "type" : "VARCHAR",
      "value" : "20240514"
    },
    "system.workflow.definition.name" : {
      "prop" : "system.workflow.definition.name",
      "direct" : "IN",
      "type" : "VARCHAR",
      "value" : "preprocess_post"
    },
    "system.workflow.definition.code" : {
      "prop" : "system.workflow.definition.code",
      "direct" : "IN",
      "type" : "VARCHAR",
      "value" : "13201021801792"
    }
  },
  "taskAppId" : "1123_4043",
  "taskTimeout" : 2147483647,
  "workerGroup" : "default",
  "delayTime" : 0,
  "currentExecutionStatus" : "SUBMITTED_SUCCESS",
  "endTime" : 0,
  "dryRun" : 0,
  "paramsMap" : { },
  "cpuQuota" : -1,
  "memoryMax" : -1,
  "testFlag" : 0,
  "logBufferEnable" : false,
  "dispatchFailTimes" : 0
}
[INFO] 2024-05-15 10:12:13.736 +0800 - ***********************************************************************************************
[INFO] 2024-05-15 10:12:13.739 +0800 - *********************************  Load task instance plugin  *********************************
[INFO] 2024-05-15 10:12:13.740 +0800 - ***********************************************************************************************
[INFO] 2024-05-15 10:12:13.861 +0800 - Send task status RUNNING_EXECUTION master: 172.18.1.1:1234
[INFO] 2024-05-15 10:12:13.969 +0800 - create linux os user: default
[INFO] 2024-05-15 10:12:13.971 +0800 - execute cmd: sudo useradd -g root
 default
[INFO] 2024-05-15 10:12:14.300 +0800 - create user default success
[INFO] 2024-05-15 10:12:14.301 +0800 - TenantCode: default check successfully
[INFO] 2024-05-15 10:12:14.317 +0800 - WorkflowInstanceExecDir: /tmp/dolphinscheduler/exec/process/default/13010050770016/13201021801792_121/1123/4043 check successfully
[INFO] 2024-05-15 10:12:14.331 +0800 - Create TaskChannel: org.apache.dolphinscheduler.plugin.task.shell.ShellTaskChannel successfully
[INFO] 2024-05-15 10:12:14.340 +0800 - Download resources successfully: 
ResourceContext(resourceItemMap={})
[INFO] 2024-05-15 10:12:14.382 +0800 - Download upstream files: [] successfully
[INFO] 2024-05-15 10:12:14.386 +0800 - Task plugin instance: SHELL create successfully
[INFO] 2024-05-15 10:12:14.388 +0800 - Initialize shell task params {
  "localParams" : [ {
    "prop" : "raw_file_dir",
    "direct" : "OUT",
    "type" : "VARCHAR",
    "value" : ""
  } ],
  "varPool" : null,
  "rawScript" : "# find 1 raw file in the folder\nraw_file_dir=$(find ${REDDIT_HOME}/${folder} -type f -name '*.json'| head -n 1)\n\n# check if raw_file_dir is empty, then set raw_file_dir to null\nif [ -z \"$raw_file_dir\" ]; then\n    raw_file_dir=null\nfi\n\necho \"#{setValue(raw_file_dir=${raw_file_dir})}\"",
  "resourceList" : [ ]
}
[INFO] 2024-05-15 10:12:14.391 +0800 - Success initialized task plugin instance successfully
[INFO] 2024-05-15 10:12:14.391 +0800 - Set taskVarPool: null successfully
[INFO] 2024-05-15 10:12:14.396 +0800 - ***********************************************************************************************
[INFO] 2024-05-15 10:12:14.398 +0800 - *********************************  Execute task instance  *************************************
[INFO] 2024-05-15 10:12:14.404 +0800 - ***********************************************************************************************
[INFO] 2024-05-15 10:12:14.451 +0800 - Final Shell file is: 
[INFO] 2024-05-15 10:12:14.456 +0800 - ****************************** Script Content *****************************************************************
[INFO] 2024-05-15 10:12:14.457 +0800 - #!/bin/bash
BASEDIR=$(cd `dirname $0`; pwd)
cd $BASEDIR
export PYTHON_LAUNCHER=/bin/python3.11
# find 1 raw file in the folder
raw_file_dir=$(find /local_storage/reddit/in -type f -name '*.json'| head -n 1)

# check if raw_file_dir is empty, then set raw_file_dir to null
if [ -z "$raw_file_dir" ]; then
    raw_file_dir=null
fi

echo "#{setValue(raw_file_dir=${raw_file_dir})}"
[INFO] 2024-05-15 10:12:14.490 +0800 - ****************************** Script Content *****************************************************************
[INFO] 2024-05-15 10:12:14.491 +0800 - Executing shell command : sudo -u default -i /tmp/dolphinscheduler/exec/process/default/13010050770016/13201021801792_121/1123/4043/1123_4043.sh
[INFO] 2024-05-15 10:12:14.510 +0800 - process start, process id is: 259
[INFO] 2024-05-15 10:12:15.511 +0800 -  -> 
	sudo: unable to change directory to /home/default: No such file or directory
	#{setValue(raw_file_dir=/local_storage/reddit/in/1118-20240514124016.json)}
[INFO] 2024-05-15 10:12:15.513 +0800 - process has exited. execute path:/tmp/dolphinscheduler/exec/process/default/13010050770016/13201021801792_121/1123/4043, processId:259 ,exitStatusCode:0 ,processWaitForStatus:true ,processExitValue:0
[INFO] 2024-05-15 10:12:15.513 +0800 - ***********************************************************************************************
[INFO] 2024-05-15 10:12:15.513 +0800 - *********************************  Finalize task instance  ************************************
[INFO] 2024-05-15 10:12:15.514 +0800 - ***********************************************************************************************
[INFO] 2024-05-15 10:12:15.514 +0800 - Upload output files: [] successfully
[INFO] 2024-05-15 10:12:15.521 +0800 - Send task execute status: SUCCESS to master : 172.18.1.1:1234
[INFO] 2024-05-15 10:12:15.522 +0800 - Remove the current task execute context from worker cache
[INFO] 2024-05-15 10:12:15.522 +0800 - The current execute mode isn't develop mode, will clear the task execute file: /tmp/dolphinscheduler/exec/process/default/13010050770016/13201021801792_121/1123/4043
[INFO] 2024-05-15 10:12:15.543 +0800 - Success clear the task execute file: /tmp/dolphinscheduler/exec/process/default/13010050770016/13201021801792_121/1123/4043
[INFO] 2024-05-15 10:12:15.547 +0800 - FINALIZE_SESSION
