[INFO] 2024-04-30 02:52:24.338 +0800 - ***********************************************************************************************
[INFO] 2024-04-30 02:52:24.339 +0800 - *********************************  Initialize task context  ***********************************
[INFO] 2024-04-30 02:52:24.339 +0800 - ***********************************************************************************************
[INFO] 2024-04-30 02:52:24.340 +0800 - Begin to initialize task
[INFO] 2024-04-30 02:52:24.340 +0800 - Set task startTime: 1714416744340
[INFO] 2024-04-30 02:52:24.340 +0800 - Set task appId: 786_2119
[INFO] 2024-04-30 02:52:24.341 +0800 - End initialize task {
  "taskInstanceId" : 2119,
  "taskName" : "persist in postgresql",
  "firstSubmitTime" : 1714416744302,
  "startTime" : 1714416744340,
  "taskType" : "SQL",
  "workflowInstanceHost" : "172.18.0.3:5678",
  "host" : "172.18.1.1:1234",
  "logPath" : "/opt/dolphinscheduler/logs/20240430/13426477386080/14/786/2119.log",
  "processId" : 0,
  "processDefineCode" : 13426477386080,
  "processDefineVersion" : 14,
  "processInstanceId" : 786,
  "scheduleTime" : 0,
  "executorId" : 1,
  "cmdTypeIfComplement" : 0,
  "tenantCode" : "default",
  "processDefineId" : 0,
  "projectId" : 0,
  "projectCode" : 13010050770016,
  "taskParams" : "{\"localParams\":[],\"resourceList\":[],\"type\":\"POSTGRESQL\",\"datasource\":1,\"sql\":\"${query}\",\"sqlType\":\"0\",\"preStatements\":[],\"postStatements\":[],\"displayRows\":10}",
  "environmentConfig" : "export PYTHON_LAUNCHER=/bin/python3.11",
  "prepareParamsMap" : {
    "system.task.definition.name" : {
      "prop" : "system.task.definition.name",
      "direct" : "IN",
      "type" : "VARCHAR",
      "value" : "persist in postgresql"
    },
    "system.project.name" : {
      "prop" : "system.project.name",
      "direct" : "IN",
      "type" : "VARCHAR",
      "value" : null
    },
    "REDDIT_HOME" : {
      "prop" : "REDDIT_HOME",
      "direct" : "IN",
      "type" : "VARCHAR",
      "value" : "/local_storage/reddit"
    },
    "query" : {
      "prop" : "query",
      "direct" : "IN",
      "type" : "VARCHAR",
      "value" : " INSERT INTO filtered_data_persistence (user, content, url, context, score, type, id, datetime) VALUES ('premiumplatinum', 'singapore is stupid', 'https://www.reddit.com/r/singapore/comments/1c9itat/21apr2024_orchard_road_camcar_turning_right_into/', '21apr2024 orchard road camcar turning right into centrepoint get tbone by cyclist', 131, 'post', '1c9itat', '2024-04-21 22:10:42'),('premiumplatinum', 's is stupid', 'https://www.reddit.com/r/singapore/comments/1c9itat/21apr2024_orchard_road_camcar_turning_right_into/', '21apr2024 orchard road camcar turning right into centrepoint get tbone by cyclist', 131, 'post', '1c9itat', '2024-04-21 22:10:42');"
    },
    "system.biz.curdate" : {
      "prop" : "system.biz.curdate",
      "direct" : "IN",
      "type" : "VARCHAR",
      "value" : "20240430"
    },
    "system.task.instance.id" : {
      "prop" : "system.task.instance.id",
      "direct" : "IN",
      "type" : "VARCHAR",
      "value" : "2119"
    },
    "system.task.definition.code" : {
      "prop" : "system.task.definition.code",
      "direct" : "IN",
      "type" : "VARCHAR",
      "value" : "13427698681952"
    },
    "system.datetime" : {
      "prop" : "system.datetime",
      "direct" : "IN",
      "type" : "VARCHAR",
      "value" : "20240430025224"
    },
    "system.project.code" : {
      "prop" : "system.project.code",
      "direct" : "IN",
      "type" : "VARCHAR",
      "value" : "13010050770016"
    },
    "system.workflow.instance.id" : {
      "prop" : "system.workflow.instance.id",
      "direct" : "IN",
      "type" : "VARCHAR",
      "value" : "786"
    },
    "system.biz.date" : {
      "prop" : "system.biz.date",
      "direct" : "IN",
      "type" : "VARCHAR",
      "value" : "20240429"
    },
    "system.workflow.definition.name" : {
      "prop" : "system.workflow.definition.name",
      "direct" : "IN",
      "type" : "VARCHAR",
      "value" : "es_filtered_data_persistence_subprocess"
    },
    "system.workflow.definition.code" : {
      "prop" : "system.workflow.definition.code",
      "direct" : "IN",
      "type" : "VARCHAR",
      "value" : "13426477386080"
    }
  },
  "taskAppId" : "786_2119",
  "taskTimeout" : 2147483647,
  "workerGroup" : "default",
  "delayTime" : 0,
  "currentExecutionStatus" : "SUBMITTED_SUCCESS",
  "resourceParametersHelper" : {
    "resourceMap" : {
      "DATASOURCE" : {
        "1" : {
          "resourceType" : "DATASOURCE",
          "type" : "POSTGRESQL",
          "connectionParams" : "{\"user\":\"root\",\"password\":\"******\",\"address\":\"jdbc:postgresql://dolphinscheduler-postgresql:5432\",\"database\":\"persistence\",\"jdbcUrl\":\"jdbc:postgresql://dolphinscheduler-postgresql:5432/persistence\",\"driverClassName\":\"org.postgresql.Driver\",\"validationQuery\":\"select version()\",\"other\":{\"password\":\"****\"}}",
          "DATASOURCE" : null
        }
      }
    }
  },
  "endTime" : 0,
  "varPool" : "[{\"prop\":\"query\",\"direct\":\"IN\",\"type\":\"VARCHAR\",\"value\":\" INSERT INTO filtered_data_persistence (user, content, url, context, score, type, id, datetime) VALUES ('premiumplatinum', 'singapore is stupid', 'https://www.reddit.com/r/singapore/comments/1c9itat/21apr2024_orchard_road_camcar_turning_right_into/', '21apr2024 orchard road camcar turning right into centrepoint get tbone by cyclist', 131, 'post', '1c9itat', '2024-04-21 22:10:42'),('premiumplatinum', 's is stupid', 'https://www.reddit.com/r/singapore/comments/1c9itat/21apr2024_orchard_road_camcar_turning_right_into/', '21apr2024 orchard road camcar turning right into centrepoint get tbone by cyclist', 131, 'post', '1c9itat', '2024-04-21 22:10:42');\"}]",
  "dryRun" : 0,
  "paramsMap" : { },
  "cpuQuota" : -1,
  "memoryMax" : -1,
  "testFlag" : 0,
  "logBufferEnable" : false,
  "dispatchFailTimes" : 0
}
[INFO] 2024-04-30 02:52:24.342 +0800 - ***********************************************************************************************
[INFO] 2024-04-30 02:52:24.342 +0800 - *********************************  Load task instance plugin  *********************************
[INFO] 2024-04-30 02:52:24.342 +0800 - ***********************************************************************************************
[INFO] 2024-04-30 02:52:24.350 +0800 - Send task status RUNNING_EXECUTION master: 172.18.1.1:1234
[INFO] 2024-04-30 02:52:24.351 +0800 - TenantCode: default check successfully
[INFO] 2024-04-30 02:52:24.351 +0800 - WorkflowInstanceExecDir: /tmp/dolphinscheduler/exec/process/default/13010050770016/13426477386080_14/786/2119 check successfully
[INFO] 2024-04-30 02:52:24.352 +0800 - Create TaskChannel: org.apache.dolphinscheduler.plugin.task.sql.SqlTaskChannel successfully
[INFO] 2024-04-30 02:52:24.352 +0800 - Download resources successfully: 
ResourceContext(resourceItemMap={})
[INFO] 2024-04-30 02:52:24.352 +0800 - Download upstream files: [] successfully
[INFO] 2024-04-30 02:52:24.353 +0800 - Initialize sql task parameter {
  "localParams" : [ ],
  "varPool" : null,
  "type" : "POSTGRESQL",
  "datasource" : 1,
  "sql" : "${query}",
  "sqlType" : 0,
  "sendEmail" : null,
  "displayRows" : 10,
  "udfs" : null,
  "showType" : null,
  "connParams" : null,
  "preStatements" : [ ],
  "postStatements" : [ ],
  "groupId" : 0,
  "title" : null,
  "limit" : 0
}
[INFO] 2024-04-30 02:52:24.353 +0800 - Task plugin instance: SQL create successfully
[INFO] 2024-04-30 02:52:24.353 +0800 - Success initialized task plugin instance successfully
[INFO] 2024-04-30 02:52:24.353 +0800 - Set taskVarPool: [{"prop":"query","direct":"IN","type":"VARCHAR","value":" INSERT INTO filtered_data_persistence (user, content, url, context, score, type, id, datetime) VALUES ('premiumplatinum', 'singapore is stupid', 'https://www.reddit.com/r/singapore/comments/1c9itat/21apr2024_orchard_road_camcar_turning_right_into/', '21apr2024 orchard road camcar turning right into centrepoint get tbone by cyclist', 131, 'post', '1c9itat', '2024-04-21 22:10:42'),('premiumplatinum', 's is stupid', 'https://www.reddit.com/r/singapore/comments/1c9itat/21apr2024_orchard_road_camcar_turning_right_into/', '21apr2024 orchard road camcar turning right into centrepoint get tbone by cyclist', 131, 'post', '1c9itat', '2024-04-21 22:10:42');"}] successfully
[INFO] 2024-04-30 02:52:24.353 +0800 - ***********************************************************************************************
[INFO] 2024-04-30 02:52:24.353 +0800 - *********************************  Execute task instance  *************************************
[INFO] 2024-04-30 02:52:24.353 +0800 - ***********************************************************************************************
[INFO] 2024-04-30 02:52:24.354 +0800 - Full sql parameters: SqlParameters{type='POSTGRESQL', datasource=1, sql='${query}', sqlType=0, sendEmail=null, displayRows=10, limit=0, udfs='null', showType='null', connParams='null', groupId='0', title='null', preStatements=[], postStatements=[]}
[INFO] 2024-04-30 02:52:24.354 +0800 - sql type : POSTGRESQL, datasource : 1, sql : ${query} , localParams : [],udfs : null,showType : null,connParams : null,varPool : [Property{prop='query', direct=IN, type=VARCHAR, value=' INSERT INTO filtered_data_persistence (user, content, url, context, score, type, id, datetime) VALUES ('premiumplatinum', 'singapore is stupid', 'https://www.reddit.com/r/singapore/comments/1c9itat/21apr2024_orchard_road_camcar_turning_right_into/', '21apr2024 orchard road camcar turning right into centrepoint get tbone by cyclist', 131, 'post', '1c9itat', '2024-04-21 22:10:42'),('premiumplatinum', 's is stupid', 'https://www.reddit.com/r/singapore/comments/1c9itat/21apr2024_orchard_road_camcar_turning_right_into/', '21apr2024 orchard road camcar turning right into centrepoint get tbone by cyclist', 131, 'post', '1c9itat', '2024-04-21 22:10:42');'}] ,query max result limit  0
[INFO] 2024-04-30 02:52:24.355 +0800 - setSqlParamsMap: Property with paramName: query put in sqlParamsMap of content ${query} successfully.
[INFO] 2024-04-30 02:52:24.355 +0800 - after replace sql , preparing : ?
[INFO] 2024-04-30 02:52:24.355 +0800 - Sql Params are replaced sql , parameters: INSERT INTO filtered_data_persistence (user, content, url, context, score, type, id, datetime) VALUES ('premiumplatinum', 'singapore is stupid', 'https://www.reddit.com/r/singapore/comments/1c9itat/21apr2024_orchard_road_camcar_turning_right_into/', '21apr2024 orchard road camcar turning right into centrepoint get tbone by cyclist', 131, 'post', '1c9itat', '2024-04-21 22:10:42'),('premiumplatinum', 's is stupid', 'https://www.reddit.com/r/singapore/comments/1c9itat/21apr2024_orchard_road_camcar_turning_right_into/', '21apr2024 orchard road camcar turning right into centrepoint get tbone by cyclist', 131, 'post', '1c9itat', '2024-04-21 22:10:42');(VARCHAR)
[INFO] 2024-04-30 02:52:24.355 +0800 - can't find udf function resource
[WARN] 2024-04-30 02:52:24.356 +0800 - Connect strings must start with jdbc:snowflake://
[INFO] 2024-04-30 02:52:24.409 +0800 - prepare statement replace sql : ?, sql parameters : {1=Property{prop='query', direct=IN, type=VARCHAR, value=' INSERT INTO filtered_data_persistence (user, content, url, context, score, type, id, datetime) VALUES ('premiumplatinum', 'singapore is stupid', 'https://www.reddit.com/r/singapore/comments/1c9itat/21apr2024_orchard_road_camcar_turning_right_into/', '21apr2024 orchard road camcar turning right into centrepoint get tbone by cyclist', 131, 'post', '1c9itat', '2024-04-21 22:10:42'),('premiumplatinum', 's is stupid', 'https://www.reddit.com/r/singapore/comments/1c9itat/21apr2024_orchard_road_camcar_turning_right_into/', '21apr2024 orchard road camcar turning right into centrepoint get tbone by cyclist', 131, 'post', '1c9itat', '2024-04-21 22:10:42');'}}
[INFO] 2024-04-30 02:52:24.409 +0800 - main statement execute query, for sql: ?
[ERROR] 2024-04-30 02:52:24.412 +0800 - execute sql error: ERROR: syntax error at or near "$1"
  Position: 1
[ERROR] 2024-04-30 02:52:24.413 +0800 - sql task error
org.postgresql.util.PSQLException: ERROR: syntax error at or near "$1"
  Position: 1
	at org.postgresql.core.v3.QueryExecutorImpl.receiveErrorResponse(QueryExecutorImpl.java:2676)
	at org.postgresql.core.v3.QueryExecutorImpl.processResults(QueryExecutorImpl.java:2366)
	at org.postgresql.core.v3.QueryExecutorImpl.execute(QueryExecutorImpl.java:356)
	at org.postgresql.jdbc.PgStatement.executeInternal(PgStatement.java:490)
	at org.postgresql.jdbc.PgStatement.execute(PgStatement.java:408)
	at org.postgresql.jdbc.PgPreparedStatement.executeWithFlags(PgPreparedStatement.java:181)
	at org.postgresql.jdbc.PgPreparedStatement.executeQuery(PgPreparedStatement.java:133)
	at org.apache.dolphinscheduler.plugin.task.sql.SqlTask.executeQuery(SqlTask.java:317)
	at org.apache.dolphinscheduler.plugin.task.sql.SqlTask.executeFuncAndSql(SqlTask.java:205)
	at org.apache.dolphinscheduler.plugin.task.sql.SqlTask.handle(SqlTask.java:159)
	at org.apache.dolphinscheduler.server.worker.runner.DefaultWorkerTaskExecutor.executeTask(DefaultWorkerTaskExecutor.java:54)
	at org.apache.dolphinscheduler.server.worker.runner.WorkerTaskExecutor.run(WorkerTaskExecutor.java:175)
	at java.util.concurrent.ThreadPoolExecutor.runWorker(ThreadPoolExecutor.java:1149)
	at java.util.concurrent.ThreadPoolExecutor$Worker.run(ThreadPoolExecutor.java:624)
	at java.lang.Thread.run(Thread.java:750)
[ERROR] 2024-04-30 02:52:24.413 +0800 - Task execute failed, due to meet an exception
org.apache.dolphinscheduler.plugin.task.api.TaskException: Execute sql task failed
	at org.apache.dolphinscheduler.plugin.task.sql.SqlTask.handle(SqlTask.java:166)
	at org.apache.dolphinscheduler.server.worker.runner.DefaultWorkerTaskExecutor.executeTask(DefaultWorkerTaskExecutor.java:54)
	at org.apache.dolphinscheduler.server.worker.runner.WorkerTaskExecutor.run(WorkerTaskExecutor.java:175)
	at java.util.concurrent.ThreadPoolExecutor.runWorker(ThreadPoolExecutor.java:1149)
	at java.util.concurrent.ThreadPoolExecutor$Worker.run(ThreadPoolExecutor.java:624)
	at java.lang.Thread.run(Thread.java:750)
Caused by: org.postgresql.util.PSQLException: ERROR: syntax error at or near "$1"
  Position: 1
	at org.postgresql.core.v3.QueryExecutorImpl.receiveErrorResponse(QueryExecutorImpl.java:2676)
	at org.postgresql.core.v3.QueryExecutorImpl.processResults(QueryExecutorImpl.java:2366)
	at org.postgresql.core.v3.QueryExecutorImpl.execute(QueryExecutorImpl.java:356)
	at org.postgresql.jdbc.PgStatement.executeInternal(PgStatement.java:490)
	at org.postgresql.jdbc.PgStatement.execute(PgStatement.java:408)
	at org.postgresql.jdbc.PgPreparedStatement.executeWithFlags(PgPreparedStatement.java:181)
	at org.postgresql.jdbc.PgPreparedStatement.executeQuery(PgPreparedStatement.java:133)
	at org.apache.dolphinscheduler.plugin.task.sql.SqlTask.executeQuery(SqlTask.java:317)
	at org.apache.dolphinscheduler.plugin.task.sql.SqlTask.executeFuncAndSql(SqlTask.java:205)
	at org.apache.dolphinscheduler.plugin.task.sql.SqlTask.handle(SqlTask.java:159)
	... 5 common frames omitted
[INFO] 2024-04-30 02:52:24.413 +0800 - Get appIds from worker 172.18.1.1:1234, taskLogPath: /opt/dolphinscheduler/logs/20240430/13426477386080/14/786/2119.log
[INFO] 2024-04-30 02:52:24.414 +0800 - Start finding appId in /opt/dolphinscheduler/logs/20240430/13426477386080/14/786/2119.log, fetch way: log 
[INFO] 2024-04-30 02:52:24.414 +0800 - The appId is empty
[INFO] 2024-04-30 02:52:24.415 +0800 - Cancel the task successfully
[INFO] 2024-04-30 02:52:24.420 +0800 - Get a exception when execute the task, will send the task status: FAILURE to master: 172.18.1.1:1234
[INFO] 2024-04-30 02:52:24.421 +0800 - FINALIZE_SESSION
