[INFO] 2024-05-05 03:06:29.149 +0800 - ***********************************************************************************************
[INFO] 2024-05-05 03:06:29.150 +0800 - *********************************  Initialize task context  ***********************************
[INFO] 2024-05-05 03:06:29.150 +0800 - ***********************************************************************************************
[INFO] 2024-05-05 03:06:29.151 +0800 - Begin to initialize task
[INFO] 2024-05-05 03:06:29.151 +0800 - Set task startTime: 1714849589151
[INFO] 2024-05-05 03:06:29.151 +0800 - Set task appId: 904_3366
[INFO] 2024-05-05 03:06:29.153 +0800 - End initialize task {
  "taskInstanceId" : 3366,
  "taskName" : "sentiment analysis",
  "firstSubmitTime" : 1714849588711,
  "startTime" : 1714849589151,
  "taskType" : "PYTHON",
  "workflowInstanceHost" : "172.18.0.12:5678",
  "host" : "172.18.1.1:1234",
  "logPath" : "/opt/dolphinscheduler/logs/20240505/13386218435520/20/904/3366.log",
  "processId" : 0,
  "processDefineCode" : 13386218435520,
  "processDefineVersion" : 20,
  "processInstanceId" : 904,
  "scheduleTime" : 0,
  "globalParams" : "[{\"prop\":\"topics\",\"direct\":\"IN\",\"type\":\"VARCHAR\",\"value\":\"\\\"reddit_post_filtered|reddit_post_sa\\\"\"}]",
  "executorId" : 1,
  "cmdTypeIfComplement" : 2,
  "tenantCode" : "default",
  "processDefineId" : 0,
  "projectId" : 0,
  "projectCode" : 13010050770016,
  "taskParams" : "{\"localParams\":[],\"rawScript\":\"# use kafka streaming api\\nfrom pyspark.sql.functions import udf, col, from_json\\nfrom pyspark.sql.types import FloatType, ArrayType, StringType, StructType, StructField, IntegerType\\nimport nltk\\nfrom nltk.sentiment.vader import SentimentIntensityAnalyzer as SIA\\nfrom pyspark.sql import SparkSession\\nimport os\\n\\n# access the nltk data directory variable\\nnltk_data_dir = os.environ.get('NLTK_DATA')\\n\\n# download the model\\nnltk.download('vader_lexicon', download_dir=nltk_data_dir)\\n\\n# init the sentiment analysis object\\nsia = SIA()\\n\\n# init Spark session\\nspark = SparkSession.builder \\\\\\n    .master('local') \\\\\\n    .appName(\\\"Sentiment Analysis\\\") \\\\\\n    .config(\\\"spark.jars.packages\\\", \\\"org.apache.spark:spark-sql-kafka-0-10_2.12:3.5.1\\\") \\\\\\n    .config(\\\"spark.sql.streaming.checkpointLocation\\\", r\\\"/tmp/\\\") \\\\\\n    .config(\\\"spark.driver.extraJavaOptions\\\", \\\"-Divy.cache.dir=/tmp -Divy.home=/tmp\\\") \\\\\\n    .getOrCreate()\\n\\n# define a udf to perform sentiment analysis\\ndef analyze_sentiment(message):\\n    # Perform sentiment analysis\\n    pol_score = sia.polarity_scores(message)\\n    # Return the compound score\\n    return [pol_score['neg'], pol_score['neu'], pol_score['pos'], pol_score['compound']]\\n\\n# Register the function as a UDF\\nanalyze_sentiment_udf = udf(lambda x:analyze_sentiment(x), ArrayType(FloatType()))\\n\\n# define the schema for the JSON data\\nschema = StructType([\\n    StructField(\\\"authors\\\", StringType(), nullable=True),\\n    StructField(\\\"content\\\", StringType(), nullable=True),\\n    StructField(\\\"url\\\", StringType(), nullable=True),\\n    StructField(\\\"context\\\", StringType(), nullable=True),\\n    StructField(\\\"type\\\", StringType(), nullable=True),\\n    StructField(\\\"datetime\\\", StringType(), nullable=True)  # Assuming the datetime is string type, you can change it to TimestampType if needed\\n])\\n\\n# parse the input parameter\\ntopics = ${topics}\\nparsed_topics = topics.split(\\\"|\\\")\\n\\n# define the parameters for the input and output kafka broker and topic\\nkafka_broker = \\\"kafka:9092\\\"\\ninput_kafka_topic = parsed_topics[0]\\noutput_kafka_topic = parsed_topics[1]\\n\\n# Subscribe to the input topic\\ndf = spark \\\\\\n    .readStream \\\\\\n    .format(\\\"kafka\\\") \\\\\\n    .option(\\\"kafka.bootstrap.servers\\\", kafka_broker) \\\\\\n    .option(\\\"subscribe\\\", input_kafka_topic) \\\\\\n    .load()\\n\\n# parse the JSON data in the 'value' column using the defined schema then create a dataframe containing the reddit data\\ndf = df.select(col(\\\"value\\\").cast(\\\"string\\\")) \\\\\\n    .withColumn(\\\"value\\\", from_json(\\\"value\\\", schema)) \\\\\\n\\nparsed_df = df \\\\\\n    .select(\\\"value.*\\\")\\n\\n# perform sentiment analysis on the parsed dataframe \\nsa_reddit_df = parsed_df.withColumn('sentiment_score', analyze_sentiment_udf(parsed_df['content']))\\n\\n# split the sentiment_score column into separate columns\\nsa_reddit_df = sa_reddit_df.withColumn(\\\"negative\\\", sa_reddit_df[\\\"sentiment_score\\\"][0]) \\\\\\n            .withColumn(\\\"neutral\\\", sa_reddit_df[\\\"sentiment_score\\\"][1]) \\\\\\n            .withColumn(\\\"positive\\\", sa_reddit_df[\\\"sentiment_score\\\"][2]) \\\\\\n            .withColumn(\\\"compound\\\", sa_reddit_df[\\\"sentiment_score\\\"][3]) \\\\\\n            .drop('sentiment_score')  # drop sentiment_score column after splitting\\n\\n# stream the data to kafka\\nkafka_write = sa_reddit_df \\\\\\n    .selectExpr(\\\"'' AS key\\\", \\\"to_json(struct(*)) AS value\\\") \\\\\\n    .writeStream \\\\\\n    .format(\\\"kafka\\\") \\\\\\n    .option(\\\"kafka.bootstrap.servers\\\", kafka_broker) \\\\\\n    .option(\\\"topic\\\", output_kafka_topic) \\\\\\n    .start()\\n\\n# Wait for the termination of the query\\nkafka_write.awaitTermination()\",\"resourceList\":[]}",
  "environmentConfig" : "export SPARK_HOME=/opt/spark-3.5.1-bin-hadoop3\nexport JAVA_HOME=/opt/java/openjdk\nexport PYSPARK_DRIVER_PYTHON=/bin/python3.11\nexport PYSPARK_PYTHON=/bin/python3.11\nexport PYTHON_LAUNCHER=/bin/python3.11\nexport NLTK_DATA=/local_storage/nltk_data",
  "prepareParamsMap" : {
    "GNEWS_HOME" : {
      "prop" : "GNEWS_HOME",
      "direct" : "IN",
      "type" : "VARCHAR",
      "value" : "/local_storage/google_news"
    },
    "system.task.definition.name" : {
      "prop" : "system.task.definition.name",
      "direct" : "IN",
      "type" : "VARCHAR",
      "value" : "sentiment analysis"
    },
    "system.project.name" : {
      "prop" : "system.project.name",
      "direct" : "IN",
      "type" : "VARCHAR",
      "value" : null
    },
    "REDDIT_HOME" : {
      "prop" : "REDDIT_HOME",
      "direct" : "IN",
      "type" : "VARCHAR",
      "value" : "/local_storage/reddit"
    },
    "topics" : {
      "prop" : "topics",
      "direct" : "IN",
      "type" : "VARCHAR",
      "value" : "\"reddit_post_filtered|reddit_post_sa\""
    },
    "system.biz.curdate" : {
      "prop" : "system.biz.curdate",
      "direct" : "IN",
      "type" : "VARCHAR",
      "value" : "20240505"
    },
    "system.task.instance.id" : {
      "prop" : "system.task.instance.id",
      "direct" : "IN",
      "type" : "VARCHAR",
      "value" : "3366"
    },
    "system.task.definition.code" : {
      "prop" : "system.task.definition.code",
      "direct" : "IN",
      "type" : "VARCHAR",
      "value" : "13386027735104"
    },
    "system.datetime" : {
      "prop" : "system.datetime",
      "direct" : "IN",
      "type" : "VARCHAR",
      "value" : "20240505030628"
    },
    "system.project.code" : {
      "prop" : "system.project.code",
      "direct" : "IN",
      "type" : "VARCHAR",
      "value" : "13010050770016"
    },
    "system.workflow.instance.id" : {
      "prop" : "system.workflow.instance.id",
      "direct" : "IN",
      "type" : "VARCHAR",
      "value" : "904"
    },
    "system.biz.date" : {
      "prop" : "system.biz.date",
      "direct" : "IN",
      "type" : "VARCHAR",
      "value" : "20240504"
    },
    "system.workflow.definition.name" : {
      "prop" : "system.workflow.definition.name",
      "direct" : "IN",
      "type" : "VARCHAR",
      "value" : "sentiment_analysis_subprocess"
    },
    "system.workflow.definition.code" : {
      "prop" : "system.workflow.definition.code",
      "direct" : "IN",
      "type" : "VARCHAR",
      "value" : "13386218435520"
    }
  },
  "taskAppId" : "904_3366",
  "taskTimeout" : 2147483647,
  "workerGroup" : "default",
  "delayTime" : 0,
  "currentExecutionStatus" : "SUBMITTED_SUCCESS",
  "endTime" : 0,
  "dryRun" : 0,
  "paramsMap" : { },
  "cpuQuota" : -1,
  "memoryMax" : -1,
  "testFlag" : 0,
  "logBufferEnable" : false,
  "dispatchFailTimes" : 0
}
[INFO] 2024-05-05 03:06:29.154 +0800 - ***********************************************************************************************
[INFO] 2024-05-05 03:06:29.158 +0800 - *********************************  Load task instance plugin  *********************************
[INFO] 2024-05-05 03:06:29.162 +0800 - ***********************************************************************************************
[INFO] 2024-05-05 03:06:29.654 +0800 - Send task status RUNNING_EXECUTION master: 172.18.1.1:1234
[INFO] 2024-05-05 03:06:29.897 +0800 - create linux os user: default
[INFO] 2024-05-05 03:06:29.897 +0800 - execute cmd: sudo useradd -g root
 default
[ERROR] 2024-05-05 03:06:30.424 +0800 - useradd: user 'default' already exists

org.apache.dolphinscheduler.common.shell.AbstractShell$ExitCodeException: useradd: user 'default' already exists

	at org.apache.dolphinscheduler.common.shell.AbstractShell.runCommand(AbstractShell.java:205)
	at org.apache.dolphinscheduler.common.shell.AbstractShell.run(AbstractShell.java:118)
	at org.apache.dolphinscheduler.common.shell.ShellExecutor.execute(ShellExecutor.java:125)
	at org.apache.dolphinscheduler.common.shell.ShellExecutor.execCommand(ShellExecutor.java:103)
	at org.apache.dolphinscheduler.common.shell.ShellExecutor.execCommand(ShellExecutor.java:86)
	at org.apache.dolphinscheduler.common.utils.OSUtils.exeShell(OSUtils.java:345)
	at org.apache.dolphinscheduler.common.utils.OSUtils.exeCmd(OSUtils.java:334)
	at org.apache.dolphinscheduler.common.utils.OSUtils.createLinuxUser(OSUtils.java:234)
	at org.apache.dolphinscheduler.common.utils.OSUtils.createUser(OSUtils.java:213)
	at org.apache.dolphinscheduler.common.utils.OSUtils.createUserIfAbsent(OSUtils.java:189)
	at org.apache.dolphinscheduler.server.worker.utils.TaskExecutionContextUtils.getOrCreateTenant(TaskExecutionContextUtils.java:67)
	at org.apache.dolphinscheduler.server.worker.runner.WorkerTaskExecutor.beforeExecute(WorkerTaskExecutor.java:215)
	at org.apache.dolphinscheduler.server.worker.runner.WorkerTaskExecutor.run(WorkerTaskExecutor.java:167)
	at java.util.concurrent.ThreadPoolExecutor.runWorker(ThreadPoolExecutor.java:1149)
	at java.util.concurrent.ThreadPoolExecutor$Worker.run(ThreadPoolExecutor.java:624)
	at java.lang.Thread.run(Thread.java:750)
[INFO] 2024-05-05 03:06:30.425 +0800 - create user default fail
[INFO] 2024-05-05 03:06:30.425 +0800 - TenantCode: default check successfully
[INFO] 2024-05-05 03:06:30.460 +0800 - WorkflowInstanceExecDir: /tmp/dolphinscheduler/exec/process/default/13010050770016/13386218435520_20/904/3366 check successfully
[INFO] 2024-05-05 03:06:30.466 +0800 - Create TaskChannel: org.apache.dolphinscheduler.plugin.task.python.PythonTaskChannel successfully
[INFO] 2024-05-05 03:06:30.517 +0800 - Download resources successfully: 
ResourceContext(resourceItemMap={})
[INFO] 2024-05-05 03:06:30.530 +0800 - Download upstream files: [] successfully
[INFO] 2024-05-05 03:06:30.543 +0800 - Task plugin instance: PYTHON create successfully
[INFO] 2024-05-05 03:06:30.591 +0800 - Initialize python task params {
  "localParams" : [ ],
  "varPool" : null,
  "rawScript" : "# use kafka streaming api\nfrom pyspark.sql.functions import udf, col, from_json\nfrom pyspark.sql.types import FloatType, ArrayType, StringType, StructType, StructField, IntegerType\nimport nltk\nfrom nltk.sentiment.vader import SentimentIntensityAnalyzer as SIA\nfrom pyspark.sql import SparkSession\nimport os\n\n# access the nltk data directory variable\nnltk_data_dir = os.environ.get('NLTK_DATA')\n\n# download the model\nnltk.download('vader_lexicon', download_dir=nltk_data_dir)\n\n# init the sentiment analysis object\nsia = SIA()\n\n# init Spark session\nspark = SparkSession.builder \\\n    .master('local') \\\n    .appName(\"Sentiment Analysis\") \\\n    .config(\"spark.jars.packages\", \"org.apache.spark:spark-sql-kafka-0-10_2.12:3.5.1\") \\\n    .config(\"spark.sql.streaming.checkpointLocation\", r\"/tmp/\") \\\n    .config(\"spark.driver.extraJavaOptions\", \"-Divy.cache.dir=/tmp -Divy.home=/tmp\") \\\n    .getOrCreate()\n\n# define a udf to perform sentiment analysis\ndef analyze_sentiment(message):\n    # Perform sentiment analysis\n    pol_score = sia.polarity_scores(message)\n    # Return the compound score\n    return [pol_score['neg'], pol_score['neu'], pol_score['pos'], pol_score['compound']]\n\n# Register the function as a UDF\nanalyze_sentiment_udf = udf(lambda x:analyze_sentiment(x), ArrayType(FloatType()))\n\n# define the schema for the JSON data\nschema = StructType([\n    StructField(\"authors\", StringType(), nullable=True),\n    StructField(\"content\", StringType(), nullable=True),\n    StructField(\"url\", StringType(), nullable=True),\n    StructField(\"context\", StringType(), nullable=True),\n    StructField(\"type\", StringType(), nullable=True),\n    StructField(\"datetime\", StringType(), nullable=True)  # Assuming the datetime is string type, you can change it to TimestampType if needed\n])\n\n# parse the input parameter\ntopics = ${topics}\nparsed_topics = topics.split(\"|\")\n\n# define the parameters for the input and output kafka broker and topic\nkafka_broker = \"kafka:9092\"\ninput_kafka_topic = parsed_topics[0]\noutput_kafka_topic = parsed_topics[1]\n\n# Subscribe to the input topic\ndf = spark \\\n    .readStream \\\n    .format(\"kafka\") \\\n    .option(\"kafka.bootstrap.servers\", kafka_broker) \\\n    .option(\"subscribe\", input_kafka_topic) \\\n    .load()\n\n# parse the JSON data in the 'value' column using the defined schema then create a dataframe containing the reddit data\ndf = df.select(col(\"value\").cast(\"string\")) \\\n    .withColumn(\"value\", from_json(\"value\", schema)) \\\n\nparsed_df = df \\\n    .select(\"value.*\")\n\n# perform sentiment analysis on the parsed dataframe \nsa_reddit_df = parsed_df.withColumn('sentiment_score', analyze_sentiment_udf(parsed_df['content']))\n\n# split the sentiment_score column into separate columns\nsa_reddit_df = sa_reddit_df.withColumn(\"negative\", sa_reddit_df[\"sentiment_score\"][0]) \\\n            .withColumn(\"neutral\", sa_reddit_df[\"sentiment_score\"][1]) \\\n            .withColumn(\"positive\", sa_reddit_df[\"sentiment_score\"][2]) \\\n            .withColumn(\"compound\", sa_reddit_df[\"sentiment_score\"][3]) \\\n            .drop('sentiment_score')  # drop sentiment_score column after splitting\n\n# stream the data to kafka\nkafka_write = sa_reddit_df \\\n    .selectExpr(\"'' AS key\", \"to_json(struct(*)) AS value\") \\\n    .writeStream \\\n    .format(\"kafka\") \\\n    .option(\"kafka.bootstrap.servers\", kafka_broker) \\\n    .option(\"topic\", output_kafka_topic) \\\n    .start()\n\n# Wait for the termination of the query\nkafka_write.awaitTermination()",
  "resourceList" : [ ]
}
[INFO] 2024-05-05 03:06:30.601 +0800 - Success initialized task plugin instance successfully
[INFO] 2024-05-05 03:06:30.602 +0800 - Set taskVarPool: null successfully
[INFO] 2024-05-05 03:06:30.602 +0800 - ***********************************************************************************************
[INFO] 2024-05-05 03:06:30.605 +0800 - *********************************  Execute task instance  *************************************
[INFO] 2024-05-05 03:06:30.609 +0800 - ***********************************************************************************************
[INFO] 2024-05-05 03:06:30.612 +0800 - raw python script : # use kafka streaming api
from pyspark.sql.functions import udf, col, from_json
from pyspark.sql.types import FloatType, ArrayType, StringType, StructType, StructField, IntegerType
import nltk
from nltk.sentiment.vader import SentimentIntensityAnalyzer as SIA
from pyspark.sql import SparkSession
import os

# access the nltk data directory variable
nltk_data_dir = os.environ.get('NLTK_DATA')

# download the model
nltk.download('vader_lexicon', download_dir=nltk_data_dir)

# init the sentiment analysis object
sia = SIA()

# init Spark session
spark = SparkSession.builder \
    .master('local') \
    .appName("Sentiment Analysis") \
    .config("spark.jars.packages", "org.apache.spark:spark-sql-kafka-0-10_2.12:3.5.1") \
    .config("spark.sql.streaming.checkpointLocation", r"/tmp/") \
    .config("spark.driver.extraJavaOptions", "-Divy.cache.dir=/tmp -Divy.home=/tmp") \
    .getOrCreate()

# define a udf to perform sentiment analysis
def analyze_sentiment(message):
    # Perform sentiment analysis
    pol_score = sia.polarity_scores(message)
    # Return the compound score
    return [pol_score['neg'], pol_score['neu'], pol_score['pos'], pol_score['compound']]

# Register the function as a UDF
analyze_sentiment_udf = udf(lambda x:analyze_sentiment(x), ArrayType(FloatType()))

# define the schema for the JSON data
schema = StructType([
    StructField("authors", StringType(), nullable=True),
    StructField("content", StringType(), nullable=True),
    StructField("url", StringType(), nullable=True),
    StructField("context", StringType(), nullable=True),
    StructField("type", StringType(), nullable=True),
    StructField("datetime", StringType(), nullable=True)  # Assuming the datetime is string type, you can change it to TimestampType if needed
])

# parse the input parameter
topics = ${topics}
parsed_topics = topics.split("|")

# define the parameters for the input and output kafka broker and topic
kafka_broker = "kafka:9092"
input_kafka_topic = parsed_topics[0]
output_kafka_topic = parsed_topics[1]

# Subscribe to the input topic
df = spark \
    .readStream \
    .format("kafka") \
    .option("kafka.bootstrap.servers", kafka_broker) \
    .option("subscribe", input_kafka_topic) \
    .load()

# parse the JSON data in the 'value' column using the defined schema then create a dataframe containing the reddit data
df = df.select(col("value").cast("string")) \
    .withColumn("value", from_json("value", schema)) \

parsed_df = df \
    .select("value.*")

# perform sentiment analysis on the parsed dataframe 
sa_reddit_df = parsed_df.withColumn('sentiment_score', analyze_sentiment_udf(parsed_df['content']))

# split the sentiment_score column into separate columns
sa_reddit_df = sa_reddit_df.withColumn("negative", sa_reddit_df["sentiment_score"][0]) \
            .withColumn("neutral", sa_reddit_df["sentiment_score"][1]) \
            .withColumn("positive", sa_reddit_df["sentiment_score"][2]) \
            .withColumn("compound", sa_reddit_df["sentiment_score"][3]) \
            .drop('sentiment_score')  # drop sentiment_score column after splitting

# stream the data to kafka
kafka_write = sa_reddit_df \
    .selectExpr("'' AS key", "to_json(struct(*)) AS value") \
    .writeStream \
    .format("kafka") \
    .option("kafka.bootstrap.servers", kafka_broker) \
    .option("topic", output_kafka_topic) \
    .start()

# Wait for the termination of the query
kafka_write.awaitTermination()
[INFO] 2024-05-05 03:06:30.636 +0800 - tenantCode :default, task dir:/tmp/dolphinscheduler/exec/process/default/13010050770016/13386218435520_20/904/3366
[INFO] 2024-05-05 03:06:30.638 +0800 - generate python script file:/tmp/dolphinscheduler/exec/process/default/13010050770016/13386218435520_20/904/3366/py_904_3366.py
[INFO] 2024-05-05 03:06:30.639 +0800 - #-*- encoding=utf8 -*-

# use kafka streaming api
from pyspark.sql.functions import udf, col, from_json
from pyspark.sql.types import FloatType, ArrayType, StringType, StructType, StructField, IntegerType
import nltk
from nltk.sentiment.vader import SentimentIntensityAnalyzer as SIA
from pyspark.sql import SparkSession
import os

# access the nltk data directory variable
nltk_data_dir = os.environ.get('NLTK_DATA')

# download the model
nltk.download('vader_lexicon', download_dir=nltk_data_dir)

# init the sentiment analysis object
sia = SIA()

# init Spark session
spark = SparkSession.builder \
    .master('local') \
    .appName("Sentiment Analysis") \
    .config("spark.jars.packages", "org.apache.spark:spark-sql-kafka-0-10_2.12:3.5.1") \
    .config("spark.sql.streaming.checkpointLocation", r"/tmp/") \
    .config("spark.driver.extraJavaOptions", "-Divy.cache.dir=/tmp -Divy.home=/tmp") \
    .getOrCreate()

# define a udf to perform sentiment analysis
def analyze_sentiment(message):
    # Perform sentiment analysis
    pol_score = sia.polarity_scores(message)
    # Return the compound score
    return [pol_score['neg'], pol_score['neu'], pol_score['pos'], pol_score['compound']]

# Register the function as a UDF
analyze_sentiment_udf = udf(lambda x:analyze_sentiment(x), ArrayType(FloatType()))

# define the schema for the JSON data
schema = StructType([
    StructField("authors", StringType(), nullable=True),
    StructField("content", StringType(), nullable=True),
    StructField("url", StringType(), nullable=True),
    StructField("context", StringType(), nullable=True),
    StructField("type", StringType(), nullable=True),
    StructField("datetime", StringType(), nullable=True)  # Assuming the datetime is string type, you can change it to TimestampType if needed
])

# parse the input parameter
topics = "reddit_post_filtered|reddit_post_sa"
parsed_topics = topics.split("|")

# define the parameters for the input and output kafka broker and topic
kafka_broker = "kafka:9092"
input_kafka_topic = parsed_topics[0]
output_kafka_topic = parsed_topics[1]

# Subscribe to the input topic
df = spark \
    .readStream \
    .format("kafka") \
    .option("kafka.bootstrap.servers", kafka_broker) \
    .option("subscribe", input_kafka_topic) \
    .load()

# parse the JSON data in the 'value' column using the defined schema then create a dataframe containing the reddit data
df = df.select(col("value").cast("string")) \
    .withColumn("value", from_json("value", schema)) \

parsed_df = df \
    .select("value.*")

# perform sentiment analysis on the parsed dataframe 
sa_reddit_df = parsed_df.withColumn('sentiment_score', analyze_sentiment_udf(parsed_df['content']))

# split the sentiment_score column into separate columns
sa_reddit_df = sa_reddit_df.withColumn("negative", sa_reddit_df["sentiment_score"][0]) \
            .withColumn("neutral", sa_reddit_df["sentiment_score"][1]) \
            .withColumn("positive", sa_reddit_df["sentiment_score"][2]) \
            .withColumn("compound", sa_reddit_df["sentiment_score"][3]) \
            .drop('sentiment_score')  # drop sentiment_score column after splitting

# stream the data to kafka
kafka_write = sa_reddit_df \
    .selectExpr("'' AS key", "to_json(struct(*)) AS value") \
    .writeStream \
    .format("kafka") \
    .option("kafka.bootstrap.servers", kafka_broker) \
    .option("topic", output_kafka_topic) \
    .start()

# Wait for the termination of the query
kafka_write.awaitTermination()
[INFO] 2024-05-05 03:06:30.736 +0800 - Final Shell file is: 
[INFO] 2024-05-05 03:06:30.765 +0800 - ****************************** Script Content *****************************************************************
[INFO] 2024-05-05 03:06:30.775 +0800 - #!/bin/bash
BASEDIR=$(cd `dirname $0`; pwd)
cd $BASEDIR
export SPARK_HOME=/opt/spark-3.5.1-bin-hadoop3
export JAVA_HOME=/opt/java/openjdk
export PYSPARK_DRIVER_PYTHON=/bin/python3.11
export PYSPARK_PYTHON=/bin/python3.11
export PYTHON_LAUNCHER=/bin/python3.11
export NLTK_DATA=/local_storage/nltk_data
${PYTHON_LAUNCHER} /tmp/dolphinscheduler/exec/process/default/13010050770016/13386218435520_20/904/3366/py_904_3366.py
[INFO] 2024-05-05 03:06:30.775 +0800 - ****************************** Script Content *****************************************************************
[INFO] 2024-05-05 03:06:30.776 +0800 - Executing shell command : sudo -u default -i /tmp/dolphinscheduler/exec/process/default/13010050770016/13386218435520_20/904/3366/904_3366.sh
[INFO] 2024-05-05 03:06:31.652 +0800 - process start, process id is: 193
[INFO] 2024-05-05 03:06:31.654 +0800 -  -> 
	sudo: unable to change directory to /home/default: No such file or directory
[INFO] 2024-05-05 03:06:50.170 +0800 -  -> 
	:: loading settings :: url = jar:file:/opt/spark-3.5.1-bin-hadoop3/jars/ivy-2.5.1.jar!/org/apache/ivy/core/settings/ivysettings.xml
[INFO] 2024-05-05 03:06:51.196 +0800 -  -> 
	Ivy Default Cache set to: /tmp
	The jars for the packages stored in: /tmp/jars
	org.apache.spark#spark-sql-kafka-0-10_2.12 added as a dependency
	:: resolving dependencies :: org.apache.spark#spark-submit-parent-82046349-0b35-4baa-8f6c-d1346ca2dad3;1.0
		confs: [default]
[INFO] 2024-05-05 03:06:58.250 +0800 -  -> 
	:: resolution report :: resolve 6961ms :: artifacts dl 0ms
		:: modules in use:
		---------------------------------------------------------------------
		|                  |            modules            ||   artifacts   |
		|       conf       | number| search|dwnlded|evicted|| number|dwnlded|
		---------------------------------------------------------------------
		|      default     |   1   |   0   |   0   |   0   ||   0   |   0   |
		---------------------------------------------------------------------
	
	:: problems summary ::
	:::: WARNINGS
		problem while downloading module descriptor: https://repo1.maven.org/maven2/org/apache/spark/spark-parent_2.12/3.5.1/spark-parent_2.12-3.5.1.pom: Downloaded file size (0) doesn't match expected Content Length (136483) for https://repo1.maven.org/maven2/org/apache/spark/spark-parent_2.12/3.5.1/spark-parent_2.12-3.5.1.pom. Please retry. (686ms)
	
		io problem while parsing ivy file: https://repo1.maven.org/maven2/org/apache/spark/spark-sql-kafka-0-10_2.12/3.5.1/spark-sql-kafka-0-10_2.12-3.5.1.pom (java.io.IOException: Impossible to load parent for file:/tmp/org.apache.spark/spark-sql-kafka-0-10_2.12/ivy-3.5.1.xml.original. Parent=org.apache.spark#spark-parent_2.12;3.5.1)
	
			module not found: org.apache.spark#spark-sql-kafka-0-10_2.12;3.5.1
	
		==== local-m2-cache: tried
	
		  file:/home/default/.m2/repository/org/apache/spark/spark-parent_2.12/3.5.1/spark-parent_2.12-3.5.1.pom
	
		  -- artifact org.apache.spark#spark-parent_2.12;3.5.1!spark-parent_2.12.jar:
	
		  file:/home/default/.m2/repository/org/apache/spark/spark-parent_2.12/3.5.1/spark-parent_2.12-3.5.1.jar
	
		==== local-ivy-cache: tried
	
		  /tmp/local/org.apache.spark/spark-parent_2.12/3.5.1/ivys/ivy.xml
	
		  -- artifact org.apache.spark#spark-parent_2.12;3.5.1!spark-parent_2.12.jar:
	
		  /tmp/local/org.apache.spark/spark-parent_2.12/3.5.1/jars/spark-parent_2.12.jar
	
		==== central: tried
	
		  https://repo1.maven.org/maven2/org/apache/spark/spark-parent_2.12/3.5.1/spark-parent_2.12-3.5.1.pom
	
		==== spark-packages: tried
	
		  https://repos.spark-packages.org/org/apache/spark/spark-sql-kafka-0-10_2.12/3.5.1/spark-sql-kafka-0-10_2.12-3.5.1.pom
	
		  -- artifact org.apache.spark#spark-sql-kafka-0-10_2.12;3.5.1!spark-sql-kafka-0-10_2.12.jar:
	
		  https://repos.spark-packages.org/org/apache/spark/spark-sql-kafka-0-10_2.12/3.5.1/spark-sql-kafka-0-10_2.12-3.5.1.jar
	
			::::::::::::::::::::::::::::::::::::::::::::::
	
			::          UNRESOLVED DEPENDENCIES         ::
	
			::::::::::::::::::::::::::::::::::::::::::::::
	
			:: org.apache.spark#spark-sql-kafka-0-10_2.12;3.5.1: not found
	
			::::::::::::::::::::::::::::::::::::::::::::::
	
	
	
	:: USE VERBOSE OR DEBUG MESSAGE LEVEL FOR MORE DETAILS
	Exception in thread "main" java.lang.RuntimeException: [unresolved dependency: org.apache.spark#spark-sql-kafka-0-10_2.12;3.5.1: not found]
		at org.apache.spark.deploy.SparkSubmitUtils$.resolveMavenCoordinates(SparkSubmit.scala:1608)
		at org.apache.spark.util.DependencyUtils$.resolveMavenDependencies(DependencyUtils.scala:185)
		at org.apache.spark.deploy.SparkSubmit.prepareSubmitEnvironment(SparkSubmit.scala:334)
		at org.apache.spark.deploy.SparkSubmit.org$apache$spark$deploy$SparkSubmit$$runMain(SparkSubmit.scala:964)
		at org.apache.spark.deploy.SparkSubmit.doRunMain$1(SparkSubmit.scala:194)
		at org.apache.spark.deploy.SparkSubmit.submit(SparkSubmit.scala:217)
		at org.apache.spark.deploy.SparkSubmit.doSubmit(SparkSubmit.scala:91)
		at org.apache.spark.deploy.SparkSubmit$$anon$2.doSubmit(SparkSubmit.scala:1120)
		at org.apache.spark.deploy.SparkSubmit$.main(SparkSubmit.scala:1129)
		at org.apache.spark.deploy.SparkSubmit.main(SparkSubmit.scala)
	Traceback (most recent call last):
	  File "/tmp/dolphinscheduler/exec/process/default/13010050770016/13386218435520_20/904/3366/py_904_3366.py", line 27, in <module>
	    .getOrCreate()
	     ^^^^^^^^^^^^^
	  File "/usr/local/lib/python3.11/dist-packages/pyspark/sql/session.py", line 497, in getOrCreate
	    sc = SparkContext.getOrCreate(sparkConf)
	         ^^^^^^^^^^^^^^^^^^^^^^^^^^^^^^^^^^^
	  File "/usr/local/lib/python3.11/dist-packages/pyspark/context.py", line 515, in getOrCreate
	    SparkContext(conf=conf or SparkConf())
	  File "/usr/local/lib/python3.11/dist-packages/pyspark/context.py", line 201, in __init__
	    SparkContext._ensure_initialized(self, gateway=gateway, conf=conf)
	  File "/usr/local/lib/python3.11/dist-packages/pyspark/context.py", line 436, in _ensure_initialized
	    SparkContext._gateway = gateway or launch_gateway(conf)
	                                       ^^^^^^^^^^^^^^^^^^^^
	  File "/usr/local/lib/python3.11/dist-packages/pyspark/java_gateway.py", line 107, in launch_gateway
	    raise PySparkRuntimeError(
	pyspark.errors.exceptions.base.PySparkRuntimeError: [JAVA_GATEWAY_EXITED] Java gateway process exited before sending its port number.
[INFO] 2024-05-05 03:06:59.266 +0800 - process has exited. execute path:/tmp/dolphinscheduler/exec/process/default/13010050770016/13386218435520_20/904/3366, processId:193 ,exitStatusCode:1 ,processWaitForStatus:true ,processExitValue:1
[INFO] 2024-05-05 03:06:59.266 +0800 - ***********************************************************************************************
[INFO] 2024-05-05 03:06:59.267 +0800 - *********************************  Finalize task instance  ************************************
[INFO] 2024-05-05 03:06:59.267 +0800 - ***********************************************************************************************
[INFO] 2024-05-05 03:06:59.268 +0800 - Upload output files: [] successfully
[INFO] 2024-05-05 03:06:59.308 +0800 - Send task execute status: FAILURE to master : 172.18.1.1:1234
[INFO] 2024-05-05 03:06:59.310 +0800 - Remove the current task execute context from worker cache
[INFO] 2024-05-05 03:06:59.310 +0800 - The current execute mode isn't develop mode, will clear the task execute file: /tmp/dolphinscheduler/exec/process/default/13010050770016/13386218435520_20/904/3366
[INFO] 2024-05-05 03:06:59.312 +0800 - Success clear the task execute file: /tmp/dolphinscheduler/exec/process/default/13010050770016/13386218435520_20/904/3366
[INFO] 2024-05-05 03:06:59.312 +0800 - FINALIZE_SESSION
