[INFO] 2024-04-23 11:32:51.338 +0800 - ***********************************************************************************************
[INFO] 2024-04-23 11:32:51.339 +0800 - *********************************  Initialize task context  ***********************************
[INFO] 2024-04-23 11:32:51.340 +0800 - ***********************************************************************************************
[INFO] 2024-04-23 11:32:51.340 +0800 - Begin to initialize task
[INFO] 2024-04-23 11:32:51.340 +0800 - Set task startTime: 1713843171340
[INFO] 2024-04-23 11:32:51.340 +0800 - Set task appId: 493_1174
[INFO] 2024-04-23 11:32:51.340 +0800 - End initialize task {
  "taskInstanceId" : 1174,
  "taskName" : "spark preprocessing",
  "firstSubmitTime" : 1713843171321,
  "startTime" : 1713843171340,
  "taskType" : "SHELL",
  "workflowInstanceHost" : "172.18.0.9:5678",
  "host" : "172.18.1.1:1234",
  "logPath" : "/opt/dolphinscheduler/logs/20240423/13201021801792/82/493/1174.log",
  "processId" : 0,
  "processDefineCode" : 13201021801792,
  "processDefineVersion" : 82,
  "processInstanceId" : 493,
  "scheduleTime" : 0,
  "globalParams" : "[{\"prop\":\"folder\",\"direct\":\"IN\",\"type\":\"VARCHAR\",\"value\":\"processing\"}]",
  "executorId" : 1,
  "cmdTypeIfComplement" : 7,
  "tenantCode" : "default",
  "processDefineId" : 0,
  "projectId" : 0,
  "projectCode" : 13010050770016,
  "taskParams" : "{\"localParams\":[],\"rawScript\":\"# $SPARK_HOME/bin/spark-submit \\\\\\n#     --master spark://spark-master:7077 \\\\\\n#     --conf spark.driver.cores=2 \\\\\\n#     --conf spark.driver.memory=2G \\\\\\n#     --conf spark.executor.instances=1 \\\\\\n#     --conf spark.executor.cores=2 \\\\\\n#     --conf spark.executor.memory=2G \\\\\\n#     --files ${raw_file_dir} \\\\\\n#     --name reddit_preprocessing spark_reddit_preprocessing.py\\n\\n$SPARK_HOME/bin/spark-submit \\\\\\n    --master spark://spark-master:7077 \\\\\\n    --files /path/to/raw_file_dir/raw_file.txt \\\\\\n    --name reddit_preprocessing spark_reddit_preprocessing.py\\n\",\"resourceList\":[{\"id\":null,\"resourceName\":\"file:/dolphinscheduler/default/resources/spark_reddit_preprocessing.py\",\"res\":null}]}",
  "environmentConfig" : "export SPARK_HOME=/opt/spark-3.5.1-bin-hadoop3\nexport JAVA_HOME=/opt/java/openjdk\nexport HADOOP_CONF_DIR=/opt/hadoop-3.4.0/etc/hadoop\nexport PYSPARK_DRIVER_PYTHON=/bin/python3.11",
  "prepareParamsMap" : {
    "system.task.definition.name" : {
      "prop" : "system.task.definition.name",
      "direct" : "IN",
      "type" : "VARCHAR",
      "value" : "spark preprocessing"
    },
    "system.project.name" : {
      "prop" : "system.project.name",
      "direct" : "IN",
      "type" : "VARCHAR",
      "value" : null
    },
    "REDDIT_HOME" : {
      "prop" : "REDDIT_HOME",
      "direct" : "IN",
      "type" : "VARCHAR",
      "value" : "/local_storage/reddit"
    },
    "system.biz.curdate" : {
      "prop" : "system.biz.curdate",
      "direct" : "IN",
      "type" : "VARCHAR",
      "value" : "20240423"
    },
    "system.task.instance.id" : {
      "prop" : "system.task.instance.id",
      "direct" : "IN",
      "type" : "VARCHAR",
      "value" : "1174"
    },
    "system.task.definition.code" : {
      "prop" : "system.task.definition.code",
      "direct" : "IN",
      "type" : "VARCHAR",
      "value" : "13210058002752"
    },
    "system.datetime" : {
      "prop" : "system.datetime",
      "direct" : "IN",
      "type" : "VARCHAR",
      "value" : "20240423113251"
    },
    "folder" : {
      "prop" : "folder",
      "direct" : "IN",
      "type" : "VARCHAR",
      "value" : "processing"
    },
    "system.project.code" : {
      "prop" : "system.project.code",
      "direct" : "IN",
      "type" : "VARCHAR",
      "value" : "13010050770016"
    },
    "system.workflow.instance.id" : {
      "prop" : "system.workflow.instance.id",
      "direct" : "IN",
      "type" : "VARCHAR",
      "value" : "493"
    },
    "raw_file_dir" : {
      "prop" : "raw_file_dir",
      "direct" : "IN",
      "type" : "VARCHAR",
      "value" : "/local_storage/reddit/processing/386-20240422.json"
    },
    "system.biz.date" : {
      "prop" : "system.biz.date",
      "direct" : "IN",
      "type" : "VARCHAR",
      "value" : "20240422"
    },
    "system.workflow.definition.name" : {
      "prop" : "system.workflow.definition.name",
      "direct" : "IN",
      "type" : "VARCHAR",
      "value" : "preprocess_post"
    },
    "system.workflow.definition.code" : {
      "prop" : "system.workflow.definition.code",
      "direct" : "IN",
      "type" : "VARCHAR",
      "value" : "13201021801792"
    }
  },
  "taskAppId" : "493_1174",
  "taskTimeout" : 2147483647,
  "workerGroup" : "default",
  "delayTime" : 0,
  "currentExecutionStatus" : "SUBMITTED_SUCCESS",
  "endTime" : 0,
  "varPool" : "[{\"prop\":\"raw_file_dir\",\"direct\":\"IN\",\"type\":\"VARCHAR\",\"value\":\"/local_storage/reddit/processing/386-20240422.json\"}]",
  "dryRun" : 0,
  "paramsMap" : { },
  "cpuQuota" : -1,
  "memoryMax" : -1,
  "testFlag" : 0,
  "logBufferEnable" : false,
  "dispatchFailTimes" : 0
}
[INFO] 2024-04-23 11:32:51.341 +0800 - ***********************************************************************************************
[INFO] 2024-04-23 11:32:51.341 +0800 - *********************************  Load task instance plugin  *********************************
[INFO] 2024-04-23 11:32:51.341 +0800 - ***********************************************************************************************
[INFO] 2024-04-23 11:32:51.344 +0800 - Send task status RUNNING_EXECUTION master: 172.18.1.1:1234
[INFO] 2024-04-23 11:32:51.344 +0800 - TenantCode: default check successfully
[INFO] 2024-04-23 11:32:51.345 +0800 - WorkflowInstanceExecDir: /tmp/dolphinscheduler/exec/process/default/13010050770016/13201021801792_82/493/1174 check successfully
[INFO] 2024-04-23 11:32:51.345 +0800 - Create TaskChannel: org.apache.dolphinscheduler.plugin.task.shell.ShellTaskChannel successfully
[INFO] 2024-04-23 11:32:51.347 +0800 - Download resources successfully: 
ResourceContext(resourceItemMap={file:/dolphinscheduler/default/resources/spark_reddit_preprocessing.py=ResourceContext.ResourceItem(resourceAbsolutePathInStorage=file:/dolphinscheduler/default/resources/spark_reddit_preprocessing.py, resourceRelativePath=spark_reddit_preprocessing.py, resourceAbsolutePathInLocal=/tmp/dolphinscheduler/exec/process/default/13010050770016/13201021801792_82/493/1174/spark_reddit_preprocessing.py)})
[INFO] 2024-04-23 11:32:51.347 +0800 - Download upstream files: [] successfully
[INFO] 2024-04-23 11:32:51.348 +0800 - Task plugin instance: SHELL create successfully
[INFO] 2024-04-23 11:32:51.348 +0800 - Initialize shell task params {
  "localParams" : [ ],
  "varPool" : null,
  "rawScript" : "# $SPARK_HOME/bin/spark-submit \\\n#     --master spark://spark-master:7077 \\\n#     --conf spark.driver.cores=2 \\\n#     --conf spark.driver.memory=2G \\\n#     --conf spark.executor.instances=1 \\\n#     --conf spark.executor.cores=2 \\\n#     --conf spark.executor.memory=2G \\\n#     --files ${raw_file_dir} \\\n#     --name reddit_preprocessing spark_reddit_preprocessing.py\n\n$SPARK_HOME/bin/spark-submit \\\n    --master spark://spark-master:7077 \\\n    --files /path/to/raw_file_dir/raw_file.txt \\\n    --name reddit_preprocessing spark_reddit_preprocessing.py\n",
  "resourceList" : [ {
    "id" : null,
    "resourceName" : "file:/dolphinscheduler/default/resources/spark_reddit_preprocessing.py",
    "res" : null
  } ]
}
[INFO] 2024-04-23 11:32:51.348 +0800 - Success initialized task plugin instance successfully
[INFO] 2024-04-23 11:32:51.348 +0800 - Set taskVarPool: [{"prop":"raw_file_dir","direct":"IN","type":"VARCHAR","value":"/local_storage/reddit/processing/386-20240422.json"}] successfully
[INFO] 2024-04-23 11:32:51.348 +0800 - ***********************************************************************************************
[INFO] 2024-04-23 11:32:51.348 +0800 - *********************************  Execute task instance  *************************************
[INFO] 2024-04-23 11:32:51.348 +0800 - ***********************************************************************************************
[INFO] 2024-04-23 11:32:51.349 +0800 - Final Shell file is: 
[INFO] 2024-04-23 11:32:51.349 +0800 - ****************************** Script Content *****************************************************************
[INFO] 2024-04-23 11:32:51.349 +0800 - #!/bin/bash
BASEDIR=$(cd `dirname $0`; pwd)
cd $BASEDIR
export SPARK_HOME=/opt/spark-3.5.1-bin-hadoop3
export JAVA_HOME=/opt/java/openjdk
export HADOOP_CONF_DIR=/opt/hadoop-3.4.0/etc/hadoop
export PYSPARK_DRIVER_PYTHON=/bin/python3.11
# $SPARK_HOME/bin/spark-submit \
#     --master spark://spark-master:7077 \
#     --conf spark.driver.cores=2 \
#     --conf spark.driver.memory=2G \
#     --conf spark.executor.instances=1 \
#     --conf spark.executor.cores=2 \
#     --conf spark.executor.memory=2G \
#     --files /local_storage/reddit/processing/386-20240422.json \
#     --name reddit_preprocessing spark_reddit_preprocessing.py

$SPARK_HOME/bin/spark-submit \
    --master spark://spark-master:7077 \
    --files /path/to/raw_file_dir/raw_file.txt \
    --name reddit_preprocessing spark_reddit_preprocessing.py

[INFO] 2024-04-23 11:32:51.349 +0800 - ****************************** Script Content *****************************************************************
[INFO] 2024-04-23 11:32:51.350 +0800 - Executing shell command : sudo -u default -i /tmp/dolphinscheduler/exec/process/default/13010050770016/13201021801792_82/493/1174/493_1174.sh
[INFO] 2024-04-23 11:32:51.360 +0800 - process start, process id is: 4400
[INFO] 2024-04-23 11:32:52.364 +0800 -  -> 
	sudo: unable to change directory to /home/default: No such file or directory
[INFO] 2024-04-23 11:32:55.373 +0800 -  -> 
	24/04/23 11:32:54 WARN NativeCodeLoader: Unable to load native-hadoop library for your platform... using builtin-java classes where applicable
[INFO] 2024-04-23 11:32:56.375 +0800 -  -> 
	24/04/23 11:32:55 INFO SparkContext: Running Spark version 3.5.1
	24/04/23 11:32:55 INFO SparkContext: OS info Linux, 6.5.0-28-generic, amd64
	24/04/23 11:32:55 INFO SparkContext: Java version 1.8.0_402
	24/04/23 11:32:55 INFO ResourceUtils: ==============================================================
	24/04/23 11:32:55 INFO ResourceUtils: No custom resources configured for spark.driver.
	24/04/23 11:32:55 INFO ResourceUtils: ==============================================================
	24/04/23 11:32:55 INFO SparkContext: Submitted application: reddit_preprocessing
	24/04/23 11:32:55 INFO ResourceProfile: Default ResourceProfile created, executor resources: Map(memory -> name: memory, amount: 1024, script: , vendor: , offHeap -> name: offHeap, amount: 0, script: , vendor: ), task resources: Map(cpus -> name: cpus, amount: 1.0)
	24/04/23 11:32:55 INFO ResourceProfile: Limiting resource is cpu
	24/04/23 11:32:55 INFO ResourceProfileManager: Added ResourceProfile id: 0
	24/04/23 11:32:55 INFO SecurityManager: Changing view acls to: default
	24/04/23 11:32:55 INFO SecurityManager: Changing modify acls to: default
	24/04/23 11:32:55 INFO SecurityManager: Changing view acls groups to: 
	24/04/23 11:32:55 INFO SecurityManager: Changing modify acls groups to: 
	24/04/23 11:32:55 INFO SecurityManager: SecurityManager: authentication disabled; ui acls disabled; users with view permissions: default; groups with view permissions: EMPTY; users with modify permissions: default; groups with modify permissions: EMPTY
	24/04/23 11:32:56 INFO Utils: Successfully started service 'sparkDriver' on port 35231.
	24/04/23 11:32:56 INFO SparkEnv: Registering MapOutputTracker
[INFO] 2024-04-23 11:32:57.379 +0800 -  -> 
	24/04/23 11:32:56 INFO SparkEnv: Registering BlockManagerMaster
	24/04/23 11:32:56 INFO BlockManagerMasterEndpoint: Using org.apache.spark.storage.DefaultTopologyMapper for getting topology information
	24/04/23 11:32:56 INFO BlockManagerMasterEndpoint: BlockManagerMasterEndpoint up
	24/04/23 11:32:56 INFO SparkEnv: Registering BlockManagerMasterHeartbeat
	24/04/23 11:32:56 INFO DiskBlockManager: Created local directory at /tmp/blockmgr-0f704c0a-8f9b-4d92-b648-57113ec3e1e3
	24/04/23 11:32:56 INFO MemoryStore: MemoryStore started with capacity 366.3 MiB
	24/04/23 11:32:56 INFO SparkEnv: Registering OutputCommitCoordinator
	24/04/23 11:32:56 INFO JettyUtils: Start Jetty 0.0.0.0:4040 for SparkUI
[INFO] 2024-04-23 11:32:58.379 +0800 -  -> 
	24/04/23 11:32:57 INFO Utils: Successfully started service 'SparkUI' on port 4040.
	24/04/23 11:32:57 ERROR SparkContext: Error initializing SparkContext.
	java.io.FileNotFoundException: File file:/path/to/raw_file_dir/raw_file.txt does not exist
		at org.apache.hadoop.fs.RawLocalFileSystem.deprecatedGetFileStatus(RawLocalFileSystem.java:779)
		at org.apache.hadoop.fs.RawLocalFileSystem.getFileLinkStatusInternal(RawLocalFileSystem.java:1100)
		at org.apache.hadoop.fs.RawLocalFileSystem.getFileStatus(RawLocalFileSystem.java:769)
		at org.apache.hadoop.fs.FilterFileSystem.getFileStatus(FilterFileSystem.java:462)
		at org.apache.spark.SparkContext.addFile(SparkContext.scala:1755)
		at org.apache.spark.SparkContext.$anonfun$new$16(SparkContext.scala:533)
		at org.apache.spark.SparkContext.$anonfun$new$16$adapted(SparkContext.scala:533)
		at scala.collection.immutable.List.foreach(List.scala:431)
		at org.apache.spark.SparkContext.<init>(SparkContext.scala:533)
		at org.apache.spark.api.java.JavaSparkContext.<init>(JavaSparkContext.scala:58)
		at sun.reflect.NativeConstructorAccessorImpl.newInstance0(Native Method)
		at sun.reflect.NativeConstructorAccessorImpl.newInstance(NativeConstructorAccessorImpl.java:62)
		at sun.reflect.DelegatingConstructorAccessorImpl.newInstance(DelegatingConstructorAccessorImpl.java:45)
		at java.lang.reflect.Constructor.newInstance(Constructor.java:423)
		at py4j.reflection.MethodInvoker.invoke(MethodInvoker.java:247)
		at py4j.reflection.ReflectionEngine.invoke(ReflectionEngine.java:374)
		at py4j.Gateway.invoke(Gateway.java:238)
		at py4j.commands.ConstructorCommand.invokeConstructor(ConstructorCommand.java:80)
		at py4j.commands.ConstructorCommand.execute(ConstructorCommand.java:69)
		at py4j.ClientServerConnection.waitForCommands(ClientServerConnection.java:182)
		at py4j.ClientServerConnection.run(ClientServerConnection.java:106)
		at java.lang.Thread.run(Thread.java:750)
	24/04/23 11:32:57 INFO SparkContext: SparkContext is stopping with exitCode 0.
	24/04/23 11:32:57 INFO SparkUI: Stopped Spark web UI at http://c0e814e3f0bd:4040
	24/04/23 11:32:57 INFO MapOutputTrackerMasterEndpoint: MapOutputTrackerMasterEndpoint stopped!
	24/04/23 11:32:57 INFO MemoryStore: MemoryStore cleared
	24/04/23 11:32:57 INFO BlockManager: BlockManager stopped
	24/04/23 11:32:57 INFO BlockManagerMaster: BlockManagerMaster stopped
	24/04/23 11:32:57 WARN MetricsSystem: Stopping a MetricsSystem that is not running
	24/04/23 11:32:57 INFO OutputCommitCoordinator$OutputCommitCoordinatorEndpoint: OutputCommitCoordinator stopped!
	24/04/23 11:32:57 INFO SparkContext: Successfully stopped SparkContext
	Traceback (most recent call last):
	  File "/tmp/dolphinscheduler/exec/process/default/13010050770016/13201021801792_82/493/1174/spark_reddit_preprocessing.py", line 24, in <module>
	    sc = pyspark.SparkContext(appName="reddit_preprocessing")
	         ^^^^^^^^^^^^^^^^^^^^^^^^^^^^^^^^^^^^^^^^^^^^^^^^^^^^
	  File "/opt/spark-3.5.1-bin-hadoop3/python/lib/pyspark.zip/pyspark/context.py", line 203, in __init__
	  File "/opt/spark-3.5.1-bin-hadoop3/python/lib/pyspark.zip/pyspark/context.py", line 296, in _do_init
	  File "/opt/spark-3.5.1-bin-hadoop3/python/lib/pyspark.zip/pyspark/context.py", line 421, in _initialize_context
	  File "/opt/spark-3.5.1-bin-hadoop3/python/lib/py4j-0.10.9.7-src.zip/py4j/java_gateway.py", line 1587, in __call__
	  File "/opt/spark-3.5.1-bin-hadoop3/python/lib/py4j-0.10.9.7-src.zip/py4j/protocol.py", line 326, in get_return_value
	py4j.protocol.Py4JJavaError: An error occurred while calling None.org.apache.spark.api.java.JavaSparkContext.
	: java.io.FileNotFoundException: File file:/path/to/raw_file_dir/raw_file.txt does not exist
		at org.apache.hadoop.fs.RawLocalFileSystem.deprecatedGetFileStatus(RawLocalFileSystem.java:779)
		at org.apache.hadoop.fs.RawLocalFileSystem.getFileLinkStatusInternal(RawLocalFileSystem.java:1100)
		at org.apache.hadoop.fs.RawLocalFileSystem.getFileStatus(RawLocalFileSystem.java:769)
		at org.apache.hadoop.fs.FilterFileSystem.getFileStatus(FilterFileSystem.java:462)
		at org.apache.spark.SparkContext.addFile(SparkContext.scala:1755)
		at org.apache.spark.SparkContext.$anonfun$new$16(SparkContext.scala:533)
		at org.apache.spark.SparkContext.$anonfun$new$16$adapted(SparkContext.scala:533)
		at scala.collection.immutable.List.foreach(List.scala:431)
		at org.apache.spark.SparkContext.<init>(SparkContext.scala:533)
		at org.apache.spark.api.java.JavaSparkContext.<init>(JavaSparkContext.scala:58)
		at sun.reflect.NativeConstructorAccessorImpl.newInstance0(Native Method)
		at sun.reflect.NativeConstructorAccessorImpl.newInstance(NativeConstructorAccessorImpl.java:62)
		at sun.reflect.DelegatingConstructorAccessorImpl.newInstance(DelegatingConstructorAccessorImpl.java:45)
		at java.lang.reflect.Constructor.newInstance(Constructor.java:423)
		at py4j.reflection.MethodInvoker.invoke(MethodInvoker.java:247)
		at py4j.reflection.ReflectionEngine.invoke(ReflectionEngine.java:374)
		at py4j.Gateway.invoke(Gateway.java:238)
		at py4j.commands.ConstructorCommand.invokeConstructor(ConstructorCommand.java:80)
		at py4j.commands.ConstructorCommand.execute(ConstructorCommand.java:69)
		at py4j.ClientServerConnection.waitForCommands(ClientServerConnection.java:182)
		at py4j.ClientServerConnection.run(ClientServerConnection.java:106)
		at java.lang.Thread.run(Thread.java:750)
	
	24/04/23 11:32:58 INFO ShutdownHookManager: Shutdown hook called
	24/04/23 11:32:58 INFO ShutdownHookManager: Deleting directory /tmp/spark-4033d396-1f00-483b-8170-67a8b8f1253c
	24/04/23 11:32:58 INFO ShutdownHookManager: Deleting directory /tmp/spark-3b1ae290-174f-4fdb-9c5e-8df7ba67a74b
[INFO] 2024-04-23 11:32:58.382 +0800 - process has exited. execute path:/tmp/dolphinscheduler/exec/process/default/13010050770016/13201021801792_82/493/1174, processId:4400 ,exitStatusCode:1 ,processWaitForStatus:true ,processExitValue:1
[INFO] 2024-04-23 11:32:58.383 +0800 - ***********************************************************************************************
[INFO] 2024-04-23 11:32:58.384 +0800 - *********************************  Finalize task instance  ************************************
[INFO] 2024-04-23 11:32:58.384 +0800 - ***********************************************************************************************
[INFO] 2024-04-23 11:32:58.386 +0800 - Upload output files: [] successfully
[INFO] 2024-04-23 11:32:58.389 +0800 - Send task execute status: FAILURE to master : 172.18.1.1:1234
[INFO] 2024-04-23 11:32:58.390 +0800 - Remove the current task execute context from worker cache
[INFO] 2024-04-23 11:32:58.390 +0800 - The current execute mode isn't develop mode, will clear the task execute file: /tmp/dolphinscheduler/exec/process/default/13010050770016/13201021801792_82/493/1174
[INFO] 2024-04-23 11:32:58.391 +0800 - Success clear the task execute file: /tmp/dolphinscheduler/exec/process/default/13010050770016/13201021801792_82/493/1174
[INFO] 2024-04-23 11:32:58.391 +0800 - FINALIZE_SESSION
