[INFO] 2024-05-05 06:05:43.424 +0800 - ***********************************************************************************************
[INFO] 2024-05-05 06:05:43.426 +0800 - *********************************  Initialize task context  ***********************************
[INFO] 2024-05-05 06:05:43.426 +0800 - ***********************************************************************************************
[INFO] 2024-05-05 06:05:43.426 +0800 - Begin to initialize task
[INFO] 2024-05-05 06:05:43.426 +0800 - Set task startTime: 1714860343426
[INFO] 2024-05-05 06:05:43.427 +0800 - Set task appId: 967_3508
[INFO] 2024-05-05 06:05:43.481 +0800 - End initialize task {
  "taskInstanceId" : 3508,
  "taskName" : "check data existence in db",
  "firstSubmitTime" : 1714860343320,
  "startTime" : 1714860343426,
  "taskType" : "SQL",
  "workflowInstanceHost" : "172.18.0.12:5678",
  "host" : "172.18.1.1:1234",
  "logPath" : "/opt/dolphinscheduler/logs/20240505/13471825071552/30/967/3508.log",
  "processId" : 0,
  "processDefineCode" : 13471825071552,
  "processDefineVersion" : 30,
  "processInstanceId" : 967,
  "scheduleTime" : 0,
  "globalParams" : "[{\"prop\":\"topic\",\"direct\":\"IN\",\"type\":\"VARCHAR\",\"value\":\"'Singapore'\"},{\"prop\":\"article_list\",\"direct\":\"IN\",\"type\":\"VARCHAR\",\"value\":\"${news_articles_param_list}\"}]",
  "executorId" : 1,
  "cmdTypeIfComplement" : 13,
  "tenantCode" : "default",
  "processDefineId" : 0,
  "projectId" : 0,
  "projectCode" : 13010050770016,
  "taskParams" : "{\"localParams\":[{\"prop\":\"article_hash_in_db\",\"direct\":\"OUT\",\"type\":\"LIST\",\"value\":\"\"}],\"resourceList\":[],\"type\":\"POSTGRESQL\",\"datasource\":5,\"sql\":\"SELECT hash\\nFROM article_hashes\\nWHERE hash = 'llll'\",\"sqlType\":\"0\",\"preStatements\":[\"CREATE TABLE IF NOT EXISTS article_hashes (\\n\\t    hash TEXT NOT NULL\\n\\t);\"],\"postStatements\":[],\"displayRows\":10}",
  "prepareParamsMap" : {
    "GNEWS_HOME" : {
      "prop" : "GNEWS_HOME",
      "direct" : "IN",
      "type" : "VARCHAR",
      "value" : "/local_storage/google_news"
    },
    "system.task.definition.name" : {
      "prop" : "system.task.definition.name",
      "direct" : "IN",
      "type" : "VARCHAR",
      "value" : "check data existence in db"
    },
    "system.project.name" : {
      "prop" : "system.project.name",
      "direct" : "IN",
      "type" : "VARCHAR",
      "value" : null
    },
    "REDDIT_HOME" : {
      "prop" : "REDDIT_HOME",
      "direct" : "IN",
      "type" : "VARCHAR",
      "value" : "/local_storage/reddit"
    },
    "system.biz.curdate" : {
      "prop" : "system.biz.curdate",
      "direct" : "IN",
      "type" : "VARCHAR",
      "value" : "20240505"
    },
    "article_data" : {
      "prop" : "article_data",
      "direct" : "IN",
      "type" : "VARCHAR",
      "value" : "${news_article}"
    },
    "system.task.instance.id" : {
      "prop" : "system.task.instance.id",
      "direct" : "IN",
      "type" : "VARCHAR",
      "value" : "3508"
    },
    "system.task.definition.code" : {
      "prop" : "system.task.definition.code",
      "direct" : "IN",
      "type" : "VARCHAR",
      "value" : "13472192399424"
    },
    "system.datetime" : {
      "prop" : "system.datetime",
      "direct" : "IN",
      "type" : "VARCHAR",
      "value" : "20240505060543"
    },
    "system.project.code" : {
      "prop" : "system.project.code",
      "direct" : "IN",
      "type" : "VARCHAR",
      "value" : "13010050770016"
    },
    "system.workflow.instance.id" : {
      "prop" : "system.workflow.instance.id",
      "direct" : "IN",
      "type" : "VARCHAR",
      "value" : "967"
    },
    "topic" : {
      "prop" : "topic",
      "direct" : "IN",
      "type" : "VARCHAR",
      "value" : "'Singapore'"
    },
    "article_data_hash" : {
      "prop" : "article_data_hash",
      "direct" : "IN",
      "type" : "VARCHAR",
      "value" : "12dce0aecfe9b404b98d9e84e87e1cdb22aceb035be3c5185d407576f54c9911"
    },
    "system.biz.date" : {
      "prop" : "system.biz.date",
      "direct" : "IN",
      "type" : "VARCHAR",
      "value" : "20240504"
    },
    "article_list" : {
      "prop" : "article_list",
      "direct" : "IN",
      "type" : "VARCHAR",
      "value" : "${news_articles_param_list}"
    },
    "system.workflow.definition.name" : {
      "prop" : "system.workflow.definition.name",
      "direct" : "IN",
      "type" : "VARCHAR",
      "value" : "extract_gnews_articles_hashing_subprocess"
    },
    "system.workflow.definition.code" : {
      "prop" : "system.workflow.definition.code",
      "direct" : "IN",
      "type" : "VARCHAR",
      "value" : "13471825071552"
    }
  },
  "taskAppId" : "967_3508",
  "taskTimeout" : 2147483647,
  "workerGroup" : "default",
  "delayTime" : 0,
  "currentExecutionStatus" : "SUBMITTED_SUCCESS",
  "resourceParametersHelper" : {
    "resourceMap" : {
      "DATASOURCE" : {
        "5" : {
          "resourceType" : "DATASOURCE",
          "type" : "POSTGRESQL",
          "connectionParams" : "{\"user\":\"root\",\"password\":\"******\",\"address\":\"jdbc:postgresql://dolphinscheduler-postgresql:5432\",\"database\":\"gnews_article_hash_db\",\"jdbcUrl\":\"jdbc:postgresql://dolphinscheduler-postgresql:5432/gnews_article_hash_db\",\"driverClassName\":\"org.postgresql.Driver\",\"validationQuery\":\"select version()\",\"other\":{\"password\":\"****\"}}",
          "DATASOURCE" : null
        }
      }
    }
  },
  "endTime" : 0,
  "varPool" : "[{\"prop\":\"article_data_hash\",\"direct\":\"IN\",\"type\":\"VARCHAR\",\"value\":\"12dce0aecfe9b404b98d9e84e87e1cdb22aceb035be3c5185d407576f54c9911\"},{\"prop\":\"article_list\",\"direct\":\"IN\",\"type\":\"VARCHAR\",\"value\":\"news_articles_param_list\"},{\"prop\":\"article_data\",\"direct\":\"IN\",\"type\":\"VARCHAR\",\"value\":\"${news_article}\"}]",
  "dryRun" : 0,
  "paramsMap" : { },
  "cpuQuota" : -1,
  "memoryMax" : -1,
  "testFlag" : 0,
  "logBufferEnable" : false,
  "dispatchFailTimes" : 0
}
[INFO] 2024-05-05 06:05:43.502 +0800 - ***********************************************************************************************
[INFO] 2024-05-05 06:05:43.503 +0800 - *********************************  Load task instance plugin  *********************************
[INFO] 2024-05-05 06:05:43.504 +0800 - ***********************************************************************************************
[INFO] 2024-05-05 06:05:43.521 +0800 - Send task status RUNNING_EXECUTION master: 172.18.1.1:1234
[INFO] 2024-05-05 06:05:43.523 +0800 - TenantCode: default check successfully
[INFO] 2024-05-05 06:05:43.526 +0800 - WorkflowInstanceExecDir: /tmp/dolphinscheduler/exec/process/default/13010050770016/13471825071552_30/967/3508 check successfully
[INFO] 2024-05-05 06:05:43.527 +0800 - Create TaskChannel: org.apache.dolphinscheduler.plugin.task.sql.SqlTaskChannel successfully
[INFO] 2024-05-05 06:05:43.554 +0800 - Download resources successfully: 
ResourceContext(resourceItemMap={})
[INFO] 2024-05-05 06:05:43.559 +0800 - Download upstream files: [] successfully
[INFO] 2024-05-05 06:05:43.577 +0800 - Initialize sql task parameter {
  "localParams" : [ {
    "prop" : "article_hash_in_db",
    "direct" : "OUT",
    "type" : "LIST",
    "value" : ""
  } ],
  "varPool" : null,
  "type" : "POSTGRESQL",
  "datasource" : 5,
  "sql" : "SELECT hash\nFROM article_hashes\nWHERE hash = 'llll'",
  "sqlType" : 0,
  "sendEmail" : null,
  "displayRows" : 10,
  "udfs" : null,
  "showType" : null,
  "connParams" : null,
  "preStatements" : [ "CREATE TABLE IF NOT EXISTS article_hashes (\n\t    hash TEXT NOT NULL\n\t);" ],
  "postStatements" : [ ],
  "groupId" : 0,
  "title" : null,
  "limit" : 0
}
[INFO] 2024-05-05 06:05:43.614 +0800 - Task plugin instance: SQL create successfully
[INFO] 2024-05-05 06:05:43.619 +0800 - Success initialized task plugin instance successfully
[INFO] 2024-05-05 06:05:43.620 +0800 - Set taskVarPool: [{"prop":"article_data_hash","direct":"IN","type":"VARCHAR","value":"12dce0aecfe9b404b98d9e84e87e1cdb22aceb035be3c5185d407576f54c9911"},{"prop":"article_list","direct":"IN","type":"VARCHAR","value":"news_articles_param_list"},{"prop":"article_data","direct":"IN","type":"VARCHAR","value":"${news_article}"}] successfully
[INFO] 2024-05-05 06:05:43.620 +0800 - ***********************************************************************************************
[INFO] 2024-05-05 06:05:43.620 +0800 - *********************************  Execute task instance  *************************************
[INFO] 2024-05-05 06:05:43.620 +0800 - ***********************************************************************************************
[INFO] 2024-05-05 06:05:43.620 +0800 - Full sql parameters: SqlParameters{type='POSTGRESQL', datasource=5, sql='SELECT hash
FROM article_hashes
WHERE hash = 'llll'', sqlType=0, sendEmail=null, displayRows=10, limit=0, udfs='null', showType='null', connParams='null', groupId='0', title='null', preStatements=[CREATE TABLE IF NOT EXISTS article_hashes (
	    hash TEXT NOT NULL
	);], postStatements=[]}
[INFO] 2024-05-05 06:05:43.620 +0800 - sql type : POSTGRESQL, datasource : 5, sql : SELECT hash
FROM article_hashes
WHERE hash = 'llll' , localParams : [Property{prop='article_hash_in_db', direct=OUT, type=LIST, value=''}],udfs : null,showType : null,connParams : null,varPool : [Property{prop='article_data_hash', direct=IN, type=VARCHAR, value='12dce0aecfe9b404b98d9e84e87e1cdb22aceb035be3c5185d407576f54c9911'}, Property{prop='article_list', direct=IN, type=VARCHAR, value='news_articles_param_list'}, Property{prop='article_data', direct=IN, type=VARCHAR, value='${news_article}'}] ,query max result limit  0
[INFO] 2024-05-05 06:05:43.684 +0800 - start register processor: HANA
[INFO] 2024-05-05 06:05:43.702 +0800 - done register processor: HANA
[INFO] 2024-05-05 06:05:43.709 +0800 - start register processor: SQLSERVER
[INFO] 2024-05-05 06:05:43.710 +0800 - done register processor: SQLSERVER
[INFO] 2024-05-05 06:05:43.714 +0800 - start register processor: SAGEMAKER
[INFO] 2024-05-05 06:05:43.716 +0800 - done register processor: SAGEMAKER
[INFO] 2024-05-05 06:05:43.719 +0800 - start register processor: DATABEND
[INFO] 2024-05-05 06:05:43.719 +0800 - done register processor: DATABEND
[INFO] 2024-05-05 06:05:43.794 +0800 - start register processor: AZURESQL
[INFO] 2024-05-05 06:05:43.795 +0800 - done register processor: AZURESQL
[INFO] 2024-05-05 06:05:43.810 +0800 - start register processor: HIVE
[INFO] 2024-05-05 06:05:43.811 +0800 - done register processor: HIVE
[INFO] 2024-05-05 06:05:43.814 +0800 - start register processor: DORIS
[INFO] 2024-05-05 06:05:43.814 +0800 - done register processor: DORIS
[INFO] 2024-05-05 06:05:43.819 +0800 - start register processor: POSTGRESQL
[INFO] 2024-05-05 06:05:43.820 +0800 - done register processor: POSTGRESQL
[INFO] 2024-05-05 06:05:43.826 +0800 - start register processor: MYSQL
[INFO] 2024-05-05 06:05:43.827 +0800 - done register processor: MYSQL
[INFO] 2024-05-05 06:05:43.835 +0800 - start register processor: REDSHIFT
[INFO] 2024-05-05 06:05:43.836 +0800 - done register processor: REDSHIFT
[INFO] 2024-05-05 06:05:43.845 +0800 - start register processor: SNOWFLAKE
[INFO] 2024-05-05 06:05:43.846 +0800 - done register processor: SNOWFLAKE
[INFO] 2024-05-05 06:05:43.852 +0800 - start register processor: STARROCKS
[INFO] 2024-05-05 06:05:43.852 +0800 - done register processor: STARROCKS
[INFO] 2024-05-05 06:05:43.855 +0800 - start register processor: SSH
[INFO] 2024-05-05 06:05:43.855 +0800 - done register processor: SSH
[INFO] 2024-05-05 06:05:43.866 +0800 - start register processor: ATHENA
[INFO] 2024-05-05 06:05:43.867 +0800 - done register processor: ATHENA
[INFO] 2024-05-05 06:05:43.870 +0800 - start register processor: PRESTO
[INFO] 2024-05-05 06:05:43.871 +0800 - done register processor: PRESTO
[INFO] 2024-05-05 06:05:43.875 +0800 - start register processor: OCEANBASE
[INFO] 2024-05-05 06:05:43.876 +0800 - done register processor: OCEANBASE
[INFO] 2024-05-05 06:05:43.893 +0800 - start register processor: ORACLE
[INFO] 2024-05-05 06:05:43.895 +0800 - done register processor: ORACLE
[INFO] 2024-05-05 06:05:43.908 +0800 - start register processor: CLICKHOUSE
[INFO] 2024-05-05 06:05:43.908 +0800 - done register processor: CLICKHOUSE
[INFO] 2024-05-05 06:05:43.916 +0800 - start register processor: VERTICA
[INFO] 2024-05-05 06:05:43.917 +0800 - done register processor: VERTICA
[INFO] 2024-05-05 06:05:43.921 +0800 - start register processor: KYUUBI
[INFO] 2024-05-05 06:05:43.924 +0800 - done register processor: KYUUBI
[INFO] 2024-05-05 06:05:43.931 +0800 - start register processor: DB2
[INFO] 2024-05-05 06:05:43.933 +0800 - done register processor: DB2
[INFO] 2024-05-05 06:05:43.937 +0800 - start register processor: TRINO
[INFO] 2024-05-05 06:05:43.938 +0800 - done register processor: TRINO
[INFO] 2024-05-05 06:05:43.944 +0800 - start register processor: SPARK
[INFO] 2024-05-05 06:05:43.945 +0800 - done register processor: SPARK
[INFO] 2024-05-05 06:05:43.951 +0800 - start register processor: DAMENG
[INFO] 2024-05-05 06:05:43.952 +0800 - done register processor: DAMENG
[INFO] 2024-05-05 06:05:43.955 +0800 - start register processor: ZEPPELIN
[INFO] 2024-05-05 06:05:43.960 +0800 - done register processor: ZEPPELIN
[INFO] 2024-05-05 06:05:44.048 +0800 - after replace sql , preparing : SELECT hash
FROM article_hashes
WHERE hash = 'llll'
[INFO] 2024-05-05 06:05:44.049 +0800 - Sql Params are replaced sql , parameters:
[INFO] 2024-05-05 06:05:44.051 +0800 - after replace sql , preparing : CREATE TABLE IF NOT EXISTS article_hashes (
	    hash TEXT NOT NULL
	);
[INFO] 2024-05-05 06:05:44.058 +0800 - Sql Params are replaced sql , parameters:
[INFO] 2024-05-05 06:05:44.058 +0800 - can't find udf function resource
[INFO] 2024-05-05 06:05:44.087 +0800 - Registering datasource plugin: hive
[INFO] 2024-05-05 06:05:44.091 +0800 - Registered datasource plugin: hive
[INFO] 2024-05-05 06:05:44.091 +0800 - Registering datasource plugin: vertica
[INFO] 2024-05-05 06:05:44.092 +0800 - Registered datasource plugin: vertica
[INFO] 2024-05-05 06:05:44.093 +0800 - Registering datasource plugin: doris
[INFO] 2024-05-05 06:05:44.094 +0800 - Registered datasource plugin: doris
[INFO] 2024-05-05 06:05:44.094 +0800 - Registering datasource plugin: ssh
[INFO] 2024-05-05 06:05:44.096 +0800 - Registered datasource plugin: ssh
[INFO] 2024-05-05 06:05:44.097 +0800 - Registering datasource plugin: databend
[INFO] 2024-05-05 06:05:44.098 +0800 - Registered datasource plugin: databend
[INFO] 2024-05-05 06:05:44.098 +0800 - Registering datasource plugin: sqlserver
[INFO] 2024-05-05 06:05:44.099 +0800 - Registered datasource plugin: sqlserver
[INFO] 2024-05-05 06:05:44.099 +0800 - Registering datasource plugin: postgresql
[INFO] 2024-05-05 06:05:44.100 +0800 - Registered datasource plugin: postgresql
[INFO] 2024-05-05 06:05:44.100 +0800 - Registering datasource plugin: redshift
[INFO] 2024-05-05 06:05:44.101 +0800 - Registered datasource plugin: redshift
[INFO] 2024-05-05 06:05:44.101 +0800 - Registering datasource plugin: spark
[INFO] 2024-05-05 06:05:44.102 +0800 - Registered datasource plugin: spark
[INFO] 2024-05-05 06:05:44.102 +0800 - Registering datasource plugin: oceanbase
[INFO] 2024-05-05 06:05:44.103 +0800 - Registered datasource plugin: oceanbase
[INFO] 2024-05-05 06:05:44.103 +0800 - Registering datasource plugin: starrocks
[INFO] 2024-05-05 06:05:44.104 +0800 - Registered datasource plugin: starrocks
[INFO] 2024-05-05 06:05:44.105 +0800 - Registering datasource plugin: mysql
[INFO] 2024-05-05 06:05:44.105 +0800 - Registered datasource plugin: mysql
[INFO] 2024-05-05 06:05:44.106 +0800 - Registering datasource plugin: hana
[INFO] 2024-05-05 06:05:44.106 +0800 - Registered datasource plugin: hana
[INFO] 2024-05-05 06:05:44.107 +0800 - Registering datasource plugin: sagemaker
[INFO] 2024-05-05 06:05:44.108 +0800 - Registered datasource plugin: sagemaker
[INFO] 2024-05-05 06:05:44.108 +0800 - Registering datasource plugin: dameng
[INFO] 2024-05-05 06:05:44.109 +0800 - Registered datasource plugin: dameng
[INFO] 2024-05-05 06:05:44.110 +0800 - Registering datasource plugin: snowflake
[INFO] 2024-05-05 06:05:44.111 +0800 - Registered datasource plugin: snowflake
[INFO] 2024-05-05 06:05:44.111 +0800 - Registering datasource plugin: oracle
[INFO] 2024-05-05 06:05:44.114 +0800 - Registered datasource plugin: oracle
[INFO] 2024-05-05 06:05:44.114 +0800 - Registering datasource plugin: kyuubi
[INFO] 2024-05-05 06:05:44.116 +0800 - Registered datasource plugin: kyuubi
[INFO] 2024-05-05 06:05:44.116 +0800 - Registering datasource plugin: zeppelin
[INFO] 2024-05-05 06:05:44.117 +0800 - Registered datasource plugin: zeppelin
[INFO] 2024-05-05 06:05:44.118 +0800 - Registering datasource plugin: trino
[INFO] 2024-05-05 06:05:44.119 +0800 - Registered datasource plugin: trino
[INFO] 2024-05-05 06:05:44.119 +0800 - Registering datasource plugin: db2
[INFO] 2024-05-05 06:05:44.120 +0800 - Registered datasource plugin: db2
[INFO] 2024-05-05 06:05:44.120 +0800 - Registering datasource plugin: clickhouse
[INFO] 2024-05-05 06:05:44.121 +0800 - Registered datasource plugin: clickhouse
[INFO] 2024-05-05 06:05:44.121 +0800 - Registering datasource plugin: azuresql
[INFO] 2024-05-05 06:05:44.121 +0800 - Registered datasource plugin: azuresql
[INFO] 2024-05-05 06:05:44.122 +0800 - Registering datasource plugin: athena
[INFO] 2024-05-05 06:05:44.123 +0800 - Registered datasource plugin: athena
[INFO] 2024-05-05 06:05:44.123 +0800 - Registering datasource plugin: presto
[INFO] 2024-05-05 06:05:44.125 +0800 - Registered datasource plugin: presto
[WARN] 2024-05-05 06:05:45.001 +0800 - Connect strings must start with jdbc:snowflake://
[INFO] 2024-05-05 06:05:45.540 +0800 - prepare statement replace sql : CREATE TABLE IF NOT EXISTS article_hashes (
	    hash TEXT NOT NULL
	);, sql parameters : {}
[INFO] 2024-05-05 06:05:45.546 +0800 - pre statement execute update result: 0, for sql: CREATE TABLE IF NOT EXISTS article_hashes (
	    hash TEXT NOT NULL
	);
[INFO] 2024-05-05 06:05:45.549 +0800 - prepare statement replace sql : SELECT hash
FROM article_hashes
WHERE hash = 'llll', sql parameters : {}
[INFO] 2024-05-05 06:05:45.550 +0800 - main statement execute query, for sql: SELECT hash
FROM article_hashes
WHERE hash = 'llll'
[INFO] 2024-05-05 06:05:45.570 +0800 - display sql result 0 rows as follows:
[INFO] 2024-05-05 06:05:45.571 +0800 - sql query results is empty
[INFO] 2024-05-05 06:05:45.579 +0800 - ***********************************************************************************************
[INFO] 2024-05-05 06:05:45.579 +0800 - *********************************  Finalize task instance  ************************************
[INFO] 2024-05-05 06:05:45.580 +0800 - ***********************************************************************************************
[INFO] 2024-05-05 06:05:45.581 +0800 - Upload output files: [] successfully
[INFO] 2024-05-05 06:05:45.588 +0800 - Send task execute status: SUCCESS to master : 172.18.1.1:1234
[INFO] 2024-05-05 06:05:45.589 +0800 - Remove the current task execute context from worker cache
[INFO] 2024-05-05 06:05:45.590 +0800 - The current execute mode isn't develop mode, will clear the task execute file: /tmp/dolphinscheduler/exec/process/default/13010050770016/13471825071552_30/967/3508
[INFO] 2024-05-05 06:05:45.591 +0800 - Success clear the task execute file: /tmp/dolphinscheduler/exec/process/default/13010050770016/13471825071552_30/967/3508
[INFO] 2024-05-05 06:05:45.593 +0800 - FINALIZE_SESSION
