[INFO] 2024-05-05 06:05:46.345 +0800 - Submit LogicTask: data existence switch to MasterTaskExecutorThreadPool success
[INFO] 2024-05-05 06:05:46.345 +0800 - ***********************************************************************************************
[INFO] 2024-05-05 06:05:46.361 +0800 - *********************************  Initialize task context  ***********************************
[INFO] 2024-05-05 06:05:46.366 +0800 - ***********************************************************************************************
[INFO] 2024-05-05 06:05:46.366 +0800 - Begin to initialize task
[INFO] 2024-05-05 06:05:46.366 +0800 - Set task startTime: 1714860346366
[INFO] 2024-05-05 06:05:46.367 +0800 - Set task appId: 967_3509
[INFO] 2024-05-05 06:05:46.368 +0800 - End initialize task {
  "taskInstanceId" : 3509,
  "taskName" : "data existence switch",
  "firstSubmitTime" : 1714860346326,
  "startTime" : 1714860346366,
  "taskType" : "SWITCH",
  "workflowInstanceHost" : "172.18.0.12:5678",
  "host" : "172.18.0.12:5678",
  "logPath" : "/opt/dolphinscheduler/logs/20240505/13471825071552/30/967/3509.log",
  "processId" : 0,
  "processDefineCode" : 13471825071552,
  "processDefineVersion" : 30,
  "processInstanceId" : 967,
  "scheduleTime" : 0,
  "globalParams" : "[{\"prop\":\"topic\",\"direct\":\"IN\",\"type\":\"VARCHAR\",\"value\":\"'Singapore'\"},{\"prop\":\"article_list\",\"direct\":\"IN\",\"type\":\"VARCHAR\",\"value\":\"${news_articles_param_list}\"}]",
  "executorId" : 1,
  "cmdTypeIfComplement" : 13,
  "tenantCode" : "default",
  "processDefineId" : 0,
  "projectId" : 0,
  "projectCode" : 13010050770016,
  "taskParams" : "{\"localParams\":[],\"rawScript\":\"\",\"resourceList\":[],\"switchResult\":{\"dependTaskList\":[{\"condition\":\"${article_hash_in_db}=='null'\",\"nextNode\":13475012246208}],\"nextNode\":13472444468544}}",
  "environmentConfig" : "export PYTHON_LAUNCHER=/bin/python3.11",
  "prepareParamsMap" : {
    "GNEWS_HOME" : {
      "prop" : "GNEWS_HOME",
      "direct" : "IN",
      "type" : "VARCHAR",
      "value" : "/local_storage/google_news"
    },
    "system.task.definition.name" : {
      "prop" : "system.task.definition.name",
      "direct" : "IN",
      "type" : "VARCHAR",
      "value" : "data existence switch"
    },
    "system.project.name" : {
      "prop" : "system.project.name",
      "direct" : "IN",
      "type" : "VARCHAR",
      "value" : null
    },
    "REDDIT_HOME" : {
      "prop" : "REDDIT_HOME",
      "direct" : "IN",
      "type" : "VARCHAR",
      "value" : "/local_storage/reddit"
    },
    "system.biz.curdate" : {
      "prop" : "system.biz.curdate",
      "direct" : "IN",
      "type" : "VARCHAR",
      "value" : "20240505"
    },
    "article_data" : {
      "prop" : "article_data",
      "direct" : "IN",
      "type" : "VARCHAR",
      "value" : "${news_article}"
    },
    "system.task.instance.id" : {
      "prop" : "system.task.instance.id",
      "direct" : "IN",
      "type" : "VARCHAR",
      "value" : "3509"
    },
    "system.task.definition.code" : {
      "prop" : "system.task.definition.code",
      "direct" : "IN",
      "type" : "VARCHAR",
      "value" : "13474141219392"
    },
    "system.datetime" : {
      "prop" : "system.datetime",
      "direct" : "IN",
      "type" : "VARCHAR",
      "value" : "20240505060546"
    },
    "system.project.code" : {
      "prop" : "system.project.code",
      "direct" : "IN",
      "type" : "VARCHAR",
      "value" : "13010050770016"
    },
    "system.workflow.instance.id" : {
      "prop" : "system.workflow.instance.id",
      "direct" : "IN",
      "type" : "VARCHAR",
      "value" : "967"
    },
    "topic" : {
      "prop" : "topic",
      "direct" : "IN",
      "type" : "VARCHAR",
      "value" : "'Singapore'"
    },
    "article_data_hash" : {
      "prop" : "article_data_hash",
      "direct" : "IN",
      "type" : "VARCHAR",
      "value" : "12dce0aecfe9b404b98d9e84e87e1cdb22aceb035be3c5185d407576f54c9911"
    },
    "system.biz.date" : {
      "prop" : "system.biz.date",
      "direct" : "IN",
      "type" : "VARCHAR",
      "value" : "20240504"
    },
    "article_list" : {
      "prop" : "article_list",
      "direct" : "IN",
      "type" : "VARCHAR",
      "value" : "${news_articles_param_list}"
    },
    "system.workflow.definition.name" : {
      "prop" : "system.workflow.definition.name",
      "direct" : "IN",
      "type" : "VARCHAR",
      "value" : "extract_gnews_articles_hashing_subprocess"
    },
    "system.workflow.definition.code" : {
      "prop" : "system.workflow.definition.code",
      "direct" : "IN",
      "type" : "VARCHAR",
      "value" : "13471825071552"
    },
    "article_hash_in_db" : {
      "prop" : "article_hash_in_db",
      "direct" : "IN",
      "type" : "LIST",
      "value" : "null"
    }
  },
  "taskAppId" : "967_3509",
  "taskTimeout" : 2147483647,
  "workerGroup" : "default",
  "delayTime" : 0,
  "currentExecutionStatus" : "SUBMITTED_SUCCESS",
  "endTime" : 0,
  "varPool" : "[{\"prop\":\"article_data_hash\",\"direct\":\"IN\",\"type\":\"VARCHAR\",\"value\":\"12dce0aecfe9b404b98d9e84e87e1cdb22aceb035be3c5185d407576f54c9911\"},{\"prop\":\"article_list\",\"direct\":\"IN\",\"type\":\"VARCHAR\",\"value\":\"news_articles_param_list\"},{\"prop\":\"article_data\",\"direct\":\"IN\",\"type\":\"VARCHAR\",\"value\":\"${news_article}\"},{\"prop\":\"article_hash_in_db\",\"direct\":\"IN\",\"type\":\"LIST\",\"value\":\"null\"}]",
  "dryRun" : 0,
  "paramsMap" : { },
  "cpuQuota" : -1,
  "memoryMax" : -1,
  "testFlag" : 0,
  "logBufferEnable" : false,
  "dispatchFailTimes" : 0
}
[INFO] 2024-05-05 06:05:46.369 +0800 - ***********************************************************************************************
[INFO] 2024-05-05 06:05:46.369 +0800 - *********************************  Load task instance plugin  *********************************
[INFO] 2024-05-05 06:05:46.369 +0800 - ***********************************************************************************************
[INFO] 2024-05-05 06:05:46.398 +0800 - Send task status RUNNING_EXECUTION to master 172.18.0.12:5678
[INFO] 2024-05-05 06:05:46.410 +0800 - Success initialize task parameters: 
{
  "localParams" : null,
  "varPool" : null,
  "dependRelation" : null,
  "relation" : null,
  "nextNode" : [ 13472444468544 ],
  "resultConditionLocation" : 0,
  "dependTaskList" : [ {
    "condition" : "${article_hash_in_db}=='null'",
    "nextNode" : [ 13475012246208 ]
  } ]
}
[INFO] 2024-05-05 06:05:46.411 +0800 - Initialized task plugin instance: SWITCH successfully
[INFO] 2024-05-05 06:05:46.414 +0800 - Initialize taskVarPool: [{"prop":"article_data_hash","direct":"IN","type":"VARCHAR","value":"12dce0aecfe9b404b98d9e84e87e1cdb22aceb035be3c5185d407576f54c9911"},{"prop":"article_list","direct":"IN","type":"VARCHAR","value":"news_articles_param_list"},{"prop":"article_data","direct":"IN","type":"VARCHAR","value":"${news_article}"},{"prop":"article_hash_in_db","direct":"IN","type":"LIST","value":"null"}] successfully
[INFO] 2024-05-05 06:05:46.414 +0800 - ***********************************************************************************************
[INFO] 2024-05-05 06:05:46.415 +0800 - *********************************  Execute task instance  *************************************
[INFO] 2024-05-05 06:05:46.415 +0800 - ***********************************************************************************************
[INFO] 2024-05-05 06:05:46.420 +0800 - Begin to execute 1 condition: ${article_hash_in_db}=='null' 
[INFO] 2024-05-05 06:05:47.222 +0800 - paramName:article_hash_in_db，paramValue:"null"
[INFO] 2024-05-05 06:05:47.224 +0800 - Format condition sentence::"null"=="null" successfully
[INFO] 2024-05-05 06:05:47.399 +0800 - Execute condition sentence: "null"=="null" successfully: true
[INFO] 2024-05-05 06:05:47.407 +0800 - The switch task depend result:SUCCESS, switch branch:0
[INFO] 2024-05-05 06:05:47.409 +0800 - Switch task execute finished, condition result is: SUCCESS, task status is: SUCCESS
[INFO] 2024-05-05 06:05:47.410 +0800 - ***********************************************************************************************
[INFO] 2024-05-05 06:05:47.412 +0800 - *********************************  Finalize task instance  ************************************
[INFO] 2024-05-05 06:05:47.413 +0800 - ***********************************************************************************************
[INFO] 2024-05-05 06:05:47.438 +0800 - Send task status: SUCCESS to master: 172.18.0.12:5678 successfully
[INFO] 2024-05-05 06:05:47.442 +0800 - Execute task finished, will send the task execute result to master, the current task execute result is SUCCESS
[INFO] 2024-05-05 06:05:47.442 +0800 - FINALIZE_SESSION
