[INFO] 2024-04-19 09:09:50.082 +0800 - ***********************************************************************************************
[INFO] 2024-04-19 09:09:50.139 +0800 - *********************************  Initialize task context  ***********************************
[INFO] 2024-04-19 09:09:50.139 +0800 - ***********************************************************************************************
[INFO] 2024-04-19 09:09:50.139 +0800 - Begin to initialize task
[INFO] 2024-04-19 09:09:50.140 +0800 - Set task startTime: 1713488990140
[INFO] 2024-04-19 09:09:50.140 +0800 - Set task appId: 324_736
[INFO] 2024-04-19 09:09:50.168 +0800 - End initialize task {
  "taskInstanceId" : 736,
  "taskName" : "consume kafka topic",
  "firstSubmitTime" : 1713488988975,
  "startTime" : 1713488990140,
  "taskType" : "SHELL",
  "workflowInstanceHost" : "172.18.0.11:5678",
  "host" : "172.18.0.12:1234",
  "logPath" : "/opt/dolphinscheduler/logs/20240419/13314339450656/6/324/736.log",
  "processId" : 0,
  "processDefineCode" : 13314339450656,
  "processDefineVersion" : 6,
  "processInstanceId" : 324,
  "scheduleTime" : 0,
  "executorId" : 1,
  "cmdTypeIfComplement" : 0,
  "tenantCode" : "default",
  "processDefineId" : 0,
  "projectId" : 0,
  "projectCode" : 13001194483488,
  "taskParams" : "{\"localParams\":[],\"rawScript\":\"#!/bin/bash\\n\\nKAFKA_DIR=\\\"/opt/kafka_2.13-3.7.0/bin\\\"\\n\\n${KAFKA_DIR}/kafka-console-consumer.sh \\\\\\n    --bootstrap-server kafka:9092 \\\\\\n    --topic test \\\\\\n    --group test-group \\\\\\n    --max-messages 1 \\\\\\n    --timeout-ms 10000\",\"resourceList\":[]}",
  "environmentConfig" : "export JAVA_HOME=/opt/java/openjdk",
  "prepareParamsMap" : {
    "system.task.definition.name" : {
      "prop" : "system.task.definition.name",
      "direct" : "IN",
      "type" : "VARCHAR",
      "value" : "consume kafka topic"
    },
    "system.project.name" : {
      "prop" : "system.project.name",
      "direct" : "IN",
      "type" : "VARCHAR",
      "value" : null
    },
    "system.project.code" : {
      "prop" : "system.project.code",
      "direct" : "IN",
      "type" : "VARCHAR",
      "value" : "13001194483488"
    },
    "system.workflow.instance.id" : {
      "prop" : "system.workflow.instance.id",
      "direct" : "IN",
      "type" : "VARCHAR",
      "value" : "324"
    },
    "system.biz.curdate" : {
      "prop" : "system.biz.curdate",
      "direct" : "IN",
      "type" : "VARCHAR",
      "value" : "20240419"
    },
    "system.biz.date" : {
      "prop" : "system.biz.date",
      "direct" : "IN",
      "type" : "VARCHAR",
      "value" : "20240418"
    },
    "system.task.instance.id" : {
      "prop" : "system.task.instance.id",
      "direct" : "IN",
      "type" : "VARCHAR",
      "value" : "736"
    },
    "system.workflow.definition.name" : {
      "prop" : "system.workflow.definition.name",
      "direct" : "IN",
      "type" : "VARCHAR",
      "value" : "kafka consume test"
    },
    "system.task.definition.code" : {
      "prop" : "system.task.definition.code",
      "direct" : "IN",
      "type" : "VARCHAR",
      "value" : "13314298788384"
    },
    "system.workflow.definition.code" : {
      "prop" : "system.workflow.definition.code",
      "direct" : "IN",
      "type" : "VARCHAR",
      "value" : "13314339450656"
    },
    "system.datetime" : {
      "prop" : "system.datetime",
      "direct" : "IN",
      "type" : "VARCHAR",
      "value" : "20240419090949"
    }
  },
  "taskAppId" : "324_736",
  "taskTimeout" : 2147483647,
  "workerGroup" : "default",
  "delayTime" : 0,
  "currentExecutionStatus" : "SUBMITTED_SUCCESS",
  "endTime" : 0,
  "dryRun" : 0,
  "paramsMap" : { },
  "cpuQuota" : -1,
  "memoryMax" : -1,
  "testFlag" : 0,
  "logBufferEnable" : false,
  "dispatchFailTimes" : 0
}
[INFO] 2024-04-19 09:09:50.171 +0800 - ***********************************************************************************************
[INFO] 2024-04-19 09:09:50.171 +0800 - *********************************  Load task instance plugin  *********************************
[INFO] 2024-04-19 09:09:50.171 +0800 - ***********************************************************************************************
[INFO] 2024-04-19 09:09:50.552 +0800 - Send task status RUNNING_EXECUTION master: 172.18.0.12:1234
[INFO] 2024-04-19 09:09:50.648 +0800 - create linux os user: default
[INFO] 2024-04-19 09:09:50.650 +0800 - execute cmd: sudo useradd -g root
 default
[INFO] 2024-04-19 09:09:50.952 +0800 - create user default success
[INFO] 2024-04-19 09:09:50.958 +0800 - TenantCode: default check successfully
[INFO] 2024-04-19 09:09:50.982 +0800 - WorkflowInstanceExecDir: /tmp/dolphinscheduler/exec/process/default/13001194483488/13314339450656_6/324/736 check successfully
[INFO] 2024-04-19 09:09:50.987 +0800 - Create TaskChannel: org.apache.dolphinscheduler.plugin.task.shell.ShellTaskChannel successfully
[INFO] 2024-04-19 09:09:51.020 +0800 - Download resources successfully: 
ResourceContext(resourceItemMap={})
[INFO] 2024-04-19 09:09:51.079 +0800 - Download upstream files: [] successfully
[INFO] 2024-04-19 09:09:51.099 +0800 - Task plugin instance: SHELL create successfully
[INFO] 2024-04-19 09:09:51.101 +0800 - Initialize shell task params {
  "localParams" : [ ],
  "varPool" : null,
  "rawScript" : "#!/bin/bash\n\nKAFKA_DIR=\"/opt/kafka_2.13-3.7.0/bin\"\n\n${KAFKA_DIR}/kafka-console-consumer.sh \\\n    --bootstrap-server kafka:9092 \\\n    --topic test \\\n    --group test-group \\\n    --max-messages 1 \\\n    --timeout-ms 10000",
  "resourceList" : [ ]
}
[INFO] 2024-04-19 09:09:51.102 +0800 - Success initialized task plugin instance successfully
[INFO] 2024-04-19 09:09:51.102 +0800 - Set taskVarPool: null successfully
[INFO] 2024-04-19 09:09:51.113 +0800 - ***********************************************************************************************
[INFO] 2024-04-19 09:09:51.121 +0800 - *********************************  Execute task instance  *************************************
[INFO] 2024-04-19 09:09:51.121 +0800 - ***********************************************************************************************
[INFO] 2024-04-19 09:09:51.198 +0800 - Final Shell file is: 
[INFO] 2024-04-19 09:09:51.199 +0800 - ****************************** Script Content *****************************************************************
[INFO] 2024-04-19 09:09:51.199 +0800 - #!/bin/bash
BASEDIR=$(cd `dirname $0`; pwd)
cd $BASEDIR
export JAVA_HOME=/opt/java/openjdk
#!/bin/bash

KAFKA_DIR="/opt/kafka_2.13-3.7.0/bin"

${KAFKA_DIR}/kafka-console-consumer.sh \
    --bootstrap-server kafka:9092 \
    --topic test \
    --group test-group \
    --max-messages 1 \
    --timeout-ms 10000
[INFO] 2024-04-19 09:09:51.199 +0800 - ****************************** Script Content *****************************************************************
[INFO] 2024-04-19 09:09:51.204 +0800 - Executing shell command : sudo -u default -i /tmp/dolphinscheduler/exec/process/default/13001194483488/13314339450656_6/324/736/324_736.sh
[INFO] 2024-04-19 09:09:51.254 +0800 - process start, process id is: 10496
[INFO] 2024-04-19 09:09:51.255 +0800 -  -> 
	sudo: unable to change directory to /home/default: No such file or directory
[INFO] 2024-04-19 09:10:06.313 +0800 -  -> 
	[2024-04-19 09:10:05,485] ERROR Error processing message, terminating consumer process:  (kafka.tools.ConsoleConsumer$)
	org.apache.kafka.common.errors.TimeoutException
	Processed a total of 0 messages
[INFO] 2024-04-19 09:10:06.315 +0800 - process has exited. execute path:/tmp/dolphinscheduler/exec/process/default/13001194483488/13314339450656_6/324/736, processId:10496 ,exitStatusCode:0 ,processWaitForStatus:true ,processExitValue:0
[INFO] 2024-04-19 09:10:06.325 +0800 - ***********************************************************************************************
[INFO] 2024-04-19 09:10:06.326 +0800 - *********************************  Finalize task instance  ************************************
[INFO] 2024-04-19 09:10:06.326 +0800 - ***********************************************************************************************
[INFO] 2024-04-19 09:10:06.332 +0800 - Upload output files: [] successfully
[INFO] 2024-04-19 09:10:06.362 +0800 - Send task execute status: SUCCESS to master : 172.18.0.12:1234
[INFO] 2024-04-19 09:10:06.363 +0800 - Remove the current task execute context from worker cache
[INFO] 2024-04-19 09:10:06.364 +0800 - The current execute mode isn't develop mode, will clear the task execute file: /tmp/dolphinscheduler/exec/process/default/13001194483488/13314339450656_6/324/736
[INFO] 2024-04-19 09:10:06.421 +0800 - Success clear the task execute file: /tmp/dolphinscheduler/exec/process/default/13001194483488/13314339450656_6/324/736
[INFO] 2024-04-19 09:10:06.435 +0800 - FINALIZE_SESSION
