[INFO] 2024-03-22 02:48:32.674 +0800 - ***********************************************************************************************
[INFO] 2024-03-22 02:48:32.680 +0800 - *********************************  Initialize task context  ***********************************
[INFO] 2024-03-22 02:48:32.680 +0800 - ***********************************************************************************************
[INFO] 2024-03-22 02:48:32.680 +0800 - Begin to initialize task
[INFO] 2024-03-22 02:48:32.680 +0800 - Set task startTime: 1711046912680
[INFO] 2024-03-22 02:48:32.680 +0800 - Set task appId: 66_233
[INFO] 2024-03-22 02:48:32.681 +0800 - End initialize task {
  "taskInstanceId" : 233,
  "taskName" : "show parameters",
  "firstSubmitTime" : 1711046912643,
  "startTime" : 1711046912680,
  "taskType" : "SHELL",
  "workflowInstanceHost" : "172.20.0.6:5678",
  "host" : "172.20.0.5:1234",
  "logPath" : "/opt/dolphinscheduler/logs/20240322/13003655208096/8/66/233.log",
  "processId" : 0,
  "processDefineCode" : 13003655208096,
  "processDefineVersion" : 8,
  "processInstanceId" : 66,
  "scheduleTime" : 0,
  "globalParams" : "[{\"prop\":\"num1\",\"direct\":\"IN\",\"type\":\"VARCHAR\",\"value\":\"1\"},{\"prop\":\"num2\",\"direct\":\"IN\",\"type\":\"VARCHAR\",\"value\":\"0\"}]",
  "executorId" : 1,
  "cmdTypeIfComplement" : 0,
  "tenantCode" : "default",
  "processDefineId" : 0,
  "projectId" : 0,
  "projectCode" : 13001194483488,
  "taskParams" : "{\"localParams\":[],\"rawScript\":\"#!/bin/bash\\n\\necho \\\"${num1}\\\"\\necho \\\"${num2}\\\"\\n\",\"resourceList\":[]}",
  "prepareParamsMap" : {
    "system.task.definition.name" : {
      "prop" : "system.task.definition.name",
      "direct" : "IN",
      "type" : "VARCHAR",
      "value" : "show parameters"
    },
    "system.project.name" : {
      "prop" : "system.project.name",
      "direct" : "IN",
      "type" : "VARCHAR",
      "value" : null
    },
    "system.biz.curdate" : {
      "prop" : "system.biz.curdate",
      "direct" : "IN",
      "type" : "VARCHAR",
      "value" : "20240322"
    },
    "system.task.instance.id" : {
      "prop" : "system.task.instance.id",
      "direct" : "IN",
      "type" : "VARCHAR",
      "value" : "233"
    },
    "system.task.definition.code" : {
      "prop" : "system.task.definition.code",
      "direct" : "IN",
      "type" : "VARCHAR",
      "value" : "13003648543392"
    },
    "system.datetime" : {
      "prop" : "system.datetime",
      "direct" : "IN",
      "type" : "VARCHAR",
      "value" : "20240322024832"
    },
    "system.project.code" : {
      "prop" : "system.project.code",
      "direct" : "IN",
      "type" : "VARCHAR",
      "value" : "13001194483488"
    },
    "system.workflow.instance.id" : {
      "prop" : "system.workflow.instance.id",
      "direct" : "IN",
      "type" : "VARCHAR",
      "value" : "66"
    },
    "num1" : {
      "prop" : "num1",
      "direct" : "IN",
      "type" : "VARCHAR",
      "value" : "1"
    },
    "system.biz.date" : {
      "prop" : "system.biz.date",
      "direct" : "IN",
      "type" : "VARCHAR",
      "value" : "20240321"
    },
    "system.workflow.definition.name" : {
      "prop" : "system.workflow.definition.name",
      "direct" : "IN",
      "type" : "VARCHAR",
      "value" : "dynamic_task_subprocess"
    },
    "system.workflow.definition.code" : {
      "prop" : "system.workflow.definition.code",
      "direct" : "IN",
      "type" : "VARCHAR",
      "value" : "13003655208096"
    },
    "num2" : {
      "prop" : "num2",
      "direct" : "IN",
      "type" : "VARCHAR",
      "value" : "0"
    }
  },
  "taskAppId" : "66_233",
  "taskTimeout" : 2147483647,
  "workerGroup" : "default",
  "delayTime" : 0,
  "currentExecutionStatus" : "SUBMITTED_SUCCESS",
  "endTime" : 0,
  "dryRun" : 0,
  "paramsMap" : { },
  "cpuQuota" : -1,
  "memoryMax" : -1,
  "testFlag" : 0,
  "logBufferEnable" : false,
  "dispatchFailTimes" : 0
}
[INFO] 2024-03-22 02:48:32.681 +0800 - ***********************************************************************************************
[INFO] 2024-03-22 02:48:32.681 +0800 - *********************************  Load task instance plugin  *********************************
[INFO] 2024-03-22 02:48:32.681 +0800 - ***********************************************************************************************
[INFO] 2024-03-22 02:48:32.701 +0800 - Send task status RUNNING_EXECUTION master: 172.20.0.5:1234
[INFO] 2024-03-22 02:48:32.701 +0800 - TenantCode: default check successfully
[INFO] 2024-03-22 02:48:32.703 +0800 - WorkflowInstanceExecDir: /tmp/dolphinscheduler/exec/process/default/13001194483488/13003655208096_8/66/233 check successfully
[INFO] 2024-03-22 02:48:32.703 +0800 - Create TaskChannel: org.apache.dolphinscheduler.plugin.task.shell.ShellTaskChannel successfully
[INFO] 2024-03-22 02:48:32.703 +0800 - Download resources successfully: 
ResourceContext(resourceItemMap={})
[INFO] 2024-03-22 02:48:32.703 +0800 - Download upstream files: [] successfully
[INFO] 2024-03-22 02:48:32.703 +0800 - Task plugin instance: SHELL create successfully
[INFO] 2024-03-22 02:48:32.704 +0800 - Initialize shell task params {
  "localParams" : [ ],
  "varPool" : null,
  "rawScript" : "#!/bin/bash\n\necho \"${num1}\"\necho \"${num2}\"\n",
  "resourceList" : [ ]
}
[INFO] 2024-03-22 02:48:32.704 +0800 - Success initialized task plugin instance successfully
[INFO] 2024-03-22 02:48:32.704 +0800 - Set taskVarPool: null successfully
[INFO] 2024-03-22 02:48:32.704 +0800 - ***********************************************************************************************
[INFO] 2024-03-22 02:48:32.704 +0800 - *********************************  Execute task instance  *************************************
[INFO] 2024-03-22 02:48:32.705 +0800 - ***********************************************************************************************
[INFO] 2024-03-22 02:48:32.726 +0800 - Final Shell file is: 
[INFO] 2024-03-22 02:48:32.727 +0800 - ****************************** Script Content *****************************************************************
[INFO] 2024-03-22 02:48:32.728 +0800 - #!/bin/bash
BASEDIR=$(cd `dirname $0`; pwd)
cd $BASEDIR
#!/bin/bash

echo "1"
echo "0"

[INFO] 2024-03-22 02:48:32.728 +0800 - ****************************** Script Content *****************************************************************
[INFO] 2024-03-22 02:48:32.728 +0800 - Executing shell command : sudo -u default -i /tmp/dolphinscheduler/exec/process/default/13001194483488/13003655208096_8/66/233/66_233.sh
[INFO] 2024-03-22 02:48:32.739 +0800 - process start, process id is: 5817
[INFO] 2024-03-22 02:48:33.741 +0800 -  -> 
	sudo: unable to change directory to /home/default: No such file or directory
	1
	0
[INFO] 2024-03-22 02:48:33.742 +0800 - process has exited. execute path:/tmp/dolphinscheduler/exec/process/default/13001194483488/13003655208096_8/66/233, processId:5817 ,exitStatusCode:0 ,processWaitForStatus:true ,processExitValue:0
[INFO] 2024-03-22 02:48:33.742 +0800 - ***********************************************************************************************
[INFO] 2024-03-22 02:48:33.742 +0800 - *********************************  Finalize task instance  ************************************
[INFO] 2024-03-22 02:48:33.742 +0800 - ***********************************************************************************************
[INFO] 2024-03-22 02:48:33.742 +0800 - Upload output files: [] successfully
[INFO] 2024-03-22 02:48:33.748 +0800 - Send task execute status: SUCCESS to master : 172.20.0.5:1234
[INFO] 2024-03-22 02:48:33.748 +0800 - Remove the current task execute context from worker cache
[INFO] 2024-03-22 02:48:33.748 +0800 - The current execute mode isn't develop mode, will clear the task execute file: /tmp/dolphinscheduler/exec/process/default/13001194483488/13003655208096_8/66/233
[INFO] 2024-03-22 02:48:33.749 +0800 - Success clear the task execute file: /tmp/dolphinscheduler/exec/process/default/13001194483488/13003655208096_8/66/233
[INFO] 2024-03-22 02:48:33.749 +0800 - FINALIZE_SESSION
