[INFO] 2024-03-25 15:48:06.148 +0800 - ***********************************************************************************************
[INFO] 2024-03-25 15:48:06.151 +0800 - *********************************  Initialize task context  ***********************************
[INFO] 2024-03-25 15:48:06.152 +0800 - ***********************************************************************************************
[INFO] 2024-03-25 15:48:06.152 +0800 - Begin to initialize task
[INFO] 2024-03-25 15:48:06.152 +0800 - Set task startTime: 1711352886152
[INFO] 2024-03-25 15:48:06.153 +0800 - Set task appId: 166_434
[INFO] 2024-03-25 15:48:06.168 +0800 - End initialize task {
  "taskInstanceId" : 434,
  "taskName" : "hell",
  "firstSubmitTime" : 1711352886110,
  "startTime" : 1711352886152,
  "taskType" : "PYTHON",
  "workflowInstanceHost" : "172.18.0.6:5678",
  "host" : "172.18.0.5:1234",
  "logPath" : "/opt/dolphinscheduler/logs/20240325/13045665829504/1/166/434.log",
  "processId" : 0,
  "processDefineCode" : 13045665829504,
  "processDefineVersion" : 1,
  "processInstanceId" : 166,
  "scheduleTime" : 0,
  "executorId" : 1,
  "cmdTypeIfComplement" : 0,
  "tenantCode" : "default",
  "processDefineId" : 0,
  "projectId" : 0,
  "projectCode" : 13010050770016,
  "taskParams" : "{\"localParams\":[],\"rawScript\":\"print('Hello')\",\"resourceList\":[]}",
  "prepareParamsMap" : {
    "system.task.definition.name" : {
      "prop" : "system.task.definition.name",
      "direct" : "IN",
      "type" : "VARCHAR",
      "value" : "hell"
    },
    "system.project.name" : {
      "prop" : "system.project.name",
      "direct" : "IN",
      "type" : "VARCHAR",
      "value" : null
    },
    "system.project.code" : {
      "prop" : "system.project.code",
      "direct" : "IN",
      "type" : "VARCHAR",
      "value" : "13010050770016"
    },
    "system.workflow.instance.id" : {
      "prop" : "system.workflow.instance.id",
      "direct" : "IN",
      "type" : "VARCHAR",
      "value" : "166"
    },
    "system.biz.curdate" : {
      "prop" : "system.biz.curdate",
      "direct" : "IN",
      "type" : "VARCHAR",
      "value" : "20240325"
    },
    "system.biz.date" : {
      "prop" : "system.biz.date",
      "direct" : "IN",
      "type" : "VARCHAR",
      "value" : "20240324"
    },
    "system.task.instance.id" : {
      "prop" : "system.task.instance.id",
      "direct" : "IN",
      "type" : "VARCHAR",
      "value" : "434"
    },
    "system.workflow.definition.name" : {
      "prop" : "system.workflow.definition.name",
      "direct" : "IN",
      "type" : "VARCHAR",
      "value" : "hello"
    },
    "system.task.definition.code" : {
      "prop" : "system.task.definition.code",
      "direct" : "IN",
      "type" : "VARCHAR",
      "value" : "13045662268160"
    },
    "system.workflow.definition.code" : {
      "prop" : "system.workflow.definition.code",
      "direct" : "IN",
      "type" : "VARCHAR",
      "value" : "13045665829504"
    },
    "system.datetime" : {
      "prop" : "system.datetime",
      "direct" : "IN",
      "type" : "VARCHAR",
      "value" : "20240325154806"
    }
  },
  "taskAppId" : "166_434",
  "taskTimeout" : 2147483647,
  "workerGroup" : "default",
  "delayTime" : 0,
  "currentExecutionStatus" : "SUBMITTED_SUCCESS",
  "endTime" : 0,
  "dryRun" : 0,
  "paramsMap" : { },
  "cpuQuota" : -1,
  "memoryMax" : -1,
  "testFlag" : 0,
  "logBufferEnable" : false,
  "dispatchFailTimes" : 0
}
[INFO] 2024-03-25 15:48:06.174 +0800 - ***********************************************************************************************
[INFO] 2024-03-25 15:48:06.175 +0800 - *********************************  Load task instance plugin  *********************************
[INFO] 2024-03-25 15:48:06.175 +0800 - ***********************************************************************************************
[INFO] 2024-03-25 15:48:06.181 +0800 - Send task status RUNNING_EXECUTION master: 172.18.0.5:1234
[INFO] 2024-03-25 15:48:06.182 +0800 - TenantCode: default check successfully
[INFO] 2024-03-25 15:48:06.182 +0800 - WorkflowInstanceExecDir: /tmp/dolphinscheduler/exec/process/default/13010050770016/13045665829504_1/166/434 check successfully
[INFO] 2024-03-25 15:48:06.183 +0800 - Create TaskChannel: org.apache.dolphinscheduler.plugin.task.python.PythonTaskChannel successfully
[INFO] 2024-03-25 15:48:06.183 +0800 - Download resources successfully: 
ResourceContext(resourceItemMap={})
[INFO] 2024-03-25 15:48:06.183 +0800 - Download upstream files: [] successfully
[INFO] 2024-03-25 15:48:06.183 +0800 - Task plugin instance: PYTHON create successfully
[INFO] 2024-03-25 15:48:06.183 +0800 - Initialize python task params {
  "localParams" : [ ],
  "varPool" : null,
  "rawScript" : "print('Hello')",
  "resourceList" : [ ]
}
[INFO] 2024-03-25 15:48:06.184 +0800 - Success initialized task plugin instance successfully
[INFO] 2024-03-25 15:48:06.184 +0800 - Set taskVarPool: null successfully
[INFO] 2024-03-25 15:48:06.184 +0800 - ***********************************************************************************************
[INFO] 2024-03-25 15:48:06.184 +0800 - *********************************  Execute task instance  *************************************
[INFO] 2024-03-25 15:48:06.184 +0800 - ***********************************************************************************************
[INFO] 2024-03-25 15:48:06.184 +0800 - raw python script : print('Hello')
[INFO] 2024-03-25 15:48:06.186 +0800 - tenantCode :default, task dir:/tmp/dolphinscheduler/exec/process/default/13010050770016/13045665829504_1/166/434
[INFO] 2024-03-25 15:48:06.187 +0800 - generate python script file:/tmp/dolphinscheduler/exec/process/default/13010050770016/13045665829504_1/166/434/py_166_434.py
[INFO] 2024-03-25 15:48:06.187 +0800 - #-*- encoding=utf8 -*-

print('Hello')
[INFO] 2024-03-25 15:48:06.188 +0800 - Final Shell file is: 
[INFO] 2024-03-25 15:48:06.189 +0800 - ****************************** Script Content *****************************************************************
[INFO] 2024-03-25 15:48:06.190 +0800 - #!/bin/bash
BASEDIR=$(cd `dirname $0`; pwd)
cd $BASEDIR
${PYTHON_LAUNCHER} /tmp/dolphinscheduler/exec/process/default/13010050770016/13045665829504_1/166/434/py_166_434.py
[INFO] 2024-03-25 15:48:06.191 +0800 - ****************************** Script Content *****************************************************************
[INFO] 2024-03-25 15:48:06.192 +0800 - Executing shell command : sudo -u default -i /tmp/dolphinscheduler/exec/process/default/13010050770016/13045665829504_1/166/434/166_434.sh
[INFO] 2024-03-25 15:48:06.204 +0800 - process start, process id is: 949
[INFO] 2024-03-25 15:48:07.208 +0800 -  -> 
	sudo: unable to change directory to /home/default: No such file or directory
	/tmp/dolphinscheduler/exec/process/default/13010050770016/13045665829504_1/166/434/166_434.sh: line 4: /tmp/dolphinscheduler/exec/process/default/13010050770016/13045665829504_1/166/434/py_166_434.py: Permission denied
[INFO] 2024-03-25 15:48:07.211 +0800 - process has exited. execute path:/tmp/dolphinscheduler/exec/process/default/13010050770016/13045665829504_1/166/434, processId:949 ,exitStatusCode:126 ,processWaitForStatus:true ,processExitValue:126
[INFO] 2024-03-25 15:48:07.211 +0800 - ***********************************************************************************************
[INFO] 2024-03-25 15:48:07.211 +0800 - *********************************  Finalize task instance  ************************************
[INFO] 2024-03-25 15:48:07.211 +0800 - ***********************************************************************************************
[INFO] 2024-03-25 15:48:07.214 +0800 - Upload output files: [] successfully
[INFO] 2024-03-25 15:48:07.236 +0800 - Send task execute status: FAILURE to master : 172.18.0.5:1234
[INFO] 2024-03-25 15:48:07.237 +0800 - Remove the current task execute context from worker cache
[INFO] 2024-03-25 15:48:07.237 +0800 - The current execute mode isn't develop mode, will clear the task execute file: /tmp/dolphinscheduler/exec/process/default/13010050770016/13045665829504_1/166/434
[INFO] 2024-03-25 15:48:07.239 +0800 - Success clear the task execute file: /tmp/dolphinscheduler/exec/process/default/13010050770016/13045665829504_1/166/434
[INFO] 2024-03-25 15:48:07.240 +0800 - FINALIZE_SESSION
