[INFO] 2024-04-24 11:22:17.244 +0800 - ***********************************************************************************************
[INFO] 2024-04-24 11:22:17.245 +0800 - *********************************  Initialize task context  ***********************************
[INFO] 2024-04-24 11:22:17.246 +0800 - ***********************************************************************************************
[INFO] 2024-04-24 11:22:17.246 +0800 - Begin to initialize task
[INFO] 2024-04-24 11:22:17.246 +0800 - Set task startTime: 1713928937246
[INFO] 2024-04-24 11:22:17.246 +0800 - Set task appId: 582_1471
[INFO] 2024-04-24 11:22:17.246 +0800 - End initialize task {
  "taskInstanceId" : 1471,
  "taskName" : "spark preprocessing",
  "firstSubmitTime" : 1713928937234,
  "startTime" : 1713928937246,
  "taskType" : "SHELL",
  "workflowInstanceHost" : "172.18.0.9:5678",
  "host" : "172.18.1.1:1234",
  "logPath" : "/opt/dolphinscheduler/logs/20240424/13201021801792/112/582/1471.log",
  "processId" : 0,
  "processDefineCode" : 13201021801792,
  "processDefineVersion" : 112,
  "processInstanceId" : 582,
  "scheduleTime" : 0,
  "globalParams" : "[{\"prop\":\"folder\",\"direct\":\"IN\",\"type\":\"VARCHAR\",\"value\":\"processing\"}]",
  "executorId" : 1,
  "cmdTypeIfComplement" : 7,
  "tenantCode" : "default",
  "processDefineId" : 0,
  "projectId" : 0,
  "projectCode" : 13010050770016,
  "taskParams" : "{\"localParams\":[],\"rawScript\":\"$SPARK_HOME/bin/spark-submit \\\\\\n    --master local \\\\\\n    --deploy-mode client \\\\\\n    --conf spark.driver.cores=1 \\\\\\n    --conf spark.driver.memory=1G \\\\\\n    --conf spark.executor.instances=1 \\\\\\n    --conf spark.executor.cores=1 \\\\\\n    --conf spark.executor.memory=1G \\\\\\n    --name reddit_preprocessing \\\\\\n    --files ${raw_file_dir} \\\\\\n    --packages org.apache.spark:spark-sql-kafka-0-10_2.13:3.5.1 \\\\\\n    --conf spark.driver.extraJavaOptions=\\\"-Divy.cache.dir=/tmp -Divy.home=/tmp\\\" \\\\\\n    spark_reddit_preprocessing.py\\n\\n#     --jars spark_packages/spark-sql-kafka-0-10_2.13-3.5.1.jar \\\\\",\"resourceList\":[{\"id\":null,\"resourceName\":\"file:/dolphinscheduler/default/resources/spark_reddit_preprocessing.py\",\"res\":null}]}",
  "environmentConfig" : "export SPARK_HOME=/opt/spark-3.5.1-bin-hadoop3-scala2.13\nexport JAVA_HOME=/opt/java/openjdk\nexport PYSPARK_DRIVER_PYTHON=/bin/python3.11\nexport PYTHON_LAUNCHER=/bin/python3.11\nexport PYSPARK_PYTHON=/bin/python3.11",
  "prepareParamsMap" : {
    "system.task.definition.name" : {
      "prop" : "system.task.definition.name",
      "direct" : "IN",
      "type" : "VARCHAR",
      "value" : "spark preprocessing"
    },
    "system.project.name" : {
      "prop" : "system.project.name",
      "direct" : "IN",
      "type" : "VARCHAR",
      "value" : null
    },
    "REDDIT_HOME" : {
      "prop" : "REDDIT_HOME",
      "direct" : "IN",
      "type" : "VARCHAR",
      "value" : "/local_storage/reddit"
    },
    "system.biz.curdate" : {
      "prop" : "system.biz.curdate",
      "direct" : "IN",
      "type" : "VARCHAR",
      "value" : "20240424"
    },
    "system.task.instance.id" : {
      "prop" : "system.task.instance.id",
      "direct" : "IN",
      "type" : "VARCHAR",
      "value" : "1471"
    },
    "system.task.definition.code" : {
      "prop" : "system.task.definition.code",
      "direct" : "IN",
      "type" : "VARCHAR",
      "value" : "13210058002752"
    },
    "system.datetime" : {
      "prop" : "system.datetime",
      "direct" : "IN",
      "type" : "VARCHAR",
      "value" : "20240424112217"
    },
    "folder" : {
      "prop" : "folder",
      "direct" : "IN",
      "type" : "VARCHAR",
      "value" : "processing"
    },
    "system.project.code" : {
      "prop" : "system.project.code",
      "direct" : "IN",
      "type" : "VARCHAR",
      "value" : "13010050770016"
    },
    "system.workflow.instance.id" : {
      "prop" : "system.workflow.instance.id",
      "direct" : "IN",
      "type" : "VARCHAR",
      "value" : "582"
    },
    "raw_file_dir" : {
      "prop" : "raw_file_dir",
      "direct" : "IN",
      "type" : "VARCHAR",
      "value" : "/local_storage/reddit/processing/500-20240423.json"
    },
    "system.biz.date" : {
      "prop" : "system.biz.date",
      "direct" : "IN",
      "type" : "VARCHAR",
      "value" : "20240423"
    },
    "system.workflow.definition.name" : {
      "prop" : "system.workflow.definition.name",
      "direct" : "IN",
      "type" : "VARCHAR",
      "value" : "preprocess_post"
    },
    "system.workflow.definition.code" : {
      "prop" : "system.workflow.definition.code",
      "direct" : "IN",
      "type" : "VARCHAR",
      "value" : "13201021801792"
    }
  },
  "taskAppId" : "582_1471",
  "taskTimeout" : 2147483647,
  "workerGroup" : "default",
  "delayTime" : 0,
  "currentExecutionStatus" : "SUBMITTED_SUCCESS",
  "endTime" : 0,
  "varPool" : "[{\"prop\":\"raw_file_dir\",\"direct\":\"IN\",\"type\":\"VARCHAR\",\"value\":\"/local_storage/reddit/processing/500-20240423.json\"}]",
  "dryRun" : 0,
  "paramsMap" : { },
  "cpuQuota" : -1,
  "memoryMax" : -1,
  "testFlag" : 0,
  "logBufferEnable" : false,
  "dispatchFailTimes" : 0
}
[INFO] 2024-04-24 11:22:17.246 +0800 - ***********************************************************************************************
[INFO] 2024-04-24 11:22:17.246 +0800 - *********************************  Load task instance plugin  *********************************
[INFO] 2024-04-24 11:22:17.246 +0800 - ***********************************************************************************************
[INFO] 2024-04-24 11:22:17.251 +0800 - Send task status RUNNING_EXECUTION master: 172.18.1.1:1234
[INFO] 2024-04-24 11:22:17.251 +0800 - TenantCode: default check successfully
[INFO] 2024-04-24 11:22:17.251 +0800 - WorkflowInstanceExecDir: /tmp/dolphinscheduler/exec/process/default/13010050770016/13201021801792_112/582/1471 check successfully
[INFO] 2024-04-24 11:22:17.252 +0800 - Create TaskChannel: org.apache.dolphinscheduler.plugin.task.shell.ShellTaskChannel successfully
[INFO] 2024-04-24 11:22:17.253 +0800 - Download resources successfully: 
ResourceContext(resourceItemMap={file:/dolphinscheduler/default/resources/spark_reddit_preprocessing.py=ResourceContext.ResourceItem(resourceAbsolutePathInStorage=file:/dolphinscheduler/default/resources/spark_reddit_preprocessing.py, resourceRelativePath=spark_reddit_preprocessing.py, resourceAbsolutePathInLocal=/tmp/dolphinscheduler/exec/process/default/13010050770016/13201021801792_112/582/1471/spark_reddit_preprocessing.py)})
[INFO] 2024-04-24 11:22:17.254 +0800 - Download upstream files: [] successfully
[INFO] 2024-04-24 11:22:17.254 +0800 - Task plugin instance: SHELL create successfully
[INFO] 2024-04-24 11:22:17.254 +0800 - Initialize shell task params {
  "localParams" : [ ],
  "varPool" : null,
  "rawScript" : "$SPARK_HOME/bin/spark-submit \\\n    --master local \\\n    --deploy-mode client \\\n    --conf spark.driver.cores=1 \\\n    --conf spark.driver.memory=1G \\\n    --conf spark.executor.instances=1 \\\n    --conf spark.executor.cores=1 \\\n    --conf spark.executor.memory=1G \\\n    --name reddit_preprocessing \\\n    --files ${raw_file_dir} \\\n    --packages org.apache.spark:spark-sql-kafka-0-10_2.13:3.5.1 \\\n    --conf spark.driver.extraJavaOptions=\"-Divy.cache.dir=/tmp -Divy.home=/tmp\" \\\n    spark_reddit_preprocessing.py\n\n#     --jars spark_packages/spark-sql-kafka-0-10_2.13-3.5.1.jar \\",
  "resourceList" : [ {
    "id" : null,
    "resourceName" : "file:/dolphinscheduler/default/resources/spark_reddit_preprocessing.py",
    "res" : null
  } ]
}
[INFO] 2024-04-24 11:22:17.254 +0800 - Success initialized task plugin instance successfully
[INFO] 2024-04-24 11:22:17.254 +0800 - Set taskVarPool: [{"prop":"raw_file_dir","direct":"IN","type":"VARCHAR","value":"/local_storage/reddit/processing/500-20240423.json"}] successfully
[INFO] 2024-04-24 11:22:17.254 +0800 - ***********************************************************************************************
[INFO] 2024-04-24 11:22:17.254 +0800 - *********************************  Execute task instance  *************************************
[INFO] 2024-04-24 11:22:17.255 +0800 - ***********************************************************************************************
[INFO] 2024-04-24 11:22:17.255 +0800 - Final Shell file is: 
[INFO] 2024-04-24 11:22:17.255 +0800 - ****************************** Script Content *****************************************************************
[INFO] 2024-04-24 11:22:17.255 +0800 - #!/bin/bash
BASEDIR=$(cd `dirname $0`; pwd)
cd $BASEDIR
export SPARK_HOME=/opt/spark-3.5.1-bin-hadoop3-scala2.13
export JAVA_HOME=/opt/java/openjdk
export PYSPARK_DRIVER_PYTHON=/bin/python3.11
export PYTHON_LAUNCHER=/bin/python3.11
export PYSPARK_PYTHON=/bin/python3.11
$SPARK_HOME/bin/spark-submit \
    --master local \
    --deploy-mode client \
    --conf spark.driver.cores=1 \
    --conf spark.driver.memory=1G \
    --conf spark.executor.instances=1 \
    --conf spark.executor.cores=1 \
    --conf spark.executor.memory=1G \
    --name reddit_preprocessing \
    --files /local_storage/reddit/processing/500-20240423.json \
    --packages org.apache.spark:spark-sql-kafka-0-10_2.13:3.5.1 \
    --conf spark.driver.extraJavaOptions="-Divy.cache.dir=/tmp -Divy.home=/tmp" \
    spark_reddit_preprocessing.py

#     --jars spark_packages/spark-sql-kafka-0-10_2.13-3.5.1.jar \
[INFO] 2024-04-24 11:22:17.255 +0800 - ****************************** Script Content *****************************************************************
[INFO] 2024-04-24 11:22:17.256 +0800 - Executing shell command : sudo -u default -i /tmp/dolphinscheduler/exec/process/default/13010050770016/13201021801792_112/582/1471/582_1471.sh
[INFO] 2024-04-24 11:22:17.259 +0800 - process start, process id is: 2444
[INFO] 2024-04-24 11:22:18.266 +0800 -  -> 
	sudo: unable to change directory to /home/default: No such file or directory
[INFO] 2024-04-24 11:22:19.299 +0800 -  -> 
	:: loading settings :: url = jar:file:/opt/spark-3.5.1-bin-hadoop3-scala2.13/jars/ivy-2.5.1.jar!/org/apache/ivy/core/settings/ivysettings.xml
	Ivy Default Cache set to: /tmp
	The jars for the packages stored in: /tmp/jars
	org.apache.spark#spark-sql-kafka-0-10_2.13 added as a dependency
	:: resolving dependencies :: org.apache.spark#spark-submit-parent-f7234c02-3c73-4d0c-a5ed-21297a859337;1.0
		confs: [default]
		found org.apache.spark#spark-sql-kafka-0-10_2.13;3.5.1 in central
		found org.apache.spark#spark-token-provider-kafka-0-10_2.13;3.5.1 in central
		found org.apache.kafka#kafka-clients;3.4.1 in central
		found org.lz4#lz4-java;1.8.0 in central
		found org.xerial.snappy#snappy-java;1.1.10.3 in central
		found org.slf4j#slf4j-api;2.0.7 in central
		found org.apache.hadoop#hadoop-client-runtime;3.3.4 in central
		found org.apache.hadoop#hadoop-client-api;3.3.4 in central
[INFO] 2024-04-24 11:22:20.302 +0800 -  -> 
		found commons-logging#commons-logging;1.1.3 in central
		found com.google.code.findbugs#jsr305;3.0.0 in central
		found org.scala-lang.modules#scala-parallel-collections_2.13;1.0.4 in central
		found org.apache.commons#commons-pool2;2.11.1 in central
	:: resolution report :: resolve 455ms :: artifacts dl 11ms
		:: modules in use:
		com.google.code.findbugs#jsr305;3.0.0 from central in [default]
		commons-logging#commons-logging;1.1.3 from central in [default]
		org.apache.commons#commons-pool2;2.11.1 from central in [default]
		org.apache.hadoop#hadoop-client-api;3.3.4 from central in [default]
		org.apache.hadoop#hadoop-client-runtime;3.3.4 from central in [default]
		org.apache.kafka#kafka-clients;3.4.1 from central in [default]
		org.apache.spark#spark-sql-kafka-0-10_2.13;3.5.1 from central in [default]
		org.apache.spark#spark-token-provider-kafka-0-10_2.13;3.5.1 from central in [default]
		org.lz4#lz4-java;1.8.0 from central in [default]
		org.scala-lang.modules#scala-parallel-collections_2.13;1.0.4 from central in [default]
		org.slf4j#slf4j-api;2.0.7 from central in [default]
		org.xerial.snappy#snappy-java;1.1.10.3 from central in [default]
		---------------------------------------------------------------------
		|                  |            modules            ||   artifacts   |
		|       conf       | number| search|dwnlded|evicted|| number|dwnlded|
		---------------------------------------------------------------------
		|      default     |   12  |   0   |   0   |   0   ||   12  |   0   |
		---------------------------------------------------------------------
	:: retrieving :: org.apache.spark#spark-submit-parent-f7234c02-3c73-4d0c-a5ed-21297a859337
		confs: [default]
		0 artifacts copied, 12 already retrieved (0kB/9ms)
	24/04/24 11:22:19 WARN NativeCodeLoader: Unable to load native-hadoop library for your platform... using builtin-java classes where applicable
[INFO] 2024-04-24 11:22:21.304 +0800 -  -> 
	24/04/24 11:22:20 INFO SparkContext: Running Spark version 3.5.1
	24/04/24 11:22:20 INFO SparkContext: OS info Linux, 6.5.0-28-generic, amd64
	24/04/24 11:22:20 INFO SparkContext: Java version 1.8.0_402
	24/04/24 11:22:20 INFO ResourceUtils: ==============================================================
	24/04/24 11:22:20 INFO ResourceUtils: No custom resources configured for spark.driver.
	24/04/24 11:22:20 INFO ResourceUtils: ==============================================================
	24/04/24 11:22:20 INFO SparkContext: Submitted application: reddit_preprocessing
	24/04/24 11:22:20 INFO ResourceProfile: Default ResourceProfile created, executor resources: Map(cores -> name: cores, amount: 1, script: , vendor: , memory -> name: memory, amount: 1024, script: , vendor: , offHeap -> name: offHeap, amount: 0, script: , vendor: ), task resources: Map(cpus -> name: cpus, amount: 1.0)
	24/04/24 11:22:20 INFO ResourceProfile: Limiting resource is cpus at 1 tasks per executor
	24/04/24 11:22:20 INFO ResourceProfileManager: Added ResourceProfile id: 0
	24/04/24 11:22:20 INFO SecurityManager: Changing view acls to: default
	24/04/24 11:22:20 INFO SecurityManager: Changing modify acls to: default
	24/04/24 11:22:20 INFO SecurityManager: Changing view acls groups to: 
	24/04/24 11:22:20 INFO SecurityManager: Changing modify acls groups to: 
	24/04/24 11:22:20 INFO SecurityManager: SecurityManager: authentication disabled; ui acls disabled; users with view permissions: default; groups with view permissions: EMPTY; users with modify permissions: default; groups with modify permissions: EMPTY
	24/04/24 11:22:21 INFO Utils: Successfully started service 'sparkDriver' on port 45279.
	24/04/24 11:22:21 INFO SparkEnv: Registering MapOutputTracker
	24/04/24 11:22:21 INFO SparkEnv: Registering BlockManagerMaster
	24/04/24 11:22:21 INFO BlockManagerMasterEndpoint: Using org.apache.spark.storage.DefaultTopologyMapper for getting topology information
	24/04/24 11:22:21 INFO BlockManagerMasterEndpoint: BlockManagerMasterEndpoint up
	24/04/24 11:22:21 INFO SparkEnv: Registering BlockManagerMasterHeartbeat
	24/04/24 11:22:21 INFO DiskBlockManager: Created local directory at /tmp/blockmgr-272958a4-74cf-4f89-90b0-1587048a460f
	24/04/24 11:22:21 INFO MemoryStore: MemoryStore started with capacity 366.3 MiB
	24/04/24 11:22:21 INFO SparkEnv: Registering OutputCommitCoordinator
[INFO] 2024-04-24 11:22:22.305 +0800 -  -> 
	24/04/24 11:22:21 INFO JettyUtils: Start Jetty 0.0.0.0:4040 for SparkUI
	24/04/24 11:22:21 INFO Utils: Successfully started service 'SparkUI' on port 4040.
	24/04/24 11:22:21 INFO SparkContext: Added JAR file:///tmp/jars/org.apache.spark_spark-sql-kafka-0-10_2.13-3.5.1.jar at spark://6b0330d1bc18:45279/jars/org.apache.spark_spark-sql-kafka-0-10_2.13-3.5.1.jar with timestamp 1713928940528
	24/04/24 11:22:21 INFO SparkContext: Added JAR file:///tmp/jars/org.apache.spark_spark-token-provider-kafka-0-10_2.13-3.5.1.jar at spark://6b0330d1bc18:45279/jars/org.apache.spark_spark-token-provider-kafka-0-10_2.13-3.5.1.jar with timestamp 1713928940528
	24/04/24 11:22:21 INFO SparkContext: Added JAR file:///tmp/jars/org.scala-lang.modules_scala-parallel-collections_2.13-1.0.4.jar at spark://6b0330d1bc18:45279/jars/org.scala-lang.modules_scala-parallel-collections_2.13-1.0.4.jar with timestamp 1713928940528
	24/04/24 11:22:21 INFO SparkContext: Added JAR file:///tmp/jars/org.apache.kafka_kafka-clients-3.4.1.jar at spark://6b0330d1bc18:45279/jars/org.apache.kafka_kafka-clients-3.4.1.jar with timestamp 1713928940528
	24/04/24 11:22:21 INFO SparkContext: Added JAR file:///tmp/jars/com.google.code.findbugs_jsr305-3.0.0.jar at spark://6b0330d1bc18:45279/jars/com.google.code.findbugs_jsr305-3.0.0.jar with timestamp 1713928940528
	24/04/24 11:22:21 INFO SparkContext: Added JAR file:///tmp/jars/org.apache.commons_commons-pool2-2.11.1.jar at spark://6b0330d1bc18:45279/jars/org.apache.commons_commons-pool2-2.11.1.jar with timestamp 1713928940528
	24/04/24 11:22:21 INFO SparkContext: Added JAR file:///tmp/jars/org.apache.hadoop_hadoop-client-runtime-3.3.4.jar at spark://6b0330d1bc18:45279/jars/org.apache.hadoop_hadoop-client-runtime-3.3.4.jar with timestamp 1713928940528
	24/04/24 11:22:21 INFO SparkContext: Added JAR file:///tmp/jars/org.lz4_lz4-java-1.8.0.jar at spark://6b0330d1bc18:45279/jars/org.lz4_lz4-java-1.8.0.jar with timestamp 1713928940528
	24/04/24 11:22:21 INFO SparkContext: Added JAR file:///tmp/jars/org.xerial.snappy_snappy-java-1.1.10.3.jar at spark://6b0330d1bc18:45279/jars/org.xerial.snappy_snappy-java-1.1.10.3.jar with timestamp 1713928940528
	24/04/24 11:22:21 INFO SparkContext: Added JAR file:///tmp/jars/org.slf4j_slf4j-api-2.0.7.jar at spark://6b0330d1bc18:45279/jars/org.slf4j_slf4j-api-2.0.7.jar with timestamp 1713928940528
	24/04/24 11:22:21 INFO SparkContext: Added JAR file:///tmp/jars/org.apache.hadoop_hadoop-client-api-3.3.4.jar at spark://6b0330d1bc18:45279/jars/org.apache.hadoop_hadoop-client-api-3.3.4.jar with timestamp 1713928940528
	24/04/24 11:22:21 INFO SparkContext: Added JAR file:///tmp/jars/commons-logging_commons-logging-1.1.3.jar at spark://6b0330d1bc18:45279/jars/commons-logging_commons-logging-1.1.3.jar with timestamp 1713928940528
	24/04/24 11:22:21 INFO SparkContext: Added file file:///local_storage/reddit/processing/500-20240423.json at file:///local_storage/reddit/processing/500-20240423.json with timestamp 1713928940528
	24/04/24 11:22:21 INFO Utils: Copying /local_storage/reddit/processing/500-20240423.json to /tmp/spark-bc2685de-016a-420a-907b-6bb13e247a8a/userFiles-2844ae54-ed38-43f9-8e4c-aaca279cf2c4/500-20240423.json
	24/04/24 11:22:21 INFO SparkContext: Added file file:///tmp/jars/org.apache.spark_spark-sql-kafka-0-10_2.13-3.5.1.jar at file:///tmp/jars/org.apache.spark_spark-sql-kafka-0-10_2.13-3.5.1.jar with timestamp 1713928940528
	24/04/24 11:22:21 INFO Utils: Copying /tmp/jars/org.apache.spark_spark-sql-kafka-0-10_2.13-3.5.1.jar to /tmp/spark-bc2685de-016a-420a-907b-6bb13e247a8a/userFiles-2844ae54-ed38-43f9-8e4c-aaca279cf2c4/org.apache.spark_spark-sql-kafka-0-10_2.13-3.5.1.jar
	24/04/24 11:22:21 INFO SparkContext: Added file file:///tmp/jars/org.apache.spark_spark-token-provider-kafka-0-10_2.13-3.5.1.jar at file:///tmp/jars/org.apache.spark_spark-token-provider-kafka-0-10_2.13-3.5.1.jar with timestamp 1713928940528
	24/04/24 11:22:21 INFO Utils: Copying /tmp/jars/org.apache.spark_spark-token-provider-kafka-0-10_2.13-3.5.1.jar to /tmp/spark-bc2685de-016a-420a-907b-6bb13e247a8a/userFiles-2844ae54-ed38-43f9-8e4c-aaca279cf2c4/org.apache.spark_spark-token-provider-kafka-0-10_2.13-3.5.1.jar
	24/04/24 11:22:21 INFO SparkContext: Added file file:///tmp/jars/org.scala-lang.modules_scala-parallel-collections_2.13-1.0.4.jar at file:///tmp/jars/org.scala-lang.modules_scala-parallel-collections_2.13-1.0.4.jar with timestamp 1713928940528
	24/04/24 11:22:21 INFO Utils: Copying /tmp/jars/org.scala-lang.modules_scala-parallel-collections_2.13-1.0.4.jar to /tmp/spark-bc2685de-016a-420a-907b-6bb13e247a8a/userFiles-2844ae54-ed38-43f9-8e4c-aaca279cf2c4/org.scala-lang.modules_scala-parallel-collections_2.13-1.0.4.jar
	24/04/24 11:22:21 INFO SparkContext: Added file file:///tmp/jars/org.apache.kafka_kafka-clients-3.4.1.jar at file:///tmp/jars/org.apache.kafka_kafka-clients-3.4.1.jar with timestamp 1713928940528
	24/04/24 11:22:21 INFO Utils: Copying /tmp/jars/org.apache.kafka_kafka-clients-3.4.1.jar to /tmp/spark-bc2685de-016a-420a-907b-6bb13e247a8a/userFiles-2844ae54-ed38-43f9-8e4c-aaca279cf2c4/org.apache.kafka_kafka-clients-3.4.1.jar
	24/04/24 11:22:21 INFO SparkContext: Added file file:///tmp/jars/com.google.code.findbugs_jsr305-3.0.0.jar at file:///tmp/jars/com.google.code.findbugs_jsr305-3.0.0.jar with timestamp 1713928940528
	24/04/24 11:22:21 INFO Utils: Copying /tmp/jars/com.google.code.findbugs_jsr305-3.0.0.jar to /tmp/spark-bc2685de-016a-420a-907b-6bb13e247a8a/userFiles-2844ae54-ed38-43f9-8e4c-aaca279cf2c4/com.google.code.findbugs_jsr305-3.0.0.jar
	24/04/24 11:22:21 INFO SparkContext: Added file file:///tmp/jars/org.apache.commons_commons-pool2-2.11.1.jar at file:///tmp/jars/org.apache.commons_commons-pool2-2.11.1.jar with timestamp 1713928940528
	24/04/24 11:22:21 INFO Utils: Copying /tmp/jars/org.apache.commons_commons-pool2-2.11.1.jar to /tmp/spark-bc2685de-016a-420a-907b-6bb13e247a8a/userFiles-2844ae54-ed38-43f9-8e4c-aaca279cf2c4/org.apache.commons_commons-pool2-2.11.1.jar
	24/04/24 11:22:21 INFO SparkContext: Added file file:///tmp/jars/org.apache.hadoop_hadoop-client-runtime-3.3.4.jar at file:///tmp/jars/org.apache.hadoop_hadoop-client-runtime-3.3.4.jar with timestamp 1713928940528
	24/04/24 11:22:21 INFO Utils: Copying /tmp/jars/org.apache.hadoop_hadoop-client-runtime-3.3.4.jar to /tmp/spark-bc2685de-016a-420a-907b-6bb13e247a8a/userFiles-2844ae54-ed38-43f9-8e4c-aaca279cf2c4/org.apache.hadoop_hadoop-client-runtime-3.3.4.jar
	24/04/24 11:22:21 INFO SparkContext: Added file file:///tmp/jars/org.lz4_lz4-java-1.8.0.jar at file:///tmp/jars/org.lz4_lz4-java-1.8.0.jar with timestamp 1713928940528
	24/04/24 11:22:21 INFO Utils: Copying /tmp/jars/org.lz4_lz4-java-1.8.0.jar to /tmp/spark-bc2685de-016a-420a-907b-6bb13e247a8a/userFiles-2844ae54-ed38-43f9-8e4c-aaca279cf2c4/org.lz4_lz4-java-1.8.0.jar
	24/04/24 11:22:21 INFO SparkContext: Added file file:///tmp/jars/org.xerial.snappy_snappy-java-1.1.10.3.jar at file:///tmp/jars/org.xerial.snappy_snappy-java-1.1.10.3.jar with timestamp 1713928940528
	24/04/24 11:22:21 INFO Utils: Copying /tmp/jars/org.xerial.snappy_snappy-java-1.1.10.3.jar to /tmp/spark-bc2685de-016a-420a-907b-6bb13e247a8a/userFiles-2844ae54-ed38-43f9-8e4c-aaca279cf2c4/org.xerial.snappy_snappy-java-1.1.10.3.jar
	24/04/24 11:22:21 INFO SparkContext: Added file file:///tmp/jars/org.slf4j_slf4j-api-2.0.7.jar at file:///tmp/jars/org.slf4j_slf4j-api-2.0.7.jar with timestamp 1713928940528
	24/04/24 11:22:21 INFO Utils: Copying /tmp/jars/org.slf4j_slf4j-api-2.0.7.jar to /tmp/spark-bc2685de-016a-420a-907b-6bb13e247a8a/userFiles-2844ae54-ed38-43f9-8e4c-aaca279cf2c4/org.slf4j_slf4j-api-2.0.7.jar
	24/04/24 11:22:21 INFO SparkContext: Added file file:///tmp/jars/org.apache.hadoop_hadoop-client-api-3.3.4.jar at file:///tmp/jars/org.apache.hadoop_hadoop-client-api-3.3.4.jar with timestamp 1713928940528
	24/04/24 11:22:21 INFO Utils: Copying /tmp/jars/org.apache.hadoop_hadoop-client-api-3.3.4.jar to /tmp/spark-bc2685de-016a-420a-907b-6bb13e247a8a/userFiles-2844ae54-ed38-43f9-8e4c-aaca279cf2c4/org.apache.hadoop_hadoop-client-api-3.3.4.jar
	24/04/24 11:22:21 INFO SparkContext: Added file file:///tmp/jars/commons-logging_commons-logging-1.1.3.jar at file:///tmp/jars/commons-logging_commons-logging-1.1.3.jar with timestamp 1713928940528
	24/04/24 11:22:21 INFO Utils: Copying /tmp/jars/commons-logging_commons-logging-1.1.3.jar to /tmp/spark-bc2685de-016a-420a-907b-6bb13e247a8a/userFiles-2844ae54-ed38-43f9-8e4c-aaca279cf2c4/commons-logging_commons-logging-1.1.3.jar
	24/04/24 11:22:21 INFO Executor: Starting executor ID driver on host 6b0330d1bc18
	24/04/24 11:22:21 INFO Executor: OS info Linux, 6.5.0-28-generic, amd64
	24/04/24 11:22:21 INFO Executor: Java version 1.8.0_402
	24/04/24 11:22:21 INFO Executor: Starting executor with user classpath (userClassPathFirst = false): ''
	24/04/24 11:22:22 INFO Executor: Created or updated repl class loader org.apache.spark.util.MutableURLClassLoader@691a3205 for default.
	24/04/24 11:22:22 INFO Executor: Fetching file:///tmp/jars/org.apache.spark_spark-token-provider-kafka-0-10_2.13-3.5.1.jar with timestamp 1713928940528
	24/04/24 11:22:22 INFO Utils: /tmp/jars/org.apache.spark_spark-token-provider-kafka-0-10_2.13-3.5.1.jar has been previously copied to /tmp/spark-bc2685de-016a-420a-907b-6bb13e247a8a/userFiles-2844ae54-ed38-43f9-8e4c-aaca279cf2c4/org.apache.spark_spark-token-provider-kafka-0-10_2.13-3.5.1.jar
	24/04/24 11:22:22 INFO Executor: Fetching file:///tmp/jars/org.apache.kafka_kafka-clients-3.4.1.jar with timestamp 1713928940528
	24/04/24 11:22:22 INFO Utils: /tmp/jars/org.apache.kafka_kafka-clients-3.4.1.jar has been previously copied to /tmp/spark-bc2685de-016a-420a-907b-6bb13e247a8a/userFiles-2844ae54-ed38-43f9-8e4c-aaca279cf2c4/org.apache.kafka_kafka-clients-3.4.1.jar
	24/04/24 11:22:22 INFO Executor: Fetching file:///tmp/jars/org.lz4_lz4-java-1.8.0.jar with timestamp 1713928940528
	24/04/24 11:22:22 INFO Utils: /tmp/jars/org.lz4_lz4-java-1.8.0.jar has been previously copied to /tmp/spark-bc2685de-016a-420a-907b-6bb13e247a8a/userFiles-2844ae54-ed38-43f9-8e4c-aaca279cf2c4/org.lz4_lz4-java-1.8.0.jar
	24/04/24 11:22:22 INFO Executor: Fetching file:///tmp/jars/org.xerial.snappy_snappy-java-1.1.10.3.jar with timestamp 1713928940528
	24/04/24 11:22:22 INFO Utils: /tmp/jars/org.xerial.snappy_snappy-java-1.1.10.3.jar has been previously copied to /tmp/spark-bc2685de-016a-420a-907b-6bb13e247a8a/userFiles-2844ae54-ed38-43f9-8e4c-aaca279cf2c4/org.xerial.snappy_snappy-java-1.1.10.3.jar
	24/04/24 11:22:22 INFO Executor: Fetching file:///tmp/jars/org.slf4j_slf4j-api-2.0.7.jar with timestamp 1713928940528
	24/04/24 11:22:22 INFO Utils: /tmp/jars/org.slf4j_slf4j-api-2.0.7.jar has been previously copied to /tmp/spark-bc2685de-016a-420a-907b-6bb13e247a8a/userFiles-2844ae54-ed38-43f9-8e4c-aaca279cf2c4/org.slf4j_slf4j-api-2.0.7.jar
	24/04/24 11:22:22 INFO Executor: Fetching file:///tmp/jars/com.google.code.findbugs_jsr305-3.0.0.jar with timestamp 1713928940528
	24/04/24 11:22:22 INFO Utils: /tmp/jars/com.google.code.findbugs_jsr305-3.0.0.jar has been previously copied to /tmp/spark-bc2685de-016a-420a-907b-6bb13e247a8a/userFiles-2844ae54-ed38-43f9-8e4c-aaca279cf2c4/com.google.code.findbugs_jsr305-3.0.0.jar
	24/04/24 11:22:22 INFO Executor: Fetching file:///tmp/jars/commons-logging_commons-logging-1.1.3.jar with timestamp 1713928940528
	24/04/24 11:22:22 INFO Utils: /tmp/jars/commons-logging_commons-logging-1.1.3.jar has been previously copied to /tmp/spark-bc2685de-016a-420a-907b-6bb13e247a8a/userFiles-2844ae54-ed38-43f9-8e4c-aaca279cf2c4/commons-logging_commons-logging-1.1.3.jar
	24/04/24 11:22:22 INFO Executor: Fetching file:///tmp/jars/org.apache.hadoop_hadoop-client-api-3.3.4.jar with timestamp 1713928940528
	24/04/24 11:22:22 INFO Utils: /tmp/jars/org.apache.hadoop_hadoop-client-api-3.3.4.jar has been previously copied to /tmp/spark-bc2685de-016a-420a-907b-6bb13e247a8a/userFiles-2844ae54-ed38-43f9-8e4c-aaca279cf2c4/org.apache.hadoop_hadoop-client-api-3.3.4.jar
	24/04/24 11:22:22 INFO Executor: Fetching file:///local_storage/reddit/processing/500-20240423.json with timestamp 1713928940528
	24/04/24 11:22:22 INFO Utils: /local_storage/reddit/processing/500-20240423.json has been previously copied to /tmp/spark-bc2685de-016a-420a-907b-6bb13e247a8a/userFiles-2844ae54-ed38-43f9-8e4c-aaca279cf2c4/500-20240423.json
	24/04/24 11:22:22 INFO Executor: Fetching file:///tmp/jars/org.scala-lang.modules_scala-parallel-collections_2.13-1.0.4.jar with timestamp 1713928940528
	24/04/24 11:22:22 INFO Utils: /tmp/jars/org.scala-lang.modules_scala-parallel-collections_2.13-1.0.4.jar has been previously copied to /tmp/spark-bc2685de-016a-420a-907b-6bb13e247a8a/userFiles-2844ae54-ed38-43f9-8e4c-aaca279cf2c4/org.scala-lang.modules_scala-parallel-collections_2.13-1.0.4.jar
	24/04/24 11:22:22 INFO Executor: Fetching file:///tmp/jars/org.apache.hadoop_hadoop-client-runtime-3.3.4.jar with timestamp 1713928940528
	24/04/24 11:22:22 INFO Utils: /tmp/jars/org.apache.hadoop_hadoop-client-runtime-3.3.4.jar has been previously copied to /tmp/spark-bc2685de-016a-420a-907b-6bb13e247a8a/userFiles-2844ae54-ed38-43f9-8e4c-aaca279cf2c4/org.apache.hadoop_hadoop-client-runtime-3.3.4.jar
	24/04/24 11:22:22 INFO Executor: Fetching file:///tmp/jars/org.apache.commons_commons-pool2-2.11.1.jar with timestamp 1713928940528
	24/04/24 11:22:22 INFO Utils: /tmp/jars/org.apache.commons_commons-pool2-2.11.1.jar has been previously copied to /tmp/spark-bc2685de-016a-420a-907b-6bb13e247a8a/userFiles-2844ae54-ed38-43f9-8e4c-aaca279cf2c4/org.apache.commons_commons-pool2-2.11.1.jar
	24/04/24 11:22:22 INFO Executor: Fetching file:///tmp/jars/org.apache.spark_spark-sql-kafka-0-10_2.13-3.5.1.jar with timestamp 1713928940528
	24/04/24 11:22:22 INFO Utils: /tmp/jars/org.apache.spark_spark-sql-kafka-0-10_2.13-3.5.1.jar has been previously copied to /tmp/spark-bc2685de-016a-420a-907b-6bb13e247a8a/userFiles-2844ae54-ed38-43f9-8e4c-aaca279cf2c4/org.apache.spark_spark-sql-kafka-0-10_2.13-3.5.1.jar
	24/04/24 11:22:22 INFO Executor: Fetching spark://6b0330d1bc18:45279/jars/org.apache.hadoop_hadoop-client-api-3.3.4.jar with timestamp 1713928940528
[INFO] 2024-04-24 11:22:23.309 +0800 -  -> 
	24/04/24 11:22:22 INFO TransportClientFactory: Successfully created connection to 6b0330d1bc18/172.18.1.1:45279 after 47 ms (0 ms spent in bootstraps)
	24/04/24 11:22:22 INFO Utils: Fetching spark://6b0330d1bc18:45279/jars/org.apache.hadoop_hadoop-client-api-3.3.4.jar to /tmp/spark-bc2685de-016a-420a-907b-6bb13e247a8a/userFiles-2844ae54-ed38-43f9-8e4c-aaca279cf2c4/fetchFileTemp3084777035401344384.tmp
	24/04/24 11:22:22 INFO Utils: /tmp/spark-bc2685de-016a-420a-907b-6bb13e247a8a/userFiles-2844ae54-ed38-43f9-8e4c-aaca279cf2c4/fetchFileTemp3084777035401344384.tmp has been previously copied to /tmp/spark-bc2685de-016a-420a-907b-6bb13e247a8a/userFiles-2844ae54-ed38-43f9-8e4c-aaca279cf2c4/org.apache.hadoop_hadoop-client-api-3.3.4.jar
	24/04/24 11:22:22 INFO Executor: Adding file:/tmp/spark-bc2685de-016a-420a-907b-6bb13e247a8a/userFiles-2844ae54-ed38-43f9-8e4c-aaca279cf2c4/org.apache.hadoop_hadoop-client-api-3.3.4.jar to class loader default
	24/04/24 11:22:22 INFO Executor: Fetching spark://6b0330d1bc18:45279/jars/com.google.code.findbugs_jsr305-3.0.0.jar with timestamp 1713928940528
	24/04/24 11:22:22 INFO Utils: Fetching spark://6b0330d1bc18:45279/jars/com.google.code.findbugs_jsr305-3.0.0.jar to /tmp/spark-bc2685de-016a-420a-907b-6bb13e247a8a/userFiles-2844ae54-ed38-43f9-8e4c-aaca279cf2c4/fetchFileTemp5844261751086705910.tmp
	24/04/24 11:22:22 INFO Utils: /tmp/spark-bc2685de-016a-420a-907b-6bb13e247a8a/userFiles-2844ae54-ed38-43f9-8e4c-aaca279cf2c4/fetchFileTemp5844261751086705910.tmp has been previously copied to /tmp/spark-bc2685de-016a-420a-907b-6bb13e247a8a/userFiles-2844ae54-ed38-43f9-8e4c-aaca279cf2c4/com.google.code.findbugs_jsr305-3.0.0.jar
	24/04/24 11:22:22 INFO Executor: Adding file:/tmp/spark-bc2685de-016a-420a-907b-6bb13e247a8a/userFiles-2844ae54-ed38-43f9-8e4c-aaca279cf2c4/com.google.code.findbugs_jsr305-3.0.0.jar to class loader default
	24/04/24 11:22:22 INFO Executor: Fetching spark://6b0330d1bc18:45279/jars/commons-logging_commons-logging-1.1.3.jar with timestamp 1713928940528
	24/04/24 11:22:22 INFO Utils: Fetching spark://6b0330d1bc18:45279/jars/commons-logging_commons-logging-1.1.3.jar to /tmp/spark-bc2685de-016a-420a-907b-6bb13e247a8a/userFiles-2844ae54-ed38-43f9-8e4c-aaca279cf2c4/fetchFileTemp6249255321184945455.tmp
	24/04/24 11:22:22 INFO Utils: /tmp/spark-bc2685de-016a-420a-907b-6bb13e247a8a/userFiles-2844ae54-ed38-43f9-8e4c-aaca279cf2c4/fetchFileTemp6249255321184945455.tmp has been previously copied to /tmp/spark-bc2685de-016a-420a-907b-6bb13e247a8a/userFiles-2844ae54-ed38-43f9-8e4c-aaca279cf2c4/commons-logging_commons-logging-1.1.3.jar
	24/04/24 11:22:22 INFO Executor: Adding file:/tmp/spark-bc2685de-016a-420a-907b-6bb13e247a8a/userFiles-2844ae54-ed38-43f9-8e4c-aaca279cf2c4/commons-logging_commons-logging-1.1.3.jar to class loader default
	24/04/24 11:22:22 INFO Executor: Fetching spark://6b0330d1bc18:45279/jars/org.apache.spark_spark-sql-kafka-0-10_2.13-3.5.1.jar with timestamp 1713928940528
	24/04/24 11:22:22 INFO Utils: Fetching spark://6b0330d1bc18:45279/jars/org.apache.spark_spark-sql-kafka-0-10_2.13-3.5.1.jar to /tmp/spark-bc2685de-016a-420a-907b-6bb13e247a8a/userFiles-2844ae54-ed38-43f9-8e4c-aaca279cf2c4/fetchFileTemp8212563107257851223.tmp
	24/04/24 11:22:22 INFO Utils: /tmp/spark-bc2685de-016a-420a-907b-6bb13e247a8a/userFiles-2844ae54-ed38-43f9-8e4c-aaca279cf2c4/fetchFileTemp8212563107257851223.tmp has been previously copied to /tmp/spark-bc2685de-016a-420a-907b-6bb13e247a8a/userFiles-2844ae54-ed38-43f9-8e4c-aaca279cf2c4/org.apache.spark_spark-sql-kafka-0-10_2.13-3.5.1.jar
	24/04/24 11:22:22 INFO Executor: Adding file:/tmp/spark-bc2685de-016a-420a-907b-6bb13e247a8a/userFiles-2844ae54-ed38-43f9-8e4c-aaca279cf2c4/org.apache.spark_spark-sql-kafka-0-10_2.13-3.5.1.jar to class loader default
	24/04/24 11:22:22 INFO Executor: Fetching spark://6b0330d1bc18:45279/jars/org.lz4_lz4-java-1.8.0.jar with timestamp 1713928940528
	24/04/24 11:22:22 INFO Utils: Fetching spark://6b0330d1bc18:45279/jars/org.lz4_lz4-java-1.8.0.jar to /tmp/spark-bc2685de-016a-420a-907b-6bb13e247a8a/userFiles-2844ae54-ed38-43f9-8e4c-aaca279cf2c4/fetchFileTemp1013666881610745032.tmp
	24/04/24 11:22:22 INFO Utils: /tmp/spark-bc2685de-016a-420a-907b-6bb13e247a8a/userFiles-2844ae54-ed38-43f9-8e4c-aaca279cf2c4/fetchFileTemp1013666881610745032.tmp has been previously copied to /tmp/spark-bc2685de-016a-420a-907b-6bb13e247a8a/userFiles-2844ae54-ed38-43f9-8e4c-aaca279cf2c4/org.lz4_lz4-java-1.8.0.jar
	24/04/24 11:22:22 INFO Executor: Adding file:/tmp/spark-bc2685de-016a-420a-907b-6bb13e247a8a/userFiles-2844ae54-ed38-43f9-8e4c-aaca279cf2c4/org.lz4_lz4-java-1.8.0.jar to class loader default
	24/04/24 11:22:22 INFO Executor: Fetching spark://6b0330d1bc18:45279/jars/org.apache.commons_commons-pool2-2.11.1.jar with timestamp 1713928940528
	24/04/24 11:22:22 INFO Utils: Fetching spark://6b0330d1bc18:45279/jars/org.apache.commons_commons-pool2-2.11.1.jar to /tmp/spark-bc2685de-016a-420a-907b-6bb13e247a8a/userFiles-2844ae54-ed38-43f9-8e4c-aaca279cf2c4/fetchFileTemp687876804897391243.tmp
	24/04/24 11:22:22 INFO Utils: /tmp/spark-bc2685de-016a-420a-907b-6bb13e247a8a/userFiles-2844ae54-ed38-43f9-8e4c-aaca279cf2c4/fetchFileTemp687876804897391243.tmp has been previously copied to /tmp/spark-bc2685de-016a-420a-907b-6bb13e247a8a/userFiles-2844ae54-ed38-43f9-8e4c-aaca279cf2c4/org.apache.commons_commons-pool2-2.11.1.jar
	24/04/24 11:22:22 INFO Executor: Adding file:/tmp/spark-bc2685de-016a-420a-907b-6bb13e247a8a/userFiles-2844ae54-ed38-43f9-8e4c-aaca279cf2c4/org.apache.commons_commons-pool2-2.11.1.jar to class loader default
	24/04/24 11:22:22 INFO Executor: Fetching spark://6b0330d1bc18:45279/jars/org.xerial.snappy_snappy-java-1.1.10.3.jar with timestamp 1713928940528
	24/04/24 11:22:22 INFO Utils: Fetching spark://6b0330d1bc18:45279/jars/org.xerial.snappy_snappy-java-1.1.10.3.jar to /tmp/spark-bc2685de-016a-420a-907b-6bb13e247a8a/userFiles-2844ae54-ed38-43f9-8e4c-aaca279cf2c4/fetchFileTemp7419034297515833353.tmp
	24/04/24 11:22:22 INFO Utils: /tmp/spark-bc2685de-016a-420a-907b-6bb13e247a8a/userFiles-2844ae54-ed38-43f9-8e4c-aaca279cf2c4/fetchFileTemp7419034297515833353.tmp has been previously copied to /tmp/spark-bc2685de-016a-420a-907b-6bb13e247a8a/userFiles-2844ae54-ed38-43f9-8e4c-aaca279cf2c4/org.xerial.snappy_snappy-java-1.1.10.3.jar
	24/04/24 11:22:22 INFO Executor: Adding file:/tmp/spark-bc2685de-016a-420a-907b-6bb13e247a8a/userFiles-2844ae54-ed38-43f9-8e4c-aaca279cf2c4/org.xerial.snappy_snappy-java-1.1.10.3.jar to class loader default
	24/04/24 11:22:22 INFO Executor: Fetching spark://6b0330d1bc18:45279/jars/org.slf4j_slf4j-api-2.0.7.jar with timestamp 1713928940528
	24/04/24 11:22:22 INFO Utils: Fetching spark://6b0330d1bc18:45279/jars/org.slf4j_slf4j-api-2.0.7.jar to /tmp/spark-bc2685de-016a-420a-907b-6bb13e247a8a/userFiles-2844ae54-ed38-43f9-8e4c-aaca279cf2c4/fetchFileTemp5334567033579919829.tmp
	24/04/24 11:22:22 INFO Utils: /tmp/spark-bc2685de-016a-420a-907b-6bb13e247a8a/userFiles-2844ae54-ed38-43f9-8e4c-aaca279cf2c4/fetchFileTemp5334567033579919829.tmp has been previously copied to /tmp/spark-bc2685de-016a-420a-907b-6bb13e247a8a/userFiles-2844ae54-ed38-43f9-8e4c-aaca279cf2c4/org.slf4j_slf4j-api-2.0.7.jar
	24/04/24 11:22:22 INFO Executor: Adding file:/tmp/spark-bc2685de-016a-420a-907b-6bb13e247a8a/userFiles-2844ae54-ed38-43f9-8e4c-aaca279cf2c4/org.slf4j_slf4j-api-2.0.7.jar to class loader default
	24/04/24 11:22:22 INFO Executor: Fetching spark://6b0330d1bc18:45279/jars/org.scala-lang.modules_scala-parallel-collections_2.13-1.0.4.jar with timestamp 1713928940528
	24/04/24 11:22:22 INFO Utils: Fetching spark://6b0330d1bc18:45279/jars/org.scala-lang.modules_scala-parallel-collections_2.13-1.0.4.jar to /tmp/spark-bc2685de-016a-420a-907b-6bb13e247a8a/userFiles-2844ae54-ed38-43f9-8e4c-aaca279cf2c4/fetchFileTemp4363376977383408342.tmp
	24/04/24 11:22:22 INFO Utils: /tmp/spark-bc2685de-016a-420a-907b-6bb13e247a8a/userFiles-2844ae54-ed38-43f9-8e4c-aaca279cf2c4/fetchFileTemp4363376977383408342.tmp has been previously copied to /tmp/spark-bc2685de-016a-420a-907b-6bb13e247a8a/userFiles-2844ae54-ed38-43f9-8e4c-aaca279cf2c4/org.scala-lang.modules_scala-parallel-collections_2.13-1.0.4.jar
	24/04/24 11:22:22 INFO Executor: Adding file:/tmp/spark-bc2685de-016a-420a-907b-6bb13e247a8a/userFiles-2844ae54-ed38-43f9-8e4c-aaca279cf2c4/org.scala-lang.modules_scala-parallel-collections_2.13-1.0.4.jar to class loader default
	24/04/24 11:22:22 INFO Executor: Fetching spark://6b0330d1bc18:45279/jars/org.apache.hadoop_hadoop-client-runtime-3.3.4.jar with timestamp 1713928940528
	24/04/24 11:22:22 INFO Utils: Fetching spark://6b0330d1bc18:45279/jars/org.apache.hadoop_hadoop-client-runtime-3.3.4.jar to /tmp/spark-bc2685de-016a-420a-907b-6bb13e247a8a/userFiles-2844ae54-ed38-43f9-8e4c-aaca279cf2c4/fetchFileTemp5166195557819455955.tmp
	24/04/24 11:22:22 INFO Utils: /tmp/spark-bc2685de-016a-420a-907b-6bb13e247a8a/userFiles-2844ae54-ed38-43f9-8e4c-aaca279cf2c4/fetchFileTemp5166195557819455955.tmp has been previously copied to /tmp/spark-bc2685de-016a-420a-907b-6bb13e247a8a/userFiles-2844ae54-ed38-43f9-8e4c-aaca279cf2c4/org.apache.hadoop_hadoop-client-runtime-3.3.4.jar
	24/04/24 11:22:22 INFO Executor: Adding file:/tmp/spark-bc2685de-016a-420a-907b-6bb13e247a8a/userFiles-2844ae54-ed38-43f9-8e4c-aaca279cf2c4/org.apache.hadoop_hadoop-client-runtime-3.3.4.jar to class loader default
	24/04/24 11:22:22 INFO Executor: Fetching spark://6b0330d1bc18:45279/jars/org.apache.kafka_kafka-clients-3.4.1.jar with timestamp 1713928940528
	24/04/24 11:22:22 INFO Utils: Fetching spark://6b0330d1bc18:45279/jars/org.apache.kafka_kafka-clients-3.4.1.jar to /tmp/spark-bc2685de-016a-420a-907b-6bb13e247a8a/userFiles-2844ae54-ed38-43f9-8e4c-aaca279cf2c4/fetchFileTemp5220441463740045151.tmp
	24/04/24 11:22:22 INFO Utils: /tmp/spark-bc2685de-016a-420a-907b-6bb13e247a8a/userFiles-2844ae54-ed38-43f9-8e4c-aaca279cf2c4/fetchFileTemp5220441463740045151.tmp has been previously copied to /tmp/spark-bc2685de-016a-420a-907b-6bb13e247a8a/userFiles-2844ae54-ed38-43f9-8e4c-aaca279cf2c4/org.apache.kafka_kafka-clients-3.4.1.jar
	24/04/24 11:22:22 INFO Executor: Adding file:/tmp/spark-bc2685de-016a-420a-907b-6bb13e247a8a/userFiles-2844ae54-ed38-43f9-8e4c-aaca279cf2c4/org.apache.kafka_kafka-clients-3.4.1.jar to class loader default
	24/04/24 11:22:22 INFO Executor: Fetching spark://6b0330d1bc18:45279/jars/org.apache.spark_spark-token-provider-kafka-0-10_2.13-3.5.1.jar with timestamp 1713928940528
	24/04/24 11:22:22 INFO Utils: Fetching spark://6b0330d1bc18:45279/jars/org.apache.spark_spark-token-provider-kafka-0-10_2.13-3.5.1.jar to /tmp/spark-bc2685de-016a-420a-907b-6bb13e247a8a/userFiles-2844ae54-ed38-43f9-8e4c-aaca279cf2c4/fetchFileTemp5203858571016590313.tmp
	24/04/24 11:22:22 INFO Utils: /tmp/spark-bc2685de-016a-420a-907b-6bb13e247a8a/userFiles-2844ae54-ed38-43f9-8e4c-aaca279cf2c4/fetchFileTemp5203858571016590313.tmp has been previously copied to /tmp/spark-bc2685de-016a-420a-907b-6bb13e247a8a/userFiles-2844ae54-ed38-43f9-8e4c-aaca279cf2c4/org.apache.spark_spark-token-provider-kafka-0-10_2.13-3.5.1.jar
	24/04/24 11:22:22 INFO Executor: Adding file:/tmp/spark-bc2685de-016a-420a-907b-6bb13e247a8a/userFiles-2844ae54-ed38-43f9-8e4c-aaca279cf2c4/org.apache.spark_spark-token-provider-kafka-0-10_2.13-3.5.1.jar to class loader default
	24/04/24 11:22:23 INFO Utils: Successfully started service 'org.apache.spark.network.netty.NettyBlockTransferService' on port 36037.
	24/04/24 11:22:23 INFO NettyBlockTransferService: Server created on 6b0330d1bc18:36037
	24/04/24 11:22:23 INFO BlockManager: Using org.apache.spark.storage.RandomBlockReplicationPolicy for block replication policy
	24/04/24 11:22:23 INFO BlockManagerMaster: Registering BlockManager BlockManagerId(driver, 6b0330d1bc18, 36037, None)
	24/04/24 11:22:23 INFO BlockManagerMasterEndpoint: Registering block manager 6b0330d1bc18:36037 with 366.3 MiB RAM, BlockManagerId(driver, 6b0330d1bc18, 36037, None)
	24/04/24 11:22:23 INFO BlockManagerMaster: Registered BlockManager BlockManagerId(driver, 6b0330d1bc18, 36037, None)
	24/04/24 11:22:23 INFO BlockManager: Initialized BlockManager: BlockManagerId(driver, 6b0330d1bc18, 36037, None)
[INFO] 2024-04-24 11:22:24.312 +0800 -  -> 
	
	
	
	 /tmp/spark-bc2685de-016a-420a-907b-6bb13e247a8a/userFiles-2844ae54-ed38-43f9-8e4c-aaca279cf2c4/500-20240423.json 
	
	
	
	24/04/24 11:22:24 INFO MemoryStore: Block broadcast_0 stored as values in memory (estimated size 345.6 KiB, free 366.0 MiB)
	24/04/24 11:22:24 INFO MemoryStore: Block broadcast_0_piece0 stored as bytes in memory (estimated size 32.7 KiB, free 365.9 MiB)
	24/04/24 11:22:24 INFO BlockManagerInfo: Added broadcast_0_piece0 in memory on 6b0330d1bc18:36037 (size: 32.7 KiB, free: 366.3 MiB)
	24/04/24 11:22:24 INFO SparkContext: Created broadcast 0 from wholeTextFiles at NativeMethodAccessorImpl.java:0
	24/04/24 11:22:24 INFO SharedState: Setting hive.metastore.warehouse.dir ('null') to the value of spark.sql.warehouse.dir.
	24/04/24 11:22:24 INFO SharedState: Warehouse path is 'file:/tmp/dolphinscheduler/exec/process/default/13010050770016/13201021801792_112/582/1471/spark-warehouse'.
[INFO] 2024-04-24 11:22:29.326 +0800 -  -> 
	24/04/24 11:22:28 INFO CodeGenerator: Code generated in 341.666952 ms
	24/04/24 11:22:29 INFO FileInputFormat: Total input files to process : 1
	24/04/24 11:22:29 INFO FileInputFormat: Total input files to process : 1
	24/04/24 11:22:29 INFO SparkContext: Starting job: json at NativeMethodAccessorImpl.java:0
	24/04/24 11:22:29 INFO DAGScheduler: Got job 0 (json at NativeMethodAccessorImpl.java:0) with 1 output partitions
	24/04/24 11:22:29 INFO DAGScheduler: Final stage: ResultStage 0 (json at NativeMethodAccessorImpl.java:0)
	24/04/24 11:22:29 INFO DAGScheduler: Parents of final stage: List()
	24/04/24 11:22:29 INFO DAGScheduler: Missing parents: List()
	24/04/24 11:22:29 INFO DAGScheduler: Submitting ResultStage 0 (MapPartitionsRDD[7] at json at NativeMethodAccessorImpl.java:0), which has no missing parents
	24/04/24 11:22:29 INFO MemoryStore: Block broadcast_1 stored as values in memory (estimated size 28.8 KiB, free 365.9 MiB)
	24/04/24 11:22:29 INFO MemoryStore: Block broadcast_1_piece0 stored as bytes in memory (estimated size 12.3 KiB, free 365.9 MiB)
	24/04/24 11:22:29 INFO BlockManagerInfo: Added broadcast_1_piece0 in memory on 6b0330d1bc18:36037 (size: 12.3 KiB, free: 366.3 MiB)
	24/04/24 11:22:29 INFO SparkContext: Created broadcast 1 from broadcast at DAGScheduler.scala:1585
	24/04/24 11:22:29 INFO DAGScheduler: Submitting 1 missing tasks from ResultStage 0 (MapPartitionsRDD[7] at json at NativeMethodAccessorImpl.java:0) (first 15 tasks are for partitions Vector(0))
	24/04/24 11:22:29 INFO TaskSchedulerImpl: Adding task set 0.0 with 1 tasks resource profile 0
[INFO] 2024-04-24 11:22:30.329 +0800 -  -> 
	24/04/24 11:22:29 INFO TaskSetManager: Starting task 0.0 in stage 0.0 (TID 0) (6b0330d1bc18, executor driver, partition 0, PROCESS_LOCAL, 10558 bytes) 
	24/04/24 11:22:29 INFO Executor: Running task 0.0 in stage 0.0 (TID 0)
	24/04/24 11:22:29 INFO WholeTextFileRDD: Input split: Paths:/tmp/spark-bc2685de-016a-420a-907b-6bb13e247a8a/userFiles-2844ae54-ed38-43f9-8e4c-aaca279cf2c4/500-20240423.json:0+147333
[INFO] 2024-04-24 11:22:31.340 +0800 -  -> 
	24/04/24 11:22:30 INFO CodeGenerator: Code generated in 62.795531 ms
	24/04/24 11:22:30 INFO PythonRunner: Times: total = 644, boot = 447, init = 183, finish = 14
	24/04/24 11:22:30 INFO Executor: Finished task 0.0 in stage 0.0 (TID 0). 2947 bytes result sent to driver
	24/04/24 11:22:30 INFO TaskSetManager: Finished task 0.0 in stage 0.0 (TID 0) in 1113 ms on 6b0330d1bc18 (executor driver) (1/1)
	24/04/24 11:22:30 INFO TaskSchedulerImpl: Removed TaskSet 0.0, whose tasks have all completed, from pool 
	24/04/24 11:22:30 INFO PythonAccumulatorV2: Connected to AccumulatorServer at host: 127.0.0.1 port: 50759
	24/04/24 11:22:30 INFO DAGScheduler: ResultStage 0 (json at NativeMethodAccessorImpl.java:0) finished in 1.363 s
	24/04/24 11:22:30 INFO DAGScheduler: Job 0 is finished. Cancelling potential speculative or zombie tasks for this job
	24/04/24 11:22:30 INFO TaskSchedulerImpl: Killing all running tasks in stage 0: Stage finished
	24/04/24 11:22:30 INFO DAGScheduler: Job 0 finished: json at NativeMethodAccessorImpl.java:0, took 1.479358 s
	
	
	
	 1 
	
	
	
	
	
	
	 2 
	
	
	
	24/04/24 11:22:30 INFO BlockManagerInfo: Removed broadcast_1_piece0 on 6b0330d1bc18:36037 in memory (size: 12.3 KiB, free: 366.3 MiB)
	
	
	
	 3 
	
	
	
	
	
	
	 4 
	
	
	
[INFO] 2024-04-24 11:22:32.343 +0800 -  -> 
	24/04/24 11:22:31 INFO CodeGenerator: Code generated in 41.7212 ms
	24/04/24 11:22:31 INFO CodeGenerator: Code generated in 14.742538 ms
	24/04/24 11:22:32 INFO SparkContext: Starting job: collect at /tmp/dolphinscheduler/exec/process/default/13010050770016/13201021801792_112/582/1471/spark_reddit_preprocessing.py:84
	24/04/24 11:22:32 INFO DAGScheduler: Got job 1 (collect at /tmp/dolphinscheduler/exec/process/default/13010050770016/13201021801792_112/582/1471/spark_reddit_preprocessing.py:84) with 1 output partitions
	24/04/24 11:22:32 INFO DAGScheduler: Final stage: ResultStage 1 (collect at /tmp/dolphinscheduler/exec/process/default/13010050770016/13201021801792_112/582/1471/spark_reddit_preprocessing.py:84)
	24/04/24 11:22:32 INFO DAGScheduler: Parents of final stage: List()
	24/04/24 11:22:32 INFO DAGScheduler: Missing parents: List()
	24/04/24 11:22:32 INFO DAGScheduler: Submitting ResultStage 1 (MapPartitionsRDD[19] at toJavaRDD at NativeMethodAccessorImpl.java:0), which has no missing parents
	24/04/24 11:22:32 INFO MemoryStore: Block broadcast_2 stored as values in memory (estimated size 68.1 KiB, free 365.9 MiB)
	24/04/24 11:22:32 INFO MemoryStore: Block broadcast_2_piece0 stored as bytes in memory (estimated size 25.3 KiB, free 365.8 MiB)
	24/04/24 11:22:32 INFO BlockManagerInfo: Added broadcast_2_piece0 in memory on 6b0330d1bc18:36037 (size: 25.3 KiB, free: 366.2 MiB)
	24/04/24 11:22:32 INFO SparkContext: Created broadcast 2 from broadcast at DAGScheduler.scala:1585
	24/04/24 11:22:32 INFO DAGScheduler: Submitting 1 missing tasks from ResultStage 1 (MapPartitionsRDD[19] at toJavaRDD at NativeMethodAccessorImpl.java:0) (first 15 tasks are for partitions Vector(0))
	24/04/24 11:22:32 INFO TaskSchedulerImpl: Adding task set 1.0 with 1 tasks resource profile 0
	24/04/24 11:22:32 INFO TaskSetManager: Starting task 0.0 in stage 1.0 (TID 1) (6b0330d1bc18, executor driver, partition 0, PROCESS_LOCAL, 10558 bytes) 
	24/04/24 11:22:32 INFO Executor: Running task 0.0 in stage 1.0 (TID 1)
[INFO] 2024-04-24 11:22:33.351 +0800 -  -> 
	24/04/24 11:22:32 INFO WholeTextFileRDD: Input split: Paths:/tmp/spark-bc2685de-016a-420a-907b-6bb13e247a8a/userFiles-2844ae54-ed38-43f9-8e4c-aaca279cf2c4/500-20240423.json:0+147333
	24/04/24 11:22:32 INFO CodeGenerator: Code generated in 59.907165 ms
	24/04/24 11:22:33 INFO CodeGenerator: Code generated in 86.199904 ms
[INFO] 2024-04-24 11:22:34.362 +0800 -  -> 
	24/04/24 11:22:34 INFO CodeGenerator: Code generated in 20.225838 ms
	24/04/24 11:22:34 INFO CodeGenerator: Code generated in 39.47987 ms
	24/04/24 11:22:34 INFO PythonRunner: Times: total = 427, boot = -2203, init = 2562, finish = 68
	24/04/24 11:22:34 INFO CodeGenerator: Code generated in 21.134869 ms
	24/04/24 11:22:34 INFO CodeGenerator: Code generated in 50.459464 ms
[INFO] 2024-04-24 11:22:35.364 +0800 -  -> 
	24/04/24 11:22:34 INFO PythonUDFRunner: Times: total = 1010, boot = 874, init = 135, finish = 1
	24/04/24 11:22:34 INFO Executor: Finished task 0.0 in stage 1.0 (TID 1). 135926 bytes result sent to driver
	24/04/24 11:22:34 INFO TaskSetManager: Finished task 0.0 in stage 1.0 (TID 1) in 2096 ms on 6b0330d1bc18 (executor driver) (1/1)
	24/04/24 11:22:34 INFO TaskSchedulerImpl: Removed TaskSet 1.0, whose tasks have all completed, from pool 
	24/04/24 11:22:34 INFO DAGScheduler: ResultStage 1 (collect at /tmp/dolphinscheduler/exec/process/default/13010050770016/13201021801792_112/582/1471/spark_reddit_preprocessing.py:84) finished in 2.225 s
	24/04/24 11:22:34 INFO DAGScheduler: Job 1 is finished. Cancelling potential speculative or zombie tasks for this job
	24/04/24 11:22:34 INFO TaskSchedulerImpl: Killing all running tasks in stage 1: Stage finished
	24/04/24 11:22:34 INFO DAGScheduler: Job 1 finished: collect at /tmp/dolphinscheduler/exec/process/default/13010050770016/13201021801792_112/582/1471/spark_reddit_preprocessing.py:84, took 2.271928 s
	24/04/24 11:22:34 INFO CodeGenerator: Code generated in 7.200507 ms
	24/04/24 11:22:34 INFO SparkContext: Starting job: save at NativeMethodAccessorImpl.java:0
	24/04/24 11:22:34 INFO DAGScheduler: Got job 2 (save at NativeMethodAccessorImpl.java:0) with 1 output partitions
	24/04/24 11:22:34 INFO DAGScheduler: Final stage: ResultStage 2 (save at NativeMethodAccessorImpl.java:0)
	24/04/24 11:22:34 INFO DAGScheduler: Parents of final stage: List()
	24/04/24 11:22:34 INFO DAGScheduler: Missing parents: List()
	24/04/24 11:22:34 INFO DAGScheduler: Submitting ResultStage 2 (SQLExecutionRDD[26] at save at NativeMethodAccessorImpl.java:0), which has no missing parents
	24/04/24 11:22:34 INFO MemoryStore: Block broadcast_3 stored as values in memory (estimated size 21.7 KiB, free 365.8 MiB)
	24/04/24 11:22:34 INFO MemoryStore: Block broadcast_3_piece0 stored as bytes in memory (estimated size 9.2 KiB, free 365.8 MiB)
	24/04/24 11:22:34 INFO BlockManagerInfo: Added broadcast_3_piece0 in memory on 6b0330d1bc18:36037 (size: 9.2 KiB, free: 366.2 MiB)
	24/04/24 11:22:34 INFO SparkContext: Created broadcast 3 from broadcast at DAGScheduler.scala:1585
	24/04/24 11:22:34 INFO DAGScheduler: Submitting 1 missing tasks from ResultStage 2 (SQLExecutionRDD[26] at save at NativeMethodAccessorImpl.java:0) (first 15 tasks are for partitions Vector(0))
	24/04/24 11:22:34 INFO TaskSchedulerImpl: Adding task set 2.0 with 1 tasks resource profile 0
	24/04/24 11:22:34 INFO TaskSetManager: Starting task 0.0 in stage 2.0 (TID 2) (6b0330d1bc18, executor driver, partition 0, PROCESS_LOCAL, 11577 bytes) 
	24/04/24 11:22:34 INFO Executor: Running task 0.0 in stage 2.0 (TID 2)
	24/04/24 11:22:34 INFO CodeGenerator: Code generated in 5.524715 ms
	24/04/24 11:22:35 INFO CodeGenerator: Code generated in 9.615466 ms
	24/04/24 11:22:35 INFO ProducerConfig: ProducerConfig values: 
		acks = -1
		auto.include.jmx.reporter = true
		batch.size = 16384
		bootstrap.servers = [kafka:9092]
		buffer.memory = 33554432
		client.dns.lookup = use_all_dns_ips
		client.id = producer-1
		compression.type = none
		connections.max.idle.ms = 540000
		delivery.timeout.ms = 120000
		enable.idempotence = true
		interceptor.classes = []
		key.serializer = class org.apache.kafka.common.serialization.ByteArraySerializer
		linger.ms = 0
		max.block.ms = 60000
		max.in.flight.requests.per.connection = 5
		max.request.size = 1048576
		metadata.max.age.ms = 300000
		metadata.max.idle.ms = 300000
		metric.reporters = []
		metrics.num.samples = 2
		metrics.recording.level = INFO
		metrics.sample.window.ms = 30000
		partitioner.adaptive.partitioning.enable = true
		partitioner.availability.timeout.ms = 0
		partitioner.class = null
		partitioner.ignore.keys = false
		receive.buffer.bytes = 32768
		reconnect.backoff.max.ms = 1000
		reconnect.backoff.ms = 50
		request.timeout.ms = 30000
		retries = 2147483647
		retry.backoff.ms = 100
		sasl.client.callback.handler.class = null
		sasl.jaas.config = null
		sasl.kerberos.kinit.cmd = /usr/bin/kinit
		sasl.kerberos.min.time.before.relogin = 60000
		sasl.kerberos.service.name = null
		sasl.kerberos.ticket.renew.jitter = 0.05
		sasl.kerberos.ticket.renew.window.factor = 0.8
		sasl.login.callback.handler.class = null
		sasl.login.class = null
		sasl.login.connect.timeout.ms = null
		sasl.login.read.timeout.ms = null
		sasl.login.refresh.buffer.seconds = 300
		sasl.login.refresh.min.period.seconds = 60
		sasl.login.refresh.window.factor = 0.8
		sasl.login.refresh.window.jitter = 0.05
		sasl.login.retry.backoff.max.ms = 10000
		sasl.login.retry.backoff.ms = 100
		sasl.mechanism = GSSAPI
		sasl.oauthbearer.clock.skew.seconds = 30
		sasl.oauthbearer.expected.audience = null
		sasl.oauthbearer.expected.issuer = null
		sasl.oauthbearer.jwks.endpoint.refresh.ms = 3600000
		sasl.oauthbearer.jwks.endpoint.retry.backoff.max.ms = 10000
		sasl.oauthbearer.jwks.endpoint.retry.backoff.ms = 100
		sasl.oauthbearer.jwks.endpoint.url = null
		sasl.oauthbearer.scope.claim.name = scope
		sasl.oauthbearer.sub.claim.name = sub
		sasl.oauthbearer.token.endpoint.url = null
		security.protocol = PLAINTEXT
		security.providers = null
		send.buffer.bytes = 131072
		socket.connection.setup.timeout.max.ms = 30000
		socket.connection.setup.timeout.ms = 10000
		ssl.cipher.suites = null
		ssl.enabled.protocols = [TLSv1.2]
		ssl.endpoint.identification.algorithm = https
		ssl.engine.factory.class = null
		ssl.key.password = null
		ssl.keymanager.algorithm = SunX509
		ssl.keystore.certificate.chain = null
		ssl.keystore.key = null
		ssl.keystore.location = null
		ssl.keystore.password = null
		ssl.keystore.type = JKS
		ssl.protocol = TLSv1.2
		ssl.provider = null
		ssl.secure.random.implementation = null
		ssl.trustmanager.algorithm = PKIX
		ssl.truststore.certificates = null
		ssl.truststore.location = null
		ssl.truststore.password = null
		ssl.truststore.type = JKS
		transaction.timeout.ms = 60000
		transactional.id = null
		value.serializer = class org.apache.kafka.common.serialization.ByteArraySerializer
	
	24/04/24 11:22:35 INFO KafkaProducer: [Producer clientId=producer-1] Instantiated an idempotent producer.
	24/04/24 11:22:35 INFO AppInfoParser: Kafka version: 3.4.1
	24/04/24 11:22:35 INFO AppInfoParser: Kafka commitId: 8a516edc2755df89
	24/04/24 11:22:35 INFO AppInfoParser: Kafka startTimeMs: 1713928955160
[INFO] 2024-04-24 11:22:36.366 +0800 -  -> 
	24/04/24 11:22:35 INFO BlockManagerInfo: Removed broadcast_2_piece0 on 6b0330d1bc18:36037 in memory (size: 25.3 KiB, free: 366.3 MiB)
	24/04/24 11:22:35 INFO Metadata: [Producer clientId=producer-1] Resetting the last seen epoch of partition reddit_preprocessed-0 to 0 since the associated topicId changed from null to DgmOLtAzSgqCCNpqYUj5ng
	24/04/24 11:22:35 INFO Metadata: [Producer clientId=producer-1] Cluster ID: L4eea4e_RqemEIkj6Jy59w
	24/04/24 11:22:35 INFO TransactionManager: [Producer clientId=producer-1] ProducerId set to 2 with epoch 0
	24/04/24 11:22:35 INFO PythonRunner: Times: total = 80, boot = -1926, init = 2006, finish = 0
	24/04/24 11:22:35 INFO Executor: Finished task 0.0 in stage 2.0 (TID 2). 1796 bytes result sent to driver
	24/04/24 11:22:35 INFO TaskSetManager: Finished task 0.0 in stage 2.0 (TID 2) in 1034 ms on 6b0330d1bc18 (executor driver) (1/1)
	24/04/24 11:22:35 INFO TaskSchedulerImpl: Removed TaskSet 2.0, whose tasks have all completed, from pool 
	24/04/24 11:22:35 INFO DAGScheduler: ResultStage 2 (save at NativeMethodAccessorImpl.java:0) finished in 1.052 s
	24/04/24 11:22:35 INFO DAGScheduler: Job 2 is finished. Cancelling potential speculative or zombie tasks for this job
	24/04/24 11:22:35 INFO TaskSchedulerImpl: Killing all running tasks in stage 2: Stage finished
	24/04/24 11:22:35 INFO DAGScheduler: Job 2 finished: save at NativeMethodAccessorImpl.java:0, took 1.068847 s
	24/04/24 11:22:36 INFO SparkContext: Starting job: save at NativeMethodAccessorImpl.java:0
	24/04/24 11:22:36 INFO DAGScheduler: Got job 3 (save at NativeMethodAccessorImpl.java:0) with 1 output partitions
	24/04/24 11:22:36 INFO DAGScheduler: Final stage: ResultStage 3 (save at NativeMethodAccessorImpl.java:0)
	24/04/24 11:22:36 INFO DAGScheduler: Parents of final stage: List()
	24/04/24 11:22:36 INFO DAGScheduler: Missing parents: List()
	24/04/24 11:22:36 INFO DAGScheduler: Submitting ResultStage 3 (SQLExecutionRDD[33] at save at NativeMethodAccessorImpl.java:0), which has no missing parents
	24/04/24 11:22:36 INFO MemoryStore: Block broadcast_4 stored as values in memory (estimated size 21.7 KiB, free 365.9 MiB)
	24/04/24 11:22:36 INFO MemoryStore: Block broadcast_4_piece0 stored as bytes in memory (estimated size 9.2 KiB, free 365.9 MiB)
	24/04/24 11:22:36 INFO BlockManagerInfo: Added broadcast_4_piece0 in memory on 6b0330d1bc18:36037 (size: 9.2 KiB, free: 366.3 MiB)
	24/04/24 11:22:36 INFO SparkContext: Created broadcast 4 from broadcast at DAGScheduler.scala:1585
	24/04/24 11:22:36 INFO DAGScheduler: Submitting 1 missing tasks from ResultStage 3 (SQLExecutionRDD[33] at save at NativeMethodAccessorImpl.java:0) (first 15 tasks are for partitions Vector(0))
	24/04/24 11:22:36 INFO TaskSchedulerImpl: Adding task set 3.0 with 1 tasks resource profile 0
	24/04/24 11:22:36 INFO TaskSetManager: Starting task 0.0 in stage 3.0 (TID 3) (6b0330d1bc18, executor driver, partition 0, PROCESS_LOCAL, 10868 bytes) 
	24/04/24 11:22:36 INFO Executor: Running task 0.0 in stage 3.0 (TID 3)
	24/04/24 11:22:36 INFO PythonRunner: Times: total = 121, boot = -1064, init = 1185, finish = 0
	24/04/24 11:22:36 INFO Executor: Finished task 0.0 in stage 3.0 (TID 3). 1710 bytes result sent to driver
	24/04/24 11:22:36 INFO TaskSetManager: Finished task 0.0 in stage 3.0 (TID 3) in 161 ms on 6b0330d1bc18 (executor driver) (1/1)
	24/04/24 11:22:36 INFO TaskSchedulerImpl: Removed TaskSet 3.0, whose tasks have all completed, from pool 
	24/04/24 11:22:36 INFO DAGScheduler: ResultStage 3 (save at NativeMethodAccessorImpl.java:0) finished in 0.182 s
	24/04/24 11:22:36 INFO DAGScheduler: Job 3 is finished. Cancelling potential speculative or zombie tasks for this job
	24/04/24 11:22:36 INFO TaskSchedulerImpl: Killing all running tasks in stage 3: Stage finished
	24/04/24 11:22:36 INFO DAGScheduler: Job 3 finished: save at NativeMethodAccessorImpl.java:0, took 0.203913 s
[INFO] 2024-04-24 11:22:37.369 +0800 -  -> 
	24/04/24 11:22:36 INFO SparkContext: Starting job: save at NativeMethodAccessorImpl.java:0
	24/04/24 11:22:36 INFO DAGScheduler: Got job 4 (save at NativeMethodAccessorImpl.java:0) with 1 output partitions
	24/04/24 11:22:36 INFO DAGScheduler: Final stage: ResultStage 4 (save at NativeMethodAccessorImpl.java:0)
	24/04/24 11:22:36 INFO DAGScheduler: Parents of final stage: List()
	24/04/24 11:22:36 INFO DAGScheduler: Missing parents: List()
	24/04/24 11:22:36 INFO DAGScheduler: Submitting ResultStage 4 (SQLExecutionRDD[40] at save at NativeMethodAccessorImpl.java:0), which has no missing parents
	24/04/24 11:22:36 INFO MemoryStore: Block broadcast_5 stored as values in memory (estimated size 21.7 KiB, free 365.8 MiB)
	24/04/24 11:22:36 INFO MemoryStore: Block broadcast_5_piece0 stored as bytes in memory (estimated size 9.2 KiB, free 365.8 MiB)
	24/04/24 11:22:36 INFO BlockManagerInfo: Added broadcast_5_piece0 in memory on 6b0330d1bc18:36037 (size: 9.2 KiB, free: 366.2 MiB)
	24/04/24 11:22:36 INFO SparkContext: Created broadcast 5 from broadcast at DAGScheduler.scala:1585
	24/04/24 11:22:36 INFO DAGScheduler: Submitting 1 missing tasks from ResultStage 4 (SQLExecutionRDD[40] at save at NativeMethodAccessorImpl.java:0) (first 15 tasks are for partitions Vector(0))
	24/04/24 11:22:36 INFO TaskSchedulerImpl: Adding task set 4.0 with 1 tasks resource profile 0
	24/04/24 11:22:36 INFO TaskSetManager: Starting task 0.0 in stage 4.0 (TID 4) (6b0330d1bc18, executor driver, partition 0, PROCESS_LOCAL, 10770 bytes) 
	24/04/24 11:22:36 INFO Executor: Running task 0.0 in stage 4.0 (TID 4)
	24/04/24 11:22:36 INFO PythonRunner: Times: total = 81, boot = -192, init = 273, finish = 0
	24/04/24 11:22:36 INFO Executor: Finished task 0.0 in stage 4.0 (TID 4). 1710 bytes result sent to driver
	24/04/24 11:22:36 INFO TaskSetManager: Finished task 0.0 in stage 4.0 (TID 4) in 117 ms on 6b0330d1bc18 (executor driver) (1/1)
	24/04/24 11:22:36 INFO TaskSchedulerImpl: Removed TaskSet 4.0, whose tasks have all completed, from pool 
	24/04/24 11:22:36 INFO DAGScheduler: ResultStage 4 (save at NativeMethodAccessorImpl.java:0) finished in 0.145 s
	24/04/24 11:22:36 INFO DAGScheduler: Job 4 is finished. Cancelling potential speculative or zombie tasks for this job
	24/04/24 11:22:36 INFO TaskSchedulerImpl: Killing all running tasks in stage 4: Stage finished
	24/04/24 11:22:36 INFO DAGScheduler: Job 4 finished: save at NativeMethodAccessorImpl.java:0, took 0.180117 s
	24/04/24 11:22:36 INFO SparkContext: Starting job: save at NativeMethodAccessorImpl.java:0
	24/04/24 11:22:36 INFO DAGScheduler: Got job 5 (save at NativeMethodAccessorImpl.java:0) with 1 output partitions
	24/04/24 11:22:36 INFO DAGScheduler: Final stage: ResultStage 5 (save at NativeMethodAccessorImpl.java:0)
	24/04/24 11:22:36 INFO DAGScheduler: Parents of final stage: List()
	24/04/24 11:22:36 INFO DAGScheduler: Missing parents: List()
	24/04/24 11:22:36 INFO DAGScheduler: Submitting ResultStage 5 (SQLExecutionRDD[47] at save at NativeMethodAccessorImpl.java:0), which has no missing parents
	24/04/24 11:22:36 INFO MemoryStore: Block broadcast_6 stored as values in memory (estimated size 21.7 KiB, free 365.8 MiB)
	24/04/24 11:22:36 INFO MemoryStore: Block broadcast_6_piece0 stored as bytes in memory (estimated size 9.2 KiB, free 365.8 MiB)
	24/04/24 11:22:36 INFO BlockManagerInfo: Added broadcast_6_piece0 in memory on 6b0330d1bc18:36037 (size: 9.2 KiB, free: 366.2 MiB)
	24/04/24 11:22:36 INFO SparkContext: Created broadcast 6 from broadcast at DAGScheduler.scala:1585
	24/04/24 11:22:36 INFO DAGScheduler: Submitting 1 missing tasks from ResultStage 5 (SQLExecutionRDD[47] at save at NativeMethodAccessorImpl.java:0) (first 15 tasks are for partitions Vector(0))
	24/04/24 11:22:36 INFO TaskSchedulerImpl: Adding task set 5.0 with 1 tasks resource profile 0
	24/04/24 11:22:36 INFO TaskSetManager: Starting task 0.0 in stage 5.0 (TID 5) (6b0330d1bc18, executor driver, partition 0, PROCESS_LOCAL, 10847 bytes) 
	24/04/24 11:22:36 INFO Executor: Running task 0.0 in stage 5.0 (TID 5)
	24/04/24 11:22:36 INFO PythonRunner: Times: total = 147, boot = -223, init = 370, finish = 0
	24/04/24 11:22:36 INFO Executor: Finished task 0.0 in stage 5.0 (TID 5). 1710 bytes result sent to driver
	24/04/24 11:22:36 INFO TaskSetManager: Finished task 0.0 in stage 5.0 (TID 5) in 174 ms on 6b0330d1bc18 (executor driver) (1/1)
	24/04/24 11:22:36 INFO TaskSchedulerImpl: Removed TaskSet 5.0, whose tasks have all completed, from pool 
	24/04/24 11:22:36 INFO DAGScheduler: ResultStage 5 (save at NativeMethodAccessorImpl.java:0) finished in 0.222 s
	24/04/24 11:22:36 INFO DAGScheduler: Job 5 is finished. Cancelling potential speculative or zombie tasks for this job
	24/04/24 11:22:36 INFO TaskSchedulerImpl: Killing all running tasks in stage 5: Stage finished
	24/04/24 11:22:36 INFO DAGScheduler: Job 5 finished: save at NativeMethodAccessorImpl.java:0, took 0.238274 s
	24/04/24 11:22:37 INFO SparkContext: Starting job: save at NativeMethodAccessorImpl.java:0
	24/04/24 11:22:37 INFO DAGScheduler: Got job 6 (save at NativeMethodAccessorImpl.java:0) with 1 output partitions
	24/04/24 11:22:37 INFO DAGScheduler: Final stage: ResultStage 6 (save at NativeMethodAccessorImpl.java:0)
	24/04/24 11:22:37 INFO DAGScheduler: Parents of final stage: List()
	24/04/24 11:22:37 INFO DAGScheduler: Missing parents: List()
	24/04/24 11:22:37 INFO DAGScheduler: Submitting ResultStage 6 (SQLExecutionRDD[54] at save at NativeMethodAccessorImpl.java:0), which has no missing parents
	24/04/24 11:22:37 INFO MemoryStore: Block broadcast_7 stored as values in memory (estimated size 21.7 KiB, free 365.8 MiB)
	24/04/24 11:22:37 INFO MemoryStore: Block broadcast_7_piece0 stored as bytes in memory (estimated size 9.2 KiB, free 365.8 MiB)
	24/04/24 11:22:37 INFO BlockManagerInfo: Added broadcast_7_piece0 in memory on 6b0330d1bc18:36037 (size: 9.2 KiB, free: 366.2 MiB)
	24/04/24 11:22:37 INFO SparkContext: Created broadcast 7 from broadcast at DAGScheduler.scala:1585
	24/04/24 11:22:37 INFO DAGScheduler: Submitting 1 missing tasks from ResultStage 6 (SQLExecutionRDD[54] at save at NativeMethodAccessorImpl.java:0) (first 15 tasks are for partitions Vector(0))
	24/04/24 11:22:37 INFO TaskSchedulerImpl: Adding task set 6.0 with 1 tasks resource profile 0
	24/04/24 11:22:37 INFO TaskSetManager: Starting task 0.0 in stage 6.0 (TID 6) (6b0330d1bc18, executor driver, partition 0, PROCESS_LOCAL, 11034 bytes) 
	24/04/24 11:22:37 INFO Executor: Running task 0.0 in stage 6.0 (TID 6)
	24/04/24 11:22:37 INFO PythonRunner: Times: total = 86, boot = -134, init = 219, finish = 1
	24/04/24 11:22:37 INFO Executor: Finished task 0.0 in stage 6.0 (TID 6). 1710 bytes result sent to driver
	24/04/24 11:22:37 INFO TaskSetManager: Finished task 0.0 in stage 6.0 (TID 6) in 113 ms on 6b0330d1bc18 (executor driver) (1/1)
	24/04/24 11:22:37 INFO TaskSchedulerImpl: Removed TaskSet 6.0, whose tasks have all completed, from pool 
	24/04/24 11:22:37 INFO DAGScheduler: ResultStage 6 (save at NativeMethodAccessorImpl.java:0) finished in 0.127 s
	24/04/24 11:22:37 INFO DAGScheduler: Job 6 is finished. Cancelling potential speculative or zombie tasks for this job
	24/04/24 11:22:37 INFO TaskSchedulerImpl: Killing all running tasks in stage 6: Stage finished
	24/04/24 11:22:37 INFO DAGScheduler: Job 6 finished: save at NativeMethodAccessorImpl.java:0, took 0.145170 s
	24/04/24 11:22:37 INFO SparkContext: Invoking stop() from shutdown hook
	24/04/24 11:22:37 INFO SparkContext: SparkContext is stopping with exitCode 0.
	24/04/24 11:22:37 INFO SparkUI: Stopped Spark web UI at http://6b0330d1bc18:4040
[INFO] 2024-04-24 11:22:38.388 +0800 -  -> 
	24/04/24 11:22:37 INFO MapOutputTrackerMasterEndpoint: MapOutputTrackerMasterEndpoint stopped!
	24/04/24 11:22:37 INFO MemoryStore: MemoryStore cleared
	24/04/24 11:22:37 INFO BlockManager: BlockManager stopped
	24/04/24 11:22:37 INFO BlockManagerMaster: BlockManagerMaster stopped
	24/04/24 11:22:37 INFO OutputCommitCoordinator$OutputCommitCoordinatorEndpoint: OutputCommitCoordinator stopped!
	24/04/24 11:22:37 INFO SparkContext: Successfully stopped SparkContext
	24/04/24 11:22:37 INFO ShutdownHookManager: Shutdown hook called
	24/04/24 11:22:37 INFO ShutdownHookManager: Deleting directory /tmp/spark-bc2685de-016a-420a-907b-6bb13e247a8a
	24/04/24 11:22:37 INFO ShutdownHookManager: Deleting directory /tmp/spark-bc2685de-016a-420a-907b-6bb13e247a8a/pyspark-02f4ad9c-8ee2-4a17-bf9e-6298f723c7b8
	24/04/24 11:22:37 INFO ShutdownHookManager: Deleting directory /tmp/spark-08b5dd39-e11e-4aac-9cb3-7465e653b137
[INFO] 2024-04-24 11:22:38.389 +0800 - process has exited. execute path:/tmp/dolphinscheduler/exec/process/default/13010050770016/13201021801792_112/582/1471, processId:2444 ,exitStatusCode:0 ,processWaitForStatus:true ,processExitValue:0
[INFO] 2024-04-24 11:22:38.391 +0800 - ***********************************************************************************************
[INFO] 2024-04-24 11:22:38.391 +0800 - *********************************  Finalize task instance  ************************************
[INFO] 2024-04-24 11:22:38.392 +0800 - ***********************************************************************************************
[INFO] 2024-04-24 11:22:38.392 +0800 - Upload output files: [] successfully
[INFO] 2024-04-24 11:22:38.396 +0800 - Send task execute status: SUCCESS to master : 172.18.1.1:1234
[INFO] 2024-04-24 11:22:38.396 +0800 - Remove the current task execute context from worker cache
[INFO] 2024-04-24 11:22:38.399 +0800 - The current execute mode isn't develop mode, will clear the task execute file: /tmp/dolphinscheduler/exec/process/default/13010050770016/13201021801792_112/582/1471
[INFO] 2024-04-24 11:22:38.399 +0800 - Success clear the task execute file: /tmp/dolphinscheduler/exec/process/default/13010050770016/13201021801792_112/582/1471
[INFO] 2024-04-24 11:22:38.400 +0800 - FINALIZE_SESSION
