[INFO] 2024-05-05 08:20:10.567 +0800 - ***********************************************************************************************
[INFO] 2024-05-05 08:20:10.570 +0800 - *********************************  Initialize task context  ***********************************
[INFO] 2024-05-05 08:20:10.571 +0800 - ***********************************************************************************************
[INFO] 2024-05-05 08:20:10.571 +0800 - Begin to initialize task
[INFO] 2024-05-05 08:20:10.571 +0800 - Set task startTime: 1714868410571
[INFO] 2024-05-05 08:20:10.571 +0800 - Set task appId: 994_3662
[INFO] 2024-05-05 08:20:10.571 +0800 - End initialize task {
  "taskInstanceId" : 3662,
  "taskName" : "consume filtered data",
  "firstSubmitTime" : 1714868410558,
  "startTime" : 1714868410571,
  "taskType" : "SHELL",
  "workflowInstanceHost" : "172.18.0.12:5678",
  "host" : "172.18.1.1:1234",
  "logPath" : "/opt/dolphinscheduler/logs/20240505/13426477386080/38/994/3662.log",
  "processId" : 0,
  "processDefineCode" : 13426477386080,
  "processDefineVersion" : 38,
  "processInstanceId" : 994,
  "scheduleTime" : 0,
  "globalParams" : "[{\"prop\":\"input_topic\",\"direct\":\"IN\",\"type\":\"VARCHAR\",\"value\":\"gnews_filtered\"}]",
  "executorId" : 1,
  "cmdTypeIfComplement" : 0,
  "tenantCode" : "default",
  "processDefineId" : 0,
  "projectId" : 0,
  "projectCode" : 13010050770016,
  "taskParams" : "{\"localParams\":[{\"prop\":\"filtered_data_message\",\"direct\":\"OUT\",\"type\":\"VARCHAR\",\"value\":\"\"}],\"rawScript\":\"# filtered_data_message = $(${KAFKA_HOME}/bin/kafka-console-consumer.sh \\\\\\n#     --bootstrap-server kafka:9092 \\\\\\n#     --topic ${input_topic} \\\\\\n#     --max-messages 1 \\\\\\n#     --from-beginning \\\\\\n#     --group filtered_data_consumer \\\\\\n#     --timeout-ms 15000)\\n\\n# echo \\\"#{setValue(filtered_data_message=${filtered_data_message})}\\\"\",\"resourceList\":[]}",
  "environmentConfig" : "export JAVA_HOME=/opt/java/openjdk\nexport KAFKA_HOME=/opt/kafka_2.13-3.7.0",
  "prepareParamsMap" : {
    "GNEWS_HOME" : {
      "prop" : "GNEWS_HOME",
      "direct" : "IN",
      "type" : "VARCHAR",
      "value" : "/local_storage/google_news"
    },
    "system.task.definition.name" : {
      "prop" : "system.task.definition.name",
      "direct" : "IN",
      "type" : "VARCHAR",
      "value" : "consume filtered data"
    },
    "system.project.name" : {
      "prop" : "system.project.name",
      "direct" : "IN",
      "type" : "VARCHAR",
      "value" : null
    },
    "REDDIT_HOME" : {
      "prop" : "REDDIT_HOME",
      "direct" : "IN",
      "type" : "VARCHAR",
      "value" : "/local_storage/reddit"
    },
    "input_topic" : {
      "prop" : "input_topic",
      "direct" : "IN",
      "type" : "VARCHAR",
      "value" : "gnews_filtered"
    },
    "system.biz.curdate" : {
      "prop" : "system.biz.curdate",
      "direct" : "IN",
      "type" : "VARCHAR",
      "value" : "20240505"
    },
    "system.task.instance.id" : {
      "prop" : "system.task.instance.id",
      "direct" : "IN",
      "type" : "VARCHAR",
      "value" : "3662"
    },
    "system.task.definition.code" : {
      "prop" : "system.task.definition.code",
      "direct" : "IN",
      "type" : "VARCHAR",
      "value" : "13433255983872"
    },
    "system.datetime" : {
      "prop" : "system.datetime",
      "direct" : "IN",
      "type" : "VARCHAR",
      "value" : "20240505082010"
    },
    "system.project.code" : {
      "prop" : "system.project.code",
      "direct" : "IN",
      "type" : "VARCHAR",
      "value" : "13010050770016"
    },
    "system.workflow.instance.id" : {
      "prop" : "system.workflow.instance.id",
      "direct" : "IN",
      "type" : "VARCHAR",
      "value" : "994"
    },
    "system.biz.date" : {
      "prop" : "system.biz.date",
      "direct" : "IN",
      "type" : "VARCHAR",
      "value" : "20240504"
    },
    "system.workflow.definition.name" : {
      "prop" : "system.workflow.definition.name",
      "direct" : "IN",
      "type" : "VARCHAR",
      "value" : "es_filtered_data_persistence_subprocess"
    },
    "system.workflow.definition.code" : {
      "prop" : "system.workflow.definition.code",
      "direct" : "IN",
      "type" : "VARCHAR",
      "value" : "13426477386080"
    }
  },
  "taskAppId" : "994_3662",
  "taskTimeout" : 2147483647,
  "workerGroup" : "default",
  "delayTime" : 0,
  "currentExecutionStatus" : "SUBMITTED_SUCCESS",
  "endTime" : 0,
  "dryRun" : 0,
  "paramsMap" : { },
  "cpuQuota" : -1,
  "memoryMax" : -1,
  "testFlag" : 0,
  "logBufferEnable" : false,
  "dispatchFailTimes" : 0
}
[INFO] 2024-05-05 08:20:10.572 +0800 - ***********************************************************************************************
[INFO] 2024-05-05 08:20:10.572 +0800 - *********************************  Load task instance plugin  *********************************
[INFO] 2024-05-05 08:20:10.572 +0800 - ***********************************************************************************************
[INFO] 2024-05-05 08:20:10.575 +0800 - Send task status RUNNING_EXECUTION master: 172.18.1.1:1234
[INFO] 2024-05-05 08:20:10.575 +0800 - TenantCode: default check successfully
[INFO] 2024-05-05 08:20:10.575 +0800 - WorkflowInstanceExecDir: /tmp/dolphinscheduler/exec/process/default/13010050770016/13426477386080_38/994/3662 check successfully
[INFO] 2024-05-05 08:20:10.575 +0800 - Create TaskChannel: org.apache.dolphinscheduler.plugin.task.shell.ShellTaskChannel successfully
[INFO] 2024-05-05 08:20:10.576 +0800 - Download resources successfully: 
ResourceContext(resourceItemMap={})
[INFO] 2024-05-05 08:20:10.576 +0800 - Download upstream files: [] successfully
[INFO] 2024-05-05 08:20:10.576 +0800 - Task plugin instance: SHELL create successfully
[INFO] 2024-05-05 08:20:10.577 +0800 - Initialize shell task params {
  "localParams" : [ {
    "prop" : "filtered_data_message",
    "direct" : "OUT",
    "type" : "VARCHAR",
    "value" : ""
  } ],
  "varPool" : null,
  "rawScript" : "# filtered_data_message = $(${KAFKA_HOME}/bin/kafka-console-consumer.sh \\\n#     --bootstrap-server kafka:9092 \\\n#     --topic ${input_topic} \\\n#     --max-messages 1 \\\n#     --from-beginning \\\n#     --group filtered_data_consumer \\\n#     --timeout-ms 15000)\n\n# echo \"#{setValue(filtered_data_message=${filtered_data_message})}\"",
  "resourceList" : [ ]
}
[INFO] 2024-05-05 08:20:10.577 +0800 - Success initialized task plugin instance successfully
[INFO] 2024-05-05 08:20:10.577 +0800 - Set taskVarPool: null successfully
[INFO] 2024-05-05 08:20:10.577 +0800 - ***********************************************************************************************
[INFO] 2024-05-05 08:20:10.577 +0800 - *********************************  Execute task instance  *************************************
[INFO] 2024-05-05 08:20:10.577 +0800 - ***********************************************************************************************
[INFO] 2024-05-05 08:20:10.578 +0800 - Final Shell file is: 
[INFO] 2024-05-05 08:20:10.578 +0800 - ****************************** Script Content *****************************************************************
[INFO] 2024-05-05 08:20:10.578 +0800 - #!/bin/bash
BASEDIR=$(cd `dirname $0`; pwd)
cd $BASEDIR
export JAVA_HOME=/opt/java/openjdk
export KAFKA_HOME=/opt/kafka_2.13-3.7.0
# filtered_data_message = $(${KAFKA_HOME}/bin/kafka-console-consumer.sh \
#     --bootstrap-server kafka:9092 \
#     --topic gnews_filtered \
#     --max-messages 1 \
#     --from-beginning \
#     --group filtered_data_consumer \
#     --timeout-ms 15000)

# echo "#{setValue(filtered_data_message=${filtered_data_message})}"
[INFO] 2024-05-05 08:20:10.578 +0800 - ****************************** Script Content *****************************************************************
[INFO] 2024-05-05 08:20:10.578 +0800 - Executing shell command : sudo -u default -i /tmp/dolphinscheduler/exec/process/default/13010050770016/13426477386080_38/994/3662/994_3662.sh
[INFO] 2024-05-05 08:20:10.586 +0800 - process start, process id is: 3902
[INFO] 2024-05-05 08:20:11.588 +0800 -  -> 
	sudo: unable to change directory to /home/default: No such file or directory
[INFO] 2024-05-05 08:20:11.591 +0800 - process has exited. execute path:/tmp/dolphinscheduler/exec/process/default/13010050770016/13426477386080_38/994/3662, processId:3902 ,exitStatusCode:0 ,processWaitForStatus:true ,processExitValue:0
[INFO] 2024-05-05 08:20:11.591 +0800 - ***********************************************************************************************
[INFO] 2024-05-05 08:20:11.591 +0800 - *********************************  Finalize task instance  ************************************
[INFO] 2024-05-05 08:20:11.591 +0800 - ***********************************************************************************************
[INFO] 2024-05-05 08:20:11.591 +0800 - Upload output files: [] successfully
[INFO] 2024-05-05 08:20:11.619 +0800 - Send task execute status: SUCCESS to master : 172.18.1.1:1234
[INFO] 2024-05-05 08:20:11.619 +0800 - Remove the current task execute context from worker cache
[INFO] 2024-05-05 08:20:11.619 +0800 - The current execute mode isn't develop mode, will clear the task execute file: /tmp/dolphinscheduler/exec/process/default/13010050770016/13426477386080_38/994/3662
[INFO] 2024-05-05 08:20:11.621 +0800 - Success clear the task execute file: /tmp/dolphinscheduler/exec/process/default/13010050770016/13426477386080_38/994/3662
[INFO] 2024-05-05 08:20:11.624 +0800 - FINALIZE_SESSION
