[INFO] 2024-04-17 16:11:05.221 +0800 - ***********************************************************************************************
[INFO] 2024-04-17 16:11:05.222 +0800 - *********************************  Initialize task context  ***********************************
[INFO] 2024-04-17 16:11:05.222 +0800 - ***********************************************************************************************
[INFO] 2024-04-17 16:11:05.222 +0800 - Begin to initialize task
[INFO] 2024-04-17 16:11:05.222 +0800 - Set task startTime: 1713341465222
[INFO] 2024-04-17 16:11:05.223 +0800 - Set task appId: 301_662
[INFO] 2024-04-17 16:11:05.224 +0800 - End initialize task {
  "taskInstanceId" : 662,
  "taskName" : "sum of numbers python",
  "firstSubmitTime" : 1713341465210,
  "startTime" : 1713341465222,
  "taskType" : "PYTHON",
  "workflowInstanceHost" : "172.27.0.8:5678",
  "host" : "172.27.0.12:1234",
  "logPath" : "/opt/dolphinscheduler/logs/20240417/13001314456096/47/301/662.log",
  "processId" : 0,
  "processDefineCode" : 13001314456096,
  "processDefineVersion" : 47,
  "processInstanceId" : 301,
  "scheduleTime" : 0,
  "globalParams" : "[{\"prop\":\"\",\"direct\":\"OUT\",\"type\":\"VARCHAR\",\"value\":\"\"}]",
  "executorId" : 1,
  "cmdTypeIfComplement" : 0,
  "tenantCode" : "default",
  "processDefineId" : 0,
  "projectId" : 0,
  "projectCode" : 13001194483488,
  "taskParams" : "{\"localParams\":[{\"prop\":\"sum\",\"direct\":\"OUT\",\"type\":\"VARCHAR\",\"value\":\"\"}],\"rawScript\":\"print(int(${num1}))\\nprint(int(${num2}))\\n\\nnumber1 = int(${num1})\\nnumber2 = int(${num2})\\n\\nsum_of_num = number1 + number2\\nprint('sum is:', sum_of_num)\\n\\nprint('#{setValue(sum=%s)}' % str(2))\",\"resourceList\":[]}",
  "environmentConfig" : "export PYTHON_LAUNCHER=/bin/python3.11",
  "prepareParamsMap" : {
    "" : {
      "prop" : "",
      "direct" : "IN",
      "type" : "VARCHAR",
      "value" : ""
    },
    "system.task.definition.name" : {
      "prop" : "system.task.definition.name",
      "direct" : "IN",
      "type" : "VARCHAR",
      "value" : "sum of numbers python"
    },
    "system.project.name" : {
      "prop" : "system.project.name",
      "direct" : "IN",
      "type" : "VARCHAR",
      "value" : null
    },
    "system.biz.curdate" : {
      "prop" : "system.biz.curdate",
      "direct" : "IN",
      "type" : "VARCHAR",
      "value" : "20240417"
    },
    "system.task.instance.id" : {
      "prop" : "system.task.instance.id",
      "direct" : "IN",
      "type" : "VARCHAR",
      "value" : "662"
    },
    "system.task.definition.code" : {
      "prop" : "system.task.definition.code",
      "direct" : "IN",
      "type" : "VARCHAR",
      "value" : "13300304456864"
    },
    "system.datetime" : {
      "prop" : "system.datetime",
      "direct" : "IN",
      "type" : "VARCHAR",
      "value" : "20240417161105"
    },
    "system.project.code" : {
      "prop" : "system.project.code",
      "direct" : "IN",
      "type" : "VARCHAR",
      "value" : "13001194483488"
    },
    "system.workflow.instance.id" : {
      "prop" : "system.workflow.instance.id",
      "direct" : "IN",
      "type" : "VARCHAR",
      "value" : "301"
    },
    "num1" : {
      "prop" : "num1",
      "direct" : "IN",
      "type" : "VARCHAR",
      "value" : "1"
    },
    "system.biz.date" : {
      "prop" : "system.biz.date",
      "direct" : "IN",
      "type" : "VARCHAR",
      "value" : "20240416"
    },
    "system.workflow.definition.name" : {
      "prop" : "system.workflow.definition.name",
      "direct" : "IN",
      "type" : "VARCHAR",
      "value" : "random_numbers_generator"
    },
    "system.workflow.definition.code" : {
      "prop" : "system.workflow.definition.code",
      "direct" : "IN",
      "type" : "VARCHAR",
      "value" : "13001314456096"
    },
    "num2" : {
      "prop" : "num2",
      "direct" : "IN",
      "type" : "VARCHAR",
      "value" : "1"
    }
  },
  "taskAppId" : "301_662",
  "taskTimeout" : 2147483647,
  "workerGroup" : "default",
  "delayTime" : 0,
  "currentExecutionStatus" : "SUBMITTED_SUCCESS",
  "endTime" : 0,
  "varPool" : "[{\"prop\":\"num1\",\"direct\":\"IN\",\"type\":\"VARCHAR\",\"value\":\"1\"},{\"prop\":\"num2\",\"direct\":\"IN\",\"type\":\"VARCHAR\",\"value\":\"1\"}]",
  "dryRun" : 0,
  "paramsMap" : { },
  "cpuQuota" : -1,
  "memoryMax" : -1,
  "testFlag" : 0,
  "logBufferEnable" : false,
  "dispatchFailTimes" : 0
}
[INFO] 2024-04-17 16:11:05.224 +0800 - ***********************************************************************************************
[INFO] 2024-04-17 16:11:05.224 +0800 - *********************************  Load task instance plugin  *********************************
[INFO] 2024-04-17 16:11:05.224 +0800 - ***********************************************************************************************
[INFO] 2024-04-17 16:11:05.238 +0800 - Send task status RUNNING_EXECUTION master: 172.27.0.12:1234
[INFO] 2024-04-17 16:11:05.239 +0800 - TenantCode: default check successfully
[INFO] 2024-04-17 16:11:05.239 +0800 - WorkflowInstanceExecDir: /tmp/dolphinscheduler/exec/process/default/13001194483488/13001314456096_47/301/662 check successfully
[INFO] 2024-04-17 16:11:05.240 +0800 - Create TaskChannel: org.apache.dolphinscheduler.plugin.task.python.PythonTaskChannel successfully
[INFO] 2024-04-17 16:11:05.240 +0800 - Download resources successfully: 
ResourceContext(resourceItemMap={})
[INFO] 2024-04-17 16:11:05.240 +0800 - Download upstream files: [] successfully
[INFO] 2024-04-17 16:11:05.240 +0800 - Task plugin instance: PYTHON create successfully
[INFO] 2024-04-17 16:11:05.240 +0800 - Initialize python task params {
  "localParams" : [ {
    "prop" : "sum",
    "direct" : "OUT",
    "type" : "VARCHAR",
    "value" : ""
  } ],
  "varPool" : null,
  "rawScript" : "print(int(${num1}))\nprint(int(${num2}))\n\nnumber1 = int(${num1})\nnumber2 = int(${num2})\n\nsum_of_num = number1 + number2\nprint('sum is:', sum_of_num)\n\nprint('#{setValue(sum=%s)}' % str(2))",
  "resourceList" : [ ]
}
[INFO] 2024-04-17 16:11:05.241 +0800 - Success initialized task plugin instance successfully
[INFO] 2024-04-17 16:11:05.241 +0800 - Set taskVarPool: [{"prop":"num1","direct":"IN","type":"VARCHAR","value":"1"},{"prop":"num2","direct":"IN","type":"VARCHAR","value":"1"}] successfully
[INFO] 2024-04-17 16:11:05.242 +0800 - ***********************************************************************************************
[INFO] 2024-04-17 16:11:05.242 +0800 - *********************************  Execute task instance  *************************************
[INFO] 2024-04-17 16:11:05.242 +0800 - ***********************************************************************************************
[INFO] 2024-04-17 16:11:05.242 +0800 - raw python script : print(int(${num1}))
print(int(${num2}))

number1 = int(${num1})
number2 = int(${num2})

sum_of_num = number1 + number2
print('sum is:', sum_of_num)

print('#{setValue(sum=%s)}' % str(2))
[INFO] 2024-04-17 16:11:05.243 +0800 - tenantCode :default, task dir:/tmp/dolphinscheduler/exec/process/default/13001194483488/13001314456096_47/301/662
[INFO] 2024-04-17 16:11:05.243 +0800 - generate python script file:/tmp/dolphinscheduler/exec/process/default/13001194483488/13001314456096_47/301/662/py_301_662.py
[INFO] 2024-04-17 16:11:05.243 +0800 - #-*- encoding=utf8 -*-

print(int(1))
print(int(1))

number1 = int(1)
number2 = int(1)

sum_of_num = number1 + number2
print('sum is:', sum_of_num)

print('#{setValue(sum=%s)}' % str(2))
[INFO] 2024-04-17 16:11:05.252 +0800 - Final Shell file is: 
[INFO] 2024-04-17 16:11:05.252 +0800 - ****************************** Script Content *****************************************************************
[INFO] 2024-04-17 16:11:05.253 +0800 - #!/bin/bash
BASEDIR=$(cd `dirname $0`; pwd)
cd $BASEDIR
export PYTHON_LAUNCHER=/bin/python3.11
${PYTHON_LAUNCHER} /tmp/dolphinscheduler/exec/process/default/13001194483488/13001314456096_47/301/662/py_301_662.py
[INFO] 2024-04-17 16:11:05.253 +0800 - ****************************** Script Content *****************************************************************
[INFO] 2024-04-17 16:11:05.253 +0800 - Executing shell command : sudo -u default -i /tmp/dolphinscheduler/exec/process/default/13001194483488/13001314456096_47/301/662/301_662.sh
[INFO] 2024-04-17 16:11:05.272 +0800 - process start, process id is: 4316
[INFO] 2024-04-17 16:11:05.274 +0800 -  -> 
	sudo: unable to change directory to /home/default: No such file or directory
[INFO] 2024-04-17 16:11:06.281 +0800 -  -> 
	1
	1
	sum is: 2
	#{setValue(sum=2)}
[INFO] 2024-04-17 16:11:06.282 +0800 - process has exited. execute path:/tmp/dolphinscheduler/exec/process/default/13001194483488/13001314456096_47/301/662, processId:4316 ,exitStatusCode:0 ,processWaitForStatus:true ,processExitValue:0
[INFO] 2024-04-17 16:11:06.283 +0800 - ***********************************************************************************************
[INFO] 2024-04-17 16:11:06.284 +0800 - *********************************  Finalize task instance  ************************************
[INFO] 2024-04-17 16:11:06.284 +0800 - ***********************************************************************************************
[INFO] 2024-04-17 16:11:06.285 +0800 - Upload output files: [] successfully
[INFO] 2024-04-17 16:11:06.288 +0800 - Send task execute status: SUCCESS to master : 172.27.0.12:1234
[INFO] 2024-04-17 16:11:06.289 +0800 - Remove the current task execute context from worker cache
[INFO] 2024-04-17 16:11:06.289 +0800 - The current execute mode isn't develop mode, will clear the task execute file: /tmp/dolphinscheduler/exec/process/default/13001194483488/13001314456096_47/301/662
[INFO] 2024-04-17 16:11:06.290 +0800 - Success clear the task execute file: /tmp/dolphinscheduler/exec/process/default/13001194483488/13001314456096_47/301/662
[INFO] 2024-04-17 16:11:06.291 +0800 - FINALIZE_SESSION
