[INFO] 2024-05-04 01:33:23.214 +0800 - Submit LogicTask: switch to MasterTaskExecutorThreadPool success
[INFO] 2024-05-04 01:33:23.214 +0800 - ***********************************************************************************************
[INFO] 2024-05-04 01:33:23.222 +0800 - *********************************  Initialize task context  ***********************************
[INFO] 2024-05-04 01:33:23.224 +0800 - ***********************************************************************************************
[INFO] 2024-05-04 01:33:23.224 +0800 - Begin to initialize task
[INFO] 2024-05-04 01:33:23.224 +0800 - Set task startTime: 1714757603224
[INFO] 2024-05-04 01:33:23.224 +0800 - Set task appId: 882_2719
[INFO] 2024-05-04 01:33:23.225 +0800 - End initialize task {
  "taskInstanceId" : 2719,
  "taskName" : "switch",
  "firstSubmitTime" : 1714757603204,
  "startTime" : 1714757603224,
  "taskType" : "SWITCH",
  "workflowInstanceHost" : "172.18.0.11:5678",
  "host" : "172.18.0.11:5678",
  "logPath" : "/opt/dolphinscheduler/logs/20240504/13481656603328/4/882/2719.log",
  "processId" : 0,
  "processDefineCode" : 13481656603328,
  "processDefineVersion" : 4,
  "processInstanceId" : 882,
  "scheduleTime" : 0,
  "executorId" : 1,
  "cmdTypeIfComplement" : 0,
  "tenantCode" : "default",
  "processDefineId" : 0,
  "projectId" : 0,
  "projectCode" : 13010050770016,
  "taskParams" : "{\"localParams\":[],\"rawScript\":\"\",\"resourceList\":[],\"switchResult\":{\"dependTaskList\":[{\"condition\":\"${raw_file_dir} == 'local_storage'\",\"nextNode\":13481650245952}],\"nextNode\":13481652501568}}",
  "environmentConfig" : "export PYTHON_LAUNCHER=/bin/python3.11",
  "prepareParamsMap" : {
    "GNEWS_HOME" : {
      "prop" : "GNEWS_HOME",
      "direct" : "IN",
      "type" : "VARCHAR",
      "value" : "/local_storage/gnews"
    },
    "system.task.definition.name" : {
      "prop" : "system.task.definition.name",
      "direct" : "IN",
      "type" : "VARCHAR",
      "value" : "switch"
    },
    "system.project.name" : {
      "prop" : "system.project.name",
      "direct" : "IN",
      "type" : "VARCHAR",
      "value" : null
    },
    "REDDIT_HOME" : {
      "prop" : "REDDIT_HOME",
      "direct" : "IN",
      "type" : "VARCHAR",
      "value" : "/local_storage/reddit"
    },
    "system.biz.curdate" : {
      "prop" : "system.biz.curdate",
      "direct" : "IN",
      "type" : "VARCHAR",
      "value" : "20240504"
    },
    "system.task.instance.id" : {
      "prop" : "system.task.instance.id",
      "direct" : "IN",
      "type" : "VARCHAR",
      "value" : "2719"
    },
    "system.task.definition.code" : {
      "prop" : "system.task.definition.code",
      "direct" : "IN",
      "type" : "VARCHAR",
      "value" : "13481646211264"
    },
    "system.datetime" : {
      "prop" : "system.datetime",
      "direct" : "IN",
      "type" : "VARCHAR",
      "value" : "20240504013323"
    },
    "system.project.code" : {
      "prop" : "system.project.code",
      "direct" : "IN",
      "type" : "VARCHAR",
      "value" : "13010050770016"
    },
    "system.workflow.instance.id" : {
      "prop" : "system.workflow.instance.id",
      "direct" : "IN",
      "type" : "VARCHAR",
      "value" : "882"
    },
    "raw_file_dir" : {
      "prop" : "raw_file_dir",
      "direct" : "IN",
      "type" : "VARCHAR",
      "value" : "'local_store'"
    },
    "system.biz.date" : {
      "prop" : "system.biz.date",
      "direct" : "IN",
      "type" : "VARCHAR",
      "value" : "20240503"
    },
    "system.workflow.definition.name" : {
      "prop" : "system.workflow.definition.name",
      "direct" : "IN",
      "type" : "VARCHAR",
      "value" : "sd"
    },
    "system.workflow.definition.code" : {
      "prop" : "system.workflow.definition.code",
      "direct" : "IN",
      "type" : "VARCHAR",
      "value" : "13481656603328"
    }
  },
  "taskAppId" : "882_2719",
  "taskTimeout" : 2147483647,
  "workerGroup" : "default",
  "delayTime" : 0,
  "currentExecutionStatus" : "SUBMITTED_SUCCESS",
  "endTime" : 0,
  "varPool" : "[{\"prop\":\"raw_file_dir\",\"direct\":\"IN\",\"type\":\"VARCHAR\",\"value\":\"'local_store'\"}]",
  "dryRun" : 0,
  "paramsMap" : { },
  "cpuQuota" : -1,
  "memoryMax" : -1,
  "testFlag" : 0,
  "logBufferEnable" : false,
  "dispatchFailTimes" : 0
}
[INFO] 2024-05-04 01:33:23.226 +0800 - ***********************************************************************************************
[INFO] 2024-05-04 01:33:23.226 +0800 - *********************************  Load task instance plugin  *********************************
[INFO] 2024-05-04 01:33:23.226 +0800 - ***********************************************************************************************
[INFO] 2024-05-04 01:33:23.242 +0800 - Send task status RUNNING_EXECUTION to master 172.18.0.11:5678
[INFO] 2024-05-04 01:33:23.244 +0800 - Success initialize task parameters: 
{
  "localParams" : null,
  "varPool" : null,
  "dependRelation" : null,
  "relation" : null,
  "nextNode" : [ 13481652501568 ],
  "resultConditionLocation" : 0,
  "dependTaskList" : [ {
    "condition" : "${raw_file_dir} == 'local_storage'",
    "nextNode" : [ 13481650245952 ]
  } ]
}
[INFO] 2024-05-04 01:33:23.244 +0800 - Initialized task plugin instance: SWITCH successfully
[INFO] 2024-05-04 01:33:23.244 +0800 - Initialize taskVarPool: [{"prop":"raw_file_dir","direct":"IN","type":"VARCHAR","value":"'local_store'"}] successfully
[INFO] 2024-05-04 01:33:23.244 +0800 - ***********************************************************************************************
[INFO] 2024-05-04 01:33:23.245 +0800 - *********************************  Execute task instance  *************************************
[INFO] 2024-05-04 01:33:23.245 +0800 - ***********************************************************************************************
[INFO] 2024-05-04 01:33:23.245 +0800 - Begin to execute 1 condition: ${raw_file_dir} == 'local_storage' 
[INFO] 2024-05-04 01:33:23.245 +0800 - paramName:raw_file_dir，paramValue:"'local_store'"
[INFO] 2024-05-04 01:33:23.245 +0800 - Format condition sentence::"'local_store'" == "local_storage" successfully
[INFO] 2024-05-04 01:33:23.255 +0800 - Execute condition sentence: "'local_store'" == "local_storage" successfully: false
[INFO] 2024-05-04 01:33:23.256 +0800 - Begin to execute 2 condition: null 
[INFO] 2024-05-04 01:33:23.256 +0800 - The switch task depend result:SUCCESS, switch branch:1
[INFO] 2024-05-04 01:33:23.256 +0800 - Switch task execute finished, condition result is: SUCCESS, task status is: SUCCESS
[INFO] 2024-05-04 01:33:23.256 +0800 - ***********************************************************************************************
[INFO] 2024-05-04 01:33:23.256 +0800 - *********************************  Finalize task instance  ************************************
[INFO] 2024-05-04 01:33:23.257 +0800 - ***********************************************************************************************
[INFO] 2024-05-04 01:33:23.260 +0800 - Send task status: SUCCESS to master: 172.18.0.11:5678 successfully
[INFO] 2024-05-04 01:33:23.260 +0800 - Execute task finished, will send the task execute result to master, the current task execute result is SUCCESS
[INFO] 2024-05-04 01:33:23.261 +0800 - FINALIZE_SESSION
