[INFO] 2024-04-23 09:45:05.017 +0800 - ***********************************************************************************************
[INFO] 2024-04-23 09:45:05.024 +0800 - *********************************  Initialize task context  ***********************************
[INFO] 2024-04-23 09:45:05.024 +0800 - ***********************************************************************************************
[INFO] 2024-04-23 09:45:05.024 +0800 - Begin to initialize task
[INFO] 2024-04-23 09:45:05.024 +0800 - Set task startTime: 1713836705024
[INFO] 2024-04-23 09:45:05.025 +0800 - Set task appId: 485_1103
[INFO] 2024-04-23 09:45:05.026 +0800 - End initialize task {
  "taskInstanceId" : 1103,
  "taskName" : "spark preprocessing",
  "firstSubmitTime" : 1713836704955,
  "startTime" : 1713836705024,
  "taskType" : "SHELL",
  "workflowInstanceHost" : "172.18.0.9:5678",
  "host" : "172.18.1.1:1234",
  "logPath" : "/opt/dolphinscheduler/logs/20240423/13201021801792/76/485/1103.log",
  "processId" : 0,
  "processDefineCode" : 13201021801792,
  "processDefineVersion" : 76,
  "processInstanceId" : 485,
  "scheduleTime" : 0,
  "globalParams" : "[{\"prop\":\"folder\",\"direct\":\"IN\",\"type\":\"VARCHAR\",\"value\":\"processing\"}]",
  "executorId" : 1,
  "cmdTypeIfComplement" : 0,
  "tenantCode" : "default",
  "processDefineId" : 0,
  "projectId" : 0,
  "projectCode" : 13010050770016,
  "taskParams" : "{\"localParams\":[],\"rawScript\":\"$SPARK_HOME/bin/spark-submit \\\\\\n    --master spark://spark-master:7077 \\\\\\n    --conf spark.driver.cores=1 \\\\\\n    --conf spark.driver.memory=512M \\\\\\n    --conf spark.executor.instances=2 \\\\\\n    --conf spark.executor.cores=2 \\\\\\n    --conf spark.executor.memory=1G \\\\\\n    --files ${raw_file_dir} \\\\\\n    --name reddit_preprocessing spark_reddit_preprocessing.py\\n\",\"resourceList\":[{\"id\":null,\"resourceName\":\"file:/dolphinscheduler/default/resources/spark_reddit_preprocessing.py\",\"res\":null}]}",
  "environmentConfig" : "export SPARK_HOME=/opt/spark-3.5.1-bin-hadoop3\nexport JAVA_HOME=/opt/java/openjdk\nexport HADOOP_CONF_DIR=/opt/hadoop-3.4.0/etc/hadoop\nexport PYSPARK_DRIVER_PYTHON=/bin/python3.11",
  "prepareParamsMap" : {
    "system.task.definition.name" : {
      "prop" : "system.task.definition.name",
      "direct" : "IN",
      "type" : "VARCHAR",
      "value" : "spark preprocessing"
    },
    "system.project.name" : {
      "prop" : "system.project.name",
      "direct" : "IN",
      "type" : "VARCHAR",
      "value" : null
    },
    "REDDIT_HOME" : {
      "prop" : "REDDIT_HOME",
      "direct" : "IN",
      "type" : "VARCHAR",
      "value" : "/local_storage/reddit"
    },
    "system.biz.curdate" : {
      "prop" : "system.biz.curdate",
      "direct" : "IN",
      "type" : "VARCHAR",
      "value" : "20240423"
    },
    "system.task.instance.id" : {
      "prop" : "system.task.instance.id",
      "direct" : "IN",
      "type" : "VARCHAR",
      "value" : "1103"
    },
    "system.task.definition.code" : {
      "prop" : "system.task.definition.code",
      "direct" : "IN",
      "type" : "VARCHAR",
      "value" : "13210058002752"
    },
    "system.datetime" : {
      "prop" : "system.datetime",
      "direct" : "IN",
      "type" : "VARCHAR",
      "value" : "20240423094505"
    },
    "folder" : {
      "prop" : "folder",
      "direct" : "IN",
      "type" : "VARCHAR",
      "value" : "processing"
    },
    "system.project.code" : {
      "prop" : "system.project.code",
      "direct" : "IN",
      "type" : "VARCHAR",
      "value" : "13010050770016"
    },
    "system.workflow.instance.id" : {
      "prop" : "system.workflow.instance.id",
      "direct" : "IN",
      "type" : "VARCHAR",
      "value" : "485"
    },
    "raw_file_dir" : {
      "prop" : "raw_file_dir",
      "direct" : "IN",
      "type" : "VARCHAR",
      "value" : ""
    },
    "system.biz.date" : {
      "prop" : "system.biz.date",
      "direct" : "IN",
      "type" : "VARCHAR",
      "value" : "20240422"
    },
    "system.workflow.definition.name" : {
      "prop" : "system.workflow.definition.name",
      "direct" : "IN",
      "type" : "VARCHAR",
      "value" : "preprocess_post"
    },
    "system.workflow.definition.code" : {
      "prop" : "system.workflow.definition.code",
      "direct" : "IN",
      "type" : "VARCHAR",
      "value" : "13201021801792"
    }
  },
  "taskAppId" : "485_1103",
  "taskTimeout" : 2147483647,
  "workerGroup" : "default",
  "delayTime" : 0,
  "currentExecutionStatus" : "SUBMITTED_SUCCESS",
  "endTime" : 0,
  "varPool" : "[{\"prop\":\"raw_file_dir\",\"direct\":\"IN\",\"type\":\"VARCHAR\",\"value\":\"\"}]",
  "dryRun" : 0,
  "paramsMap" : { },
  "cpuQuota" : -1,
  "memoryMax" : -1,
  "testFlag" : 0,
  "logBufferEnable" : false,
  "dispatchFailTimes" : 0
}
[INFO] 2024-04-23 09:45:05.027 +0800 - ***********************************************************************************************
[INFO] 2024-04-23 09:45:05.027 +0800 - *********************************  Load task instance plugin  *********************************
[INFO] 2024-04-23 09:45:05.027 +0800 - ***********************************************************************************************
[INFO] 2024-04-23 09:45:05.035 +0800 - Send task status RUNNING_EXECUTION master: 172.18.1.1:1234
[INFO] 2024-04-23 09:45:05.037 +0800 - TenantCode: default check successfully
[INFO] 2024-04-23 09:45:05.037 +0800 - WorkflowInstanceExecDir: /tmp/dolphinscheduler/exec/process/default/13010050770016/13201021801792_76/485/1103 check successfully
[INFO] 2024-04-23 09:45:05.038 +0800 - Create TaskChannel: org.apache.dolphinscheduler.plugin.task.shell.ShellTaskChannel successfully
[INFO] 2024-04-23 09:45:05.052 +0800 - Download resources successfully: 
ResourceContext(resourceItemMap={file:/dolphinscheduler/default/resources/spark_reddit_preprocessing.py=ResourceContext.ResourceItem(resourceAbsolutePathInStorage=file:/dolphinscheduler/default/resources/spark_reddit_preprocessing.py, resourceRelativePath=spark_reddit_preprocessing.py, resourceAbsolutePathInLocal=/tmp/dolphinscheduler/exec/process/default/13010050770016/13201021801792_76/485/1103/spark_reddit_preprocessing.py)})
[INFO] 2024-04-23 09:45:05.055 +0800 - Download upstream files: [] successfully
[INFO] 2024-04-23 09:45:05.059 +0800 - Task plugin instance: SHELL create successfully
[INFO] 2024-04-23 09:45:05.059 +0800 - Initialize shell task params {
  "localParams" : [ ],
  "varPool" : null,
  "rawScript" : "$SPARK_HOME/bin/spark-submit \\\n    --master spark://spark-master:7077 \\\n    --conf spark.driver.cores=1 \\\n    --conf spark.driver.memory=512M \\\n    --conf spark.executor.instances=2 \\\n    --conf spark.executor.cores=2 \\\n    --conf spark.executor.memory=1G \\\n    --files ${raw_file_dir} \\\n    --name reddit_preprocessing spark_reddit_preprocessing.py\n",
  "resourceList" : [ {
    "id" : null,
    "resourceName" : "file:/dolphinscheduler/default/resources/spark_reddit_preprocessing.py",
    "res" : null
  } ]
}
[INFO] 2024-04-23 09:45:05.059 +0800 - Success initialized task plugin instance successfully
[INFO] 2024-04-23 09:45:05.061 +0800 - Set taskVarPool: [{"prop":"raw_file_dir","direct":"IN","type":"VARCHAR","value":""}] successfully
[INFO] 2024-04-23 09:45:05.061 +0800 - ***********************************************************************************************
[INFO] 2024-04-23 09:45:05.061 +0800 - *********************************  Execute task instance  *************************************
[INFO] 2024-04-23 09:45:05.061 +0800 - ***********************************************************************************************
[INFO] 2024-04-23 09:45:05.062 +0800 - Final Shell file is: 
[INFO] 2024-04-23 09:45:05.063 +0800 - ****************************** Script Content *****************************************************************
[INFO] 2024-04-23 09:45:05.063 +0800 - #!/bin/bash
BASEDIR=$(cd `dirname $0`; pwd)
cd $BASEDIR
export SPARK_HOME=/opt/spark-3.5.1-bin-hadoop3
export JAVA_HOME=/opt/java/openjdk
export HADOOP_CONF_DIR=/opt/hadoop-3.4.0/etc/hadoop
export PYSPARK_DRIVER_PYTHON=/bin/python3.11
$SPARK_HOME/bin/spark-submit \
    --master spark://spark-master:7077 \
    --conf spark.driver.cores=1 \
    --conf spark.driver.memory=512M \
    --conf spark.executor.instances=2 \
    --conf spark.executor.cores=2 \
    --conf spark.executor.memory=1G \
    --files  \
    --name reddit_preprocessing spark_reddit_preprocessing.py

[INFO] 2024-04-23 09:45:05.063 +0800 - ****************************** Script Content *****************************************************************
[INFO] 2024-04-23 09:45:05.064 +0800 - Executing shell command : sudo -u default -i /tmp/dolphinscheduler/exec/process/default/13010050770016/13201021801792_76/485/1103/485_1103.sh
[INFO] 2024-04-23 09:45:05.086 +0800 - process start, process id is: 690
[INFO] 2024-04-23 09:45:06.088 +0800 -  -> 
	sudo: unable to change directory to /home/default: No such file or directory
[INFO] 2024-04-23 09:45:09.109 +0800 -  -> 
	24/04/23 09:45:08 WARN NativeCodeLoader: Unable to load native-hadoop library for your platform... using builtin-java classes where applicable
	Exception in thread "main" org.apache.spark.SparkException: Failed to get main class in JAR with error 'File file:/tmp/dolphinscheduler/exec/process/default/13010050770016/13201021801792_76/485/1103/reddit_preprocessing does not exist'.  Please specify one with --class.
		at org.apache.spark.deploy.SparkSubmit.error(SparkSubmit.scala:1047)
		at org.apache.spark.deploy.SparkSubmit.prepareSubmitEnvironment(SparkSubmit.scala:528)
		at org.apache.spark.deploy.SparkSubmit.org$apache$spark$deploy$SparkSubmit$$runMain(SparkSubmit.scala:964)
		at org.apache.spark.deploy.SparkSubmit.doRunMain$1(SparkSubmit.scala:194)
		at org.apache.spark.deploy.SparkSubmit.submit(SparkSubmit.scala:217)
		at org.apache.spark.deploy.SparkSubmit.doSubmit(SparkSubmit.scala:91)
		at org.apache.spark.deploy.SparkSubmit$$anon$2.doSubmit(SparkSubmit.scala:1120)
		at org.apache.spark.deploy.SparkSubmit$.main(SparkSubmit.scala:1129)
		at org.apache.spark.deploy.SparkSubmit.main(SparkSubmit.scala)
[INFO] 2024-04-23 09:45:09.113 +0800 - process has exited. execute path:/tmp/dolphinscheduler/exec/process/default/13010050770016/13201021801792_76/485/1103, processId:690 ,exitStatusCode:1 ,processWaitForStatus:true ,processExitValue:1
[INFO] 2024-04-23 09:45:09.114 +0800 - ***********************************************************************************************
[INFO] 2024-04-23 09:45:09.114 +0800 - *********************************  Finalize task instance  ************************************
[INFO] 2024-04-23 09:45:09.114 +0800 - ***********************************************************************************************
[INFO] 2024-04-23 09:45:09.114 +0800 - Upload output files: [] successfully
[INFO] 2024-04-23 09:45:09.124 +0800 - Send task execute status: FAILURE to master : 172.18.1.1:1234
[INFO] 2024-04-23 09:45:09.124 +0800 - Remove the current task execute context from worker cache
[INFO] 2024-04-23 09:45:09.124 +0800 - The current execute mode isn't develop mode, will clear the task execute file: /tmp/dolphinscheduler/exec/process/default/13010050770016/13201021801792_76/485/1103
[INFO] 2024-04-23 09:45:09.125 +0800 - Success clear the task execute file: /tmp/dolphinscheduler/exec/process/default/13010050770016/13201021801792_76/485/1103
[INFO] 2024-04-23 09:45:09.127 +0800 - FINALIZE_SESSION
