[INFO] 2024-04-30 03:56:20.307 +0800 - ***********************************************************************************************
[INFO] 2024-04-30 03:56:20.309 +0800 - *********************************  Initialize task context  ***********************************
[INFO] 2024-04-30 03:56:20.309 +0800 - ***********************************************************************************************
[INFO] 2024-04-30 03:56:20.310 +0800 - Begin to initialize task
[INFO] 2024-04-30 03:56:20.310 +0800 - Set task startTime: 1714420580310
[INFO] 2024-04-30 03:56:20.310 +0800 - Set task appId: 791_2224
[INFO] 2024-04-30 03:56:20.310 +0800 - End initialize task {
  "taskInstanceId" : 2224,
  "taskName" : "dsf",
  "firstSubmitTime" : 1714420580292,
  "startTime" : 1714420580310,
  "taskType" : "SHELL",
  "workflowInstanceHost" : "172.18.0.3:5678",
  "host" : "172.18.1.1:1234",
  "logPath" : "/opt/dolphinscheduler/logs/20240430/13426477386080/23/791/2224.log",
  "processId" : 0,
  "processDefineCode" : 13426477386080,
  "processDefineVersion" : 23,
  "processInstanceId" : 791,
  "scheduleTime" : 0,
  "executorId" : 1,
  "cmdTypeIfComplement" : 7,
  "tenantCode" : "default",
  "processDefineId" : 0,
  "projectId" : 0,
  "projectCode" : 13010050770016,
  "taskParams" : "{\"localParams\":[],\"rawScript\":\"echo \\\"${query}\\\"\",\"resourceList\":[]}",
  "environmentConfig" : "export PYTHON_LAUNCHER=/bin/python3.11",
  "prepareParamsMap" : {
    "system.task.definition.name" : {
      "prop" : "system.task.definition.name",
      "direct" : "IN",
      "type" : "VARCHAR",
      "value" : "dsf"
    },
    "system.project.name" : {
      "prop" : "system.project.name",
      "direct" : "IN",
      "type" : "VARCHAR",
      "value" : null
    },
    "REDDIT_HOME" : {
      "prop" : "REDDIT_HOME",
      "direct" : "IN",
      "type" : "VARCHAR",
      "value" : "/local_storage/reddit"
    },
    "query" : {
      "prop" : "query",
      "direct" : "IN",
      "type" : "VARCHAR",
      "value" : "SELECT * FROM filtered_data_persistence"
    },
    "system.biz.curdate" : {
      "prop" : "system.biz.curdate",
      "direct" : "IN",
      "type" : "VARCHAR",
      "value" : "20240430"
    },
    "system.task.instance.id" : {
      "prop" : "system.task.instance.id",
      "direct" : "IN",
      "type" : "VARCHAR",
      "value" : "2224"
    },
    "system.task.definition.code" : {
      "prop" : "system.task.definition.code",
      "direct" : "IN",
      "type" : "VARCHAR",
      "value" : "13438333840320"
    },
    "system.datetime" : {
      "prop" : "system.datetime",
      "direct" : "IN",
      "type" : "VARCHAR",
      "value" : "20240430035620"
    },
    "system.project.code" : {
      "prop" : "system.project.code",
      "direct" : "IN",
      "type" : "VARCHAR",
      "value" : "13010050770016"
    },
    "system.workflow.instance.id" : {
      "prop" : "system.workflow.instance.id",
      "direct" : "IN",
      "type" : "VARCHAR",
      "value" : "791"
    },
    "system.biz.date" : {
      "prop" : "system.biz.date",
      "direct" : "IN",
      "type" : "VARCHAR",
      "value" : "20240429"
    },
    "system.workflow.definition.name" : {
      "prop" : "system.workflow.definition.name",
      "direct" : "IN",
      "type" : "VARCHAR",
      "value" : "es_filtered_data_persistence_subprocess"
    },
    "system.workflow.definition.code" : {
      "prop" : "system.workflow.definition.code",
      "direct" : "IN",
      "type" : "VARCHAR",
      "value" : "13426477386080"
    }
  },
  "taskAppId" : "791_2224",
  "taskTimeout" : 2147483647,
  "workerGroup" : "default",
  "delayTime" : 0,
  "currentExecutionStatus" : "SUBMITTED_SUCCESS",
  "endTime" : 0,
  "varPool" : "[{\"prop\":\"query\",\"direct\":\"IN\",\"type\":\"VARCHAR\",\"value\":\"SELECT * FROM filtered_data_persistence\"}]",
  "dryRun" : 0,
  "paramsMap" : { },
  "cpuQuota" : -1,
  "memoryMax" : -1,
  "testFlag" : 0,
  "logBufferEnable" : false,
  "dispatchFailTimes" : 0
}
[INFO] 2024-04-30 03:56:20.311 +0800 - ***********************************************************************************************
[INFO] 2024-04-30 03:56:20.311 +0800 - *********************************  Load task instance plugin  *********************************
[INFO] 2024-04-30 03:56:20.311 +0800 - ***********************************************************************************************
[INFO] 2024-04-30 03:56:20.323 +0800 - Send task status RUNNING_EXECUTION master: 172.18.1.1:1234
[INFO] 2024-04-30 03:56:20.343 +0800 - TenantCode: default check successfully
[INFO] 2024-04-30 03:56:20.343 +0800 - WorkflowInstanceExecDir: /tmp/dolphinscheduler/exec/process/default/13010050770016/13426477386080_23/791/2224 check successfully
[INFO] 2024-04-30 03:56:20.343 +0800 - Create TaskChannel: org.apache.dolphinscheduler.plugin.task.shell.ShellTaskChannel successfully
[INFO] 2024-04-30 03:56:20.343 +0800 - Download resources successfully: 
ResourceContext(resourceItemMap={})
[INFO] 2024-04-30 03:56:20.344 +0800 - Download upstream files: [] successfully
[INFO] 2024-04-30 03:56:20.344 +0800 - Task plugin instance: SHELL create successfully
[INFO] 2024-04-30 03:56:20.344 +0800 - Initialize shell task params {
  "localParams" : [ ],
  "varPool" : null,
  "rawScript" : "echo \"${query}\"",
  "resourceList" : [ ]
}
[INFO] 2024-04-30 03:56:20.344 +0800 - Success initialized task plugin instance successfully
[INFO] 2024-04-30 03:56:20.344 +0800 - Set taskVarPool: [{"prop":"query","direct":"IN","type":"VARCHAR","value":"SELECT * FROM filtered_data_persistence"}] successfully
[INFO] 2024-04-30 03:56:20.344 +0800 - ***********************************************************************************************
[INFO] 2024-04-30 03:56:20.344 +0800 - *********************************  Execute task instance  *************************************
[INFO] 2024-04-30 03:56:20.344 +0800 - ***********************************************************************************************
[INFO] 2024-04-30 03:56:20.347 +0800 - Final Shell file is: 
[INFO] 2024-04-30 03:56:20.347 +0800 - ****************************** Script Content *****************************************************************
[INFO] 2024-04-30 03:56:20.347 +0800 - #!/bin/bash
BASEDIR=$(cd `dirname $0`; pwd)
cd $BASEDIR
export PYTHON_LAUNCHER=/bin/python3.11
echo "SELECT * FROM filtered_data_persistence"
[INFO] 2024-04-30 03:56:20.347 +0800 - ****************************** Script Content *****************************************************************
[INFO] 2024-04-30 03:56:20.347 +0800 - Executing shell command : sudo -u default -i /tmp/dolphinscheduler/exec/process/default/13010050770016/13426477386080_23/791/2224/791_2224.sh
[INFO] 2024-04-30 03:56:20.365 +0800 - process start, process id is: 2439
[INFO] 2024-04-30 03:56:21.374 +0800 -  -> 
	sudo: unable to change directory to /home/default: No such file or directory
	SELECT * FROM filtered_data_persistence
[INFO] 2024-04-30 03:56:21.391 +0800 - process has exited. execute path:/tmp/dolphinscheduler/exec/process/default/13010050770016/13426477386080_23/791/2224, processId:2439 ,exitStatusCode:0 ,processWaitForStatus:true ,processExitValue:0
[INFO] 2024-04-30 03:56:21.393 +0800 - ***********************************************************************************************
[INFO] 2024-04-30 03:56:21.394 +0800 - *********************************  Finalize task instance  ************************************
[INFO] 2024-04-30 03:56:21.394 +0800 - ***********************************************************************************************
[INFO] 2024-04-30 03:56:21.394 +0800 - Upload output files: [] successfully
[INFO] 2024-04-30 03:56:21.398 +0800 - Send task execute status: SUCCESS to master : 172.18.1.1:1234
[INFO] 2024-04-30 03:56:21.398 +0800 - Remove the current task execute context from worker cache
[INFO] 2024-04-30 03:56:21.399 +0800 - The current execute mode isn't develop mode, will clear the task execute file: /tmp/dolphinscheduler/exec/process/default/13010050770016/13426477386080_23/791/2224
[INFO] 2024-04-30 03:56:21.399 +0800 - Success clear the task execute file: /tmp/dolphinscheduler/exec/process/default/13010050770016/13426477386080_23/791/2224
[INFO] 2024-04-30 03:56:21.400 +0800 - FINALIZE_SESSION
