[INFO] 2024-04-23 05:21:38.720 +0800 - ***********************************************************************************************
[INFO] 2024-04-23 05:21:38.721 +0800 - *********************************  Initialize task context  ***********************************
[INFO] 2024-04-23 05:21:38.722 +0800 - ***********************************************************************************************
[INFO] 2024-04-23 05:21:38.722 +0800 - Begin to initialize task
[INFO] 2024-04-23 05:21:38.722 +0800 - Set task startTime: 1713820898722
[INFO] 2024-04-23 05:21:38.722 +0800 - Set task appId: 442_1015
[INFO] 2024-04-23 05:21:38.722 +0800 - End initialize task {
  "taskInstanceId" : 1015,
  "taskName" : "spark preprocessing",
  "firstSubmitTime" : 1713820898685,
  "startTime" : 1713820898722,
  "taskType" : "SHELL",
  "workflowInstanceHost" : "172.18.0.11:5678",
  "host" : "172.18.1.1:1234",
  "logPath" : "/opt/dolphinscheduler/logs/20240423/13201021801792/67/442/1015.log",
  "processId" : 0,
  "processDefineCode" : 13201021801792,
  "processDefineVersion" : 67,
  "processInstanceId" : 442,
  "scheduleTime" : 0,
  "globalParams" : "[{\"prop\":\"folder\",\"direct\":\"IN\",\"type\":\"VARCHAR\",\"value\":\"processing\"}]",
  "executorId" : 1,
  "cmdTypeIfComplement" : 7,
  "tenantCode" : "default",
  "processDefineId" : 0,
  "projectId" : 0,
  "projectCode" : 13010050770016,
  "taskParams" : "{\"localParams\":[],\"rawScript\":\"$SPARK_HOME/bin/spark-submit \\\\\\n    --master spark://spark-master:7077 \\\\\\n    --conf spark.driver.cores=1 \\\\\\n    --conf spark.driver.memory=512M \\\\\\n    --conf spark.executor.instances=2 \\\\\\n    --conf spark.executor.cores=2 \\\\\\n    --conf spark.executor.memory=1G \\\\\\n    --files ${raw_file_dir} \\\\\\n    --name reddit_preprocessing spark_reddit_preprocessing.py\\n\",\"resourceList\":[{\"id\":null,\"resourceName\":\"file:/dolphinscheduler/default/resources/spark_reddit_preprocessing.py\",\"res\":null}]}",
  "environmentConfig" : "export SPARK_HOME=/opt/spark-3.5.1-bin-hadoop3\nexport JAVA_HOME=/opt/java/openjdk\nexport HADOOP_CONF_DIR=/opt/hadoop-3.4.0/etc/hadoop\nexport PYSPARK_DRIVER_PYTHON=/bin/python3.11",
  "prepareParamsMap" : {
    "system.task.definition.name" : {
      "prop" : "system.task.definition.name",
      "direct" : "IN",
      "type" : "VARCHAR",
      "value" : "spark preprocessing"
    },
    "system.project.name" : {
      "prop" : "system.project.name",
      "direct" : "IN",
      "type" : "VARCHAR",
      "value" : null
    },
    "REDDIT_HOME" : {
      "prop" : "REDDIT_HOME",
      "direct" : "IN",
      "type" : "VARCHAR",
      "value" : "/local_storage/reddit"
    },
    "system.biz.curdate" : {
      "prop" : "system.biz.curdate",
      "direct" : "IN",
      "type" : "VARCHAR",
      "value" : "20240423"
    },
    "system.task.instance.id" : {
      "prop" : "system.task.instance.id",
      "direct" : "IN",
      "type" : "VARCHAR",
      "value" : "1015"
    },
    "system.task.definition.code" : {
      "prop" : "system.task.definition.code",
      "direct" : "IN",
      "type" : "VARCHAR",
      "value" : "13210058002752"
    },
    "raw_file" : {
      "prop" : "raw_file",
      "direct" : "IN",
      "type" : "VARCHAR",
      "value" : "386-20240422.json"
    },
    "system.datetime" : {
      "prop" : "system.datetime",
      "direct" : "IN",
      "type" : "VARCHAR",
      "value" : "20240423052138"
    },
    "folder" : {
      "prop" : "folder",
      "direct" : "IN",
      "type" : "VARCHAR",
      "value" : "processing"
    },
    "system.project.code" : {
      "prop" : "system.project.code",
      "direct" : "IN",
      "type" : "VARCHAR",
      "value" : "13010050770016"
    },
    "system.workflow.instance.id" : {
      "prop" : "system.workflow.instance.id",
      "direct" : "IN",
      "type" : "VARCHAR",
      "value" : "442"
    },
    "raw_file_dir" : {
      "prop" : "raw_file_dir",
      "direct" : "IN",
      "type" : "VARCHAR",
      "value" : "/local_storage/reddit/processing/386-20240422.json"
    },
    "system.biz.date" : {
      "prop" : "system.biz.date",
      "direct" : "IN",
      "type" : "VARCHAR",
      "value" : "20240422"
    },
    "system.workflow.definition.name" : {
      "prop" : "system.workflow.definition.name",
      "direct" : "IN",
      "type" : "VARCHAR",
      "value" : "preprocess_post"
    },
    "system.workflow.definition.code" : {
      "prop" : "system.workflow.definition.code",
      "direct" : "IN",
      "type" : "VARCHAR",
      "value" : "13201021801792"
    }
  },
  "taskAppId" : "442_1015",
  "taskTimeout" : 2147483647,
  "workerGroup" : "default",
  "delayTime" : 0,
  "currentExecutionStatus" : "SUBMITTED_SUCCESS",
  "endTime" : 0,
  "varPool" : "[{\"prop\":\"raw_file_dir\",\"direct\":\"IN\",\"type\":\"VARCHAR\",\"value\":\"/local_storage/reddit/processing/386-20240422.json\"},{\"prop\":\"raw_file\",\"direct\":\"IN\",\"type\":\"VARCHAR\",\"value\":\"386-20240422.json\"}]",
  "dryRun" : 0,
  "paramsMap" : { },
  "cpuQuota" : -1,
  "memoryMax" : -1,
  "testFlag" : 0,
  "logBufferEnable" : false,
  "dispatchFailTimes" : 0
}
[INFO] 2024-04-23 05:21:38.723 +0800 - ***********************************************************************************************
[INFO] 2024-04-23 05:21:38.724 +0800 - *********************************  Load task instance plugin  *********************************
[INFO] 2024-04-23 05:21:38.724 +0800 - ***********************************************************************************************
[INFO] 2024-04-23 05:21:38.728 +0800 - Send task status RUNNING_EXECUTION master: 172.18.1.1:1234
[INFO] 2024-04-23 05:21:38.728 +0800 - TenantCode: default check successfully
[INFO] 2024-04-23 05:21:38.729 +0800 - WorkflowInstanceExecDir: /tmp/dolphinscheduler/exec/process/default/13010050770016/13201021801792_67/442/1015 check successfully
[INFO] 2024-04-23 05:21:38.730 +0800 - Create TaskChannel: org.apache.dolphinscheduler.plugin.task.shell.ShellTaskChannel successfully
[INFO] 2024-04-23 05:21:38.736 +0800 - Download resources successfully: 
ResourceContext(resourceItemMap={file:/dolphinscheduler/default/resources/spark_reddit_preprocessing.py=ResourceContext.ResourceItem(resourceAbsolutePathInStorage=file:/dolphinscheduler/default/resources/spark_reddit_preprocessing.py, resourceRelativePath=spark_reddit_preprocessing.py, resourceAbsolutePathInLocal=/tmp/dolphinscheduler/exec/process/default/13010050770016/13201021801792_67/442/1015/spark_reddit_preprocessing.py)})
[INFO] 2024-04-23 05:21:38.736 +0800 - Download upstream files: [] successfully
[INFO] 2024-04-23 05:21:38.737 +0800 - Task plugin instance: SHELL create successfully
[INFO] 2024-04-23 05:21:38.737 +0800 - Initialize shell task params {
  "localParams" : [ ],
  "varPool" : null,
  "rawScript" : "$SPARK_HOME/bin/spark-submit \\\n    --master spark://spark-master:7077 \\\n    --conf spark.driver.cores=1 \\\n    --conf spark.driver.memory=512M \\\n    --conf spark.executor.instances=2 \\\n    --conf spark.executor.cores=2 \\\n    --conf spark.executor.memory=1G \\\n    --files ${raw_file_dir} \\\n    --name reddit_preprocessing spark_reddit_preprocessing.py\n",
  "resourceList" : [ {
    "id" : null,
    "resourceName" : "file:/dolphinscheduler/default/resources/spark_reddit_preprocessing.py",
    "res" : null
  } ]
}
[INFO] 2024-04-23 05:21:38.738 +0800 - Success initialized task plugin instance successfully
[INFO] 2024-04-23 05:21:38.738 +0800 - Set taskVarPool: [{"prop":"raw_file_dir","direct":"IN","type":"VARCHAR","value":"/local_storage/reddit/processing/386-20240422.json"},{"prop":"raw_file","direct":"IN","type":"VARCHAR","value":"386-20240422.json"}] successfully
[INFO] 2024-04-23 05:21:38.738 +0800 - ***********************************************************************************************
[INFO] 2024-04-23 05:21:38.738 +0800 - *********************************  Execute task instance  *************************************
[INFO] 2024-04-23 05:21:38.739 +0800 - ***********************************************************************************************
[INFO] 2024-04-23 05:21:38.744 +0800 - Final Shell file is: 
[INFO] 2024-04-23 05:21:38.745 +0800 - ****************************** Script Content *****************************************************************
[INFO] 2024-04-23 05:21:38.746 +0800 - #!/bin/bash
BASEDIR=$(cd `dirname $0`; pwd)
cd $BASEDIR
export SPARK_HOME=/opt/spark-3.5.1-bin-hadoop3
export JAVA_HOME=/opt/java/openjdk
export HADOOP_CONF_DIR=/opt/hadoop-3.4.0/etc/hadoop
export PYSPARK_DRIVER_PYTHON=/bin/python3.11
$SPARK_HOME/bin/spark-submit \
    --master spark://spark-master:7077 \
    --conf spark.driver.cores=1 \
    --conf spark.driver.memory=512M \
    --conf spark.executor.instances=2 \
    --conf spark.executor.cores=2 \
    --conf spark.executor.memory=1G \
    --files /local_storage/reddit/processing/386-20240422.json \
    --name reddit_preprocessing spark_reddit_preprocessing.py

[INFO] 2024-04-23 05:21:38.747 +0800 - ****************************** Script Content *****************************************************************
[INFO] 2024-04-23 05:21:38.748 +0800 - Executing shell command : sudo -u default -i /tmp/dolphinscheduler/exec/process/default/13010050770016/13201021801792_67/442/1015/442_1015.sh
[INFO] 2024-04-23 05:21:38.760 +0800 - process start, process id is: 3046
[INFO] 2024-04-23 05:21:38.761 +0800 -  -> 
	sudo: unable to change directory to /home/default: No such file or directory
[INFO] 2024-04-23 05:21:44.791 +0800 -  -> 
	24/04/23 05:21:43 WARN NativeCodeLoader: Unable to load native-hadoop library for your platform... using builtin-java classes where applicable
[INFO] 2024-04-23 05:21:46.807 +0800 -  -> 
	24/04/23 05:21:45 INFO SparkContext: Running Spark version 3.5.1
	24/04/23 05:21:45 INFO SparkContext: OS info Linux, 6.5.0-28-generic, amd64
	24/04/23 05:21:45 INFO SparkContext: Java version 1.8.0_402
	24/04/23 05:21:46 INFO ResourceUtils: ==============================================================
	24/04/23 05:21:46 INFO ResourceUtils: No custom resources configured for spark.driver.
	24/04/23 05:21:46 INFO ResourceUtils: ==============================================================
	24/04/23 05:21:46 INFO SparkContext: Submitted application: reddit_preprocessing
	24/04/23 05:21:46 INFO ResourceProfile: Default ResourceProfile created, executor resources: Map(cores -> name: cores, amount: 2, script: , vendor: , memory -> name: memory, amount: 1024, script: , vendor: , offHeap -> name: offHeap, amount: 0, script: , vendor: ), task resources: Map(cpus -> name: cpus, amount: 1.0)
	24/04/23 05:21:46 INFO ResourceProfile: Limiting resource is cpus at 2 tasks per executor
	24/04/23 05:21:46 INFO ResourceProfileManager: Added ResourceProfile id: 0
	24/04/23 05:21:46 INFO SecurityManager: Changing view acls to: default
	24/04/23 05:21:46 INFO SecurityManager: Changing modify acls to: default
	24/04/23 05:21:46 INFO SecurityManager: Changing view acls groups to: 
	24/04/23 05:21:46 INFO SecurityManager: Changing modify acls groups to: 
	24/04/23 05:21:46 INFO SecurityManager: SecurityManager: authentication disabled; ui acls disabled; users with view permissions: default; groups with view permissions: EMPTY; users with modify permissions: default; groups with modify permissions: EMPTY
[INFO] 2024-04-23 05:21:47.808 +0800 -  -> 
	24/04/23 05:21:47 INFO Utils: Successfully started service 'sparkDriver' on port 43923.
	24/04/23 05:21:47 INFO SparkEnv: Registering MapOutputTracker
	24/04/23 05:21:47 INFO SparkEnv: Registering BlockManagerMaster
	24/04/23 05:21:47 INFO BlockManagerMasterEndpoint: Using org.apache.spark.storage.DefaultTopologyMapper for getting topology information
	24/04/23 05:21:47 INFO BlockManagerMasterEndpoint: BlockManagerMasterEndpoint up
	24/04/23 05:21:47 INFO SparkEnv: Registering BlockManagerMasterHeartbeat
	24/04/23 05:21:47 INFO DiskBlockManager: Created local directory at /tmp/blockmgr-cb37371d-5ca0-452d-893c-f0cba9fd1994
	24/04/23 05:21:47 INFO MemoryStore: MemoryStore started with capacity 93.3 MiB
	24/04/23 05:21:47 INFO SparkEnv: Registering OutputCommitCoordinator
	24/04/23 05:21:47 INFO JettyUtils: Start Jetty 0.0.0.0:4040 for SparkUI
[INFO] 2024-04-23 05:21:48.827 +0800 -  -> 
	24/04/23 05:21:47 WARN Utils: Service 'SparkUI' could not bind on port 4040. Attempting port 4041.
	24/04/23 05:21:47 WARN Utils: Service 'SparkUI' could not bind on port 4041. Attempting port 4042.
	24/04/23 05:21:47 WARN Utils: Service 'SparkUI' could not bind on port 4042. Attempting port 4043.
	24/04/23 05:21:47 INFO Utils: Successfully started service 'SparkUI' on port 4043.
	24/04/23 05:21:47 INFO SparkContext: Added file file:///local_storage/reddit/processing/386-20240422.json at spark://5a1e1e642ebe:43923/files/386-20240422.json with timestamp 1713820905862
	24/04/23 05:21:47 INFO Utils: Copying /local_storage/reddit/processing/386-20240422.json to /tmp/spark-69223968-9314-48dd-92bf-2cf68413805d/userFiles-7e1cf3e1-6671-4fe1-9c50-77761ca8cf33/386-20240422.json
	24/04/23 05:21:48 INFO StandaloneAppClient$ClientEndpoint: Connecting to master spark://spark-master:7077...
	24/04/23 05:21:48 INFO TransportClientFactory: Successfully created connection to spark-master/172.18.0.4:7077 after 79 ms (0 ms spent in bootstraps)
	24/04/23 05:21:48 INFO StandaloneSchedulerBackend: Connected to Spark cluster with app ID app-20240422212148-0005
	24/04/23 05:21:48 INFO Utils: Successfully started service 'org.apache.spark.network.netty.NettyBlockTransferService' on port 37557.
	24/04/23 05:21:48 INFO NettyBlockTransferService: Server created on 5a1e1e642ebe:37557
	24/04/23 05:21:48 INFO BlockManager: Using org.apache.spark.storage.RandomBlockReplicationPolicy for block replication policy
[INFO] 2024-04-23 05:21:49.833 +0800 -  -> 
	24/04/23 05:21:48 INFO BlockManagerMaster: Registering BlockManager BlockManagerId(driver, 5a1e1e642ebe, 37557, None)
	24/04/23 05:21:48 INFO BlockManagerMasterEndpoint: Registering block manager 5a1e1e642ebe:37557 with 93.3 MiB RAM, BlockManagerId(driver, 5a1e1e642ebe, 37557, None)
	24/04/23 05:21:48 INFO BlockManagerMaster: Registered BlockManager BlockManagerId(driver, 5a1e1e642ebe, 37557, None)
	24/04/23 05:21:48 INFO BlockManager: Initialized BlockManager: BlockManagerId(driver, 5a1e1e642ebe, 37557, None)
[INFO] 2024-04-23 05:21:50.840 +0800 -  -> 
	24/04/23 05:21:49 INFO StandaloneSchedulerBackend: SchedulerBackend is ready for scheduling beginning after reached minRegisteredResourcesRatio: 0.0
	lol
	 /local_storage/reddit/processing/386-20240422.json
[INFO] 2024-04-23 05:21:51.842 +0800 -  -> 
	root: /tmp/spark-69223968-9314-48dd-92bf-2cf68413805d/userFiles-7e1cf3e1-6671-4fe1-9c50-77761ca8cf33
	/tmp/dolphinscheduler/exec/process/default/13010050770016/13201021801792_67/442/1015
	24/04/23 05:21:50 INFO SharedState: Setting hive.metastore.warehouse.dir ('null') to the value of spark.sql.warehouse.dir.
	24/04/23 05:21:50 INFO SharedState: Warehouse path is 'file:/tmp/dolphinscheduler/exec/process/default/13010050770016/13201021801792_67/442/1015/spark-warehouse'.
[INFO] 2024-04-23 05:21:54.848 +0800 -  -> 
	24/04/23 05:21:54 INFO InMemoryFileIndex: It took 111 ms to list leaf files for 1 paths.
	24/04/23 05:21:54 INFO InMemoryFileIndex: It took 5 ms to list leaf files for 1 paths.
[INFO] 2024-04-23 05:22:00.890 +0800 -  -> 
	24/04/23 05:22:00 INFO FileSourceStrategy: Pushed Filters: 
	24/04/23 05:22:00 INFO FileSourceStrategy: Post-Scan Filters: 
[INFO] 2024-04-23 05:22:01.892 +0800 -  -> 
	24/04/23 05:22:01 INFO MemoryStore: Block broadcast_0 stored as values in memory (estimated size 351.5 KiB, free 93.0 MiB)
	24/04/23 05:22:01 INFO MemoryStore: Block broadcast_0_piece0 stored as bytes in memory (estimated size 34.6 KiB, free 92.9 MiB)
	24/04/23 05:22:01 INFO BlockManagerInfo: Added broadcast_0_piece0 in memory on 5a1e1e642ebe:37557 (size: 34.6 KiB, free: 93.3 MiB)
	24/04/23 05:22:01 INFO SparkContext: Created broadcast 0 from json at NativeMethodAccessorImpl.java:0
[INFO] 2024-04-23 05:22:02.898 +0800 -  -> 
	24/04/23 05:22:01 INFO FileSourceScanExec: Planning scan with bin packing, max size: 4194304 bytes, open cost is considered as scanning 4194304 bytes.
	24/04/23 05:22:02 INFO SparkContext: Starting job: json at NativeMethodAccessorImpl.java:0
	24/04/23 05:22:02 INFO DAGScheduler: Got job 0 (json at NativeMethodAccessorImpl.java:0) with 1 output partitions
	24/04/23 05:22:02 INFO DAGScheduler: Final stage: ResultStage 0 (json at NativeMethodAccessorImpl.java:0)
	24/04/23 05:22:02 INFO DAGScheduler: Parents of final stage: List()
	24/04/23 05:22:02 INFO DAGScheduler: Missing parents: List()
	24/04/23 05:22:02 INFO DAGScheduler: Submitting ResultStage 0 (MapPartitionsRDD[3] at json at NativeMethodAccessorImpl.java:0), which has no missing parents
[INFO] 2024-04-23 05:22:03.902 +0800 -  -> 
	24/04/23 05:22:02 INFO MemoryStore: Block broadcast_1 stored as values in memory (estimated size 16.5 KiB, free 92.9 MiB)
	24/04/23 05:22:02 INFO MemoryStore: Block broadcast_1_piece0 stored as bytes in memory (estimated size 7.8 KiB, free 92.9 MiB)
	24/04/23 05:22:02 INFO BlockManagerInfo: Added broadcast_1_piece0 in memory on 5a1e1e642ebe:37557 (size: 7.8 KiB, free: 93.3 MiB)
	24/04/23 05:22:02 INFO SparkContext: Created broadcast 1 from broadcast at DAGScheduler.scala:1585
	24/04/23 05:22:03 INFO DAGScheduler: Submitting 1 missing tasks from ResultStage 0 (MapPartitionsRDD[3] at json at NativeMethodAccessorImpl.java:0) (first 15 tasks are for partitions Vector(0))
	24/04/23 05:22:03 INFO TaskSchedulerImpl: Adding task set 0.0 with 1 tasks resource profile 0
[INFO] 2024-04-23 05:22:18.931 +0800 -  -> 
	24/04/23 05:22:18 WARN TaskSchedulerImpl: Initial job has not accepted any resources; check your cluster UI to ensure that workers are registered and have sufficient resources
[INFO] 2024-04-23 05:22:33.956 +0800 -  -> 
	24/04/23 05:22:33 WARN TaskSchedulerImpl: Initial job has not accepted any resources; check your cluster UI to ensure that workers are registered and have sufficient resources
[INFO] 2024-04-23 05:22:48.980 +0800 -  -> 
	24/04/23 05:22:48 WARN TaskSchedulerImpl: Initial job has not accepted any resources; check your cluster UI to ensure that workers are registered and have sufficient resources
[INFO] 2024-04-23 05:23:04.023 +0800 -  -> 
	24/04/23 05:23:03 WARN TaskSchedulerImpl: Initial job has not accepted any resources; check your cluster UI to ensure that workers are registered and have sufficient resources
[INFO] 2024-04-23 05:23:19.045 +0800 -  -> 
	24/04/23 05:23:18 WARN TaskSchedulerImpl: Initial job has not accepted any resources; check your cluster UI to ensure that workers are registered and have sufficient resources
[INFO] 2024-04-23 05:23:34.074 +0800 -  -> 
	24/04/23 05:23:33 WARN TaskSchedulerImpl: Initial job has not accepted any resources; check your cluster UI to ensure that workers are registered and have sufficient resources
[INFO] 2024-04-23 05:23:48.164 +0800 -  -> 
	24/04/23 05:23:48 WARN TaskSchedulerImpl: Initial job has not accepted any resources; check your cluster UI to ensure that workers are registered and have sufficient resources
[INFO] 2024-04-23 05:24:03.208 +0800 -  -> 
	24/04/23 05:24:03 WARN TaskSchedulerImpl: Initial job has not accepted any resources; check your cluster UI to ensure that workers are registered and have sufficient resources
[INFO] 2024-04-23 05:24:18.281 +0800 -  -> 
	24/04/23 05:24:18 WARN TaskSchedulerImpl: Initial job has not accepted any resources; check your cluster UI to ensure that workers are registered and have sufficient resources
[INFO] 2024-04-23 05:24:33.372 +0800 -  -> 
	24/04/23 05:24:33 WARN TaskSchedulerImpl: Initial job has not accepted any resources; check your cluster UI to ensure that workers are registered and have sufficient resources
[INFO] 2024-04-23 05:24:48.396 +0800 -  -> 
	24/04/23 05:24:48 WARN TaskSchedulerImpl: Initial job has not accepted any resources; check your cluster UI to ensure that workers are registered and have sufficient resources
[INFO] 2024-04-23 05:25:03.451 +0800 -  -> 
	24/04/23 05:25:03 WARN TaskSchedulerImpl: Initial job has not accepted any resources; check your cluster UI to ensure that workers are registered and have sufficient resources
[INFO] 2024-04-23 05:25:18.611 +0800 -  -> 
	24/04/23 05:25:18 WARN TaskSchedulerImpl: Initial job has not accepted any resources; check your cluster UI to ensure that workers are registered and have sufficient resources
[INFO] 2024-04-23 05:25:33.960 +0800 -  -> 
	24/04/23 05:25:33 WARN TaskSchedulerImpl: Initial job has not accepted any resources; check your cluster UI to ensure that workers are registered and have sufficient resources
[INFO] 2024-04-23 05:25:49.021 +0800 -  -> 
	24/04/23 05:25:48 WARN TaskSchedulerImpl: Initial job has not accepted any resources; check your cluster UI to ensure that workers are registered and have sufficient resources
[INFO] 2024-04-23 05:26:03.245 +0800 -  -> 
	24/04/23 05:26:03 WARN TaskSchedulerImpl: Initial job has not accepted any resources; check your cluster UI to ensure that workers are registered and have sufficient resources
[INFO] 2024-04-23 05:26:18.277 +0800 -  -> 
	24/04/23 05:26:18 WARN TaskSchedulerImpl: Initial job has not accepted any resources; check your cluster UI to ensure that workers are registered and have sufficient resources
[INFO] 2024-04-23 05:26:33.331 +0800 -  -> 
	24/04/23 05:26:33 WARN TaskSchedulerImpl: Initial job has not accepted any resources; check your cluster UI to ensure that workers are registered and have sufficient resources
[INFO] 2024-04-23 05:26:48.436 +0800 -  -> 
	24/04/23 05:26:48 WARN TaskSchedulerImpl: Initial job has not accepted any resources; check your cluster UI to ensure that workers are registered and have sufficient resources
[INFO] 2024-04-23 05:27:03.483 +0800 -  -> 
	24/04/23 05:27:03 WARN TaskSchedulerImpl: Initial job has not accepted any resources; check your cluster UI to ensure that workers are registered and have sufficient resources
[INFO] 2024-04-23 05:27:18.537 +0800 -  -> 
	24/04/23 05:27:18 WARN TaskSchedulerImpl: Initial job has not accepted any resources; check your cluster UI to ensure that workers are registered and have sufficient resources
[INFO] 2024-04-23 05:27:33.588 +0800 -  -> 
	24/04/23 05:27:33 WARN TaskSchedulerImpl: Initial job has not accepted any resources; check your cluster UI to ensure that workers are registered and have sufficient resources
[INFO] 2024-04-23 05:27:48.626 +0800 -  -> 
	24/04/23 05:27:48 WARN TaskSchedulerImpl: Initial job has not accepted any resources; check your cluster UI to ensure that workers are registered and have sufficient resources
[INFO] 2024-04-23 05:28:03.666 +0800 -  -> 
	24/04/23 05:28:03 WARN TaskSchedulerImpl: Initial job has not accepted any resources; check your cluster UI to ensure that workers are registered and have sufficient resources
[INFO] 2024-04-23 05:28:18.686 +0800 -  -> 
	24/04/23 05:28:18 WARN TaskSchedulerImpl: Initial job has not accepted any resources; check your cluster UI to ensure that workers are registered and have sufficient resources
[INFO] 2024-04-23 05:28:33.703 +0800 -  -> 
	24/04/23 05:28:33 WARN TaskSchedulerImpl: Initial job has not accepted any resources; check your cluster UI to ensure that workers are registered and have sufficient resources
[INFO] 2024-04-23 05:28:48.320 +0800 -  -> 
	24/04/23 05:28:48 WARN TaskSchedulerImpl: Initial job has not accepted any resources; check your cluster UI to ensure that workers are registered and have sufficient resources
[INFO] 2024-04-23 05:29:03.396 +0800 -  -> 
	24/04/23 05:29:03 WARN TaskSchedulerImpl: Initial job has not accepted any resources; check your cluster UI to ensure that workers are registered and have sufficient resources
[INFO] 2024-04-23 05:29:18.456 +0800 -  -> 
	24/04/23 05:29:18 WARN TaskSchedulerImpl: Initial job has not accepted any resources; check your cluster UI to ensure that workers are registered and have sufficient resources
[INFO] 2024-04-23 05:29:33.500 +0800 -  -> 
	24/04/23 05:29:33 WARN TaskSchedulerImpl: Initial job has not accepted any resources; check your cluster UI to ensure that workers are registered and have sufficient resources
[INFO] 2024-04-23 05:29:48.538 +0800 -  -> 
	24/04/23 05:29:48 WARN TaskSchedulerImpl: Initial job has not accepted any resources; check your cluster UI to ensure that workers are registered and have sufficient resources
[INFO] 2024-04-23 05:30:03.592 +0800 -  -> 
	24/04/23 05:30:03 WARN TaskSchedulerImpl: Initial job has not accepted any resources; check your cluster UI to ensure that workers are registered and have sufficient resources
[INFO] 2024-04-23 05:30:18.688 +0800 -  -> 
	24/04/23 05:30:18 WARN TaskSchedulerImpl: Initial job has not accepted any resources; check your cluster UI to ensure that workers are registered and have sufficient resources
[INFO] 2024-04-23 05:30:33.734 +0800 -  -> 
	24/04/23 05:30:33 WARN TaskSchedulerImpl: Initial job has not accepted any resources; check your cluster UI to ensure that workers are registered and have sufficient resources
[INFO] 2024-04-23 05:30:48.822 +0800 -  -> 
	24/04/23 05:30:48 WARN TaskSchedulerImpl: Initial job has not accepted any resources; check your cluster UI to ensure that workers are registered and have sufficient resources
[INFO] 2024-04-23 05:31:03.845 +0800 -  -> 
	24/04/23 05:31:03 WARN TaskSchedulerImpl: Initial job has not accepted any resources; check your cluster UI to ensure that workers are registered and have sufficient resources
[ERROR] 2024-04-23 05:31:14.131 +0800 - kill task error
java.io.IOException: Cannot run program "pstree": error=2, No such file or directory
	at java.lang.ProcessBuilder.start(ProcessBuilder.java:1048)
	at org.apache.dolphinscheduler.common.shell.AbstractShell.runCommand(AbstractShell.java:138)
	at org.apache.dolphinscheduler.common.shell.AbstractShell.run(AbstractShell.java:118)
	at org.apache.dolphinscheduler.common.shell.ShellExecutor.execute(ShellExecutor.java:125)
	at org.apache.dolphinscheduler.common.shell.ShellExecutor.execCommand(ShellExecutor.java:103)
	at org.apache.dolphinscheduler.common.shell.ShellExecutor.execCommand(ShellExecutor.java:86)
	at org.apache.dolphinscheduler.common.utils.OSUtils.exeShell(OSUtils.java:345)
	at org.apache.dolphinscheduler.common.utils.OSUtils.exeCmd(OSUtils.java:334)
	at org.apache.dolphinscheduler.plugin.task.api.utils.ProcessUtils.getPidsStr(ProcessUtils.java:129)
	at org.apache.dolphinscheduler.server.worker.runner.operator.TaskInstanceKillOperationFunction.killProcess(TaskInstanceKillOperationFunction.java:130)
	at org.apache.dolphinscheduler.server.worker.runner.operator.TaskInstanceKillOperationFunction.doKill(TaskInstanceKillOperationFunction.java:96)
	at org.apache.dolphinscheduler.server.worker.runner.operator.TaskInstanceKillOperationFunction.operate(TaskInstanceKillOperationFunction.java:69)
	at org.apache.dolphinscheduler.server.worker.rpc.TaskInstanceOperatorImpl.killTask(TaskInstanceOperatorImpl.java:49)
	at sun.reflect.NativeMethodAccessorImpl.invoke0(Native Method)
	at sun.reflect.NativeMethodAccessorImpl.invoke(NativeMethodAccessorImpl.java:62)
	at sun.reflect.DelegatingMethodAccessorImpl.invoke(DelegatingMethodAccessorImpl.java:43)
	at java.lang.reflect.Method.invoke(Method.java:498)
	at org.apache.dolphinscheduler.extract.base.server.ServerMethodInvokerImpl.invoke(ServerMethodInvokerImpl.java:41)
	at org.apache.dolphinscheduler.extract.base.server.JdkDynamicServerHandler.lambda$processReceived$0(JdkDynamicServerHandler.java:108)
	at java.util.concurrent.ThreadPoolExecutor.runWorker(ThreadPoolExecutor.java:1149)
	at java.util.concurrent.ThreadPoolExecutor$Worker.run(ThreadPoolExecutor.java:624)
	at java.lang.Thread.run(Thread.java:750)
Caused by: java.io.IOException: error=2, No such file or directory
	at java.lang.UNIXProcess.forkAndExec(Native Method)
	at java.lang.UNIXProcess.<init>(UNIXProcess.java:247)
	at java.lang.ProcessImpl.start(ProcessImpl.java:134)
	at java.lang.ProcessBuilder.start(ProcessBuilder.java:1029)
	... 21 common frames omitted
[INFO] 2024-04-23 05:31:14.136 +0800 - Get appIds from worker 172.18.1.1:1234, taskLogPath: /opt/dolphinscheduler/logs/20240423/13201021801792/67/442/1015.log
[INFO] 2024-04-23 05:31:14.136 +0800 - Start finding appId in /opt/dolphinscheduler/logs/20240423/13201021801792/67/442/1015.log, fetch way: log 
[INFO] 2024-04-23 05:31:14.136 +0800 - The appId is empty
[INFO] 2024-04-23 05:31:14.136 +0800 - Begin to kill process process, pid is : 3046
[ERROR] 2024-04-23 05:31:18.093 +0800 - Parse var pool error
java.io.IOException: Stream closed
	at java.io.BufferedInputStream.getBufIfOpen(BufferedInputStream.java:170)
	at java.io.BufferedInputStream.read1(BufferedInputStream.java:283)
	at java.io.BufferedInputStream.read(BufferedInputStream.java:345)
	at sun.nio.cs.StreamDecoder.readBytes(StreamDecoder.java:284)
	at sun.nio.cs.StreamDecoder.implRead(StreamDecoder.java:326)
	at sun.nio.cs.StreamDecoder.read(StreamDecoder.java:178)
	at java.io.InputStreamReader.read(InputStreamReader.java:184)
	at java.io.BufferedReader.fill(BufferedReader.java:161)
	at java.io.BufferedReader.readLine(BufferedReader.java:324)
	at java.io.BufferedReader.readLine(BufferedReader.java:389)
	at org.apache.dolphinscheduler.plugin.task.api.AbstractCommandExecutor.lambda$parseProcessOutput$1(AbstractCommandExecutor.java:273)
	at java.util.concurrent.Executors$RunnableAdapter.call(Executors.java:511)
	at java.util.concurrent.FutureTask.run(FutureTask.java:266)
	at java.util.concurrent.ScheduledThreadPoolExecutor$ScheduledFutureTask.access$201(ScheduledThreadPoolExecutor.java:180)
	at java.util.concurrent.ScheduledThreadPoolExecutor$ScheduledFutureTask.run(ScheduledThreadPoolExecutor.java:293)
	at java.util.concurrent.ThreadPoolExecutor.runWorker(ThreadPoolExecutor.java:1149)
	at java.util.concurrent.ThreadPoolExecutor$Worker.run(ThreadPoolExecutor.java:624)
	at java.lang.Thread.run(Thread.java:750)
[INFO] 2024-04-23 05:31:19.137 +0800 - Success kill task: 442_1015, pid: 3046
[INFO] 2024-04-23 05:31:19.139 +0800 - kill task by cancelApplication, taskInstanceId: 1015
[INFO] 2024-04-23 05:31:19.141 +0800 - process has killed. execute path:/tmp/dolphinscheduler/exec/process/default/13010050770016/13201021801792_67/442/1015, processId:3046 ,exitStatusCode:137 ,processWaitForStatus:true ,processExitValue:137
[INFO] 2024-04-23 05:31:19.143 +0800 - ***********************************************************************************************
[INFO] 2024-04-23 05:31:19.143 +0800 - *********************************  Finalize task instance  ************************************
[INFO] 2024-04-23 05:31:19.143 +0800 - ***********************************************************************************************
[INFO] 2024-04-23 05:31:19.143 +0800 - Upload output files: [] successfully
[INFO] 2024-04-23 05:31:19.147 +0800 - Send task execute status: KILL to master : 172.18.1.1:1234
[INFO] 2024-04-23 05:31:19.147 +0800 - Remove the current task execute context from worker cache
[INFO] 2024-04-23 05:31:19.147 +0800 - The current execute mode isn't develop mode, will clear the task execute file: /tmp/dolphinscheduler/exec/process/default/13010050770016/13201021801792_67/442/1015
[INFO] 2024-04-23 05:31:19.148 +0800 - Success clear the task execute file: /tmp/dolphinscheduler/exec/process/default/13010050770016/13201021801792_67/442/1015
[INFO] 2024-04-23 05:31:19.148 +0800 - FINALIZE_SESSION
