[INFO] 2024-05-07 13:04:06.071 +0800 - ***********************************************************************************************
[INFO] 2024-05-07 13:04:06.106 +0800 - *********************************  Initialize task context  ***********************************
[INFO] 2024-05-07 13:04:06.107 +0800 - ***********************************************************************************************
[INFO] 2024-05-07 13:04:06.108 +0800 - Begin to initialize task
[INFO] 2024-05-07 13:04:06.109 +0800 - Set task startTime: 1715058246109
[INFO] 2024-05-07 13:04:06.109 +0800 - Set task appId: 1098_3998
[INFO] 2024-05-07 13:04:06.112 +0800 - End initialize task {
  "taskInstanceId" : 3998,
  "taskName" : "duplicate_check",
  "firstSubmitTime" : 1715058246001,
  "startTime" : 1715058246109,
  "taskType" : "DATA_QUALITY",
  "workflowInstanceHost" : "172.18.0.15:5678",
  "host" : "172.18.1.1:1234",
  "logPath" : "/opt/dolphinscheduler/logs/20240507/13520356270336/2/1098/3998.log",
  "processId" : 0,
  "processDefineCode" : 13520356270336,
  "processDefineVersion" : 2,
  "processInstanceId" : 1098,
  "scheduleTime" : 0,
  "executorId" : 1,
  "cmdTypeIfComplement" : 0,
  "tenantCode" : "default",
  "processDefineId" : 0,
  "projectId" : 0,
  "projectCode" : 13001194483488,
  "taskParams" : "{\"localParams\":[],\"resourceList\":[],\"ruleId\":6,\"ruleInputParameter\":{\"check_type\":\"0\",\"comparison_type\":1,\"comparison_name\":\"0\",\"failure_strategy\":\"1\",\"operator\":\"0\",\"src_connector_type\":1,\"src_datasource_id\":5,\"src_database\":\"gnews_article_hash_db\",\"src_field\":\"hash\",\"src_table\":\"article_hashes\",\"threshold\":\"0\"},\"sparkParameters\":{\"deployMode\":\"local\",\"driverCores\":1,\"driverMemory\":\"512M\",\"executorCores\":2,\"executorMemory\":\"2G\",\"numExecutors\":2,\"others\":\"--conf spark.driver.extraJavaOptions=\\\"-Divy.cache.dir=/tmp -Divy.home=/tmp\\\" \\\\\\n--packages org.postgresql:postgresql:42.7.3\",\"yarnQueue\":\"\"}}",
  "environmentConfig" : "export SPARK_HOME=/opt/spark-3.5.1-bin-hadoop3\nexport JAVA_HOME=/opt/java/openjdk\nexport PYSPARK_DRIVER_PYTHON=/bin/python3.11\nexport PYSPARK_PYTHON=/bin/python3.11",
  "prepareParamsMap" : {
    "system.task.definition.name" : {
      "prop" : "system.task.definition.name",
      "direct" : "IN",
      "type" : "VARCHAR",
      "value" : "duplicate_check"
    },
    "system.project.name" : {
      "prop" : "system.project.name",
      "direct" : "IN",
      "type" : "VARCHAR",
      "value" : null
    },
    "system.project.code" : {
      "prop" : "system.project.code",
      "direct" : "IN",
      "type" : "VARCHAR",
      "value" : "13001194483488"
    },
    "system.workflow.instance.id" : {
      "prop" : "system.workflow.instance.id",
      "direct" : "IN",
      "type" : "VARCHAR",
      "value" : "1098"
    },
    "system.biz.curdate" : {
      "prop" : "system.biz.curdate",
      "direct" : "IN",
      "type" : "VARCHAR",
      "value" : "20240507"
    },
    "system.biz.date" : {
      "prop" : "system.biz.date",
      "direct" : "IN",
      "type" : "VARCHAR",
      "value" : "20240506"
    },
    "system.task.instance.id" : {
      "prop" : "system.task.instance.id",
      "direct" : "IN",
      "type" : "VARCHAR",
      "value" : "3998"
    },
    "system.workflow.definition.name" : {
      "prop" : "system.workflow.definition.name",
      "direct" : "IN",
      "type" : "VARCHAR",
      "value" : "duplicate_check"
    },
    "system.task.definition.code" : {
      "prop" : "system.task.definition.code",
      "direct" : "IN",
      "type" : "VARCHAR",
      "value" : "13520346003328"
    },
    "system.workflow.definition.code" : {
      "prop" : "system.workflow.definition.code",
      "direct" : "IN",
      "type" : "VARCHAR",
      "value" : "13520356270336"
    },
    "system.datetime" : {
      "prop" : "system.datetime",
      "direct" : "IN",
      "type" : "VARCHAR",
      "value" : "20240507130406"
    }
  },
  "taskAppId" : "1098_3998",
  "taskTimeout" : 2147483647,
  "workerGroup" : "default",
  "delayTime" : 0,
  "currentExecutionStatus" : "SUBMITTED_SUCCESS",
  "endTime" : 0,
  "dryRun" : 0,
  "paramsMap" : { },
  "dataQualityTaskExecutionContext" : {
    "ruleId" : 6,
    "ruleName" : "$t(uniqueness_check)",
    "ruleType" : 0,
    "ruleInputEntryList" : "[{\"id\":1,\"field\":\"src_connector_type\",\"type\":\"select\",\"title\":\"$t(src_connector_type)\",\"data\":\"\",\"options\":\"[{\\\"label\\\":\\\"HIVE\\\",\\\"value\\\":\\\"HIVE\\\"},{\\\"label\\\":\\\"JDBC\\\",\\\"value\\\":\\\"JDBC\\\"}]\",\"placeholder\":\"please select source connector type\",\"optionSourceType\":2,\"dataType\":2,\"inputType\":0,\"isShow\":true,\"canEdit\":true,\"isEmit\":true,\"isValidate\":false,\"valuesMap\":null,\"index\":1,\"createTime\":null,\"updateTime\":null},{\"id\":2,\"field\":\"src_datasource_id\",\"type\":\"select\",\"title\":\"$t(src_datasource_id)\",\"data\":\"\",\"options\":null,\"placeholder\":\"please select source datasource id\",\"optionSourceType\":1,\"dataType\":2,\"inputType\":0,\"isShow\":true,\"canEdit\":true,\"isEmit\":true,\"isValidate\":false,\"valuesMap\":null,\"index\":2,\"createTime\":null,\"updateTime\":null},{\"id\":30,\"field\":\"src_database\",\"type\":\"select\",\"title\":\"$t(src_database)\",\"data\":null,\"options\":null,\"placeholder\":\"Please select source database\",\"optionSourceType\":0,\"dataType\":0,\"inputType\":0,\"isShow\":true,\"canEdit\":true,\"isEmit\":true,\"isValidate\":true,\"valuesMap\":null,\"index\":2,\"createTime\":null,\"updateTime\":null},{\"id\":3,\"field\":\"src_table\",\"type\":\"select\",\"title\":\"$t(src_table)\",\"data\":null,\"options\":null,\"placeholder\":\"Please enter source table name\",\"optionSourceType\":0,\"dataType\":0,\"inputType\":0,\"isShow\":true,\"canEdit\":true,\"isEmit\":true,\"isValidate\":true,\"valuesMap\":null,\"index\":3,\"createTime\":null,\"updateTime\":null},{\"id\":4,\"field\":\"src_filter\",\"type\":\"input\",\"title\":\"$t(src_filter)\",\"data\":null,\"options\":null,\"placeholder\":\"Please enter filter expression\",\"optionSourceType\":0,\"dataType\":3,\"inputType\":0,\"isShow\":true,\"canEdit\":true,\"isEmit\":false,\"isValidate\":false,\"valuesMap\":null,\"index\":4,\"createTime\":null,\"updateTime\":null},{\"id\":5,\"field\":\"src_field\",\"type\":\"select\",\"title\":\"$t(src_field)\",\"data\":null,\"options\":null,\"placeholder\":\"Please enter column, only single column is supported\",\"optionSourceType\":0,\"dataType\":0,\"inputType\":0,\"isShow\":true,\"canEdit\":true,\"isEmit\":false,\"isValidate\":true,\"valuesMap\":null,\"index\":5,\"createTime\":null,\"updateTime\":null},{\"id\":6,\"field\":\"statistics_name\",\"type\":\"input\",\"title\":\"$t(statistics_name)\",\"data\":\"duplicate_count.duplicates\",\"options\":null,\"placeholder\":\"Please enter statistics name, the alias in statistics execute sql\",\"optionSourceType\":0,\"dataType\":0,\"inputType\":1,\"isShow\":false,\"canEdit\":false,\"isEmit\":false,\"isValidate\":true,\"valuesMap\":\"{\\\"statistics_name\\\":\\\"duplicate_count.duplicates\\\"}\",\"index\":6,\"createTime\":null,\"updateTime\":null},{\"id\":7,\"field\":\"check_type\",\"type\":\"select\",\"title\":\"$t(check_type)\",\"data\":\"0\",\"options\":\"[{\\\"label\\\":\\\"Expected - Actual\\\",\\\"value\\\":\\\"0\\\"},{\\\"label\\\":\\\"Actual - Expected\\\",\\\"value\\\":\\\"1\\\"},{\\\"label\\\":\\\"Actual / Expected\\\",\\\"value\\\":\\\"2\\\"},{\\\"label\\\":\\\"(Expected - Actual) / Expected\\\",\\\"value\\\":\\\"3\\\"}]\",\"placeholder\":\"please select check type\",\"optionSourceType\":0,\"dataType\":0,\"inputType\":3,\"isShow\":true,\"canEdit\":true,\"isEmit\":true,\"isValidate\":false,\"valuesMap\":null,\"index\":7,\"createTime\":null,\"updateTime\":null},{\"id\":8,\"field\":\"operator\",\"type\":\"select\",\"title\":\"$t(operator)\",\"data\":\"0\",\"options\":\"[{\\\"label\\\":\\\"=\\\",\\\"value\\\":\\\"0\\\"},{\\\"label\\\":\\\"<\\\",\\\"value\\\":\\\"1\\\"},{\\\"label\\\":\\\"<=\\\",\\\"value\\\":\\\"2\\\"},{\\\"label\\\":\\\">\\\",\\\"value\\\":\\\"3\\\"},{\\\"label\\\":\\\">=\\\",\\\"value\\\":\\\"4\\\"},{\\\"label\\\":\\\"!=\\\",\\\"value\\\":\\\"5\\\"}]\",\"placeholder\":\"please select operator\",\"optionSourceType\":0,\"dataType\":0,\"inputType\":3,\"isShow\":true,\"canEdit\":true,\"isEmit\":false,\"isValidate\":false,\"valuesMap\":null,\"index\":8,\"createTime\":null,\"updateTime\":null},{\"id\":9,\"field\":\"threshold\",\"type\":\"input\",\"title\":\"$t(threshold)\",\"data\":null,\"options\":null,\"placeholder\":\"Please enter threshold, number is needed\",\"optionSourceType\":0,\"dataType\":2,\"inputType\":3,\"isShow\":true,\"canEdit\":true,\"isEmit\":false,\"isValidate\":true,\"valuesMap\":null,\"index\":9,\"createTime\":null,\"updateTime\":null},{\"id\":10,\"field\":\"failure_strategy\",\"type\":\"select\",\"title\":\"$t(failure_strategy)\",\"data\":\"0\",\"options\":\"[{\\\"label\\\":\\\"Alert\\\",\\\"value\\\":\\\"0\\\"},{\\\"label\\\":\\\"Block\\\",\\\"value\\\":\\\"1\\\"}]\",\"placeholder\":\"please select failure strategy\",\"optionSourceType\":0,\"dataType\":0,\"inputType\":3,\"isShow\":true,\"canEdit\":true,\"isEmit\":false,\"isValidate\":false,\"valuesMap\":null,\"index\":10,\"createTime\":null,\"updateTime\":null},{\"id\":17,\"field\":\"comparison_name\",\"type\":\"input\",\"title\":\"$t(comparison_name)\",\"data\":null,\"options\":null,\"placeholder\":\"Please enter comparison name, the alias in comparison execute sql\",\"optionSourceType\":0,\"dataType\":0,\"inputType\":0,\"isShow\":false,\"canEdit\":false,\"isEmit\":false,\"isValidate\":true,\"valuesMap\":\"\",\"index\":11,\"createTime\":null,\"updateTime\":null},{\"id\":19,\"field\":\"comparison_type\",\"type\":\"select\",\"title\":\"$t(comparison_type)\",\"data\":\"\",\"options\":null,\"placeholder\":\"Please enter comparison title\",\"optionSourceType\":3,\"dataType\":0,\"inputType\":2,\"isShow\":true,\"canEdit\":false,\"isEmit\":true,\"isValidate\":false,\"valuesMap\":null,\"index\":12,\"createTime\":null,\"updateTime\":null}]",
    "executeSqlList" : "[{\"id\":6,\"index\":1,\"sql\":\"SELECT ${src_field} FROM ${src_table} group by ${src_field} having count(*) > 1\",\"tableAlias\":\"duplicate_items\",\"type\":0,\"createTime\":\"2021-03-03 11:31:24\",\"updateTime\":\"2021-03-03 11:31:24\",\"errorOutputSql\":true},{\"id\":7,\"index\":1,\"sql\":\"SELECT COUNT(*) AS duplicates FROM duplicate_items\",\"tableAlias\":\"duplicate_count\",\"type\":1,\"createTime\":\"2021-03-03 11:31:24\",\"updateTime\":\"2021-03-03 11:31:24\",\"errorOutputSql\":false}]",
    "comparisonNeedStatisticsValueTable" : false,
    "compareWithFixedValue" : true,
    "hdfsPath" : "hdfs://mycluster:8020/user/default/data_quality_error_data",
    "sourceConnectorType" : "JDBC",
    "sourceType" : 1,
    "sourceConnectionParams" : "{\"user\":\"root\",\"password\":\"******\",\"address\":\"jdbc:postgresql://dolphinscheduler-postgresql:5432\",\"database\":\"gnews_article_hash_db\",\"jdbcUrl\":\"jdbc:postgresql://dolphinscheduler-postgresql:5432/gnews_article_hash_db\",\"driverClassName\":\"org.postgresql.Driver\",\"validationQuery\":\"select version()\",\"other\":{\"password\":\"****\"}}",
    "targetConnectorType" : null,
    "targetType" : 0,
    "targetConnectionParams" : null,
    "writerConnectorType" : "JDBC",
    "writerType" : 1,
    "writerTable" : "t_ds_dq_execute_result",
    "writerConnectionParams" : "{\"user\":\"root\",\"password\":\"****\",\"address\":\"jdbc:postgresql://dolphinscheduler-postgresql:5432\",\"database\":\"dolphinscheduler\",\"jdbcUrl\":\"jdbc:postgresql://dolphinscheduler-postgresql:5432/dolphinscheduler\"}",
    "statisticsValueConnectorType" : "JDBC",
    "statisticsValueType" : 1,
    "statisticsValueTable" : "t_ds_dq_task_statistics_value",
    "statisticsValueWriterConnectionParams" : "{\"user\":\"root\",\"password\":\"****\",\"address\":\"jdbc:postgresql://dolphinscheduler-postgresql:5432\",\"database\":\"dolphinscheduler\",\"jdbcUrl\":\"jdbc:postgresql://dolphinscheduler-postgresql:5432/dolphinscheduler\"}"
  },
  "cpuQuota" : -1,
  "memoryMax" : -1,
  "testFlag" : 0,
  "logBufferEnable" : false,
  "dispatchFailTimes" : 0
}
[INFO] 2024-05-07 13:04:06.115 +0800 - ***********************************************************************************************
[INFO] 2024-05-07 13:04:06.116 +0800 - *********************************  Load task instance plugin  *********************************
[INFO] 2024-05-07 13:04:06.116 +0800 - ***********************************************************************************************
[INFO] 2024-05-07 13:04:06.133 +0800 - Send task status RUNNING_EXECUTION master: 172.18.1.1:1234
[INFO] 2024-05-07 13:04:06.134 +0800 - TenantCode: default check successfully
[INFO] 2024-05-07 13:04:06.136 +0800 - WorkflowInstanceExecDir: /tmp/dolphinscheduler/exec/process/default/13001194483488/13520356270336_2/1098/3998 check successfully
[INFO] 2024-05-07 13:04:06.138 +0800 - Create TaskChannel: org.apache.dolphinscheduler.plugin.task.dq.DataQualityTaskChannel successfully
[INFO] 2024-05-07 13:04:06.139 +0800 - Download resources successfully: 
ResourceContext(resourceItemMap={})
[INFO] 2024-05-07 13:04:06.142 +0800 - Download upstream files: [] successfully
[INFO] 2024-05-07 13:04:06.142 +0800 - Task plugin instance: DATA_QUALITY create successfully
[INFO] 2024-05-07 13:04:06.143 +0800 - Initialize data quality task params {
  "localParams" : [ ],
  "varPool" : null,
  "ruleId" : 6,
  "ruleInputParameter" : {
    "check_type" : "0",
    "comparison_type" : "1",
    "comparison_name" : "0",
    "failure_strategy" : "1",
    "operator" : "0",
    "src_connector_type" : "1",
    "src_datasource_id" : "5",
    "src_database" : "gnews_article_hash_db",
    "src_field" : "hash",
    "src_table" : "article_hashes",
    "threshold" : "0"
  },
  "sparkParameters" : {
    "localParams" : null,
    "varPool" : null,
    "mainJar" : null,
    "mainClass" : null,
    "deployMode" : "local",
    "mainArgs" : null,
    "driverCores" : 1,
    "driverMemory" : "512M",
    "numExecutors" : 2,
    "executorCores" : 2,
    "executorMemory" : "2G",
    "appName" : null,
    "yarnQueue" : "",
    "others" : "--conf spark.driver.extraJavaOptions=\"-Divy.cache.dir=/tmp -Divy.home=/tmp\" \\\n--packages org.postgresql:postgresql:42.7.3",
    "programType" : null,
    "resourceList" : [ ]
  }
}
[INFO] 2024-05-07 13:04:06.146 +0800 - data quality configuration: {
  "name" : "$t(uniqueness_check)",
  "env" : {
    "type" : "batch",
    "config" : null
  },
  "readers" : [ {
    "type" : "JDBC",
    "config" : {
      "database" : "gnews_article_hash_db",
      "password" : "******",
      "driver" : "org.postgresql.Driver",
      "user" : "root",
      "output_table" : "gnews_article_hash_db_article_hashes",
      "table" : "article_hashes",
      "url" : "jdbc:postgresql://dolphinscheduler-postgresql:5432/gnews_article_hash_db?password=root"
    }
  } ],
  "transformers" : [ {
    "type" : "sql",
    "config" : {
      "index" : 1,
      "output_table" : "duplicate_items",
      "sql" : "SELECT hash FROM gnews_article_hash_db_article_hashes group by hash having count(*) > 1"
    }
  }, {
    "type" : "sql",
    "config" : {
      "index" : 2,
      "output_table" : "duplicate_count",
      "sql" : "SELECT COUNT(*) AS duplicates FROM duplicate_items"
    }
  } ],
  "writers" : [ {
    "type" : "JDBC",
    "config" : {
      "database" : "dolphinscheduler",
      "password" : "****",
      "driver" : "org.postgresql.Driver",
      "user" : "root",
      "table" : "t_ds_dq_execute_result",
      "url" : "jdbc:postgresql://dolphinscheduler-postgresql:5432/dolphinscheduler",
      "sql" : "select 0 as rule_type,'$t(uniqueness_check)' as rule_name,0 as process_definition_id,1098 as process_instance_id,3998 as task_instance_id,duplicate_count.duplicates AS statistics_value,0 AS comparison_value,1 AS comparison_type,0 as check_type,0 as threshold,0 as operator,1 as failure_strategy,'hdfs://mycluster:8020/user/default/data_quality_error_data/0_1098_duplicate_check' as error_output_path,'2024-05-07 13:04:06' as create_time,'2024-05-07 13:04:06' as update_time from duplicate_count "
    }
  }, {
    "type" : "JDBC",
    "config" : {
      "database" : "dolphinscheduler",
      "password" : "****",
      "driver" : "org.postgresql.Driver",
      "user" : "root",
      "table" : "t_ds_dq_task_statistics_value",
      "url" : "jdbc:postgresql://dolphinscheduler-postgresql:5432/dolphinscheduler",
      "sql" : "select 0 as process_definition_id,3998 as task_instance_id,6 as rule_id,'DZCW3I5WNG8NHLKOL6KOERQY9YLFPIMPJZG2BME8ELS=' as unique_code,'duplicate_count.duplicates'AS statistics_name,duplicate_count.duplicates AS statistics_value,'2024-05-07 13:04:06' as data_time,'2024-05-07 13:04:06' as create_time,'2024-05-07 13:04:06' as update_time from duplicate_count"
    }
  }, {
    "type" : "hdfs_file",
    "config" : {
      "path" : "hdfs://mycluster:8020/user/default/data_quality_error_data/0_1098_duplicate_check",
      "input_table" : "duplicate_items"
    }
  } ]
}
[INFO] 2024-05-07 13:04:06.147 +0800 - Trying to get data quality jar in path
[INFO] 2024-05-07 13:04:06.147 +0800 - Success initialized task plugin instance successfully
[INFO] 2024-05-07 13:04:06.147 +0800 - Set taskVarPool: null successfully
[INFO] 2024-05-07 13:04:06.147 +0800 - ***********************************************************************************************
[INFO] 2024-05-07 13:04:06.147 +0800 - *********************************  Execute task instance  *************************************
[INFO] 2024-05-07 13:04:06.148 +0800 - ***********************************************************************************************
[INFO] 2024-05-07 13:04:06.148 +0800 - Final Shell file is: 
[INFO] 2024-05-07 13:04:06.149 +0800 - ****************************** Script Content *****************************************************************
[INFO] 2024-05-07 13:04:06.149 +0800 - #!/bin/bash
BASEDIR=$(cd `dirname $0`; pwd)
cd $BASEDIR
export SPARK_HOME=/opt/spark-3.5.1-bin-hadoop3
export JAVA_HOME=/opt/java/openjdk
export PYSPARK_DRIVER_PYTHON=/bin/python3.11
export PYSPARK_PYTHON=/bin/python3.11
${SPARK_HOME}/bin/spark-submit --master local --driver-cores 1 --driver-memory 512M --num-executors 2 --executor-cores 2 --executor-memory 2G --conf spark.driver.extraJavaOptions="-Divy.cache.dir=/tmp -Divy.home=/tmp" \
--packages org.postgresql:postgresql:42.7.3 /opt/dolphinscheduler/conf/../libs/dolphinscheduler-data-quality-3.2.1.jar "{\"name\":\"$t(uniqueness_check)\",\"env\":{\"type\":\"batch\",\"config\":null},\"readers\":[{\"type\":\"JDBC\",\"config\":{\"database\":\"gnews_article_hash_db\",\"password\":\"******\",\"driver\":\"org.postgresql.Driver\",\"user\":\"root\",\"output_table\":\"gnews_article_hash_db_article_hashes\",\"table\":\"article_hashes\",\"url\":\"jdbc:postgresql://dolphinscheduler-postgresql:5432/gnews_article_hash_db?password=root\"} }],\"transformers\":[{\"type\":\"sql\",\"config\":{\"index\":1,\"output_table\":\"duplicate_items\",\"sql\":\"SELECT hash FROM gnews_article_hash_db_article_hashes group by hash having count(*) > 1\"} },{\"type\":\"sql\",\"config\":{\"index\":2,\"output_table\":\"duplicate_count\",\"sql\":\"SELECT COUNT(*) AS duplicates FROM duplicate_items\"} }],\"writers\":[{\"type\":\"JDBC\",\"config\":{\"database\":\"dolphinscheduler\",\"password\":\"****\",\"driver\":\"org.postgresql.Driver\",\"user\":\"root\",\"table\":\"t_ds_dq_execute_result\",\"url\":\"jdbc:postgresql://dolphinscheduler-postgresql:5432/dolphinscheduler\",\"sql\":\"select 0 as rule_type,'$t(uniqueness_check)' as rule_name,0 as process_definition_id,1098 as process_instance_id,3998 as task_instance_id,duplicate_count.duplicates AS statistics_value,0 AS comparison_value,1 AS comparison_type,0 as check_type,0 as threshold,0 as operator,1 as failure_strategy,'hdfs://mycluster:8020/user/default/data_quality_error_data/0_1098_duplicate_check' as error_output_path,'2024-05-07 13:04:06' as create_time,'2024-05-07 13:04:06' as update_time from duplicate_count \"} },{\"type\":\"JDBC\",\"config\":{\"database\":\"dolphinscheduler\",\"password\":\"****\",\"driver\":\"org.postgresql.Driver\",\"user\":\"root\",\"table\":\"t_ds_dq_task_statistics_value\",\"url\":\"jdbc:postgresql://dolphinscheduler-postgresql:5432/dolphinscheduler\",\"sql\":\"select 0 as process_definition_id,3998 as task_instance_id,6 as rule_id,'DZCW3I5WNG8NHLKOL6KOERQY9YLFPIMPJZG2BME8ELS=' as unique_code,'duplicate_count.duplicates'AS statistics_name,duplicate_count.duplicates AS statistics_value,'2024-05-07 13:04:06' as data_time,'2024-05-07 13:04:06' as create_time,'2024-05-07 13:04:06' as update_time from duplicate_count\"} },{\"type\":\"hdfs_file\",\"config\":{\"path\":\"hdfs://mycluster:8020/user/default/data_quality_error_data/0_1098_duplicate_check\",\"input_table\":\"duplicate_items\"} }]}"
[INFO] 2024-05-07 13:04:06.150 +0800 - ****************************** Script Content *****************************************************************
[INFO] 2024-05-07 13:04:06.150 +0800 - Executing shell command : sudo -u default -i /tmp/dolphinscheduler/exec/process/default/13001194483488/13520356270336_2/1098/3998/1098_3998.sh
[INFO] 2024-05-07 13:04:06.159 +0800 - process start, process id is: 571
[INFO] 2024-05-07 13:04:06.180 +0800 -  -> 
	sudo: unable to change directory to /home/default: No such file or directory
[INFO] 2024-05-07 13:04:11.207 +0800 -  -> 
	:: loading settings :: url = jar:file:/opt/spark-3.5.1-bin-hadoop3/jars/ivy-2.5.1.jar!/org/apache/ivy/core/settings/ivysettings.xml
	Ivy Default Cache set to: /tmp
	The jars for the packages stored in: /tmp/jars
	org.postgresql#postgresql added as a dependency
	:: resolving dependencies :: org.apache.spark#spark-submit-parent-c1e644cf-1b96-40f5-b960-0549f01885e0;1.0
		confs: [default]
		found org.postgresql#postgresql;42.7.3 in central
		found org.checkerframework#checker-qual;3.42.0 in central
	:: resolution report :: resolve 174ms :: artifacts dl 14ms
		:: modules in use:
		org.checkerframework#checker-qual;3.42.0 from central in [default]
		org.postgresql#postgresql;42.7.3 from central in [default]
		---------------------------------------------------------------------
		|                  |            modules            ||   artifacts   |
		|       conf       | number| search|dwnlded|evicted|| number|dwnlded|
		---------------------------------------------------------------------
		|      default     |   2   |   0   |   0   |   0   ||   2   |   0   |
		---------------------------------------------------------------------
	:: retrieving :: org.apache.spark#spark-submit-parent-c1e644cf-1b96-40f5-b960-0549f01885e0
		confs: [default]
[INFO] 2024-05-07 13:04:12.210 +0800 -  -> 
		0 artifacts copied, 2 already retrieved (0kB/7ms)
	24/05/07 13:04:11 WARN NativeCodeLoader: Unable to load native-hadoop library for your platform... using builtin-java classes where applicable
[INFO] 2024-05-07 13:04:13.218 +0800 -  -> 
	24/05/07 13:04:12 INFO SparkContext: Running Spark version 3.5.1
	24/05/07 13:04:12 INFO SparkContext: OS info Linux, 6.5.0-28-generic, amd64
	24/05/07 13:04:12 INFO SparkContext: Java version 1.8.0_402
	24/05/07 13:04:12 INFO ResourceUtils: ==============================================================
	24/05/07 13:04:12 INFO ResourceUtils: No custom resources configured for spark.driver.
	24/05/07 13:04:12 INFO ResourceUtils: ==============================================================
	24/05/07 13:04:12 INFO SparkContext: Submitted application: (uniqueness_check)
	24/05/07 13:04:12 INFO ResourceProfile: Default ResourceProfile created, executor resources: Map(cores -> name: cores, amount: 1, script: , vendor: , memory -> name: memory, amount: 1024, script: , vendor: , offHeap -> name: offHeap, amount: 0, script: , vendor: ), task resources: Map(cpus -> name: cpus, amount: 1.0)
	24/05/07 13:04:12 INFO ResourceProfile: Limiting resource is cpu
	24/05/07 13:04:12 INFO ResourceProfileManager: Added ResourceProfile id: 0
	24/05/07 13:04:12 INFO SecurityManager: Changing view acls to: default
	24/05/07 13:04:12 INFO SecurityManager: Changing modify acls to: default
	24/05/07 13:04:12 INFO SecurityManager: Changing view acls groups to: 
	24/05/07 13:04:12 INFO SecurityManager: Changing modify acls groups to: 
	24/05/07 13:04:12 INFO SecurityManager: SecurityManager: authentication disabled; ui acls disabled; users with view permissions: default; groups with view permissions: EMPTY; users with modify permissions: default; groups with modify permissions: EMPTY
[INFO] 2024-05-07 13:04:14.231 +0800 -  -> 
	24/05/07 13:04:13 INFO Utils: Successfully started service 'sparkDriver' on port 33909.
	24/05/07 13:04:13 INFO SparkEnv: Registering MapOutputTracker
	24/05/07 13:04:14 INFO SparkEnv: Registering BlockManagerMaster
	24/05/07 13:04:14 INFO BlockManagerMasterEndpoint: Using org.apache.spark.storage.DefaultTopologyMapper for getting topology information
	24/05/07 13:04:14 INFO BlockManagerMasterEndpoint: BlockManagerMasterEndpoint up
	24/05/07 13:04:14 INFO SparkEnv: Registering BlockManagerMasterHeartbeat
	24/05/07 13:04:14 INFO DiskBlockManager: Created local directory at /tmp/blockmgr-4b0fe4c8-027c-4490-9fe1-b4d55f22b17c
	24/05/07 13:04:14 INFO MemoryStore: MemoryStore started with capacity 93.3 MiB
[INFO] 2024-05-07 13:04:15.246 +0800 -  -> 
	24/05/07 13:04:14 INFO SparkEnv: Registering OutputCommitCoordinator
	24/05/07 13:04:14 INFO JettyUtils: Start Jetty 0.0.0.0:4040 for SparkUI
	24/05/07 13:04:14 INFO Utils: Successfully started service 'SparkUI' on port 4040.
	24/05/07 13:04:14 INFO SparkContext: Added JAR file:///tmp/jars/org.postgresql_postgresql-42.7.3.jar at spark://cd1b3523ffb1:33909/jars/org.postgresql_postgresql-42.7.3.jar with timestamp 1715058252455
	24/05/07 13:04:14 INFO SparkContext: Added JAR file:///tmp/jars/org.checkerframework_checker-qual-3.42.0.jar at spark://cd1b3523ffb1:33909/jars/org.checkerframework_checker-qual-3.42.0.jar with timestamp 1715058252455
	24/05/07 13:04:14 INFO SparkContext: Added JAR file:/opt/dolphinscheduler/libs/dolphinscheduler-data-quality-3.2.1.jar at spark://cd1b3523ffb1:33909/jars/dolphinscheduler-data-quality-3.2.1.jar with timestamp 1715058252455
[INFO] 2024-05-07 13:04:16.262 +0800 -  -> 
	24/05/07 13:04:15 INFO Executor: Starting executor ID driver on host cd1b3523ffb1
	24/05/07 13:04:15 INFO Executor: OS info Linux, 6.5.0-28-generic, amd64
	24/05/07 13:04:15 INFO Executor: Java version 1.8.0_402
	24/05/07 13:04:15 INFO Executor: Starting executor with user classpath (userClassPathFirst = false): ''
	24/05/07 13:04:15 INFO Executor: Created or updated repl class loader org.apache.spark.util.MutableURLClassLoader@698fee9a for default.
	24/05/07 13:04:15 INFO Executor: Fetching spark://cd1b3523ffb1:33909/jars/org.checkerframework_checker-qual-3.42.0.jar with timestamp 1715058252455
	24/05/07 13:04:15 INFO TransportClientFactory: Successfully created connection to cd1b3523ffb1/172.18.1.1:33909 after 78 ms (0 ms spent in bootstraps)
	24/05/07 13:04:15 INFO Utils: Fetching spark://cd1b3523ffb1:33909/jars/org.checkerframework_checker-qual-3.42.0.jar to /tmp/spark-cb573191-7300-4a7f-8ae6-3db8c0000ecc/userFiles-c9013220-8e0c-48ce-91da-38ad1397b908/fetchFileTemp2452918185444901488.tmp
	24/05/07 13:04:15 INFO Executor: Adding file:/tmp/spark-cb573191-7300-4a7f-8ae6-3db8c0000ecc/userFiles-c9013220-8e0c-48ce-91da-38ad1397b908/org.checkerframework_checker-qual-3.42.0.jar to class loader default
	24/05/07 13:04:15 INFO Executor: Fetching spark://cd1b3523ffb1:33909/jars/dolphinscheduler-data-quality-3.2.1.jar with timestamp 1715058252455
	24/05/07 13:04:15 INFO Utils: Fetching spark://cd1b3523ffb1:33909/jars/dolphinscheduler-data-quality-3.2.1.jar to /tmp/spark-cb573191-7300-4a7f-8ae6-3db8c0000ecc/userFiles-c9013220-8e0c-48ce-91da-38ad1397b908/fetchFileTemp3366272787109389548.tmp
	24/05/07 13:04:15 INFO Executor: Adding file:/tmp/spark-cb573191-7300-4a7f-8ae6-3db8c0000ecc/userFiles-c9013220-8e0c-48ce-91da-38ad1397b908/dolphinscheduler-data-quality-3.2.1.jar to class loader default
	24/05/07 13:04:15 INFO Executor: Fetching spark://cd1b3523ffb1:33909/jars/org.postgresql_postgresql-42.7.3.jar with timestamp 1715058252455
	24/05/07 13:04:15 INFO Utils: Fetching spark://cd1b3523ffb1:33909/jars/org.postgresql_postgresql-42.7.3.jar to /tmp/spark-cb573191-7300-4a7f-8ae6-3db8c0000ecc/userFiles-c9013220-8e0c-48ce-91da-38ad1397b908/fetchFileTemp5121396237691486610.tmp
	24/05/07 13:04:15 INFO Executor: Adding file:/tmp/spark-cb573191-7300-4a7f-8ae6-3db8c0000ecc/userFiles-c9013220-8e0c-48ce-91da-38ad1397b908/org.postgresql_postgresql-42.7.3.jar to class loader default
	24/05/07 13:04:15 INFO Utils: Successfully started service 'org.apache.spark.network.netty.NettyBlockTransferService' on port 45421.
	24/05/07 13:04:15 INFO NettyBlockTransferService: Server created on cd1b3523ffb1:45421
	24/05/07 13:04:15 INFO BlockManager: Using org.apache.spark.storage.RandomBlockReplicationPolicy for block replication policy
	24/05/07 13:04:15 INFO BlockManagerMaster: Registering BlockManager BlockManagerId(driver, cd1b3523ffb1, 45421, None)
	24/05/07 13:04:15 INFO BlockManagerMasterEndpoint: Registering block manager cd1b3523ffb1:45421 with 93.3 MiB RAM, BlockManagerId(driver, cd1b3523ffb1, 45421, None)
	24/05/07 13:04:15 INFO BlockManagerMaster: Registered BlockManager BlockManagerId(driver, cd1b3523ffb1, 45421, None)
	24/05/07 13:04:15 INFO BlockManager: Initialized BlockManager: BlockManagerId(driver, cd1b3523ffb1, 45421, None)
[INFO] 2024-05-07 13:04:17.267 +0800 -  -> 
	24/05/07 13:04:16 INFO SharedState: Setting hive.metastore.warehouse.dir ('null') to the value of spark.sql.warehouse.dir.
	24/05/07 13:04:16 INFO SharedState: Warehouse path is 'file:/tmp/dolphinscheduler/exec/process/default/13001194483488/13520356270336_2/1098/3998/spark-warehouse'.
[INFO] 2024-05-07 13:04:20.269 +0800 -  -> 
	Exception in thread "main" org.postgresql.util.PSQLException: ERROR: relation "gnews_article_hash_db.article_hashes" does not exist
	  Position: 15
		at org.postgresql.core.v3.QueryExecutorImpl.receiveErrorResponse(QueryExecutorImpl.java:2725)
		at org.postgresql.core.v3.QueryExecutorImpl.processResults(QueryExecutorImpl.java:2412)
		at org.postgresql.core.v3.QueryExecutorImpl.execute(QueryExecutorImpl.java:371)
		at org.postgresql.jdbc.PgStatement.executeInternal(PgStatement.java:502)
		at org.postgresql.jdbc.PgStatement.execute(PgStatement.java:419)
		at org.postgresql.jdbc.PgPreparedStatement.executeWithFlags(PgPreparedStatement.java:194)
		at org.postgresql.jdbc.PgPreparedStatement.executeQuery(PgPreparedStatement.java:137)
		at org.apache.spark.sql.execution.datasources.jdbc.JDBCRDD$.getQueryOutputSchema(JDBCRDD.scala:68)
		at org.apache.spark.sql.execution.datasources.jdbc.JDBCRDD$.resolveTable(JDBCRDD.scala:58)
		at org.apache.spark.sql.execution.datasources.jdbc.JDBCRelation$.getSchema(JDBCRelation.scala:241)
		at org.apache.spark.sql.execution.datasources.jdbc.JdbcRelationProvider.createRelation(JdbcRelationProvider.scala:37)
		at org.apache.spark.sql.execution.datasources.DataSource.resolveRelation(DataSource.scala:346)
		at org.apache.spark.sql.DataFrameReader.loadV1Source(DataFrameReader.scala:229)
		at org.apache.spark.sql.DataFrameReader.$anonfun$load$2(DataFrameReader.scala:211)
		at scala.Option.getOrElse(Option.scala:189)
		at org.apache.spark.sql.DataFrameReader.load(DataFrameReader.scala:211)
		at org.apache.spark.sql.DataFrameReader.load(DataFrameReader.scala:172)
		at org.apache.dolphinscheduler.data.quality.flow.batch.reader.JdbcReader.read(JdbcReader.java:74)
		at org.apache.dolphinscheduler.data.quality.execution.SparkBatchExecution.registerInputTempView(SparkBatchExecution.java:77)
		at org.apache.dolphinscheduler.data.quality.execution.SparkBatchExecution.lambda$execute$0(SparkBatchExecution.java:48)
		at java.util.ArrayList.forEach(ArrayList.java:1259)
		at org.apache.dolphinscheduler.data.quality.execution.SparkBatchExecution.execute(SparkBatchExecution.java:48)
		at org.apache.dolphinscheduler.data.quality.context.DataQualityContext.execute(DataQualityContext.java:62)
		at org.apache.dolphinscheduler.data.quality.DataQualityApplication.main(DataQualityApplication.java:78)
		at sun.reflect.NativeMethodAccessorImpl.invoke0(Native Method)
		at sun.reflect.NativeMethodAccessorImpl.invoke(NativeMethodAccessorImpl.java:62)
		at sun.reflect.DelegatingMethodAccessorImpl.invoke(DelegatingMethodAccessorImpl.java:43)
		at java.lang.reflect.Method.invoke(Method.java:498)
		at org.apache.spark.deploy.JavaMainApplication.start(SparkApplication.scala:52)
		at org.apache.spark.deploy.SparkSubmit.org$apache$spark$deploy$SparkSubmit$$runMain(SparkSubmit.scala:1029)
		at org.apache.spark.deploy.SparkSubmit.doRunMain$1(SparkSubmit.scala:194)
		at org.apache.spark.deploy.SparkSubmit.submit(SparkSubmit.scala:217)
		at org.apache.spark.deploy.SparkSubmit.doSubmit(SparkSubmit.scala:91)
		at org.apache.spark.deploy.SparkSubmit$$anon$2.doSubmit(SparkSubmit.scala:1120)
		at org.apache.spark.deploy.SparkSubmit$.main(SparkSubmit.scala:1129)
		at org.apache.spark.deploy.SparkSubmit.main(SparkSubmit.scala)
	24/05/07 13:04:19 INFO SparkContext: Invoking stop() from shutdown hook
	24/05/07 13:04:19 INFO SparkContext: SparkContext is stopping with exitCode 0.
	24/05/07 13:04:19 INFO SparkUI: Stopped Spark web UI at http://cd1b3523ffb1:4040
	24/05/07 13:04:19 INFO MapOutputTrackerMasterEndpoint: MapOutputTrackerMasterEndpoint stopped!
	24/05/07 13:04:19 INFO MemoryStore: MemoryStore cleared
	24/05/07 13:04:19 INFO BlockManager: BlockManager stopped
	24/05/07 13:04:19 INFO BlockManagerMaster: BlockManagerMaster stopped
	24/05/07 13:04:19 INFO OutputCommitCoordinator$OutputCommitCoordinatorEndpoint: OutputCommitCoordinator stopped!
	24/05/07 13:04:20 INFO SparkContext: Successfully stopped SparkContext
	24/05/07 13:04:20 INFO ShutdownHookManager: Shutdown hook called
	24/05/07 13:04:20 INFO ShutdownHookManager: Deleting directory /tmp/spark-cb573191-7300-4a7f-8ae6-3db8c0000ecc
	24/05/07 13:04:20 INFO ShutdownHookManager: Deleting directory /tmp/spark-e21eb049-fafc-47ec-ac71-e0cb6c683ffe
[INFO] 2024-05-07 13:04:20.271 +0800 - process has exited. execute path:/tmp/dolphinscheduler/exec/process/default/13001194483488/13520356270336_2/1098/3998, processId:571 ,exitStatusCode:1 ,processWaitForStatus:true ,processExitValue:1
[INFO] 2024-05-07 13:04:20.271 +0800 - Start finding appId in /opt/dolphinscheduler/logs/20240507/13520356270336/2/1098/3998.log, fetch way: log 
[INFO] 2024-05-07 13:04:20.273 +0800 - ***********************************************************************************************
[INFO] 2024-05-07 13:04:20.273 +0800 - *********************************  Finalize task instance  ************************************
[INFO] 2024-05-07 13:04:20.274 +0800 - ***********************************************************************************************
[INFO] 2024-05-07 13:04:20.275 +0800 - Upload output files: [] successfully
[INFO] 2024-05-07 13:04:20.282 +0800 - Send task execute status: FAILURE to master : 172.18.1.1:1234
[INFO] 2024-05-07 13:04:20.301 +0800 - Remove the current task execute context from worker cache
[INFO] 2024-05-07 13:04:20.304 +0800 - The current execute mode isn't develop mode, will clear the task execute file: /tmp/dolphinscheduler/exec/process/default/13001194483488/13520356270336_2/1098/3998
[INFO] 2024-05-07 13:04:20.313 +0800 - Success clear the task execute file: /tmp/dolphinscheduler/exec/process/default/13001194483488/13520356270336_2/1098/3998
[INFO] 2024-05-07 13:04:20.316 +0800 - FINALIZE_SESSION
