[INFO] 2024-04-19 09:21:07.207 +0800 - ***********************************************************************************************
[INFO] 2024-04-19 09:21:07.211 +0800 - *********************************  Initialize task context  ***********************************
[INFO] 2024-04-19 09:21:07.211 +0800 - ***********************************************************************************************
[INFO] 2024-04-19 09:21:07.211 +0800 - Begin to initialize task
[INFO] 2024-04-19 09:21:07.211 +0800 - Set task startTime: 1713489667211
[INFO] 2024-04-19 09:21:07.211 +0800 - Set task appId: 327_743
[INFO] 2024-04-19 09:21:07.212 +0800 - End initialize task {
  "taskInstanceId" : 743,
  "taskName" : "consume kafka topic",
  "firstSubmitTime" : 1713489667169,
  "startTime" : 1713489667211,
  "taskType" : "SHELL",
  "workflowInstanceHost" : "172.18.0.11:5678",
  "host" : "172.18.0.12:1234",
  "logPath" : "/opt/dolphinscheduler/logs/20240419/13314339450656/7/327/743.log",
  "processId" : 0,
  "processDefineCode" : 13314339450656,
  "processDefineVersion" : 7,
  "processInstanceId" : 327,
  "scheduleTime" : 0,
  "executorId" : 1,
  "cmdTypeIfComplement" : 0,
  "tenantCode" : "default",
  "processDefineId" : 0,
  "projectId" : 0,
  "projectCode" : 13001194483488,
  "taskParams" : "{\"localParams\":[],\"rawScript\":\"#!/bin/bash\\n\\nKAFKA_DIR=\\\"/opt/kafka_2.13-3.7.0/bin\\\"\\n\\nmessage=$(${KAFKA_DIR}/kafka-console-consumer.sh \\\\\\n    --bootstrap-server kafka:9092 \\\\\\n    --topic test \\\\\\n    --group test-group \\\\\\n    --max-messages 1 \\\\\\n    --timeout-ms 10000)\",\"resourceList\":[]}",
  "environmentConfig" : "export JAVA_HOME=/opt/java/openjdk",
  "prepareParamsMap" : {
    "system.task.definition.name" : {
      "prop" : "system.task.definition.name",
      "direct" : "IN",
      "type" : "VARCHAR",
      "value" : "consume kafka topic"
    },
    "system.project.name" : {
      "prop" : "system.project.name",
      "direct" : "IN",
      "type" : "VARCHAR",
      "value" : null
    },
    "system.project.code" : {
      "prop" : "system.project.code",
      "direct" : "IN",
      "type" : "VARCHAR",
      "value" : "13001194483488"
    },
    "system.workflow.instance.id" : {
      "prop" : "system.workflow.instance.id",
      "direct" : "IN",
      "type" : "VARCHAR",
      "value" : "327"
    },
    "system.biz.curdate" : {
      "prop" : "system.biz.curdate",
      "direct" : "IN",
      "type" : "VARCHAR",
      "value" : "20240419"
    },
    "system.biz.date" : {
      "prop" : "system.biz.date",
      "direct" : "IN",
      "type" : "VARCHAR",
      "value" : "20240418"
    },
    "system.task.instance.id" : {
      "prop" : "system.task.instance.id",
      "direct" : "IN",
      "type" : "VARCHAR",
      "value" : "743"
    },
    "system.workflow.definition.name" : {
      "prop" : "system.workflow.definition.name",
      "direct" : "IN",
      "type" : "VARCHAR",
      "value" : "kafka consume test"
    },
    "system.task.definition.code" : {
      "prop" : "system.task.definition.code",
      "direct" : "IN",
      "type" : "VARCHAR",
      "value" : "13314298788384"
    },
    "system.workflow.definition.code" : {
      "prop" : "system.workflow.definition.code",
      "direct" : "IN",
      "type" : "VARCHAR",
      "value" : "13314339450656"
    },
    "system.datetime" : {
      "prop" : "system.datetime",
      "direct" : "IN",
      "type" : "VARCHAR",
      "value" : "20240419092107"
    }
  },
  "taskAppId" : "327_743",
  "taskTimeout" : 2147483647,
  "workerGroup" : "default",
  "delayTime" : 0,
  "currentExecutionStatus" : "SUBMITTED_SUCCESS",
  "endTime" : 0,
  "dryRun" : 0,
  "paramsMap" : { },
  "cpuQuota" : -1,
  "memoryMax" : -1,
  "testFlag" : 0,
  "logBufferEnable" : false,
  "dispatchFailTimes" : 0
}
[INFO] 2024-04-19 09:21:07.212 +0800 - ***********************************************************************************************
[INFO] 2024-04-19 09:21:07.212 +0800 - *********************************  Load task instance plugin  *********************************
[INFO] 2024-04-19 09:21:07.212 +0800 - ***********************************************************************************************
[INFO] 2024-04-19 09:21:07.229 +0800 - Send task status RUNNING_EXECUTION master: 172.18.0.12:1234
[INFO] 2024-04-19 09:21:07.233 +0800 - TenantCode: default check successfully
[INFO] 2024-04-19 09:21:07.235 +0800 - WorkflowInstanceExecDir: /tmp/dolphinscheduler/exec/process/default/13001194483488/13314339450656_7/327/743 check successfully
[INFO] 2024-04-19 09:21:07.237 +0800 - Create TaskChannel: org.apache.dolphinscheduler.plugin.task.shell.ShellTaskChannel successfully
[INFO] 2024-04-19 09:21:07.237 +0800 - Download resources successfully: 
ResourceContext(resourceItemMap={})
[INFO] 2024-04-19 09:21:07.238 +0800 - Download upstream files: [] successfully
[INFO] 2024-04-19 09:21:07.238 +0800 - Task plugin instance: SHELL create successfully
[INFO] 2024-04-19 09:21:07.247 +0800 - Initialize shell task params {
  "localParams" : [ ],
  "varPool" : null,
  "rawScript" : "#!/bin/bash\n\nKAFKA_DIR=\"/opt/kafka_2.13-3.7.0/bin\"\n\nmessage=$(${KAFKA_DIR}/kafka-console-consumer.sh \\\n    --bootstrap-server kafka:9092 \\\n    --topic test \\\n    --group test-group \\\n    --max-messages 1 \\\n    --timeout-ms 10000)",
  "resourceList" : [ ]
}
[INFO] 2024-04-19 09:21:07.247 +0800 - Success initialized task plugin instance successfully
[INFO] 2024-04-19 09:21:07.247 +0800 - Set taskVarPool: null successfully
[INFO] 2024-04-19 09:21:07.248 +0800 - ***********************************************************************************************
[INFO] 2024-04-19 09:21:07.248 +0800 - *********************************  Execute task instance  *************************************
[INFO] 2024-04-19 09:21:07.248 +0800 - ***********************************************************************************************
[INFO] 2024-04-19 09:21:07.253 +0800 - Final Shell file is: 
[INFO] 2024-04-19 09:21:07.253 +0800 - ****************************** Script Content *****************************************************************
[INFO] 2024-04-19 09:21:07.254 +0800 - #!/bin/bash
BASEDIR=$(cd `dirname $0`; pwd)
cd $BASEDIR
export JAVA_HOME=/opt/java/openjdk
#!/bin/bash

KAFKA_DIR="/opt/kafka_2.13-3.7.0/bin"

message=$(${KAFKA_DIR}/kafka-console-consumer.sh \
    --bootstrap-server kafka:9092 \
    --topic test \
    --group test-group \
    --max-messages 1 \
    --timeout-ms 10000)
[INFO] 2024-04-19 09:21:07.254 +0800 - ****************************** Script Content *****************************************************************
[INFO] 2024-04-19 09:21:07.254 +0800 - Executing shell command : sudo -u default -i /tmp/dolphinscheduler/exec/process/default/13001194483488/13314339450656_7/327/743/327_743.sh
[INFO] 2024-04-19 09:21:07.269 +0800 - process start, process id is: 12281
[INFO] 2024-04-19 09:21:08.271 +0800 -  -> 
	sudo: unable to change directory to /home/default: No such file or directory
[INFO] 2024-04-19 09:21:22.294 +0800 -  -> 
	[2024-04-19 09:21:21,851] ERROR Error processing message, terminating consumer process:  (kafka.tools.ConsoleConsumer$)
	org.apache.kafka.common.errors.TimeoutException
[INFO] 2024-04-19 09:21:23.297 +0800 -  -> 
	Processed a total of 0 messages
[INFO] 2024-04-19 09:21:23.298 +0800 - process has exited. execute path:/tmp/dolphinscheduler/exec/process/default/13001194483488/13314339450656_7/327/743, processId:12281 ,exitStatusCode:0 ,processWaitForStatus:true ,processExitValue:0
[INFO] 2024-04-19 09:21:23.298 +0800 - ***********************************************************************************************
[INFO] 2024-04-19 09:21:23.299 +0800 - *********************************  Finalize task instance  ************************************
[INFO] 2024-04-19 09:21:23.299 +0800 - ***********************************************************************************************
[INFO] 2024-04-19 09:21:23.299 +0800 - Upload output files: [] successfully
[INFO] 2024-04-19 09:21:23.303 +0800 - Send task execute status: SUCCESS to master : 172.18.0.12:1234
[INFO] 2024-04-19 09:21:23.303 +0800 - Remove the current task execute context from worker cache
[INFO] 2024-04-19 09:21:23.303 +0800 - The current execute mode isn't develop mode, will clear the task execute file: /tmp/dolphinscheduler/exec/process/default/13001194483488/13314339450656_7/327/743
[INFO] 2024-04-19 09:21:23.308 +0800 - Success clear the task execute file: /tmp/dolphinscheduler/exec/process/default/13001194483488/13314339450656_7/327/743
[INFO] 2024-04-19 09:21:23.308 +0800 - FINALIZE_SESSION
