[INFO] 2024-03-22 03:08:24.959 +0800 - ***********************************************************************************************
[INFO] 2024-03-22 03:08:24.961 +0800 - *********************************  Initialize task context  ***********************************
[INFO] 2024-03-22 03:08:24.962 +0800 - ***********************************************************************************************
[INFO] 2024-03-22 03:08:24.962 +0800 - Begin to initialize task
[INFO] 2024-03-22 03:08:24.963 +0800 - Set task startTime: 1711048104963
[INFO] 2024-03-22 03:08:24.964 +0800 - Set task appId: 76_249
[INFO] 2024-03-22 03:08:24.965 +0800 - End initialize task {
  "taskInstanceId" : 249,
  "taskName" : "show parameters",
  "firstSubmitTime" : 1711048104897,
  "startTime" : 1711048104963,
  "taskType" : "SHELL",
  "workflowInstanceHost" : "172.20.0.6:5678",
  "host" : "172.20.0.5:1234",
  "logPath" : "/opt/dolphinscheduler/logs/20240322/13003655208096/14/76/249.log",
  "processId" : 0,
  "processDefineCode" : 13003655208096,
  "processDefineVersion" : 14,
  "processInstanceId" : 76,
  "scheduleTime" : 0,
  "globalParams" : "[{\"prop\":\"num1\",\"direct\":\"IN\",\"type\":\"VARCHAR\",\"value\":\"0\"},{\"prop\":\"num2\",\"direct\":\"IN\",\"type\":\"VARCHAR\",\"value\":\"10\"}]",
  "executorId" : 1,
  "cmdTypeIfComplement" : 13,
  "tenantCode" : "default",
  "processDefineId" : 0,
  "projectId" : 0,
  "projectCode" : 13001194483488,
  "taskParams" : "{\"localParams\":[],\"rawScript\":\"#!/bin/bash\\n\\necho \\\"${num1}\\\"\\necho \\\"${num2}\\\"\\n\",\"resourceList\":[]}",
  "prepareParamsMap" : {
    "system.task.definition.name" : {
      "prop" : "system.task.definition.name",
      "direct" : "IN",
      "type" : "VARCHAR",
      "value" : "show parameters"
    },
    "system.project.name" : {
      "prop" : "system.project.name",
      "direct" : "IN",
      "type" : "VARCHAR",
      "value" : null
    },
    "system.biz.curdate" : {
      "prop" : "system.biz.curdate",
      "direct" : "IN",
      "type" : "VARCHAR",
      "value" : "20240322"
    },
    "system.task.instance.id" : {
      "prop" : "system.task.instance.id",
      "direct" : "IN",
      "type" : "VARCHAR",
      "value" : "249"
    },
    "system.task.definition.code" : {
      "prop" : "system.task.definition.code",
      "direct" : "IN",
      "type" : "VARCHAR",
      "value" : "13003648543392"
    },
    "system.datetime" : {
      "prop" : "system.datetime",
      "direct" : "IN",
      "type" : "VARCHAR",
      "value" : "20240322030824"
    },
    "system.project.code" : {
      "prop" : "system.project.code",
      "direct" : "IN",
      "type" : "VARCHAR",
      "value" : "13001194483488"
    },
    "system.workflow.instance.id" : {
      "prop" : "system.workflow.instance.id",
      "direct" : "IN",
      "type" : "VARCHAR",
      "value" : "76"
    },
    "num1" : {
      "prop" : "num1",
      "direct" : "IN",
      "type" : "VARCHAR",
      "value" : "0"
    },
    "system.biz.date" : {
      "prop" : "system.biz.date",
      "direct" : "IN",
      "type" : "VARCHAR",
      "value" : "20240321"
    },
    "system.workflow.definition.name" : {
      "prop" : "system.workflow.definition.name",
      "direct" : "IN",
      "type" : "VARCHAR",
      "value" : "dynamic_task_subprocess"
    },
    "system.workflow.definition.code" : {
      "prop" : "system.workflow.definition.code",
      "direct" : "IN",
      "type" : "VARCHAR",
      "value" : "13003655208096"
    },
    "num2" : {
      "prop" : "num2",
      "direct" : "IN",
      "type" : "VARCHAR",
      "value" : "10"
    }
  },
  "taskAppId" : "76_249",
  "taskTimeout" : 2147483647,
  "workerGroup" : "default",
  "delayTime" : 0,
  "currentExecutionStatus" : "SUBMITTED_SUCCESS",
  "endTime" : 0,
  "dryRun" : 0,
  "paramsMap" : { },
  "cpuQuota" : -1,
  "memoryMax" : -1,
  "testFlag" : 0,
  "logBufferEnable" : false,
  "dispatchFailTimes" : 0
}
[INFO] 2024-03-22 03:08:24.967 +0800 - ***********************************************************************************************
[INFO] 2024-03-22 03:08:24.968 +0800 - *********************************  Load task instance plugin  *********************************
[INFO] 2024-03-22 03:08:24.976 +0800 - ***********************************************************************************************
[INFO] 2024-03-22 03:08:24.984 +0800 - Send task status RUNNING_EXECUTION master: 172.20.0.5:1234
[INFO] 2024-03-22 03:08:24.989 +0800 - TenantCode: default check successfully
[INFO] 2024-03-22 03:08:25.004 +0800 - WorkflowInstanceExecDir: /tmp/dolphinscheduler/exec/process/default/13001194483488/13003655208096_14/76/249 check successfully
[INFO] 2024-03-22 03:08:25.005 +0800 - Create TaskChannel: org.apache.dolphinscheduler.plugin.task.shell.ShellTaskChannel successfully
[INFO] 2024-03-22 03:08:25.005 +0800 - Download resources successfully: 
ResourceContext(resourceItemMap={})
[INFO] 2024-03-22 03:08:25.005 +0800 - Download upstream files: [] successfully
[INFO] 2024-03-22 03:08:25.006 +0800 - Task plugin instance: SHELL create successfully
[INFO] 2024-03-22 03:08:25.007 +0800 - Initialize shell task params {
  "localParams" : [ ],
  "varPool" : null,
  "rawScript" : "#!/bin/bash\n\necho \"${num1}\"\necho \"${num2}\"\n",
  "resourceList" : [ ]
}
[INFO] 2024-03-22 03:08:25.009 +0800 - Success initialized task plugin instance successfully
[INFO] 2024-03-22 03:08:25.010 +0800 - Set taskVarPool: null successfully
[INFO] 2024-03-22 03:08:25.011 +0800 - ***********************************************************************************************
[INFO] 2024-03-22 03:08:25.012 +0800 - *********************************  Execute task instance  *************************************
[INFO] 2024-03-22 03:08:25.013 +0800 - ***********************************************************************************************
[INFO] 2024-03-22 03:08:25.015 +0800 - Final Shell file is: 
[INFO] 2024-03-22 03:08:25.017 +0800 - ****************************** Script Content *****************************************************************
[INFO] 2024-03-22 03:08:25.019 +0800 - #!/bin/bash
BASEDIR=$(cd `dirname $0`; pwd)
cd $BASEDIR
#!/bin/bash

echo "0"
echo "10"

[INFO] 2024-03-22 03:08:25.023 +0800 - ****************************** Script Content *****************************************************************
[INFO] 2024-03-22 03:08:25.025 +0800 - Executing shell command : sudo -u default -i /tmp/dolphinscheduler/exec/process/default/13001194483488/13003655208096_14/76/249/76_249.sh
[INFO] 2024-03-22 03:08:25.040 +0800 - process start, process id is: 6191
[INFO] 2024-03-22 03:08:25.049 +0800 -  -> 
	sudo: unable to change directory to /home/default: No such file or directory
[INFO] 2024-03-22 03:08:26.055 +0800 -  -> 
	0
	10
[INFO] 2024-03-22 03:08:26.056 +0800 - process has exited. execute path:/tmp/dolphinscheduler/exec/process/default/13001194483488/13003655208096_14/76/249, processId:6191 ,exitStatusCode:0 ,processWaitForStatus:true ,processExitValue:0
[INFO] 2024-03-22 03:08:26.057 +0800 - ***********************************************************************************************
[INFO] 2024-03-22 03:08:26.057 +0800 - *********************************  Finalize task instance  ************************************
[INFO] 2024-03-22 03:08:26.057 +0800 - ***********************************************************************************************
[INFO] 2024-03-22 03:08:26.057 +0800 - Upload output files: [] successfully
[INFO] 2024-03-22 03:08:26.066 +0800 - Send task execute status: SUCCESS to master : 172.20.0.5:1234
[INFO] 2024-03-22 03:08:26.066 +0800 - Remove the current task execute context from worker cache
[INFO] 2024-03-22 03:08:26.066 +0800 - The current execute mode isn't develop mode, will clear the task execute file: /tmp/dolphinscheduler/exec/process/default/13001194483488/13003655208096_14/76/249
[INFO] 2024-03-22 03:08:26.067 +0800 - Success clear the task execute file: /tmp/dolphinscheduler/exec/process/default/13001194483488/13003655208096_14/76/249
[INFO] 2024-03-22 03:08:26.067 +0800 - FINALIZE_SESSION
