[INFO] 2024-04-23 03:17:15.580 +0800 - ***********************************************************************************************
[INFO] 2024-04-23 03:17:15.612 +0800 - *********************************  Initialize task context  ***********************************
[INFO] 2024-04-23 03:17:15.612 +0800 - ***********************************************************************************************
[INFO] 2024-04-23 03:17:15.613 +0800 - Begin to initialize task
[INFO] 2024-04-23 03:17:15.614 +0800 - Set task startTime: 1713813435613
[INFO] 2024-04-23 03:17:15.614 +0800 - Set task appId: 441_987
[INFO] 2024-04-23 03:17:15.661 +0800 - End initialize task {
  "taskInstanceId" : 987,
  "taskName" : "search for intake JSON files",
  "firstSubmitTime" : 1713813434055,
  "startTime" : 1713813435613,
  "taskType" : "SHELL",
  "workflowInstanceHost" : "172.18.0.11:5678",
  "host" : "172.18.1.1:1234",
  "logPath" : "/opt/dolphinscheduler/logs/20240423/13201021801792/67/441/987.log",
  "processId" : 0,
  "processDefineCode" : 13201021801792,
  "processDefineVersion" : 67,
  "processInstanceId" : 441,
  "scheduleTime" : 0,
  "globalParams" : "[{\"prop\":\"folder\",\"direct\":\"IN\",\"type\":\"VARCHAR\",\"value\":\"processing\"}]",
  "executorId" : 1,
  "cmdTypeIfComplement" : 0,
  "tenantCode" : "default",
  "processDefineId" : 0,
  "projectId" : 0,
  "projectCode" : 13010050770016,
  "taskParams" : "{\"localParams\":[{\"prop\":\"raw_file_dir\",\"direct\":\"OUT\",\"type\":\"VARCHAR\",\"value\":\"\"},{\"prop\":\"raw_file\",\"direct\":\"OUT\",\"type\":\"VARCHAR\",\"value\":\"\"}],\"rawScript\":\"# find 1 raw file in the folder\\nraw_file_dir=$(find ${REDDIT_HOME}/${folder} -type f -name '*.json'| head -n 1)\\nraw_file=null\\n\\n# check if raw_file_dir is empty, then set raw_file_dir and raw_file to empty strings\\nif [ -z \\\"$raw_file_dir\\\" ]; then\\n    raw_file_dir=null\\nelse\\n    raw_file=$(basename \\\"$raw_file_dir\\\")\\nfi\\n\\necho \\\"#{setValue(raw_file_dir=${raw_file_dir})}\\\"\\necho \\\"#{setValue(raw_file=${raw_file})}\\\"\",\"resourceList\":[]}",
  "environmentConfig" : "export PYTHON_LAUNCHER=/bin/python3.11",
  "prepareParamsMap" : {
    "system.task.definition.name" : {
      "prop" : "system.task.definition.name",
      "direct" : "IN",
      "type" : "VARCHAR",
      "value" : "search for intake JSON files"
    },
    "system.project.name" : {
      "prop" : "system.project.name",
      "direct" : "IN",
      "type" : "VARCHAR",
      "value" : null
    },
    "REDDIT_HOME" : {
      "prop" : "REDDIT_HOME",
      "direct" : "IN",
      "type" : "VARCHAR",
      "value" : "/local_storage/reddit"
    },
    "system.biz.curdate" : {
      "prop" : "system.biz.curdate",
      "direct" : "IN",
      "type" : "VARCHAR",
      "value" : "20240423"
    },
    "system.task.instance.id" : {
      "prop" : "system.task.instance.id",
      "direct" : "IN",
      "type" : "VARCHAR",
      "value" : "987"
    },
    "system.task.definition.code" : {
      "prop" : "system.task.definition.code",
      "direct" : "IN",
      "type" : "VARCHAR",
      "value" : "13340113777664"
    },
    "system.datetime" : {
      "prop" : "system.datetime",
      "direct" : "IN",
      "type" : "VARCHAR",
      "value" : "20240423031714"
    },
    "folder" : {
      "prop" : "folder",
      "direct" : "IN",
      "type" : "VARCHAR",
      "value" : "processing"
    },
    "system.project.code" : {
      "prop" : "system.project.code",
      "direct" : "IN",
      "type" : "VARCHAR",
      "value" : "13010050770016"
    },
    "system.workflow.instance.id" : {
      "prop" : "system.workflow.instance.id",
      "direct" : "IN",
      "type" : "VARCHAR",
      "value" : "441"
    },
    "system.biz.date" : {
      "prop" : "system.biz.date",
      "direct" : "IN",
      "type" : "VARCHAR",
      "value" : "20240422"
    },
    "system.workflow.definition.name" : {
      "prop" : "system.workflow.definition.name",
      "direct" : "IN",
      "type" : "VARCHAR",
      "value" : "preprocess_post"
    },
    "system.workflow.definition.code" : {
      "prop" : "system.workflow.definition.code",
      "direct" : "IN",
      "type" : "VARCHAR",
      "value" : "13201021801792"
    }
  },
  "taskAppId" : "441_987",
  "taskTimeout" : 2147483647,
  "workerGroup" : "default",
  "delayTime" : 0,
  "currentExecutionStatus" : "SUBMITTED_SUCCESS",
  "endTime" : 0,
  "dryRun" : 0,
  "paramsMap" : { },
  "cpuQuota" : -1,
  "memoryMax" : -1,
  "testFlag" : 0,
  "logBufferEnable" : false,
  "dispatchFailTimes" : 0
}
[INFO] 2024-04-23 03:17:15.674 +0800 - ***********************************************************************************************
[INFO] 2024-04-23 03:17:15.695 +0800 - *********************************  Load task instance plugin  *********************************
[INFO] 2024-04-23 03:17:15.697 +0800 - ***********************************************************************************************
[INFO] 2024-04-23 03:17:16.246 +0800 - Send task status RUNNING_EXECUTION master: 172.18.1.1:1234
[INFO] 2024-04-23 03:17:16.324 +0800 - create linux os user: default
[INFO] 2024-04-23 03:17:16.325 +0800 - execute cmd: sudo useradd -g root
 default
[INFO] 2024-04-23 03:17:16.927 +0800 - create user default success
[INFO] 2024-04-23 03:17:16.930 +0800 - TenantCode: default check successfully
[INFO] 2024-04-23 03:17:16.969 +0800 - WorkflowInstanceExecDir: /tmp/dolphinscheduler/exec/process/default/13010050770016/13201021801792_67/441/987 check successfully
[INFO] 2024-04-23 03:17:16.972 +0800 - Create TaskChannel: org.apache.dolphinscheduler.plugin.task.shell.ShellTaskChannel successfully
[INFO] 2024-04-23 03:17:16.993 +0800 - Download resources successfully: 
ResourceContext(resourceItemMap={})
[INFO] 2024-04-23 03:17:17.064 +0800 - Download upstream files: [] successfully
[INFO] 2024-04-23 03:17:17.074 +0800 - Task plugin instance: SHELL create successfully
[INFO] 2024-04-23 03:17:17.086 +0800 - Initialize shell task params {
  "localParams" : [ {
    "prop" : "raw_file_dir",
    "direct" : "OUT",
    "type" : "VARCHAR",
    "value" : ""
  }, {
    "prop" : "raw_file",
    "direct" : "OUT",
    "type" : "VARCHAR",
    "value" : ""
  } ],
  "varPool" : null,
  "rawScript" : "# find 1 raw file in the folder\nraw_file_dir=$(find ${REDDIT_HOME}/${folder} -type f -name '*.json'| head -n 1)\nraw_file=null\n\n# check if raw_file_dir is empty, then set raw_file_dir and raw_file to empty strings\nif [ -z \"$raw_file_dir\" ]; then\n    raw_file_dir=null\nelse\n    raw_file=$(basename \"$raw_file_dir\")\nfi\n\necho \"#{setValue(raw_file_dir=${raw_file_dir})}\"\necho \"#{setValue(raw_file=${raw_file})}\"",
  "resourceList" : [ ]
}
[INFO] 2024-04-23 03:17:17.089 +0800 - Success initialized task plugin instance successfully
[INFO] 2024-04-23 03:17:17.096 +0800 - Set taskVarPool: null successfully
[INFO] 2024-04-23 03:17:17.104 +0800 - ***********************************************************************************************
[INFO] 2024-04-23 03:17:17.109 +0800 - *********************************  Execute task instance  *************************************
[INFO] 2024-04-23 03:17:17.110 +0800 - ***********************************************************************************************
[INFO] 2024-04-23 03:17:17.181 +0800 - Final Shell file is: 
[INFO] 2024-04-23 03:17:17.184 +0800 - ****************************** Script Content *****************************************************************
[INFO] 2024-04-23 03:17:17.186 +0800 - #!/bin/bash
BASEDIR=$(cd `dirname $0`; pwd)
cd $BASEDIR
export PYTHON_LAUNCHER=/bin/python3.11
# find 1 raw file in the folder
raw_file_dir=$(find /local_storage/reddit/processing -type f -name '*.json'| head -n 1)
raw_file=null

# check if raw_file_dir is empty, then set raw_file_dir and raw_file to empty strings
if [ -z "$raw_file_dir" ]; then
    raw_file_dir=null
else
    raw_file=$(basename "$raw_file_dir")
fi

echo "#{setValue(raw_file_dir=${raw_file_dir})}"
echo "#{setValue(raw_file=${raw_file})}"
[INFO] 2024-04-23 03:17:17.189 +0800 - ****************************** Script Content *****************************************************************
[INFO] 2024-04-23 03:17:17.194 +0800 - Executing shell command : sudo -u default -i /tmp/dolphinscheduler/exec/process/default/13010050770016/13201021801792_67/441/987/441_987.sh
[INFO] 2024-04-23 03:17:17.289 +0800 - process start, process id is: 743
[INFO] 2024-04-23 03:17:17.293 +0800 -  -> 
	sudo: unable to change directory to /home/default: No such file or directory
[INFO] 2024-04-23 03:17:18.319 +0800 -  -> 
	#{setValue(raw_file_dir=/local_storage/reddit/processing/386-20240422.json)}
	#{setValue(raw_file=386-20240422.json)}
[INFO] 2024-04-23 03:17:18.321 +0800 - process has exited. execute path:/tmp/dolphinscheduler/exec/process/default/13010050770016/13201021801792_67/441/987, processId:743 ,exitStatusCode:0 ,processWaitForStatus:true ,processExitValue:0
[INFO] 2024-04-23 03:17:18.324 +0800 - ***********************************************************************************************
[INFO] 2024-04-23 03:17:18.329 +0800 - *********************************  Finalize task instance  ************************************
[INFO] 2024-04-23 03:17:18.329 +0800 - ***********************************************************************************************
[INFO] 2024-04-23 03:17:18.335 +0800 - Upload output files: [] successfully
[INFO] 2024-04-23 03:17:18.395 +0800 - Send task execute status: SUCCESS to master : 172.18.1.1:1234
[INFO] 2024-04-23 03:17:18.397 +0800 - Remove the current task execute context from worker cache
[INFO] 2024-04-23 03:17:18.398 +0800 - The current execute mode isn't develop mode, will clear the task execute file: /tmp/dolphinscheduler/exec/process/default/13010050770016/13201021801792_67/441/987
[INFO] 2024-04-23 03:17:18.473 +0800 - Success clear the task execute file: /tmp/dolphinscheduler/exec/process/default/13010050770016/13201021801792_67/441/987
[INFO] 2024-04-23 03:17:18.489 +0800 - FINALIZE_SESSION
