[INFO] 2024-05-15 10:12:18.644 +0800 - ***********************************************************************************************
[INFO] 2024-05-15 10:12:18.658 +0800 - *********************************  Initialize task context  ***********************************
[INFO] 2024-05-15 10:12:18.665 +0800 - ***********************************************************************************************
[INFO] 2024-05-15 10:12:18.670 +0800 - Begin to initialize task
[INFO] 2024-05-15 10:12:18.671 +0800 - Set task startTime: 1715739138671
[INFO] 2024-05-15 10:12:18.674 +0800 - Set task appId: 1119_4064
[INFO] 2024-05-15 10:12:18.675 +0800 - End initialize task {
  "taskInstanceId" : 4064,
  "taskName" : "zxc",
  "firstSubmitTime" : 1715739138310,
  "startTime" : 1715739138671,
  "taskType" : "SHELL",
  "workflowInstanceHost" : "172.18.2.1:5678",
  "host" : "172.18.1.1:1234",
  "logPath" : "/opt/dolphinscheduler/logs/20240515/13481656603328/27/1119/4064.log",
  "processId" : 0,
  "processDefineCode" : 13481656603328,
  "processDefineVersion" : 27,
  "processInstanceId" : 1119,
  "scheduleTime" : 0,
  "executorId" : 1,
  "cmdTypeIfComplement" : 0,
  "tenantCode" : "default",
  "processDefineId" : 0,
  "projectId" : 0,
  "projectCode" : 13010050770016,
  "taskParams" : "{\"localParams\":[],\"rawScript\":\"echo 2\",\"resourceList\":[]}",
  "environmentConfig" : "export PYTHON_LAUNCHER=/bin/python3.11",
  "prepareParamsMap" : {
    "GNEWS_HOME" : {
      "prop" : "GNEWS_HOME",
      "direct" : "IN",
      "type" : "VARCHAR",
      "value" : "/local_storage/google_news"
    },
    "system.task.definition.name" : {
      "prop" : "system.task.definition.name",
      "direct" : "IN",
      "type" : "VARCHAR",
      "value" : "zxc"
    },
    "system.project.name" : {
      "prop" : "system.project.name",
      "direct" : "IN",
      "type" : "VARCHAR",
      "value" : null
    },
    "REDDIT_HOME" : {
      "prop" : "REDDIT_HOME",
      "direct" : "IN",
      "type" : "VARCHAR",
      "value" : "/local_storage/reddit"
    },
    "system.biz.curdate" : {
      "prop" : "system.biz.curdate",
      "direct" : "IN",
      "type" : "VARCHAR",
      "value" : "20240515"
    },
    "system.task.instance.id" : {
      "prop" : "system.task.instance.id",
      "direct" : "IN",
      "type" : "VARCHAR",
      "value" : "4064"
    },
    "system.task.definition.code" : {
      "prop" : "system.task.definition.code",
      "direct" : "IN",
      "type" : "VARCHAR",
      "value" : "13481652501568"
    },
    "system.datetime" : {
      "prop" : "system.datetime",
      "direct" : "IN",
      "type" : "VARCHAR",
      "value" : "20240515101218"
    },
    "system.project.code" : {
      "prop" : "system.project.code",
      "direct" : "IN",
      "type" : "VARCHAR",
      "value" : "13010050770016"
    },
    "system.workflow.instance.id" : {
      "prop" : "system.workflow.instance.id",
      "direct" : "IN",
      "type" : "VARCHAR",
      "value" : "1119"
    },
    "raw_file_dir" : {
      "prop" : "raw_file_dir",
      "direct" : "IN",
      "type" : "VARCHAR",
      "value" : "/local_storage/in/830-20240503110322.json"
    },
    "system.biz.date" : {
      "prop" : "system.biz.date",
      "direct" : "IN",
      "type" : "VARCHAR",
      "value" : "20240514"
    },
    "system.workflow.definition.name" : {
      "prop" : "system.workflow.definition.name",
      "direct" : "IN",
      "type" : "VARCHAR",
      "value" : "testing"
    },
    "system.workflow.definition.code" : {
      "prop" : "system.workflow.definition.code",
      "direct" : "IN",
      "type" : "VARCHAR",
      "value" : "13481656603328"
    }
  },
  "taskAppId" : "1119_4064",
  "taskTimeout" : 2147483647,
  "workerGroup" : "default",
  "delayTime" : 0,
  "currentExecutionStatus" : "SUBMITTED_SUCCESS",
  "endTime" : 0,
  "varPool" : "[{\"prop\":\"raw_file_dir\",\"direct\":\"IN\",\"type\":\"VARCHAR\",\"value\":\"/local_storage/in/830-20240503110322.json\"}]",
  "dryRun" : 0,
  "paramsMap" : { },
  "cpuQuota" : -1,
  "memoryMax" : -1,
  "testFlag" : 0,
  "logBufferEnable" : false,
  "dispatchFailTimes" : 0
}
[INFO] 2024-05-15 10:12:18.683 +0800 - ***********************************************************************************************
[INFO] 2024-05-15 10:12:18.696 +0800 - *********************************  Load task instance plugin  *********************************
[INFO] 2024-05-15 10:12:18.696 +0800 - ***********************************************************************************************
[INFO] 2024-05-15 10:12:18.705 +0800 - Send task status RUNNING_EXECUTION master: 172.18.1.1:1234
[INFO] 2024-05-15 10:12:18.707 +0800 - TenantCode: default check successfully
[INFO] 2024-05-15 10:12:18.708 +0800 - WorkflowInstanceExecDir: /tmp/dolphinscheduler/exec/process/default/13010050770016/13481656603328_27/1119/4064 check successfully
[INFO] 2024-05-15 10:12:18.708 +0800 - Create TaskChannel: org.apache.dolphinscheduler.plugin.task.shell.ShellTaskChannel successfully
[INFO] 2024-05-15 10:12:18.709 +0800 - Download resources successfully: 
ResourceContext(resourceItemMap={})
[INFO] 2024-05-15 10:12:18.709 +0800 - Download upstream files: [] successfully
[INFO] 2024-05-15 10:12:18.709 +0800 - Task plugin instance: SHELL create successfully
[INFO] 2024-05-15 10:12:18.710 +0800 - Initialize shell task params {
  "localParams" : [ ],
  "varPool" : null,
  "rawScript" : "echo 2",
  "resourceList" : [ ]
}
[INFO] 2024-05-15 10:12:18.710 +0800 - Success initialized task plugin instance successfully
[INFO] 2024-05-15 10:12:18.721 +0800 - Set taskVarPool: [{"prop":"raw_file_dir","direct":"IN","type":"VARCHAR","value":"/local_storage/in/830-20240503110322.json"}] successfully
[INFO] 2024-05-15 10:12:18.721 +0800 - ***********************************************************************************************
[INFO] 2024-05-15 10:12:18.721 +0800 - *********************************  Execute task instance  *************************************
[INFO] 2024-05-15 10:12:18.721 +0800 - ***********************************************************************************************
[INFO] 2024-05-15 10:12:18.722 +0800 - Final Shell file is: 
[INFO] 2024-05-15 10:12:18.723 +0800 - ****************************** Script Content *****************************************************************
[INFO] 2024-05-15 10:12:18.724 +0800 - #!/bin/bash
BASEDIR=$(cd `dirname $0`; pwd)
cd $BASEDIR
export PYTHON_LAUNCHER=/bin/python3.11
echo 2
[INFO] 2024-05-15 10:12:18.724 +0800 - ****************************** Script Content *****************************************************************
[INFO] 2024-05-15 10:12:18.733 +0800 - Executing shell command : sudo -u default -i /tmp/dolphinscheduler/exec/process/default/13010050770016/13481656603328_27/1119/4064/1119_4064.sh
[INFO] 2024-05-15 10:12:18.751 +0800 - process start, process id is: 477
[INFO] 2024-05-15 10:12:19.755 +0800 -  -> 
	sudo: unable to change directory to /home/default: No such file or directory
	2
[INFO] 2024-05-15 10:12:19.762 +0800 - process has exited. execute path:/tmp/dolphinscheduler/exec/process/default/13010050770016/13481656603328_27/1119/4064, processId:477 ,exitStatusCode:0 ,processWaitForStatus:true ,processExitValue:0
[INFO] 2024-05-15 10:12:19.765 +0800 - ***********************************************************************************************
[INFO] 2024-05-15 10:12:19.765 +0800 - *********************************  Finalize task instance  ************************************
[INFO] 2024-05-15 10:12:19.766 +0800 - ***********************************************************************************************
[INFO] 2024-05-15 10:12:19.769 +0800 - Upload output files: [] successfully
[INFO] 2024-05-15 10:12:19.782 +0800 - Send task execute status: SUCCESS to master : 172.18.1.1:1234
[INFO] 2024-05-15 10:12:19.782 +0800 - Remove the current task execute context from worker cache
[INFO] 2024-05-15 10:12:19.782 +0800 - The current execute mode isn't develop mode, will clear the task execute file: /tmp/dolphinscheduler/exec/process/default/13010050770016/13481656603328_27/1119/4064
[INFO] 2024-05-15 10:12:19.782 +0800 - Success clear the task execute file: /tmp/dolphinscheduler/exec/process/default/13010050770016/13481656603328_27/1119/4064
[INFO] 2024-05-15 10:12:19.783 +0800 - FINALIZE_SESSION
