[INFO] 2024-05-07 12:58:05.823 +0800 - ***********************************************************************************************
[INFO] 2024-05-07 12:58:05.841 +0800 - *********************************  Initialize task context  ***********************************
[INFO] 2024-05-07 12:58:05.841 +0800 - ***********************************************************************************************
[INFO] 2024-05-07 12:58:05.842 +0800 - Begin to initialize task
[INFO] 2024-05-07 12:58:05.842 +0800 - Set task startTime: 1715057885842
[INFO] 2024-05-07 12:58:05.842 +0800 - Set task appId: 1096_3996
[INFO] 2024-05-07 12:58:05.858 +0800 - End initialize task {
  "taskInstanceId" : 3996,
  "taskName" : "[null check] filtered data persistence",
  "firstSubmitTime" : 1715057885715,
  "startTime" : 1715057885842,
  "taskType" : "DATA_QUALITY",
  "workflowInstanceHost" : "172.18.0.15:5678",
  "host" : "172.18.1.1:1234",
  "logPath" : "/opt/dolphinscheduler/logs/20240507/13505298546272/22/1096/3996.log",
  "processId" : 0,
  "processDefineCode" : 13505298546272,
  "processDefineVersion" : 22,
  "processInstanceId" : 1096,
  "scheduleTime" : 0,
  "executorId" : 1,
  "cmdTypeIfComplement" : 0,
  "tenantCode" : "default",
  "processDefineId" : 0,
  "projectId" : 0,
  "projectCode" : 13001194483488,
  "taskParams" : "{\"localParams\":[],\"resourceList\":[],\"ruleId\":6,\"ruleInputParameter\":{\"check_type\":\"0\",\"comparison_type\":1,\"comparison_name\":\"0\",\"failure_strategy\":\"1\",\"operator\":\"0\",\"src_connector_type\":1,\"src_datasource_id\":1,\"src_database\":\"persistence\",\"src_field\":\"content\",\"src_table\":\"filtered_data_persistence\",\"threshold\":\"0\"},\"sparkParameters\":{\"deployMode\":\"local\",\"driverCores\":1,\"driverMemory\":\"512M\",\"executorCores\":1,\"executorMemory\":\"1G\",\"numExecutors\":1,\"others\":\"--conf spark.driver.extraJavaOptions=\\\"-Divy.cache.dir=/tmp -Divy.home=/tmp\\\" \\\\\\n--packages org.postgresql:postgresql:42.7.3\",\"yarnQueue\":\"\"}}",
  "environmentConfig" : "export SPARK_HOME=/opt/spark-3.5.1-bin-hadoop3\nexport JAVA_HOME=/opt/java/openjdk\nexport PYSPARK_DRIVER_PYTHON=/bin/python3.11\nexport PYSPARK_PYTHON=/bin/python3.11",
  "prepareParamsMap" : {
    "system.task.definition.name" : {
      "prop" : "system.task.definition.name",
      "direct" : "IN",
      "type" : "VARCHAR",
      "value" : "[null check] filtered data persistence"
    },
    "system.project.name" : {
      "prop" : "system.project.name",
      "direct" : "IN",
      "type" : "VARCHAR",
      "value" : null
    },
    "system.project.code" : {
      "prop" : "system.project.code",
      "direct" : "IN",
      "type" : "VARCHAR",
      "value" : "13001194483488"
    },
    "system.workflow.instance.id" : {
      "prop" : "system.workflow.instance.id",
      "direct" : "IN",
      "type" : "VARCHAR",
      "value" : "1096"
    },
    "system.biz.curdate" : {
      "prop" : "system.biz.curdate",
      "direct" : "IN",
      "type" : "VARCHAR",
      "value" : "20240507"
    },
    "system.biz.date" : {
      "prop" : "system.biz.date",
      "direct" : "IN",
      "type" : "VARCHAR",
      "value" : "20240506"
    },
    "system.task.instance.id" : {
      "prop" : "system.task.instance.id",
      "direct" : "IN",
      "type" : "VARCHAR",
      "value" : "3996"
    },
    "system.workflow.definition.name" : {
      "prop" : "system.workflow.definition.name",
      "direct" : "IN",
      "type" : "VARCHAR",
      "value" : "qualti_test"
    },
    "system.task.definition.code" : {
      "prop" : "system.task.definition.code",
      "direct" : "IN",
      "type" : "VARCHAR",
      "value" : "13505264408800"
    },
    "system.workflow.definition.code" : {
      "prop" : "system.workflow.definition.code",
      "direct" : "IN",
      "type" : "VARCHAR",
      "value" : "13505298546272"
    },
    "system.datetime" : {
      "prop" : "system.datetime",
      "direct" : "IN",
      "type" : "VARCHAR",
      "value" : "20240507125805"
    }
  },
  "taskAppId" : "1096_3996",
  "taskTimeout" : 2147483647,
  "workerGroup" : "default",
  "delayTime" : 0,
  "currentExecutionStatus" : "SUBMITTED_SUCCESS",
  "endTime" : 0,
  "dryRun" : 0,
  "paramsMap" : { },
  "dataQualityTaskExecutionContext" : {
    "ruleId" : 6,
    "ruleName" : "$t(uniqueness_check)",
    "ruleType" : 0,
    "ruleInputEntryList" : "[{\"id\":1,\"field\":\"src_connector_type\",\"type\":\"select\",\"title\":\"$t(src_connector_type)\",\"data\":\"\",\"options\":\"[{\\\"label\\\":\\\"HIVE\\\",\\\"value\\\":\\\"HIVE\\\"},{\\\"label\\\":\\\"JDBC\\\",\\\"value\\\":\\\"JDBC\\\"}]\",\"placeholder\":\"please select source connector type\",\"optionSourceType\":2,\"dataType\":2,\"inputType\":0,\"isShow\":true,\"canEdit\":true,\"isEmit\":true,\"isValidate\":false,\"valuesMap\":null,\"index\":1,\"createTime\":null,\"updateTime\":null},{\"id\":2,\"field\":\"src_datasource_id\",\"type\":\"select\",\"title\":\"$t(src_datasource_id)\",\"data\":\"\",\"options\":null,\"placeholder\":\"please select source datasource id\",\"optionSourceType\":1,\"dataType\":2,\"inputType\":0,\"isShow\":true,\"canEdit\":true,\"isEmit\":true,\"isValidate\":false,\"valuesMap\":null,\"index\":2,\"createTime\":null,\"updateTime\":null},{\"id\":30,\"field\":\"src_database\",\"type\":\"select\",\"title\":\"$t(src_database)\",\"data\":null,\"options\":null,\"placeholder\":\"Please select source database\",\"optionSourceType\":0,\"dataType\":0,\"inputType\":0,\"isShow\":true,\"canEdit\":true,\"isEmit\":true,\"isValidate\":true,\"valuesMap\":null,\"index\":2,\"createTime\":null,\"updateTime\":null},{\"id\":3,\"field\":\"src_table\",\"type\":\"select\",\"title\":\"$t(src_table)\",\"data\":null,\"options\":null,\"placeholder\":\"Please enter source table name\",\"optionSourceType\":0,\"dataType\":0,\"inputType\":0,\"isShow\":true,\"canEdit\":true,\"isEmit\":true,\"isValidate\":true,\"valuesMap\":null,\"index\":3,\"createTime\":null,\"updateTime\":null},{\"id\":4,\"field\":\"src_filter\",\"type\":\"input\",\"title\":\"$t(src_filter)\",\"data\":null,\"options\":null,\"placeholder\":\"Please enter filter expression\",\"optionSourceType\":0,\"dataType\":3,\"inputType\":0,\"isShow\":true,\"canEdit\":true,\"isEmit\":false,\"isValidate\":false,\"valuesMap\":null,\"index\":4,\"createTime\":null,\"updateTime\":null},{\"id\":5,\"field\":\"src_field\",\"type\":\"select\",\"title\":\"$t(src_field)\",\"data\":null,\"options\":null,\"placeholder\":\"Please enter column, only single column is supported\",\"optionSourceType\":0,\"dataType\":0,\"inputType\":0,\"isShow\":true,\"canEdit\":true,\"isEmit\":false,\"isValidate\":true,\"valuesMap\":null,\"index\":5,\"createTime\":null,\"updateTime\":null},{\"id\":6,\"field\":\"statistics_name\",\"type\":\"input\",\"title\":\"$t(statistics_name)\",\"data\":\"duplicate_count.duplicates\",\"options\":null,\"placeholder\":\"Please enter statistics name, the alias in statistics execute sql\",\"optionSourceType\":0,\"dataType\":0,\"inputType\":1,\"isShow\":false,\"canEdit\":false,\"isEmit\":false,\"isValidate\":true,\"valuesMap\":\"{\\\"statistics_name\\\":\\\"duplicate_count.duplicates\\\"}\",\"index\":6,\"createTime\":null,\"updateTime\":null},{\"id\":7,\"field\":\"check_type\",\"type\":\"select\",\"title\":\"$t(check_type)\",\"data\":\"0\",\"options\":\"[{\\\"label\\\":\\\"Expected - Actual\\\",\\\"value\\\":\\\"0\\\"},{\\\"label\\\":\\\"Actual - Expected\\\",\\\"value\\\":\\\"1\\\"},{\\\"label\\\":\\\"Actual / Expected\\\",\\\"value\\\":\\\"2\\\"},{\\\"label\\\":\\\"(Expected - Actual) / Expected\\\",\\\"value\\\":\\\"3\\\"}]\",\"placeholder\":\"please select check type\",\"optionSourceType\":0,\"dataType\":0,\"inputType\":3,\"isShow\":true,\"canEdit\":true,\"isEmit\":true,\"isValidate\":false,\"valuesMap\":null,\"index\":7,\"createTime\":null,\"updateTime\":null},{\"id\":8,\"field\":\"operator\",\"type\":\"select\",\"title\":\"$t(operator)\",\"data\":\"0\",\"options\":\"[{\\\"label\\\":\\\"=\\\",\\\"value\\\":\\\"0\\\"},{\\\"label\\\":\\\"<\\\",\\\"value\\\":\\\"1\\\"},{\\\"label\\\":\\\"<=\\\",\\\"value\\\":\\\"2\\\"},{\\\"label\\\":\\\">\\\",\\\"value\\\":\\\"3\\\"},{\\\"label\\\":\\\">=\\\",\\\"value\\\":\\\"4\\\"},{\\\"label\\\":\\\"!=\\\",\\\"value\\\":\\\"5\\\"}]\",\"placeholder\":\"please select operator\",\"optionSourceType\":0,\"dataType\":0,\"inputType\":3,\"isShow\":true,\"canEdit\":true,\"isEmit\":false,\"isValidate\":false,\"valuesMap\":null,\"index\":8,\"createTime\":null,\"updateTime\":null},{\"id\":9,\"field\":\"threshold\",\"type\":\"input\",\"title\":\"$t(threshold)\",\"data\":null,\"options\":null,\"placeholder\":\"Please enter threshold, number is needed\",\"optionSourceType\":0,\"dataType\":2,\"inputType\":3,\"isShow\":true,\"canEdit\":true,\"isEmit\":false,\"isValidate\":true,\"valuesMap\":null,\"index\":9,\"createTime\":null,\"updateTime\":null},{\"id\":10,\"field\":\"failure_strategy\",\"type\":\"select\",\"title\":\"$t(failure_strategy)\",\"data\":\"0\",\"options\":\"[{\\\"label\\\":\\\"Alert\\\",\\\"value\\\":\\\"0\\\"},{\\\"label\\\":\\\"Block\\\",\\\"value\\\":\\\"1\\\"}]\",\"placeholder\":\"please select failure strategy\",\"optionSourceType\":0,\"dataType\":0,\"inputType\":3,\"isShow\":true,\"canEdit\":true,\"isEmit\":false,\"isValidate\":false,\"valuesMap\":null,\"index\":10,\"createTime\":null,\"updateTime\":null},{\"id\":17,\"field\":\"comparison_name\",\"type\":\"input\",\"title\":\"$t(comparison_name)\",\"data\":null,\"options\":null,\"placeholder\":\"Please enter comparison name, the alias in comparison execute sql\",\"optionSourceType\":0,\"dataType\":0,\"inputType\":0,\"isShow\":false,\"canEdit\":false,\"isEmit\":false,\"isValidate\":true,\"valuesMap\":\"\",\"index\":11,\"createTime\":null,\"updateTime\":null},{\"id\":19,\"field\":\"comparison_type\",\"type\":\"select\",\"title\":\"$t(comparison_type)\",\"data\":\"\",\"options\":null,\"placeholder\":\"Please enter comparison title\",\"optionSourceType\":3,\"dataType\":0,\"inputType\":2,\"isShow\":true,\"canEdit\":false,\"isEmit\":true,\"isValidate\":false,\"valuesMap\":null,\"index\":12,\"createTime\":null,\"updateTime\":null}]",
    "executeSqlList" : "[{\"id\":6,\"index\":1,\"sql\":\"SELECT ${src_field} FROM ${src_table} group by ${src_field} having count(*) > 1\",\"tableAlias\":\"duplicate_items\",\"type\":0,\"createTime\":\"2021-03-03 11:31:24\",\"updateTime\":\"2021-03-03 11:31:24\",\"errorOutputSql\":true},{\"id\":7,\"index\":1,\"sql\":\"SELECT COUNT(*) AS duplicates FROM duplicate_items\",\"tableAlias\":\"duplicate_count\",\"type\":1,\"createTime\":\"2021-03-03 11:31:24\",\"updateTime\":\"2021-03-03 11:31:24\",\"errorOutputSql\":false}]",
    "comparisonNeedStatisticsValueTable" : false,
    "compareWithFixedValue" : true,
    "hdfsPath" : "hdfs://mycluster:8020/user/default/data_quality_error_data",
    "sourceConnectorType" : "JDBC",
    "sourceType" : 1,
    "sourceConnectionParams" : "{\"user\":\"root\",\"password\":\"******\",\"address\":\"jdbc:postgresql://dolphinscheduler-postgresql:5432\",\"database\":\"persistence\",\"jdbcUrl\":\"jdbc:postgresql://dolphinscheduler-postgresql:5432/persistence\",\"driverClassName\":\"org.postgresql.Driver\",\"validationQuery\":\"select version()\",\"other\":{\"password\":\"****\"}}",
    "targetConnectorType" : null,
    "targetType" : 0,
    "targetConnectionParams" : null,
    "writerConnectorType" : "JDBC",
    "writerType" : 1,
    "writerTable" : "t_ds_dq_execute_result",
    "writerConnectionParams" : "{\"user\":\"root\",\"password\":\"****\",\"address\":\"jdbc:postgresql://dolphinscheduler-postgresql:5432\",\"database\":\"dolphinscheduler\",\"jdbcUrl\":\"jdbc:postgresql://dolphinscheduler-postgresql:5432/dolphinscheduler\"}",
    "statisticsValueConnectorType" : "JDBC",
    "statisticsValueType" : 1,
    "statisticsValueTable" : "t_ds_dq_task_statistics_value",
    "statisticsValueWriterConnectionParams" : "{\"user\":\"root\",\"password\":\"****\",\"address\":\"jdbc:postgresql://dolphinscheduler-postgresql:5432\",\"database\":\"dolphinscheduler\",\"jdbcUrl\":\"jdbc:postgresql://dolphinscheduler-postgresql:5432/dolphinscheduler\"}"
  },
  "cpuQuota" : -1,
  "memoryMax" : -1,
  "testFlag" : 0,
  "logBufferEnable" : false,
  "dispatchFailTimes" : 0
}
[INFO] 2024-05-07 12:58:05.861 +0800 - ***********************************************************************************************
[INFO] 2024-05-07 12:58:05.862 +0800 - *********************************  Load task instance plugin  *********************************
[INFO] 2024-05-07 12:58:05.862 +0800 - ***********************************************************************************************
[INFO] 2024-05-07 12:58:05.871 +0800 - Send task status RUNNING_EXECUTION master: 172.18.1.1:1234
[INFO] 2024-05-07 12:58:05.873 +0800 - TenantCode: default check successfully
[INFO] 2024-05-07 12:58:05.877 +0800 - WorkflowInstanceExecDir: /tmp/dolphinscheduler/exec/process/default/13001194483488/13505298546272_22/1096/3996 check successfully
[INFO] 2024-05-07 12:58:05.878 +0800 - Create TaskChannel: org.apache.dolphinscheduler.plugin.task.dq.DataQualityTaskChannel successfully
[INFO] 2024-05-07 12:58:05.890 +0800 - Download resources successfully: 
ResourceContext(resourceItemMap={})
[INFO] 2024-05-07 12:58:05.891 +0800 - Download upstream files: [] successfully
[INFO] 2024-05-07 12:58:05.891 +0800 - Task plugin instance: DATA_QUALITY create successfully
[INFO] 2024-05-07 12:58:05.892 +0800 - Initialize data quality task params {
  "localParams" : [ ],
  "varPool" : null,
  "ruleId" : 6,
  "ruleInputParameter" : {
    "check_type" : "0",
    "comparison_type" : "1",
    "comparison_name" : "0",
    "failure_strategy" : "1",
    "operator" : "0",
    "src_connector_type" : "1",
    "src_datasource_id" : "1",
    "src_database" : "persistence",
    "src_field" : "content",
    "src_table" : "filtered_data_persistence",
    "threshold" : "0"
  },
  "sparkParameters" : {
    "localParams" : null,
    "varPool" : null,
    "mainJar" : null,
    "mainClass" : null,
    "deployMode" : "local",
    "mainArgs" : null,
    "driverCores" : 1,
    "driverMemory" : "512M",
    "numExecutors" : 1,
    "executorCores" : 1,
    "executorMemory" : "1G",
    "appName" : null,
    "yarnQueue" : "",
    "others" : "--conf spark.driver.extraJavaOptions=\"-Divy.cache.dir=/tmp -Divy.home=/tmp\" \\\n--packages org.postgresql:postgresql:42.7.3",
    "programType" : null,
    "resourceList" : [ ]
  }
}
[INFO] 2024-05-07 12:58:05.906 +0800 - data quality configuration: {
  "name" : "$t(uniqueness_check)",
  "env" : {
    "type" : "batch",
    "config" : null
  },
  "readers" : [ {
    "type" : "JDBC",
    "config" : {
      "database" : "persistence",
      "password" : "******",
      "driver" : "org.postgresql.Driver",
      "user" : "root",
      "output_table" : "persistence_filtered_data_persistence",
      "table" : "filtered_data_persistence",
      "url" : "jdbc:postgresql://dolphinscheduler-postgresql:5432/persistence?password=root"
    }
  } ],
  "transformers" : [ {
    "type" : "sql",
    "config" : {
      "index" : 1,
      "output_table" : "duplicate_items",
      "sql" : "SELECT content FROM persistence_filtered_data_persistence group by content having count(*) > 1"
    }
  }, {
    "type" : "sql",
    "config" : {
      "index" : 2,
      "output_table" : "duplicate_count",
      "sql" : "SELECT COUNT(*) AS duplicates FROM duplicate_items"
    }
  } ],
  "writers" : [ {
    "type" : "JDBC",
    "config" : {
      "database" : "dolphinscheduler",
      "password" : "****",
      "driver" : "org.postgresql.Driver",
      "user" : "root",
      "table" : "t_ds_dq_execute_result",
      "url" : "jdbc:postgresql://dolphinscheduler-postgresql:5432/dolphinscheduler",
      "sql" : "select 0 as rule_type,'$t(uniqueness_check)' as rule_name,0 as process_definition_id,1096 as process_instance_id,3996 as task_instance_id,duplicate_count.duplicates AS statistics_value,0 AS comparison_value,1 AS comparison_type,0 as check_type,0 as threshold,0 as operator,1 as failure_strategy,'hdfs://mycluster:8020/user/default/data_quality_error_data/0_1096_[null check] filtered data persistence' as error_output_path,'2024-05-07 12:58:05' as create_time,'2024-05-07 12:58:05' as update_time from duplicate_count "
    }
  }, {
    "type" : "JDBC",
    "config" : {
      "database" : "dolphinscheduler",
      "password" : "****",
      "driver" : "org.postgresql.Driver",
      "user" : "root",
      "table" : "t_ds_dq_task_statistics_value",
      "url" : "jdbc:postgresql://dolphinscheduler-postgresql:5432/dolphinscheduler",
      "sql" : "select 0 as process_definition_id,3996 as task_instance_id,6 as rule_id,'SHVW6MB5DKCPXGLJBK9KMF/0TK4ZDI6XQ0NYRAEMEN8=' as unique_code,'duplicate_count.duplicates'AS statistics_name,duplicate_count.duplicates AS statistics_value,'2024-05-07 12:58:05' as data_time,'2024-05-07 12:58:05' as create_time,'2024-05-07 12:58:05' as update_time from duplicate_count"
    }
  }, {
    "type" : "hdfs_file",
    "config" : {
      "path" : "hdfs://mycluster:8020/user/default/data_quality_error_data/0_1096_[null check] filtered data persistence",
      "input_table" : "duplicate_items"
    }
  } ]
}
[INFO] 2024-05-07 12:58:05.910 +0800 - Trying to get data quality jar in path
[INFO] 2024-05-07 12:58:05.911 +0800 - Success initialized task plugin instance successfully
[INFO] 2024-05-07 12:58:05.911 +0800 - Set taskVarPool: null successfully
[INFO] 2024-05-07 12:58:05.914 +0800 - ***********************************************************************************************
[INFO] 2024-05-07 12:58:05.914 +0800 - *********************************  Execute task instance  *************************************
[INFO] 2024-05-07 12:58:05.915 +0800 - ***********************************************************************************************
[INFO] 2024-05-07 12:58:05.916 +0800 - Final Shell file is: 
[INFO] 2024-05-07 12:58:05.919 +0800 - ****************************** Script Content *****************************************************************
[INFO] 2024-05-07 12:58:05.919 +0800 - #!/bin/bash
BASEDIR=$(cd `dirname $0`; pwd)
cd $BASEDIR
export SPARK_HOME=/opt/spark-3.5.1-bin-hadoop3
export JAVA_HOME=/opt/java/openjdk
export PYSPARK_DRIVER_PYTHON=/bin/python3.11
export PYSPARK_PYTHON=/bin/python3.11
${SPARK_HOME}/bin/spark-submit --master local --driver-cores 1 --driver-memory 512M --num-executors 1 --executor-cores 1 --executor-memory 1G --conf spark.driver.extraJavaOptions="-Divy.cache.dir=/tmp -Divy.home=/tmp" \
--packages org.postgresql:postgresql:42.7.3 /opt/dolphinscheduler/conf/../libs/dolphinscheduler-data-quality-3.2.1.jar "{\"name\":\"$t(uniqueness_check)\",\"env\":{\"type\":\"batch\",\"config\":null},\"readers\":[{\"type\":\"JDBC\",\"config\":{\"database\":\"persistence\",\"password\":\"******\",\"driver\":\"org.postgresql.Driver\",\"user\":\"root\",\"output_table\":\"persistence_filtered_data_persistence\",\"table\":\"filtered_data_persistence\",\"url\":\"jdbc:postgresql://dolphinscheduler-postgresql:5432/persistence?password=root\"} }],\"transformers\":[{\"type\":\"sql\",\"config\":{\"index\":1,\"output_table\":\"duplicate_items\",\"sql\":\"SELECT content FROM persistence_filtered_data_persistence group by content having count(*) > 1\"} },{\"type\":\"sql\",\"config\":{\"index\":2,\"output_table\":\"duplicate_count\",\"sql\":\"SELECT COUNT(*) AS duplicates FROM duplicate_items\"} }],\"writers\":[{\"type\":\"JDBC\",\"config\":{\"database\":\"dolphinscheduler\",\"password\":\"****\",\"driver\":\"org.postgresql.Driver\",\"user\":\"root\",\"table\":\"t_ds_dq_execute_result\",\"url\":\"jdbc:postgresql://dolphinscheduler-postgresql:5432/dolphinscheduler\",\"sql\":\"select 0 as rule_type,'$t(uniqueness_check)' as rule_name,0 as process_definition_id,1096 as process_instance_id,3996 as task_instance_id,duplicate_count.duplicates AS statistics_value,0 AS comparison_value,1 AS comparison_type,0 as check_type,0 as threshold,0 as operator,1 as failure_strategy,'hdfs://mycluster:8020/user/default/data_quality_error_data/0_1096_[null check] filtered data persistence' as error_output_path,'2024-05-07 12:58:05' as create_time,'2024-05-07 12:58:05' as update_time from duplicate_count \"} },{\"type\":\"JDBC\",\"config\":{\"database\":\"dolphinscheduler\",\"password\":\"****\",\"driver\":\"org.postgresql.Driver\",\"user\":\"root\",\"table\":\"t_ds_dq_task_statistics_value\",\"url\":\"jdbc:postgresql://dolphinscheduler-postgresql:5432/dolphinscheduler\",\"sql\":\"select 0 as process_definition_id,3996 as task_instance_id,6 as rule_id,'SHVW6MB5DKCPXGLJBK9KMF/0TK4ZDI6XQ0NYRAEMEN8=' as unique_code,'duplicate_count.duplicates'AS statistics_name,duplicate_count.duplicates AS statistics_value,'2024-05-07 12:58:05' as data_time,'2024-05-07 12:58:05' as create_time,'2024-05-07 12:58:05' as update_time from duplicate_count\"} },{\"type\":\"hdfs_file\",\"config\":{\"path\":\"hdfs://mycluster:8020/user/default/data_quality_error_data/0_1096_[null check] filtered data persistence\",\"input_table\":\"duplicate_items\"} }]}"
[INFO] 2024-05-07 12:58:05.921 +0800 - ****************************** Script Content *****************************************************************
[INFO] 2024-05-07 12:58:05.922 +0800 - Executing shell command : sudo -u default -i /tmp/dolphinscheduler/exec/process/default/13001194483488/13505298546272_22/1096/3996/1096_3996.sh
[INFO] 2024-05-07 12:58:05.935 +0800 - process start, process id is: 322
[INFO] 2024-05-07 12:58:06.940 +0800 -  -> 
	sudo: unable to change directory to /home/default: No such file or directory
[INFO] 2024-05-07 12:58:09.987 +0800 -  -> 
	:: loading settings :: url = jar:file:/opt/spark-3.5.1-bin-hadoop3/jars/ivy-2.5.1.jar!/org/apache/ivy/core/settings/ivysettings.xml
	Ivy Default Cache set to: /tmp
	The jars for the packages stored in: /tmp/jars
	org.postgresql#postgresql added as a dependency
	:: resolving dependencies :: org.apache.spark#spark-submit-parent-30bf40c9-5ebd-4c8c-bff5-50ed29d472fe;1.0
		confs: [default]
[INFO] 2024-05-07 12:58:10.990 +0800 -  -> 
		found org.postgresql#postgresql;42.7.3 in central
		found org.checkerframework#checker-qual;3.42.0 in central
	:: resolution report :: resolve 439ms :: artifacts dl 28ms
		:: modules in use:
		org.checkerframework#checker-qual;3.42.0 from central in [default]
		org.postgresql#postgresql;42.7.3 from central in [default]
		---------------------------------------------------------------------
		|                  |            modules            ||   artifacts   |
		|       conf       | number| search|dwnlded|evicted|| number|dwnlded|
		---------------------------------------------------------------------
		|      default     |   2   |   0   |   0   |   0   ||   2   |   0   |
		---------------------------------------------------------------------
	:: retrieving :: org.apache.spark#spark-submit-parent-30bf40c9-5ebd-4c8c-bff5-50ed29d472fe
		confs: [default]
		0 artifacts copied, 2 already retrieved (0kB/9ms)
	24/05/07 12:58:10 WARN NativeCodeLoader: Unable to load native-hadoop library for your platform... using builtin-java classes where applicable
[INFO] 2024-05-07 12:58:11.993 +0800 -  -> 
	24/05/07 12:58:11 INFO SparkContext: Running Spark version 3.5.1
	24/05/07 12:58:11 INFO SparkContext: OS info Linux, 6.5.0-28-generic, amd64
	24/05/07 12:58:11 INFO SparkContext: Java version 1.8.0_402
	24/05/07 12:58:11 INFO ResourceUtils: ==============================================================
	24/05/07 12:58:11 INFO ResourceUtils: No custom resources configured for spark.driver.
	24/05/07 12:58:11 INFO ResourceUtils: ==============================================================
	24/05/07 12:58:11 INFO SparkContext: Submitted application: (uniqueness_check)
	24/05/07 12:58:11 INFO ResourceProfile: Default ResourceProfile created, executor resources: Map(cores -> name: cores, amount: 1, script: , vendor: , memory -> name: memory, amount: 1024, script: , vendor: , offHeap -> name: offHeap, amount: 0, script: , vendor: ), task resources: Map(cpus -> name: cpus, amount: 1.0)
	24/05/07 12:58:11 INFO ResourceProfile: Limiting resource is cpu
	24/05/07 12:58:11 INFO ResourceProfileManager: Added ResourceProfile id: 0
	24/05/07 12:58:11 INFO SecurityManager: Changing view acls to: default
	24/05/07 12:58:11 INFO SecurityManager: Changing modify acls to: default
	24/05/07 12:58:11 INFO SecurityManager: Changing view acls groups to: 
	24/05/07 12:58:11 INFO SecurityManager: Changing modify acls groups to: 
	24/05/07 12:58:11 INFO SecurityManager: SecurityManager: authentication disabled; ui acls disabled; users with view permissions: default; groups with view permissions: EMPTY; users with modify permissions: default; groups with modify permissions: EMPTY
[INFO] 2024-05-07 12:58:12.994 +0800 -  -> 
	24/05/07 12:58:12 INFO Utils: Successfully started service 'sparkDriver' on port 45381.
	24/05/07 12:58:12 INFO SparkEnv: Registering MapOutputTracker
	24/05/07 12:58:12 INFO SparkEnv: Registering BlockManagerMaster
	24/05/07 12:58:12 INFO BlockManagerMasterEndpoint: Using org.apache.spark.storage.DefaultTopologyMapper for getting topology information
	24/05/07 12:58:12 INFO BlockManagerMasterEndpoint: BlockManagerMasterEndpoint up
	24/05/07 12:58:12 INFO SparkEnv: Registering BlockManagerMasterHeartbeat
	24/05/07 12:58:12 INFO DiskBlockManager: Created local directory at /tmp/blockmgr-78fabee9-cd8a-4452-a998-517107b04fff
	24/05/07 12:58:12 INFO MemoryStore: MemoryStore started with capacity 93.3 MiB
	24/05/07 12:58:12 INFO SparkEnv: Registering OutputCommitCoordinator
	24/05/07 12:58:12 INFO JettyUtils: Start Jetty 0.0.0.0:4040 for SparkUI
	24/05/07 12:58:12 INFO Utils: Successfully started service 'SparkUI' on port 4040.
	24/05/07 12:58:12 INFO SparkContext: Added JAR file:///tmp/jars/org.postgresql_postgresql-42.7.3.jar at spark://cd1b3523ffb1:45381/jars/org.postgresql_postgresql-42.7.3.jar with timestamp 1715057891597
	24/05/07 12:58:12 INFO SparkContext: Added JAR file:///tmp/jars/org.checkerframework_checker-qual-3.42.0.jar at spark://cd1b3523ffb1:45381/jars/org.checkerframework_checker-qual-3.42.0.jar with timestamp 1715057891597
	24/05/07 12:58:12 INFO SparkContext: Added JAR file:/opt/dolphinscheduler/libs/dolphinscheduler-data-quality-3.2.1.jar at spark://cd1b3523ffb1:45381/jars/dolphinscheduler-data-quality-3.2.1.jar with timestamp 1715057891597
[INFO] 2024-05-07 12:58:14.003 +0800 -  -> 
	24/05/07 12:58:13 INFO Executor: Starting executor ID driver on host cd1b3523ffb1
	24/05/07 12:58:13 INFO Executor: OS info Linux, 6.5.0-28-generic, amd64
	24/05/07 12:58:13 INFO Executor: Java version 1.8.0_402
	24/05/07 12:58:13 INFO Executor: Starting executor with user classpath (userClassPathFirst = false): ''
	24/05/07 12:58:13 INFO Executor: Created or updated repl class loader org.apache.spark.util.MutableURLClassLoader@176996c3 for default.
	24/05/07 12:58:13 INFO Executor: Fetching spark://cd1b3523ffb1:45381/jars/org.checkerframework_checker-qual-3.42.0.jar with timestamp 1715057891597
	24/05/07 12:58:13 INFO TransportClientFactory: Successfully created connection to cd1b3523ffb1/172.18.1.1:45381 after 247 ms (0 ms spent in bootstraps)
	24/05/07 12:58:13 INFO Utils: Fetching spark://cd1b3523ffb1:45381/jars/org.checkerframework_checker-qual-3.42.0.jar to /tmp/spark-7d48793d-dfec-4bcf-81e8-c5b809233f2f/userFiles-37a8ede6-6bd6-41a8-8493-cac548ec9576/fetchFileTemp2792021640435749667.tmp
	24/05/07 12:58:13 INFO Executor: Adding file:/tmp/spark-7d48793d-dfec-4bcf-81e8-c5b809233f2f/userFiles-37a8ede6-6bd6-41a8-8493-cac548ec9576/org.checkerframework_checker-qual-3.42.0.jar to class loader default
	24/05/07 12:58:13 INFO Executor: Fetching spark://cd1b3523ffb1:45381/jars/org.postgresql_postgresql-42.7.3.jar with timestamp 1715057891597
	24/05/07 12:58:13 INFO Utils: Fetching spark://cd1b3523ffb1:45381/jars/org.postgresql_postgresql-42.7.3.jar to /tmp/spark-7d48793d-dfec-4bcf-81e8-c5b809233f2f/userFiles-37a8ede6-6bd6-41a8-8493-cac548ec9576/fetchFileTemp4817588934444635221.tmp
	24/05/07 12:58:13 INFO Executor: Adding file:/tmp/spark-7d48793d-dfec-4bcf-81e8-c5b809233f2f/userFiles-37a8ede6-6bd6-41a8-8493-cac548ec9576/org.postgresql_postgresql-42.7.3.jar to class loader default
	24/05/07 12:58:13 INFO Executor: Fetching spark://cd1b3523ffb1:45381/jars/dolphinscheduler-data-quality-3.2.1.jar with timestamp 1715057891597
	24/05/07 12:58:13 INFO Utils: Fetching spark://cd1b3523ffb1:45381/jars/dolphinscheduler-data-quality-3.2.1.jar to /tmp/spark-7d48793d-dfec-4bcf-81e8-c5b809233f2f/userFiles-37a8ede6-6bd6-41a8-8493-cac548ec9576/fetchFileTemp8274939016329422487.tmp
	24/05/07 12:58:13 INFO Executor: Adding file:/tmp/spark-7d48793d-dfec-4bcf-81e8-c5b809233f2f/userFiles-37a8ede6-6bd6-41a8-8493-cac548ec9576/dolphinscheduler-data-quality-3.2.1.jar to class loader default
[INFO] 2024-05-07 12:58:15.014 +0800 -  -> 
	24/05/07 12:58:14 INFO Utils: Successfully started service 'org.apache.spark.network.netty.NettyBlockTransferService' on port 34765.
	24/05/07 12:58:14 INFO NettyBlockTransferService: Server created on cd1b3523ffb1:34765
	24/05/07 12:58:14 INFO BlockManager: Using org.apache.spark.storage.RandomBlockReplicationPolicy for block replication policy
	24/05/07 12:58:14 INFO BlockManagerMaster: Registering BlockManager BlockManagerId(driver, cd1b3523ffb1, 34765, None)
	24/05/07 12:58:14 INFO BlockManagerMasterEndpoint: Registering block manager cd1b3523ffb1:34765 with 93.3 MiB RAM, BlockManagerId(driver, cd1b3523ffb1, 34765, None)
	24/05/07 12:58:14 INFO BlockManagerMaster: Registered BlockManager BlockManagerId(driver, cd1b3523ffb1, 34765, None)
	24/05/07 12:58:14 INFO BlockManager: Initialized BlockManager: BlockManagerId(driver, cd1b3523ffb1, 34765, None)
	24/05/07 12:58:14 INFO SharedState: Setting hive.metastore.warehouse.dir ('null') to the value of spark.sql.warehouse.dir.
	24/05/07 12:58:14 INFO SharedState: Warehouse path is 'file:/tmp/dolphinscheduler/exec/process/default/13001194483488/13505298546272_22/1096/3996/spark-warehouse'.
[INFO] 2024-05-07 12:58:23.105 +0800 -  -> 
	24/05/07 12:58:22 WARN SparkStringUtils: Truncated the string representation of a plan since it was too large. This behavior can be adjusted by setting 'spark.sql.debug.maxToStringFields'.
[INFO] 2024-05-07 12:58:25.172 +0800 -  -> 
	24/05/07 12:58:24 INFO CodeGenerator: Code generated in 1297.646667 ms
[INFO] 2024-05-07 12:58:26.174 +0800 -  -> 
	24/05/07 12:58:25 INFO DAGScheduler: Registering RDD 2 (save at JdbcWriter.java:87) as input to shuffle 0
	24/05/07 12:58:25 INFO DAGScheduler: Got map stage job 0 (save at JdbcWriter.java:87) with 1 output partitions
	24/05/07 12:58:25 INFO DAGScheduler: Final stage: ShuffleMapStage 0 (save at JdbcWriter.java:87)
	24/05/07 12:58:25 INFO DAGScheduler: Parents of final stage: List()
	24/05/07 12:58:25 INFO DAGScheduler: Missing parents: List()
	24/05/07 12:58:25 INFO DAGScheduler: Submitting ShuffleMapStage 0 (MapPartitionsRDD[2] at save at JdbcWriter.java:87), which has no missing parents
	24/05/07 12:58:25 INFO MemoryStore: Block broadcast_0 stored as values in memory (estimated size 34.8 KiB, free 93.3 MiB)
	24/05/07 12:58:25 INFO MemoryStore: Block broadcast_0_piece0 stored as bytes in memory (estimated size 16.4 KiB, free 93.2 MiB)
	24/05/07 12:58:25 INFO BlockManagerInfo: Added broadcast_0_piece0 in memory on cd1b3523ffb1:34765 (size: 16.4 KiB, free: 93.3 MiB)
	24/05/07 12:58:25 INFO SparkContext: Created broadcast 0 from broadcast at DAGScheduler.scala:1585
	24/05/07 12:58:26 INFO DAGScheduler: Submitting 1 missing tasks from ShuffleMapStage 0 (MapPartitionsRDD[2] at save at JdbcWriter.java:87) (first 15 tasks are for partitions Vector(0))
	24/05/07 12:58:26 INFO TaskSchedulerImpl: Adding task set 0.0 with 1 tasks resource profile 0
	24/05/07 12:58:26 INFO TaskSetManager: Starting task 0.0 in stage 0.0 (TID 0) (cd1b3523ffb1, executor driver, partition 0, PROCESS_LOCAL, 7878 bytes) 
[INFO] 2024-05-07 12:58:27.183 +0800 -  -> 
	24/05/07 12:58:26 INFO Executor: Running task 0.0 in stage 0.0 (TID 0)
	24/05/07 12:58:26 INFO CodeGenerator: Code generated in 69.263758 ms
	24/05/07 12:58:26 INFO CodeGenerator: Code generated in 25.877052 ms
	24/05/07 12:58:26 INFO CodeGenerator: Code generated in 23.697519 ms
	24/05/07 12:58:26 INFO CodeGenerator: Code generated in 17.743401 ms
	24/05/07 12:58:26 INFO CodeGenerator: Code generated in 10.546577 ms
	24/05/07 12:58:27 INFO JDBCRDD: closed connection
[INFO] 2024-05-07 12:58:28.188 +0800 -  -> 
	24/05/07 12:58:27 INFO Executor: Finished task 0.0 in stage 0.0 (TID 0). 2534 bytes result sent to driver
	24/05/07 12:58:27 INFO TaskSetManager: Finished task 0.0 in stage 0.0 (TID 0) in 1173 ms on cd1b3523ffb1 (executor driver) (1/1)
	24/05/07 12:58:27 INFO TaskSchedulerImpl: Removed TaskSet 0.0, whose tasks have all completed, from pool 
	24/05/07 12:58:27 INFO DAGScheduler: ShuffleMapStage 0 (save at JdbcWriter.java:87) finished in 1.592 s
	24/05/07 12:58:27 INFO DAGScheduler: looking for newly runnable stages
	24/05/07 12:58:27 INFO DAGScheduler: running: Set()
	24/05/07 12:58:27 INFO DAGScheduler: waiting: Set()
	24/05/07 12:58:27 INFO DAGScheduler: failed: Set()
	24/05/07 12:58:27 INFO ShufflePartitionsUtil: For shuffle(0), advisory target size: 67108864, actual target size 1048576, minimum partition size: 1048576
	24/05/07 12:58:27 INFO HashAggregateExec: spark.sql.codegen.aggregate.map.twolevel.enabled is set to true, but current version of codegened fast hashmap does not support this aggregate.
	24/05/07 12:58:27 INFO CodeGenerator: Code generated in 16.419533 ms
	24/05/07 12:58:27 INFO DAGScheduler: Registering RDD 5 (save at JdbcWriter.java:87) as input to shuffle 1
	24/05/07 12:58:27 INFO DAGScheduler: Got map stage job 1 (save at JdbcWriter.java:87) with 1 output partitions
	24/05/07 12:58:27 INFO DAGScheduler: Final stage: ShuffleMapStage 2 (save at JdbcWriter.java:87)
	24/05/07 12:58:27 INFO DAGScheduler: Parents of final stage: List(ShuffleMapStage 1)
	24/05/07 12:58:27 INFO DAGScheduler: Missing parents: List()
	24/05/07 12:58:27 INFO DAGScheduler: Submitting ShuffleMapStage 2 (MapPartitionsRDD[5] at save at JdbcWriter.java:87), which has no missing parents
	24/05/07 12:58:27 INFO MemoryStore: Block broadcast_1 stored as values in memory (estimated size 40.5 KiB, free 93.2 MiB)
	24/05/07 12:58:27 INFO MemoryStore: Block broadcast_1_piece0 stored as bytes in memory (estimated size 19.1 KiB, free 93.2 MiB)
	24/05/07 12:58:27 INFO BlockManagerInfo: Added broadcast_1_piece0 in memory on cd1b3523ffb1:34765 (size: 19.1 KiB, free: 93.3 MiB)
	24/05/07 12:58:27 INFO SparkContext: Created broadcast 1 from broadcast at DAGScheduler.scala:1585
	24/05/07 12:58:27 INFO DAGScheduler: Submitting 1 missing tasks from ShuffleMapStage 2 (MapPartitionsRDD[5] at save at JdbcWriter.java:87) (first 15 tasks are for partitions Vector(0))
	24/05/07 12:58:27 INFO TaskSchedulerImpl: Adding task set 2.0 with 1 tasks resource profile 0
	24/05/07 12:58:27 INFO TaskSetManager: Starting task 0.0 in stage 2.0 (TID 1) (cd1b3523ffb1, executor driver, partition 0, NODE_LOCAL, 8032 bytes) 
	24/05/07 12:58:27 INFO Executor: Running task 0.0 in stage 2.0 (TID 1)
	24/05/07 12:58:27 INFO ShuffleBlockFetcherIterator: Getting 1 (2.9 KiB) non-empty blocks including 1 (2.9 KiB) local and 0 (0.0 B) host-local and 0 (0.0 B) push-merged-local and 0 (0.0 B) remote blocks
	24/05/07 12:58:27 INFO ShuffleBlockFetcherIterator: Started 0 remote fetches in 41 ms
	24/05/07 12:58:28 INFO CodeGenerator: Code generated in 21.803785 ms
	24/05/07 12:58:28 INFO Executor: Finished task 0.0 in stage 2.0 (TID 1). 5420 bytes result sent to driver
	24/05/07 12:58:28 INFO TaskSetManager: Finished task 0.0 in stage 2.0 (TID 1) in 256 ms on cd1b3523ffb1 (executor driver) (1/1)
	24/05/07 12:58:28 INFO TaskSchedulerImpl: Removed TaskSet 2.0, whose tasks have all completed, from pool 
	24/05/07 12:58:28 INFO DAGScheduler: ShuffleMapStage 2 (save at JdbcWriter.java:87) finished in 0.315 s
	24/05/07 12:58:28 INFO DAGScheduler: looking for newly runnable stages
	24/05/07 12:58:28 INFO DAGScheduler: running: Set()
	24/05/07 12:58:28 INFO DAGScheduler: waiting: Set()
	24/05/07 12:58:28 INFO DAGScheduler: failed: Set()
[INFO] 2024-05-07 12:58:29.194 +0800 -  -> 
	24/05/07 12:58:28 INFO CodeGenerator: Code generated in 38.415072 ms
	24/05/07 12:58:28 INFO SparkContext: Starting job: save at JdbcWriter.java:87
	24/05/07 12:58:28 INFO DAGScheduler: Got job 2 (save at JdbcWriter.java:87) with 1 output partitions
	24/05/07 12:58:28 INFO DAGScheduler: Final stage: ResultStage 5 (save at JdbcWriter.java:87)
	24/05/07 12:58:28 INFO DAGScheduler: Parents of final stage: List(ShuffleMapStage 4)
	24/05/07 12:58:28 INFO DAGScheduler: Missing parents: List()
	24/05/07 12:58:28 INFO DAGScheduler: Submitting ResultStage 5 (MapPartitionsRDD[10] at save at JdbcWriter.java:87), which has no missing parents
	24/05/07 12:58:28 INFO BlockManagerInfo: Removed broadcast_0_piece0 on cd1b3523ffb1:34765 in memory (size: 16.4 KiB, free: 93.3 MiB)
	24/05/07 12:58:28 INFO MemoryStore: Block broadcast_2 stored as values in memory (estimated size 51.4 KiB, free 93.2 MiB)
	24/05/07 12:58:28 INFO MemoryStore: Block broadcast_2_piece0 stored as bytes in memory (estimated size 23.1 KiB, free 93.2 MiB)
	24/05/07 12:58:28 INFO BlockManagerInfo: Added broadcast_2_piece0 in memory on cd1b3523ffb1:34765 (size: 23.1 KiB, free: 93.3 MiB)
	24/05/07 12:58:28 INFO SparkContext: Created broadcast 2 from broadcast at DAGScheduler.scala:1585
	24/05/07 12:58:28 INFO DAGScheduler: Submitting 1 missing tasks from ResultStage 5 (MapPartitionsRDD[10] at save at JdbcWriter.java:87) (first 15 tasks are for partitions Vector(0))
	24/05/07 12:58:28 INFO TaskSchedulerImpl: Adding task set 5.0 with 1 tasks resource profile 0
	24/05/07 12:58:28 INFO TaskSetManager: Starting task 0.0 in stage 5.0 (TID 2) (cd1b3523ffb1, executor driver, partition 0, NODE_LOCAL, 8043 bytes) 
	24/05/07 12:58:28 INFO Executor: Running task 0.0 in stage 5.0 (TID 2)
	24/05/07 12:58:28 INFO BlockManagerInfo: Removed broadcast_1_piece0 on cd1b3523ffb1:34765 in memory (size: 19.1 KiB, free: 93.3 MiB)
	24/05/07 12:58:29 INFO ShuffleBlockFetcherIterator: Getting 1 (60.0 B) non-empty blocks including 1 (60.0 B) local and 0 (0.0 B) host-local and 0 (0.0 B) push-merged-local and 0 (0.0 B) remote blocks
[INFO] 2024-05-07 12:58:30.196 +0800 -  -> 
	24/05/07 12:58:29 INFO CodeGenerator: Code generated in 30.078075 ms
[INFO] 2024-05-07 12:58:31.198 +0800 -  -> 
	24/05/07 12:58:31 INFO CodeGenerator: Code generated in 20.217077 ms
[INFO] 2024-05-07 12:58:32.211 +0800 -  -> 
	24/05/07 12:58:31 INFO Executor: Finished task 0.0 in stage 5.0 (TID 2). 6711 bytes result sent to driver
	24/05/07 12:58:31 INFO TaskSetManager: Finished task 0.0 in stage 5.0 (TID 2) in 2346 ms on cd1b3523ffb1 (executor driver) (1/1)
	24/05/07 12:58:31 INFO TaskSchedulerImpl: Removed TaskSet 5.0, whose tasks have all completed, from pool 
	24/05/07 12:58:31 INFO DAGScheduler: ResultStage 5 (save at JdbcWriter.java:87) finished in 2.661 s
	24/05/07 12:58:31 INFO DAGScheduler: Job 2 is finished. Cancelling potential speculative or zombie tasks for this job
	24/05/07 12:58:31 INFO TaskSchedulerImpl: Killing all running tasks in stage 5: Stage finished
	24/05/07 12:58:31 INFO DAGScheduler: Job 2 finished: save at JdbcWriter.java:87, took 2.844068 s
	24/05/07 12:58:31 INFO DAGScheduler: Registering RDD 13 (save at JdbcWriter.java:87) as input to shuffle 2
	24/05/07 12:58:31 INFO DAGScheduler: Got map stage job 3 (save at JdbcWriter.java:87) with 1 output partitions
	24/05/07 12:58:31 INFO DAGScheduler: Final stage: ShuffleMapStage 6 (save at JdbcWriter.java:87)
	24/05/07 12:58:31 INFO DAGScheduler: Parents of final stage: List()
	24/05/07 12:58:31 INFO DAGScheduler: Missing parents: List()
	24/05/07 12:58:31 INFO DAGScheduler: Submitting ShuffleMapStage 6 (MapPartitionsRDD[13] at save at JdbcWriter.java:87), which has no missing parents
	24/05/07 12:58:31 INFO MemoryStore: Block broadcast_3 stored as values in memory (estimated size 34.8 KiB, free 93.2 MiB)
	24/05/07 12:58:31 INFO MemoryStore: Block broadcast_3_piece0 stored as bytes in memory (estimated size 16.5 KiB, free 93.2 MiB)
	24/05/07 12:58:31 INFO BlockManagerInfo: Added broadcast_3_piece0 in memory on cd1b3523ffb1:34765 (size: 16.5 KiB, free: 93.3 MiB)
	24/05/07 12:58:31 INFO SparkContext: Created broadcast 3 from broadcast at DAGScheduler.scala:1585
	24/05/07 12:58:31 INFO DAGScheduler: Submitting 1 missing tasks from ShuffleMapStage 6 (MapPartitionsRDD[13] at save at JdbcWriter.java:87) (first 15 tasks are for partitions Vector(0))
	24/05/07 12:58:31 INFO TaskSchedulerImpl: Adding task set 6.0 with 1 tasks resource profile 0
	24/05/07 12:58:31 INFO TaskSetManager: Starting task 0.0 in stage 6.0 (TID 3) (cd1b3523ffb1, executor driver, partition 0, PROCESS_LOCAL, 7878 bytes) 
	24/05/07 12:58:31 INFO Executor: Running task 0.0 in stage 6.0 (TID 3)
	24/05/07 12:58:31 INFO JDBCRDD: closed connection
	24/05/07 12:58:31 INFO Executor: Finished task 0.0 in stage 6.0 (TID 3). 2448 bytes result sent to driver
	24/05/07 12:58:31 INFO TaskSetManager: Finished task 0.0 in stage 6.0 (TID 3) in 113 ms on cd1b3523ffb1 (executor driver) (1/1)
	24/05/07 12:58:31 INFO TaskSchedulerImpl: Removed TaskSet 6.0, whose tasks have all completed, from pool 
	24/05/07 12:58:31 INFO DAGScheduler: ShuffleMapStage 6 (save at JdbcWriter.java:87) finished in 0.148 s
	24/05/07 12:58:31 INFO DAGScheduler: looking for newly runnable stages
	24/05/07 12:58:31 INFO DAGScheduler: running: Set()
	24/05/07 12:58:31 INFO DAGScheduler: waiting: Set()
	24/05/07 12:58:31 INFO DAGScheduler: failed: Set()
	24/05/07 12:58:31 INFO ShufflePartitionsUtil: For shuffle(2), advisory target size: 67108864, actual target size 1048576, minimum partition size: 1048576
	24/05/07 12:58:31 INFO HashAggregateExec: spark.sql.codegen.aggregate.map.twolevel.enabled is set to true, but current version of codegened fast hashmap does not support this aggregate.
	24/05/07 12:58:31 INFO DAGScheduler: Registering RDD 16 (save at JdbcWriter.java:87) as input to shuffle 3
	24/05/07 12:58:31 INFO DAGScheduler: Got map stage job 4 (save at JdbcWriter.java:87) with 1 output partitions
	24/05/07 12:58:31 INFO DAGScheduler: Final stage: ShuffleMapStage 8 (save at JdbcWriter.java:87)
	24/05/07 12:58:31 INFO DAGScheduler: Parents of final stage: List(ShuffleMapStage 7)
	24/05/07 12:58:31 INFO DAGScheduler: Missing parents: List()
	24/05/07 12:58:31 INFO DAGScheduler: Submitting ShuffleMapStage 8 (MapPartitionsRDD[16] at save at JdbcWriter.java:87), which has no missing parents
	24/05/07 12:58:31 INFO MemoryStore: Block broadcast_4 stored as values in memory (estimated size 40.6 KiB, free 93.1 MiB)
	24/05/07 12:58:31 INFO MemoryStore: Block broadcast_4_piece0 stored as bytes in memory (estimated size 19.1 KiB, free 93.1 MiB)
	24/05/07 12:58:31 INFO BlockManagerInfo: Added broadcast_4_piece0 in memory on cd1b3523ffb1:34765 (size: 19.1 KiB, free: 93.2 MiB)
	24/05/07 12:58:31 INFO SparkContext: Created broadcast 4 from broadcast at DAGScheduler.scala:1585
	24/05/07 12:58:31 INFO DAGScheduler: Submitting 1 missing tasks from ShuffleMapStage 8 (MapPartitionsRDD[16] at save at JdbcWriter.java:87) (first 15 tasks are for partitions Vector(0))
	24/05/07 12:58:31 INFO TaskSchedulerImpl: Adding task set 8.0 with 1 tasks resource profile 0
	24/05/07 12:58:31 INFO TaskSetManager: Starting task 0.0 in stage 8.0 (TID 4) (cd1b3523ffb1, executor driver, partition 0, NODE_LOCAL, 8032 bytes) 
	24/05/07 12:58:31 INFO Executor: Running task 0.0 in stage 8.0 (TID 4)
	24/05/07 12:58:31 INFO ShuffleBlockFetcherIterator: Getting 1 (2.9 KiB) non-empty blocks including 1 (2.9 KiB) local and 0 (0.0 B) host-local and 0 (0.0 B) push-merged-local and 0 (0.0 B) remote blocks
	24/05/07 12:58:31 INFO ShuffleBlockFetcherIterator: Started 0 remote fetches in 1 ms
	24/05/07 12:58:31 INFO Executor: Finished task 0.0 in stage 8.0 (TID 4). 5420 bytes result sent to driver
	24/05/07 12:58:31 INFO TaskSetManager: Finished task 0.0 in stage 8.0 (TID 4) in 49 ms on cd1b3523ffb1 (executor driver) (1/1)
	24/05/07 12:58:31 INFO TaskSchedulerImpl: Removed TaskSet 8.0, whose tasks have all completed, from pool 
	24/05/07 12:58:31 INFO DAGScheduler: ShuffleMapStage 8 (save at JdbcWriter.java:87) finished in 0.083 s
	24/05/07 12:58:31 INFO DAGScheduler: looking for newly runnable stages
	24/05/07 12:58:31 INFO DAGScheduler: running: Set()
	24/05/07 12:58:31 INFO DAGScheduler: waiting: Set()
	24/05/07 12:58:31 INFO DAGScheduler: failed: Set()
	24/05/07 12:58:31 INFO CodeGenerator: Code generated in 27.398094 ms
	24/05/07 12:58:32 INFO SparkContext: Starting job: save at JdbcWriter.java:87
	24/05/07 12:58:32 INFO DAGScheduler: Got job 5 (save at JdbcWriter.java:87) with 1 output partitions
	24/05/07 12:58:32 INFO DAGScheduler: Final stage: ResultStage 11 (save at JdbcWriter.java:87)
	24/05/07 12:58:32 INFO DAGScheduler: Parents of final stage: List(ShuffleMapStage 10)
	24/05/07 12:58:32 INFO DAGScheduler: Missing parents: List()
	24/05/07 12:58:32 INFO DAGScheduler: Submitting ResultStage 11 (MapPartitionsRDD[21] at save at JdbcWriter.java:87), which has no missing parents
	24/05/07 12:58:32 INFO MemoryStore: Block broadcast_5 stored as values in memory (estimated size 49.2 KiB, free 93.1 MiB)
	24/05/07 12:58:32 INFO MemoryStore: Block broadcast_5_piece0 stored as bytes in memory (estimated size 22.7 KiB, free 93.0 MiB)
	24/05/07 12:58:32 INFO BlockManagerInfo: Added broadcast_5_piece0 in memory on cd1b3523ffb1:34765 (size: 22.7 KiB, free: 93.2 MiB)
	24/05/07 12:58:32 INFO SparkContext: Created broadcast 5 from broadcast at DAGScheduler.scala:1585
	24/05/07 12:58:32 INFO DAGScheduler: Submitting 1 missing tasks from ResultStage 11 (MapPartitionsRDD[21] at save at JdbcWriter.java:87) (first 15 tasks are for partitions Vector(0))
	24/05/07 12:58:32 INFO TaskSchedulerImpl: Adding task set 11.0 with 1 tasks resource profile 0
	24/05/07 12:58:32 INFO TaskSetManager: Starting task 0.0 in stage 11.0 (TID 5) (cd1b3523ffb1, executor driver, partition 0, NODE_LOCAL, 8043 bytes) 
	24/05/07 12:58:32 INFO Executor: Running task 0.0 in stage 11.0 (TID 5)
	24/05/07 12:58:32 INFO ShuffleBlockFetcherIterator: Getting 1 (60.0 B) non-empty blocks including 1 (60.0 B) local and 0 (0.0 B) host-local and 0 (0.0 B) push-merged-local and 0 (0.0 B) remote blocks
	24/05/07 12:58:32 INFO ShuffleBlockFetcherIterator: Started 0 remote fetches in 0 ms
	24/05/07 12:58:32 INFO CodeGenerator: Code generated in 26.456608 ms
	24/05/07 12:58:32 INFO CodeGenerator: Code generated in 19.224793 ms
[INFO] 2024-05-07 12:58:33.222 +0800 -  -> 
	24/05/07 12:58:32 INFO Executor: Finished task 0.0 in stage 11.0 (TID 5). 6625 bytes result sent to driver
	24/05/07 12:58:32 INFO TaskSetManager: Finished task 0.0 in stage 11.0 (TID 5) in 129 ms on cd1b3523ffb1 (executor driver) (1/1)
	24/05/07 12:58:32 INFO TaskSchedulerImpl: Removed TaskSet 11.0, whose tasks have all completed, from pool 
	24/05/07 12:58:32 INFO DAGScheduler: ResultStage 11 (save at JdbcWriter.java:87) finished in 0.209 s
	24/05/07 12:58:32 INFO DAGScheduler: Job 5 is finished. Cancelling potential speculative or zombie tasks for this job
	24/05/07 12:58:32 INFO TaskSchedulerImpl: Killing all running tasks in stage 11: Stage finished
	24/05/07 12:58:32 INFO DAGScheduler: Job 5 finished: save at JdbcWriter.java:87, took 0.238696 s
	24/05/07 12:58:32 INFO BlockManagerInfo: Removed broadcast_2_piece0 on cd1b3523ffb1:34765 in memory (size: 23.1 KiB, free: 93.2 MiB)
	24/05/07 12:58:32 INFO BlockManagerInfo: Removed broadcast_3_piece0 on cd1b3523ffb1:34765 in memory (size: 16.5 KiB, free: 93.3 MiB)
	24/05/07 12:58:32 INFO BlockManagerInfo: Removed broadcast_5_piece0 on cd1b3523ffb1:34765 in memory (size: 22.7 KiB, free: 93.3 MiB)
	24/05/07 12:58:32 INFO BlockManagerInfo: Removed broadcast_4_piece0 on cd1b3523ffb1:34765 in memory (size: 19.1 KiB, free: 93.3 MiB)
[INFO] 2024-05-07 12:58:34.223 +0800 -  -> 
	24/05/07 12:58:34 INFO DAGScheduler: Registering RDD 24 (csv at BaseFileWriter.java:114) as input to shuffle 4
	24/05/07 12:58:34 INFO DAGScheduler: Got map stage job 6 (csv at BaseFileWriter.java:114) with 1 output partitions
	24/05/07 12:58:34 INFO DAGScheduler: Final stage: ShuffleMapStage 12 (csv at BaseFileWriter.java:114)
	24/05/07 12:58:34 INFO DAGScheduler: Parents of final stage: List()
	24/05/07 12:58:34 INFO DAGScheduler: Missing parents: List()
	24/05/07 12:58:34 INFO DAGScheduler: Submitting ShuffleMapStage 12 (MapPartitionsRDD[24] at csv at BaseFileWriter.java:114), which has no missing parents
	24/05/07 12:58:34 INFO MemoryStore: Block broadcast_6 stored as values in memory (estimated size 34.8 KiB, free 93.3 MiB)
	24/05/07 12:58:34 INFO MemoryStore: Block broadcast_6_piece0 stored as bytes in memory (estimated size 16.5 KiB, free 93.2 MiB)
	24/05/07 12:58:34 INFO BlockManagerInfo: Added broadcast_6_piece0 in memory on cd1b3523ffb1:34765 (size: 16.5 KiB, free: 93.3 MiB)
	24/05/07 12:58:34 INFO SparkContext: Created broadcast 6 from broadcast at DAGScheduler.scala:1585
	24/05/07 12:58:34 INFO DAGScheduler: Submitting 1 missing tasks from ShuffleMapStage 12 (MapPartitionsRDD[24] at csv at BaseFileWriter.java:114) (first 15 tasks are for partitions Vector(0))
	24/05/07 12:58:34 INFO TaskSchedulerImpl: Adding task set 12.0 with 1 tasks resource profile 0
	24/05/07 12:58:34 INFO TaskSetManager: Starting task 0.0 in stage 12.0 (TID 6) (cd1b3523ffb1, executor driver, partition 0, PROCESS_LOCAL, 7878 bytes) 
	24/05/07 12:58:34 INFO Executor: Running task 0.0 in stage 12.0 (TID 6)
[INFO] 2024-05-07 12:58:35.232 +0800 -  -> 
	24/05/07 12:58:34 INFO JDBCRDD: closed connection
	24/05/07 12:58:34 INFO Executor: Finished task 0.0 in stage 12.0 (TID 6). 2448 bytes result sent to driver
	24/05/07 12:58:34 INFO TaskSetManager: Finished task 0.0 in stage 12.0 (TID 6) in 167 ms on cd1b3523ffb1 (executor driver) (1/1)
	24/05/07 12:58:34 INFO TaskSchedulerImpl: Removed TaskSet 12.0, whose tasks have all completed, from pool 
	24/05/07 12:58:34 INFO DAGScheduler: ShuffleMapStage 12 (csv at BaseFileWriter.java:114) finished in 0.229 s
	24/05/07 12:58:34 INFO DAGScheduler: looking for newly runnable stages
	24/05/07 12:58:34 INFO DAGScheduler: running: Set()
	24/05/07 12:58:34 INFO DAGScheduler: waiting: Set()
	24/05/07 12:58:34 INFO DAGScheduler: failed: Set()
	24/05/07 12:58:34 INFO ShufflePartitionsUtil: For shuffle(4), advisory target size: 67108864, actual target size 1048576, minimum partition size: 1048576
	24/05/07 12:58:35 INFO FileOutputCommitter: File Output Committer Algorithm version is 1
	24/05/07 12:58:35 INFO FileOutputCommitter: FileOutputCommitter skip cleanup _temporary folders under output directory:false, ignore cleanup failures: false
	24/05/07 12:58:35 INFO SQLHadoopMapReduceCommitProtocol: Using output committer class org.apache.hadoop.mapreduce.lib.output.FileOutputCommitter
	24/05/07 12:58:35 INFO HashAggregateExec: spark.sql.codegen.aggregate.map.twolevel.enabled is set to true, but current version of codegened fast hashmap does not support this aggregate.
	24/05/07 12:58:35 INFO CodeGenerator: Code generated in 30.75541 ms
[INFO] 2024-05-07 12:58:36.302 +0800 -  -> 
	24/05/07 12:58:35 INFO SparkContext: Starting job: csv at BaseFileWriter.java:114
	24/05/07 12:58:35 INFO DAGScheduler: Got job 7 (csv at BaseFileWriter.java:114) with 1 output partitions
	24/05/07 12:58:35 INFO DAGScheduler: Final stage: ResultStage 14 (csv at BaseFileWriter.java:114)
	24/05/07 12:58:35 INFO DAGScheduler: Parents of final stage: List(ShuffleMapStage 13)
	24/05/07 12:58:35 INFO DAGScheduler: Missing parents: List()
	24/05/07 12:58:35 INFO DAGScheduler: Submitting ResultStage 14 (MapPartitionsRDD[27] at csv at BaseFileWriter.java:114), which has no missing parents
	24/05/07 12:58:35 INFO MemoryStore: Block broadcast_7 stored as values in memory (estimated size 239.5 KiB, free 93.0 MiB)
	24/05/07 12:58:35 INFO MemoryStore: Block broadcast_7_piece0 stored as bytes in memory (estimated size 89.7 KiB, free 92.9 MiB)
	24/05/07 12:58:35 INFO BlockManagerInfo: Added broadcast_7_piece0 in memory on cd1b3523ffb1:34765 (size: 89.7 KiB, free: 93.2 MiB)
	24/05/07 12:58:35 INFO SparkContext: Created broadcast 7 from broadcast at DAGScheduler.scala:1585
	24/05/07 12:58:35 INFO DAGScheduler: Submitting 1 missing tasks from ResultStage 14 (MapPartitionsRDD[27] at csv at BaseFileWriter.java:114) (first 15 tasks are for partitions Vector(0))
	24/05/07 12:58:35 INFO TaskSchedulerImpl: Adding task set 14.0 with 1 tasks resource profile 0
	24/05/07 12:58:35 INFO TaskSetManager: Starting task 0.0 in stage 14.0 (TID 7) (cd1b3523ffb1, executor driver, partition 0, NODE_LOCAL, 8043 bytes) 
	24/05/07 12:58:35 INFO Executor: Running task 0.0 in stage 14.0 (TID 7)
	24/05/07 12:58:35 INFO ShuffleBlockFetcherIterator: Getting 1 (2.9 KiB) non-empty blocks including 1 (2.9 KiB) local and 0 (0.0 B) host-local and 0 (0.0 B) push-merged-local and 0 (0.0 B) remote blocks
	24/05/07 12:58:35 INFO ShuffleBlockFetcherIterator: Started 0 remote fetches in 1 ms
	24/05/07 12:58:36 INFO BlockManagerInfo: Removed broadcast_6_piece0 on cd1b3523ffb1:34765 in memory (size: 16.5 KiB, free: 93.2 MiB)
	24/05/07 12:58:36 INFO CodeGenerator: Code generated in 241.688922 ms
	24/05/07 12:58:36 INFO FileOutputCommitter: File Output Committer Algorithm version is 1
	24/05/07 12:58:36 INFO FileOutputCommitter: FileOutputCommitter skip cleanup _temporary folders under output directory:false, ignore cleanup failures: false
	24/05/07 12:58:36 INFO SQLHadoopMapReduceCommitProtocol: Using output committer class org.apache.hadoop.mapreduce.lib.output.FileOutputCommitter
[INFO] 2024-05-07 12:58:37.303 +0800 -  -> 
	24/05/07 12:58:36 INFO FileOutputCommitter: Saved output of task 'attempt_202405071258356532727933322287921_0014_m_000000_7' to hdfs://mycluster:8020/user/default/data_quality_error_data/0_1096_[null check] filtered data persistence/_temporary/0/task_202405071258356532727933322287921_0014_m_000000
	24/05/07 12:58:36 INFO SparkHadoopMapRedUtil: attempt_202405071258356532727933322287921_0014_m_000000_7: Committed. Elapsed time: 43 ms.
	24/05/07 12:58:36 INFO Executor: Finished task 0.0 in stage 14.0 (TID 7). 6005 bytes result sent to driver
	24/05/07 12:58:36 INFO TaskSetManager: Finished task 0.0 in stage 14.0 (TID 7) in 1039 ms on cd1b3523ffb1 (executor driver) (1/1)
	24/05/07 12:58:36 INFO TaskSchedulerImpl: Removed TaskSet 14.0, whose tasks have all completed, from pool 
	24/05/07 12:58:36 INFO DAGScheduler: ResultStage 14 (csv at BaseFileWriter.java:114) finished in 1.379 s
	24/05/07 12:58:36 INFO DAGScheduler: Job 7 is finished. Cancelling potential speculative or zombie tasks for this job
	24/05/07 12:58:36 INFO TaskSchedulerImpl: Killing all running tasks in stage 14: Stage finished
	24/05/07 12:58:36 INFO DAGScheduler: Job 7 finished: csv at BaseFileWriter.java:114, took 1.471491 s
	24/05/07 12:58:36 INFO FileFormatWriter: Start to commit write Job f56ddabc-996c-4344-9284-d07dbd65ed5a.
	24/05/07 12:58:36 INFO FileFormatWriter: Write Job f56ddabc-996c-4344-9284-d07dbd65ed5a committed. Elapsed time: 96 ms.
	24/05/07 12:58:36 INFO FileFormatWriter: Finished processing stats for write job f56ddabc-996c-4344-9284-d07dbd65ed5a.
	24/05/07 12:58:36 INFO SparkContext: SparkContext is stopping with exitCode 0.
	24/05/07 12:58:36 INFO SparkUI: Stopped Spark web UI at http://cd1b3523ffb1:4040
	24/05/07 12:58:36 INFO MapOutputTrackerMasterEndpoint: MapOutputTrackerMasterEndpoint stopped!
	24/05/07 12:58:36 INFO MemoryStore: MemoryStore cleared
	24/05/07 12:58:36 INFO BlockManager: BlockManager stopped
	24/05/07 12:58:36 INFO BlockManagerMaster: BlockManagerMaster stopped
	24/05/07 12:58:37 INFO OutputCommitCoordinator$OutputCommitCoordinatorEndpoint: OutputCommitCoordinator stopped!
	24/05/07 12:58:37 INFO SparkContext: Successfully stopped SparkContext
	24/05/07 12:58:37 INFO ShutdownHookManager: Shutdown hook called
	24/05/07 12:58:37 INFO ShutdownHookManager: Deleting directory /tmp/spark-7d48793d-dfec-4bcf-81e8-c5b809233f2f
	24/05/07 12:58:37 INFO ShutdownHookManager: Deleting directory /tmp/spark-55e986f6-09b0-40a7-8e4e-3a7a8828e7e5
[INFO] 2024-05-07 12:58:37.305 +0800 - process has exited. execute path:/tmp/dolphinscheduler/exec/process/default/13001194483488/13505298546272_22/1096/3996, processId:322 ,exitStatusCode:0 ,processWaitForStatus:true ,processExitValue:0
[INFO] 2024-05-07 12:58:37.310 +0800 - Start finding appId in /opt/dolphinscheduler/logs/20240507/13505298546272/22/1096/3996.log, fetch way: log 
[INFO] 2024-05-07 12:58:37.311 +0800 - ***********************************************************************************************
[INFO] 2024-05-07 12:58:37.312 +0800 - *********************************  Finalize task instance  ************************************
[INFO] 2024-05-07 12:58:37.312 +0800 - ***********************************************************************************************
[INFO] 2024-05-07 12:58:37.313 +0800 - Upload output files: [] successfully
[INFO] 2024-05-07 12:58:37.330 +0800 - Send task execute status: SUCCESS to master : 172.18.1.1:1234
[INFO] 2024-05-07 12:58:37.330 +0800 - Remove the current task execute context from worker cache
[INFO] 2024-05-07 12:58:37.330 +0800 - The current execute mode isn't develop mode, will clear the task execute file: /tmp/dolphinscheduler/exec/process/default/13001194483488/13505298546272_22/1096/3996
[INFO] 2024-05-07 12:58:37.333 +0800 - Success clear the task execute file: /tmp/dolphinscheduler/exec/process/default/13001194483488/13505298546272_22/1096/3996
[INFO] 2024-05-07 12:58:37.334 +0800 - FINALIZE_SESSION
