[INFO] 2024-04-09 17:29:50.306 +0800 - ***********************************************************************************************
[INFO] 2024-04-09 17:29:50.313 +0800 - *********************************  Initialize task context  ***********************************
[INFO] 2024-04-09 17:29:50.316 +0800 - ***********************************************************************************************
[INFO] 2024-04-09 17:29:50.330 +0800 - Begin to initialize task
[INFO] 2024-04-09 17:29:50.331 +0800 - Set task startTime: 1712654990331
[INFO] 2024-04-09 17:29:50.332 +0800 - Set task appId: 257_535
[INFO] 2024-04-09 17:29:50.404 +0800 - End initialize task {
  "taskInstanceId" : 535,
  "taskName" : "spark_shell",
  "firstSubmitTime" : 1712654989280,
  "startTime" : 1712654990331,
  "taskType" : "SHELL",
  "workflowInstanceHost" : "172.20.0.8:5678",
  "host" : "172.20.0.9:1234",
  "logPath" : "/opt/dolphinscheduler/logs/20240409/13201021801792/9/257/535.log",
  "processId" : 0,
  "processDefineCode" : 13201021801792,
  "processDefineVersion" : 9,
  "processInstanceId" : 257,
  "scheduleTime" : 0,
  "executorId" : 1,
  "cmdTypeIfComplement" : 2,
  "tenantCode" : "default",
  "processDefineId" : 0,
  "projectId" : 0,
  "projectCode" : 13010050770016,
  "taskParams" : "{\"localParams\":[],\"rawScript\":\"$SPARK_HOME/bin/spark-submit --master local --deploy-mode client --conf spark.driver.cores=1 --conf spark.driver.memory=512M --conf spark.executor.instances=2 --conf spark.executor.cores=2 --conf spark.executor.memory=2G --name myapple spark-test.py\\n\",\"resourceList\":[{\"id\":null,\"resourceName\":\"file:/dolphinscheduler/default/resources/spark-test.py\",\"res\":null}]}",
  "environmentConfig" : "export PYTHON_LAUNCHER=/bin/python3.11",
  "prepareParamsMap" : {
    "system.task.definition.name" : {
      "prop" : "system.task.definition.name",
      "direct" : "IN",
      "type" : "VARCHAR",
      "value" : "spark_shell"
    },
    "system.project.name" : {
      "prop" : "system.project.name",
      "direct" : "IN",
      "type" : "VARCHAR",
      "value" : null
    },
    "system.project.code" : {
      "prop" : "system.project.code",
      "direct" : "IN",
      "type" : "VARCHAR",
      "value" : "13010050770016"
    },
    "system.workflow.instance.id" : {
      "prop" : "system.workflow.instance.id",
      "direct" : "IN",
      "type" : "VARCHAR",
      "value" : "257"
    },
    "system.biz.curdate" : {
      "prop" : "system.biz.curdate",
      "direct" : "IN",
      "type" : "VARCHAR",
      "value" : "20240409"
    },
    "system.biz.date" : {
      "prop" : "system.biz.date",
      "direct" : "IN",
      "type" : "VARCHAR",
      "value" : "20240408"
    },
    "system.task.instance.id" : {
      "prop" : "system.task.instance.id",
      "direct" : "IN",
      "type" : "VARCHAR",
      "value" : "535"
    },
    "system.workflow.definition.name" : {
      "prop" : "system.workflow.definition.name",
      "direct" : "IN",
      "type" : "VARCHAR",
      "value" : "spark"
    },
    "system.task.definition.code" : {
      "prop" : "system.task.definition.code",
      "direct" : "IN",
      "type" : "VARCHAR",
      "value" : "13210058002752"
    },
    "system.workflow.definition.code" : {
      "prop" : "system.workflow.definition.code",
      "direct" : "IN",
      "type" : "VARCHAR",
      "value" : "13201021801792"
    },
    "system.datetime" : {
      "prop" : "system.datetime",
      "direct" : "IN",
      "type" : "VARCHAR",
      "value" : "20240409172949"
    }
  },
  "taskAppId" : "257_535",
  "taskTimeout" : 2147483647,
  "workerGroup" : "default",
  "delayTime" : 0,
  "currentExecutionStatus" : "SUBMITTED_SUCCESS",
  "endTime" : 0,
  "dryRun" : 0,
  "paramsMap" : { },
  "cpuQuota" : -1,
  "memoryMax" : -1,
  "testFlag" : 0,
  "logBufferEnable" : false,
  "dispatchFailTimes" : 0
}
[INFO] 2024-04-09 17:29:50.413 +0800 - ***********************************************************************************************
[INFO] 2024-04-09 17:29:50.414 +0800 - *********************************  Load task instance plugin  *********************************
[INFO] 2024-04-09 17:29:50.418 +0800 - ***********************************************************************************************
[INFO] 2024-04-09 17:29:50.671 +0800 - Send task status RUNNING_EXECUTION master: 172.20.0.9:1234
[INFO] 2024-04-09 17:29:50.718 +0800 - create linux os user: default
[INFO] 2024-04-09 17:29:50.721 +0800 - execute cmd: sudo useradd -g root
 default
[INFO] 2024-04-09 17:29:50.956 +0800 - create user default success
[INFO] 2024-04-09 17:29:50.958 +0800 - TenantCode: default check successfully
[INFO] 2024-04-09 17:29:50.960 +0800 - WorkflowInstanceExecDir: /tmp/dolphinscheduler/exec/process/default/13010050770016/13201021801792_9/257/535 check successfully
[INFO] 2024-04-09 17:29:50.962 +0800 - Create TaskChannel: org.apache.dolphinscheduler.plugin.task.shell.ShellTaskChannel successfully
[INFO] 2024-04-09 17:29:51.034 +0800 - Download resources successfully: 
ResourceContext(resourceItemMap={file:/dolphinscheduler/default/resources/spark-test.py=ResourceContext.ResourceItem(resourceAbsolutePathInStorage=file:/dolphinscheduler/default/resources/spark-test.py, resourceRelativePath=spark-test.py, resourceAbsolutePathInLocal=/tmp/dolphinscheduler/exec/process/default/13010050770016/13201021801792_9/257/535/spark-test.py)})
[INFO] 2024-04-09 17:29:51.073 +0800 - Download upstream files: [] successfully
[INFO] 2024-04-09 17:29:51.090 +0800 - Task plugin instance: SHELL create successfully
[INFO] 2024-04-09 17:29:51.100 +0800 - Initialize shell task params {
  "localParams" : [ ],
  "varPool" : null,
  "rawScript" : "$SPARK_HOME/bin/spark-submit --master local --deploy-mode client --conf spark.driver.cores=1 --conf spark.driver.memory=512M --conf spark.executor.instances=2 --conf spark.executor.cores=2 --conf spark.executor.memory=2G --name myapple spark-test.py\n",
  "resourceList" : [ {
    "id" : null,
    "resourceName" : "file:/dolphinscheduler/default/resources/spark-test.py",
    "res" : null
  } ]
}
[INFO] 2024-04-09 17:29:51.103 +0800 - Success initialized task plugin instance successfully
[INFO] 2024-04-09 17:29:51.104 +0800 - Set taskVarPool: null successfully
[INFO] 2024-04-09 17:29:51.116 +0800 - ***********************************************************************************************
[INFO] 2024-04-09 17:29:51.124 +0800 - *********************************  Execute task instance  *************************************
[INFO] 2024-04-09 17:29:51.126 +0800 - ***********************************************************************************************
[INFO] 2024-04-09 17:29:51.204 +0800 - Final Shell file is: 
[INFO] 2024-04-09 17:29:51.204 +0800 - ****************************** Script Content *****************************************************************
[INFO] 2024-04-09 17:29:51.204 +0800 - #!/bin/bash
BASEDIR=$(cd `dirname $0`; pwd)
cd $BASEDIR
export PYTHON_LAUNCHER=/bin/python3.11
$SPARK_HOME/bin/spark-submit --master local --deploy-mode client --conf spark.driver.cores=1 --conf spark.driver.memory=512M --conf spark.executor.instances=2 --conf spark.executor.cores=2 --conf spark.executor.memory=2G --name myapple spark-test.py

[INFO] 2024-04-09 17:29:51.206 +0800 - ****************************** Script Content *****************************************************************
[INFO] 2024-04-09 17:29:51.215 +0800 - Executing shell command : sudo -u default -i /tmp/dolphinscheduler/exec/process/default/13010050770016/13201021801792_9/257/535/257_535.sh
[INFO] 2024-04-09 17:29:51.259 +0800 - process start, process id is: 116
[INFO] 2024-04-09 17:29:51.259 +0800 -  -> 
	sudo: unable to change directory to /home/default: No such file or directory
[INFO] 2024-04-09 17:29:52.290 +0800 -  -> 
	/tmp/dolphinscheduler/exec/process/default/13010050770016/13201021801792_9/257/535/257_535.sh: line 5: /bin/spark-submit: No such file or directory
[INFO] 2024-04-09 17:29:52.293 +0800 - process has exited. execute path:/tmp/dolphinscheduler/exec/process/default/13010050770016/13201021801792_9/257/535, processId:116 ,exitStatusCode:127 ,processWaitForStatus:true ,processExitValue:127
[INFO] 2024-04-09 17:29:52.293 +0800 - ***********************************************************************************************
[INFO] 2024-04-09 17:29:52.297 +0800 - *********************************  Finalize task instance  ************************************
[INFO] 2024-04-09 17:29:52.298 +0800 - ***********************************************************************************************
[INFO] 2024-04-09 17:29:52.299 +0800 - Upload output files: [] successfully
[INFO] 2024-04-09 17:29:52.308 +0800 - Send task execute status: FAILURE to master : 172.20.0.9:1234
[INFO] 2024-04-09 17:29:52.309 +0800 - Remove the current task execute context from worker cache
[INFO] 2024-04-09 17:29:52.309 +0800 - The current execute mode isn't develop mode, will clear the task execute file: /tmp/dolphinscheduler/exec/process/default/13010050770016/13201021801792_9/257/535
[INFO] 2024-04-09 17:29:52.325 +0800 - Success clear the task execute file: /tmp/dolphinscheduler/exec/process/default/13010050770016/13201021801792_9/257/535
[INFO] 2024-04-09 17:29:52.334 +0800 - FINALIZE_SESSION
