[INFO] 2024-04-21 06:11:42.246 +0800 - ***********************************************************************************************
[INFO] 2024-04-21 06:11:42.255 +0800 - *********************************  Initialize task context  ***********************************
[INFO] 2024-04-21 06:11:42.256 +0800 - ***********************************************************************************************
[INFO] 2024-04-21 06:11:42.256 +0800 - Begin to initialize task
[INFO] 2024-04-21 06:11:42.256 +0800 - Set task startTime: 1713651102256
[INFO] 2024-04-21 06:11:42.256 +0800 - Set task appId: 346_784
[INFO] 2024-04-21 06:11:42.257 +0800 - End initialize task {
  "taskInstanceId" : 784,
  "taskName" : "spark_shell",
  "firstSubmitTime" : 1713651102220,
  "startTime" : 1713651102256,
  "taskType" : "SHELL",
  "workflowInstanceHost" : "172.18.0.11:5678",
  "host" : "172.18.1.1:1234",
  "logPath" : "/opt/dolphinscheduler/logs/20240421/13201021801792/24/346/784.log",
  "processId" : 0,
  "processDefineCode" : 13201021801792,
  "processDefineVersion" : 24,
  "processInstanceId" : 346,
  "scheduleTime" : 0,
  "executorId" : 1,
  "cmdTypeIfComplement" : 0,
  "tenantCode" : "default",
  "processDefineId" : 0,
  "projectId" : 0,
  "projectCode" : 13010050770016,
  "taskParams" : "{\"localParams\":[],\"rawScript\":\"# $SPARK_HOME/bin/spark-submit \\\\\\n#     --master spark://spark-master:7077 \\\\\\n#     --conf spark.driver.cores=1 \\\\\\n#     --conf spark.driver.memory=512M \\\\\\n#     --conf spark.executor.instances=2 \\\\\\n#     --conf spark.executor.cores=2 \\\\\\n#     --conf spark.executor.memory=1G \\\\\\n#     --name myapple spark-test.py\\n\",\"resourceList\":[{\"id\":null,\"resourceName\":\"file:/dolphinscheduler/default/resources/spark-test.py\",\"res\":null}]}",
  "environmentConfig" : "export SPARK_HOME=/opt/spark-3.5.1-bin-hadoop3\nexport JAVA_HOME=/opt/java/openjdk\nexport HADOOP_CONF_DIR=/opt/hadoop-3.4.0/etc/hadoop\nexport PYSPARK_DRIVER_PYTHON=/bin/python3.11",
  "prepareParamsMap" : {
    "system.task.definition.name" : {
      "prop" : "system.task.definition.name",
      "direct" : "IN",
      "type" : "VARCHAR",
      "value" : "spark_shell"
    },
    "system.project.name" : {
      "prop" : "system.project.name",
      "direct" : "IN",
      "type" : "VARCHAR",
      "value" : null
    },
    "system.project.code" : {
      "prop" : "system.project.code",
      "direct" : "IN",
      "type" : "VARCHAR",
      "value" : "13010050770016"
    },
    "system.workflow.instance.id" : {
      "prop" : "system.workflow.instance.id",
      "direct" : "IN",
      "type" : "VARCHAR",
      "value" : "346"
    },
    "system.biz.curdate" : {
      "prop" : "system.biz.curdate",
      "direct" : "IN",
      "type" : "VARCHAR",
      "value" : "20240421"
    },
    "system.biz.date" : {
      "prop" : "system.biz.date",
      "direct" : "IN",
      "type" : "VARCHAR",
      "value" : "20240420"
    },
    "system.task.instance.id" : {
      "prop" : "system.task.instance.id",
      "direct" : "IN",
      "type" : "VARCHAR",
      "value" : "784"
    },
    "system.workflow.definition.name" : {
      "prop" : "system.workflow.definition.name",
      "direct" : "IN",
      "type" : "VARCHAR",
      "value" : "preprocess_post"
    },
    "system.task.definition.code" : {
      "prop" : "system.task.definition.code",
      "direct" : "IN",
      "type" : "VARCHAR",
      "value" : "13210058002752"
    },
    "system.workflow.definition.code" : {
      "prop" : "system.workflow.definition.code",
      "direct" : "IN",
      "type" : "VARCHAR",
      "value" : "13201021801792"
    },
    "system.datetime" : {
      "prop" : "system.datetime",
      "direct" : "IN",
      "type" : "VARCHAR",
      "value" : "20240421061142"
    }
  },
  "taskAppId" : "346_784",
  "taskTimeout" : 2147483647,
  "workerGroup" : "default",
  "delayTime" : 0,
  "currentExecutionStatus" : "SUBMITTED_SUCCESS",
  "endTime" : 0,
  "dryRun" : 0,
  "paramsMap" : { },
  "cpuQuota" : -1,
  "memoryMax" : -1,
  "testFlag" : 0,
  "logBufferEnable" : false,
  "dispatchFailTimes" : 0
}
[INFO] 2024-04-21 06:11:42.257 +0800 - ***********************************************************************************************
[INFO] 2024-04-21 06:11:42.258 +0800 - *********************************  Load task instance plugin  *********************************
[INFO] 2024-04-21 06:11:42.258 +0800 - ***********************************************************************************************
[INFO] 2024-04-21 06:11:42.277 +0800 - Send task status RUNNING_EXECUTION master: 172.18.1.1:1234
[INFO] 2024-04-21 06:11:42.322 +0800 - TenantCode: default check successfully
[INFO] 2024-04-21 06:11:42.324 +0800 - WorkflowInstanceExecDir: /tmp/dolphinscheduler/exec/process/default/13010050770016/13201021801792_24/346/784 check successfully
[INFO] 2024-04-21 06:11:42.325 +0800 - Create TaskChannel: org.apache.dolphinscheduler.plugin.task.shell.ShellTaskChannel successfully
[INFO] 2024-04-21 06:11:42.330 +0800 - Download resources successfully: 
ResourceContext(resourceItemMap={file:/dolphinscheduler/default/resources/spark-test.py=ResourceContext.ResourceItem(resourceAbsolutePathInStorage=file:/dolphinscheduler/default/resources/spark-test.py, resourceRelativePath=spark-test.py, resourceAbsolutePathInLocal=/tmp/dolphinscheduler/exec/process/default/13010050770016/13201021801792_24/346/784/spark-test.py)})
[INFO] 2024-04-21 06:11:42.331 +0800 - Download upstream files: [] successfully
[INFO] 2024-04-21 06:11:42.331 +0800 - Task plugin instance: SHELL create successfully
[INFO] 2024-04-21 06:11:42.332 +0800 - Initialize shell task params {
  "localParams" : [ ],
  "varPool" : null,
  "rawScript" : "# $SPARK_HOME/bin/spark-submit \\\n#     --master spark://spark-master:7077 \\\n#     --conf spark.driver.cores=1 \\\n#     --conf spark.driver.memory=512M \\\n#     --conf spark.executor.instances=2 \\\n#     --conf spark.executor.cores=2 \\\n#     --conf spark.executor.memory=1G \\\n#     --name myapple spark-test.py\n",
  "resourceList" : [ {
    "id" : null,
    "resourceName" : "file:/dolphinscheduler/default/resources/spark-test.py",
    "res" : null
  } ]
}
[INFO] 2024-04-21 06:11:42.332 +0800 - Success initialized task plugin instance successfully
[INFO] 2024-04-21 06:11:42.332 +0800 - Set taskVarPool: null successfully
[INFO] 2024-04-21 06:11:42.332 +0800 - ***********************************************************************************************
[INFO] 2024-04-21 06:11:42.333 +0800 - *********************************  Execute task instance  *************************************
[INFO] 2024-04-21 06:11:42.333 +0800 - ***********************************************************************************************
[INFO] 2024-04-21 06:11:42.334 +0800 - Final Shell file is: 
[INFO] 2024-04-21 06:11:42.334 +0800 - ****************************** Script Content *****************************************************************
[INFO] 2024-04-21 06:11:42.334 +0800 - #!/bin/bash
BASEDIR=$(cd `dirname $0`; pwd)
cd $BASEDIR
export SPARK_HOME=/opt/spark-3.5.1-bin-hadoop3
export JAVA_HOME=/opt/java/openjdk
export HADOOP_CONF_DIR=/opt/hadoop-3.4.0/etc/hadoop
export PYSPARK_DRIVER_PYTHON=/bin/python3.11
# $SPARK_HOME/bin/spark-submit \
#     --master spark://spark-master:7077 \
#     --conf spark.driver.cores=1 \
#     --conf spark.driver.memory=512M \
#     --conf spark.executor.instances=2 \
#     --conf spark.executor.cores=2 \
#     --conf spark.executor.memory=1G \
#     --name myapple spark-test.py

[INFO] 2024-04-21 06:11:42.335 +0800 - ****************************** Script Content *****************************************************************
[INFO] 2024-04-21 06:11:42.335 +0800 - Executing shell command : sudo -u default -i /tmp/dolphinscheduler/exec/process/default/13010050770016/13201021801792_24/346/784/346_784.sh
[INFO] 2024-04-21 06:11:42.420 +0800 - process start, process id is: 3769
[INFO] 2024-04-21 06:11:43.430 +0800 -  -> 
	sudo: unable to change directory to /home/default: No such file or directory
[INFO] 2024-04-21 06:11:43.434 +0800 - process has exited. execute path:/tmp/dolphinscheduler/exec/process/default/13010050770016/13201021801792_24/346/784, processId:3769 ,exitStatusCode:0 ,processWaitForStatus:true ,processExitValue:0
[INFO] 2024-04-21 06:11:43.434 +0800 - ***********************************************************************************************
[INFO] 2024-04-21 06:11:43.434 +0800 - *********************************  Finalize task instance  ************************************
[INFO] 2024-04-21 06:11:43.434 +0800 - ***********************************************************************************************
[INFO] 2024-04-21 06:11:43.435 +0800 - Upload output files: [] successfully
[INFO] 2024-04-21 06:11:43.443 +0800 - Send task execute status: SUCCESS to master : 172.18.1.1:1234
[INFO] 2024-04-21 06:11:43.443 +0800 - Remove the current task execute context from worker cache
[INFO] 2024-04-21 06:11:43.443 +0800 - The current execute mode isn't develop mode, will clear the task execute file: /tmp/dolphinscheduler/exec/process/default/13010050770016/13201021801792_24/346/784
[INFO] 2024-04-21 06:11:43.444 +0800 - Success clear the task execute file: /tmp/dolphinscheduler/exec/process/default/13010050770016/13201021801792_24/346/784
[INFO] 2024-04-21 06:11:43.444 +0800 - FINALIZE_SESSION
