[INFO] 2024-05-05 01:03:32.445 +0800 - ***********************************************************************************************
[INFO] 2024-05-05 01:03:32.465 +0800 - *********************************  Initialize task context  ***********************************
[INFO] 2024-05-05 01:03:32.466 +0800 - ***********************************************************************************************
[INFO] 2024-05-05 01:03:32.466 +0800 - Begin to initialize task
[INFO] 2024-05-05 01:03:32.466 +0800 - Set task startTime: 1714842212466
[INFO] 2024-05-05 01:03:32.466 +0800 - Set task appId: 942_3262
[INFO] 2024-05-05 01:03:32.466 +0800 - End initialize task {
  "taskInstanceId" : 3262,
  "taskName" : "sentiment analysis",
  "firstSubmitTime" : 1714842212199,
  "startTime" : 1714842212466,
  "taskType" : "PYTHON",
  "workflowInstanceHost" : "172.18.0.11:5678",
  "host" : "172.18.1.1:1234",
  "logPath" : "/opt/dolphinscheduler/logs/20240505/13386218435520/20/942/3262.log",
  "processId" : 0,
  "processDefineCode" : 13386218435520,
  "processDefineVersion" : 20,
  "processInstanceId" : 942,
  "scheduleTime" : 0,
  "globalParams" : "[{\"prop\":\"topics\",\"direct\":\"IN\",\"type\":\"VARCHAR\",\"value\":\"\\\"reddit_post_filtered|reddit_post_sa\\\"\"}]",
  "executorId" : 1,
  "cmdTypeIfComplement" : 0,
  "tenantCode" : "default",
  "processDefineId" : 0,
  "projectId" : 0,
  "projectCode" : 13010050770016,
  "taskParams" : "{\"localParams\":[],\"rawScript\":\"# use kafka streaming api\\nfrom pyspark.sql.functions import udf, col, from_json\\nfrom pyspark.sql.types import FloatType, ArrayType, StringType, StructType, StructField, IntegerType\\nimport nltk\\nfrom nltk.sentiment.vader import SentimentIntensityAnalyzer as SIA\\nfrom pyspark.sql import SparkSession\\nimport os\\n\\n# access the nltk data directory variable\\nnltk_data_dir = os.environ.get('NLTK_DATA')\\n\\n# download the model\\nnltk.download('vader_lexicon', download_dir=nltk_data_dir)\\n\\n# init the sentiment analysis object\\nsia = SIA()\\n\\n# init Spark session\\nspark = SparkSession.builder \\\\\\n    .master('local') \\\\\\n    .appName(\\\"Sentiment Analysis\\\") \\\\\\n    .config(\\\"spark.jars.packages\\\", \\\"org.apache.spark:spark-sql-kafka-0-10_2.12:3.5.1\\\") \\\\\\n    .config(\\\"spark.sql.streaming.checkpointLocation\\\", r\\\"/tmp/\\\") \\\\\\n    .config(\\\"spark.driver.extraJavaOptions\\\", \\\"-Divy.cache.dir=/tmp -Divy.home=/tmp\\\") \\\\\\n    .getOrCreate()\\n\\n# define a udf to perform sentiment analysis\\ndef analyze_sentiment(message):\\n    # Perform sentiment analysis\\n    pol_score = sia.polarity_scores(message)\\n    # Return the compound score\\n    return [pol_score['neg'], pol_score['neu'], pol_score['pos'], pol_score['compound']]\\n\\n# Register the function as a UDF\\nanalyze_sentiment_udf = udf(lambda x:analyze_sentiment(x), ArrayType(FloatType()))\\n\\n# define the schema for the JSON data\\nschema = StructType([\\n    StructField(\\\"authors\\\", StringType(), nullable=True),\\n    StructField(\\\"content\\\", StringType(), nullable=True),\\n    StructField(\\\"url\\\", StringType(), nullable=True),\\n    StructField(\\\"context\\\", StringType(), nullable=True),\\n    StructField(\\\"type\\\", StringType(), nullable=True),\\n    StructField(\\\"datetime\\\", StringType(), nullable=True)  # Assuming the datetime is string type, you can change it to TimestampType if needed\\n])\\n\\n# parse the input parameter\\ntopics = ${topics}\\nparsed_topics = topics.split(\\\"|\\\")\\n\\n# define the parameters for the input and output kafka broker and topic\\nkafka_broker = \\\"kafka:9092\\\"\\ninput_kafka_topic = parsed_topics[0]\\noutput_kafka_topic = parsed_topics[1]\\n\\n# Subscribe to the input topic\\ndf = spark \\\\\\n    .readStream \\\\\\n    .format(\\\"kafka\\\") \\\\\\n    .option(\\\"kafka.bootstrap.servers\\\", kafka_broker) \\\\\\n    .option(\\\"subscribe\\\", input_kafka_topic) \\\\\\n    .load()\\n\\n# parse the JSON data in the 'value' column using the defined schema then create a dataframe containing the reddit data\\ndf = df.select(col(\\\"value\\\").cast(\\\"string\\\")) \\\\\\n    .withColumn(\\\"value\\\", from_json(\\\"value\\\", schema)) \\\\\\n\\nparsed_df = df \\\\\\n    .select(\\\"value.*\\\")\\n\\n# perform sentiment analysis on the parsed dataframe \\nsa_reddit_df = parsed_df.withColumn('sentiment_score', analyze_sentiment_udf(parsed_df['content']))\\n\\n# split the sentiment_score column into separate columns\\nsa_reddit_df = sa_reddit_df.withColumn(\\\"negative\\\", sa_reddit_df[\\\"sentiment_score\\\"][0]) \\\\\\n            .withColumn(\\\"neutral\\\", sa_reddit_df[\\\"sentiment_score\\\"][1]) \\\\\\n            .withColumn(\\\"positive\\\", sa_reddit_df[\\\"sentiment_score\\\"][2]) \\\\\\n            .withColumn(\\\"compound\\\", sa_reddit_df[\\\"sentiment_score\\\"][3]) \\\\\\n            .drop('sentiment_score')  # drop sentiment_score column after splitting\\n\\n# stream the data to kafka\\nkafka_write = sa_reddit_df \\\\\\n    .selectExpr(\\\"'' AS key\\\", \\\"to_json(struct(*)) AS value\\\") \\\\\\n    .writeStream \\\\\\n    .format(\\\"kafka\\\") \\\\\\n    .option(\\\"kafka.bootstrap.servers\\\", kafka_broker) \\\\\\n    .option(\\\"topic\\\", output_kafka_topic) \\\\\\n    .start()\\n\\n# Wait for the termination of the query\\nkafka_write.awaitTermination()\",\"resourceList\":[]}",
  "environmentConfig" : "export SPARK_HOME=/opt/spark-3.5.1-bin-hadoop3\nexport JAVA_HOME=/opt/java/openjdk\nexport PYSPARK_DRIVER_PYTHON=/bin/python3.11\nexport PYSPARK_PYTHON=/bin/python3.11\nexport PYTHON_LAUNCHER=/bin/python3.11\nexport NLTK_DATA=/local_storage/nltk_data",
  "prepareParamsMap" : {
    "GNEWS_HOME" : {
      "prop" : "GNEWS_HOME",
      "direct" : "IN",
      "type" : "VARCHAR",
      "value" : "/local_storage/google_news"
    },
    "system.task.definition.name" : {
      "prop" : "system.task.definition.name",
      "direct" : "IN",
      "type" : "VARCHAR",
      "value" : "sentiment analysis"
    },
    "system.project.name" : {
      "prop" : "system.project.name",
      "direct" : "IN",
      "type" : "VARCHAR",
      "value" : null
    },
    "REDDIT_HOME" : {
      "prop" : "REDDIT_HOME",
      "direct" : "IN",
      "type" : "VARCHAR",
      "value" : "/local_storage/reddit"
    },
    "topics" : {
      "prop" : "topics",
      "direct" : "IN",
      "type" : "VARCHAR",
      "value" : "\"reddit_post_filtered|reddit_post_sa\""
    },
    "system.biz.curdate" : {
      "prop" : "system.biz.curdate",
      "direct" : "IN",
      "type" : "VARCHAR",
      "value" : "20240505"
    },
    "system.task.instance.id" : {
      "prop" : "system.task.instance.id",
      "direct" : "IN",
      "type" : "VARCHAR",
      "value" : "3262"
    },
    "system.task.definition.code" : {
      "prop" : "system.task.definition.code",
      "direct" : "IN",
      "type" : "VARCHAR",
      "value" : "13386027735104"
    },
    "system.datetime" : {
      "prop" : "system.datetime",
      "direct" : "IN",
      "type" : "VARCHAR",
      "value" : "20240505010332"
    },
    "system.project.code" : {
      "prop" : "system.project.code",
      "direct" : "IN",
      "type" : "VARCHAR",
      "value" : "13010050770016"
    },
    "system.workflow.instance.id" : {
      "prop" : "system.workflow.instance.id",
      "direct" : "IN",
      "type" : "VARCHAR",
      "value" : "942"
    },
    "system.biz.date" : {
      "prop" : "system.biz.date",
      "direct" : "IN",
      "type" : "VARCHAR",
      "value" : "20240504"
    },
    "system.workflow.definition.name" : {
      "prop" : "system.workflow.definition.name",
      "direct" : "IN",
      "type" : "VARCHAR",
      "value" : "sentiment_analysis_subprocess"
    },
    "system.workflow.definition.code" : {
      "prop" : "system.workflow.definition.code",
      "direct" : "IN",
      "type" : "VARCHAR",
      "value" : "13386218435520"
    }
  },
  "taskAppId" : "942_3262",
  "taskTimeout" : 2147483647,
  "workerGroup" : "default",
  "delayTime" : 0,
  "currentExecutionStatus" : "SUBMITTED_SUCCESS",
  "endTime" : 0,
  "dryRun" : 0,
  "paramsMap" : { },
  "cpuQuota" : -1,
  "memoryMax" : -1,
  "testFlag" : 0,
  "logBufferEnable" : false,
  "dispatchFailTimes" : 0
}
[INFO] 2024-05-05 01:03:32.469 +0800 - ***********************************************************************************************
[INFO] 2024-05-05 01:03:32.475 +0800 - *********************************  Load task instance plugin  *********************************
[INFO] 2024-05-05 01:03:32.476 +0800 - ***********************************************************************************************
[INFO] 2024-05-05 01:03:32.487 +0800 - Send task status RUNNING_EXECUTION master: 172.18.1.1:1234
[INFO] 2024-05-05 01:03:32.487 +0800 - TenantCode: default check successfully
[INFO] 2024-05-05 01:03:32.488 +0800 - WorkflowInstanceExecDir: /tmp/dolphinscheduler/exec/process/default/13010050770016/13386218435520_20/942/3262 check successfully
[INFO] 2024-05-05 01:03:32.488 +0800 - Create TaskChannel: org.apache.dolphinscheduler.plugin.task.python.PythonTaskChannel successfully
[INFO] 2024-05-05 01:03:32.488 +0800 - Download resources successfully: 
ResourceContext(resourceItemMap={})
[INFO] 2024-05-05 01:03:32.488 +0800 - Download upstream files: [] successfully
[INFO] 2024-05-05 01:03:32.488 +0800 - Task plugin instance: PYTHON create successfully
[INFO] 2024-05-05 01:03:32.489 +0800 - Initialize python task params {
  "localParams" : [ ],
  "varPool" : null,
  "rawScript" : "# use kafka streaming api\nfrom pyspark.sql.functions import udf, col, from_json\nfrom pyspark.sql.types import FloatType, ArrayType, StringType, StructType, StructField, IntegerType\nimport nltk\nfrom nltk.sentiment.vader import SentimentIntensityAnalyzer as SIA\nfrom pyspark.sql import SparkSession\nimport os\n\n# access the nltk data directory variable\nnltk_data_dir = os.environ.get('NLTK_DATA')\n\n# download the model\nnltk.download('vader_lexicon', download_dir=nltk_data_dir)\n\n# init the sentiment analysis object\nsia = SIA()\n\n# init Spark session\nspark = SparkSession.builder \\\n    .master('local') \\\n    .appName(\"Sentiment Analysis\") \\\n    .config(\"spark.jars.packages\", \"org.apache.spark:spark-sql-kafka-0-10_2.12:3.5.1\") \\\n    .config(\"spark.sql.streaming.checkpointLocation\", r\"/tmp/\") \\\n    .config(\"spark.driver.extraJavaOptions\", \"-Divy.cache.dir=/tmp -Divy.home=/tmp\") \\\n    .getOrCreate()\n\n# define a udf to perform sentiment analysis\ndef analyze_sentiment(message):\n    # Perform sentiment analysis\n    pol_score = sia.polarity_scores(message)\n    # Return the compound score\n    return [pol_score['neg'], pol_score['neu'], pol_score['pos'], pol_score['compound']]\n\n# Register the function as a UDF\nanalyze_sentiment_udf = udf(lambda x:analyze_sentiment(x), ArrayType(FloatType()))\n\n# define the schema for the JSON data\nschema = StructType([\n    StructField(\"authors\", StringType(), nullable=True),\n    StructField(\"content\", StringType(), nullable=True),\n    StructField(\"url\", StringType(), nullable=True),\n    StructField(\"context\", StringType(), nullable=True),\n    StructField(\"type\", StringType(), nullable=True),\n    StructField(\"datetime\", StringType(), nullable=True)  # Assuming the datetime is string type, you can change it to TimestampType if needed\n])\n\n# parse the input parameter\ntopics = ${topics}\nparsed_topics = topics.split(\"|\")\n\n# define the parameters for the input and output kafka broker and topic\nkafka_broker = \"kafka:9092\"\ninput_kafka_topic = parsed_topics[0]\noutput_kafka_topic = parsed_topics[1]\n\n# Subscribe to the input topic\ndf = spark \\\n    .readStream \\\n    .format(\"kafka\") \\\n    .option(\"kafka.bootstrap.servers\", kafka_broker) \\\n    .option(\"subscribe\", input_kafka_topic) \\\n    .load()\n\n# parse the JSON data in the 'value' column using the defined schema then create a dataframe containing the reddit data\ndf = df.select(col(\"value\").cast(\"string\")) \\\n    .withColumn(\"value\", from_json(\"value\", schema)) \\\n\nparsed_df = df \\\n    .select(\"value.*\")\n\n# perform sentiment analysis on the parsed dataframe \nsa_reddit_df = parsed_df.withColumn('sentiment_score', analyze_sentiment_udf(parsed_df['content']))\n\n# split the sentiment_score column into separate columns\nsa_reddit_df = sa_reddit_df.withColumn(\"negative\", sa_reddit_df[\"sentiment_score\"][0]) \\\n            .withColumn(\"neutral\", sa_reddit_df[\"sentiment_score\"][1]) \\\n            .withColumn(\"positive\", sa_reddit_df[\"sentiment_score\"][2]) \\\n            .withColumn(\"compound\", sa_reddit_df[\"sentiment_score\"][3]) \\\n            .drop('sentiment_score')  # drop sentiment_score column after splitting\n\n# stream the data to kafka\nkafka_write = sa_reddit_df \\\n    .selectExpr(\"'' AS key\", \"to_json(struct(*)) AS value\") \\\n    .writeStream \\\n    .format(\"kafka\") \\\n    .option(\"kafka.bootstrap.servers\", kafka_broker) \\\n    .option(\"topic\", output_kafka_topic) \\\n    .start()\n\n# Wait for the termination of the query\nkafka_write.awaitTermination()",
  "resourceList" : [ ]
}
[INFO] 2024-05-05 01:03:32.489 +0800 - Success initialized task plugin instance successfully
[INFO] 2024-05-05 01:03:32.489 +0800 - Set taskVarPool: null successfully
[INFO] 2024-05-05 01:03:32.489 +0800 - ***********************************************************************************************
[INFO] 2024-05-05 01:03:32.489 +0800 - *********************************  Execute task instance  *************************************
[INFO] 2024-05-05 01:03:32.489 +0800 - ***********************************************************************************************
[INFO] 2024-05-05 01:03:32.489 +0800 - raw python script : # use kafka streaming api
from pyspark.sql.functions import udf, col, from_json
from pyspark.sql.types import FloatType, ArrayType, StringType, StructType, StructField, IntegerType
import nltk
from nltk.sentiment.vader import SentimentIntensityAnalyzer as SIA
from pyspark.sql import SparkSession
import os

# access the nltk data directory variable
nltk_data_dir = os.environ.get('NLTK_DATA')

# download the model
nltk.download('vader_lexicon', download_dir=nltk_data_dir)

# init the sentiment analysis object
sia = SIA()

# init Spark session
spark = SparkSession.builder \
    .master('local') \
    .appName("Sentiment Analysis") \
    .config("spark.jars.packages", "org.apache.spark:spark-sql-kafka-0-10_2.12:3.5.1") \
    .config("spark.sql.streaming.checkpointLocation", r"/tmp/") \
    .config("spark.driver.extraJavaOptions", "-Divy.cache.dir=/tmp -Divy.home=/tmp") \
    .getOrCreate()

# define a udf to perform sentiment analysis
def analyze_sentiment(message):
    # Perform sentiment analysis
    pol_score = sia.polarity_scores(message)
    # Return the compound score
    return [pol_score['neg'], pol_score['neu'], pol_score['pos'], pol_score['compound']]

# Register the function as a UDF
analyze_sentiment_udf = udf(lambda x:analyze_sentiment(x), ArrayType(FloatType()))

# define the schema for the JSON data
schema = StructType([
    StructField("authors", StringType(), nullable=True),
    StructField("content", StringType(), nullable=True),
    StructField("url", StringType(), nullable=True),
    StructField("context", StringType(), nullable=True),
    StructField("type", StringType(), nullable=True),
    StructField("datetime", StringType(), nullable=True)  # Assuming the datetime is string type, you can change it to TimestampType if needed
])

# parse the input parameter
topics = ${topics}
parsed_topics = topics.split("|")

# define the parameters for the input and output kafka broker and topic
kafka_broker = "kafka:9092"
input_kafka_topic = parsed_topics[0]
output_kafka_topic = parsed_topics[1]

# Subscribe to the input topic
df = spark \
    .readStream \
    .format("kafka") \
    .option("kafka.bootstrap.servers", kafka_broker) \
    .option("subscribe", input_kafka_topic) \
    .load()

# parse the JSON data in the 'value' column using the defined schema then create a dataframe containing the reddit data
df = df.select(col("value").cast("string")) \
    .withColumn("value", from_json("value", schema)) \

parsed_df = df \
    .select("value.*")

# perform sentiment analysis on the parsed dataframe 
sa_reddit_df = parsed_df.withColumn('sentiment_score', analyze_sentiment_udf(parsed_df['content']))

# split the sentiment_score column into separate columns
sa_reddit_df = sa_reddit_df.withColumn("negative", sa_reddit_df["sentiment_score"][0]) \
            .withColumn("neutral", sa_reddit_df["sentiment_score"][1]) \
            .withColumn("positive", sa_reddit_df["sentiment_score"][2]) \
            .withColumn("compound", sa_reddit_df["sentiment_score"][3]) \
            .drop('sentiment_score')  # drop sentiment_score column after splitting

# stream the data to kafka
kafka_write = sa_reddit_df \
    .selectExpr("'' AS key", "to_json(struct(*)) AS value") \
    .writeStream \
    .format("kafka") \
    .option("kafka.bootstrap.servers", kafka_broker) \
    .option("topic", output_kafka_topic) \
    .start()

# Wait for the termination of the query
kafka_write.awaitTermination()
[INFO] 2024-05-05 01:03:32.490 +0800 - tenantCode :default, task dir:/tmp/dolphinscheduler/exec/process/default/13010050770016/13386218435520_20/942/3262
[INFO] 2024-05-05 01:03:32.498 +0800 - generate python script file:/tmp/dolphinscheduler/exec/process/default/13010050770016/13386218435520_20/942/3262/py_942_3262.py
[INFO] 2024-05-05 01:03:32.502 +0800 - #-*- encoding=utf8 -*-

# use kafka streaming api
from pyspark.sql.functions import udf, col, from_json
from pyspark.sql.types import FloatType, ArrayType, StringType, StructType, StructField, IntegerType
import nltk
from nltk.sentiment.vader import SentimentIntensityAnalyzer as SIA
from pyspark.sql import SparkSession
import os

# access the nltk data directory variable
nltk_data_dir = os.environ.get('NLTK_DATA')

# download the model
nltk.download('vader_lexicon', download_dir=nltk_data_dir)

# init the sentiment analysis object
sia = SIA()

# init Spark session
spark = SparkSession.builder \
    .master('local') \
    .appName("Sentiment Analysis") \
    .config("spark.jars.packages", "org.apache.spark:spark-sql-kafka-0-10_2.12:3.5.1") \
    .config("spark.sql.streaming.checkpointLocation", r"/tmp/") \
    .config("spark.driver.extraJavaOptions", "-Divy.cache.dir=/tmp -Divy.home=/tmp") \
    .getOrCreate()

# define a udf to perform sentiment analysis
def analyze_sentiment(message):
    # Perform sentiment analysis
    pol_score = sia.polarity_scores(message)
    # Return the compound score
    return [pol_score['neg'], pol_score['neu'], pol_score['pos'], pol_score['compound']]

# Register the function as a UDF
analyze_sentiment_udf = udf(lambda x:analyze_sentiment(x), ArrayType(FloatType()))

# define the schema for the JSON data
schema = StructType([
    StructField("authors", StringType(), nullable=True),
    StructField("content", StringType(), nullable=True),
    StructField("url", StringType(), nullable=True),
    StructField("context", StringType(), nullable=True),
    StructField("type", StringType(), nullable=True),
    StructField("datetime", StringType(), nullable=True)  # Assuming the datetime is string type, you can change it to TimestampType if needed
])

# parse the input parameter
topics = "reddit_post_filtered|reddit_post_sa"
parsed_topics = topics.split("|")

# define the parameters for the input and output kafka broker and topic
kafka_broker = "kafka:9092"
input_kafka_topic = parsed_topics[0]
output_kafka_topic = parsed_topics[1]

# Subscribe to the input topic
df = spark \
    .readStream \
    .format("kafka") \
    .option("kafka.bootstrap.servers", kafka_broker) \
    .option("subscribe", input_kafka_topic) \
    .load()

# parse the JSON data in the 'value' column using the defined schema then create a dataframe containing the reddit data
df = df.select(col("value").cast("string")) \
    .withColumn("value", from_json("value", schema)) \

parsed_df = df \
    .select("value.*")

# perform sentiment analysis on the parsed dataframe 
sa_reddit_df = parsed_df.withColumn('sentiment_score', analyze_sentiment_udf(parsed_df['content']))

# split the sentiment_score column into separate columns
sa_reddit_df = sa_reddit_df.withColumn("negative", sa_reddit_df["sentiment_score"][0]) \
            .withColumn("neutral", sa_reddit_df["sentiment_score"][1]) \
            .withColumn("positive", sa_reddit_df["sentiment_score"][2]) \
            .withColumn("compound", sa_reddit_df["sentiment_score"][3]) \
            .drop('sentiment_score')  # drop sentiment_score column after splitting

# stream the data to kafka
kafka_write = sa_reddit_df \
    .selectExpr("'' AS key", "to_json(struct(*)) AS value") \
    .writeStream \
    .format("kafka") \
    .option("kafka.bootstrap.servers", kafka_broker) \
    .option("topic", output_kafka_topic) \
    .start()

# Wait for the termination of the query
kafka_write.awaitTermination()
[INFO] 2024-05-05 01:03:32.503 +0800 - Final Shell file is: 
[INFO] 2024-05-05 01:03:32.507 +0800 - ****************************** Script Content *****************************************************************
[INFO] 2024-05-05 01:03:32.517 +0800 - #!/bin/bash
BASEDIR=$(cd `dirname $0`; pwd)
cd $BASEDIR
export SPARK_HOME=/opt/spark-3.5.1-bin-hadoop3
export JAVA_HOME=/opt/java/openjdk
export PYSPARK_DRIVER_PYTHON=/bin/python3.11
export PYSPARK_PYTHON=/bin/python3.11
export PYTHON_LAUNCHER=/bin/python3.11
export NLTK_DATA=/local_storage/nltk_data
${PYTHON_LAUNCHER} /tmp/dolphinscheduler/exec/process/default/13010050770016/13386218435520_20/942/3262/py_942_3262.py
[INFO] 2024-05-05 01:03:32.517 +0800 - ****************************** Script Content *****************************************************************
[INFO] 2024-05-05 01:03:32.518 +0800 - Executing shell command : sudo -u default -i /tmp/dolphinscheduler/exec/process/default/13010050770016/13386218435520_20/942/3262/942_3262.sh
[INFO] 2024-05-05 01:03:32.565 +0800 - process start, process id is: 18774
[INFO] 2024-05-05 01:03:32.797 +0800 -  -> 
	sudo: unable to change directory to /home/default: No such file or directory
[INFO] 2024-05-05 01:03:34.859 +0800 -  -> 
	[nltk_data] Downloading package vader_lexicon to
	[nltk_data]     /local_storage/nltk_data...
	[nltk_data]   Package vader_lexicon is already up-to-date!
[INFO] 2024-05-05 01:03:48.944 +0800 -  -> 
	:: loading settings :: url = jar:file:/opt/spark-3.5.1-bin-hadoop3/jars/ivy-2.5.1.jar!/org/apache/ivy/core/settings/ivysettings.xml
	Ivy Default Cache set to: /tmp
	The jars for the packages stored in: /tmp/jars
	org.apache.spark#spark-sql-kafka-0-10_2.12 added as a dependency
	:: resolving dependencies :: org.apache.spark#spark-submit-parent-bc848931-d4a5-4085-865e-d3697718ae70;1.0
		confs: [default]
[INFO] 2024-05-05 01:03:50.947 +0800 -  -> 
		found org.apache.spark#spark-sql-kafka-0-10_2.12;3.5.1 in spark-list
		found org.apache.spark#spark-token-provider-kafka-0-10_2.12;3.5.1 in central
		found org.apache.kafka#kafka-clients;3.4.1 in central
		found org.lz4#lz4-java;1.8.0 in central
		found org.xerial.snappy#snappy-java;1.1.10.3 in central
[INFO] 2024-05-05 01:03:51.954 +0800 -  -> 
		found org.slf4j#slf4j-api;2.0.7 in central
		found org.apache.hadoop#hadoop-client-runtime;3.3.4 in central
		found org.apache.hadoop#hadoop-client-api;3.3.4 in central
[INFO] 2024-05-05 01:03:53.014 +0800 -  -> 
		found commons-logging#commons-logging;1.1.3 in central
		found com.google.code.findbugs#jsr305;3.0.0 in central
		found org.apache.commons#commons-pool2;2.11.1 in central
	:: resolution report :: resolve 3515ms :: artifacts dl 30ms
		:: modules in use:
		com.google.code.findbugs#jsr305;3.0.0 from central in [default]
		commons-logging#commons-logging;1.1.3 from central in [default]
		org.apache.commons#commons-pool2;2.11.1 from central in [default]
		org.apache.hadoop#hadoop-client-api;3.3.4 from central in [default]
		org.apache.hadoop#hadoop-client-runtime;3.3.4 from central in [default]
		org.apache.kafka#kafka-clients;3.4.1 from central in [default]
		org.apache.spark#spark-sql-kafka-0-10_2.12;3.5.1 from spark-list in [default]
		org.apache.spark#spark-token-provider-kafka-0-10_2.12;3.5.1 from central in [default]
		org.lz4#lz4-java;1.8.0 from central in [default]
		org.slf4j#slf4j-api;2.0.7 from central in [default]
		org.xerial.snappy#snappy-java;1.1.10.3 from central in [default]
		---------------------------------------------------------------------
		|                  |            modules            ||   artifacts   |
		|       conf       | number| search|dwnlded|evicted|| number|dwnlded|
		---------------------------------------------------------------------
		|      default     |   11  |   0   |   0   |   0   ||   11  |   0   |
		---------------------------------------------------------------------
	:: retrieving :: org.apache.spark#spark-submit-parent-bc848931-d4a5-4085-865e-d3697718ae70
		confs: [default]
		0 artifacts copied, 11 already retrieved (0kB/13ms)
[INFO] 2024-05-05 01:03:54.017 +0800 -  -> 
	24/05/05 01:03:53 WARN NativeCodeLoader: Unable to load native-hadoop library for your platform... using builtin-java classes where applicable
	Setting default log level to "WARN".
	To adjust logging level use sc.setLogLevel(newLevel). For SparkR, use setLogLevel(newLevel).
[INFO] 2024-05-05 01:03:57.021 +0800 -  -> 
	24/05/05 01:03:56 WARN Utils: Service 'SparkUI' could not bind on port 4040. Attempting port 4041.
	24/05/05 01:03:56 WARN Utils: Service 'SparkUI' could not bind on port 4041. Attempting port 4042.
	24/05/05 01:03:56 WARN Utils: Service 'SparkUI' could not bind on port 4042. Attempting port 4043.
	24/05/05 01:03:56 WARN Utils: Service 'SparkUI' could not bind on port 4043. Attempting port 4044.
	24/05/05 01:03:56 WARN Utils: Service 'SparkUI' could not bind on port 4044. Attempting port 4045.
[INFO] 2024-05-05 01:04:08.289 +0800 -  -> 
	24/05/05 01:04:07 WARN ResolveWriteToStream: spark.sql.adaptive.enabled is not supported in streaming DataFrames/Datasets and will be disabled.
[INFO] 2024-05-05 01:04:10.310 +0800 -  -> 
	24/05/05 01:04:09 WARN AdminClientConfig: These configurations '[key.deserializer, value.deserializer, enable.auto.commit, max.poll.records, auto.offset.reset]' were supplied but are not used yet.
[INFO] 2024-05-05 01:04:17.325 +0800 -  -> 
	
	[Stage 0:>                                                          (0 + 1) / 1]
[INFO] 2024-05-05 01:04:18.331 +0800 -  -> 
	
	                                                                                
[INFO] 2024-05-05 01:04:33.422 +0800 -  -> 
	
	[Stage 1:>                                                          (0 + 1) / 1]
[INFO] 2024-05-05 01:04:36.485 +0800 -  -> 
	24/05/05 01:04:36 WARN KafkaDataConsumer: KafkaDataConsumer is not running in UninterruptibleThread. It may hang when KafkaDataConsumer's methods are interrupted because of KAFKA-1894
[INFO] 2024-05-05 01:04:38.488 +0800 -  -> 
	
	                                                                                
[INFO] 2024-05-05 01:04:56.022 +0800 - process id:18774, cmd:sudo -u default kill -9 18774 18782 18792 18803 18822 19522 19603 18899 18900 18901 18902 18903 18913 18914 18919 18927 18928 18929 18930 18931 18932 18962 18964 18965 18967 18968 18969 18970 18971 18972 18973 18974 18975 18976 18977 18978 18979 18980 18981 18982 18983 18984 18985 18986 18987 18988 18989 18990 18991 19014 19015 19016 19017 19018 19019 19020 19021 19022 19045 19075 19252 19258 19259 19260 19261 19262 19270 19297 19310 19361 19362 19521 19601 19602 19608 19613 19614 19615 19616 19618 19638 19639 19640 19641 19642 19643 19644 19645 19646 19647 18966 19263
[ERROR] 2024-05-05 01:04:56.153 +0800 - kill task error
org.apache.dolphinscheduler.common.shell.AbstractShell$ExitCodeException: kill: (18774): Operation not permitted
kill: (18899): No such process
kill: (18900): No such process
kill: (18901): No such process
kill: (18902): No such process
kill: (18903): No such process
kill: (18914): No such process
kill: (18927): No such process
kill: (18928): No such process
kill: (18929): No such process
kill: (18930): No such process
kill: (18931): No such process
kill: (18932): No such process
kill: (18962): No such process
kill: (18964): No such process
kill: (18965): No such process
kill: (18967): No such process
kill: (18968): No such process
kill: (18969): No such process
kill: (18970): No such process
kill: (18971): No such process
kill: (18972): No such process
kill: (18973): No such process
kill: (18974): No such process
kill: (18975): No such process
kill: (18976): No such process
kill: (18977): No such process
kill: (18978): No such process
kill: (18979): No such process
kill: (18980): No such process
kill: (18981): No such process
kill: (18982): No such process
kill: (18983): No such process
kill: (18984): No such process
kill: (18985): No such process
kill: (18986): No such process
kill: (18987): No such process
kill: (18988): No such process
kill: (18989): No such process
kill: (18990): No such process
kill: (18991): No such process
kill: (19014): No such process
kill: (19015): No such process
kill: (19016): No such process
kill: (19017): No such process
kill: (19018): No such process
kill: (19019): No such process
kill: (19020): No such process
kill: (19021): No such process
kill: (19022): No such process
kill: (19045): No such process
kill: (19075): No such process
kill: (19252): No such process
kill: (19258): No such process
kill: (19259): No such process
kill: (19260): No such process
kill: (19261): No such process
kill: (19262): No such process
kill: (19270): No such process
kill: (19297): No such process
kill: (19310): No such process
kill: (19361): No such process
kill: (19362): No such process
kill: (19521): No such process
kill: (19602): No such process
kill: (19608): No such process
kill: (19613): No such process
kill: (19614): No such process
kill: (19615): No such process
kill: (19616): No such process
kill: (19618): No such process
kill: (19638): No such process
kill: (19639): No such process
kill: (19640): No such process
kill: (19641): No such process
kill: (19642): No such process
kill: (19643): No such process
kill: (19644): No such process
kill: (19645): No such process
kill: (19646): No such process
kill: (19647): No such process
kill: (18966): No such process

	at org.apache.dolphinscheduler.common.shell.AbstractShell.runCommand(AbstractShell.java:205)
	at org.apache.dolphinscheduler.common.shell.AbstractShell.run(AbstractShell.java:118)
	at org.apache.dolphinscheduler.common.shell.ShellExecutor.execute(ShellExecutor.java:125)
	at org.apache.dolphinscheduler.common.shell.ShellExecutor.execCommand(ShellExecutor.java:103)
	at org.apache.dolphinscheduler.common.shell.ShellExecutor.execCommand(ShellExecutor.java:86)
	at org.apache.dolphinscheduler.common.utils.OSUtils.exeShell(OSUtils.java:345)
	at org.apache.dolphinscheduler.common.utils.OSUtils.exeCmd(OSUtils.java:334)
	at org.apache.dolphinscheduler.server.worker.runner.operator.TaskInstanceKillOperationFunction.killProcess(TaskInstanceKillOperationFunction.java:135)
	at org.apache.dolphinscheduler.server.worker.runner.operator.TaskInstanceKillOperationFunction.doKill(TaskInstanceKillOperationFunction.java:96)
	at org.apache.dolphinscheduler.server.worker.runner.operator.TaskInstanceKillOperationFunction.operate(TaskInstanceKillOperationFunction.java:69)
	at org.apache.dolphinscheduler.server.worker.rpc.TaskInstanceOperatorImpl.killTask(TaskInstanceOperatorImpl.java:49)
	at sun.reflect.NativeMethodAccessorImpl.invoke0(Native Method)
	at sun.reflect.NativeMethodAccessorImpl.invoke(NativeMethodAccessorImpl.java:62)
	at sun.reflect.DelegatingMethodAccessorImpl.invoke(DelegatingMethodAccessorImpl.java:43)
	at java.lang.reflect.Method.invoke(Method.java:498)
	at org.apache.dolphinscheduler.extract.base.server.ServerMethodInvokerImpl.invoke(ServerMethodInvokerImpl.java:41)
	at org.apache.dolphinscheduler.extract.base.server.JdkDynamicServerHandler.lambda$processReceived$0(JdkDynamicServerHandler.java:108)
	at java.util.concurrent.ThreadPoolExecutor.runWorker(ThreadPoolExecutor.java:1149)
	at java.util.concurrent.ThreadPoolExecutor$Worker.run(ThreadPoolExecutor.java:624)
	at java.lang.Thread.run(Thread.java:750)
[INFO] 2024-05-05 01:04:56.199 +0800 - Get appIds from worker 172.18.1.1:1234, taskLogPath: /opt/dolphinscheduler/logs/20240505/13386218435520/20/942/3262.log
[INFO] 2024-05-05 01:04:56.203 +0800 - Start finding appId in /opt/dolphinscheduler/logs/20240505/13386218435520/20/942/3262.log, fetch way: log 
[INFO] 2024-05-05 01:04:56.217 +0800 - The appId is empty
[INFO] 2024-05-05 01:04:56.235 +0800 - Begin to kill process process, pid is : 18774
[INFO] 2024-05-05 01:04:56.238 +0800 - Success kill task: 942_3262, pid: 18774
[INFO] 2024-05-05 01:04:56.238 +0800 - kill task by cancelApplication, taskInstanceId: 3262
[INFO] 2024-05-05 01:04:56.575 +0800 - process has killed. execute path:/tmp/dolphinscheduler/exec/process/default/13010050770016/13386218435520_20/942/3262, processId:18774 ,exitStatusCode:137 ,processWaitForStatus:true ,processExitValue:137
[INFO] 2024-05-05 01:04:56.578 +0800 - ***********************************************************************************************
[INFO] 2024-05-05 01:04:56.578 +0800 - *********************************  Finalize task instance  ************************************
[INFO] 2024-05-05 01:04:56.578 +0800 - ***********************************************************************************************
[INFO] 2024-05-05 01:04:56.579 +0800 - Upload output files: [] successfully
[INFO] 2024-05-05 01:04:56.583 +0800 - Send task execute status: KILL to master : 172.18.1.1:1234
[INFO] 2024-05-05 01:04:56.587 +0800 - Remove the current task execute context from worker cache
[INFO] 2024-05-05 01:04:56.588 +0800 - The current execute mode isn't develop mode, will clear the task execute file: /tmp/dolphinscheduler/exec/process/default/13010050770016/13386218435520_20/942/3262
[INFO] 2024-05-05 01:04:56.590 +0800 - Success clear the task execute file: /tmp/dolphinscheduler/exec/process/default/13010050770016/13386218435520_20/942/3262
[INFO] 2024-05-05 01:04:56.594 +0800 - FINALIZE_SESSION
