[INFO] 2024-05-07 14:20:23.445 +0800 - ***********************************************************************************************
[INFO] 2024-05-07 14:20:23.449 +0800 - *********************************  Initialize task context  ***********************************
[INFO] 2024-05-07 14:20:23.449 +0800 - ***********************************************************************************************
[INFO] 2024-05-07 14:20:23.449 +0800 - Begin to initialize task
[INFO] 2024-05-07 14:20:23.450 +0800 - Set task startTime: 1715062823450
[INFO] 2024-05-07 14:20:23.450 +0800 - Set task appId: 1100_4001
[INFO] 2024-05-07 14:20:23.463 +0800 - End initialize task {
  "taskInstanceId" : 4001,
  "taskName" : "duplicate_check",
  "firstSubmitTime" : 1715062823185,
  "startTime" : 1715062823450,
  "taskType" : "DATA_QUALITY",
  "workflowInstanceHost" : "172.18.0.14:5678",
  "host" : "172.18.1.1:1234",
  "logPath" : "/opt/dolphinscheduler/logs/20240507/13520356270336/4/1100/4001.log",
  "processId" : 0,
  "processDefineCode" : 13520356270336,
  "processDefineVersion" : 4,
  "processInstanceId" : 1100,
  "scheduleTime" : 0,
  "executorId" : 1,
  "cmdTypeIfComplement" : 2,
  "tenantCode" : "default",
  "processDefineId" : 0,
  "projectId" : 0,
  "projectCode" : 13001194483488,
  "taskParams" : "{\"localParams\":[],\"resourceList\":[],\"ruleId\":6,\"ruleInputParameter\":{\"check_type\":\"0\",\"comparison_type\":1,\"comparison_name\":\"0\",\"failure_strategy\":\"1\",\"operator\":\"0\",\"src_connector_type\":1,\"src_datasource_id\":5,\"src_database\":\"gnews_article_hash_db\",\"src_field\":\"hash\",\"src_table\":\"article_hashes\",\"threshold\":\"0\"},\"sparkParameters\":{\"deployMode\":\"local\",\"driverCores\":1,\"driverMemory\":\"512M\",\"executorCores\":1,\"executorMemory\":\"1G\",\"numExecutors\":1,\"others\":\"--conf spark.driver.extraJavaOptions=\\\"-Divy.cache.dir=/tmp -Divy.home=/tmp\\\" \\\\\\n--packages org.postgresql:postgresql:42.7.3\",\"yarnQueue\":\"\"}}",
  "environmentConfig" : "export SPARK_HOME=/opt/spark-3.5.1-bin-hadoop3\nexport JAVA_HOME=/opt/java/openjdk\nexport PYSPARK_DRIVER_PYTHON=/bin/python3.11\nexport PYSPARK_PYTHON=/bin/python3.11",
  "prepareParamsMap" : {
    "system.task.definition.name" : {
      "prop" : "system.task.definition.name",
      "direct" : "IN",
      "type" : "VARCHAR",
      "value" : "duplicate_check"
    },
    "system.project.name" : {
      "prop" : "system.project.name",
      "direct" : "IN",
      "type" : "VARCHAR",
      "value" : null
    },
    "system.project.code" : {
      "prop" : "system.project.code",
      "direct" : "IN",
      "type" : "VARCHAR",
      "value" : "13001194483488"
    },
    "system.workflow.instance.id" : {
      "prop" : "system.workflow.instance.id",
      "direct" : "IN",
      "type" : "VARCHAR",
      "value" : "1100"
    },
    "system.biz.curdate" : {
      "prop" : "system.biz.curdate",
      "direct" : "IN",
      "type" : "VARCHAR",
      "value" : "20240507"
    },
    "system.biz.date" : {
      "prop" : "system.biz.date",
      "direct" : "IN",
      "type" : "VARCHAR",
      "value" : "20240506"
    },
    "system.task.instance.id" : {
      "prop" : "system.task.instance.id",
      "direct" : "IN",
      "type" : "VARCHAR",
      "value" : "4001"
    },
    "system.workflow.definition.name" : {
      "prop" : "system.workflow.definition.name",
      "direct" : "IN",
      "type" : "VARCHAR",
      "value" : "duplicate_check"
    },
    "system.task.definition.code" : {
      "prop" : "system.task.definition.code",
      "direct" : "IN",
      "type" : "VARCHAR",
      "value" : "13520346003328"
    },
    "system.workflow.definition.code" : {
      "prop" : "system.workflow.definition.code",
      "direct" : "IN",
      "type" : "VARCHAR",
      "value" : "13520356270336"
    },
    "system.datetime" : {
      "prop" : "system.datetime",
      "direct" : "IN",
      "type" : "VARCHAR",
      "value" : "20240507142023"
    }
  },
  "taskAppId" : "1100_4001",
  "taskTimeout" : 2147483647,
  "workerGroup" : "default",
  "delayTime" : 0,
  "currentExecutionStatus" : "SUBMITTED_SUCCESS",
  "endTime" : 0,
  "dryRun" : 0,
  "paramsMap" : { },
  "dataQualityTaskExecutionContext" : {
    "ruleId" : 6,
    "ruleName" : "$t(uniqueness_check)",
    "ruleType" : 0,
    "ruleInputEntryList" : "[{\"id\":1,\"field\":\"src_connector_type\",\"type\":\"select\",\"title\":\"$t(src_connector_type)\",\"data\":\"\",\"options\":\"[{\\\"label\\\":\\\"HIVE\\\",\\\"value\\\":\\\"HIVE\\\"},{\\\"label\\\":\\\"JDBC\\\",\\\"value\\\":\\\"JDBC\\\"}]\",\"placeholder\":\"please select source connector type\",\"optionSourceType\":2,\"dataType\":2,\"inputType\":0,\"isShow\":true,\"canEdit\":true,\"isEmit\":true,\"isValidate\":false,\"valuesMap\":null,\"index\":1,\"createTime\":null,\"updateTime\":null},{\"id\":2,\"field\":\"src_datasource_id\",\"type\":\"select\",\"title\":\"$t(src_datasource_id)\",\"data\":\"\",\"options\":null,\"placeholder\":\"please select source datasource id\",\"optionSourceType\":1,\"dataType\":2,\"inputType\":0,\"isShow\":true,\"canEdit\":true,\"isEmit\":true,\"isValidate\":false,\"valuesMap\":null,\"index\":2,\"createTime\":null,\"updateTime\":null},{\"id\":30,\"field\":\"src_database\",\"type\":\"select\",\"title\":\"$t(src_database)\",\"data\":null,\"options\":null,\"placeholder\":\"Please select source database\",\"optionSourceType\":0,\"dataType\":0,\"inputType\":0,\"isShow\":true,\"canEdit\":true,\"isEmit\":true,\"isValidate\":true,\"valuesMap\":null,\"index\":2,\"createTime\":null,\"updateTime\":null},{\"id\":3,\"field\":\"src_table\",\"type\":\"select\",\"title\":\"$t(src_table)\",\"data\":null,\"options\":null,\"placeholder\":\"Please enter source table name\",\"optionSourceType\":0,\"dataType\":0,\"inputType\":0,\"isShow\":true,\"canEdit\":true,\"isEmit\":true,\"isValidate\":true,\"valuesMap\":null,\"index\":3,\"createTime\":null,\"updateTime\":null},{\"id\":4,\"field\":\"src_filter\",\"type\":\"input\",\"title\":\"$t(src_filter)\",\"data\":null,\"options\":null,\"placeholder\":\"Please enter filter expression\",\"optionSourceType\":0,\"dataType\":3,\"inputType\":0,\"isShow\":true,\"canEdit\":true,\"isEmit\":false,\"isValidate\":false,\"valuesMap\":null,\"index\":4,\"createTime\":null,\"updateTime\":null},{\"id\":5,\"field\":\"src_field\",\"type\":\"select\",\"title\":\"$t(src_field)\",\"data\":null,\"options\":null,\"placeholder\":\"Please enter column, only single column is supported\",\"optionSourceType\":0,\"dataType\":0,\"inputType\":0,\"isShow\":true,\"canEdit\":true,\"isEmit\":false,\"isValidate\":true,\"valuesMap\":null,\"index\":5,\"createTime\":null,\"updateTime\":null},{\"id\":6,\"field\":\"statistics_name\",\"type\":\"input\",\"title\":\"$t(statistics_name)\",\"data\":\"duplicate_count.duplicates\",\"options\":null,\"placeholder\":\"Please enter statistics name, the alias in statistics execute sql\",\"optionSourceType\":0,\"dataType\":0,\"inputType\":1,\"isShow\":false,\"canEdit\":false,\"isEmit\":false,\"isValidate\":true,\"valuesMap\":\"{\\\"statistics_name\\\":\\\"duplicate_count.duplicates\\\"}\",\"index\":6,\"createTime\":null,\"updateTime\":null},{\"id\":7,\"field\":\"check_type\",\"type\":\"select\",\"title\":\"$t(check_type)\",\"data\":\"0\",\"options\":\"[{\\\"label\\\":\\\"Expected - Actual\\\",\\\"value\\\":\\\"0\\\"},{\\\"label\\\":\\\"Actual - Expected\\\",\\\"value\\\":\\\"1\\\"},{\\\"label\\\":\\\"Actual / Expected\\\",\\\"value\\\":\\\"2\\\"},{\\\"label\\\":\\\"(Expected - Actual) / Expected\\\",\\\"value\\\":\\\"3\\\"}]\",\"placeholder\":\"please select check type\",\"optionSourceType\":0,\"dataType\":0,\"inputType\":3,\"isShow\":true,\"canEdit\":true,\"isEmit\":true,\"isValidate\":false,\"valuesMap\":null,\"index\":7,\"createTime\":null,\"updateTime\":null},{\"id\":8,\"field\":\"operator\",\"type\":\"select\",\"title\":\"$t(operator)\",\"data\":\"0\",\"options\":\"[{\\\"label\\\":\\\"=\\\",\\\"value\\\":\\\"0\\\"},{\\\"label\\\":\\\"<\\\",\\\"value\\\":\\\"1\\\"},{\\\"label\\\":\\\"<=\\\",\\\"value\\\":\\\"2\\\"},{\\\"label\\\":\\\">\\\",\\\"value\\\":\\\"3\\\"},{\\\"label\\\":\\\">=\\\",\\\"value\\\":\\\"4\\\"},{\\\"label\\\":\\\"!=\\\",\\\"value\\\":\\\"5\\\"}]\",\"placeholder\":\"please select operator\",\"optionSourceType\":0,\"dataType\":0,\"inputType\":3,\"isShow\":true,\"canEdit\":true,\"isEmit\":false,\"isValidate\":false,\"valuesMap\":null,\"index\":8,\"createTime\":null,\"updateTime\":null},{\"id\":9,\"field\":\"threshold\",\"type\":\"input\",\"title\":\"$t(threshold)\",\"data\":null,\"options\":null,\"placeholder\":\"Please enter threshold, number is needed\",\"optionSourceType\":0,\"dataType\":2,\"inputType\":3,\"isShow\":true,\"canEdit\":true,\"isEmit\":false,\"isValidate\":true,\"valuesMap\":null,\"index\":9,\"createTime\":null,\"updateTime\":null},{\"id\":10,\"field\":\"failure_strategy\",\"type\":\"select\",\"title\":\"$t(failure_strategy)\",\"data\":\"0\",\"options\":\"[{\\\"label\\\":\\\"Alert\\\",\\\"value\\\":\\\"0\\\"},{\\\"label\\\":\\\"Block\\\",\\\"value\\\":\\\"1\\\"}]\",\"placeholder\":\"please select failure strategy\",\"optionSourceType\":0,\"dataType\":0,\"inputType\":3,\"isShow\":true,\"canEdit\":true,\"isEmit\":false,\"isValidate\":false,\"valuesMap\":null,\"index\":10,\"createTime\":null,\"updateTime\":null},{\"id\":17,\"field\":\"comparison_name\",\"type\":\"input\",\"title\":\"$t(comparison_name)\",\"data\":null,\"options\":null,\"placeholder\":\"Please enter comparison name, the alias in comparison execute sql\",\"optionSourceType\":0,\"dataType\":0,\"inputType\":0,\"isShow\":false,\"canEdit\":false,\"isEmit\":false,\"isValidate\":true,\"valuesMap\":\"\",\"index\":11,\"createTime\":null,\"updateTime\":null},{\"id\":19,\"field\":\"comparison_type\",\"type\":\"select\",\"title\":\"$t(comparison_type)\",\"data\":\"\",\"options\":null,\"placeholder\":\"Please enter comparison title\",\"optionSourceType\":3,\"dataType\":0,\"inputType\":2,\"isShow\":true,\"canEdit\":false,\"isEmit\":true,\"isValidate\":false,\"valuesMap\":null,\"index\":12,\"createTime\":null,\"updateTime\":null}]",
    "executeSqlList" : "[{\"id\":6,\"index\":1,\"sql\":\"SELECT ${src_field} FROM ${src_table} group by ${src_field} having count(*) > 1\",\"tableAlias\":\"duplicate_items\",\"type\":0,\"createTime\":\"2021-03-03 11:31:24\",\"updateTime\":\"2021-03-03 11:31:24\",\"errorOutputSql\":true},{\"id\":7,\"index\":1,\"sql\":\"SELECT COUNT(*) AS duplicates FROM duplicate_items\",\"tableAlias\":\"duplicate_count\",\"type\":1,\"createTime\":\"2021-03-03 11:31:24\",\"updateTime\":\"2021-03-03 11:31:24\",\"errorOutputSql\":false}]",
    "comparisonNeedStatisticsValueTable" : false,
    "compareWithFixedValue" : true,
    "hdfsPath" : "hdfs://mycluster:8020/user/default/data_quality_error_data",
    "sourceConnectorType" : "JDBC",
    "sourceType" : 1,
    "sourceConnectionParams" : "{\"user\":\"root\",\"password\":\"******\",\"address\":\"jdbc:postgresql://dolphinscheduler-postgresql:5432\",\"database\":\"gnews_article_hash_db\",\"jdbcUrl\":\"jdbc:postgresql://dolphinscheduler-postgresql:5432/gnews_article_hash_db\",\"driverClassName\":\"org.postgresql.Driver\",\"validationQuery\":\"select version()\",\"other\":{\"password\":\"****\"}}",
    "targetConnectorType" : null,
    "targetType" : 0,
    "targetConnectionParams" : null,
    "writerConnectorType" : "JDBC",
    "writerType" : 1,
    "writerTable" : "t_ds_dq_execute_result",
    "writerConnectionParams" : "{\"user\":\"root\",\"password\":\"****\",\"address\":\"jdbc:postgresql://dolphinscheduler-postgresql:5432\",\"database\":\"dolphinscheduler\",\"jdbcUrl\":\"jdbc:postgresql://dolphinscheduler-postgresql:5432/dolphinscheduler\"}",
    "statisticsValueConnectorType" : "JDBC",
    "statisticsValueType" : 1,
    "statisticsValueTable" : "t_ds_dq_task_statistics_value",
    "statisticsValueWriterConnectionParams" : "{\"user\":\"root\",\"password\":\"****\",\"address\":\"jdbc:postgresql://dolphinscheduler-postgresql:5432\",\"database\":\"dolphinscheduler\",\"jdbcUrl\":\"jdbc:postgresql://dolphinscheduler-postgresql:5432/dolphinscheduler\"}"
  },
  "cpuQuota" : -1,
  "memoryMax" : -1,
  "testFlag" : 0,
  "logBufferEnable" : false,
  "dispatchFailTimes" : 0
}
[INFO] 2024-05-07 14:20:23.466 +0800 - ***********************************************************************************************
[INFO] 2024-05-07 14:20:23.469 +0800 - *********************************  Load task instance plugin  *********************************
[INFO] 2024-05-07 14:20:23.469 +0800 - ***********************************************************************************************
[INFO] 2024-05-07 14:20:23.570 +0800 - Send task status RUNNING_EXECUTION master: 172.18.1.1:1234
[INFO] 2024-05-07 14:20:23.591 +0800 - create linux os user: default
[INFO] 2024-05-07 14:20:23.592 +0800 - execute cmd: sudo useradd -g root
 default
[INFO] 2024-05-07 14:20:23.681 +0800 - create user default success
[INFO] 2024-05-07 14:20:23.681 +0800 - TenantCode: default check successfully
[INFO] 2024-05-07 14:20:23.685 +0800 - WorkflowInstanceExecDir: /tmp/dolphinscheduler/exec/process/default/13001194483488/13520356270336_4/1100/4001 check successfully
[INFO] 2024-05-07 14:20:23.686 +0800 - Create TaskChannel: org.apache.dolphinscheduler.plugin.task.dq.DataQualityTaskChannel successfully
[INFO] 2024-05-07 14:20:23.694 +0800 - Download resources successfully: 
ResourceContext(resourceItemMap={})
[INFO] 2024-05-07 14:20:23.704 +0800 - Download upstream files: [] successfully
[INFO] 2024-05-07 14:20:23.711 +0800 - Task plugin instance: DATA_QUALITY create successfully
[INFO] 2024-05-07 14:20:23.715 +0800 - Initialize data quality task params {
  "localParams" : [ ],
  "varPool" : null,
  "ruleId" : 6,
  "ruleInputParameter" : {
    "check_type" : "0",
    "comparison_type" : "1",
    "comparison_name" : "0",
    "failure_strategy" : "1",
    "operator" : "0",
    "src_connector_type" : "1",
    "src_datasource_id" : "5",
    "src_database" : "gnews_article_hash_db",
    "src_field" : "hash",
    "src_table" : "article_hashes",
    "threshold" : "0"
  },
  "sparkParameters" : {
    "localParams" : null,
    "varPool" : null,
    "mainJar" : null,
    "mainClass" : null,
    "deployMode" : "local",
    "mainArgs" : null,
    "driverCores" : 1,
    "driverMemory" : "512M",
    "numExecutors" : 1,
    "executorCores" : 1,
    "executorMemory" : "1G",
    "appName" : null,
    "yarnQueue" : "",
    "others" : "--conf spark.driver.extraJavaOptions=\"-Divy.cache.dir=/tmp -Divy.home=/tmp\" \\\n--packages org.postgresql:postgresql:42.7.3",
    "programType" : null,
    "resourceList" : [ ]
  }
}
[INFO] 2024-05-07 14:20:23.760 +0800 - start register processor: HANA
[INFO] 2024-05-07 14:20:23.761 +0800 - done register processor: HANA
[INFO] 2024-05-07 14:20:23.763 +0800 - start register processor: SQLSERVER
[INFO] 2024-05-07 14:20:23.763 +0800 - done register processor: SQLSERVER
[INFO] 2024-05-07 14:20:23.766 +0800 - start register processor: SAGEMAKER
[INFO] 2024-05-07 14:20:23.767 +0800 - done register processor: SAGEMAKER
[INFO] 2024-05-07 14:20:23.769 +0800 - start register processor: DATABEND
[INFO] 2024-05-07 14:20:23.770 +0800 - done register processor: DATABEND
[INFO] 2024-05-07 14:20:23.858 +0800 - start register processor: AZURESQL
[INFO] 2024-05-07 14:20:23.859 +0800 - done register processor: AZURESQL
[INFO] 2024-05-07 14:20:23.863 +0800 - start register processor: HIVE
[INFO] 2024-05-07 14:20:23.863 +0800 - done register processor: HIVE
[INFO] 2024-05-07 14:20:23.872 +0800 - start register processor: DORIS
[INFO] 2024-05-07 14:20:23.873 +0800 - done register processor: DORIS
[INFO] 2024-05-07 14:20:23.876 +0800 - start register processor: POSTGRESQL
[INFO] 2024-05-07 14:20:23.877 +0800 - done register processor: POSTGRESQL
[INFO] 2024-05-07 14:20:23.880 +0800 - start register processor: MYSQL
[INFO] 2024-05-07 14:20:23.887 +0800 - done register processor: MYSQL
[INFO] 2024-05-07 14:20:23.892 +0800 - start register processor: REDSHIFT
[INFO] 2024-05-07 14:20:23.893 +0800 - done register processor: REDSHIFT
[INFO] 2024-05-07 14:20:23.896 +0800 - start register processor: SNOWFLAKE
[INFO] 2024-05-07 14:20:23.896 +0800 - done register processor: SNOWFLAKE
[INFO] 2024-05-07 14:20:23.899 +0800 - start register processor: STARROCKS
[INFO] 2024-05-07 14:20:23.900 +0800 - done register processor: STARROCKS
[INFO] 2024-05-07 14:20:23.911 +0800 - start register processor: SSH
[INFO] 2024-05-07 14:20:23.912 +0800 - done register processor: SSH
[INFO] 2024-05-07 14:20:23.914 +0800 - start register processor: ATHENA
[INFO] 2024-05-07 14:20:23.917 +0800 - done register processor: ATHENA
[INFO] 2024-05-07 14:20:23.923 +0800 - start register processor: PRESTO
[INFO] 2024-05-07 14:20:23.924 +0800 - done register processor: PRESTO
[INFO] 2024-05-07 14:20:23.929 +0800 - start register processor: OCEANBASE
[INFO] 2024-05-07 14:20:23.930 +0800 - done register processor: OCEANBASE
[INFO] 2024-05-07 14:20:23.945 +0800 - start register processor: ORACLE
[INFO] 2024-05-07 14:20:23.946 +0800 - done register processor: ORACLE
[INFO] 2024-05-07 14:20:23.949 +0800 - start register processor: CLICKHOUSE
[INFO] 2024-05-07 14:20:23.950 +0800 - done register processor: CLICKHOUSE
[INFO] 2024-05-07 14:20:23.953 +0800 - start register processor: VERTICA
[INFO] 2024-05-07 14:20:23.954 +0800 - done register processor: VERTICA
[INFO] 2024-05-07 14:20:23.957 +0800 - start register processor: KYUUBI
[INFO] 2024-05-07 14:20:23.957 +0800 - done register processor: KYUUBI
[INFO] 2024-05-07 14:20:23.962 +0800 - start register processor: DB2
[INFO] 2024-05-07 14:20:23.964 +0800 - done register processor: DB2
[INFO] 2024-05-07 14:20:23.967 +0800 - start register processor: TRINO
[INFO] 2024-05-07 14:20:23.968 +0800 - done register processor: TRINO
[INFO] 2024-05-07 14:20:23.990 +0800 - start register processor: SPARK
[INFO] 2024-05-07 14:20:23.991 +0800 - done register processor: SPARK
[INFO] 2024-05-07 14:20:23.997 +0800 - start register processor: DAMENG
[INFO] 2024-05-07 14:20:23.998 +0800 - done register processor: DAMENG
[INFO] 2024-05-07 14:20:24.000 +0800 - start register processor: ZEPPELIN
[INFO] 2024-05-07 14:20:24.001 +0800 - done register processor: ZEPPELIN
[INFO] 2024-05-07 14:20:24.021 +0800 - data quality configuration: {
  "name" : "$t(uniqueness_check)",
  "env" : {
    "type" : "batch",
    "config" : null
  },
  "readers" : [ {
    "type" : "JDBC",
    "config" : {
      "database" : "gnews_article_hash_db",
      "password" : "******",
      "driver" : "org.postgresql.Driver",
      "user" : "root",
      "output_table" : "gnews_article_hash_db_article_hashes",
      "table" : "article_hashes",
      "url" : "jdbc:postgresql://dolphinscheduler-postgresql:5432/gnews_article_hash_db?password=root"
    }
  } ],
  "transformers" : [ {
    "type" : "sql",
    "config" : {
      "index" : 1,
      "output_table" : "duplicate_items",
      "sql" : "SELECT hash FROM gnews_article_hash_db_article_hashes group by hash having count(*) > 1"
    }
  }, {
    "type" : "sql",
    "config" : {
      "index" : 2,
      "output_table" : "duplicate_count",
      "sql" : "SELECT COUNT(*) AS duplicates FROM duplicate_items"
    }
  } ],
  "writers" : [ {
    "type" : "JDBC",
    "config" : {
      "database" : "dolphinscheduler",
      "password" : "****",
      "driver" : "org.postgresql.Driver",
      "user" : "root",
      "table" : "t_ds_dq_execute_result",
      "url" : "jdbc:postgresql://dolphinscheduler-postgresql:5432/dolphinscheduler",
      "sql" : "select 0 as rule_type,'$t(uniqueness_check)' as rule_name,0 as process_definition_id,1100 as process_instance_id,4001 as task_instance_id,duplicate_count.duplicates AS statistics_value,0 AS comparison_value,1 AS comparison_type,0 as check_type,0 as threshold,0 as operator,1 as failure_strategy,'hdfs://mycluster:8020/user/default/data_quality_error_data/0_1100_duplicate_check' as error_output_path,'2024-05-07 14:20:23' as create_time,'2024-05-07 14:20:23' as update_time from duplicate_count "
    }
  }, {
    "type" : "JDBC",
    "config" : {
      "database" : "dolphinscheduler",
      "password" : "****",
      "driver" : "org.postgresql.Driver",
      "user" : "root",
      "table" : "t_ds_dq_task_statistics_value",
      "url" : "jdbc:postgresql://dolphinscheduler-postgresql:5432/dolphinscheduler",
      "sql" : "select 0 as process_definition_id,4001 as task_instance_id,6 as rule_id,'DZCW3I5WNG8NHLKOL6KOERQY9YLFPIMPJZG2BME8ELS=' as unique_code,'duplicate_count.duplicates'AS statistics_name,duplicate_count.duplicates AS statistics_value,'2024-05-07 14:20:23' as data_time,'2024-05-07 14:20:23' as create_time,'2024-05-07 14:20:23' as update_time from duplicate_count"
    }
  }, {
    "type" : "hdfs_file",
    "config" : {
      "path" : "hdfs://mycluster:8020/user/default/data_quality_error_data/0_1100_duplicate_check",
      "input_table" : "duplicate_items"
    }
  } ]
}
[INFO] 2024-05-07 14:20:24.032 +0800 - Trying to get data quality jar in path
[INFO] 2024-05-07 14:20:24.032 +0800 - data quality jar path is empty, will try to auto discover it from build-in rules.
[INFO] 2024-05-07 14:20:24.033 +0800 - Try to get data quality jar from path /opt/dolphinscheduler/conf/../libs
[INFO] 2024-05-07 14:20:24.035 +0800 - get default data quality jar name: /opt/dolphinscheduler/conf/../libs/dolphinscheduler-data-quality-3.2.1.jar
[INFO] 2024-05-07 14:20:24.035 +0800 - Success initialized task plugin instance successfully
[INFO] 2024-05-07 14:20:24.036 +0800 - Set taskVarPool: null successfully
[INFO] 2024-05-07 14:20:24.045 +0800 - ***********************************************************************************************
[INFO] 2024-05-07 14:20:24.046 +0800 - *********************************  Execute task instance  *************************************
[INFO] 2024-05-07 14:20:24.047 +0800 - ***********************************************************************************************
[INFO] 2024-05-07 14:20:24.058 +0800 - Final Shell file is: 
[INFO] 2024-05-07 14:20:24.060 +0800 - ****************************** Script Content *****************************************************************
[INFO] 2024-05-07 14:20:24.061 +0800 - #!/bin/bash
BASEDIR=$(cd `dirname $0`; pwd)
cd $BASEDIR
export SPARK_HOME=/opt/spark-3.5.1-bin-hadoop3
export JAVA_HOME=/opt/java/openjdk
export PYSPARK_DRIVER_PYTHON=/bin/python3.11
export PYSPARK_PYTHON=/bin/python3.11
${SPARK_HOME}/bin/spark-submit --master local --driver-cores 1 --driver-memory 512M --num-executors 1 --executor-cores 1 --executor-memory 1G --conf spark.driver.extraJavaOptions="-Divy.cache.dir=/tmp -Divy.home=/tmp" \
--packages org.postgresql:postgresql:42.7.3 /opt/dolphinscheduler/conf/../libs/dolphinscheduler-data-quality-3.2.1.jar "{\"name\":\"$t(uniqueness_check)\",\"env\":{\"type\":\"batch\",\"config\":null},\"readers\":[{\"type\":\"JDBC\",\"config\":{\"database\":\"gnews_article_hash_db\",\"password\":\"******\",\"driver\":\"org.postgresql.Driver\",\"user\":\"root\",\"output_table\":\"gnews_article_hash_db_article_hashes\",\"table\":\"article_hashes\",\"url\":\"jdbc:postgresql://dolphinscheduler-postgresql:5432/gnews_article_hash_db?password=root\"} }],\"transformers\":[{\"type\":\"sql\",\"config\":{\"index\":1,\"output_table\":\"duplicate_items\",\"sql\":\"SELECT hash FROM gnews_article_hash_db_article_hashes group by hash having count(*) > 1\"} },{\"type\":\"sql\",\"config\":{\"index\":2,\"output_table\":\"duplicate_count\",\"sql\":\"SELECT COUNT(*) AS duplicates FROM duplicate_items\"} }],\"writers\":[{\"type\":\"JDBC\",\"config\":{\"database\":\"dolphinscheduler\",\"password\":\"****\",\"driver\":\"org.postgresql.Driver\",\"user\":\"root\",\"table\":\"t_ds_dq_execute_result\",\"url\":\"jdbc:postgresql://dolphinscheduler-postgresql:5432/dolphinscheduler\",\"sql\":\"select 0 as rule_type,'$t(uniqueness_check)' as rule_name,0 as process_definition_id,1100 as process_instance_id,4001 as task_instance_id,duplicate_count.duplicates AS statistics_value,0 AS comparison_value,1 AS comparison_type,0 as check_type,0 as threshold,0 as operator,1 as failure_strategy,'hdfs://mycluster:8020/user/default/data_quality_error_data/0_1100_duplicate_check' as error_output_path,'2024-05-07 14:20:23' as create_time,'2024-05-07 14:20:23' as update_time from duplicate_count \"} },{\"type\":\"JDBC\",\"config\":{\"database\":\"dolphinscheduler\",\"password\":\"****\",\"driver\":\"org.postgresql.Driver\",\"user\":\"root\",\"table\":\"t_ds_dq_task_statistics_value\",\"url\":\"jdbc:postgresql://dolphinscheduler-postgresql:5432/dolphinscheduler\",\"sql\":\"select 0 as process_definition_id,4001 as task_instance_id,6 as rule_id,'DZCW3I5WNG8NHLKOL6KOERQY9YLFPIMPJZG2BME8ELS=' as unique_code,'duplicate_count.duplicates'AS statistics_name,duplicate_count.duplicates AS statistics_value,'2024-05-07 14:20:23' as data_time,'2024-05-07 14:20:23' as create_time,'2024-05-07 14:20:23' as update_time from duplicate_count\"} },{\"type\":\"hdfs_file\",\"config\":{\"path\":\"hdfs://mycluster:8020/user/default/data_quality_error_data/0_1100_duplicate_check\",\"input_table\":\"duplicate_items\"} }]}"
[INFO] 2024-05-07 14:20:24.062 +0800 - ****************************** Script Content *****************************************************************
[INFO] 2024-05-07 14:20:24.064 +0800 - Executing shell command : sudo -u default -i /tmp/dolphinscheduler/exec/process/default/13001194483488/13520356270336_4/1100/4001/1100_4001.sh
[INFO] 2024-05-07 14:20:24.078 +0800 - process start, process id is: 103
[INFO] 2024-05-07 14:20:25.085 +0800 -  -> 
	sudo: unable to change directory to /home/default: No such file or directory
[INFO] 2024-05-07 14:20:26.090 +0800 -  -> 
	:: loading settings :: url = jar:file:/opt/spark-3.5.1-bin-hadoop3/jars/ivy-2.5.1.jar!/org/apache/ivy/core/settings/ivysettings.xml
[INFO] 2024-05-07 14:20:27.094 +0800 -  -> 
	Ivy Default Cache set to: /tmp
	The jars for the packages stored in: /tmp/jars
	org.postgresql#postgresql added as a dependency
	:: resolving dependencies :: org.apache.spark#spark-submit-parent-60105ca8-08f8-4c09-aa31-28ab79b96c25;1.0
		confs: [default]
[INFO] 2024-05-07 14:20:28.096 +0800 -  -> 
		found org.postgresql#postgresql;42.7.3 in central
		found org.checkerframework#checker-qual;3.42.0 in central
	downloading https://repo1.maven.org/maven2/org/postgresql/postgresql/42.7.3/postgresql-42.7.3.jar ...
[INFO] 2024-05-07 14:20:29.098 +0800 -  -> 
		[SUCCESSFUL ] org.postgresql#postgresql;42.7.3!postgresql.jar (1258ms)
[INFO] 2024-05-07 14:20:30.154 +0800 -  -> 
	downloading https://repo1.maven.org/maven2/org/checkerframework/checker-qual/3.42.0/checker-qual-3.42.0.jar ...
		[SUCCESSFUL ] org.checkerframework#checker-qual;3.42.0!checker-qual.jar (367ms)
	:: resolution report :: resolve 1628ms :: artifacts dl 1631ms
		:: modules in use:
		org.checkerframework#checker-qual;3.42.0 from central in [default]
		org.postgresql#postgresql;42.7.3 from central in [default]
		---------------------------------------------------------------------
		|                  |            modules            ||   artifacts   |
		|       conf       | number| search|dwnlded|evicted|| number|dwnlded|
		---------------------------------------------------------------------
		|      default     |   2   |   2   |   2   |   0   ||   2   |   2   |
		---------------------------------------------------------------------
	:: retrieving :: org.apache.spark#spark-submit-parent-60105ca8-08f8-4c09-aa31-28ab79b96c25
		confs: [default]
		2 artifacts copied, 0 already retrieved (1289kB/7ms)
	24/05/07 14:20:29 WARN NativeCodeLoader: Unable to load native-hadoop library for your platform... using builtin-java classes where applicable
	24/05/07 14:20:30 INFO SparkContext: Running Spark version 3.5.1
	24/05/07 14:20:30 INFO SparkContext: OS info Linux, 6.5.0-28-generic, amd64
	24/05/07 14:20:30 INFO SparkContext: Java version 1.8.0_402
	24/05/07 14:20:30 INFO ResourceUtils: ==============================================================
	24/05/07 14:20:30 INFO ResourceUtils: No custom resources configured for spark.driver.
	24/05/07 14:20:30 INFO ResourceUtils: ==============================================================
	24/05/07 14:20:30 INFO SparkContext: Submitted application: (uniqueness_check)
	24/05/07 14:20:30 INFO ResourceProfile: Default ResourceProfile created, executor resources: Map(cores -> name: cores, amount: 1, script: , vendor: , memory -> name: memory, amount: 1024, script: , vendor: , offHeap -> name: offHeap, amount: 0, script: , vendor: ), task resources: Map(cpus -> name: cpus, amount: 1.0)
[INFO] 2024-05-07 14:20:31.159 +0800 -  -> 
	24/05/07 14:20:30 INFO ResourceProfile: Limiting resource is cpu
	24/05/07 14:20:30 INFO ResourceProfileManager: Added ResourceProfile id: 0
	24/05/07 14:20:30 INFO SecurityManager: Changing view acls to: default
	24/05/07 14:20:30 INFO SecurityManager: Changing modify acls to: default
	24/05/07 14:20:30 INFO SecurityManager: Changing view acls groups to: 
	24/05/07 14:20:30 INFO SecurityManager: Changing modify acls groups to: 
	24/05/07 14:20:30 INFO SecurityManager: SecurityManager: authentication disabled; ui acls disabled; users with view permissions: default; groups with view permissions: EMPTY; users with modify permissions: default; groups with modify permissions: EMPTY
	24/05/07 14:20:30 INFO Utils: Successfully started service 'sparkDriver' on port 42103.
	24/05/07 14:20:30 INFO SparkEnv: Registering MapOutputTracker
	24/05/07 14:20:30 INFO SparkEnv: Registering BlockManagerMaster
	24/05/07 14:20:30 INFO BlockManagerMasterEndpoint: Using org.apache.spark.storage.DefaultTopologyMapper for getting topology information
	24/05/07 14:20:30 INFO BlockManagerMasterEndpoint: BlockManagerMasterEndpoint up
	24/05/07 14:20:30 INFO SparkEnv: Registering BlockManagerMasterHeartbeat
	24/05/07 14:20:30 INFO DiskBlockManager: Created local directory at /tmp/blockmgr-6b54834e-6c72-4d60-be97-0d128b7f92ba
	24/05/07 14:20:30 INFO MemoryStore: MemoryStore started with capacity 93.3 MiB
	24/05/07 14:20:30 INFO SparkEnv: Registering OutputCommitCoordinator
	24/05/07 14:20:30 INFO JettyUtils: Start Jetty 0.0.0.0:4040 for SparkUI
	24/05/07 14:20:30 INFO Utils: Successfully started service 'SparkUI' on port 4040.
	24/05/07 14:20:30 INFO SparkContext: Added JAR file:///tmp/jars/org.postgresql_postgresql-42.7.3.jar at spark://a402221cd809:42103/jars/org.postgresql_postgresql-42.7.3.jar with timestamp 1715062830090
	24/05/07 14:20:30 INFO SparkContext: Added JAR file:///tmp/jars/org.checkerframework_checker-qual-3.42.0.jar at spark://a402221cd809:42103/jars/org.checkerframework_checker-qual-3.42.0.jar with timestamp 1715062830090
	24/05/07 14:20:30 INFO SparkContext: Added JAR file:/opt/dolphinscheduler/libs/dolphinscheduler-data-quality-3.2.1.jar at spark://a402221cd809:42103/jars/dolphinscheduler-data-quality-3.2.1.jar with timestamp 1715062830090
	24/05/07 14:20:31 INFO Executor: Starting executor ID driver on host a402221cd809
	24/05/07 14:20:31 INFO Executor: OS info Linux, 6.5.0-28-generic, amd64
	24/05/07 14:20:31 INFO Executor: Java version 1.8.0_402
	24/05/07 14:20:31 INFO Executor: Starting executor with user classpath (userClassPathFirst = false): ''
	24/05/07 14:20:31 INFO Executor: Created or updated repl class loader org.apache.spark.util.MutableURLClassLoader@358ab600 for default.
	24/05/07 14:20:31 INFO Executor: Fetching spark://a402221cd809:42103/jars/dolphinscheduler-data-quality-3.2.1.jar with timestamp 1715062830090
	24/05/07 14:20:31 INFO TransportClientFactory: Successfully created connection to a402221cd809/172.18.1.1:42103 after 35 ms (0 ms spent in bootstraps)
	24/05/07 14:20:31 INFO Utils: Fetching spark://a402221cd809:42103/jars/dolphinscheduler-data-quality-3.2.1.jar to /tmp/spark-a29f0ad0-7fe9-473b-b951-5b66cdc624c6/userFiles-14eaeaaa-8219-4e10-9176-69b195e21020/fetchFileTemp8807851122332177195.tmp
[INFO] 2024-05-07 14:20:32.160 +0800 -  -> 
	24/05/07 14:20:31 INFO Executor: Adding file:/tmp/spark-a29f0ad0-7fe9-473b-b951-5b66cdc624c6/userFiles-14eaeaaa-8219-4e10-9176-69b195e21020/dolphinscheduler-data-quality-3.2.1.jar to class loader default
	24/05/07 14:20:31 INFO Executor: Fetching spark://a402221cd809:42103/jars/org.postgresql_postgresql-42.7.3.jar with timestamp 1715062830090
	24/05/07 14:20:31 INFO Utils: Fetching spark://a402221cd809:42103/jars/org.postgresql_postgresql-42.7.3.jar to /tmp/spark-a29f0ad0-7fe9-473b-b951-5b66cdc624c6/userFiles-14eaeaaa-8219-4e10-9176-69b195e21020/fetchFileTemp6629414056295673367.tmp
	24/05/07 14:20:31 INFO Executor: Adding file:/tmp/spark-a29f0ad0-7fe9-473b-b951-5b66cdc624c6/userFiles-14eaeaaa-8219-4e10-9176-69b195e21020/org.postgresql_postgresql-42.7.3.jar to class loader default
	24/05/07 14:20:31 INFO Executor: Fetching spark://a402221cd809:42103/jars/org.checkerframework_checker-qual-3.42.0.jar with timestamp 1715062830090
	24/05/07 14:20:31 INFO Utils: Fetching spark://a402221cd809:42103/jars/org.checkerframework_checker-qual-3.42.0.jar to /tmp/spark-a29f0ad0-7fe9-473b-b951-5b66cdc624c6/userFiles-14eaeaaa-8219-4e10-9176-69b195e21020/fetchFileTemp6484719165593054315.tmp
	24/05/07 14:20:31 INFO Executor: Adding file:/tmp/spark-a29f0ad0-7fe9-473b-b951-5b66cdc624c6/userFiles-14eaeaaa-8219-4e10-9176-69b195e21020/org.checkerframework_checker-qual-3.42.0.jar to class loader default
	24/05/07 14:20:31 INFO Utils: Successfully started service 'org.apache.spark.network.netty.NettyBlockTransferService' on port 36447.
	24/05/07 14:20:31 INFO NettyBlockTransferService: Server created on a402221cd809:36447
	24/05/07 14:20:31 INFO BlockManager: Using org.apache.spark.storage.RandomBlockReplicationPolicy for block replication policy
	24/05/07 14:20:31 INFO BlockManagerMaster: Registering BlockManager BlockManagerId(driver, a402221cd809, 36447, None)
	24/05/07 14:20:31 INFO BlockManagerMasterEndpoint: Registering block manager a402221cd809:36447 with 93.3 MiB RAM, BlockManagerId(driver, a402221cd809, 36447, None)
	24/05/07 14:20:31 INFO BlockManagerMaster: Registered BlockManager BlockManagerId(driver, a402221cd809, 36447, None)
	24/05/07 14:20:31 INFO BlockManager: Initialized BlockManager: BlockManagerId(driver, a402221cd809, 36447, None)
	24/05/07 14:20:31 INFO SharedState: Setting hive.metastore.warehouse.dir ('null') to the value of spark.sql.warehouse.dir.
	24/05/07 14:20:31 INFO SharedState: Warehouse path is 'file:/tmp/dolphinscheduler/exec/process/default/13001194483488/13520356270336_4/1100/4001/spark-warehouse'.
[INFO] 2024-05-07 14:20:35.165 +0800 -  -> 
	24/05/07 14:20:34 WARN SparkStringUtils: Truncated the string representation of a plan since it was too large. This behavior can be adjusted by setting 'spark.sql.debug.maxToStringFields'.
[INFO] 2024-05-07 14:20:36.167 +0800 -  -> 
	24/05/07 14:20:35 INFO CodeGenerator: Code generated in 273.389225 ms
	24/05/07 14:20:35 INFO DAGScheduler: Registering RDD 2 (save at JdbcWriter.java:87) as input to shuffle 0
	24/05/07 14:20:35 INFO DAGScheduler: Got map stage job 0 (save at JdbcWriter.java:87) with 1 output partitions
	24/05/07 14:20:35 INFO DAGScheduler: Final stage: ShuffleMapStage 0 (save at JdbcWriter.java:87)
	24/05/07 14:20:35 INFO DAGScheduler: Parents of final stage: List()
	24/05/07 14:20:35 INFO DAGScheduler: Missing parents: List()
	24/05/07 14:20:35 INFO DAGScheduler: Submitting ShuffleMapStage 0 (MapPartitionsRDD[2] at save at JdbcWriter.java:87), which has no missing parents
	24/05/07 14:20:35 INFO MemoryStore: Block broadcast_0 stored as values in memory (estimated size 34.8 KiB, free 93.3 MiB)
	24/05/07 14:20:35 INFO MemoryStore: Block broadcast_0_piece0 stored as bytes in memory (estimated size 16.4 KiB, free 93.3 MiB)
	24/05/07 14:20:35 INFO BlockManagerInfo: Added broadcast_0_piece0 in memory on a402221cd809:36447 (size: 16.4 KiB, free: 93.3 MiB)
	24/05/07 14:20:35 INFO SparkContext: Created broadcast 0 from broadcast at DAGScheduler.scala:1585
	24/05/07 14:20:36 INFO DAGScheduler: Submitting 1 missing tasks from ShuffleMapStage 0 (MapPartitionsRDD[2] at save at JdbcWriter.java:87) (first 15 tasks are for partitions Vector(0))
	24/05/07 14:20:36 INFO TaskSchedulerImpl: Adding task set 0.0 with 1 tasks resource profile 0
	24/05/07 14:20:36 INFO TaskSetManager: Starting task 0.0 in stage 0.0 (TID 0) (a402221cd809, executor driver, partition 0, PROCESS_LOCAL, 7878 bytes) 
	24/05/07 14:20:36 INFO Executor: Running task 0.0 in stage 0.0 (TID 0)
[INFO] 2024-05-07 14:20:37.169 +0800 -  -> 
	24/05/07 14:20:36 INFO CodeGenerator: Code generated in 53.326788 ms
	24/05/07 14:20:36 INFO CodeGenerator: Code generated in 13.680941 ms
	24/05/07 14:20:36 INFO CodeGenerator: Code generated in 6.093448 ms
	24/05/07 14:20:36 INFO CodeGenerator: Code generated in 8.038837 ms
	24/05/07 14:20:36 INFO CodeGenerator: Code generated in 6.894049 ms
	24/05/07 14:20:36 INFO JDBCRDD: closed connection
	24/05/07 14:20:36 INFO Executor: Finished task 0.0 in stage 0.0 (TID 0). 2491 bytes result sent to driver
	24/05/07 14:20:36 INFO TaskSetManager: Finished task 0.0 in stage 0.0 (TID 0) in 536 ms on a402221cd809 (executor driver) (1/1)
	24/05/07 14:20:36 INFO TaskSchedulerImpl: Removed TaskSet 0.0, whose tasks have all completed, from pool 
	24/05/07 14:20:36 INFO DAGScheduler: ShuffleMapStage 0 (save at JdbcWriter.java:87) finished in 0.766 s
	24/05/07 14:20:36 INFO DAGScheduler: looking for newly runnable stages
	24/05/07 14:20:36 INFO DAGScheduler: running: Set()
	24/05/07 14:20:36 INFO DAGScheduler: waiting: Set()
	24/05/07 14:20:36 INFO DAGScheduler: failed: Set()
	24/05/07 14:20:36 INFO ShufflePartitionsUtil: For shuffle(0), advisory target size: 67108864, actual target size 1048576, minimum partition size: 1048576
	24/05/07 14:20:36 INFO HashAggregateExec: spark.sql.codegen.aggregate.map.twolevel.enabled is set to true, but current version of codegened fast hashmap does not support this aggregate.
	24/05/07 14:20:36 INFO CodeGenerator: Code generated in 14.049353 ms
	24/05/07 14:20:36 INFO DAGScheduler: Registering RDD 5 (save at JdbcWriter.java:87) as input to shuffle 1
	24/05/07 14:20:36 INFO DAGScheduler: Got map stage job 1 (save at JdbcWriter.java:87) with 1 output partitions
	24/05/07 14:20:36 INFO DAGScheduler: Final stage: ShuffleMapStage 2 (save at JdbcWriter.java:87)
	24/05/07 14:20:36 INFO DAGScheduler: Parents of final stage: List(ShuffleMapStage 1)
	24/05/07 14:20:36 INFO DAGScheduler: Missing parents: List()
	24/05/07 14:20:36 INFO DAGScheduler: Submitting ShuffleMapStage 2 (MapPartitionsRDD[5] at save at JdbcWriter.java:87), which has no missing parents
	24/05/07 14:20:36 INFO MemoryStore: Block broadcast_1 stored as values in memory (estimated size 40.4 KiB, free 93.2 MiB)
	24/05/07 14:20:36 INFO MemoryStore: Block broadcast_1_piece0 stored as bytes in memory (estimated size 19.1 KiB, free 93.2 MiB)
	24/05/07 14:20:36 INFO BlockManagerInfo: Added broadcast_1_piece0 in memory on a402221cd809:36447 (size: 19.1 KiB, free: 93.3 MiB)
	24/05/07 14:20:36 INFO SparkContext: Created broadcast 1 from broadcast at DAGScheduler.scala:1585
	24/05/07 14:20:36 INFO DAGScheduler: Submitting 1 missing tasks from ShuffleMapStage 2 (MapPartitionsRDD[5] at save at JdbcWriter.java:87) (first 15 tasks are for partitions Vector(0))
	24/05/07 14:20:36 INFO TaskSchedulerImpl: Adding task set 2.0 with 1 tasks resource profile 0
	24/05/07 14:20:36 INFO TaskSetManager: Starting task 0.0 in stage 2.0 (TID 1) (a402221cd809, executor driver, partition 0, NODE_LOCAL, 8032 bytes) 
	24/05/07 14:20:36 INFO Executor: Running task 0.0 in stage 2.0 (TID 1)
	24/05/07 14:20:36 INFO ShuffleBlockFetcherIterator: Getting 1 (516.0 B) non-empty blocks including 1 (516.0 B) local and 0 (0.0 B) host-local and 0 (0.0 B) push-merged-local and 0 (0.0 B) remote blocks
	24/05/07 14:20:36 INFO ShuffleBlockFetcherIterator: Started 0 remote fetches in 42 ms
	24/05/07 14:20:36 INFO BlockManagerInfo: Removed broadcast_0_piece0 on a402221cd809:36447 in memory (size: 16.4 KiB, free: 93.3 MiB)
	24/05/07 14:20:36 INFO CodeGenerator: Code generated in 40.990906 ms
	24/05/07 14:20:36 INFO Executor: Finished task 0.0 in stage 2.0 (TID 1). 5463 bytes result sent to driver
	24/05/07 14:20:37 INFO TaskSetManager: Finished task 0.0 in stage 2.0 (TID 1) in 185 ms on a402221cd809 (executor driver) (1/1)
	24/05/07 14:20:37 INFO DAGScheduler: ShuffleMapStage 2 (save at JdbcWriter.java:87) finished in 0.225 s
	24/05/07 14:20:37 INFO DAGScheduler: looking for newly runnable stages
	24/05/07 14:20:37 INFO DAGScheduler: running: Set()
	24/05/07 14:20:37 INFO DAGScheduler: waiting: Set()
	24/05/07 14:20:37 INFO DAGScheduler: failed: Set()
	24/05/07 14:20:37 INFO TaskSchedulerImpl: Removed TaskSet 2.0, whose tasks have all completed, from pool 
	24/05/07 14:20:37 INFO CodeGenerator: Code generated in 27.197554 ms
[INFO] 2024-05-07 14:20:38.171 +0800 -  -> 
	24/05/07 14:20:37 INFO SparkContext: Starting job: save at JdbcWriter.java:87
	24/05/07 14:20:37 INFO DAGScheduler: Got job 2 (save at JdbcWriter.java:87) with 1 output partitions
	24/05/07 14:20:37 INFO DAGScheduler: Final stage: ResultStage 5 (save at JdbcWriter.java:87)
	24/05/07 14:20:37 INFO DAGScheduler: Parents of final stage: List(ShuffleMapStage 4)
	24/05/07 14:20:37 INFO DAGScheduler: Missing parents: List()
	24/05/07 14:20:37 INFO DAGScheduler: Submitting ResultStage 5 (MapPartitionsRDD[10] at save at JdbcWriter.java:87), which has no missing parents
	24/05/07 14:20:37 INFO MemoryStore: Block broadcast_2 stored as values in memory (estimated size 51.1 KiB, free 93.2 MiB)
	24/05/07 14:20:37 INFO MemoryStore: Block broadcast_2_piece0 stored as bytes in memory (estimated size 23.0 KiB, free 93.2 MiB)
	24/05/07 14:20:37 INFO BlockManagerInfo: Added broadcast_2_piece0 in memory on a402221cd809:36447 (size: 23.0 KiB, free: 93.3 MiB)
	24/05/07 14:20:37 INFO SparkContext: Created broadcast 2 from broadcast at DAGScheduler.scala:1585
	24/05/07 14:20:37 INFO DAGScheduler: Submitting 1 missing tasks from ResultStage 5 (MapPartitionsRDD[10] at save at JdbcWriter.java:87) (first 15 tasks are for partitions Vector(0))
	24/05/07 14:20:37 INFO TaskSchedulerImpl: Adding task set 5.0 with 1 tasks resource profile 0
	24/05/07 14:20:37 INFO TaskSetManager: Starting task 0.0 in stage 5.0 (TID 2) (a402221cd809, executor driver, partition 0, NODE_LOCAL, 8043 bytes) 
	24/05/07 14:20:37 INFO Executor: Running task 0.0 in stage 5.0 (TID 2)
	24/05/07 14:20:37 INFO ShuffleBlockFetcherIterator: Getting 1 (60.0 B) non-empty blocks including 1 (60.0 B) local and 0 (0.0 B) host-local and 0 (0.0 B) push-merged-local and 0 (0.0 B) remote blocks
	24/05/07 14:20:37 INFO ShuffleBlockFetcherIterator: Started 0 remote fetches in 0 ms
	24/05/07 14:20:37 INFO CodeGenerator: Code generated in 9.785272 ms
	24/05/07 14:20:37 INFO BlockManagerInfo: Removed broadcast_1_piece0 on a402221cd809:36447 in memory (size: 19.1 KiB, free: 93.3 MiB)
[INFO] 2024-05-07 14:20:39.175 +0800 -  -> 
	24/05/07 14:20:38 INFO CodeGenerator: Code generated in 9.185801 ms
	24/05/07 14:20:38 INFO Executor: Finished task 0.0 in stage 5.0 (TID 2). 6711 bytes result sent to driver
	24/05/07 14:20:38 INFO TaskSetManager: Finished task 0.0 in stage 5.0 (TID 2) in 1288 ms on a402221cd809 (executor driver) (1/1)
	24/05/07 14:20:38 INFO TaskSchedulerImpl: Removed TaskSet 5.0, whose tasks have all completed, from pool 
	24/05/07 14:20:38 INFO DAGScheduler: ResultStage 5 (save at JdbcWriter.java:87) finished in 1.363 s
	24/05/07 14:20:38 INFO DAGScheduler: Job 2 is finished. Cancelling potential speculative or zombie tasks for this job
	24/05/07 14:20:38 INFO TaskSchedulerImpl: Killing all running tasks in stage 5: Stage finished
	24/05/07 14:20:38 INFO DAGScheduler: Job 2 finished: save at JdbcWriter.java:87, took 1.416082 s
	24/05/07 14:20:38 INFO DAGScheduler: Registering RDD 13 (save at JdbcWriter.java:87) as input to shuffle 2
	24/05/07 14:20:38 INFO DAGScheduler: Got map stage job 3 (save at JdbcWriter.java:87) with 1 output partitions
	24/05/07 14:20:38 INFO DAGScheduler: Final stage: ShuffleMapStage 6 (save at JdbcWriter.java:87)
	24/05/07 14:20:38 INFO DAGScheduler: Parents of final stage: List()
	24/05/07 14:20:38 INFO DAGScheduler: Missing parents: List()
	24/05/07 14:20:38 INFO DAGScheduler: Submitting ShuffleMapStage 6 (MapPartitionsRDD[13] at save at JdbcWriter.java:87), which has no missing parents
	24/05/07 14:20:38 INFO MemoryStore: Block broadcast_3 stored as values in memory (estimated size 34.8 KiB, free 93.2 MiB)
	24/05/07 14:20:38 INFO MemoryStore: Block broadcast_3_piece0 stored as bytes in memory (estimated size 16.5 KiB, free 93.2 MiB)
	24/05/07 14:20:38 INFO BlockManagerInfo: Added broadcast_3_piece0 in memory on a402221cd809:36447 (size: 16.5 KiB, free: 93.3 MiB)
	24/05/07 14:20:38 INFO SparkContext: Created broadcast 3 from broadcast at DAGScheduler.scala:1585
	24/05/07 14:20:38 INFO DAGScheduler: Submitting 1 missing tasks from ShuffleMapStage 6 (MapPartitionsRDD[13] at save at JdbcWriter.java:87) (first 15 tasks are for partitions Vector(0))
	24/05/07 14:20:38 INFO TaskSchedulerImpl: Adding task set 6.0 with 1 tasks resource profile 0
	24/05/07 14:20:38 INFO TaskSetManager: Starting task 0.0 in stage 6.0 (TID 3) (a402221cd809, executor driver, partition 0, PROCESS_LOCAL, 7878 bytes) 
	24/05/07 14:20:38 INFO Executor: Running task 0.0 in stage 6.0 (TID 3)
	24/05/07 14:20:38 INFO JDBCRDD: closed connection
	24/05/07 14:20:38 INFO Executor: Finished task 0.0 in stage 6.0 (TID 3). 2448 bytes result sent to driver
	24/05/07 14:20:38 INFO TaskSetManager: Finished task 0.0 in stage 6.0 (TID 3) in 53 ms on a402221cd809 (executor driver) (1/1)
	24/05/07 14:20:38 INFO TaskSchedulerImpl: Removed TaskSet 6.0, whose tasks have all completed, from pool 
	24/05/07 14:20:38 INFO DAGScheduler: ShuffleMapStage 6 (save at JdbcWriter.java:87) finished in 0.089 s
	24/05/07 14:20:38 INFO DAGScheduler: looking for newly runnable stages
	24/05/07 14:20:38 INFO DAGScheduler: running: Set()
	24/05/07 14:20:38 INFO DAGScheduler: waiting: Set()
	24/05/07 14:20:38 INFO DAGScheduler: failed: Set()
	24/05/07 14:20:38 INFO ShufflePartitionsUtil: For shuffle(2), advisory target size: 67108864, actual target size 1048576, minimum partition size: 1048576
	24/05/07 14:20:38 INFO HashAggregateExec: spark.sql.codegen.aggregate.map.twolevel.enabled is set to true, but current version of codegened fast hashmap does not support this aggregate.
	24/05/07 14:20:38 INFO DAGScheduler: Registering RDD 16 (save at JdbcWriter.java:87) as input to shuffle 3
	24/05/07 14:20:38 INFO DAGScheduler: Got map stage job 4 (save at JdbcWriter.java:87) with 1 output partitions
	24/05/07 14:20:38 INFO DAGScheduler: Final stage: ShuffleMapStage 8 (save at JdbcWriter.java:87)
	24/05/07 14:20:38 INFO DAGScheduler: Parents of final stage: List(ShuffleMapStage 7)
	24/05/07 14:20:38 INFO DAGScheduler: Missing parents: List()
	24/05/07 14:20:38 INFO DAGScheduler: Submitting ShuffleMapStage 8 (MapPartitionsRDD[16] at save at JdbcWriter.java:87), which has no missing parents
	24/05/07 14:20:39 INFO MemoryStore: Block broadcast_4 stored as values in memory (estimated size 40.4 KiB, free 93.1 MiB)
	24/05/07 14:20:39 INFO MemoryStore: Block broadcast_4_piece0 stored as bytes in memory (estimated size 19.1 KiB, free 93.1 MiB)
	24/05/07 14:20:39 INFO BlockManagerInfo: Added broadcast_4_piece0 in memory on a402221cd809:36447 (size: 19.1 KiB, free: 93.2 MiB)
	24/05/07 14:20:39 INFO SparkContext: Created broadcast 4 from broadcast at DAGScheduler.scala:1585
	24/05/07 14:20:39 INFO DAGScheduler: Submitting 1 missing tasks from ShuffleMapStage 8 (MapPartitionsRDD[16] at save at JdbcWriter.java:87) (first 15 tasks are for partitions Vector(0))
	24/05/07 14:20:39 INFO TaskSchedulerImpl: Adding task set 8.0 with 1 tasks resource profile 0
	24/05/07 14:20:39 INFO TaskSetManager: Starting task 0.0 in stage 8.0 (TID 4) (a402221cd809, executor driver, partition 0, NODE_LOCAL, 8032 bytes) 
	24/05/07 14:20:39 INFO Executor: Running task 0.0 in stage 8.0 (TID 4)
	24/05/07 14:20:39 INFO ShuffleBlockFetcherIterator: Getting 1 (516.0 B) non-empty blocks including 1 (516.0 B) local and 0 (0.0 B) host-local and 0 (0.0 B) push-merged-local and 0 (0.0 B) remote blocks
	24/05/07 14:20:39 INFO ShuffleBlockFetcherIterator: Started 0 remote fetches in 0 ms
	24/05/07 14:20:39 INFO Executor: Finished task 0.0 in stage 8.0 (TID 4). 5463 bytes result sent to driver
	24/05/07 14:20:39 INFO TaskSetManager: Finished task 0.0 in stage 8.0 (TID 4) in 125 ms on a402221cd809 (executor driver) (1/1)
	24/05/07 14:20:39 INFO TaskSchedulerImpl: Removed TaskSet 8.0, whose tasks have all completed, from pool 
	24/05/07 14:20:39 INFO DAGScheduler: ShuffleMapStage 8 (save at JdbcWriter.java:87) finished in 0.152 s
	24/05/07 14:20:39 INFO DAGScheduler: looking for newly runnable stages
	24/05/07 14:20:39 INFO DAGScheduler: running: Set()
	24/05/07 14:20:39 INFO DAGScheduler: waiting: Set()
	24/05/07 14:20:39 INFO DAGScheduler: failed: Set()
	24/05/07 14:20:39 INFO BlockManagerInfo: Removed broadcast_2_piece0 on a402221cd809:36447 in memory (size: 23.0 KiB, free: 93.3 MiB)
[INFO] 2024-05-07 14:20:40.180 +0800 -  -> 
	24/05/07 14:20:39 INFO BlockManagerInfo: Removed broadcast_3_piece0 on a402221cd809:36447 in memory (size: 16.5 KiB, free: 93.3 MiB)
	24/05/07 14:20:39 INFO CodeGenerator: Code generated in 12.399656 ms
	24/05/07 14:20:39 INFO SparkContext: Starting job: save at JdbcWriter.java:87
	24/05/07 14:20:39 INFO DAGScheduler: Got job 5 (save at JdbcWriter.java:87) with 1 output partitions
	24/05/07 14:20:39 INFO DAGScheduler: Final stage: ResultStage 11 (save at JdbcWriter.java:87)
	24/05/07 14:20:39 INFO DAGScheduler: Parents of final stage: List(ShuffleMapStage 10)
	24/05/07 14:20:39 INFO DAGScheduler: Missing parents: List()
	24/05/07 14:20:39 INFO DAGScheduler: Submitting ResultStage 11 (MapPartitionsRDD[21] at save at JdbcWriter.java:87), which has no missing parents
	24/05/07 14:20:39 INFO MemoryStore: Block broadcast_5 stored as values in memory (estimated size 48.9 KiB, free 93.2 MiB)
	24/05/07 14:20:39 INFO MemoryStore: Block broadcast_5_piece0 stored as bytes in memory (estimated size 22.7 KiB, free 93.2 MiB)
	24/05/07 14:20:39 INFO BlockManagerInfo: Added broadcast_5_piece0 in memory on a402221cd809:36447 (size: 22.7 KiB, free: 93.3 MiB)
	24/05/07 14:20:39 INFO SparkContext: Created broadcast 5 from broadcast at DAGScheduler.scala:1585
	24/05/07 14:20:39 INFO DAGScheduler: Submitting 1 missing tasks from ResultStage 11 (MapPartitionsRDD[21] at save at JdbcWriter.java:87) (first 15 tasks are for partitions Vector(0))
	24/05/07 14:20:39 INFO TaskSchedulerImpl: Adding task set 11.0 with 1 tasks resource profile 0
	24/05/07 14:20:39 INFO TaskSetManager: Starting task 0.0 in stage 11.0 (TID 5) (a402221cd809, executor driver, partition 0, NODE_LOCAL, 8043 bytes) 
	24/05/07 14:20:39 INFO Executor: Running task 0.0 in stage 11.0 (TID 5)
	24/05/07 14:20:39 INFO ShuffleBlockFetcherIterator: Getting 1 (60.0 B) non-empty blocks including 1 (60.0 B) local and 0 (0.0 B) host-local and 0 (0.0 B) push-merged-local and 0 (0.0 B) remote blocks
	24/05/07 14:20:39 INFO ShuffleBlockFetcherIterator: Started 0 remote fetches in 0 ms
	24/05/07 14:20:39 INFO CodeGenerator: Code generated in 9.890018 ms
	24/05/07 14:20:39 INFO CodeGenerator: Code generated in 37.539864 ms
	24/05/07 14:20:39 INFO Executor: Finished task 0.0 in stage 11.0 (TID 5). 6625 bytes result sent to driver
	24/05/07 14:20:39 INFO TaskSetManager: Finished task 0.0 in stage 11.0 (TID 5) in 168 ms on a402221cd809 (executor driver) (1/1)
	24/05/07 14:20:39 INFO TaskSchedulerImpl: Removed TaskSet 11.0, whose tasks have all completed, from pool 
	24/05/07 14:20:39 INFO DAGScheduler: ResultStage 11 (save at JdbcWriter.java:87) finished in 0.202 s
	24/05/07 14:20:39 INFO DAGScheduler: Job 5 is finished. Cancelling potential speculative or zombie tasks for this job
	24/05/07 14:20:39 INFO TaskSchedulerImpl: Killing all running tasks in stage 11: Stage finished
	24/05/07 14:20:39 INFO DAGScheduler: Job 5 finished: save at JdbcWriter.java:87, took 0.221070 s
	24/05/07 14:20:39 INFO DAGScheduler: Registering RDD 24 (csv at BaseFileWriter.java:114) as input to shuffle 4
	24/05/07 14:20:39 INFO DAGScheduler: Got map stage job 6 (csv at BaseFileWriter.java:114) with 1 output partitions
	24/05/07 14:20:39 INFO DAGScheduler: Final stage: ShuffleMapStage 12 (csv at BaseFileWriter.java:114)
	24/05/07 14:20:39 INFO DAGScheduler: Parents of final stage: List()
	24/05/07 14:20:39 INFO DAGScheduler: Missing parents: List()
	24/05/07 14:20:39 INFO DAGScheduler: Submitting ShuffleMapStage 12 (MapPartitionsRDD[24] at csv at BaseFileWriter.java:114), which has no missing parents
	24/05/07 14:20:39 INFO MemoryStore: Block broadcast_6 stored as values in memory (estimated size 34.8 KiB, free 93.1 MiB)
	24/05/07 14:20:39 INFO MemoryStore: Block broadcast_6_piece0 stored as bytes in memory (estimated size 16.5 KiB, free 93.1 MiB)
	24/05/07 14:20:39 INFO BlockManagerInfo: Added broadcast_6_piece0 in memory on a402221cd809:36447 (size: 16.5 KiB, free: 93.2 MiB)
	24/05/07 14:20:39 INFO SparkContext: Created broadcast 6 from broadcast at DAGScheduler.scala:1585
	24/05/07 14:20:39 INFO DAGScheduler: Submitting 1 missing tasks from ShuffleMapStage 12 (MapPartitionsRDD[24] at csv at BaseFileWriter.java:114) (first 15 tasks are for partitions Vector(0))
	24/05/07 14:20:39 INFO TaskSchedulerImpl: Adding task set 12.0 with 1 tasks resource profile 0
	24/05/07 14:20:39 INFO TaskSetManager: Starting task 0.0 in stage 12.0 (TID 6) (a402221cd809, executor driver, partition 0, PROCESS_LOCAL, 7878 bytes) 
	24/05/07 14:20:39 INFO Executor: Running task 0.0 in stage 12.0 (TID 6)
	24/05/07 14:20:39 INFO JDBCRDD: closed connection
	24/05/07 14:20:39 INFO Executor: Finished task 0.0 in stage 12.0 (TID 6). 2448 bytes result sent to driver
	24/05/07 14:20:39 INFO TaskSetManager: Finished task 0.0 in stage 12.0 (TID 6) in 42 ms on a402221cd809 (executor driver) (1/1)
	24/05/07 14:20:39 INFO TaskSchedulerImpl: Removed TaskSet 12.0, whose tasks have all completed, from pool 
	24/05/07 14:20:39 INFO DAGScheduler: ShuffleMapStage 12 (csv at BaseFileWriter.java:114) finished in 0.051 s
	24/05/07 14:20:39 INFO DAGScheduler: looking for newly runnable stages
	24/05/07 14:20:39 INFO DAGScheduler: running: Set()
	24/05/07 14:20:39 INFO DAGScheduler: waiting: Set()
	24/05/07 14:20:39 INFO DAGScheduler: failed: Set()
	24/05/07 14:20:39 INFO ShufflePartitionsUtil: For shuffle(4), advisory target size: 67108864, actual target size 1048576, minimum partition size: 1048576
[INFO] 2024-05-07 14:20:41.185 +0800 -  -> 
	24/05/07 14:20:40 INFO FileOutputCommitter: File Output Committer Algorithm version is 1
	24/05/07 14:20:40 INFO FileOutputCommitter: FileOutputCommitter skip cleanup _temporary folders under output directory:false, ignore cleanup failures: false
	24/05/07 14:20:40 INFO SQLHadoopMapReduceCommitProtocol: Using output committer class org.apache.hadoop.mapreduce.lib.output.FileOutputCommitter
	24/05/07 14:20:40 INFO BlockManagerInfo: Removed broadcast_4_piece0 on a402221cd809:36447 in memory (size: 19.1 KiB, free: 93.3 MiB)
	24/05/07 14:20:40 INFO BlockManagerInfo: Removed broadcast_5_piece0 on a402221cd809:36447 in memory (size: 22.7 KiB, free: 93.3 MiB)
	24/05/07 14:20:40 INFO BlockManagerInfo: Removed broadcast_6_piece0 on a402221cd809:36447 in memory (size: 16.5 KiB, free: 93.3 MiB)
	Exception in thread "main" org.apache.hadoop.security.AccessControlException: Permission denied: user=default, access=WRITE, inode="/":hadoop:supergroup:drwxr-xr-x
		at org.apache.hadoop.hdfs.server.namenode.FSPermissionChecker.check(FSPermissionChecker.java:506)
		at org.apache.hadoop.hdfs.server.namenode.FSPermissionChecker.checkPermission(FSPermissionChecker.java:346)
		at org.apache.hadoop.hdfs.server.namenode.FSPermissionChecker.checkPermissionWithContext(FSPermissionChecker.java:370)
		at org.apache.hadoop.hdfs.server.namenode.FSPermissionChecker.checkPermission(FSPermissionChecker.java:240)
		at org.apache.hadoop.hdfs.server.namenode.FSDirectory.checkPermission(FSDirectory.java:1943)
		at org.apache.hadoop.hdfs.server.namenode.FSDirectory.checkPermission(FSDirectory.java:1927)
		at org.apache.hadoop.hdfs.server.namenode.FSDirectory.checkAncestorAccess(FSDirectory.java:1886)
		at org.apache.hadoop.hdfs.server.namenode.FSDirMkdirOp.mkdirs(FSDirMkdirOp.java:60)
		at org.apache.hadoop.hdfs.server.namenode.FSNamesystem.mkdirs(FSNamesystem.java:3441)
		at org.apache.hadoop.hdfs.server.namenode.NameNodeRpcServer.mkdirs(NameNodeRpcServer.java:1167)
		at org.apache.hadoop.hdfs.protocolPB.ClientNamenodeProtocolServerSideTranslatorPB.mkdirs(ClientNamenodeProtocolServerSideTranslatorPB.java:742)
		at org.apache.hadoop.hdfs.protocol.proto.ClientNamenodeProtocolProtos$ClientNamenodeProtocol$2.callBlockingMethod(ClientNamenodeProtocolProtos.java)
		at org.apache.hadoop.ipc.ProtobufRpcEngine2$Server$ProtoBufRpcInvoker.call(ProtobufRpcEngine2.java:621)
		at org.apache.hadoop.ipc.ProtobufRpcEngine2$Server$ProtoBufRpcInvoker.call(ProtobufRpcEngine2.java:589)
		at org.apache.hadoop.ipc.ProtobufRpcEngine2$Server$ProtoBufRpcInvoker.call(ProtobufRpcEngine2.java:573)
		at org.apache.hadoop.ipc.RPC$Server.call(RPC.java:1227)
		at org.apache.hadoop.ipc.Server$RpcCall.run(Server.java:1094)
		at org.apache.hadoop.ipc.Server$RpcCall.run(Server.java:1017)
		at java.security.AccessController.doPrivileged(Native Method)
		at javax.security.auth.Subject.doAs(Subject.java:422)
		at org.apache.hadoop.security.UserGroupInformation.doAs(UserGroupInformation.java:1899)
		at org.apache.hadoop.ipc.Server$Handler.run(Server.java:3048)
	
		at sun.reflect.NativeConstructorAccessorImpl.newInstance0(Native Method)
		at sun.reflect.NativeConstructorAccessorImpl.newInstance(NativeConstructorAccessorImpl.java:62)
		at sun.reflect.DelegatingConstructorAccessorImpl.newInstance(DelegatingConstructorAccessorImpl.java:45)
		at java.lang.reflect.Constructor.newInstance(Constructor.java:423)
		at org.apache.hadoop.ipc.RemoteException.instantiateException(RemoteException.java:121)
		at org.apache.hadoop.ipc.RemoteException.unwrapRemoteException(RemoteException.java:88)
		at org.apache.hadoop.hdfs.DFSClient.primitiveMkdir(DFSClient.java:2509)
		at org.apache.hadoop.hdfs.DFSClient.mkdirs(DFSClient.java:2483)
		at org.apache.hadoop.hdfs.DistributedFileSystem$27.doCall(DistributedFileSystem.java:1485)
		at org.apache.hadoop.hdfs.DistributedFileSystem$27.doCall(DistributedFileSystem.java:1482)
		at org.apache.hadoop.fs.FileSystemLinkResolver.resolve(FileSystemLinkResolver.java:81)
		at org.apache.hadoop.hdfs.DistributedFileSystem.mkdirsInternal(DistributedFileSystem.java:1499)
		at org.apache.hadoop.hdfs.DistributedFileSystem.mkdirs(DistributedFileSystem.java:1474)
		at org.apache.hadoop.fs.FileSystem.mkdirs(FileSystem.java:2388)
		at org.apache.hadoop.mapreduce.lib.output.FileOutputCommitter.setupJob(FileOutputCommitter.java:356)
		at org.apache.spark.internal.io.HadoopMapReduceCommitProtocol.setupJob(HadoopMapReduceCommitProtocol.scala:188)
		at org.apache.spark.sql.execution.datasources.FileFormatWriter$.writeAndCommit(FileFormatWriter.scala:269)
		at org.apache.spark.sql.execution.datasources.FileFormatWriter$.executeWrite(FileFormatWriter.scala:304)
		at org.apache.spark.sql.execution.datasources.FileFormatWriter$.write(FileFormatWriter.scala:190)
		at org.apache.spark.sql.execution.datasources.InsertIntoHadoopFsRelationCommand.run(InsertIntoHadoopFsRelationCommand.scala:190)
		at org.apache.spark.sql.execution.command.DataWritingCommandExec.sideEffectResult$lzycompute(commands.scala:113)
		at org.apache.spark.sql.execution.command.DataWritingCommandExec.sideEffectResult(commands.scala:111)
		at org.apache.spark.sql.execution.command.DataWritingCommandExec.executeCollect(commands.scala:125)
		at org.apache.spark.sql.execution.adaptive.AdaptiveSparkPlanExec.$anonfun$executeCollect$1(AdaptiveSparkPlanExec.scala:390)
		at org.apache.spark.sql.execution.adaptive.AdaptiveSparkPlanExec.withFinalPlanUpdate(AdaptiveSparkPlanExec.scala:418)
		at org.apache.spark.sql.execution.adaptive.AdaptiveSparkPlanExec.executeCollect(AdaptiveSparkPlanExec.scala:390)
		at org.apache.spark.sql.execution.QueryExecution$$anonfun$eagerlyExecuteCommands$1.$anonfun$applyOrElse$1(QueryExecution.scala:107)
		at org.apache.spark.sql.execution.SQLExecution$.$anonfun$withNewExecutionId$6(SQLExecution.scala:125)
		at org.apache.spark.sql.execution.SQLExecution$.withSQLConfPropagated(SQLExecution.scala:201)
		at org.apache.spark.sql.execution.SQLExecution$.$anonfun$withNewExecutionId$1(SQLExecution.scala:108)
		at org.apache.spark.sql.SparkSession.withActive(SparkSession.scala:900)
		at org.apache.spark.sql.execution.SQLExecution$.withNewExecutionId(SQLExecution.scala:66)
		at org.apache.spark.sql.execution.QueryExecution$$anonfun$eagerlyExecuteCommands$1.applyOrElse(QueryExecution.scala:107)
		at org.apache.spark.sql.execution.QueryExecution$$anonfun$eagerlyExecuteCommands$1.applyOrElse(QueryExecution.scala:98)
		at org.apache.spark.sql.catalyst.trees.TreeNode.$anonfun$transformDownWithPruning$1(TreeNode.scala:461)
		at org.apache.spark.sql.catalyst.trees.CurrentOrigin$.withOrigin(origin.scala:76)
		at org.apache.spark.sql.catalyst.trees.TreeNode.transformDownWithPruning(TreeNode.scala:461)
		at org.apache.spark.sql.catalyst.plans.logical.LogicalPlan.org$apache$spark$sql$catalyst$plans$logical$AnalysisHelper$$super$transformDownWithPruning(LogicalPlan.scala:32)
		at org.apache.spark.sql.catalyst.plans.logical.AnalysisHelper.transformDownWithPruning(AnalysisHelper.scala:267)
		at org.apache.spark.sql.catalyst.plans.logical.AnalysisHelper.transformDownWithPruning$(AnalysisHelper.scala:263)
		at org.apache.spark.sql.catalyst.plans.logical.LogicalPlan.transformDownWithPruning(LogicalPlan.scala:32)
		at org.apache.spark.sql.catalyst.plans.logical.LogicalPlan.transformDownWithPruning(LogicalPlan.scala:32)
		at org.apache.spark.sql.catalyst.trees.TreeNode.transformDown(TreeNode.scala:437)
		at org.apache.spark.sql.execution.QueryExecution.eagerlyExecuteCommands(QueryExecution.scala:98)
		at org.apache.spark.sql.execution.QueryExecution.commandExecuted$lzycompute(QueryExecution.scala:85)
		at org.apache.spark.sql.execution.QueryExecution.commandExecuted(QueryExecution.scala:83)
		at org.apache.spark.sql.execution.QueryExecution.assertCommandExecuted(QueryExecution.scala:142)
		at org.apache.spark.sql.DataFrameWriter.runCommand(DataFrameWriter.scala:859)
		at org.apache.spark.sql.DataFrameWriter.saveToV1Source(DataFrameWriter.scala:388)
		at org.apache.spark.sql.DataFrameWriter.saveInternal(DataFrameWriter.scala:361)
		at org.apache.spark.sql.DataFrameWriter.save(DataFrameWriter.scala:240)
		at org.apache.spark.sql.DataFrameWriter.csv(DataFrameWriter.scala:850)
		at org.apache.dolphinscheduler.data.quality.flow.batch.writer.file.BaseFileWriter.outputImpl(BaseFileWriter.java:114)
		at org.apache.dolphinscheduler.data.quality.flow.batch.writer.file.HdfsFileWriter.write(HdfsFileWriter.java:40)
		at org.apache.dolphinscheduler.data.quality.execution.SparkBatchExecution.executeWriter(SparkBatchExecution.java:132)
		at org.apache.dolphinscheduler.data.quality.execution.SparkBatchExecution.execute(SparkBatchExecution.java:58)
		at org.apache.dolphinscheduler.data.quality.context.DataQualityContext.execute(DataQualityContext.java:62)
		at org.apache.dolphinscheduler.data.quality.DataQualityApplication.main(DataQualityApplication.java:78)
		at sun.reflect.NativeMethodAccessorImpl.invoke0(Native Method)
		at sun.reflect.NativeMethodAccessorImpl.invoke(NativeMethodAccessorImpl.java:62)
		at sun.reflect.DelegatingMethodAccessorImpl.invoke(DelegatingMethodAccessorImpl.java:43)
		at java.lang.reflect.Method.invoke(Method.java:498)
		at org.apache.spark.deploy.JavaMainApplication.start(SparkApplication.scala:52)
		at org.apache.spark.deploy.SparkSubmit.org$apache$spark$deploy$SparkSubmit$$runMain(SparkSubmit.scala:1029)
		at org.apache.spark.deploy.SparkSubmit.doRunMain$1(SparkSubmit.scala:194)
		at org.apache.spark.deploy.SparkSubmit.submit(SparkSubmit.scala:217)
		at org.apache.spark.deploy.SparkSubmit.doSubmit(SparkSubmit.scala:91)
		at org.apache.spark.deploy.SparkSubmit$$anon$2.doSubmit(SparkSubmit.scala:1120)
		at org.apache.spark.deploy.SparkSubmit$.main(SparkSubmit.scala:1129)
		at org.apache.spark.deploy.SparkSubmit.main(SparkSubmit.scala)
	Caused by: org.apache.hadoop.ipc.RemoteException(org.apache.hadoop.security.AccessControlException): Permission denied: user=default, access=WRITE, inode="/":hadoop:supergroup:drwxr-xr-x
		at org.apache.hadoop.hdfs.server.namenode.FSPermissionChecker.check(FSPermissionChecker.java:506)
		at org.apache.hadoop.hdfs.server.namenode.FSPermissionChecker.checkPermission(FSPermissionChecker.java:346)
		at org.apache.hadoop.hdfs.server.namenode.FSPermissionChecker.checkPermissionWithContext(FSPermissionChecker.java:370)
		at org.apache.hadoop.hdfs.server.namenode.FSPermissionChecker.checkPermission(FSPermissionChecker.java:240)
		at org.apache.hadoop.hdfs.server.namenode.FSDirectory.checkPermission(FSDirectory.java:1943)
		at org.apache.hadoop.hdfs.server.namenode.FSDirectory.checkPermission(FSDirectory.java:1927)
		at org.apache.hadoop.hdfs.server.namenode.FSDirectory.checkAncestorAccess(FSDirectory.java:1886)
		at org.apache.hadoop.hdfs.server.namenode.FSDirMkdirOp.mkdirs(FSDirMkdirOp.java:60)
		at org.apache.hadoop.hdfs.server.namenode.FSNamesystem.mkdirs(FSNamesystem.java:3441)
		at org.apache.hadoop.hdfs.server.namenode.NameNodeRpcServer.mkdirs(NameNodeRpcServer.java:1167)
		at org.apache.hadoop.hdfs.protocolPB.ClientNamenodeProtocolServerSideTranslatorPB.mkdirs(ClientNamenodeProtocolServerSideTranslatorPB.java:742)
		at org.apache.hadoop.hdfs.protocol.proto.ClientNamenodeProtocolProtos$ClientNamenodeProtocol$2.callBlockingMethod(ClientNamenodeProtocolProtos.java)
		at org.apache.hadoop.ipc.ProtobufRpcEngine2$Server$ProtoBufRpcInvoker.call(ProtobufRpcEngine2.java:621)
		at org.apache.hadoop.ipc.ProtobufRpcEngine2$Server$ProtoBufRpcInvoker.call(ProtobufRpcEngine2.java:589)
		at org.apache.hadoop.ipc.ProtobufRpcEngine2$Server$ProtoBufRpcInvoker.call(ProtobufRpcEngine2.java:573)
		at org.apache.hadoop.ipc.RPC$Server.call(RPC.java:1227)
		at org.apache.hadoop.ipc.Server$RpcCall.run(Server.java:1094)
		at org.apache.hadoop.ipc.Server$RpcCall.run(Server.java:1017)
		at java.security.AccessController.doPrivileged(Native Method)
		at javax.security.auth.Subject.doAs(Subject.java:422)
		at org.apache.hadoop.security.UserGroupInformation.doAs(UserGroupInformation.java:1899)
		at org.apache.hadoop.ipc.Server$Handler.run(Server.java:3048)
	
		at org.apache.hadoop.ipc.Client.getRpcResponse(Client.java:1612)
		at org.apache.hadoop.ipc.Client.call(Client.java:1558)
		at org.apache.hadoop.ipc.Client.call(Client.java:1455)
		at org.apache.hadoop.ipc.ProtobufRpcEngine2$Invoker.invoke(ProtobufRpcEngine2.java:242)
		at org.apache.hadoop.ipc.ProtobufRpcEngine2$Invoker.invoke(ProtobufRpcEngine2.java:129)
		at com.sun.proxy.$Proxy40.mkdirs(Unknown Source)
		at org.apache.hadoop.hdfs.protocolPB.ClientNamenodeProtocolTranslatorPB.mkdirs(ClientNamenodeProtocolTranslatorPB.java:674)
		at sun.reflect.NativeMethodAccessorImpl.invoke0(Native Method)
		at sun.reflect.NativeMethodAccessorImpl.invoke(NativeMethodAccessorImpl.java:62)
		at sun.reflect.DelegatingMethodAccessorImpl.invoke(DelegatingMethodAccessorImpl.java:43)
		at java.lang.reflect.Method.invoke(Method.java:498)
		at org.apache.hadoop.io.retry.RetryInvocationHandler.invokeMethod(RetryInvocationHandler.java:422)
		at org.apache.hadoop.io.retry.RetryInvocationHandler$Call.invokeMethod(RetryInvocationHandler.java:165)
		at org.apache.hadoop.io.retry.RetryInvocationHandler$Call.invoke(RetryInvocationHandler.java:157)
		at org.apache.hadoop.io.retry.RetryInvocationHandler$Call.invokeOnce(RetryInvocationHandler.java:95)
		at org.apache.hadoop.io.retry.RetryInvocationHandler.invoke(RetryInvocationHandler.java:359)
		at com.sun.proxy.$Proxy41.mkdirs(Unknown Source)
		at org.apache.hadoop.hdfs.DFSClient.primitiveMkdir(DFSClient.java:2507)
		... 63 more
	24/05/07 14:20:40 INFO SparkContext: Invoking stop() from shutdown hook
	24/05/07 14:20:40 INFO SparkContext: SparkContext is stopping with exitCode 0.
	24/05/07 14:20:40 INFO SparkUI: Stopped Spark web UI at http://a402221cd809:4040
	24/05/07 14:20:40 INFO MapOutputTrackerMasterEndpoint: MapOutputTrackerMasterEndpoint stopped!
	24/05/07 14:20:40 INFO MemoryStore: MemoryStore cleared
	24/05/07 14:20:40 INFO BlockManager: BlockManager stopped
	24/05/07 14:20:40 INFO BlockManagerMaster: BlockManagerMaster stopped
	24/05/07 14:20:40 INFO OutputCommitCoordinator$OutputCommitCoordinatorEndpoint: OutputCommitCoordinator stopped!
	24/05/07 14:20:40 INFO SparkContext: Successfully stopped SparkContext
	24/05/07 14:20:40 INFO ShutdownHookManager: Shutdown hook called
	24/05/07 14:20:40 INFO ShutdownHookManager: Deleting directory /tmp/spark-a29f0ad0-7fe9-473b-b951-5b66cdc624c6
	24/05/07 14:20:40 INFO ShutdownHookManager: Deleting directory /tmp/spark-c98438eb-37a8-46d4-97cb-77ac2887e2b6
[INFO] 2024-05-07 14:20:41.191 +0800 - process has exited. execute path:/tmp/dolphinscheduler/exec/process/default/13001194483488/13520356270336_4/1100/4001, processId:103 ,exitStatusCode:1 ,processWaitForStatus:true ,processExitValue:1
[INFO] 2024-05-07 14:20:41.192 +0800 - Start finding appId in /opt/dolphinscheduler/logs/20240507/13520356270336/4/1100/4001.log, fetch way: log 
[INFO] 2024-05-07 14:20:41.195 +0800 - ***********************************************************************************************
[INFO] 2024-05-07 14:20:41.195 +0800 - *********************************  Finalize task instance  ************************************
[INFO] 2024-05-07 14:20:41.195 +0800 - ***********************************************************************************************
[INFO] 2024-05-07 14:20:41.196 +0800 - Upload output files: [] successfully
[INFO] 2024-05-07 14:20:41.204 +0800 - Send task execute status: FAILURE to master : 172.18.1.1:1234
[INFO] 2024-05-07 14:20:41.205 +0800 - Remove the current task execute context from worker cache
[INFO] 2024-05-07 14:20:41.205 +0800 - The current execute mode isn't develop mode, will clear the task execute file: /tmp/dolphinscheduler/exec/process/default/13001194483488/13520356270336_4/1100/4001
[INFO] 2024-05-07 14:20:41.216 +0800 - Success clear the task execute file: /tmp/dolphinscheduler/exec/process/default/13001194483488/13520356270336_4/1100/4001
[INFO] 2024-05-07 14:20:41.220 +0800 - FINALIZE_SESSION
