[INFO] 2024-04-25 15:33:43.567 +0800 - ***********************************************************************************************
[INFO] 2024-04-25 15:33:43.581 +0800 - *********************************  Initialize task context  ***********************************
[INFO] 2024-04-25 15:33:43.581 +0800 - ***********************************************************************************************
[INFO] 2024-04-25 15:33:43.582 +0800 - Begin to initialize task
[INFO] 2024-04-25 15:33:43.582 +0800 - Set task startTime: 1714030423582
[INFO] 2024-04-25 15:33:43.582 +0800 - Set task appId: 656_1768
[INFO] 2024-04-25 15:33:43.582 +0800 - End initialize task {
  "taskInstanceId" : 1768,
  "taskName" : "sentiment anaysis",
  "firstSubmitTime" : 1714030423530,
  "startTime" : 1714030423582,
  "taskType" : "PYTHON",
  "workflowInstanceHost" : "172.18.0.9:5678",
  "host" : "172.18.1.1:1234",
  "logPath" : "/opt/dolphinscheduler/logs/20240425/13386218435520/9/656/1768.log",
  "processId" : 0,
  "processDefineCode" : 13386218435520,
  "processDefineVersion" : 9,
  "processInstanceId" : 656,
  "scheduleTime" : 0,
  "executorId" : 1,
  "cmdTypeIfComplement" : 0,
  "tenantCode" : "default",
  "processDefineId" : 0,
  "projectId" : 0,
  "projectCode" : 13010050770016,
  "taskParams" : "{\"localParams\":[],\"rawScript\":\"from pyspark.sql.functions import udf, split\\nfrom pyspark.sql.types import FloatType , ArrayType, StringType\\nimport nltk\\nfrom nltk.sentiment.vader import SentimentIntensityAnalyzer as SIA\\nfrom pyspark.sql import SparkSession\\n\\n\\n# init Spark session\\nspark = SparkSession.builder \\\\\\n    .appName(\\\"Sentiment Analysis\\\") \\\\\\n    .master(\\\"local\\\") \\\\\\n    .getOrCreate()\\n\\n# download the model\\nnltk.download('vader_lexicon')\\n\\n# init the sentiment analysis object\\nsia = SIA()\\n\\n# define a udf to perform sentiment analysis\\ndef analyze_sentiment(message):\\n    # Perform sentiment analysis\\n    pol_score = sia.polarity_scores(message)\\n    # Return the compound score\\n    return [pol_score['neg'], pol_score['neu'], pol_score['pos'], pol_score['compound']]\\n\\n# message = ${message}\\nmessage = {\\n  \\\"user\\\": \\\"premiumplatinum\\\",\\n  \\\"content\\\": \\\"singapore is bad\\\",\\n  \\\"url\\\": \\\"https://www.reddit.com/r/singapore/comments/1c9itat/21apr2024_orchard_road_camcar_turning_right_into/\\\",\\n  \\\"context\\\": \\\"21apr2024 orchard road camcar turning right into centrepoint get tbone by cyclist\\\",\\n  \\\"score\\\": 131,\\n  \\\"subreddit\\\": \\\"singapore\\\",\\n  \\\"type\\\": \\\"post\\\",\\n  \\\"id\\\": \\\"1c9itat\\\",\\n  \\\"datetime\\\": \\\"2024-04-21 22:10:42\\\"\\n}\\n\\nrdd = spark.sparkContext.parallelize([message])\\ndf = spark.read.json(rdd)\\n\\n# Register the function as a UDF\\nanalyze_sentiment_udf = udf(lambda x:analyze_sentiment(x), ArrayType(FloatType()))\\n\\n# create a new column to temporarily insert the sentiment scores\\ndf = df.withColumn('sentiment_score', analyze_sentiment_udf(df['content']))\\n\\n# split the sentiment_score column into separate columns\\n            \\nsa_reddit_df = df.withColumn(\\\"negative\\\", df[\\\"sentiment_score\\\"][0]) \\\\\\n            .withColumn(\\\"neutral\\\", df[\\\"sentiment_score\\\"][1]) \\\\\\n            .withColumn(\\\"positive\\\", df[\\\"sentiment_score\\\"][2]) \\\\\\n            .withColumn(\\\"compound\\\", df[\\\"sentiment_score\\\"][3]) \\\\\\n            .drop('sentiment_score')  # drop sentiment_score column after splitting\\n\\n# Show the DataFrame with the sentiment scores\\nsa_reddit_df.show()\\n\\n# send to repective kafka topic\\nsa_reddit_json = sa_reddit_df.toJSON().collect()\\n\\n# define the parameters for the kafka broker and topic\\nkafka_params = {\\n    \\\"kafka.bootstrap.servers\\\": \\\"kafka:9092\\\",  # Kafka broker address\\n    \\\"topic\\\": \\\"${output_topic}\\\"  # Kafka topic name\\n}\\n\\n# write data to Kafka\\nspark \\\\\\n    .createDataFrame(sa_reddit_json, StringType()) \\\\\\n    .write \\\\\\n    .format(\\\"kafka\\\") \\\\\\n    .options(**kafka_params) \\\\\\n    .save()\",\"resourceList\":[]}",
  "environmentConfig" : "export SPARK_HOME=/opt/spark-3.5.1-bin-hadoop3\nexport JAVA_HOME=/opt/java/openjdk\nexport PYSPARK_DRIVER_PYTHON=/bin/python3.11\nexport PYTHON_LAUNCHER=/bin/python3.11\nexport NLTK_DATA=/local_storage/nltk_data",
  "prepareParamsMap" : {
    "output_topic" : {
      "prop" : "output_topic",
      "direct" : "IN",
      "type" : "VARCHAR",
      "value" : "reddit_post_sa_topic"
    },
    "system.task.definition.name" : {
      "prop" : "system.task.definition.name",
      "direct" : "IN",
      "type" : "VARCHAR",
      "value" : "sentiment anaysis"
    },
    "system.project.name" : {
      "prop" : "system.project.name",
      "direct" : "IN",
      "type" : "VARCHAR",
      "value" : null
    },
    "REDDIT_HOME" : {
      "prop" : "REDDIT_HOME",
      "direct" : "IN",
      "type" : "VARCHAR",
      "value" : "/local_storage/reddit"
    },
    "input_topic" : {
      "prop" : "input_topic",
      "direct" : "IN",
      "type" : "VARCHAR",
      "value" : "reddit_post_processed_topic"
    },
    "system.biz.curdate" : {
      "prop" : "system.biz.curdate",
      "direct" : "IN",
      "type" : "VARCHAR",
      "value" : "20240425"
    },
    "system.task.instance.id" : {
      "prop" : "system.task.instance.id",
      "direct" : "IN",
      "type" : "VARCHAR",
      "value" : "1768"
    },
    "system.task.definition.code" : {
      "prop" : "system.task.definition.code",
      "direct" : "IN",
      "type" : "VARCHAR",
      "value" : "13386027735104"
    },
    "system.datetime" : {
      "prop" : "system.datetime",
      "direct" : "IN",
      "type" : "VARCHAR",
      "value" : "20240425153343"
    },
    "system.project.code" : {
      "prop" : "system.project.code",
      "direct" : "IN",
      "type" : "VARCHAR",
      "value" : "13010050770016"
    },
    "system.workflow.instance.id" : {
      "prop" : "system.workflow.instance.id",
      "direct" : "IN",
      "type" : "VARCHAR",
      "value" : "656"
    },
    "system.biz.date" : {
      "prop" : "system.biz.date",
      "direct" : "IN",
      "type" : "VARCHAR",
      "value" : "20240424"
    },
    "system.workflow.definition.name" : {
      "prop" : "system.workflow.definition.name",
      "direct" : "IN",
      "type" : "VARCHAR",
      "value" : "sentiment_analysis"
    },
    "system.workflow.definition.code" : {
      "prop" : "system.workflow.definition.code",
      "direct" : "IN",
      "type" : "VARCHAR",
      "value" : "13386218435520"
    }
  },
  "taskAppId" : "656_1768",
  "taskTimeout" : 2147483647,
  "workerGroup" : "default",
  "delayTime" : 0,
  "currentExecutionStatus" : "SUBMITTED_SUCCESS",
  "endTime" : 0,
  "varPool" : "[{\"prop\":\"output_topic\",\"direct\":\"IN\",\"type\":\"VARCHAR\",\"value\":\"reddit_post_sa_topic\"},{\"prop\":\"input_topic\",\"direct\":\"IN\",\"type\":\"VARCHAR\",\"value\":\"reddit_post_processed_topic\"}]",
  "dryRun" : 0,
  "paramsMap" : { },
  "cpuQuota" : -1,
  "memoryMax" : -1,
  "testFlag" : 0,
  "logBufferEnable" : false,
  "dispatchFailTimes" : 0
}
[INFO] 2024-04-25 15:33:43.583 +0800 - ***********************************************************************************************
[INFO] 2024-04-25 15:33:43.583 +0800 - *********************************  Load task instance plugin  *********************************
[INFO] 2024-04-25 15:33:43.583 +0800 - ***********************************************************************************************
[INFO] 2024-04-25 15:33:43.590 +0800 - Send task status RUNNING_EXECUTION master: 172.18.1.1:1234
[INFO] 2024-04-25 15:33:43.591 +0800 - TenantCode: default check successfully
[INFO] 2024-04-25 15:33:43.591 +0800 - WorkflowInstanceExecDir: /tmp/dolphinscheduler/exec/process/default/13010050770016/13386218435520_9/656/1768 check successfully
[INFO] 2024-04-25 15:33:43.591 +0800 - Create TaskChannel: org.apache.dolphinscheduler.plugin.task.python.PythonTaskChannel successfully
[INFO] 2024-04-25 15:33:43.591 +0800 - Download resources successfully: 
ResourceContext(resourceItemMap={})
[INFO] 2024-04-25 15:33:43.592 +0800 - Download upstream files: [] successfully
[INFO] 2024-04-25 15:33:43.592 +0800 - Task plugin instance: PYTHON create successfully
[INFO] 2024-04-25 15:33:43.592 +0800 - Initialize python task params {
  "localParams" : [ ],
  "varPool" : null,
  "rawScript" : "from pyspark.sql.functions import udf, split\nfrom pyspark.sql.types import FloatType , ArrayType, StringType\nimport nltk\nfrom nltk.sentiment.vader import SentimentIntensityAnalyzer as SIA\nfrom pyspark.sql import SparkSession\n\n\n# init Spark session\nspark = SparkSession.builder \\\n    .appName(\"Sentiment Analysis\") \\\n    .master(\"local\") \\\n    .getOrCreate()\n\n# download the model\nnltk.download('vader_lexicon')\n\n# init the sentiment analysis object\nsia = SIA()\n\n# define a udf to perform sentiment analysis\ndef analyze_sentiment(message):\n    # Perform sentiment analysis\n    pol_score = sia.polarity_scores(message)\n    # Return the compound score\n    return [pol_score['neg'], pol_score['neu'], pol_score['pos'], pol_score['compound']]\n\n# message = ${message}\nmessage = {\n  \"user\": \"premiumplatinum\",\n  \"content\": \"singapore is bad\",\n  \"url\": \"https://www.reddit.com/r/singapore/comments/1c9itat/21apr2024_orchard_road_camcar_turning_right_into/\",\n  \"context\": \"21apr2024 orchard road camcar turning right into centrepoint get tbone by cyclist\",\n  \"score\": 131,\n  \"subreddit\": \"singapore\",\n  \"type\": \"post\",\n  \"id\": \"1c9itat\",\n  \"datetime\": \"2024-04-21 22:10:42\"\n}\n\nrdd = spark.sparkContext.parallelize([message])\ndf = spark.read.json(rdd)\n\n# Register the function as a UDF\nanalyze_sentiment_udf = udf(lambda x:analyze_sentiment(x), ArrayType(FloatType()))\n\n# create a new column to temporarily insert the sentiment scores\ndf = df.withColumn('sentiment_score', analyze_sentiment_udf(df['content']))\n\n# split the sentiment_score column into separate columns\n            \nsa_reddit_df = df.withColumn(\"negative\", df[\"sentiment_score\"][0]) \\\n            .withColumn(\"neutral\", df[\"sentiment_score\"][1]) \\\n            .withColumn(\"positive\", df[\"sentiment_score\"][2]) \\\n            .withColumn(\"compound\", df[\"sentiment_score\"][3]) \\\n            .drop('sentiment_score')  # drop sentiment_score column after splitting\n\n# Show the DataFrame with the sentiment scores\nsa_reddit_df.show()\n\n# send to repective kafka topic\nsa_reddit_json = sa_reddit_df.toJSON().collect()\n\n# define the parameters for the kafka broker and topic\nkafka_params = {\n    \"kafka.bootstrap.servers\": \"kafka:9092\",  # Kafka broker address\n    \"topic\": \"${output_topic}\"  # Kafka topic name\n}\n\n# write data to Kafka\nspark \\\n    .createDataFrame(sa_reddit_json, StringType()) \\\n    .write \\\n    .format(\"kafka\") \\\n    .options(**kafka_params) \\\n    .save()",
  "resourceList" : [ ]
}
[INFO] 2024-04-25 15:33:43.592 +0800 - Success initialized task plugin instance successfully
[INFO] 2024-04-25 15:33:43.592 +0800 - Set taskVarPool: [{"prop":"output_topic","direct":"IN","type":"VARCHAR","value":"reddit_post_sa_topic"},{"prop":"input_topic","direct":"IN","type":"VARCHAR","value":"reddit_post_processed_topic"}] successfully
[INFO] 2024-04-25 15:33:43.592 +0800 - ***********************************************************************************************
[INFO] 2024-04-25 15:33:43.592 +0800 - *********************************  Execute task instance  *************************************
[INFO] 2024-04-25 15:33:43.592 +0800 - ***********************************************************************************************
[INFO] 2024-04-25 15:33:43.592 +0800 - raw python script : from pyspark.sql.functions import udf, split
from pyspark.sql.types import FloatType , ArrayType, StringType
import nltk
from nltk.sentiment.vader import SentimentIntensityAnalyzer as SIA
from pyspark.sql import SparkSession


# init Spark session
spark = SparkSession.builder \
    .appName("Sentiment Analysis") \
    .master("local") \
    .getOrCreate()

# download the model
nltk.download('vader_lexicon')

# init the sentiment analysis object
sia = SIA()

# define a udf to perform sentiment analysis
def analyze_sentiment(message):
    # Perform sentiment analysis
    pol_score = sia.polarity_scores(message)
    # Return the compound score
    return [pol_score['neg'], pol_score['neu'], pol_score['pos'], pol_score['compound']]

# message = ${message}
message = {
  "user": "premiumplatinum",
  "content": "singapore is bad",
  "url": "https://www.reddit.com/r/singapore/comments/1c9itat/21apr2024_orchard_road_camcar_turning_right_into/",
  "context": "21apr2024 orchard road camcar turning right into centrepoint get tbone by cyclist",
  "score": 131,
  "subreddit": "singapore",
  "type": "post",
  "id": "1c9itat",
  "datetime": "2024-04-21 22:10:42"
}

rdd = spark.sparkContext.parallelize([message])
df = spark.read.json(rdd)

# Register the function as a UDF
analyze_sentiment_udf = udf(lambda x:analyze_sentiment(x), ArrayType(FloatType()))

# create a new column to temporarily insert the sentiment scores
df = df.withColumn('sentiment_score', analyze_sentiment_udf(df['content']))

# split the sentiment_score column into separate columns
            
sa_reddit_df = df.withColumn("negative", df["sentiment_score"][0]) \
            .withColumn("neutral", df["sentiment_score"][1]) \
            .withColumn("positive", df["sentiment_score"][2]) \
            .withColumn("compound", df["sentiment_score"][3]) \
            .drop('sentiment_score')  # drop sentiment_score column after splitting

# Show the DataFrame with the sentiment scores
sa_reddit_df.show()

# send to repective kafka topic
sa_reddit_json = sa_reddit_df.toJSON().collect()

# define the parameters for the kafka broker and topic
kafka_params = {
    "kafka.bootstrap.servers": "kafka:9092",  # Kafka broker address
    "topic": "${output_topic}"  # Kafka topic name
}

# write data to Kafka
spark \
    .createDataFrame(sa_reddit_json, StringType()) \
    .write \
    .format("kafka") \
    .options(**kafka_params) \
    .save()
[INFO] 2024-04-25 15:33:43.595 +0800 - tenantCode :default, task dir:/tmp/dolphinscheduler/exec/process/default/13010050770016/13386218435520_9/656/1768
[INFO] 2024-04-25 15:33:43.595 +0800 - generate python script file:/tmp/dolphinscheduler/exec/process/default/13010050770016/13386218435520_9/656/1768/py_656_1768.py
[INFO] 2024-04-25 15:33:43.595 +0800 - #-*- encoding=utf8 -*-

from pyspark.sql.functions import udf, split
from pyspark.sql.types import FloatType , ArrayType, StringType
import nltk
from nltk.sentiment.vader import SentimentIntensityAnalyzer as SIA
from pyspark.sql import SparkSession


# init Spark session
spark = SparkSession.builder \
    .appName("Sentiment Analysis") \
    .master("local") \
    .getOrCreate()

# download the model
nltk.download('vader_lexicon')

# init the sentiment analysis object
sia = SIA()

# define a udf to perform sentiment analysis
def analyze_sentiment(message):
    # Perform sentiment analysis
    pol_score = sia.polarity_scores(message)
    # Return the compound score
    return [pol_score['neg'], pol_score['neu'], pol_score['pos'], pol_score['compound']]

# message = ${message}
message = {
  "user": "premiumplatinum",
  "content": "singapore is bad",
  "url": "https://www.reddit.com/r/singapore/comments/1c9itat/21apr2024_orchard_road_camcar_turning_right_into/",
  "context": "21apr2024 orchard road camcar turning right into centrepoint get tbone by cyclist",
  "score": 131,
  "subreddit": "singapore",
  "type": "post",
  "id": "1c9itat",
  "datetime": "2024-04-21 22:10:42"
}

rdd = spark.sparkContext.parallelize([message])
df = spark.read.json(rdd)

# Register the function as a UDF
analyze_sentiment_udf = udf(lambda x:analyze_sentiment(x), ArrayType(FloatType()))

# create a new column to temporarily insert the sentiment scores
df = df.withColumn('sentiment_score', analyze_sentiment_udf(df['content']))

# split the sentiment_score column into separate columns
            
sa_reddit_df = df.withColumn("negative", df["sentiment_score"][0]) \
            .withColumn("neutral", df["sentiment_score"][1]) \
            .withColumn("positive", df["sentiment_score"][2]) \
            .withColumn("compound", df["sentiment_score"][3]) \
            .drop('sentiment_score')  # drop sentiment_score column after splitting

# Show the DataFrame with the sentiment scores
sa_reddit_df.show()

# send to repective kafka topic
sa_reddit_json = sa_reddit_df.toJSON().collect()

# define the parameters for the kafka broker and topic
kafka_params = {
    "kafka.bootstrap.servers": "kafka:9092",  # Kafka broker address
    "topic": "reddit_post_sa_topic"  # Kafka topic name
}

# write data to Kafka
spark \
    .createDataFrame(sa_reddit_json, StringType()) \
    .write \
    .format("kafka") \
    .options(**kafka_params) \
    .save()
[INFO] 2024-04-25 15:33:43.596 +0800 - Final Shell file is: 
[INFO] 2024-04-25 15:33:43.596 +0800 - ****************************** Script Content *****************************************************************
[INFO] 2024-04-25 15:33:43.596 +0800 - #!/bin/bash
BASEDIR=$(cd `dirname $0`; pwd)
cd $BASEDIR
export SPARK_HOME=/opt/spark-3.5.1-bin-hadoop3
export JAVA_HOME=/opt/java/openjdk
export PYSPARK_DRIVER_PYTHON=/bin/python3.11
export PYTHON_LAUNCHER=/bin/python3.11
export NLTK_DATA=/local_storage/nltk_data
${PYTHON_LAUNCHER} /tmp/dolphinscheduler/exec/process/default/13010050770016/13386218435520_9/656/1768/py_656_1768.py
[INFO] 2024-04-25 15:33:43.596 +0800 - ****************************** Script Content *****************************************************************
[INFO] 2024-04-25 15:33:43.596 +0800 - Executing shell command : sudo -u default -i /tmp/dolphinscheduler/exec/process/default/13010050770016/13386218435520_9/656/1768/656_1768.sh
[INFO] 2024-04-25 15:33:43.609 +0800 - process start, process id is: 2949
[INFO] 2024-04-25 15:33:43.609 +0800 -  -> 
	sudo: unable to change directory to /home/default: No such file or directory
[INFO] 2024-04-25 15:33:47.673 +0800 -  -> 
	Setting default log level to "WARN".
	To adjust logging level use sc.setLogLevel(newLevel). For SparkR, use setLogLevel(newLevel).
	24/04/25 15:33:47 WARN NativeCodeLoader: Unable to load native-hadoop library for your platform... using builtin-java classes where applicable
[INFO] 2024-04-25 15:33:50.689 +0800 -  -> 
	[nltk_data] Downloading package vader_lexicon to
	[nltk_data]     /local_storage/nltk_data...
	[nltk_data]   Package vader_lexicon is already up-to-date!
[INFO] 2024-04-25 15:34:01.718 +0800 -  -> 
	
	[Stage 0:>                                                          (0 + 1) / 1]
[INFO] 2024-04-25 15:34:03.733 +0800 -  -> 
	24/04/25 15:34:02 ERROR Executor: Exception in task 0.0 in stage 0.0 (TID 0)
	org.apache.spark.api.python.PythonException: Traceback (most recent call last):
	  File "/opt/spark-3.5.1-bin-hadoop3/python/lib/pyspark.zip/pyspark/worker.py", line 1100, in main
	    raise PySparkRuntimeError(
	pyspark.errors.exceptions.base.PySparkRuntimeError: [PYTHON_VERSION_MISMATCH] Python in worker has different version (3, 10) than that in driver 3.11, PySpark cannot run with different minor versions.
	Please check environment variables PYSPARK_PYTHON and PYSPARK_DRIVER_PYTHON are correctly set.
	
		at org.apache.spark.api.python.BasePythonRunner$ReaderIterator.handlePythonException(PythonRunner.scala:572)
		at org.apache.spark.api.python.PythonRunner$$anon$3.read(PythonRunner.scala:784)
		at org.apache.spark.api.python.PythonRunner$$anon$3.read(PythonRunner.scala:766)
		at org.apache.spark.api.python.BasePythonRunner$ReaderIterator.hasNext(PythonRunner.scala:525)
		at org.apache.spark.InterruptibleIterator.hasNext(InterruptibleIterator.scala:37)
		at scala.collection.Iterator$$anon$10.hasNext(Iterator.scala:460)
		at scala.collection.Iterator$$anon$10.hasNext(Iterator.scala:460)
		at org.apache.spark.sql.catalyst.expressions.GeneratedClass$GeneratedIteratorForCodegenStage1.processNext(Unknown Source)
		at org.apache.spark.sql.execution.BufferedRowIterator.hasNext(BufferedRowIterator.java:43)
		at org.apache.spark.sql.execution.WholeStageCodegenEvaluatorFactory$WholeStageCodegenPartitionEvaluator$$anon$1.hasNext(WholeStageCodegenEvaluatorFactory.scala:43)
		at scala.collection.Iterator$$anon$11.hasNext(Iterator.scala:491)
		at scala.collection.Iterator.isEmpty(Iterator.scala:387)
		at scala.collection.Iterator.isEmpty$(Iterator.scala:387)
		at scala.collection.AbstractIterator.isEmpty(Iterator.scala:1431)
		at scala.collection.TraversableOnce.reduceLeftOption(TraversableOnce.scala:249)
		at scala.collection.TraversableOnce.reduceLeftOption$(TraversableOnce.scala:248)
		at scala.collection.AbstractIterator.reduceLeftOption(Iterator.scala:1431)
		at scala.collection.TraversableOnce.reduceOption(TraversableOnce.scala:256)
		at scala.collection.TraversableOnce.reduceOption$(TraversableOnce.scala:256)
		at scala.collection.AbstractIterator.reduceOption(Iterator.scala:1431)
		at org.apache.spark.sql.catalyst.json.JsonInferSchema.$anonfun$infer$1(JsonInferSchema.scala:107)
		at org.apache.spark.rdd.RDD.$anonfun$mapPartitions$2(RDD.scala:858)
		at org.apache.spark.rdd.RDD.$anonfun$mapPartitions$2$adapted(RDD.scala:858)
		at org.apache.spark.rdd.MapPartitionsRDD.compute(MapPartitionsRDD.scala:52)
		at org.apache.spark.rdd.RDD.computeOrReadCheckpoint(RDD.scala:367)
		at org.apache.spark.rdd.RDD.iterator(RDD.scala:331)
		at org.apache.spark.scheduler.ResultTask.runTask(ResultTask.scala:93)
		at org.apache.spark.TaskContext.runTaskWithListeners(TaskContext.scala:166)
		at org.apache.spark.scheduler.Task.run(Task.scala:141)
		at org.apache.spark.executor.Executor$TaskRunner.$anonfun$run$4(Executor.scala:620)
		at org.apache.spark.util.SparkErrorUtils.tryWithSafeFinally(SparkErrorUtils.scala:64)
		at org.apache.spark.util.SparkErrorUtils.tryWithSafeFinally$(SparkErrorUtils.scala:61)
		at org.apache.spark.util.Utils$.tryWithSafeFinally(Utils.scala:94)
		at org.apache.spark.executor.Executor$TaskRunner.run(Executor.scala:623)
		at java.util.concurrent.ThreadPoolExecutor.runWorker(ThreadPoolExecutor.java:1149)
		at java.util.concurrent.ThreadPoolExecutor$Worker.run(ThreadPoolExecutor.java:624)
		at java.lang.Thread.run(Thread.java:750)
	24/04/25 15:34:02 WARN TaskSetManager: Lost task 0.0 in stage 0.0 (TID 0) (15dedf891bed executor driver): org.apache.spark.api.python.PythonException: Traceback (most recent call last):
	  File "/opt/spark-3.5.1-bin-hadoop3/python/lib/pyspark.zip/pyspark/worker.py", line 1100, in main
	    raise PySparkRuntimeError(
	pyspark.errors.exceptions.base.PySparkRuntimeError: [PYTHON_VERSION_MISMATCH] Python in worker has different version (3, 10) than that in driver 3.11, PySpark cannot run with different minor versions.
	Please check environment variables PYSPARK_PYTHON and PYSPARK_DRIVER_PYTHON are correctly set.
	
		at org.apache.spark.api.python.BasePythonRunner$ReaderIterator.handlePythonException(PythonRunner.scala:572)
		at org.apache.spark.api.python.PythonRunner$$anon$3.read(PythonRunner.scala:784)
		at org.apache.spark.api.python.PythonRunner$$anon$3.read(PythonRunner.scala:766)
		at org.apache.spark.api.python.BasePythonRunner$ReaderIterator.hasNext(PythonRunner.scala:525)
		at org.apache.spark.InterruptibleIterator.hasNext(InterruptibleIterator.scala:37)
		at scala.collection.Iterator$$anon$10.hasNext(Iterator.scala:460)
		at scala.collection.Iterator$$anon$10.hasNext(Iterator.scala:460)
		at org.apache.spark.sql.catalyst.expressions.GeneratedClass$GeneratedIteratorForCodegenStage1.processNext(Unknown Source)
		at org.apache.spark.sql.execution.BufferedRowIterator.hasNext(BufferedRowIterator.java:43)
		at org.apache.spark.sql.execution.WholeStageCodegenEvaluatorFactory$WholeStageCodegenPartitionEvaluator$$anon$1.hasNext(WholeStageCodegenEvaluatorFactory.scala:43)
		at scala.collection.Iterator$$anon$11.hasNext(Iterator.scala:491)
		at scala.collection.Iterator.isEmpty(Iterator.scala:387)
		at scala.collection.Iterator.isEmpty$(Iterator.scala:387)
		at scala.collection.AbstractIterator.isEmpty(Iterator.scala:1431)
		at scala.collection.TraversableOnce.reduceLeftOption(TraversableOnce.scala:249)
		at scala.collection.TraversableOnce.reduceLeftOption$(TraversableOnce.scala:248)
		at scala.collection.AbstractIterator.reduceLeftOption(Iterator.scala:1431)
		at scala.collection.TraversableOnce.reduceOption(TraversableOnce.scala:256)
		at scala.collection.TraversableOnce.reduceOption$(TraversableOnce.scala:256)
		at scala.collection.AbstractIterator.reduceOption(Iterator.scala:1431)
		at org.apache.spark.sql.catalyst.json.JsonInferSchema.$anonfun$infer$1(JsonInferSchema.scala:107)
		at org.apache.spark.rdd.RDD.$anonfun$mapPartitions$2(RDD.scala:858)
		at org.apache.spark.rdd.RDD.$anonfun$mapPartitions$2$adapted(RDD.scala:858)
		at org.apache.spark.rdd.MapPartitionsRDD.compute(MapPartitionsRDD.scala:52)
		at org.apache.spark.rdd.RDD.computeOrReadCheckpoint(RDD.scala:367)
		at org.apache.spark.rdd.RDD.iterator(RDD.scala:331)
		at org.apache.spark.scheduler.ResultTask.runTask(ResultTask.scala:93)
		at org.apache.spark.TaskContext.runTaskWithListeners(TaskContext.scala:166)
		at org.apache.spark.scheduler.Task.run(Task.scala:141)
		at org.apache.spark.executor.Executor$TaskRunner.$anonfun$run$4(Executor.scala:620)
		at org.apache.spark.util.SparkErrorUtils.tryWithSafeFinally(SparkErrorUtils.scala:64)
		at org.apache.spark.util.SparkErrorUtils.tryWithSafeFinally$(SparkErrorUtils.scala:61)
		at org.apache.spark.util.Utils$.tryWithSafeFinally(Utils.scala:94)
		at org.apache.spark.executor.Executor$TaskRunner.run(Executor.scala:623)
		at java.util.concurrent.ThreadPoolExecutor.runWorker(ThreadPoolExecutor.java:1149)
		at java.util.concurrent.ThreadPoolExecutor$Worker.run(ThreadPoolExecutor.java:624)
		at java.lang.Thread.run(Thread.java:750)
	
	24/04/25 15:34:02 ERROR TaskSetManager: Task 0 in stage 0.0 failed 1 times; aborting job
	Traceback (most recent call last):
	  File "/tmp/dolphinscheduler/exec/process/default/13010050770016/13386218435520_9/656/1768/py_656_1768.py", line 43, in <module>
	    df = spark.read.json(rdd)
	         ^^^^^^^^^^^^^^^^^^^^
	  File "/usr/local/lib/python3.11/dist-packages/pyspark/sql/readwriter.py", line 440, in json
	    return self._df(self._jreader.json(jrdd))
	                    ^^^^^^^^^^^^^^^^^^^^^^^^
	  File "/usr/local/lib/python3.11/dist-packages/py4j/java_gateway.py", line 1322, in __call__
	    return_value = get_return_value(
	                   ^^^^^^^^^^^^^^^^^
	  File "/usr/local/lib/python3.11/dist-packages/pyspark/errors/exceptions/captured.py", line 179, in deco
	    return f(*a, **kw)
	           ^^^^^^^^^^^
	  File "/usr/local/lib/python3.11/dist-packages/py4j/protocol.py", line 326, in get_return_value
	    raise Py4JJavaError(
	py4j.protocol.Py4JJavaError: An error occurred while calling o28.json.
	: org.apache.spark.SparkException: Job aborted due to stage failure: Task 0 in stage 0.0 failed 1 times, most recent failure: Lost task 0.0 in stage 0.0 (TID 0) (15dedf891bed executor driver): org.apache.spark.api.python.PythonException: Traceback (most recent call last):
	  File "/opt/spark-3.5.1-bin-hadoop3/python/lib/pyspark.zip/pyspark/worker.py", line 1100, in main
	    raise PySparkRuntimeError(
	pyspark.errors.exceptions.base.PySparkRuntimeError: [PYTHON_VERSION_MISMATCH] Python in worker has different version (3, 10) than that in driver 3.11, PySpark cannot run with different minor versions.
	Please check environment variables PYSPARK_PYTHON and PYSPARK_DRIVER_PYTHON are correctly set.
	
		at org.apache.spark.api.python.BasePythonRunner$ReaderIterator.handlePythonException(PythonRunner.scala:572)
		at org.apache.spark.api.python.PythonRunner$$anon$3.read(PythonRunner.scala:784)
		at org.apache.spark.api.python.PythonRunner$$anon$3.read(PythonRunner.scala:766)
		at org.apache.spark.api.python.BasePythonRunner$ReaderIterator.hasNext(PythonRunner.scala:525)
		at org.apache.spark.InterruptibleIterator.hasNext(InterruptibleIterator.scala:37)
		at scala.collection.Iterator$$anon$10.hasNext(Iterator.scala:460)
		at scala.collection.Iterator$$anon$10.hasNext(Iterator.scala:460)
		at org.apache.spark.sql.catalyst.expressions.GeneratedClass$GeneratedIteratorForCodegenStage1.processNext(Unknown Source)
		at org.apache.spark.sql.execution.BufferedRowIterator.hasNext(BufferedRowIterator.java:43)
		at org.apache.spark.sql.execution.WholeStageCodegenEvaluatorFactory$WholeStageCodegenPartitionEvaluator$$anon$1.hasNext(WholeStageCodegenEvaluatorFactory.scala:43)
		at scala.collection.Iterator$$anon$11.hasNext(Iterator.scala:491)
		at scala.collection.Iterator.isEmpty(Iterator.scala:387)
		at scala.collection.Iterator.isEmpty$(Iterator.scala:387)
		at scala.collection.AbstractIterator.isEmpty(Iterator.scala:1431)
		at scala.collection.TraversableOnce.reduceLeftOption(TraversableOnce.scala:249)
		at scala.collection.TraversableOnce.reduceLeftOption$(TraversableOnce.scala:248)
		at scala.collection.AbstractIterator.reduceLeftOption(Iterator.scala:1431)
		at scala.collection.TraversableOnce.reduceOption(TraversableOnce.scala:256)
		at scala.collection.TraversableOnce.reduceOption$(TraversableOnce.scala:256)
		at scala.collection.AbstractIterator.reduceOption(Iterator.scala:1431)
		at org.apache.spark.sql.catalyst.json.JsonInferSchema.$anonfun$infer$1(JsonInferSchema.scala:107)
		at org.apache.spark.rdd.RDD.$anonfun$mapPartitions$2(RDD.scala:858)
		at org.apache.spark.rdd.RDD.$anonfun$mapPartitions$2$adapted(RDD.scala:858)
		at org.apache.spark.rdd.MapPartitionsRDD.compute(MapPartitionsRDD.scala:52)
		at org.apache.spark.rdd.RDD.computeOrReadCheckpoint(RDD.scala:367)
		at org.apache.spark.rdd.RDD.iterator(RDD.scala:331)
		at org.apache.spark.scheduler.ResultTask.runTask(ResultTask.scala:93)
		at org.apache.spark.TaskContext.runTaskWithListeners(TaskContext.scala:166)
		at org.apache.spark.scheduler.Task.run(Task.scala:141)
		at org.apache.spark.executor.Executor$TaskRunner.$anonfun$run$4(Executor.scala:620)
		at org.apache.spark.util.SparkErrorUtils.tryWithSafeFinally(SparkErrorUtils.scala:64)
		at org.apache.spark.util.SparkErrorUtils.tryWithSafeFinally$(SparkErrorUtils.scala:61)
		at org.apache.spark.util.Utils$.tryWithSafeFinally(Utils.scala:94)
		at org.apache.spark.executor.Executor$TaskRunner.run(Executor.scala:623)
		at java.util.concurrent.ThreadPoolExecutor.runWorker(ThreadPoolExecutor.java:1149)
		at java.util.concurrent.ThreadPoolExecutor$Worker.run(ThreadPoolExecutor.java:624)
		at java.lang.Thread.run(Thread.java:750)
	
	Driver stacktrace:
		at org.apache.spark.scheduler.DAGScheduler.failJobAndIndependentStages(DAGScheduler.scala:2856)
		at org.apache.spark.scheduler.DAGScheduler.$anonfun$abortStage$2(DAGScheduler.scala:2792)
		at org.apache.spark.scheduler.DAGScheduler.$anonfun$abortStage$2$adapted(DAGScheduler.scala:2791)
		at scala.collection.mutable.ResizableArray.foreach(ResizableArray.scala:62)
		at scala.collection.mutable.ResizableArray.foreach$(ResizableArray.scala:55)
		at scala.collection.mutable.ArrayBuffer.foreach(ArrayBuffer.scala:49)
		at org.apache.spark.scheduler.DAGScheduler.abortStage(DAGScheduler.scala:2791)
		at org.apache.spark.scheduler.DAGScheduler.$anonfun$handleTaskSetFailed$1(DAGScheduler.scala:1247)
		at org.apache.spark.scheduler.DAGScheduler.$anonfun$handleTaskSetFailed$1$adapted(DAGScheduler.scala:1247)
		at scala.Option.foreach(Option.scala:407)
		at org.apache.spark.scheduler.DAGScheduler.handleTaskSetFailed(DAGScheduler.scala:1247)
		at org.apache.spark.scheduler.DAGSchedulerEventProcessLoop.doOnReceive(DAGScheduler.scala:3060)
		at org.apache.spark.scheduler.DAGSchedulerEventProcessLoop.onReceive(DAGScheduler.scala:2994)
		at org.apache.spark.scheduler.DAGSchedulerEventProcessLoop.onReceive(DAGScheduler.scala:2983)
		at org.apache.spark.util.EventLoop$$anon$1.run(EventLoop.scala:49)
		at org.apache.spark.scheduler.DAGScheduler.runJob(DAGScheduler.scala:989)
		at org.apache.spark.SparkContext.runJob(SparkContext.scala:2398)
		at org.apache.spark.SparkContext.runJob(SparkContext.scala:2493)
		at org.apache.spark.sql.catalyst.json.JsonInferSchema.infer(JsonInferSchema.scala:120)
		at org.apache.spark.sql.execution.datasources.json.TextInputJsonDataSource$.$anonfun$inferFromDataset$5(JsonDataSource.scala:109)
		at org.apache.spark.sql.execution.SQLExecution$.withSQLConfPropagated(SQLExecution.scala:201)
		at org.apache.spark.sql.execution.datasources.json.TextInputJsonDataSource$.inferFromDataset(JsonDataSource.scala:109)
		at org.apache.spark.sql.DataFrameReader.$anonfun$json$4(DataFrameReader.scala:416)
		at scala.Option.getOrElse(Option.scala:189)
		at org.apache.spark.sql.DataFrameReader.json(DataFrameReader.scala:416)
		at org.apache.spark.sql.DataFrameReader.json(DataFrameReader.scala:391)
		at org.apache.spark.sql.DataFrameReader.json(DataFrameReader.scala:377)
		at sun.reflect.NativeMethodAccessorImpl.invoke0(Native Method)
		at sun.reflect.NativeMethodAccessorImpl.invoke(NativeMethodAccessorImpl.java:62)
		at sun.reflect.DelegatingMethodAccessorImpl.invoke(DelegatingMethodAccessorImpl.java:43)
		at java.lang.reflect.Method.invoke(Method.java:498)
		at py4j.reflection.MethodInvoker.invoke(MethodInvoker.java:244)
		at py4j.reflection.ReflectionEngine.invoke(ReflectionEngine.java:374)
		at py4j.Gateway.invoke(Gateway.java:282)
		at py4j.commands.AbstractCommand.invokeMethod(AbstractCommand.java:132)
		at py4j.commands.CallCommand.execute(CallCommand.java:79)
		at py4j.ClientServerConnection.waitForCommands(ClientServerConnection.java:182)
		at py4j.ClientServerConnection.run(ClientServerConnection.java:106)
		at java.lang.Thread.run(Thread.java:750)
	Caused by: org.apache.spark.api.python.PythonException: Traceback (most recent call last):
	  File "/opt/spark-3.5.1-bin-hadoop3/python/lib/pyspark.zip/pyspark/worker.py", line 1100, in main
	    raise PySparkRuntimeError(
	pyspark.errors.exceptions.base.PySparkRuntimeError: [PYTHON_VERSION_MISMATCH] Python in worker has different version (3, 10) than that in driver 3.11, PySpark cannot run with different minor versions.
	Please check environment variables PYSPARK_PYTHON and PYSPARK_DRIVER_PYTHON are correctly set.
	
		at org.apache.spark.api.python.BasePythonRunner$ReaderIterator.handlePythonException(PythonRunner.scala:572)
		at org.apache.spark.api.python.PythonRunner$$anon$3.read(PythonRunner.scala:784)
		at org.apache.spark.api.python.PythonRunner$$anon$3.read(PythonRunner.scala:766)
		at org.apache.spark.api.python.BasePythonRunner$ReaderIterator.hasNext(PythonRunner.scala:525)
		at org.apache.spark.InterruptibleIterator.hasNext(InterruptibleIterator.scala:37)
		at scala.collection.Iterator$$anon$10.hasNext(Iterator.scala:460)
		at scala.collection.Iterator$$anon$10.hasNext(Iterator.scala:460)
		at org.apache.spark.sql.catalyst.expressions.GeneratedClass$GeneratedIteratorForCodegenStage1.processNext(Unknown Source)
		at org.apache.spark.sql.execution.BufferedRowIterator.hasNext(BufferedRowIterator.java:43)
		at org.apache.spark.sql.execution.WholeStageCodegenEvaluatorFactory$WholeStageCodegenPartitionEvaluator$$anon$1.hasNext(WholeStageCodegenEvaluatorFactory.scala:43)
		at scala.collection.Iterator$$anon$11.hasNext(Iterator.scala:491)
		at scala.collection.Iterator.isEmpty(Iterator.scala:387)
		at scala.collection.Iterator.isEmpty$(Iterator.scala:387)
		at scala.collection.AbstractIterator.isEmpty(Iterator.scala:1431)
		at scala.collection.TraversableOnce.reduceLeftOption(TraversableOnce.scala:249)
		at scala.collection.TraversableOnce.reduceLeftOption$(TraversableOnce.scala:248)
		at scala.collection.AbstractIterator.reduceLeftOption(Iterator.scala:1431)
		at scala.collection.TraversableOnce.reduceOption(TraversableOnce.scala:256)
		at scala.collection.TraversableOnce.reduceOption$(TraversableOnce.scala:256)
		at scala.collection.AbstractIterator.reduceOption(Iterator.scala:1431)
		at org.apache.spark.sql.catalyst.json.JsonInferSchema.$anonfun$infer$1(JsonInferSchema.scala:107)
		at org.apache.spark.rdd.RDD.$anonfun$mapPartitions$2(RDD.scala:858)
		at org.apache.spark.rdd.RDD.$anonfun$mapPartitions$2$adapted(RDD.scala:858)
		at org.apache.spark.rdd.MapPartitionsRDD.compute(MapPartitionsRDD.scala:52)
		at org.apache.spark.rdd.RDD.computeOrReadCheckpoint(RDD.scala:367)
		at org.apache.spark.rdd.RDD.iterator(RDD.scala:331)
		at org.apache.spark.scheduler.ResultTask.runTask(ResultTask.scala:93)
		at org.apache.spark.TaskContext.runTaskWithListeners(TaskContext.scala:166)
		at org.apache.spark.scheduler.Task.run(Task.scala:141)
		at org.apache.spark.executor.Executor$TaskRunner.$anonfun$run$4(Executor.scala:620)
		at org.apache.spark.util.SparkErrorUtils.tryWithSafeFinally(SparkErrorUtils.scala:64)
		at org.apache.spark.util.SparkErrorUtils.tryWithSafeFinally$(SparkErrorUtils.scala:61)
		at org.apache.spark.util.Utils$.tryWithSafeFinally(Utils.scala:94)
		at org.apache.spark.executor.Executor$TaskRunner.run(Executor.scala:623)
		at java.util.concurrent.ThreadPoolExecutor.runWorker(ThreadPoolExecutor.java:1149)
		at java.util.concurrent.ThreadPoolExecutor$Worker.run(ThreadPoolExecutor.java:624)
		... 1 more
	
[INFO] 2024-04-25 15:34:04.737 +0800 - process has exited. execute path:/tmp/dolphinscheduler/exec/process/default/13010050770016/13386218435520_9/656/1768, processId:2949 ,exitStatusCode:1 ,processWaitForStatus:true ,processExitValue:1
[INFO] 2024-04-25 15:34:04.739 +0800 - ***********************************************************************************************
[INFO] 2024-04-25 15:34:04.740 +0800 - *********************************  Finalize task instance  ************************************
[INFO] 2024-04-25 15:34:04.740 +0800 - ***********************************************************************************************
[INFO] 2024-04-25 15:34:04.741 +0800 - Upload output files: [] successfully
[INFO] 2024-04-25 15:34:04.745 +0800 - Send task execute status: FAILURE to master : 172.18.1.1:1234
[INFO] 2024-04-25 15:34:04.745 +0800 - Remove the current task execute context from worker cache
[INFO] 2024-04-25 15:34:04.745 +0800 - The current execute mode isn't develop mode, will clear the task execute file: /tmp/dolphinscheduler/exec/process/default/13010050770016/13386218435520_9/656/1768
[INFO] 2024-04-25 15:34:04.746 +0800 - Success clear the task execute file: /tmp/dolphinscheduler/exec/process/default/13010050770016/13386218435520_9/656/1768
[INFO] 2024-04-25 15:34:04.746 +0800 - FINALIZE_SESSION
