[INFO] 2024-04-09 11:52:08.277 +0800 - ***********************************************************************************************
[INFO] 2024-04-09 11:52:08.282 +0800 - *********************************  Initialize task context  ***********************************
[INFO] 2024-04-09 11:52:08.282 +0800 - ***********************************************************************************************
[INFO] 2024-04-09 11:52:08.282 +0800 - Begin to initialize task
[INFO] 2024-04-09 11:52:08.282 +0800 - Set task startTime: 1712634728282
[INFO] 2024-04-09 11:52:08.282 +0800 - Set task appId: 259_529
[INFO] 2024-04-09 11:52:08.282 +0800 - End initialize task {
  "taskInstanceId" : 529,
  "taskName" : "spark_shell",
  "firstSubmitTime" : 1712634728267,
  "startTime" : 1712634728282,
  "taskType" : "SHELL",
  "workflowInstanceHost" : "172.18.0.5:5678",
  "host" : "172.18.0.7:1234",
  "logPath" : "/opt/dolphinscheduler/logs/20240409/13201021801792/12/259/529.log",
  "processId" : 0,
  "processDefineCode" : 13201021801792,
  "processDefineVersion" : 12,
  "processInstanceId" : 259,
  "scheduleTime" : 0,
  "executorId" : 1,
  "cmdTypeIfComplement" : 0,
  "tenantCode" : "default",
  "processDefineId" : 0,
  "projectId" : 0,
  "projectCode" : 13010050770016,
  "taskParams" : "{\"localParams\":[],\"rawScript\":\"$SPARK_HOME/bin/spark-submit --master local --conf spark.driver.cores=1 --conf spark.driver.memory=512M --conf spark.executor.instances=2 --conf spark.executor.cores=2 --conf spark.executor.memory=2G --name myapple spark-test.py\\n\",\"resourceList\":[{\"id\":null,\"resourceName\":\"file:/dolphinscheduler/default/resources/spark-test.py\",\"res\":null}]}",
  "environmentConfig" : "export SPARK_HOME=/opt/spark-3.5.1-bin-hadoop3\nexport JAVA_HOME=/opt/java/openjdk\nexport HADOOP_CONF_DIR=/opt/hadoop-3.4.0/etc/hadoop",
  "prepareParamsMap" : {
    "system.task.definition.name" : {
      "prop" : "system.task.definition.name",
      "direct" : "IN",
      "type" : "VARCHAR",
      "value" : "spark_shell"
    },
    "system.project.name" : {
      "prop" : "system.project.name",
      "direct" : "IN",
      "type" : "VARCHAR",
      "value" : null
    },
    "system.project.code" : {
      "prop" : "system.project.code",
      "direct" : "IN",
      "type" : "VARCHAR",
      "value" : "13010050770016"
    },
    "system.workflow.instance.id" : {
      "prop" : "system.workflow.instance.id",
      "direct" : "IN",
      "type" : "VARCHAR",
      "value" : "259"
    },
    "system.biz.curdate" : {
      "prop" : "system.biz.curdate",
      "direct" : "IN",
      "type" : "VARCHAR",
      "value" : "20240409"
    },
    "system.biz.date" : {
      "prop" : "system.biz.date",
      "direct" : "IN",
      "type" : "VARCHAR",
      "value" : "20240408"
    },
    "system.task.instance.id" : {
      "prop" : "system.task.instance.id",
      "direct" : "IN",
      "type" : "VARCHAR",
      "value" : "529"
    },
    "system.workflow.definition.name" : {
      "prop" : "system.workflow.definition.name",
      "direct" : "IN",
      "type" : "VARCHAR",
      "value" : "spark"
    },
    "system.task.definition.code" : {
      "prop" : "system.task.definition.code",
      "direct" : "IN",
      "type" : "VARCHAR",
      "value" : "13210058002752"
    },
    "system.workflow.definition.code" : {
      "prop" : "system.workflow.definition.code",
      "direct" : "IN",
      "type" : "VARCHAR",
      "value" : "13201021801792"
    },
    "system.datetime" : {
      "prop" : "system.datetime",
      "direct" : "IN",
      "type" : "VARCHAR",
      "value" : "20240409115208"
    }
  },
  "taskAppId" : "259_529",
  "taskTimeout" : 2147483647,
  "workerGroup" : "default",
  "delayTime" : 0,
  "currentExecutionStatus" : "SUBMITTED_SUCCESS",
  "endTime" : 0,
  "dryRun" : 0,
  "paramsMap" : { },
  "cpuQuota" : -1,
  "memoryMax" : -1,
  "testFlag" : 0,
  "logBufferEnable" : false,
  "dispatchFailTimes" : 0
}
[INFO] 2024-04-09 11:52:08.283 +0800 - ***********************************************************************************************
[INFO] 2024-04-09 11:52:08.283 +0800 - *********************************  Load task instance plugin  *********************************
[INFO] 2024-04-09 11:52:08.283 +0800 - ***********************************************************************************************
[INFO] 2024-04-09 11:52:08.288 +0800 - Send task status RUNNING_EXECUTION master: 172.18.0.7:1234
[INFO] 2024-04-09 11:52:08.288 +0800 - TenantCode: default check successfully
[INFO] 2024-04-09 11:52:08.289 +0800 - WorkflowInstanceExecDir: /tmp/dolphinscheduler/exec/process/default/13010050770016/13201021801792_12/259/529 check successfully
[INFO] 2024-04-09 11:52:08.290 +0800 - Create TaskChannel: org.apache.dolphinscheduler.plugin.task.shell.ShellTaskChannel successfully
[INFO] 2024-04-09 11:52:08.295 +0800 - Download resources successfully: 
ResourceContext(resourceItemMap={file:/dolphinscheduler/default/resources/spark-test.py=ResourceContext.ResourceItem(resourceAbsolutePathInStorage=file:/dolphinscheduler/default/resources/spark-test.py, resourceRelativePath=spark-test.py, resourceAbsolutePathInLocal=/tmp/dolphinscheduler/exec/process/default/13010050770016/13201021801792_12/259/529/spark-test.py)})
[INFO] 2024-04-09 11:52:08.296 +0800 - Download upstream files: [] successfully
[INFO] 2024-04-09 11:52:08.298 +0800 - Task plugin instance: SHELL create successfully
[INFO] 2024-04-09 11:52:08.298 +0800 - Initialize shell task params {
  "localParams" : [ ],
  "varPool" : null,
  "rawScript" : "$SPARK_HOME/bin/spark-submit --master local --conf spark.driver.cores=1 --conf spark.driver.memory=512M --conf spark.executor.instances=2 --conf spark.executor.cores=2 --conf spark.executor.memory=2G --name myapple spark-test.py\n",
  "resourceList" : [ {
    "id" : null,
    "resourceName" : "file:/dolphinscheduler/default/resources/spark-test.py",
    "res" : null
  } ]
}
[INFO] 2024-04-09 11:52:08.298 +0800 - Success initialized task plugin instance successfully
[INFO] 2024-04-09 11:52:08.298 +0800 - Set taskVarPool: null successfully
[INFO] 2024-04-09 11:52:08.299 +0800 - ***********************************************************************************************
[INFO] 2024-04-09 11:52:08.299 +0800 - *********************************  Execute task instance  *************************************
[INFO] 2024-04-09 11:52:08.299 +0800 - ***********************************************************************************************
[INFO] 2024-04-09 11:52:08.299 +0800 - Final Shell file is: 
[INFO] 2024-04-09 11:52:08.300 +0800 - ****************************** Script Content *****************************************************************
[INFO] 2024-04-09 11:52:08.300 +0800 - #!/bin/bash
BASEDIR=$(cd `dirname $0`; pwd)
cd $BASEDIR
export SPARK_HOME=/opt/spark-3.5.1-bin-hadoop3
export JAVA_HOME=/opt/java/openjdk
export HADOOP_CONF_DIR=/opt/hadoop-3.4.0/etc/hadoop
$SPARK_HOME/bin/spark-submit --master local --conf spark.driver.cores=1 --conf spark.driver.memory=512M --conf spark.executor.instances=2 --conf spark.executor.cores=2 --conf spark.executor.memory=2G --name myapple spark-test.py

[INFO] 2024-04-09 11:52:08.301 +0800 - ****************************** Script Content *****************************************************************
[INFO] 2024-04-09 11:52:08.301 +0800 - Executing shell command : sudo -u default -i /tmp/dolphinscheduler/exec/process/default/13010050770016/13201021801792_12/259/529/259_529.sh
[INFO] 2024-04-09 11:52:08.309 +0800 - process start, process id is: 4357
[INFO] 2024-04-09 11:52:09.310 +0800 -  -> 
	sudo: unable to change directory to /home/default: No such file or directory
[INFO] 2024-04-09 11:52:17.328 +0800 -  -> 
	24/04/09 11:52:16 INFO SparkContext: Running Spark version 3.5.1
	24/04/09 11:52:16 INFO SparkContext: OS info Linux, 6.5.0-26-generic, amd64
	24/04/09 11:52:16 INFO SparkContext: Java version 1.8.0_402
	24/04/09 11:52:17 WARN NativeCodeLoader: Unable to load native-hadoop library for your platform... using builtin-java classes where applicable
[INFO] 2024-04-09 11:52:18.330 +0800 -  -> 
	24/04/09 11:52:17 INFO ResourceUtils: ==============================================================
	24/04/09 11:52:17 INFO ResourceUtils: No custom resources configured for spark.driver.
	24/04/09 11:52:17 INFO ResourceUtils: ==============================================================
	24/04/09 11:52:17 INFO SparkContext: Submitted application: My App
	24/04/09 11:52:17 INFO ResourceProfile: Default ResourceProfile created, executor resources: Map(cores -> name: cores, amount: 2, script: , vendor: , memory -> name: memory, amount: 2048, script: , vendor: , offHeap -> name: offHeap, amount: 0, script: , vendor: ), task resources: Map(cpus -> name: cpus, amount: 1.0)
	24/04/09 11:52:17 INFO ResourceProfile: Limiting resource is cpus at 2 tasks per executor
	24/04/09 11:52:17 INFO ResourceProfileManager: Added ResourceProfile id: 0
	24/04/09 11:52:17 INFO SecurityManager: Changing view acls to: default
	24/04/09 11:52:17 INFO SecurityManager: Changing modify acls to: default
	24/04/09 11:52:17 INFO SecurityManager: Changing view acls groups to: 
	24/04/09 11:52:17 INFO SecurityManager: Changing modify acls groups to: 
	24/04/09 11:52:18 INFO SecurityManager: SecurityManager: authentication disabled; ui acls disabled; users with view permissions: default; groups with view permissions: EMPTY; users with modify permissions: default; groups with modify permissions: EMPTY
[INFO] 2024-04-09 11:52:19.333 +0800 -  -> 
	24/04/09 11:52:19 INFO Utils: Successfully started service 'sparkDriver' on port 41271.
[INFO] 2024-04-09 11:52:20.341 +0800 -  -> 
	24/04/09 11:52:19 INFO SparkEnv: Registering MapOutputTracker
	24/04/09 11:52:19 INFO SparkEnv: Registering BlockManagerMaster
	24/04/09 11:52:19 INFO BlockManagerMasterEndpoint: Using org.apache.spark.storage.DefaultTopologyMapper for getting topology information
	24/04/09 11:52:19 INFO BlockManagerMasterEndpoint: BlockManagerMasterEndpoint up
	24/04/09 11:52:19 INFO SparkEnv: Registering BlockManagerMasterHeartbeat
	24/04/09 11:52:20 INFO DiskBlockManager: Created local directory at /tmp/blockmgr-8b800b34-c711-4c31-8896-4aaac2c60e62
[INFO] 2024-04-09 11:52:21.348 +0800 -  -> 
	24/04/09 11:52:20 INFO MemoryStore: MemoryStore started with capacity 93.3 MiB
	24/04/09 11:52:20 INFO SparkEnv: Registering OutputCommitCoordinator
	24/04/09 11:52:21 INFO JettyUtils: Start Jetty 0.0.0.0:4040 for SparkUI
[INFO] 2024-04-09 11:52:22.358 +0800 -  -> 
	24/04/09 11:52:21 INFO Utils: Successfully started service 'SparkUI' on port 4040.
[INFO] 2024-04-09 11:52:23.359 +0800 -  -> 
	24/04/09 11:52:22 INFO Executor: Starting executor ID driver on host 4431102a6ba1
	24/04/09 11:52:22 INFO Executor: OS info Linux, 6.5.0-26-generic, amd64
	24/04/09 11:52:22 INFO Executor: Java version 1.8.0_402
	24/04/09 11:52:22 INFO Executor: Starting executor with user classpath (userClassPathFirst = false): ''
	24/04/09 11:52:22 INFO Executor: Created or updated repl class loader org.apache.spark.util.MutableURLClassLoader@5ea20e7f for default.
	24/04/09 11:52:22 INFO Utils: Successfully started service 'org.apache.spark.network.netty.NettyBlockTransferService' on port 44759.
	24/04/09 11:52:22 INFO NettyBlockTransferService: Server created on 4431102a6ba1:44759
	24/04/09 11:52:22 INFO BlockManager: Using org.apache.spark.storage.RandomBlockReplicationPolicy for block replication policy
	24/04/09 11:52:22 INFO BlockManagerMaster: Registering BlockManager BlockManagerId(driver, 4431102a6ba1, 44759, None)
	24/04/09 11:52:22 INFO BlockManagerMasterEndpoint: Registering block manager 4431102a6ba1:44759 with 93.3 MiB RAM, BlockManagerId(driver, 4431102a6ba1, 44759, None)
	24/04/09 11:52:22 INFO BlockManagerMaster: Registered BlockManager BlockManagerId(driver, 4431102a6ba1, 44759, None)
	24/04/09 11:52:22 INFO BlockManager: Initialized BlockManager: BlockManagerId(driver, 4431102a6ba1, 44759, None)
[INFO] 2024-04-09 11:52:27.367 +0800 -  -> 
	24/04/09 11:52:27 INFO SparkContext: Starting job: sum at /tmp/dolphinscheduler/exec/process/default/13010050770016/13201021801792_12/259/529/spark-test.py:12
	24/04/09 11:52:27 INFO DAGScheduler: Got job 0 (sum at /tmp/dolphinscheduler/exec/process/default/13010050770016/13201021801792_12/259/529/spark-test.py:12) with 1 output partitions
	24/04/09 11:52:27 INFO DAGScheduler: Final stage: ResultStage 0 (sum at /tmp/dolphinscheduler/exec/process/default/13010050770016/13201021801792_12/259/529/spark-test.py:12)
	24/04/09 11:52:27 INFO DAGScheduler: Parents of final stage: List()
	24/04/09 11:52:27 INFO DAGScheduler: Missing parents: List()
	24/04/09 11:52:27 INFO DAGScheduler: Submitting ResultStage 0 (PythonRDD[1] at sum at /tmp/dolphinscheduler/exec/process/default/13010050770016/13201021801792_12/259/529/spark-test.py:12), which has no missing parents
[INFO] 2024-04-09 11:52:28.381 +0800 -  -> 
	24/04/09 11:52:27 INFO MemoryStore: Block broadcast_0 stored as values in memory (estimated size 7.5 KiB, free 93.3 MiB)
	24/04/09 11:52:27 INFO MemoryStore: Block broadcast_0_piece0 stored as bytes in memory (estimated size 4.7 KiB, free 93.3 MiB)
	24/04/09 11:52:28 INFO BlockManagerInfo: Added broadcast_0_piece0 in memory on 4431102a6ba1:44759 (size: 4.7 KiB, free: 93.3 MiB)
	24/04/09 11:52:28 INFO SparkContext: Created broadcast 0 from broadcast at DAGScheduler.scala:1585
	24/04/09 11:52:28 INFO DAGScheduler: Submitting 1 missing tasks from ResultStage 0 (PythonRDD[1] at sum at /tmp/dolphinscheduler/exec/process/default/13010050770016/13201021801792_12/259/529/spark-test.py:12) (first 15 tasks are for partitions Vector(0))
	24/04/09 11:52:28 INFO TaskSchedulerImpl: Adding task set 0.0 with 1 tasks resource profile 0
[INFO] 2024-04-09 11:52:29.384 +0800 -  -> 
	24/04/09 11:52:28 INFO TaskSetManager: Starting task 0.0 in stage 0.0 (TID 0) (4431102a6ba1, executor driver, partition 0, PROCESS_LOCAL, 7595 bytes) 
	24/04/09 11:52:28 INFO Executor: Running task 0.0 in stage 0.0 (TID 0)
[INFO] 2024-04-09 11:52:32.392 +0800 -  -> 
	24/04/09 11:52:31 INFO PythonRunner: Times: total = 1505, boot = 1306, init = 199, finish = 0
	24/04/09 11:52:31 INFO Executor: Finished task 0.0 in stage 0.0 (TID 0). 1367 bytes result sent to driver
	24/04/09 11:52:31 INFO TaskSetManager: Finished task 0.0 in stage 0.0 (TID 0) in 3112 ms on 4431102a6ba1 (executor driver) (1/1)
	24/04/09 11:52:31 INFO TaskSchedulerImpl: Removed TaskSet 0.0, whose tasks have all completed, from pool 
	24/04/09 11:52:31 INFO PythonAccumulatorV2: Connected to AccumulatorServer at host: 127.0.0.1 port: 34141
	24/04/09 11:52:31 INFO DAGScheduler: ResultStage 0 (sum at /tmp/dolphinscheduler/exec/process/default/13010050770016/13201021801792_12/259/529/spark-test.py:12) finished in 4.452 s
	24/04/09 11:52:31 INFO DAGScheduler: Job 0 is finished. Cancelling potential speculative or zombie tasks for this job
	24/04/09 11:52:31 INFO TaskSchedulerImpl: Killing all running tasks in stage 0: Stage finished
	24/04/09 11:52:31 INFO DAGScheduler: Job 0 finished: sum at /tmp/dolphinscheduler/exec/process/default/13010050770016/13201021801792_12/259/529/spark-test.py:12, took 4.749292 s
	THE SUM IS HERE:  4950
	24/04/09 11:52:31 INFO SparkContext: SparkContext is stopping with exitCode 0.
	24/04/09 11:52:31 INFO SparkUI: Stopped Spark web UI at http://4431102a6ba1:4040
	24/04/09 11:52:32 INFO MapOutputTrackerMasterEndpoint: MapOutputTrackerMasterEndpoint stopped!
	24/04/09 11:52:32 INFO MemoryStore: MemoryStore cleared
	24/04/09 11:52:32 INFO BlockManager: BlockManager stopped
	24/04/09 11:52:32 INFO BlockManagerMaster: BlockManagerMaster stopped
	24/04/09 11:52:32 INFO OutputCommitCoordinator$OutputCommitCoordinatorEndpoint: OutputCommitCoordinator stopped!
	24/04/09 11:52:32 INFO SparkContext: Successfully stopped SparkContext
[INFO] 2024-04-09 11:52:33.396 +0800 -  -> 
	24/04/09 11:52:32 INFO ShutdownHookManager: Shutdown hook called
	24/04/09 11:52:32 INFO ShutdownHookManager: Deleting directory /tmp/spark-e38b3f92-03f0-496c-9e6a-d7f863d4ef0b/pyspark-a027ceef-bdd0-498a-bc7f-b174bfed24ea
	24/04/09 11:52:32 INFO ShutdownHookManager: Deleting directory /tmp/spark-e38b3f92-03f0-496c-9e6a-d7f863d4ef0b
	24/04/09 11:52:32 INFO ShutdownHookManager: Deleting directory /tmp/spark-c01696c8-8f6b-47f9-b337-42b3d1199cc0
[INFO] 2024-04-09 11:52:33.397 +0800 - process has exited. execute path:/tmp/dolphinscheduler/exec/process/default/13010050770016/13201021801792_12/259/529, processId:4357 ,exitStatusCode:0 ,processWaitForStatus:true ,processExitValue:0
[INFO] 2024-04-09 11:52:33.399 +0800 - ***********************************************************************************************
[INFO] 2024-04-09 11:52:33.400 +0800 - *********************************  Finalize task instance  ************************************
[INFO] 2024-04-09 11:52:33.400 +0800 - ***********************************************************************************************
[INFO] 2024-04-09 11:52:33.401 +0800 - Upload output files: [] successfully
[INFO] 2024-04-09 11:52:33.415 +0800 - Send task execute status: SUCCESS to master : 172.18.0.7:1234
[INFO] 2024-04-09 11:52:33.416 +0800 - Remove the current task execute context from worker cache
[INFO] 2024-04-09 11:52:33.416 +0800 - The current execute mode isn't develop mode, will clear the task execute file: /tmp/dolphinscheduler/exec/process/default/13010050770016/13201021801792_12/259/529
[INFO] 2024-04-09 11:52:33.419 +0800 - Success clear the task execute file: /tmp/dolphinscheduler/exec/process/default/13010050770016/13201021801792_12/259/529
[INFO] 2024-04-09 11:52:33.419 +0800 - FINALIZE_SESSION
