[INFO] 2024-03-21 19:18:57.997 +0800 - ***********************************************************************************************
[INFO] 2024-03-21 19:18:58.001 +0800 - *********************************  Initialize task context  ***********************************
[INFO] 2024-03-21 19:18:58.002 +0800 - ***********************************************************************************************
[INFO] 2024-03-21 19:18:58.002 +0800 - Begin to initialize task
[INFO] 2024-03-21 19:18:58.003 +0800 - Set task startTime: 1711019938003
[INFO] 2024-03-21 19:18:58.003 +0800 - Set task appId: 12_77
[INFO] 2024-03-21 19:18:58.003 +0800 - End initialize task {
  "taskInstanceId" : 77,
  "taskName" : "sum_of_numbers",
  "firstSubmitTime" : 1711019937983,
  "startTime" : 1711019938003,
  "taskType" : "SHELL",
  "workflowInstanceHost" : "172.19.0.5:5678",
  "host" : "172.19.0.7:1234",
  "logPath" : "/opt/dolphinscheduler/logs/20240321/13002839652640/10/12/77.log",
  "processId" : 0,
  "processDefineCode" : 13002839652640,
  "processDefineVersion" : 10,
  "processInstanceId" : 12,
  "scheduleTime" : 0,
  "executorId" : 1,
  "cmdTypeIfComplement" : 0,
  "tenantCode" : "default",
  "processDefineId" : 0,
  "projectId" : 0,
  "projectCode" : 13001194483488,
  "taskParams" : "{\"localParams\":[{\"prop\":\"sum\",\"direct\":\"OUT\",\"type\":\"INTEGER\",\"value\":\"\"}],\"rawScript\":\"#!/bin/bash\\n\\nnum1=1\\nnum2=1\\n\\n# Calculate the sum\\nsum=$((num1 + num2))\\n\\n# Display the result\\necho \\\"The sum of ${num1} and ${num2} is: ${sum}\\\"\\n\\necho \\\"#{setValue(sum=${sum})}\\\"\",\"resourceList\":[]}",
  "prepareParamsMap" : {
    "system.task.definition.name" : {
      "prop" : "system.task.definition.name",
      "direct" : "IN",
      "type" : "VARCHAR",
      "value" : "sum_of_numbers"
    },
    "system.project.name" : {
      "prop" : "system.project.name",
      "direct" : "IN",
      "type" : "VARCHAR",
      "value" : null
    },
    "system.project.code" : {
      "prop" : "system.project.code",
      "direct" : "IN",
      "type" : "VARCHAR",
      "value" : "13001194483488"
    },
    "system.workflow.instance.id" : {
      "prop" : "system.workflow.instance.id",
      "direct" : "IN",
      "type" : "VARCHAR",
      "value" : "12"
    },
    "system.biz.curdate" : {
      "prop" : "system.biz.curdate",
      "direct" : "IN",
      "type" : "VARCHAR",
      "value" : "20240321"
    },
    "system.biz.date" : {
      "prop" : "system.biz.date",
      "direct" : "IN",
      "type" : "VARCHAR",
      "value" : "20240320"
    },
    "system.task.instance.id" : {
      "prop" : "system.task.instance.id",
      "direct" : "IN",
      "type" : "VARCHAR",
      "value" : "77"
    },
    "system.workflow.definition.name" : {
      "prop" : "system.workflow.definition.name",
      "direct" : "IN",
      "type" : "VARCHAR",
      "value" : "number_sum_task_orchestrator"
    },
    "system.task.definition.code" : {
      "prop" : "system.task.definition.code",
      "direct" : "IN",
      "type" : "VARCHAR",
      "value" : "13002857467552"
    },
    "system.workflow.definition.code" : {
      "prop" : "system.workflow.definition.code",
      "direct" : "IN",
      "type" : "VARCHAR",
      "value" : "13002839652640"
    },
    "system.datetime" : {
      "prop" : "system.datetime",
      "direct" : "IN",
      "type" : "VARCHAR",
      "value" : "20240321191857"
    }
  },
  "taskAppId" : "12_77",
  "taskTimeout" : 2147483647,
  "workerGroup" : "default",
  "delayTime" : 0,
  "currentExecutionStatus" : "SUBMITTED_SUCCESS",
  "endTime" : 0,
  "dryRun" : 0,
  "paramsMap" : { },
  "cpuQuota" : -1,
  "memoryMax" : -1,
  "testFlag" : 0,
  "logBufferEnable" : false,
  "dispatchFailTimes" : 0
}
[INFO] 2024-03-21 19:18:58.004 +0800 - ***********************************************************************************************
[INFO] 2024-03-21 19:18:58.004 +0800 - *********************************  Load task instance plugin  *********************************
[INFO] 2024-03-21 19:18:58.004 +0800 - ***********************************************************************************************
[INFO] 2024-03-21 19:18:58.028 +0800 - Send task status RUNNING_EXECUTION master: 172.19.0.7:1234
[INFO] 2024-03-21 19:18:58.029 +0800 - TenantCode: default check successfully
[INFO] 2024-03-21 19:18:58.029 +0800 - WorkflowInstanceExecDir: /tmp/dolphinscheduler/exec/process/default/13001194483488/13002839652640_10/12/77 check successfully
[INFO] 2024-03-21 19:18:58.030 +0800 - Create TaskChannel: org.apache.dolphinscheduler.plugin.task.shell.ShellTaskChannel successfully
[INFO] 2024-03-21 19:18:58.030 +0800 - Download resources successfully: 
ResourceContext(resourceItemMap={})
[INFO] 2024-03-21 19:18:58.030 +0800 - Download upstream files: [] successfully
[INFO] 2024-03-21 19:18:58.030 +0800 - Task plugin instance: SHELL create successfully
[INFO] 2024-03-21 19:18:58.030 +0800 - Initialize shell task params {
  "localParams" : [ {
    "prop" : "sum",
    "direct" : "OUT",
    "type" : "INTEGER",
    "value" : ""
  } ],
  "varPool" : null,
  "rawScript" : "#!/bin/bash\n\nnum1=1\nnum2=1\n\n# Calculate the sum\nsum=$((num1 + num2))\n\n# Display the result\necho \"The sum of ${num1} and ${num2} is: ${sum}\"\n\necho \"#{setValue(sum=${sum})}\"",
  "resourceList" : [ ]
}
[INFO] 2024-03-21 19:18:58.030 +0800 - Success initialized task plugin instance successfully
[INFO] 2024-03-21 19:18:58.031 +0800 - Set taskVarPool: null successfully
[INFO] 2024-03-21 19:18:58.031 +0800 - ***********************************************************************************************
[INFO] 2024-03-21 19:18:58.031 +0800 - *********************************  Execute task instance  *************************************
[INFO] 2024-03-21 19:18:58.031 +0800 - ***********************************************************************************************
[INFO] 2024-03-21 19:18:58.032 +0800 - Final Shell file is: 
[INFO] 2024-03-21 19:18:58.032 +0800 - ****************************** Script Content *****************************************************************
[INFO] 2024-03-21 19:18:58.032 +0800 - #!/bin/bash
BASEDIR=$(cd `dirname $0`; pwd)
cd $BASEDIR
#!/bin/bash

num1=1
num2=1

# Calculate the sum
sum=$((num1 + num2))

# Display the result
echo "The sum of ${num1} and ${num2} is: ${sum}"

echo "#{setValue(sum=${sum})}"
[INFO] 2024-03-21 19:18:58.032 +0800 - ****************************** Script Content *****************************************************************
[INFO] 2024-03-21 19:18:58.032 +0800 - Executing shell command : sudo -u default -i /tmp/dolphinscheduler/exec/process/default/13001194483488/13002839652640_10/12/77/12_77.sh
[INFO] 2024-03-21 19:18:58.039 +0800 - process start, process id is: 3817
[INFO] 2024-03-21 19:18:59.041 +0800 -  -> 
	sudo: unable to change directory to /home/default: No such file or directory
	The sum of 1 and 1 is: 2
	#{setValue(sum=2)}
[INFO] 2024-03-21 19:18:59.044 +0800 - process has exited. execute path:/tmp/dolphinscheduler/exec/process/default/13001194483488/13002839652640_10/12/77, processId:3817 ,exitStatusCode:0 ,processWaitForStatus:true ,processExitValue:0
[INFO] 2024-03-21 19:18:59.044 +0800 - ***********************************************************************************************
[INFO] 2024-03-21 19:18:59.044 +0800 - *********************************  Finalize task instance  ************************************
[INFO] 2024-03-21 19:18:59.044 +0800 - ***********************************************************************************************
[INFO] 2024-03-21 19:18:59.045 +0800 - Upload output files: [] successfully
[INFO] 2024-03-21 19:18:59.048 +0800 - Send task execute status: SUCCESS to master : 172.19.0.7:1234
[INFO] 2024-03-21 19:18:59.049 +0800 - Remove the current task execute context from worker cache
[INFO] 2024-03-21 19:18:59.049 +0800 - The current execute mode isn't develop mode, will clear the task execute file: /tmp/dolphinscheduler/exec/process/default/13001194483488/13002839652640_10/12/77
[INFO] 2024-03-21 19:18:59.049 +0800 - Success clear the task execute file: /tmp/dolphinscheduler/exec/process/default/13001194483488/13002839652640_10/12/77
[INFO] 2024-03-21 19:18:59.049 +0800 - FINALIZE_SESSION
