[INFO] 2024-04-17 16:47:12.846 +0800 - ***********************************************************************************************
[INFO] 2024-04-17 16:47:12.849 +0800 - *********************************  Initialize task context  ***********************************
[INFO] 2024-04-17 16:47:12.850 +0800 - ***********************************************************************************************
[INFO] 2024-04-17 16:47:12.850 +0800 - Begin to initialize task
[INFO] 2024-04-17 16:47:12.850 +0800 - Set task startTime: 1713343632850
[INFO] 2024-04-17 16:47:12.850 +0800 - Set task appId: 306_680
[INFO] 2024-04-17 16:47:12.850 +0800 - End initialize task {
  "taskInstanceId" : 680,
  "taskName" : "send to kafka test topic",
  "firstSubmitTime" : 1713343632798,
  "startTime" : 1713343632850,
  "taskType" : "SHELL",
  "workflowInstanceHost" : "172.27.0.8:5678",
  "host" : "172.27.0.12:1234",
  "logPath" : "/opt/dolphinscheduler/logs/20240417/13300689577641/5/306/680.log",
  "processId" : 0,
  "processDefineCode" : 13300689577641,
  "processDefineVersion" : 5,
  "processInstanceId" : 306,
  "scheduleTime" : 0,
  "executorId" : 1,
  "cmdTypeIfComplement" : 0,
  "tenantCode" : "default",
  "processDefineId" : 0,
  "projectId" : 0,
  "projectCode" : 13001194483488,
  "taskParams" : "{\"localParams\":[],\"rawScript\":\"#!/bin/bash\\n\\n# Kafka server properties\\nKAFKA_SERVER=kafka:9092  # Change kafka_container_ip to the actual IP address of your Kafka container\\n\\n# Topic to publish to\\nTOPIC=test\\n\\n# Message to publish\\nMESSAGE=${sum}\\n\\n# Path to kafka-console-producer.sh\\nKAFKA_PRODUCER=kafka-console-producer\\n\\n# Publish message to Kafka\\necho \\\"$MESSAGE\\\" | $KAFKA_PRODUCER --broker-list $KAFKA_SERVER --topic $TOPIC\\n\",\"resourceList\":[]}",
  "environmentConfig" : "export PYTHON_LAUNCHER=/bin/python3.11",
  "prepareParamsMap" : {
    "system.task.definition.name" : {
      "prop" : "system.task.definition.name",
      "direct" : "IN",
      "type" : "VARCHAR",
      "value" : "send to kafka test topic"
    },
    "system.project.name" : {
      "prop" : "system.project.name",
      "direct" : "IN",
      "type" : "VARCHAR",
      "value" : null
    },
    "sum" : {
      "prop" : "sum",
      "direct" : "IN",
      "type" : "VARCHAR",
      "value" : "1"
    },
    "system.biz.curdate" : {
      "prop" : "system.biz.curdate",
      "direct" : "IN",
      "type" : "VARCHAR",
      "value" : "20240417"
    },
    "system.task.instance.id" : {
      "prop" : "system.task.instance.id",
      "direct" : "IN",
      "type" : "VARCHAR",
      "value" : "680"
    },
    "system.task.definition.code" : {
      "prop" : "system.task.definition.code",
      "direct" : "IN",
      "type" : "VARCHAR",
      "value" : "13300834796448"
    },
    "system.datetime" : {
      "prop" : "system.datetime",
      "direct" : "IN",
      "type" : "VARCHAR",
      "value" : "20240417164712"
    },
    "system.project.code" : {
      "prop" : "system.project.code",
      "direct" : "IN",
      "type" : "VARCHAR",
      "value" : "13001194483488"
    },
    "system.workflow.instance.id" : {
      "prop" : "system.workflow.instance.id",
      "direct" : "IN",
      "type" : "VARCHAR",
      "value" : "306"
    },
    "num1" : {
      "prop" : "num1",
      "direct" : "IN",
      "type" : "VARCHAR",
      "value" : "0"
    },
    "system.biz.date" : {
      "prop" : "system.biz.date",
      "direct" : "IN",
      "type" : "VARCHAR",
      "value" : "20240416"
    },
    "system.workflow.definition.name" : {
      "prop" : "system.workflow.definition.name",
      "direct" : "IN",
      "type" : "VARCHAR",
      "value" : "kafka test"
    },
    "system.workflow.definition.code" : {
      "prop" : "system.workflow.definition.code",
      "direct" : "IN",
      "type" : "VARCHAR",
      "value" : "13300689577641"
    },
    "num2" : {
      "prop" : "num2",
      "direct" : "IN",
      "type" : "VARCHAR",
      "value" : "1"
    }
  },
  "taskAppId" : "306_680",
  "taskTimeout" : 2147483647,
  "workerGroup" : "default",
  "delayTime" : 0,
  "currentExecutionStatus" : "SUBMITTED_SUCCESS",
  "endTime" : 0,
  "varPool" : "[{\"prop\":\"num1\",\"direct\":\"IN\",\"type\":\"VARCHAR\",\"value\":\"0\"},{\"prop\":\"sum\",\"direct\":\"IN\",\"type\":\"VARCHAR\",\"value\":\"1\"},{\"prop\":\"num2\",\"direct\":\"IN\",\"type\":\"VARCHAR\",\"value\":\"1\"}]",
  "dryRun" : 0,
  "paramsMap" : { },
  "cpuQuota" : -1,
  "memoryMax" : -1,
  "testFlag" : 0,
  "logBufferEnable" : false,
  "dispatchFailTimes" : 0
}
[INFO] 2024-04-17 16:47:12.851 +0800 - ***********************************************************************************************
[INFO] 2024-04-17 16:47:12.852 +0800 - *********************************  Load task instance plugin  *********************************
[INFO] 2024-04-17 16:47:12.852 +0800 - ***********************************************************************************************
[INFO] 2024-04-17 16:47:12.871 +0800 - Send task status RUNNING_EXECUTION master: 172.27.0.12:1234
[INFO] 2024-04-17 16:47:12.872 +0800 - TenantCode: default check successfully
[INFO] 2024-04-17 16:47:12.873 +0800 - WorkflowInstanceExecDir: /tmp/dolphinscheduler/exec/process/default/13001194483488/13300689577641_5/306/680 check successfully
[INFO] 2024-04-17 16:47:12.873 +0800 - Create TaskChannel: org.apache.dolphinscheduler.plugin.task.shell.ShellTaskChannel successfully
[INFO] 2024-04-17 16:47:12.873 +0800 - Download resources successfully: 
ResourceContext(resourceItemMap={})
[INFO] 2024-04-17 16:47:12.873 +0800 - Download upstream files: [] successfully
[INFO] 2024-04-17 16:47:12.880 +0800 - Task plugin instance: SHELL create successfully
[INFO] 2024-04-17 16:47:12.880 +0800 - Initialize shell task params {
  "localParams" : [ ],
  "varPool" : null,
  "rawScript" : "#!/bin/bash\n\n# Kafka server properties\nKAFKA_SERVER=kafka:9092  # Change kafka_container_ip to the actual IP address of your Kafka container\n\n# Topic to publish to\nTOPIC=test\n\n# Message to publish\nMESSAGE=${sum}\n\n# Path to kafka-console-producer.sh\nKAFKA_PRODUCER=kafka-console-producer\n\n# Publish message to Kafka\necho \"$MESSAGE\" | $KAFKA_PRODUCER --broker-list $KAFKA_SERVER --topic $TOPIC\n",
  "resourceList" : [ ]
}
[INFO] 2024-04-17 16:47:12.880 +0800 - Success initialized task plugin instance successfully
[INFO] 2024-04-17 16:47:12.880 +0800 - Set taskVarPool: [{"prop":"num1","direct":"IN","type":"VARCHAR","value":"0"},{"prop":"sum","direct":"IN","type":"VARCHAR","value":"1"},{"prop":"num2","direct":"IN","type":"VARCHAR","value":"1"}] successfully
[INFO] 2024-04-17 16:47:12.881 +0800 - ***********************************************************************************************
[INFO] 2024-04-17 16:47:12.881 +0800 - *********************************  Execute task instance  *************************************
[INFO] 2024-04-17 16:47:12.881 +0800 - ***********************************************************************************************
[INFO] 2024-04-17 16:47:12.881 +0800 - Final Shell file is: 
[INFO] 2024-04-17 16:47:12.882 +0800 - ****************************** Script Content *****************************************************************
[INFO] 2024-04-17 16:47:12.882 +0800 - #!/bin/bash
BASEDIR=$(cd `dirname $0`; pwd)
cd $BASEDIR
export PYTHON_LAUNCHER=/bin/python3.11
#!/bin/bash

# Kafka server properties
KAFKA_SERVER=kafka:9092  # Change kafka_container_ip to the actual IP address of your Kafka container

# Topic to publish to
TOPIC=test

# Message to publish
MESSAGE=1

# Path to kafka-console-producer.sh
KAFKA_PRODUCER=kafka-console-producer

# Publish message to Kafka
echo "$MESSAGE" | $KAFKA_PRODUCER --broker-list $KAFKA_SERVER --topic $TOPIC

[INFO] 2024-04-17 16:47:12.882 +0800 - ****************************** Script Content *****************************************************************
[INFO] 2024-04-17 16:47:12.882 +0800 - Executing shell command : sudo -u default -i /tmp/dolphinscheduler/exec/process/default/13001194483488/13300689577641_5/306/680/306_680.sh
[INFO] 2024-04-17 16:47:12.906 +0800 - process start, process id is: 4867
[INFO] 2024-04-17 16:47:12.909 +0800 -  -> 
	sudo: unable to change directory to /home/default: No such file or directory
[INFO] 2024-04-17 16:47:13.922 +0800 -  -> 
	/tmp/dolphinscheduler/exec/process/default/13001194483488/13300689577641_5/306/680/306_680.sh: line 20: kafka-console-producer: command not found
[INFO] 2024-04-17 16:47:13.923 +0800 - process has exited. execute path:/tmp/dolphinscheduler/exec/process/default/13001194483488/13300689577641_5/306/680, processId:4867 ,exitStatusCode:127 ,processWaitForStatus:true ,processExitValue:127
[INFO] 2024-04-17 16:47:13.923 +0800 - ***********************************************************************************************
[INFO] 2024-04-17 16:47:13.925 +0800 - *********************************  Finalize task instance  ************************************
[INFO] 2024-04-17 16:47:13.925 +0800 - ***********************************************************************************************
[INFO] 2024-04-17 16:47:13.925 +0800 - Upload output files: [] successfully
[INFO] 2024-04-17 16:47:13.935 +0800 - Send task execute status: FAILURE to master : 172.27.0.12:1234
[INFO] 2024-04-17 16:47:13.935 +0800 - Remove the current task execute context from worker cache
[INFO] 2024-04-17 16:47:13.935 +0800 - The current execute mode isn't develop mode, will clear the task execute file: /tmp/dolphinscheduler/exec/process/default/13001194483488/13300689577641_5/306/680
[INFO] 2024-04-17 16:47:13.936 +0800 - Success clear the task execute file: /tmp/dolphinscheduler/exec/process/default/13001194483488/13300689577641_5/306/680
[INFO] 2024-04-17 16:47:13.936 +0800 - FINALIZE_SESSION
