[INFO] 2024-05-04 23:00:26.879 +0800 - Submit LogicTask: create sentiment analysis instances to MasterTaskExecutorThreadPool success
[INFO] 2024-05-04 23:00:26.880 +0800 - ***********************************************************************************************
[INFO] 2024-05-04 23:00:26.923 +0800 - *********************************  Initialize task context  ***********************************
[INFO] 2024-05-04 23:00:26.925 +0800 - ***********************************************************************************************
[INFO] 2024-05-04 23:00:26.925 +0800 - Begin to initialize task
[INFO] 2024-05-04 23:00:26.926 +0800 - Set task startTime: 1714834826926
[INFO] 2024-05-04 23:00:26.926 +0800 - Set task appId: 910_2923
[INFO] 2024-05-04 23:00:26.931 +0800 - End initialize task {
  "taskInstanceId" : 2923,
  "taskName" : "create sentiment analysis instances",
  "firstSubmitTime" : 1714834826858,
  "startTime" : 1714834826926,
  "taskType" : "DYNAMIC",
  "workflowInstanceHost" : "172.18.0.11:5678",
  "host" : "172.18.0.11:5678",
  "logPath" : "/opt/dolphinscheduler/logs/20240504/13386933585344/13/910/2923.log",
  "processId" : 0,
  "processDefineCode" : 13386933585344,
  "processDefineVersion" : 13,
  "processInstanceId" : 910,
  "scheduleTime" : 0,
  "globalParams" : "[{\"prop\":\"topics\",\"direct\":\"IN\",\"type\":\"VARCHAR\",\"value\":\"\\\"reddit_post_filtered|reddit_post_sa\\\",\\\"gnews_filtered|gnews_sa\\\"\"}]",
  "executorId" : 1,
  "cmdTypeIfComplement" : 0,
  "tenantCode" : "default",
  "processDefineId" : 0,
  "projectId" : 0,
  "projectCode" : 13010050770016,
  "taskParams" : "{\"localParams\":[],\"resourceList\":[],\"processDefinitionCode\":13386218435520,\"maxNumOfSubWorkflowInstances\":1024,\"degreeOfParallelism\":2,\"filterCondition\":\"\",\"listParameters\":[{\"name\":\"topics\",\"value\":\"${topics}\",\"separator\":\",\",\"disabled\":true}]}",
  "prepareParamsMap" : {
    "GNEWS_HOME" : {
      "prop" : "GNEWS_HOME",
      "direct" : "IN",
      "type" : "VARCHAR",
      "value" : "/local_storage/google_news"
    },
    "system.task.definition.name" : {
      "prop" : "system.task.definition.name",
      "direct" : "IN",
      "type" : "VARCHAR",
      "value" : "create sentiment analysis instances"
    },
    "system.project.name" : {
      "prop" : "system.project.name",
      "direct" : "IN",
      "type" : "VARCHAR",
      "value" : null
    },
    "REDDIT_HOME" : {
      "prop" : "REDDIT_HOME",
      "direct" : "IN",
      "type" : "VARCHAR",
      "value" : "/local_storage/reddit"
    },
    "topics" : {
      "prop" : "topics",
      "direct" : "IN",
      "type" : "VARCHAR",
      "value" : "\"reddit_post_filtered|reddit_post_sa\",\"gnews_filtered|gnews_sa\""
    },
    "system.biz.curdate" : {
      "prop" : "system.biz.curdate",
      "direct" : "IN",
      "type" : "VARCHAR",
      "value" : "20240504"
    },
    "system.task.instance.id" : {
      "prop" : "system.task.instance.id",
      "direct" : "IN",
      "type" : "VARCHAR",
      "value" : "2923"
    },
    "system.task.definition.code" : {
      "prop" : "system.task.definition.code",
      "direct" : "IN",
      "type" : "VARCHAR",
      "value" : "13386894519360"
    },
    "system.datetime" : {
      "prop" : "system.datetime",
      "direct" : "IN",
      "type" : "VARCHAR",
      "value" : "20240504230026"
    },
    "system.project.code" : {
      "prop" : "system.project.code",
      "direct" : "IN",
      "type" : "VARCHAR",
      "value" : "13010050770016"
    },
    "system.workflow.instance.id" : {
      "prop" : "system.workflow.instance.id",
      "direct" : "IN",
      "type" : "VARCHAR",
      "value" : "910"
    },
    "system.biz.date" : {
      "prop" : "system.biz.date",
      "direct" : "IN",
      "type" : "VARCHAR",
      "value" : "20240503"
    },
    "system.workflow.definition.name" : {
      "prop" : "system.workflow.definition.name",
      "direct" : "IN",
      "type" : "VARCHAR",
      "value" : "sentiment_analysis_main"
    },
    "system.workflow.definition.code" : {
      "prop" : "system.workflow.definition.code",
      "direct" : "IN",
      "type" : "VARCHAR",
      "value" : "13386933585344"
    }
  },
  "taskAppId" : "910_2923",
  "taskTimeout" : 2147483647,
  "workerGroup" : "default",
  "delayTime" : 0,
  "currentExecutionStatus" : "SUBMITTED_SUCCESS",
  "endTime" : 0,
  "dryRun" : 0,
  "paramsMap" : { },
  "cpuQuota" : -1,
  "memoryMax" : -1,
  "testFlag" : 0,
  "logBufferEnable" : false,
  "dispatchFailTimes" : 0
}
[INFO] 2024-05-04 23:00:26.963 +0800 - ***********************************************************************************************
[INFO] 2024-05-04 23:00:26.964 +0800 - *********************************  Load task instance plugin  *********************************
[INFO] 2024-05-04 23:00:26.964 +0800 - ***********************************************************************************************
[INFO] 2024-05-04 23:00:26.989 +0800 - Send task status RUNNING_EXECUTION to master 172.18.0.11:5678
[INFO] 2024-05-04 23:00:27.012 +0800 - Success initialize task parameters: 
{
  "localParams" : [ ],
  "varPool" : null,
  "processDefinitionCode" : 13386218435520,
  "maxNumOfSubWorkflowInstances" : 1024,
  "degreeOfParallelism" : 2,
  "filterCondition" : "",
  "listParameters" : [ {
    "name" : "topics",
    "value" : "${topics}",
    "separator" : ","
  } ]
}
[INFO] 2024-05-04 23:00:27.038 +0800 - Initialized task plugin instance: DYNAMIC successfully
[INFO] 2024-05-04 23:00:27.039 +0800 - Initialize taskVarPool: null successfully
[INFO] 2024-05-04 23:00:27.039 +0800 - ***********************************************************************************************
[INFO] 2024-05-04 23:00:27.039 +0800 - *********************************  Execute task instance  *************************************
[INFO] 2024-05-04 23:00:27.039 +0800 - ***********************************************************************************************
[INFO] 2024-05-04 23:00:27.040 +0800 - parameter group size: 2
[INFO] 2024-05-04 23:00:27.042 +0800 - parameter group: {topics="reddit_post_filtered|reddit_post_sa"}
[INFO] 2024-05-04 23:00:27.042 +0800 - parameter group: {topics="gnews_filtered|gnews_sa"}
[INFO] 2024-05-04 23:00:27.083 +0800 - Expected number of runs : 2, actual number of runs : 2
[INFO] 2024-05-04 23:00:27.087 +0800 - insert 2 relation sub workflow
[INFO] 2024-05-04 23:00:27.133 +0800 - There are 2 sub process instances that can be started
[INFO] 2024-05-04 23:00:27.161 +0800 - start sub process instance, sub process instance id: 911, command: Command(id=1345, commandType=DYNAMIC_GENERATION, processDefinitionCode=13386218435520, executorId=1, commandParam={"StartParams":"{\"topics\":\"\\\"reddit_post_filtered|reddit_post_sa\\\",\\\"gnews_filtered|gnews_sa\\\"\"}"}, taskDependType=TASK_POST, failureStrategy=CONTINUE, warningType=NONE, warningGroupId=0, scheduleTime=null, startTime=Sat May 04 23:00:27 GMT+08:00 2024, processInstancePriority=MEDIUM, updateTime=Sat May 04 23:00:27 GMT+08:00 2024, workerGroup=default, tenantCode=null, environmentCode=null, dryRun=0, processInstanceId=911, processDefinitionVersion=20, testFlag=0)
[INFO] 2024-05-04 23:00:27.167 +0800 - start sub process instance, sub process instance id: 912, command: Command(id=1346, commandType=DYNAMIC_GENERATION, processDefinitionCode=13386218435520, executorId=1, commandParam={"StartParams":"{\"topics\":\"\\\"reddit_post_filtered|reddit_post_sa\\\",\\\"gnews_filtered|gnews_sa\\\"\"}"}, taskDependType=TASK_POST, failureStrategy=CONTINUE, warningType=NONE, warningGroupId=0, scheduleTime=null, startTime=Sat May 04 23:00:27 GMT+08:00 2024, processInstancePriority=MEDIUM, updateTime=Sat May 04 23:00:27 GMT+08:00 2024, workerGroup=default, tenantCode=null, environmentCode=null, dryRun=0, processInstanceId=912, processDefinitionVersion=20, testFlag=0)
[INFO] 2024-05-04 23:00:37.174 +0800 - all sub process instance finish
[INFO] 2024-05-04 23:00:37.175 +0800 - success sub process instance count: 0
[INFO] 2024-05-04 23:00:37.176 +0800 - failed sub process instance count: 2
[INFO] 2024-05-04 23:00:37.177 +0800 - ***********************************************************************************************
[INFO] 2024-05-04 23:00:37.179 +0800 - *********************************  Finalize task instance  ************************************
[INFO] 2024-05-04 23:00:37.179 +0800 - ***********************************************************************************************
[INFO] 2024-05-04 23:00:37.179 +0800 - Task execute finished, removed the TaskExecutionContext
[INFO] 2024-05-04 23:00:37.185 +0800 - Send task status: FAILURE to master: 172.18.0.11:5678 successfully
[INFO] 2024-05-04 23:00:37.185 +0800 - Execute task finished, will send the task execute result to master, the current task execute result is FAILURE
[INFO] 2024-05-04 23:00:37.186 +0800 - FINALIZE_SESSION
