[INFO] 2024-04-22 10:10:31.238 +0800 - Submit LogicTask: check file existence to MasterTaskExecutorThreadPool success
[INFO] 2024-04-22 10:10:31.240 +0800 - ***********************************************************************************************
[INFO] 2024-04-22 10:10:31.250 +0800 - *********************************  Initialize task context  ***********************************
[INFO] 2024-04-22 10:10:31.250 +0800 - ***********************************************************************************************
[INFO] 2024-04-22 10:10:31.251 +0800 - Begin to initialize task
[INFO] 2024-04-22 10:10:31.251 +0800 - Set task startTime: 1713751831251
[INFO] 2024-04-22 10:10:31.254 +0800 - Set task appId: 395_895
[INFO] 2024-04-22 10:10:31.254 +0800 - End initialize task {
  "taskInstanceId" : 895,
  "taskName" : "check file existence",
  "firstSubmitTime" : 1713751831215,
  "startTime" : 1713751831251,
  "taskType" : "SWITCH",
  "workflowInstanceHost" : "172.18.0.11:5678",
  "host" : "172.18.0.11:5678",
  "logPath" : "/opt/dolphinscheduler/logs/20240422/13201021801792/53/395/895.log",
  "processId" : 0,
  "processDefineCode" : 13201021801792,
  "processDefineVersion" : 53,
  "processInstanceId" : 395,
  "scheduleTime" : 0,
  "globalParams" : "[{\"prop\":\"folder\",\"direct\":\"IN\",\"type\":\"VARCHAR\",\"value\":\"in\"}]",
  "executorId" : 1,
  "cmdTypeIfComplement" : 0,
  "tenantCode" : "default",
  "processDefineId" : 0,
  "projectId" : 0,
  "projectCode" : 13010050770016,
  "taskParams" : "{\"localParams\":[],\"rawScript\":\"\",\"resourceList\":[],\"switchResult\":{\"dependTaskList\":[{\"condition\":\"2 == 2\",\"nextNode\":13348985859488}],\"nextNode\":13340390094208}}",
  "environmentConfig" : "export PYTHON_LAUNCHER=/bin/python3.11",
  "prepareParamsMap" : {
    "system.task.definition.name" : {
      "prop" : "system.task.definition.name",
      "direct" : "IN",
      "type" : "VARCHAR",
      "value" : "check file existence"
    },
    "system.project.name" : {
      "prop" : "system.project.name",
      "direct" : "IN",
      "type" : "VARCHAR",
      "value" : null
    },
    "REDDIT_HOME" : {
      "prop" : "REDDIT_HOME",
      "direct" : "IN",
      "type" : "VARCHAR",
      "value" : "/local_storage/reddit"
    },
    "system.biz.curdate" : {
      "prop" : "system.biz.curdate",
      "direct" : "IN",
      "type" : "VARCHAR",
      "value" : "20240422"
    },
    "system.task.instance.id" : {
      "prop" : "system.task.instance.id",
      "direct" : "IN",
      "type" : "VARCHAR",
      "value" : "895"
    },
    "system.task.definition.code" : {
      "prop" : "system.task.definition.code",
      "direct" : "IN",
      "type" : "VARCHAR",
      "value" : "13348933988640"
    },
    "system.datetime" : {
      "prop" : "system.datetime",
      "direct" : "IN",
      "type" : "VARCHAR",
      "value" : "20240422101031"
    },
    "folder" : {
      "prop" : "folder",
      "direct" : "IN",
      "type" : "VARCHAR",
      "value" : "in"
    },
    "system.project.code" : {
      "prop" : "system.project.code",
      "direct" : "IN",
      "type" : "VARCHAR",
      "value" : "13010050770016"
    },
    "system.workflow.instance.id" : {
      "prop" : "system.workflow.instance.id",
      "direct" : "IN",
      "type" : "VARCHAR",
      "value" : "395"
    },
    "system.biz.date" : {
      "prop" : "system.biz.date",
      "direct" : "IN",
      "type" : "VARCHAR",
      "value" : "20240421"
    },
    "system.workflow.definition.name" : {
      "prop" : "system.workflow.definition.name",
      "direct" : "IN",
      "type" : "VARCHAR",
      "value" : "preprocess_post"
    },
    "system.workflow.definition.code" : {
      "prop" : "system.workflow.definition.code",
      "direct" : "IN",
      "type" : "VARCHAR",
      "value" : "13201021801792"
    }
  },
  "taskAppId" : "395_895",
  "taskTimeout" : 2147483647,
  "workerGroup" : "default",
  "delayTime" : 0,
  "currentExecutionStatus" : "SUBMITTED_SUCCESS",
  "endTime" : 0,
  "dryRun" : 0,
  "paramsMap" : { },
  "cpuQuota" : -1,
  "memoryMax" : -1,
  "testFlag" : 0,
  "logBufferEnable" : false,
  "dispatchFailTimes" : 0
}
[INFO] 2024-04-22 10:10:31.255 +0800 - ***********************************************************************************************
[INFO] 2024-04-22 10:10:31.255 +0800 - *********************************  Load task instance plugin  *********************************
[INFO] 2024-04-22 10:10:31.255 +0800 - ***********************************************************************************************
[INFO] 2024-04-22 10:10:31.262 +0800 - Send task status RUNNING_EXECUTION to master 172.18.0.11:5678
[INFO] 2024-04-22 10:10:31.263 +0800 - Success initialize task parameters: 
{
  "localParams" : null,
  "varPool" : null,
  "dependRelation" : null,
  "relation" : null,
  "nextNode" : [ 13340390094208 ],
  "resultConditionLocation" : 0,
  "dependTaskList" : [ {
    "condition" : "2 == 2",
    "nextNode" : [ 13348985859488 ]
  } ]
}
[INFO] 2024-04-22 10:10:31.264 +0800 - Initialized task plugin instance: SWITCH successfully
[INFO] 2024-04-22 10:10:31.264 +0800 - Initialize taskVarPool: null successfully
[INFO] 2024-04-22 10:10:31.264 +0800 - ***********************************************************************************************
[INFO] 2024-04-22 10:10:31.266 +0800 - *********************************  Execute task instance  *************************************
[INFO] 2024-04-22 10:10:31.266 +0800 - ***********************************************************************************************
[INFO] 2024-04-22 10:10:31.266 +0800 - Begin to execute 1 condition: 2 == 2 
[ERROR] 2024-04-22 10:10:31.267 +0800 - Task execute failed, due to meet an exception
java.lang.IllegalArgumentException: condition is not valid, please check it. condition: 2 == 2
	at org.apache.dolphinscheduler.server.master.utils.SwitchTaskUtils.generateContentWithTaskParams(SwitchTaskUtils.java:105)
	at org.apache.dolphinscheduler.server.master.runner.task.switchtask.SwitchLogicTask.calculateConditionResult(SwitchLogicTask.java:109)
	at org.apache.dolphinscheduler.server.master.runner.task.switchtask.SwitchLogicTask.handle(SwitchLogicTask.java:72)
	at org.apache.dolphinscheduler.server.master.runner.execute.SyncMasterTaskExecutor.executeTask(SyncMasterTaskExecutor.java:44)
	at org.apache.dolphinscheduler.server.master.runner.execute.MasterTaskExecutor.run(MasterTaskExecutor.java:110)
	at java.util.concurrent.ThreadPoolExecutor.runWorker(ThreadPoolExecutor.java:1149)
	at java.util.concurrent.ThreadPoolExecutor$Worker.run(ThreadPoolExecutor.java:624)
	at java.lang.Thread.run(Thread.java:750)
[INFO] 2024-04-22 10:10:31.267 +0800 - ***********************************************************************************************
[INFO] 2024-04-22 10:10:31.268 +0800 - *********************************  Finalize task instance  ************************************
[INFO] 2024-04-22 10:10:31.269 +0800 - ***********************************************************************************************
[ERROR] 2024-04-22 10:10:31.269 +0800 - Get a exception when execute the task, will try to cancel the task
java.lang.IllegalArgumentException: condition is not valid, please check it. condition: 2 == 2
	at org.apache.dolphinscheduler.server.master.utils.SwitchTaskUtils.generateContentWithTaskParams(SwitchTaskUtils.java:105)
	at org.apache.dolphinscheduler.server.master.runner.task.switchtask.SwitchLogicTask.calculateConditionResult(SwitchLogicTask.java:109)
	at org.apache.dolphinscheduler.server.master.runner.task.switchtask.SwitchLogicTask.handle(SwitchLogicTask.java:72)
	at org.apache.dolphinscheduler.server.master.runner.execute.SyncMasterTaskExecutor.executeTask(SyncMasterTaskExecutor.java:44)
	at org.apache.dolphinscheduler.server.master.runner.execute.MasterTaskExecutor.run(MasterTaskExecutor.java:110)
	at java.util.concurrent.ThreadPoolExecutor.runWorker(ThreadPoolExecutor.java:1149)
	at java.util.concurrent.ThreadPoolExecutor$Worker.run(ThreadPoolExecutor.java:624)
	at java.lang.Thread.run(Thread.java:750)
[WARN] 2024-04-22 10:10:31.269 +0800 - The Sync task does not support kill operation
[INFO] 2024-04-22 10:10:31.286 +0800 - Send task status: FAILURE to master: 172.18.0.11:5678 successfully
[INFO] 2024-04-22 10:10:31.287 +0800 - Get a exception when execute the task, sent the task execute result to master, the current task execute result is TaskExecutionStatus{code=6, desc='failure'}
[INFO] 2024-04-22 10:10:31.287 +0800 - Get a exception when execute the task, removed the TaskExecutionContext
[INFO] 2024-04-22 10:10:31.288 +0800 - FINALIZE_SESSION
