[INFO] 2024-04-27 22:11:36.870 +0800 - ***********************************************************************************************
[INFO] 2024-04-27 22:11:36.876 +0800 - *********************************  Initialize task context  ***********************************
[INFO] 2024-04-27 22:11:36.881 +0800 - ***********************************************************************************************
[INFO] 2024-04-27 22:11:36.882 +0800 - Begin to initialize task
[INFO] 2024-04-27 22:11:36.882 +0800 - Set task startTime: 1714227096882
[INFO] 2024-04-27 22:11:36.882 +0800 - Set task appId: 693_1890
[INFO] 2024-04-27 22:11:36.882 +0800 - End initialize task {
  "taskInstanceId" : 1890,
  "taskName" : "sentiment anaysis",
  "firstSubmitTime" : 1714227096829,
  "startTime" : 1714227096882,
  "taskType" : "PYTHON",
  "workflowInstanceHost" : "172.18.0.9:5678",
  "host" : "172.18.1.1:1234",
  "logPath" : "/opt/dolphinscheduler/logs/20240427/13386218435520/15/693/1890.log",
  "processId" : 0,
  "processDefineCode" : 13386218435520,
  "processDefineVersion" : 15,
  "processInstanceId" : 693,
  "scheduleTime" : 0,
  "executorId" : 1,
  "cmdTypeIfComplement" : 0,
  "tenantCode" : "default",
  "processDefineId" : 0,
  "projectId" : 0,
  "projectCode" : 13010050770016,
  "taskParams" : "{\"localParams\":[],\"rawScript\":\"# use kafka streaming api\\nfrom pyspark.sql.functions import udf, col, from_json\\nfrom pyspark.sql.types import FloatType, ArrayType, StringType, StructType, StructField, IntegerType\\nimport nltk\\nfrom nltk.sentiment.vader import SentimentIntensityAnalyzer as SIA\\nfrom pyspark.sql import SparkSession\\n\\n# download the model\\nnltk.download('vader_lexicon')\\n\\n# init the sentiment analysis object\\nsia = SIA()\\n\\n# init Spark session\\nspark = SparkSession.builder \\\\\\n    .master('local') \\\\\\n    .appName(\\\"Sentiment Analysis\\\") \\\\\\n    .config(\\\"spark.jars.packages\\\", \\\"org.apache.spark:spark-sql-kafka-0-10_2.12:3.5.1\\\") \\\\\\n    .config(\\\"spark.sql.streaming.checkpointLocation\\\", r\\\"/tmp/\\\") \\\\\\n    .config(\\\"spark.driver.extraJavaOptions\\\", \\\"-Divy.cache.dir=/tmp -Divy.home=/tmp\\\") \\\\\\n    .getOrCreate()\\n\\n# define a udf to perform sentiment analysis\\ndef analyze_sentiment(message):\\n    # Perform sentiment analysis\\n    pol_score = sia.polarity_scores(message)\\n    # Return the compound score\\n    return [pol_score['neg'], pol_score['neu'], pol_score['pos'], pol_score['compound']]\\n\\n# Register the function as a UDF\\nanalyze_sentiment_udf = udf(lambda x:analyze_sentiment(x), ArrayType(FloatType()))\\n\\n# define the schema for the JSON data\\nschema = StructType([\\n    StructField(\\\"user\\\", StringType(), nullable=True),\\n    StructField(\\\"content\\\", StringType(), nullable=True),\\n    StructField(\\\"url\\\", StringType(), nullable=True),\\n    StructField(\\\"context\\\", StringType(), nullable=True),\\n    StructField(\\\"score\\\", IntegerType(), nullable=True),\\n    StructField(\\\"subreddit\\\", StringType(), nullable=True),\\n    StructField(\\\"type\\\", StringType(), nullable=True),\\n    StructField(\\\"id\\\", StringType(), nullable=True),\\n    StructField(\\\"datetime\\\", StringType(), nullable=True)  # Assuming the datetime is string type, you can change it to TimestampType if needed\\n])\\n\\n\\n# define the parameters for the input and output kafka broker and topic\\nkafka_broker = \\\"kafka:9092\\\"\\ninput_kafka_topic = \\\"reddit_post_filtered\\\"\\noutput_kafka_topic = \\\"reddit_post_sa\\\"\\n\\n# Subscribe to the input topic\\ndf = spark \\\\\\n    .readStream \\\\\\n    .format(\\\"kafka\\\") \\\\\\n    .option(\\\"kafka.bootstrap.servers\\\", kafka_broker) \\\\\\n    .option(\\\"subscribe\\\", input_kafka_topic) \\\\\\n    .load()\\n\\n# parse the JSON data in the 'value' column using the defined schema then create a dataframe containing the reddit data\\ndf = df.select(col(\\\"value\\\").cast(\\\"string\\\")) \\\\\\n    .withColumn(\\\"value\\\", from_json(\\\"value\\\", schema)) \\\\\\n\\nparsed_df = df \\\\\\n    .select(\\\"value.*\\\")\\n\\n# perform sentiment analysis on the parsed dataframe \\nsa_reddit_df = parsed_df.withColumn('sentiment_score', analyze_sentiment_udf(parsed_df['content']))\\n\\n# split the sentiment_score column into separate columns\\nsa_reddit_df = sa_reddit_df.withColumn(\\\"negative\\\", sa_reddit_df[\\\"sentiment_score\\\"][0]) \\\\\\n            .withColumn(\\\"neutral\\\", sa_reddit_df[\\\"sentiment_score\\\"][1]) \\\\\\n            .withColumn(\\\"positive\\\", sa_reddit_df[\\\"sentiment_score\\\"][2]) \\\\\\n            .withColumn(\\\"compound\\\", sa_reddit_df[\\\"sentiment_score\\\"][3]) \\\\\\n            .drop('sentiment_score')  # drop sentiment_score column after splitting\\n\\n# stream the data to kafka\\nkafka_write = sa_reddit_df \\\\\\n    .selectExpr(\\\"'' AS key\\\", \\\"to_json(struct(*)) AS value\\\") \\\\\\n    .writeStream \\\\\\n    .format(\\\"kafka\\\") \\\\\\n    .option(\\\"kafka.bootstrap.servers\\\", kafka_broker) \\\\\\n    .option(\\\"topic\\\", output_kafka_topic) \\\\\\n    .start()\\n\\n# Wait for the termination of the query\\nkafka_write.awaitTermination()\",\"resourceList\":[]}",
  "environmentConfig" : "export SPARK_HOME=/opt/spark-3.5.1-bin-hadoop3\nexport JAVA_HOME=/opt/java/openjdk\nexport PYSPARK_DRIVER_PYTHON=/bin/python3.11\nexport PYSPARK_PYTHON=/bin/python3.11\nexport PYTHON_LAUNCHER=/bin/python3.11\nexport NLTK_DATA=/local_storage/nltk_data",
  "prepareParamsMap" : {
    "system.task.definition.name" : {
      "prop" : "system.task.definition.name",
      "direct" : "IN",
      "type" : "VARCHAR",
      "value" : "sentiment anaysis"
    },
    "system.project.name" : {
      "prop" : "system.project.name",
      "direct" : "IN",
      "type" : "VARCHAR",
      "value" : null
    },
    "REDDIT_HOME" : {
      "prop" : "REDDIT_HOME",
      "direct" : "IN",
      "type" : "VARCHAR",
      "value" : "/local_storage/reddit"
    },
    "system.project.code" : {
      "prop" : "system.project.code",
      "direct" : "IN",
      "type" : "VARCHAR",
      "value" : "13010050770016"
    },
    "system.workflow.instance.id" : {
      "prop" : "system.workflow.instance.id",
      "direct" : "IN",
      "type" : "VARCHAR",
      "value" : "693"
    },
    "system.biz.curdate" : {
      "prop" : "system.biz.curdate",
      "direct" : "IN",
      "type" : "VARCHAR",
      "value" : "20240427"
    },
    "system.biz.date" : {
      "prop" : "system.biz.date",
      "direct" : "IN",
      "type" : "VARCHAR",
      "value" : "20240426"
    },
    "system.task.instance.id" : {
      "prop" : "system.task.instance.id",
      "direct" : "IN",
      "type" : "VARCHAR",
      "value" : "1890"
    },
    "system.workflow.definition.name" : {
      "prop" : "system.workflow.definition.name",
      "direct" : "IN",
      "type" : "VARCHAR",
      "value" : "sentiment_analysis_subprocess"
    },
    "system.task.definition.code" : {
      "prop" : "system.task.definition.code",
      "direct" : "IN",
      "type" : "VARCHAR",
      "value" : "13386027735104"
    },
    "system.workflow.definition.code" : {
      "prop" : "system.workflow.definition.code",
      "direct" : "IN",
      "type" : "VARCHAR",
      "value" : "13386218435520"
    },
    "system.datetime" : {
      "prop" : "system.datetime",
      "direct" : "IN",
      "type" : "VARCHAR",
      "value" : "20240427221136"
    }
  },
  "taskAppId" : "693_1890",
  "taskTimeout" : 2147483647,
  "workerGroup" : "default",
  "delayTime" : 0,
  "currentExecutionStatus" : "SUBMITTED_SUCCESS",
  "endTime" : 0,
  "dryRun" : 0,
  "paramsMap" : { },
  "cpuQuota" : -1,
  "memoryMax" : -1,
  "testFlag" : 0,
  "logBufferEnable" : false,
  "dispatchFailTimes" : 0
}
[INFO] 2024-04-27 22:11:36.883 +0800 - ***********************************************************************************************
[INFO] 2024-04-27 22:11:36.883 +0800 - *********************************  Load task instance plugin  *********************************
[INFO] 2024-04-27 22:11:36.883 +0800 - ***********************************************************************************************
[INFO] 2024-04-27 22:11:36.903 +0800 - Send task status RUNNING_EXECUTION master: 172.18.1.1:1234
[INFO] 2024-04-27 22:11:36.904 +0800 - TenantCode: default check successfully
[INFO] 2024-04-27 22:11:36.908 +0800 - WorkflowInstanceExecDir: /tmp/dolphinscheduler/exec/process/default/13010050770016/13386218435520_15/693/1890 check successfully
[INFO] 2024-04-27 22:11:36.908 +0800 - Create TaskChannel: org.apache.dolphinscheduler.plugin.task.python.PythonTaskChannel successfully
[INFO] 2024-04-27 22:11:36.910 +0800 - Download resources successfully: 
ResourceContext(resourceItemMap={})
[INFO] 2024-04-27 22:11:36.914 +0800 - Download upstream files: [] successfully
[INFO] 2024-04-27 22:11:36.914 +0800 - Task plugin instance: PYTHON create successfully
[INFO] 2024-04-27 22:11:36.915 +0800 - Initialize python task params {
  "localParams" : [ ],
  "varPool" : null,
  "rawScript" : "# use kafka streaming api\nfrom pyspark.sql.functions import udf, col, from_json\nfrom pyspark.sql.types import FloatType, ArrayType, StringType, StructType, StructField, IntegerType\nimport nltk\nfrom nltk.sentiment.vader import SentimentIntensityAnalyzer as SIA\nfrom pyspark.sql import SparkSession\n\n# download the model\nnltk.download('vader_lexicon')\n\n# init the sentiment analysis object\nsia = SIA()\n\n# init Spark session\nspark = SparkSession.builder \\\n    .master('local') \\\n    .appName(\"Sentiment Analysis\") \\\n    .config(\"spark.jars.packages\", \"org.apache.spark:spark-sql-kafka-0-10_2.12:3.5.1\") \\\n    .config(\"spark.sql.streaming.checkpointLocation\", r\"/tmp/\") \\\n    .config(\"spark.driver.extraJavaOptions\", \"-Divy.cache.dir=/tmp -Divy.home=/tmp\") \\\n    .getOrCreate()\n\n# define a udf to perform sentiment analysis\ndef analyze_sentiment(message):\n    # Perform sentiment analysis\n    pol_score = sia.polarity_scores(message)\n    # Return the compound score\n    return [pol_score['neg'], pol_score['neu'], pol_score['pos'], pol_score['compound']]\n\n# Register the function as a UDF\nanalyze_sentiment_udf = udf(lambda x:analyze_sentiment(x), ArrayType(FloatType()))\n\n# define the schema for the JSON data\nschema = StructType([\n    StructField(\"user\", StringType(), nullable=True),\n    StructField(\"content\", StringType(), nullable=True),\n    StructField(\"url\", StringType(), nullable=True),\n    StructField(\"context\", StringType(), nullable=True),\n    StructField(\"score\", IntegerType(), nullable=True),\n    StructField(\"subreddit\", StringType(), nullable=True),\n    StructField(\"type\", StringType(), nullable=True),\n    StructField(\"id\", StringType(), nullable=True),\n    StructField(\"datetime\", StringType(), nullable=True)  # Assuming the datetime is string type, you can change it to TimestampType if needed\n])\n\n\n# define the parameters for the input and output kafka broker and topic\nkafka_broker = \"kafka:9092\"\ninput_kafka_topic = \"reddit_post_filtered\"\noutput_kafka_topic = \"reddit_post_sa\"\n\n# Subscribe to the input topic\ndf = spark \\\n    .readStream \\\n    .format(\"kafka\") \\\n    .option(\"kafka.bootstrap.servers\", kafka_broker) \\\n    .option(\"subscribe\", input_kafka_topic) \\\n    .load()\n\n# parse the JSON data in the 'value' column using the defined schema then create a dataframe containing the reddit data\ndf = df.select(col(\"value\").cast(\"string\")) \\\n    .withColumn(\"value\", from_json(\"value\", schema)) \\\n\nparsed_df = df \\\n    .select(\"value.*\")\n\n# perform sentiment analysis on the parsed dataframe \nsa_reddit_df = parsed_df.withColumn('sentiment_score', analyze_sentiment_udf(parsed_df['content']))\n\n# split the sentiment_score column into separate columns\nsa_reddit_df = sa_reddit_df.withColumn(\"negative\", sa_reddit_df[\"sentiment_score\"][0]) \\\n            .withColumn(\"neutral\", sa_reddit_df[\"sentiment_score\"][1]) \\\n            .withColumn(\"positive\", sa_reddit_df[\"sentiment_score\"][2]) \\\n            .withColumn(\"compound\", sa_reddit_df[\"sentiment_score\"][3]) \\\n            .drop('sentiment_score')  # drop sentiment_score column after splitting\n\n# stream the data to kafka\nkafka_write = sa_reddit_df \\\n    .selectExpr(\"'' AS key\", \"to_json(struct(*)) AS value\") \\\n    .writeStream \\\n    .format(\"kafka\") \\\n    .option(\"kafka.bootstrap.servers\", kafka_broker) \\\n    .option(\"topic\", output_kafka_topic) \\\n    .start()\n\n# Wait for the termination of the query\nkafka_write.awaitTermination()",
  "resourceList" : [ ]
}
[INFO] 2024-04-27 22:11:36.916 +0800 - Success initialized task plugin instance successfully
[INFO] 2024-04-27 22:11:36.916 +0800 - Set taskVarPool: null successfully
[INFO] 2024-04-27 22:11:36.917 +0800 - ***********************************************************************************************
[INFO] 2024-04-27 22:11:36.917 +0800 - *********************************  Execute task instance  *************************************
[INFO] 2024-04-27 22:11:36.917 +0800 - ***********************************************************************************************
[INFO] 2024-04-27 22:11:36.919 +0800 - raw python script : # use kafka streaming api
from pyspark.sql.functions import udf, col, from_json
from pyspark.sql.types import FloatType, ArrayType, StringType, StructType, StructField, IntegerType
import nltk
from nltk.sentiment.vader import SentimentIntensityAnalyzer as SIA
from pyspark.sql import SparkSession

# download the model
nltk.download('vader_lexicon')

# init the sentiment analysis object
sia = SIA()

# init Spark session
spark = SparkSession.builder \
    .master('local') \
    .appName("Sentiment Analysis") \
    .config("spark.jars.packages", "org.apache.spark:spark-sql-kafka-0-10_2.12:3.5.1") \
    .config("spark.sql.streaming.checkpointLocation", r"/tmp/") \
    .config("spark.driver.extraJavaOptions", "-Divy.cache.dir=/tmp -Divy.home=/tmp") \
    .getOrCreate()

# define a udf to perform sentiment analysis
def analyze_sentiment(message):
    # Perform sentiment analysis
    pol_score = sia.polarity_scores(message)
    # Return the compound score
    return [pol_score['neg'], pol_score['neu'], pol_score['pos'], pol_score['compound']]

# Register the function as a UDF
analyze_sentiment_udf = udf(lambda x:analyze_sentiment(x), ArrayType(FloatType()))

# define the schema for the JSON data
schema = StructType([
    StructField("user", StringType(), nullable=True),
    StructField("content", StringType(), nullable=True),
    StructField("url", StringType(), nullable=True),
    StructField("context", StringType(), nullable=True),
    StructField("score", IntegerType(), nullable=True),
    StructField("subreddit", StringType(), nullable=True),
    StructField("type", StringType(), nullable=True),
    StructField("id", StringType(), nullable=True),
    StructField("datetime", StringType(), nullable=True)  # Assuming the datetime is string type, you can change it to TimestampType if needed
])


# define the parameters for the input and output kafka broker and topic
kafka_broker = "kafka:9092"
input_kafka_topic = "reddit_post_filtered"
output_kafka_topic = "reddit_post_sa"

# Subscribe to the input topic
df = spark \
    .readStream \
    .format("kafka") \
    .option("kafka.bootstrap.servers", kafka_broker) \
    .option("subscribe", input_kafka_topic) \
    .load()

# parse the JSON data in the 'value' column using the defined schema then create a dataframe containing the reddit data
df = df.select(col("value").cast("string")) \
    .withColumn("value", from_json("value", schema)) \

parsed_df = df \
    .select("value.*")

# perform sentiment analysis on the parsed dataframe 
sa_reddit_df = parsed_df.withColumn('sentiment_score', analyze_sentiment_udf(parsed_df['content']))

# split the sentiment_score column into separate columns
sa_reddit_df = sa_reddit_df.withColumn("negative", sa_reddit_df["sentiment_score"][0]) \
            .withColumn("neutral", sa_reddit_df["sentiment_score"][1]) \
            .withColumn("positive", sa_reddit_df["sentiment_score"][2]) \
            .withColumn("compound", sa_reddit_df["sentiment_score"][3]) \
            .drop('sentiment_score')  # drop sentiment_score column after splitting

# stream the data to kafka
kafka_write = sa_reddit_df \
    .selectExpr("'' AS key", "to_json(struct(*)) AS value") \
    .writeStream \
    .format("kafka") \
    .option("kafka.bootstrap.servers", kafka_broker) \
    .option("topic", output_kafka_topic) \
    .start()

# Wait for the termination of the query
kafka_write.awaitTermination()
[INFO] 2024-04-27 22:11:36.920 +0800 - tenantCode :default, task dir:/tmp/dolphinscheduler/exec/process/default/13010050770016/13386218435520_15/693/1890
[INFO] 2024-04-27 22:11:36.921 +0800 - generate python script file:/tmp/dolphinscheduler/exec/process/default/13010050770016/13386218435520_15/693/1890/py_693_1890.py
[INFO] 2024-04-27 22:11:36.922 +0800 - #-*- encoding=utf8 -*-

# use kafka streaming api
from pyspark.sql.functions import udf, col, from_json
from pyspark.sql.types import FloatType, ArrayType, StringType, StructType, StructField, IntegerType
import nltk
from nltk.sentiment.vader import SentimentIntensityAnalyzer as SIA
from pyspark.sql import SparkSession

# download the model
nltk.download('vader_lexicon')

# init the sentiment analysis object
sia = SIA()

# init Spark session
spark = SparkSession.builder \
    .master('local') \
    .appName("Sentiment Analysis") \
    .config("spark.jars.packages", "org.apache.spark:spark-sql-kafka-0-10_2.12:3.5.1") \
    .config("spark.sql.streaming.checkpointLocation", r"/tmp/") \
    .config("spark.driver.extraJavaOptions", "-Divy.cache.dir=/tmp -Divy.home=/tmp") \
    .getOrCreate()

# define a udf to perform sentiment analysis
def analyze_sentiment(message):
    # Perform sentiment analysis
    pol_score = sia.polarity_scores(message)
    # Return the compound score
    return [pol_score['neg'], pol_score['neu'], pol_score['pos'], pol_score['compound']]

# Register the function as a UDF
analyze_sentiment_udf = udf(lambda x:analyze_sentiment(x), ArrayType(FloatType()))

# define the schema for the JSON data
schema = StructType([
    StructField("user", StringType(), nullable=True),
    StructField("content", StringType(), nullable=True),
    StructField("url", StringType(), nullable=True),
    StructField("context", StringType(), nullable=True),
    StructField("score", IntegerType(), nullable=True),
    StructField("subreddit", StringType(), nullable=True),
    StructField("type", StringType(), nullable=True),
    StructField("id", StringType(), nullable=True),
    StructField("datetime", StringType(), nullable=True)  # Assuming the datetime is string type, you can change it to TimestampType if needed
])


# define the parameters for the input and output kafka broker and topic
kafka_broker = "kafka:9092"
input_kafka_topic = "reddit_post_filtered"
output_kafka_topic = "reddit_post_sa"

# Subscribe to the input topic
df = spark \
    .readStream \
    .format("kafka") \
    .option("kafka.bootstrap.servers", kafka_broker) \
    .option("subscribe", input_kafka_topic) \
    .load()

# parse the JSON data in the 'value' column using the defined schema then create a dataframe containing the reddit data
df = df.select(col("value").cast("string")) \
    .withColumn("value", from_json("value", schema)) \

parsed_df = df \
    .select("value.*")

# perform sentiment analysis on the parsed dataframe 
sa_reddit_df = parsed_df.withColumn('sentiment_score', analyze_sentiment_udf(parsed_df['content']))

# split the sentiment_score column into separate columns
sa_reddit_df = sa_reddit_df.withColumn("negative", sa_reddit_df["sentiment_score"][0]) \
            .withColumn("neutral", sa_reddit_df["sentiment_score"][1]) \
            .withColumn("positive", sa_reddit_df["sentiment_score"][2]) \
            .withColumn("compound", sa_reddit_df["sentiment_score"][3]) \
            .drop('sentiment_score')  # drop sentiment_score column after splitting

# stream the data to kafka
kafka_write = sa_reddit_df \
    .selectExpr("'' AS key", "to_json(struct(*)) AS value") \
    .writeStream \
    .format("kafka") \
    .option("kafka.bootstrap.servers", kafka_broker) \
    .option("topic", output_kafka_topic) \
    .start()

# Wait for the termination of the query
kafka_write.awaitTermination()
[INFO] 2024-04-27 22:11:36.924 +0800 - Final Shell file is: 
[INFO] 2024-04-27 22:11:36.925 +0800 - ****************************** Script Content *****************************************************************
[INFO] 2024-04-27 22:11:36.925 +0800 - #!/bin/bash
BASEDIR=$(cd `dirname $0`; pwd)
cd $BASEDIR
export SPARK_HOME=/opt/spark-3.5.1-bin-hadoop3
export JAVA_HOME=/opt/java/openjdk
export PYSPARK_DRIVER_PYTHON=/bin/python3.11
export PYSPARK_PYTHON=/bin/python3.11
export PYTHON_LAUNCHER=/bin/python3.11
export NLTK_DATA=/local_storage/nltk_data
${PYTHON_LAUNCHER} /tmp/dolphinscheduler/exec/process/default/13010050770016/13386218435520_15/693/1890/py_693_1890.py
[INFO] 2024-04-27 22:11:36.928 +0800 - ****************************** Script Content *****************************************************************
[INFO] 2024-04-27 22:11:36.928 +0800 - Executing shell command : sudo -u default -i /tmp/dolphinscheduler/exec/process/default/13010050770016/13386218435520_15/693/1890/693_1890.sh
[INFO] 2024-04-27 22:11:36.952 +0800 - process start, process id is: 3934
[INFO] 2024-04-27 22:11:38.016 +0800 -  -> 
	sudo: unable to change directory to /home/default: No such file or directory
[INFO] 2024-04-27 22:11:39.115 +0800 -  -> 
	[nltk_data] Downloading package vader_lexicon to
	[nltk_data]     /local_storage/nltk_data...
	[nltk_data]   Package vader_lexicon is already up-to-date!
