[INFO] 2024-05-04 00:59:36.278 +0800 - ***********************************************************************************************
[INFO] 2024-05-04 00:59:36.283 +0800 - *********************************  Initialize task context  ***********************************
[INFO] 2024-05-04 00:59:36.284 +0800 - ***********************************************************************************************
[INFO] 2024-05-04 00:59:36.284 +0800 - Begin to initialize task
[INFO] 2024-05-04 00:59:36.284 +0800 - Set task startTime: 1714755576284
[INFO] 2024-05-04 00:59:36.284 +0800 - Set task appId: 878_2699
[INFO] 2024-05-04 00:59:36.285 +0800 - End initialize task {
  "taskInstanceId" : 2699,
  "taskName" : "end workflow",
  "firstSubmitTime" : 1714755576251,
  "startTime" : 1714755576284,
  "taskType" : "SHELL",
  "workflowInstanceHost" : "172.18.0.11:5678",
  "host" : "172.18.1.1:1234",
  "logPath" : "/opt/dolphinscheduler/logs/20240504/13475238524230/25/878/2699.log",
  "processId" : 0,
  "processDefineCode" : 13475238524230,
  "processDefineVersion" : 25,
  "processInstanceId" : 878,
  "scheduleTime" : 0,
  "globalParams" : "[{\"prop\":\"folder\",\"direct\":\"IN\",\"type\":\"VARCHAR\",\"value\":\"in\"}]",
  "executorId" : 1,
  "cmdTypeIfComplement" : 0,
  "tenantCode" : "default",
  "processDefineId" : 0,
  "projectId" : 0,
  "projectCode" : 13010050770016,
  "taskParams" : "{\"localParams\":[],\"rawScript\":\"echo No Files Detected - End Workflow\",\"resourceList\":[]}",
  "environmentConfig" : "export PYTHON_LAUNCHER=/bin/python3.11",
  "prepareParamsMap" : {
    "GNEWS_HOME" : {
      "prop" : "GNEWS_HOME",
      "direct" : "IN",
      "type" : "VARCHAR",
      "value" : "/local_storage/gnews"
    },
    "system.task.definition.name" : {
      "prop" : "system.task.definition.name",
      "direct" : "IN",
      "type" : "VARCHAR",
      "value" : "end workflow"
    },
    "system.project.name" : {
      "prop" : "system.project.name",
      "direct" : "IN",
      "type" : "VARCHAR",
      "value" : null
    },
    "REDDIT_HOME" : {
      "prop" : "REDDIT_HOME",
      "direct" : "IN",
      "type" : "VARCHAR",
      "value" : "/local_storage/reddit"
    },
    "system.biz.curdate" : {
      "prop" : "system.biz.curdate",
      "direct" : "IN",
      "type" : "VARCHAR",
      "value" : "20240504"
    },
    "system.task.instance.id" : {
      "prop" : "system.task.instance.id",
      "direct" : "IN",
      "type" : "VARCHAR",
      "value" : "2699"
    },
    "system.task.definition.code" : {
      "prop" : "system.task.definition.code",
      "direct" : "IN",
      "type" : "VARCHAR",
      "value" : "13475238524224"
    },
    "system.datetime" : {
      "prop" : "system.datetime",
      "direct" : "IN",
      "type" : "VARCHAR",
      "value" : "20240504005936"
    },
    "folder" : {
      "prop" : "folder",
      "direct" : "IN",
      "type" : "VARCHAR",
      "value" : "in"
    },
    "system.project.code" : {
      "prop" : "system.project.code",
      "direct" : "IN",
      "type" : "VARCHAR",
      "value" : "13010050770016"
    },
    "system.workflow.instance.id" : {
      "prop" : "system.workflow.instance.id",
      "direct" : "IN",
      "type" : "VARCHAR",
      "value" : "878"
    },
    "raw_file_dir" : {
      "prop" : "raw_file_dir",
      "direct" : "IN",
      "type" : "VARCHAR",
      "value" : "/local_storage/gnews/in/830-20240503110322.json"
    },
    "system.biz.date" : {
      "prop" : "system.biz.date",
      "direct" : "IN",
      "type" : "VARCHAR",
      "value" : "20240503"
    },
    "system.workflow.definition.name" : {
      "prop" : "system.workflow.definition.name",
      "direct" : "IN",
      "type" : "VARCHAR",
      "value" : "preprocess_gnews_article"
    },
    "system.workflow.definition.code" : {
      "prop" : "system.workflow.definition.code",
      "direct" : "IN",
      "type" : "VARCHAR",
      "value" : "13475238524230"
    }
  },
  "taskAppId" : "878_2699",
  "taskTimeout" : 2147483647,
  "workerGroup" : "default",
  "delayTime" : 0,
  "currentExecutionStatus" : "SUBMITTED_SUCCESS",
  "endTime" : 0,
  "varPool" : "[{\"prop\":\"raw_file_dir\",\"direct\":\"IN\",\"type\":\"VARCHAR\",\"value\":\"/local_storage/gnews/in/830-20240503110322.json\"}]",
  "dryRun" : 0,
  "paramsMap" : { },
  "cpuQuota" : -1,
  "memoryMax" : -1,
  "testFlag" : 0,
  "logBufferEnable" : false,
  "dispatchFailTimes" : 0
}
[INFO] 2024-05-04 00:59:36.285 +0800 - ***********************************************************************************************
[INFO] 2024-05-04 00:59:36.285 +0800 - *********************************  Load task instance plugin  *********************************
[INFO] 2024-05-04 00:59:36.286 +0800 - ***********************************************************************************************
[INFO] 2024-05-04 00:59:36.290 +0800 - Send task status RUNNING_EXECUTION master: 172.18.1.1:1234
[INFO] 2024-05-04 00:59:36.291 +0800 - TenantCode: default check successfully
[INFO] 2024-05-04 00:59:36.292 +0800 - WorkflowInstanceExecDir: /tmp/dolphinscheduler/exec/process/default/13010050770016/13475238524230_25/878/2699 check successfully
[INFO] 2024-05-04 00:59:36.293 +0800 - Create TaskChannel: org.apache.dolphinscheduler.plugin.task.shell.ShellTaskChannel successfully
[INFO] 2024-05-04 00:59:36.293 +0800 - Download resources successfully: 
ResourceContext(resourceItemMap={})
[INFO] 2024-05-04 00:59:36.293 +0800 - Download upstream files: [] successfully
[INFO] 2024-05-04 00:59:36.293 +0800 - Task plugin instance: SHELL create successfully
[INFO] 2024-05-04 00:59:36.294 +0800 - Initialize shell task params {
  "localParams" : [ ],
  "varPool" : null,
  "rawScript" : "echo No Files Detected - End Workflow",
  "resourceList" : [ ]
}
[INFO] 2024-05-04 00:59:36.294 +0800 - Success initialized task plugin instance successfully
[INFO] 2024-05-04 00:59:36.294 +0800 - Set taskVarPool: [{"prop":"raw_file_dir","direct":"IN","type":"VARCHAR","value":"/local_storage/gnews/in/830-20240503110322.json"}] successfully
[INFO] 2024-05-04 00:59:36.294 +0800 - ***********************************************************************************************
[INFO] 2024-05-04 00:59:36.295 +0800 - *********************************  Execute task instance  *************************************
[INFO] 2024-05-04 00:59:36.295 +0800 - ***********************************************************************************************
[INFO] 2024-05-04 00:59:36.296 +0800 - Final Shell file is: 
[INFO] 2024-05-04 00:59:36.297 +0800 - ****************************** Script Content *****************************************************************
[INFO] 2024-05-04 00:59:36.297 +0800 - #!/bin/bash
BASEDIR=$(cd `dirname $0`; pwd)
cd $BASEDIR
export PYTHON_LAUNCHER=/bin/python3.11
echo No Files Detected - End Workflow
[INFO] 2024-05-04 00:59:36.297 +0800 - ****************************** Script Content *****************************************************************
[INFO] 2024-05-04 00:59:36.297 +0800 - Executing shell command : sudo -u default -i /tmp/dolphinscheduler/exec/process/default/13010050770016/13475238524230_25/878/2699/878_2699.sh
[INFO] 2024-05-04 00:59:36.332 +0800 - process start, process id is: 546
[INFO] 2024-05-04 00:59:37.333 +0800 -  -> 
	sudo: unable to change directory to /home/default: No such file or directory
	No Files Detected - End Workflow
[INFO] 2024-05-04 00:59:37.356 +0800 - process has exited. execute path:/tmp/dolphinscheduler/exec/process/default/13010050770016/13475238524230_25/878/2699, processId:546 ,exitStatusCode:0 ,processWaitForStatus:true ,processExitValue:0
[INFO] 2024-05-04 00:59:37.357 +0800 - ***********************************************************************************************
[INFO] 2024-05-04 00:59:37.358 +0800 - *********************************  Finalize task instance  ************************************
[INFO] 2024-05-04 00:59:37.362 +0800 - ***********************************************************************************************
[INFO] 2024-05-04 00:59:37.365 +0800 - Upload output files: [] successfully
[INFO] 2024-05-04 00:59:37.377 +0800 - Send task execute status: SUCCESS to master : 172.18.1.1:1234
[INFO] 2024-05-04 00:59:37.378 +0800 - Remove the current task execute context from worker cache
[INFO] 2024-05-04 00:59:37.379 +0800 - The current execute mode isn't develop mode, will clear the task execute file: /tmp/dolphinscheduler/exec/process/default/13010050770016/13475238524230_25/878/2699
[INFO] 2024-05-04 00:59:37.384 +0800 - Success clear the task execute file: /tmp/dolphinscheduler/exec/process/default/13010050770016/13475238524230_25/878/2699
[INFO] 2024-05-04 00:59:37.396 +0800 - FINALIZE_SESSION
