[INFO] 2024-05-04 01:37:48.261 +0800 - ***********************************************************************************************
[INFO] 2024-05-04 01:37:48.278 +0800 - *********************************  Initialize task context  ***********************************
[INFO] 2024-05-04 01:37:48.281 +0800 - ***********************************************************************************************
[INFO] 2024-05-04 01:37:48.282 +0800 - Begin to initialize task
[INFO] 2024-05-04 01:37:48.282 +0800 - Set task startTime: 1714757868282
[INFO] 2024-05-04 01:37:48.282 +0800 - Set task appId: 884_2727
[INFO] 2024-05-04 01:37:48.285 +0800 - End initialize task {
  "taskInstanceId" : 2727,
  "taskName" : "fsed",
  "firstSubmitTime" : 1714757868239,
  "startTime" : 1714757868282,
  "taskType" : "SHELL",
  "workflowInstanceHost" : "172.18.0.11:5678",
  "host" : "172.18.1.1:1234",
  "logPath" : "/opt/dolphinscheduler/logs/20240504/13481656603328/5/884/2727.log",
  "processId" : 0,
  "processDefineCode" : 13481656603328,
  "processDefineVersion" : 5,
  "processInstanceId" : 884,
  "scheduleTime" : 0,
  "executorId" : 1,
  "cmdTypeIfComplement" : 0,
  "tenantCode" : "default",
  "processDefineId" : 0,
  "projectId" : 0,
  "projectCode" : 13010050770016,
  "taskParams" : "{\"localParams\":[{\"prop\":\"raw_file_dir\",\"direct\":\"OUT\",\"type\":\"VARCHAR\",\"value\":\"\"}],\"rawScript\":\"# # find 1 raw file in the folder\\n# raw_file_dir=$(find ${GNEWS_HOME}/${folder} -type f -name '*.json'| head -n 1)\\n\\n# # check if raw_file_dir is empty, then set raw_file_dir to null\\n# if [ -z \\\"$raw_file_dir\\\" ]; then\\n#     raw_file_dir=null\\n# fi\\n\\necho \\\"#{setValue(raw_file_dir=local_storage)}\\\"\\n\",\"resourceList\":[]}",
  "environmentConfig" : "export PYTHON_LAUNCHER=/bin/python3.11",
  "prepareParamsMap" : {
    "GNEWS_HOME" : {
      "prop" : "GNEWS_HOME",
      "direct" : "IN",
      "type" : "VARCHAR",
      "value" : "/local_storage/gnews"
    },
    "system.task.definition.name" : {
      "prop" : "system.task.definition.name",
      "direct" : "IN",
      "type" : "VARCHAR",
      "value" : "fsed"
    },
    "system.project.name" : {
      "prop" : "system.project.name",
      "direct" : "IN",
      "type" : "VARCHAR",
      "value" : null
    },
    "REDDIT_HOME" : {
      "prop" : "REDDIT_HOME",
      "direct" : "IN",
      "type" : "VARCHAR",
      "value" : "/local_storage/reddit"
    },
    "system.biz.curdate" : {
      "prop" : "system.biz.curdate",
      "direct" : "IN",
      "type" : "VARCHAR",
      "value" : "20240504"
    },
    "system.task.instance.id" : {
      "prop" : "system.task.instance.id",
      "direct" : "IN",
      "type" : "VARCHAR",
      "value" : "2727"
    },
    "system.task.definition.code" : {
      "prop" : "system.task.definition.code",
      "direct" : "IN",
      "type" : "VARCHAR",
      "value" : "13481631725760"
    },
    "system.datetime" : {
      "prop" : "system.datetime",
      "direct" : "IN",
      "type" : "VARCHAR",
      "value" : "20240504013748"
    },
    "system.project.code" : {
      "prop" : "system.project.code",
      "direct" : "IN",
      "type" : "VARCHAR",
      "value" : "13010050770016"
    },
    "system.workflow.instance.id" : {
      "prop" : "system.workflow.instance.id",
      "direct" : "IN",
      "type" : "VARCHAR",
      "value" : "884"
    },
    "system.biz.date" : {
      "prop" : "system.biz.date",
      "direct" : "IN",
      "type" : "VARCHAR",
      "value" : "20240503"
    },
    "system.workflow.definition.name" : {
      "prop" : "system.workflow.definition.name",
      "direct" : "IN",
      "type" : "VARCHAR",
      "value" : "sd"
    },
    "system.workflow.definition.code" : {
      "prop" : "system.workflow.definition.code",
      "direct" : "IN",
      "type" : "VARCHAR",
      "value" : "13481656603328"
    }
  },
  "taskAppId" : "884_2727",
  "taskTimeout" : 2147483647,
  "workerGroup" : "default",
  "delayTime" : 0,
  "currentExecutionStatus" : "SUBMITTED_SUCCESS",
  "endTime" : 0,
  "dryRun" : 0,
  "paramsMap" : { },
  "cpuQuota" : -1,
  "memoryMax" : -1,
  "testFlag" : 0,
  "logBufferEnable" : false,
  "dispatchFailTimes" : 0
}
[INFO] 2024-05-04 01:37:48.285 +0800 - ***********************************************************************************************
[INFO] 2024-05-04 01:37:48.285 +0800 - *********************************  Load task instance plugin  *********************************
[INFO] 2024-05-04 01:37:48.286 +0800 - ***********************************************************************************************
[INFO] 2024-05-04 01:37:48.302 +0800 - Send task status RUNNING_EXECUTION master: 172.18.1.1:1234
[INFO] 2024-05-04 01:37:48.303 +0800 - TenantCode: default check successfully
[INFO] 2024-05-04 01:37:48.304 +0800 - WorkflowInstanceExecDir: /tmp/dolphinscheduler/exec/process/default/13010050770016/13481656603328_5/884/2727 check successfully
[INFO] 2024-05-04 01:37:48.305 +0800 - Create TaskChannel: org.apache.dolphinscheduler.plugin.task.shell.ShellTaskChannel successfully
[INFO] 2024-05-04 01:37:48.305 +0800 - Download resources successfully: 
ResourceContext(resourceItemMap={})
[INFO] 2024-05-04 01:37:48.305 +0800 - Download upstream files: [] successfully
[INFO] 2024-05-04 01:37:48.305 +0800 - Task plugin instance: SHELL create successfully
[INFO] 2024-05-04 01:37:48.306 +0800 - Initialize shell task params {
  "localParams" : [ {
    "prop" : "raw_file_dir",
    "direct" : "OUT",
    "type" : "VARCHAR",
    "value" : ""
  } ],
  "varPool" : null,
  "rawScript" : "# # find 1 raw file in the folder\n# raw_file_dir=$(find ${GNEWS_HOME}/${folder} -type f -name '*.json'| head -n 1)\n\n# # check if raw_file_dir is empty, then set raw_file_dir to null\n# if [ -z \"$raw_file_dir\" ]; then\n#     raw_file_dir=null\n# fi\n\necho \"#{setValue(raw_file_dir=local_storage)}\"\n",
  "resourceList" : [ ]
}
[INFO] 2024-05-04 01:37:48.306 +0800 - Success initialized task plugin instance successfully
[INFO] 2024-05-04 01:37:48.306 +0800 - Set taskVarPool: null successfully
[INFO] 2024-05-04 01:37:48.306 +0800 - ***********************************************************************************************
[INFO] 2024-05-04 01:37:48.306 +0800 - *********************************  Execute task instance  *************************************
[INFO] 2024-05-04 01:37:48.306 +0800 - ***********************************************************************************************
[INFO] 2024-05-04 01:37:48.307 +0800 - Final Shell file is: 
[INFO] 2024-05-04 01:37:48.307 +0800 - ****************************** Script Content *****************************************************************
[INFO] 2024-05-04 01:37:48.307 +0800 - #!/bin/bash
BASEDIR=$(cd `dirname $0`; pwd)
cd $BASEDIR
export PYTHON_LAUNCHER=/bin/python3.11
# # find 1 raw file in the folder
# raw_file_dir=$(find /local_storage/gnews/${folder} -type f -name '*.json'| head -n 1)

# # check if raw_file_dir is empty, then set raw_file_dir to null
# if [ -z "$raw_file_dir" ]; then
#     raw_file_dir=null
# fi

echo "#{setValue(raw_file_dir=local_storage)}"

[INFO] 2024-05-04 01:37:48.307 +0800 - ****************************** Script Content *****************************************************************
[INFO] 2024-05-04 01:37:48.307 +0800 - Executing shell command : sudo -u default -i /tmp/dolphinscheduler/exec/process/default/13010050770016/13481656603328_5/884/2727/884_2727.sh
[INFO] 2024-05-04 01:37:48.361 +0800 - process start, process id is: 1158
[INFO] 2024-05-04 01:37:49.367 +0800 -  -> 
	sudo: unable to change directory to /home/default: No such file or directory
	#{setValue(raw_file_dir=local_storage)}
[INFO] 2024-05-04 01:37:49.421 +0800 - process has exited. execute path:/tmp/dolphinscheduler/exec/process/default/13010050770016/13481656603328_5/884/2727, processId:1158 ,exitStatusCode:0 ,processWaitForStatus:true ,processExitValue:0
[INFO] 2024-05-04 01:37:49.421 +0800 - ***********************************************************************************************
[INFO] 2024-05-04 01:37:49.421 +0800 - *********************************  Finalize task instance  ************************************
[INFO] 2024-05-04 01:37:49.422 +0800 - ***********************************************************************************************
[INFO] 2024-05-04 01:37:49.422 +0800 - Upload output files: [] successfully
[INFO] 2024-05-04 01:37:49.483 +0800 - Send task execute status: SUCCESS to master : 172.18.1.1:1234
[INFO] 2024-05-04 01:37:49.484 +0800 - Remove the current task execute context from worker cache
[INFO] 2024-05-04 01:37:49.530 +0800 - The current execute mode isn't develop mode, will clear the task execute file: /tmp/dolphinscheduler/exec/process/default/13010050770016/13481656603328_5/884/2727
[INFO] 2024-05-04 01:37:49.532 +0800 - Success clear the task execute file: /tmp/dolphinscheduler/exec/process/default/13010050770016/13481656603328_5/884/2727
[INFO] 2024-05-04 01:37:49.532 +0800 - FINALIZE_SESSION
