[INFO] 2024-05-04 01:52:42.713 +0800 - Submit LogicTask: switch to MasterTaskExecutorThreadPool success
[INFO] 2024-05-04 01:52:42.713 +0800 - ***********************************************************************************************
[INFO] 2024-05-04 01:52:42.718 +0800 - *********************************  Initialize task context  ***********************************
[INFO] 2024-05-04 01:52:42.723 +0800 - ***********************************************************************************************
[INFO] 2024-05-04 01:52:42.723 +0800 - Begin to initialize task
[INFO] 2024-05-04 01:52:42.723 +0800 - Set task startTime: 1714758762723
[INFO] 2024-05-04 01:52:42.723 +0800 - Set task appId: 884_2762
[INFO] 2024-05-04 01:52:42.724 +0800 - End initialize task {
  "taskInstanceId" : 2762,
  "taskName" : "switch",
  "firstSubmitTime" : 1714758762703,
  "startTime" : 1714758762723,
  "taskType" : "SWITCH",
  "workflowInstanceHost" : "172.18.0.11:5678",
  "host" : "172.18.0.11:5678",
  "logPath" : "/opt/dolphinscheduler/logs/20240504/13481656603328/10/884/2762.log",
  "processId" : 0,
  "processDefineCode" : 13481656603328,
  "processDefineVersion" : 10,
  "processInstanceId" : 884,
  "scheduleTime" : 0,
  "executorId" : 1,
  "cmdTypeIfComplement" : 7,
  "tenantCode" : "default",
  "processDefineId" : 0,
  "projectId" : 0,
  "projectCode" : 13010050770016,
  "taskParams" : "{\"localParams\":[],\"rawScript\":\"\",\"resourceList\":[],\"switchResult\":{\"dependTaskList\":[{\"condition\":\"'${raw_file_dir}' == 'local_storage'\",\"nextNode\":13481650245952}],\"nextNode\":13481652501568}}",
  "environmentConfig" : "export PYTHON_LAUNCHER=/bin/python3.11",
  "prepareParamsMap" : {
    "GNEWS_HOME" : {
      "prop" : "GNEWS_HOME",
      "direct" : "IN",
      "type" : "VARCHAR",
      "value" : "/local_storage/gnews"
    },
    "system.task.definition.name" : {
      "prop" : "system.task.definition.name",
      "direct" : "IN",
      "type" : "VARCHAR",
      "value" : "switch"
    },
    "system.project.name" : {
      "prop" : "system.project.name",
      "direct" : "IN",
      "type" : "VARCHAR",
      "value" : null
    },
    "REDDIT_HOME" : {
      "prop" : "REDDIT_HOME",
      "direct" : "IN",
      "type" : "VARCHAR",
      "value" : "/local_storage/reddit"
    },
    "system.biz.curdate" : {
      "prop" : "system.biz.curdate",
      "direct" : "IN",
      "type" : "VARCHAR",
      "value" : "20240504"
    },
    "system.task.instance.id" : {
      "prop" : "system.task.instance.id",
      "direct" : "IN",
      "type" : "VARCHAR",
      "value" : "2762"
    },
    "system.task.definition.code" : {
      "prop" : "system.task.definition.code",
      "direct" : "IN",
      "type" : "VARCHAR",
      "value" : "13481646211264"
    },
    "system.datetime" : {
      "prop" : "system.datetime",
      "direct" : "IN",
      "type" : "VARCHAR",
      "value" : "20240504015242"
    },
    "system.project.code" : {
      "prop" : "system.project.code",
      "direct" : "IN",
      "type" : "VARCHAR",
      "value" : "13010050770016"
    },
    "system.workflow.instance.id" : {
      "prop" : "system.workflow.instance.id",
      "direct" : "IN",
      "type" : "VARCHAR",
      "value" : "884"
    },
    "raw_file_dir" : {
      "prop" : "raw_file_dir",
      "direct" : "IN",
      "type" : "VARCHAR",
      "value" : "'local_storage/'"
    },
    "system.biz.date" : {
      "prop" : "system.biz.date",
      "direct" : "IN",
      "type" : "VARCHAR",
      "value" : "20240503"
    },
    "system.workflow.definition.name" : {
      "prop" : "system.workflow.definition.name",
      "direct" : "IN",
      "type" : "VARCHAR",
      "value" : "sd"
    },
    "system.workflow.definition.code" : {
      "prop" : "system.workflow.definition.code",
      "direct" : "IN",
      "type" : "VARCHAR",
      "value" : "13481656603328"
    }
  },
  "taskAppId" : "884_2762",
  "taskTimeout" : 2147483647,
  "workerGroup" : "default",
  "delayTime" : 0,
  "currentExecutionStatus" : "SUBMITTED_SUCCESS",
  "endTime" : 0,
  "varPool" : "[{\"prop\":\"raw_file_dir\",\"direct\":\"IN\",\"type\":\"VARCHAR\",\"value\":\"'local_storage/'\"}]",
  "dryRun" : 0,
  "paramsMap" : { },
  "cpuQuota" : -1,
  "memoryMax" : -1,
  "testFlag" : 0,
  "logBufferEnable" : false,
  "dispatchFailTimes" : 0
}
[INFO] 2024-05-04 01:52:42.724 +0800 - ***********************************************************************************************
[INFO] 2024-05-04 01:52:42.724 +0800 - *********************************  Load task instance plugin  *********************************
[INFO] 2024-05-04 01:52:42.724 +0800 - ***********************************************************************************************
[INFO] 2024-05-04 01:52:42.727 +0800 - Send task status RUNNING_EXECUTION to master 172.18.0.11:5678
[INFO] 2024-05-04 01:52:42.727 +0800 - Success initialize task parameters: 
{
  "localParams" : null,
  "varPool" : null,
  "dependRelation" : null,
  "relation" : null,
  "nextNode" : [ 13481652501568 ],
  "resultConditionLocation" : 0,
  "dependTaskList" : [ {
    "condition" : "'${raw_file_dir}' == 'local_storage'",
    "nextNode" : [ 13481650245952 ]
  } ]
}
[INFO] 2024-05-04 01:52:42.728 +0800 - Initialized task plugin instance: SWITCH successfully
[INFO] 2024-05-04 01:52:42.728 +0800 - Initialize taskVarPool: [{"prop":"raw_file_dir","direct":"IN","type":"VARCHAR","value":"'local_storage/'"}] successfully
[INFO] 2024-05-04 01:52:42.729 +0800 - ***********************************************************************************************
[INFO] 2024-05-04 01:52:42.729 +0800 - *********************************  Execute task instance  *************************************
[INFO] 2024-05-04 01:52:42.730 +0800 - ***********************************************************************************************
[INFO] 2024-05-04 01:52:42.730 +0800 - Begin to execute 1 condition: '${raw_file_dir}' == 'local_storage' 
[INFO] 2024-05-04 01:52:42.730 +0800 - paramName:raw_file_dir，paramValue:"'local_storage/'"
[INFO] 2024-05-04 01:52:42.730 +0800 - Format condition sentence::""'local_storage/'"" == "local_storage" successfully
[INFO] 2024-05-04 01:52:42.732 +0800 - Execute condition sentence: ""'local_storage/'"" == "local_storage" failed
javax.script.ScriptException: <eval>:1:3 Expected ; but found local_storage/
""'local_storage/'"" == "local_storage"
   ^ in <eval> at line number 1 at column number 3
	at jdk.nashorn.api.scripting.NashornScriptEngine.throwAsScriptException(NashornScriptEngine.java:470)
	at jdk.nashorn.api.scripting.NashornScriptEngine.compileImpl(NashornScriptEngine.java:537)
	at jdk.nashorn.api.scripting.NashornScriptEngine.compileImpl(NashornScriptEngine.java:524)
	at jdk.nashorn.api.scripting.NashornScriptEngine.evalImpl(NashornScriptEngine.java:402)
	at jdk.nashorn.api.scripting.NashornScriptEngine.eval(NashornScriptEngine.java:155)
	at javax.script.AbstractScriptEngine.eval(AbstractScriptEngine.java:264)
	at org.apache.dolphinscheduler.server.master.utils.SwitchTaskUtils.evaluate(SwitchTaskUtils.java:61)
	at org.apache.dolphinscheduler.server.master.runner.task.switchtask.SwitchLogicTask.calculateConditionResult(SwitchLogicTask.java:113)
	at org.apache.dolphinscheduler.server.master.runner.task.switchtask.SwitchLogicTask.handle(SwitchLogicTask.java:72)
	at org.apache.dolphinscheduler.server.master.runner.execute.SyncMasterTaskExecutor.executeTask(SyncMasterTaskExecutor.java:44)
	at org.apache.dolphinscheduler.server.master.runner.execute.MasterTaskExecutor.run(MasterTaskExecutor.java:110)
	at java.util.concurrent.ThreadPoolExecutor.runWorker(ThreadPoolExecutor.java:1149)
	at java.util.concurrent.ThreadPoolExecutor$Worker.run(ThreadPoolExecutor.java:624)
	at java.lang.Thread.run(Thread.java:750)
Caused by: jdk.nashorn.internal.runtime.ParserException: <eval>:1:3 Expected ; but found local_storage/
""'local_storage/'"" == "local_storage"
   ^
	at jdk.nashorn.internal.parser.AbstractParser.error(AbstractParser.java:294)
	at jdk.nashorn.internal.parser.AbstractParser.error(AbstractParser.java:279)
	at jdk.nashorn.internal.parser.AbstractParser.expectDontAdvance(AbstractParser.java:350)
	at jdk.nashorn.internal.parser.AbstractParser.expect(AbstractParser.java:337)
	at jdk.nashorn.internal.parser.Parser.endOfLine(Parser.java:3372)
	at jdk.nashorn.internal.parser.Parser.expressionStatement(Parser.java:1160)
	at jdk.nashorn.internal.parser.Parser.statement(Parser.java:967)
	at jdk.nashorn.internal.parser.Parser.sourceElements(Parser.java:773)
	at jdk.nashorn.internal.parser.Parser.program(Parser.java:709)
	at jdk.nashorn.internal.parser.Parser.parse(Parser.java:283)
	at jdk.nashorn.internal.parser.Parser.parse(Parser.java:249)
	at jdk.nashorn.internal.runtime.Context.compile(Context.java:1284)
	at jdk.nashorn.internal.runtime.Context.compileScript(Context.java:1251)
	at jdk.nashorn.internal.runtime.Context.compileScript(Context.java:627)
	at jdk.nashorn.api.scripting.NashornScriptEngine.compileImpl(NashornScriptEngine.java:535)
	... 12 common frames omitted
[INFO] 2024-05-04 01:52:42.732 +0800 - The switch task depend result:FAILED, switch branch:1
[INFO] 2024-05-04 01:52:42.732 +0800 - Switch task execute finished, condition result is: FAILED, task status is: FAILURE
[INFO] 2024-05-04 01:52:42.733 +0800 - ***********************************************************************************************
[INFO] 2024-05-04 01:52:42.733 +0800 - *********************************  Finalize task instance  ************************************
[INFO] 2024-05-04 01:52:42.733 +0800 - ***********************************************************************************************
[INFO] 2024-05-04 01:52:42.736 +0800 - Send task status: FAILURE to master: 172.18.0.11:5678 successfully
[INFO] 2024-05-04 01:52:42.737 +0800 - Execute task finished, will send the task execute result to master, the current task execute result is FAILURE
[INFO] 2024-05-04 01:52:42.737 +0800 - FINALIZE_SESSION
