[INFO] 2024-04-24 17:44:28.340 +0800 - ***********************************************************************************************
[INFO] 2024-04-24 17:44:28.341 +0800 - *********************************  Initialize task context  ***********************************
[INFO] 2024-04-24 17:44:28.341 +0800 - ***********************************************************************************************
[INFO] 2024-04-24 17:44:28.341 +0800 - Begin to initialize task
[INFO] 2024-04-24 17:44:28.342 +0800 - Set task startTime: 1713951868342
[INFO] 2024-04-24 17:44:28.342 +0800 - Set task appId: 599_1529
[INFO] 2024-04-24 17:44:28.342 +0800 - End initialize task {
  "taskInstanceId" : 1529,
  "taskName" : "keyword filtering",
  "firstSubmitTime" : 1713951868330,
  "startTime" : 1713951868342,
  "taskType" : "PYTHON",
  "workflowInstanceHost" : "172.18.0.9:5678",
  "host" : "172.18.1.1:1234",
  "logPath" : "/opt/dolphinscheduler/logs/20240424/13377949373536/11/599/1529.log",
  "processId" : 0,
  "processDefineCode" : 13377949373536,
  "processDefineVersion" : 11,
  "processInstanceId" : 599,
  "scheduleTime" : 0,
  "globalParams" : "[{\"prop\":\"keywords\",\"direct\":\"IN\",\"type\":\"VARCHAR\",\"value\":\"\\\"singapore\\\", \\\"lol\\\"\"}]",
  "executorId" : 1,
  "cmdTypeIfComplement" : 7,
  "tenantCode" : "default",
  "processDefineId" : 0,
  "projectId" : 0,
  "projectCode" : 13010050770016,
  "taskParams" : "{\"localParams\":[],\"rawScript\":\"import pyspark\\nfrom pyspark.sql import SparkSession\\nfrom pyspark.sql.functions import concat, lit, split, udf, from_unixtime, col\\nfrom pyspark.sql.types import StringType\\nfrom pyspark import SparkFiles\\n\\n# Initialize Spark session in local mode\\nspark = SparkSession.builder \\\\\\n    .appName(\\\"Reddit Keyword Filtering\\\") \\\\\\n    .master(\\\"local\\\") \\\\\\n    .config(\\\"spark.jars.packages\\\", \\\"org.apache.spark:spark-sql-kafka-0-10_2.13:3.5.1\\\") \\\\\\n    .config(\\\"spark.driver.extraJavaOptions\\\", \\\"-Divy.cache.dir=/tmp -Divy.home=/tmp\\\") \\\\\\n    .getOrCreate()\\n\\nmessage = ${message}\\n\\nrdd = spark.sparkContext.parallelize([message])\\ndf = spark.read.json(rdd)\\n\\n# filter rows containing specific keywords\\nkeywords = [' ', 'sdf', 'sdfsdfsdf']\\n\\n# initialize the filter condition with False\\nfilter_condition = col(\\\"content\\\").contains(keywords[0])\\n\\n# loop through the rest of the keywords and update the filter condition\\nfor keyword in keywords[1:]:\\n    filter_condition = filter_condition | col(\\\"content\\\").contains(keyword)\\n\\n# apply the filter condition to the DataFrame\\nfiltered_df = df.filter(filter_condition)\\nfiltered_df.show()\\n\\nis_relevant = True if filtered_df.count()==1 else False\\n\\nfiltered_json = filtered_df.toJSON().collect()\\n\\n# define the parameters for the kafka broker and topic\\nkafka_params = {\\n    \\\"kafka.bootstrap.servers\\\": \\\"kafka:9092\\\",  # Kafka broker address\\n    \\\"topic\\\": \\\"reddit_filtered\\\"  # Kafka topic name\\n}\\n\\n# write data to Kafka\\nif is_relevant:\\n    spark \\\\\\n        .createDataFrame(filtered_json, StringType()) \\\\\\n        .write \\\\\\n        .format(\\\"kafka\\\") \\\\\\n        .options(**kafka_params) \\\\\\n        .save()\\n\\n\",\"resourceList\":[]}",
  "environmentConfig" : "export SPARK_HOME=/opt/spark-3.5.1-bin-hadoop3-scala2.13\nexport JAVA_HOME=/opt/java/openjdk\nexport PYSPARK_DRIVER_PYTHON=/bin/python3.11\nexport PYTHON_LAUNCHER=/bin/python3.11\nexport PYSPARK_PYTHON=/bin/python3.11",
  "prepareParamsMap" : {
    "system.task.definition.name" : {
      "prop" : "system.task.definition.name",
      "direct" : "IN",
      "type" : "VARCHAR",
      "value" : "keyword filtering"
    },
    "system.project.name" : {
      "prop" : "system.project.name",
      "direct" : "IN",
      "type" : "VARCHAR",
      "value" : null
    },
    "REDDIT_HOME" : {
      "prop" : "REDDIT_HOME",
      "direct" : "IN",
      "type" : "VARCHAR",
      "value" : "/local_storage/reddit"
    },
    "keywords" : {
      "prop" : "keywords",
      "direct" : "IN",
      "type" : "VARCHAR",
      "value" : "\"singapore\", \"lol\""
    },
    "system.biz.curdate" : {
      "prop" : "system.biz.curdate",
      "direct" : "IN",
      "type" : "VARCHAR",
      "value" : "20240424"
    },
    "system.task.instance.id" : {
      "prop" : "system.task.instance.id",
      "direct" : "IN",
      "type" : "VARCHAR",
      "value" : "1529"
    },
    "message" : {
      "prop" : "message",
      "direct" : "IN",
      "type" : "VARCHAR",
      "value" : "{\"user\":\"NekoIdo\",\"content\":\"https://preview.redd.it/u68bjywya5wc1.png?width=808&format=png&auto=webp&s=d42529d6566d93e3df2f8be398afd887a258d020\\n\\nFound the deleted post [here](https://www.reddit.com/r/SGExams/comments/1capzon/hi_i_am_the_driver_of_snh7z_i_would_like_to_clear/).  \\nMain content has been deleted by mods but the comments are definitely not buying his excuse.\\n\\nAlso someone else posted another captured instance of this same driver being a road menace here:  \\n[https://forums.hardwarezone.com.sg/threads/gvgt-snh7z-mercedes-glc43-tailgating-cambike-try-to-force-cambike-off-the-road.7022346/](https://forums.hardwarezone.com.sg/threads/gvgt-snh7z-mercedes-glc43-tailgating-cambike-try-to-force-cambike-off-the-road.7022346/)\\n\\nPersonally I think it's really lucky for this Benz driver that the SAAB driver survived, or the spotlight would shine solely on him.\",\"url\":\"https://www.reddit.com/r/singapore/comments/1cau62k/screenshot_of_snh7z_drivers_alleged_self/\",\"context\":\"Screenshot of SNH7Z Driver's alleged \\\"Self Justification\\\"\",\"score\":432,\"subreddit\":\"singapore\",\"type\":\"post\",\"id\":\"1cau62k\",\"datetime\":\"2024-04-23 11:06:00\"}"
    },
    "system.task.definition.code" : {
      "prop" : "system.task.definition.code",
      "direct" : "IN",
      "type" : "VARCHAR",
      "value" : "13377752024032"
    },
    "system.datetime" : {
      "prop" : "system.datetime",
      "direct" : "IN",
      "type" : "VARCHAR",
      "value" : "20240424174428"
    },
    "system.project.code" : {
      "prop" : "system.project.code",
      "direct" : "IN",
      "type" : "VARCHAR",
      "value" : "13010050770016"
    },
    "system.workflow.instance.id" : {
      "prop" : "system.workflow.instance.id",
      "direct" : "IN",
      "type" : "VARCHAR",
      "value" : "599"
    },
    "system.biz.date" : {
      "prop" : "system.biz.date",
      "direct" : "IN",
      "type" : "VARCHAR",
      "value" : "20240423"
    },
    "system.workflow.definition.name" : {
      "prop" : "system.workflow.definition.name",
      "direct" : "IN",
      "type" : "VARCHAR",
      "value" : "filter_post"
    },
    "system.workflow.definition.code" : {
      "prop" : "system.workflow.definition.code",
      "direct" : "IN",
      "type" : "VARCHAR",
      "value" : "13377949373536"
    }
  },
  "taskAppId" : "599_1529",
  "taskTimeout" : 2147483647,
  "workerGroup" : "default",
  "delayTime" : 0,
  "currentExecutionStatus" : "SUBMITTED_SUCCESS",
  "endTime" : 0,
  "varPool" : "[{\"prop\":\"message\",\"direct\":\"IN\",\"type\":\"VARCHAR\",\"value\":\"{\\\"user\\\":\\\"NekoIdo\\\",\\\"content\\\":\\\"https://preview.redd.it/u68bjywya5wc1.png?width=808&format=png&auto=webp&s=d42529d6566d93e3df2f8be398afd887a258d020\\\\n\\\\nFound the deleted post [here](https://www.reddit.com/r/SGExams/comments/1capzon/hi_i_am_the_driver_of_snh7z_i_would_like_to_clear/).  \\\\nMain content has been deleted by mods but the comments are definitely not buying his excuse.\\\\n\\\\nAlso someone else posted another captured instance of this same driver being a road menace here:  \\\\n[https://forums.hardwarezone.com.sg/threads/gvgt-snh7z-mercedes-glc43-tailgating-cambike-try-to-force-cambike-off-the-road.7022346/](https://forums.hardwarezone.com.sg/threads/gvgt-snh7z-mercedes-glc43-tailgating-cambike-try-to-force-cambike-off-the-road.7022346/)\\\\n\\\\nPersonally I think it's really lucky for this Benz driver that the SAAB driver survived, or the spotlight would shine solely on him.\\\",\\\"url\\\":\\\"https://www.reddit.com/r/singapore/comments/1cau62k/screenshot_of_snh7z_drivers_alleged_self/\\\",\\\"context\\\":\\\"Screenshot of SNH7Z Driver's alleged \\\\\\\"Self Justification\\\\\\\"\\\",\\\"score\\\":432,\\\"subreddit\\\":\\\"singapore\\\",\\\"type\\\":\\\"post\\\",\\\"id\\\":\\\"1cau62k\\\",\\\"datetime\\\":\\\"2024-04-23 11:06:00\\\"}\"}]",
  "dryRun" : 0,
  "paramsMap" : { },
  "cpuQuota" : -1,
  "memoryMax" : -1,
  "testFlag" : 0,
  "logBufferEnable" : false,
  "dispatchFailTimes" : 0
}
[INFO] 2024-04-24 17:44:28.343 +0800 - ***********************************************************************************************
[INFO] 2024-04-24 17:44:28.344 +0800 - *********************************  Load task instance plugin  *********************************
[INFO] 2024-04-24 17:44:28.344 +0800 - ***********************************************************************************************
[INFO] 2024-04-24 17:44:28.352 +0800 - Send task status RUNNING_EXECUTION master: 172.18.1.1:1234
[INFO] 2024-04-24 17:44:28.353 +0800 - TenantCode: default check successfully
[INFO] 2024-04-24 17:44:28.353 +0800 - WorkflowInstanceExecDir: /tmp/dolphinscheduler/exec/process/default/13010050770016/13377949373536_11/599/1529 check successfully
[INFO] 2024-04-24 17:44:28.353 +0800 - Create TaskChannel: org.apache.dolphinscheduler.plugin.task.python.PythonTaskChannel successfully
[INFO] 2024-04-24 17:44:28.353 +0800 - Download resources successfully: 
ResourceContext(resourceItemMap={})
[INFO] 2024-04-24 17:44:28.354 +0800 - Download upstream files: [] successfully
[INFO] 2024-04-24 17:44:28.354 +0800 - Task plugin instance: PYTHON create successfully
[INFO] 2024-04-24 17:44:28.354 +0800 - Initialize python task params {
  "localParams" : [ ],
  "varPool" : null,
  "rawScript" : "import pyspark\nfrom pyspark.sql import SparkSession\nfrom pyspark.sql.functions import concat, lit, split, udf, from_unixtime, col\nfrom pyspark.sql.types import StringType\nfrom pyspark import SparkFiles\n\n# Initialize Spark session in local mode\nspark = SparkSession.builder \\\n    .appName(\"Reddit Keyword Filtering\") \\\n    .master(\"local\") \\\n    .config(\"spark.jars.packages\", \"org.apache.spark:spark-sql-kafka-0-10_2.13:3.5.1\") \\\n    .config(\"spark.driver.extraJavaOptions\", \"-Divy.cache.dir=/tmp -Divy.home=/tmp\") \\\n    .getOrCreate()\n\nmessage = ${message}\n\nrdd = spark.sparkContext.parallelize([message])\ndf = spark.read.json(rdd)\n\n# filter rows containing specific keywords\nkeywords = [' ', 'sdf', 'sdfsdfsdf']\n\n# initialize the filter condition with False\nfilter_condition = col(\"content\").contains(keywords[0])\n\n# loop through the rest of the keywords and update the filter condition\nfor keyword in keywords[1:]:\n    filter_condition = filter_condition | col(\"content\").contains(keyword)\n\n# apply the filter condition to the DataFrame\nfiltered_df = df.filter(filter_condition)\nfiltered_df.show()\n\nis_relevant = True if filtered_df.count()==1 else False\n\nfiltered_json = filtered_df.toJSON().collect()\n\n# define the parameters for the kafka broker and topic\nkafka_params = {\n    \"kafka.bootstrap.servers\": \"kafka:9092\",  # Kafka broker address\n    \"topic\": \"reddit_filtered\"  # Kafka topic name\n}\n\n# write data to Kafka\nif is_relevant:\n    spark \\\n        .createDataFrame(filtered_json, StringType()) \\\n        .write \\\n        .format(\"kafka\") \\\n        .options(**kafka_params) \\\n        .save()\n\n",
  "resourceList" : [ ]
}
[INFO] 2024-04-24 17:44:28.354 +0800 - Success initialized task plugin instance successfully
[INFO] 2024-04-24 17:44:28.354 +0800 - Set taskVarPool: [{"prop":"message","direct":"IN","type":"VARCHAR","value":"{\"user\":\"NekoIdo\",\"content\":\"https://preview.redd.it/u68bjywya5wc1.png?width=808&format=png&auto=webp&s=d42529d6566d93e3df2f8be398afd887a258d020\\n\\nFound the deleted post [here](https://www.reddit.com/r/SGExams/comments/1capzon/hi_i_am_the_driver_of_snh7z_i_would_like_to_clear/).  \\nMain content has been deleted by mods but the comments are definitely not buying his excuse.\\n\\nAlso someone else posted another captured instance of this same driver being a road menace here:  \\n[https://forums.hardwarezone.com.sg/threads/gvgt-snh7z-mercedes-glc43-tailgating-cambike-try-to-force-cambike-off-the-road.7022346/](https://forums.hardwarezone.com.sg/threads/gvgt-snh7z-mercedes-glc43-tailgating-cambike-try-to-force-cambike-off-the-road.7022346/)\\n\\nPersonally I think it's really lucky for this Benz driver that the SAAB driver survived, or the spotlight would shine solely on him.\",\"url\":\"https://www.reddit.com/r/singapore/comments/1cau62k/screenshot_of_snh7z_drivers_alleged_self/\",\"context\":\"Screenshot of SNH7Z Driver's alleged \\\"Self Justification\\\"\",\"score\":432,\"subreddit\":\"singapore\",\"type\":\"post\",\"id\":\"1cau62k\",\"datetime\":\"2024-04-23 11:06:00\"}"}] successfully
[INFO] 2024-04-24 17:44:28.355 +0800 - ***********************************************************************************************
[INFO] 2024-04-24 17:44:28.355 +0800 - *********************************  Execute task instance  *************************************
[INFO] 2024-04-24 17:44:28.355 +0800 - ***********************************************************************************************
[INFO] 2024-04-24 17:44:28.355 +0800 - raw python script : import pyspark
from pyspark.sql import SparkSession
from pyspark.sql.functions import concat, lit, split, udf, from_unixtime, col
from pyspark.sql.types import StringType
from pyspark import SparkFiles

# Initialize Spark session in local mode
spark = SparkSession.builder \
    .appName("Reddit Keyword Filtering") \
    .master("local") \
    .config("spark.jars.packages", "org.apache.spark:spark-sql-kafka-0-10_2.13:3.5.1") \
    .config("spark.driver.extraJavaOptions", "-Divy.cache.dir=/tmp -Divy.home=/tmp") \
    .getOrCreate()

message = ${message}

rdd = spark.sparkContext.parallelize([message])
df = spark.read.json(rdd)

# filter rows containing specific keywords
keywords = [' ', 'sdf', 'sdfsdfsdf']

# initialize the filter condition with False
filter_condition = col("content").contains(keywords[0])

# loop through the rest of the keywords and update the filter condition
for keyword in keywords[1:]:
    filter_condition = filter_condition | col("content").contains(keyword)

# apply the filter condition to the DataFrame
filtered_df = df.filter(filter_condition)
filtered_df.show()

is_relevant = True if filtered_df.count()==1 else False

filtered_json = filtered_df.toJSON().collect()

# define the parameters for the kafka broker and topic
kafka_params = {
    "kafka.bootstrap.servers": "kafka:9092",  # Kafka broker address
    "topic": "reddit_filtered"  # Kafka topic name
}

# write data to Kafka
if is_relevant:
    spark \
        .createDataFrame(filtered_json, StringType()) \
        .write \
        .format("kafka") \
        .options(**kafka_params) \
        .save()


[INFO] 2024-04-24 17:44:28.355 +0800 - tenantCode :default, task dir:/tmp/dolphinscheduler/exec/process/default/13010050770016/13377949373536_11/599/1529
[INFO] 2024-04-24 17:44:28.355 +0800 - generate python script file:/tmp/dolphinscheduler/exec/process/default/13010050770016/13377949373536_11/599/1529/py_599_1529.py
[INFO] 2024-04-24 17:44:28.355 +0800 - #-*- encoding=utf8 -*-

import pyspark
from pyspark.sql import SparkSession
from pyspark.sql.functions import concat, lit, split, udf, from_unixtime, col
from pyspark.sql.types import StringType
from pyspark import SparkFiles

# Initialize Spark session in local mode
spark = SparkSession.builder \
    .appName("Reddit Keyword Filtering") \
    .master("local") \
    .config("spark.jars.packages", "org.apache.spark:spark-sql-kafka-0-10_2.13:3.5.1") \
    .config("spark.driver.extraJavaOptions", "-Divy.cache.dir=/tmp -Divy.home=/tmp") \
    .getOrCreate()

message = {"user":"NekoIdo","content":"https://preview.redd.it/u68bjywya5wc1.png?width=808&format=png&auto=webp&s=d42529d6566d93e3df2f8be398afd887a258d020\n\nFound the deleted post [here](https://www.reddit.com/r/SGExams/comments/1capzon/hi_i_am_the_driver_of_snh7z_i_would_like_to_clear/).  \nMain content has been deleted by mods but the comments are definitely not buying his excuse.\n\nAlso someone else posted another captured instance of this same driver being a road menace here:  \n[https://forums.hardwarezone.com.sg/threads/gvgt-snh7z-mercedes-glc43-tailgating-cambike-try-to-force-cambike-off-the-road.7022346/](https://forums.hardwarezone.com.sg/threads/gvgt-snh7z-mercedes-glc43-tailgating-cambike-try-to-force-cambike-off-the-road.7022346/)\n\nPersonally I think it's really lucky for this Benz driver that the SAAB driver survived, or the spotlight would shine solely on him.","url":"https://www.reddit.com/r/singapore/comments/1cau62k/screenshot_of_snh7z_drivers_alleged_self/","context":"Screenshot of SNH7Z Driver's alleged \"Self Justification\"","score":432,"subreddit":"singapore","type":"post","id":"1cau62k","datetime":"2024-04-23 11:06:00"}

rdd = spark.sparkContext.parallelize([message])
df = spark.read.json(rdd)

# filter rows containing specific keywords
keywords = [' ', 'sdf', 'sdfsdfsdf']

# initialize the filter condition with False
filter_condition = col("content").contains(keywords[0])

# loop through the rest of the keywords and update the filter condition
for keyword in keywords[1:]:
    filter_condition = filter_condition | col("content").contains(keyword)

# apply the filter condition to the DataFrame
filtered_df = df.filter(filter_condition)
filtered_df.show()

is_relevant = True if filtered_df.count()==1 else False

filtered_json = filtered_df.toJSON().collect()

# define the parameters for the kafka broker and topic
kafka_params = {
    "kafka.bootstrap.servers": "kafka:9092",  # Kafka broker address
    "topic": "reddit_filtered"  # Kafka topic name
}

# write data to Kafka
if is_relevant:
    spark \
        .createDataFrame(filtered_json, StringType()) \
        .write \
        .format("kafka") \
        .options(**kafka_params) \
        .save()


[INFO] 2024-04-24 17:44:28.356 +0800 - Final Shell file is: 
[INFO] 2024-04-24 17:44:28.356 +0800 - ****************************** Script Content *****************************************************************
[INFO] 2024-04-24 17:44:28.356 +0800 - #!/bin/bash
BASEDIR=$(cd `dirname $0`; pwd)
cd $BASEDIR
export SPARK_HOME=/opt/spark-3.5.1-bin-hadoop3-scala2.13
export JAVA_HOME=/opt/java/openjdk
export PYSPARK_DRIVER_PYTHON=/bin/python3.11
export PYTHON_LAUNCHER=/bin/python3.11
export PYSPARK_PYTHON=/bin/python3.11
${PYTHON_LAUNCHER} /tmp/dolphinscheduler/exec/process/default/13010050770016/13377949373536_11/599/1529/py_599_1529.py
[INFO] 2024-04-24 17:44:28.356 +0800 - ****************************** Script Content *****************************************************************
[INFO] 2024-04-24 17:44:28.356 +0800 - Executing shell command : sudo -u default -i /tmp/dolphinscheduler/exec/process/default/13010050770016/13377949373536_11/599/1529/599_1529.sh
[INFO] 2024-04-24 17:44:28.374 +0800 - process start, process id is: 6210
[INFO] 2024-04-24 17:44:29.384 +0800 -  -> 
	sudo: unable to change directory to /home/default: No such file or directory
[INFO] 2024-04-24 17:44:31.421 +0800 -  -> 
	:: loading settings :: url = jar:file:/opt/spark-3.5.1-bin-hadoop3-scala2.13/jars/ivy-2.5.1.jar!/org/apache/ivy/core/settings/ivysettings.xml
	Ivy Default Cache set to: /tmp
	The jars for the packages stored in: /tmp/jars
	org.apache.spark#spark-sql-kafka-0-10_2.13 added as a dependency
	:: resolving dependencies :: org.apache.spark#spark-submit-parent-421e0a9f-fb7e-4149-ad44-3a36a98e9d82;1.0
		confs: [default]
		found org.apache.spark#spark-sql-kafka-0-10_2.13;3.5.1 in central
		found org.apache.spark#spark-token-provider-kafka-0-10_2.13;3.5.1 in central
		found org.apache.kafka#kafka-clients;3.4.1 in central
		found org.lz4#lz4-java;1.8.0 in central
		found org.xerial.snappy#snappy-java;1.1.10.3 in central
		found org.slf4j#slf4j-api;2.0.7 in central
		found org.apache.hadoop#hadoop-client-runtime;3.3.4 in central
		found org.apache.hadoop#hadoop-client-api;3.3.4 in central
		found commons-logging#commons-logging;1.1.3 in central
		found com.google.code.findbugs#jsr305;3.0.0 in central
		found org.scala-lang.modules#scala-parallel-collections_2.13;1.0.4 in central
		found org.apache.commons#commons-pool2;2.11.1 in central
	:: resolution report :: resolve 609ms :: artifacts dl 17ms
		:: modules in use:
		com.google.code.findbugs#jsr305;3.0.0 from central in [default]
		commons-logging#commons-logging;1.1.3 from central in [default]
		org.apache.commons#commons-pool2;2.11.1 from central in [default]
		org.apache.hadoop#hadoop-client-api;3.3.4 from central in [default]
		org.apache.hadoop#hadoop-client-runtime;3.3.4 from central in [default]
		org.apache.kafka#kafka-clients;3.4.1 from central in [default]
		org.apache.spark#spark-sql-kafka-0-10_2.13;3.5.1 from central in [default]
		org.apache.spark#spark-token-provider-kafka-0-10_2.13;3.5.1 from central in [default]
		org.lz4#lz4-java;1.8.0 from central in [default]
		org.scala-lang.modules#scala-parallel-collections_2.13;1.0.4 from central in [default]
		org.slf4j#slf4j-api;2.0.7 from central in [default]
		org.xerial.snappy#snappy-java;1.1.10.3 from central in [default]
		---------------------------------------------------------------------
		|                  |            modules            ||   artifacts   |
		|       conf       | number| search|dwnlded|evicted|| number|dwnlded|
		---------------------------------------------------------------------
		|      default     |   12  |   0   |   0   |   0   ||   12  |   0   |
		---------------------------------------------------------------------
	:: retrieving :: org.apache.spark#spark-submit-parent-421e0a9f-fb7e-4149-ad44-3a36a98e9d82
		confs: [default]
		0 artifacts copied, 12 already retrieved (0kB/14ms)
[INFO] 2024-04-24 17:44:32.423 +0800 -  -> 
	24/04/24 17:44:31 WARN NativeCodeLoader: Unable to load native-hadoop library for your platform... using builtin-java classes where applicable
	Setting default log level to "WARN".
	To adjust logging level use sc.setLogLevel(newLevel). For SparkR, use setLogLevel(newLevel).
[INFO] 2024-04-24 17:44:41.436 +0800 -  -> 
	
	[Stage 0:>                                                          (0 + 1) / 1]
[INFO] 2024-04-24 17:44:42.440 +0800 -  -> 
	
	                                                                                
[INFO] 2024-04-24 17:44:46.454 +0800 -  -> 
	
	[Stage 6:>                                                          (0 + 1) / 1]
	
	                                                                                
	+--------------------+--------------------+-------------------+-------+-----+---------+----+--------------------+-------+
	|             content|             context|           datetime|     id|score|subreddit|type|                 url|   user|
	+--------------------+--------------------+-------------------+-------+-----+---------+----+--------------------+-------+
	|https://preview.r...|Screenshot of SNH...|2024-04-23 11:06:00|1cau62k|  432|singapore|post|https://www.reddi...|NekoIdo|
	+--------------------+--------------------+-------------------+-------+-----+---------+----+--------------------+-------+
	
[INFO] 2024-04-24 17:44:47.456 +0800 - process has exited. execute path:/tmp/dolphinscheduler/exec/process/default/13010050770016/13377949373536_11/599/1529, processId:6210 ,exitStatusCode:0 ,processWaitForStatus:true ,processExitValue:0
[INFO] 2024-04-24 17:44:47.458 +0800 - ***********************************************************************************************
[INFO] 2024-04-24 17:44:47.458 +0800 - *********************************  Finalize task instance  ************************************
[INFO] 2024-04-24 17:44:47.458 +0800 - ***********************************************************************************************
[INFO] 2024-04-24 17:44:47.459 +0800 - Upload output files: [] successfully
[INFO] 2024-04-24 17:44:47.462 +0800 - Send task execute status: SUCCESS to master : 172.18.1.1:1234
[INFO] 2024-04-24 17:44:47.463 +0800 - Remove the current task execute context from worker cache
[INFO] 2024-04-24 17:44:47.464 +0800 - The current execute mode isn't develop mode, will clear the task execute file: /tmp/dolphinscheduler/exec/process/default/13010050770016/13377949373536_11/599/1529
[INFO] 2024-04-24 17:44:47.465 +0800 - Success clear the task execute file: /tmp/dolphinscheduler/exec/process/default/13010050770016/13377949373536_11/599/1529
[INFO] 2024-04-24 17:44:47.466 +0800 - FINALIZE_SESSION
