[INFO] 2024-04-17 15:34:01.566 +0800 - ***********************************************************************************************
[INFO] 2024-04-17 15:34:01.571 +0800 - *********************************  Initialize task context  ***********************************
[INFO] 2024-04-17 15:34:01.571 +0800 - ***********************************************************************************************
[INFO] 2024-04-17 15:34:01.572 +0800 - Begin to initialize task
[INFO] 2024-04-17 15:34:01.573 +0800 - Set task startTime: 1713339241573
[INFO] 2024-04-17 15:34:01.574 +0800 - Set task appId: 293_625
[INFO] 2024-04-17 15:34:01.576 +0800 - End initialize task {
  "taskInstanceId" : 625,
  "taskName" : "num_gen_2",
  "firstSubmitTime" : 1713339241552,
  "startTime" : 1713339241573,
  "taskType" : "SHELL",
  "workflowInstanceHost" : "172.27.0.8:5678",
  "host" : "172.27.0.12:1234",
  "logPath" : "/opt/dolphinscheduler/logs/20240417/13001314456096/40/293/625.log",
  "processId" : 0,
  "processDefineCode" : 13001314456096,
  "processDefineVersion" : 40,
  "processInstanceId" : 293,
  "scheduleTime" : 0,
  "executorId" : 1,
  "cmdTypeIfComplement" : 0,
  "tenantCode" : "default",
  "processDefineId" : 0,
  "projectId" : 0,
  "projectCode" : 13001194483488,
  "taskParams" : "{\"localParams\":[{\"prop\":\"num2\",\"direct\":\"OUT\",\"type\":\"VARCHAR\",\"value\":\"\"}],\"rawScript\":\"#!/bin/bash\\n\\n# Generate a random number between 0 and 1\\nrandom_number=$((RANDOM % 2))\\n\\necho \\\"Random number: ${random_number}\\\"\\necho \\\"#{setValue(num2=${random_number})}\\\"\",\"resourceList\":[]}",
  "prepareParamsMap" : {
    "system.task.definition.name" : {
      "prop" : "system.task.definition.name",
      "direct" : "IN",
      "type" : "VARCHAR",
      "value" : "num_gen_2"
    },
    "system.project.name" : {
      "prop" : "system.project.name",
      "direct" : "IN",
      "type" : "VARCHAR",
      "value" : null
    },
    "system.project.code" : {
      "prop" : "system.project.code",
      "direct" : "IN",
      "type" : "VARCHAR",
      "value" : "13001194483488"
    },
    "system.workflow.instance.id" : {
      "prop" : "system.workflow.instance.id",
      "direct" : "IN",
      "type" : "VARCHAR",
      "value" : "293"
    },
    "system.biz.curdate" : {
      "prop" : "system.biz.curdate",
      "direct" : "IN",
      "type" : "VARCHAR",
      "value" : "20240417"
    },
    "system.biz.date" : {
      "prop" : "system.biz.date",
      "direct" : "IN",
      "type" : "VARCHAR",
      "value" : "20240416"
    },
    "system.task.instance.id" : {
      "prop" : "system.task.instance.id",
      "direct" : "IN",
      "type" : "VARCHAR",
      "value" : "625"
    },
    "system.workflow.definition.name" : {
      "prop" : "system.workflow.definition.name",
      "direct" : "IN",
      "type" : "VARCHAR",
      "value" : "random_numbers_generator"
    },
    "system.task.definition.code" : {
      "prop" : "system.task.definition.code",
      "direct" : "IN",
      "type" : "VARCHAR",
      "value" : "13001319154336"
    },
    "system.workflow.definition.code" : {
      "prop" : "system.workflow.definition.code",
      "direct" : "IN",
      "type" : "VARCHAR",
      "value" : "13001314456096"
    },
    "system.datetime" : {
      "prop" : "system.datetime",
      "direct" : "IN",
      "type" : "VARCHAR",
      "value" : "20240417153401"
    }
  },
  "taskAppId" : "293_625",
  "taskTimeout" : 2147483647,
  "workerGroup" : "default",
  "delayTime" : 0,
  "currentExecutionStatus" : "SUBMITTED_SUCCESS",
  "endTime" : 0,
  "dryRun" : 0,
  "paramsMap" : { },
  "cpuQuota" : -1,
  "memoryMax" : -1,
  "testFlag" : 0,
  "logBufferEnable" : false,
  "dispatchFailTimes" : 0
}
[INFO] 2024-04-17 15:34:01.576 +0800 - ***********************************************************************************************
[INFO] 2024-04-17 15:34:01.576 +0800 - *********************************  Load task instance plugin  *********************************
[INFO] 2024-04-17 15:34:01.576 +0800 - ***********************************************************************************************
[INFO] 2024-04-17 15:34:01.588 +0800 - Send task status RUNNING_EXECUTION master: 172.27.0.12:1234
[INFO] 2024-04-17 15:34:01.588 +0800 - TenantCode: default check successfully
[INFO] 2024-04-17 15:34:01.588 +0800 - WorkflowInstanceExecDir: /tmp/dolphinscheduler/exec/process/default/13001194483488/13001314456096_40/293/625 check successfully
[INFO] 2024-04-17 15:34:01.589 +0800 - Create TaskChannel: org.apache.dolphinscheduler.plugin.task.shell.ShellTaskChannel successfully
[INFO] 2024-04-17 15:34:01.589 +0800 - Download resources successfully: 
ResourceContext(resourceItemMap={})
[INFO] 2024-04-17 15:34:01.589 +0800 - Download upstream files: [] successfully
[INFO] 2024-04-17 15:34:01.589 +0800 - Task plugin instance: SHELL create successfully
[INFO] 2024-04-17 15:34:01.590 +0800 - Initialize shell task params {
  "localParams" : [ {
    "prop" : "num2",
    "direct" : "OUT",
    "type" : "VARCHAR",
    "value" : ""
  } ],
  "varPool" : null,
  "rawScript" : "#!/bin/bash\n\n# Generate a random number between 0 and 1\nrandom_number=$((RANDOM % 2))\n\necho \"Random number: ${random_number}\"\necho \"#{setValue(num2=${random_number})}\"",
  "resourceList" : [ ]
}
[INFO] 2024-04-17 15:34:01.590 +0800 - Success initialized task plugin instance successfully
[INFO] 2024-04-17 15:34:01.590 +0800 - Set taskVarPool: null successfully
[INFO] 2024-04-17 15:34:01.590 +0800 - ***********************************************************************************************
[INFO] 2024-04-17 15:34:01.591 +0800 - *********************************  Execute task instance  *************************************
[INFO] 2024-04-17 15:34:01.591 +0800 - ***********************************************************************************************
[INFO] 2024-04-17 15:34:01.591 +0800 - Final Shell file is: 
[INFO] 2024-04-17 15:34:01.591 +0800 - ****************************** Script Content *****************************************************************
[INFO] 2024-04-17 15:34:01.592 +0800 - #!/bin/bash
BASEDIR=$(cd `dirname $0`; pwd)
cd $BASEDIR
#!/bin/bash

# Generate a random number between 0 and 1
random_number=$((RANDOM % 2))

echo "Random number: ${random_number}"
echo "#{setValue(num2=${random_number})}"
[INFO] 2024-04-17 15:34:01.592 +0800 - ****************************** Script Content *****************************************************************
[INFO] 2024-04-17 15:34:01.592 +0800 - Executing shell command : sudo -u default -i /tmp/dolphinscheduler/exec/process/default/13001194483488/13001314456096_40/293/625/293_625.sh
[INFO] 2024-04-17 15:34:01.612 +0800 - process start, process id is: 3627
[INFO] 2024-04-17 15:34:01.613 +0800 -  -> 
	sudo: unable to change directory to /home/default: No such file or directory
[INFO] 2024-04-17 15:34:02.621 +0800 -  -> 
	Random number: 1
	#{setValue(num2=1)}
[INFO] 2024-04-17 15:34:02.622 +0800 - process has exited. execute path:/tmp/dolphinscheduler/exec/process/default/13001194483488/13001314456096_40/293/625, processId:3627 ,exitStatusCode:0 ,processWaitForStatus:true ,processExitValue:0
[INFO] 2024-04-17 15:34:02.623 +0800 - ***********************************************************************************************
[INFO] 2024-04-17 15:34:02.624 +0800 - *********************************  Finalize task instance  ************************************
[INFO] 2024-04-17 15:34:02.624 +0800 - ***********************************************************************************************
[INFO] 2024-04-17 15:34:02.625 +0800 - Upload output files: [] successfully
[INFO] 2024-04-17 15:34:02.628 +0800 - Send task execute status: SUCCESS to master : 172.27.0.12:1234
[INFO] 2024-04-17 15:34:02.628 +0800 - Remove the current task execute context from worker cache
[INFO] 2024-04-17 15:34:02.628 +0800 - The current execute mode isn't develop mode, will clear the task execute file: /tmp/dolphinscheduler/exec/process/default/13001194483488/13001314456096_40/293/625
[INFO] 2024-04-17 15:34:02.629 +0800 - Success clear the task execute file: /tmp/dolphinscheduler/exec/process/default/13001194483488/13001314456096_40/293/625
[INFO] 2024-04-17 15:34:02.629 +0800 - FINALIZE_SESSION
