[INFO] 2024-03-21 19:40:37.409 +0800 - ***********************************************************************************************
[INFO] 2024-03-21 19:40:37.428 +0800 - *********************************  Initialize task context  ***********************************
[INFO] 2024-03-21 19:40:37.428 +0800 - ***********************************************************************************************
[INFO] 2024-03-21 19:40:37.429 +0800 - Begin to initialize task
[INFO] 2024-03-21 19:40:37.431 +0800 - Set task startTime: 1711021237431
[INFO] 2024-03-21 19:40:37.433 +0800 - Set task appId: 16_99
[INFO] 2024-03-21 19:40:37.449 +0800 - End initialize task {
  "taskInstanceId" : 99,
  "taskName" : "show final state",
  "firstSubmitTime" : 1711021237388,
  "startTime" : 1711021237431,
  "taskType" : "SHELL",
  "workflowInstanceHost" : "172.19.0.5:5678",
  "host" : "172.19.0.7:1234",
  "logPath" : "/opt/dolphinscheduler/logs/20240321/13001314456096/20/16/99.log",
  "processId" : 0,
  "processDefineCode" : 13001314456096,
  "processDefineVersion" : 20,
  "processInstanceId" : 16,
  "scheduleTime" : 0,
  "executorId" : 1,
  "cmdTypeIfComplement" : 0,
  "tenantCode" : "default",
  "processDefineId" : 0,
  "projectId" : 0,
  "projectCode" : 13001194483488,
  "taskParams" : "{\"localParams\":[],\"rawScript\":\"echo \\\"${num1}\\\"\\necho \\\"${num2}\\\"\\necho \\\"${task_completed}\\\"\",\"resourceList\":[]}",
  "prepareParamsMap" : {
    "system.task.definition.name" : {
      "prop" : "system.task.definition.name",
      "direct" : "IN",
      "type" : "VARCHAR",
      "value" : "show final state"
    },
    "system.project.name" : {
      "prop" : "system.project.name",
      "direct" : "IN",
      "type" : "VARCHAR",
      "value" : null
    },
    "system.biz.curdate" : {
      "prop" : "system.biz.curdate",
      "direct" : "IN",
      "type" : "VARCHAR",
      "value" : "20240321"
    },
    "system.task.instance.id" : {
      "prop" : "system.task.instance.id",
      "direct" : "IN",
      "type" : "VARCHAR",
      "value" : "99"
    },
    "system.task.definition.code" : {
      "prop" : "system.task.definition.code",
      "direct" : "IN",
      "type" : "VARCHAR",
      "value" : "13001393547168"
    },
    "system.datetime" : {
      "prop" : "system.datetime",
      "direct" : "IN",
      "type" : "VARCHAR",
      "value" : "20240321194037"
    },
    "system.project.code" : {
      "prop" : "system.project.code",
      "direct" : "IN",
      "type" : "VARCHAR",
      "value" : "13001194483488"
    },
    "system.workflow.instance.id" : {
      "prop" : "system.workflow.instance.id",
      "direct" : "IN",
      "type" : "VARCHAR",
      "value" : "16"
    },
    "num1" : {
      "prop" : "num1",
      "direct" : "IN",
      "type" : "INTEGER",
      "value" : "0"
    },
    "system.biz.date" : {
      "prop" : "system.biz.date",
      "direct" : "IN",
      "type" : "VARCHAR",
      "value" : "20240320"
    },
    "system.workflow.definition.name" : {
      "prop" : "system.workflow.definition.name",
      "direct" : "IN",
      "type" : "VARCHAR",
      "value" : "random_numbers_generator"
    },
    "system.workflow.definition.code" : {
      "prop" : "system.workflow.definition.code",
      "direct" : "IN",
      "type" : "VARCHAR",
      "value" : "13001314456096"
    },
    "num2" : {
      "prop" : "num2",
      "direct" : "IN",
      "type" : "INTEGER",
      "value" : "0"
    }
  },
  "taskAppId" : "16_99",
  "taskTimeout" : 2147483647,
  "workerGroup" : "default",
  "delayTime" : 0,
  "currentExecutionStatus" : "SUBMITTED_SUCCESS",
  "endTime" : 0,
  "varPool" : "[{\"prop\":\"num1\",\"direct\":\"IN\",\"type\":\"INTEGER\",\"value\":\"0\"},{\"prop\":\"num2\",\"direct\":\"IN\",\"type\":\"INTEGER\",\"value\":\"0\"}]",
  "dryRun" : 0,
  "paramsMap" : { },
  "cpuQuota" : -1,
  "memoryMax" : -1,
  "testFlag" : 0,
  "logBufferEnable" : false,
  "dispatchFailTimes" : 0
}
[INFO] 2024-03-21 19:40:37.454 +0800 - ***********************************************************************************************
[INFO] 2024-03-21 19:40:37.461 +0800 - *********************************  Load task instance plugin  *********************************
[INFO] 2024-03-21 19:40:37.462 +0800 - ***********************************************************************************************
[INFO] 2024-03-21 19:40:37.472 +0800 - Send task status RUNNING_EXECUTION master: 172.19.0.7:1234
[INFO] 2024-03-21 19:40:37.473 +0800 - TenantCode: default check successfully
[INFO] 2024-03-21 19:40:37.474 +0800 - WorkflowInstanceExecDir: /tmp/dolphinscheduler/exec/process/default/13001194483488/13001314456096_20/16/99 check successfully
[INFO] 2024-03-21 19:40:37.475 +0800 - Create TaskChannel: org.apache.dolphinscheduler.plugin.task.shell.ShellTaskChannel successfully
[INFO] 2024-03-21 19:40:37.476 +0800 - Download resources successfully: 
ResourceContext(resourceItemMap={})
[INFO] 2024-03-21 19:40:37.477 +0800 - Download upstream files: [] successfully
[INFO] 2024-03-21 19:40:37.477 +0800 - Task plugin instance: SHELL create successfully
[INFO] 2024-03-21 19:40:37.477 +0800 - Initialize shell task params {
  "localParams" : [ ],
  "varPool" : null,
  "rawScript" : "echo \"${num1}\"\necho \"${num2}\"\necho \"${task_completed}\"",
  "resourceList" : [ ]
}
[INFO] 2024-03-21 19:40:37.478 +0800 - Success initialized task plugin instance successfully
[INFO] 2024-03-21 19:40:37.478 +0800 - Set taskVarPool: [{"prop":"num1","direct":"IN","type":"INTEGER","value":"0"},{"prop":"num2","direct":"IN","type":"INTEGER","value":"0"}] successfully
[INFO] 2024-03-21 19:40:37.479 +0800 - ***********************************************************************************************
[INFO] 2024-03-21 19:40:37.480 +0800 - *********************************  Execute task instance  *************************************
[INFO] 2024-03-21 19:40:37.480 +0800 - ***********************************************************************************************
[INFO] 2024-03-21 19:40:37.482 +0800 - Final Shell file is: 
[INFO] 2024-03-21 19:40:37.484 +0800 - ****************************** Script Content *****************************************************************
[INFO] 2024-03-21 19:40:37.485 +0800 - #!/bin/bash
BASEDIR=$(cd `dirname $0`; pwd)
cd $BASEDIR
echo "0"
echo "0"
echo "${task_completed}"
[INFO] 2024-03-21 19:40:37.485 +0800 - ****************************** Script Content *****************************************************************
[INFO] 2024-03-21 19:40:37.485 +0800 - Executing shell command : sudo -u default -i /tmp/dolphinscheduler/exec/process/default/13001194483488/13001314456096_20/16/99/16_99.sh
[INFO] 2024-03-21 19:40:37.493 +0800 - process start, process id is: 4219
[INFO] 2024-03-21 19:40:38.495 +0800 -  -> 
	sudo: unable to change directory to /home/default: No such file or directory
	0
	0
	
[INFO] 2024-03-21 19:40:38.502 +0800 - process has exited. execute path:/tmp/dolphinscheduler/exec/process/default/13001194483488/13001314456096_20/16/99, processId:4219 ,exitStatusCode:0 ,processWaitForStatus:true ,processExitValue:0
[INFO] 2024-03-21 19:40:38.503 +0800 - ***********************************************************************************************
[INFO] 2024-03-21 19:40:38.504 +0800 - *********************************  Finalize task instance  ************************************
[INFO] 2024-03-21 19:40:38.504 +0800 - ***********************************************************************************************
[INFO] 2024-03-21 19:40:38.504 +0800 - Upload output files: [] successfully
[INFO] 2024-03-21 19:40:38.512 +0800 - Send task execute status: SUCCESS to master : 172.19.0.7:1234
[INFO] 2024-03-21 19:40:38.513 +0800 - Remove the current task execute context from worker cache
[INFO] 2024-03-21 19:40:38.513 +0800 - The current execute mode isn't develop mode, will clear the task execute file: /tmp/dolphinscheduler/exec/process/default/13001194483488/13001314456096_20/16/99
[INFO] 2024-03-21 19:40:38.514 +0800 - Success clear the task execute file: /tmp/dolphinscheduler/exec/process/default/13001194483488/13001314456096_20/16/99
[INFO] 2024-03-21 19:40:38.514 +0800 - FINALIZE_SESSION
