[INFO] 2024-04-25 05:19:43.972 +0800 - ***********************************************************************************************
[INFO] 2024-04-25 05:19:43.977 +0800 - *********************************  Initialize task context  ***********************************
[INFO] 2024-04-25 05:19:43.979 +0800 - ***********************************************************************************************
[INFO] 2024-04-25 05:19:43.979 +0800 - Begin to initialize task
[INFO] 2024-04-25 05:19:43.980 +0800 - Set task startTime: 1713993583980
[INFO] 2024-04-25 05:19:43.980 +0800 - Set task appId: 605_1662
[INFO] 2024-04-25 05:19:43.990 +0800 - End initialize task {
  "taskInstanceId" : 1662,
  "taskName" : "spark test",
  "firstSubmitTime" : 1713993583883,
  "startTime" : 1713993583980,
  "taskType" : "SHELL",
  "workflowInstanceHost" : "172.18.0.9:5678",
  "host" : "172.18.1.1:1234",
  "logPath" : "/opt/dolphinscheduler/logs/20240425/13383445003744/3/605/1662.log",
  "processId" : 0,
  "processDefineCode" : 13383445003744,
  "processDefineVersion" : 3,
  "processInstanceId" : 605,
  "scheduleTime" : 0,
  "executorId" : 1,
  "cmdTypeIfComplement" : 7,
  "tenantCode" : "default",
  "processDefineId" : 0,
  "projectId" : 0,
  "projectCode" : 13001194483488,
  "taskParams" : "{\"localParams\":[],\"rawScript\":\"$SPARK_HOME/bin/spark-submit \\\\\\n    --master spark://spark-master:7077 \\\\\\n    --deploy-mode client \\\\\\n    --conf spark.driver.cores=1 \\\\\\n    --conf spark.driver.memory=1G \\\\\\n    --conf spark.executor.instances=1 \\\\\\n    --conf spark.executor.cores=1 \\\\\\n    --conf spark.executor.memory=1G \\\\\\n    --name reddit_preprocessing \\\\\\n    spark-test.py\\n\",\"resourceList\":[{\"id\":null,\"resourceName\":\"file:/dolphinscheduler/default/resources/spark-test.py\",\"res\":null}]}",
  "environmentConfig" : "export SPARK_HOME=/opt/spark-3.5.1-bin-hadoop3-scala2.13\nexport JAVA_HOME=/opt/java/openjdk\nexport PYSPARK_DRIVER_PYTHON=/bin/python3.11",
  "prepareParamsMap" : {
    "system.task.definition.name" : {
      "prop" : "system.task.definition.name",
      "direct" : "IN",
      "type" : "VARCHAR",
      "value" : "spark test"
    },
    "system.project.name" : {
      "prop" : "system.project.name",
      "direct" : "IN",
      "type" : "VARCHAR",
      "value" : null
    },
    "system.project.code" : {
      "prop" : "system.project.code",
      "direct" : "IN",
      "type" : "VARCHAR",
      "value" : "13001194483488"
    },
    "system.workflow.instance.id" : {
      "prop" : "system.workflow.instance.id",
      "direct" : "IN",
      "type" : "VARCHAR",
      "value" : "605"
    },
    "system.biz.curdate" : {
      "prop" : "system.biz.curdate",
      "direct" : "IN",
      "type" : "VARCHAR",
      "value" : "20240425"
    },
    "system.biz.date" : {
      "prop" : "system.biz.date",
      "direct" : "IN",
      "type" : "VARCHAR",
      "value" : "20240424"
    },
    "system.task.instance.id" : {
      "prop" : "system.task.instance.id",
      "direct" : "IN",
      "type" : "VARCHAR",
      "value" : "1662"
    },
    "system.workflow.definition.name" : {
      "prop" : "system.workflow.definition.name",
      "direct" : "IN",
      "type" : "VARCHAR",
      "value" : "spark_test"
    },
    "system.task.definition.code" : {
      "prop" : "system.task.definition.code",
      "direct" : "IN",
      "type" : "VARCHAR",
      "value" : "13383432925920"
    },
    "system.workflow.definition.code" : {
      "prop" : "system.workflow.definition.code",
      "direct" : "IN",
      "type" : "VARCHAR",
      "value" : "13383445003744"
    },
    "system.datetime" : {
      "prop" : "system.datetime",
      "direct" : "IN",
      "type" : "VARCHAR",
      "value" : "20240425051943"
    }
  },
  "taskAppId" : "605_1662",
  "taskTimeout" : 2147483647,
  "workerGroup" : "default",
  "delayTime" : 0,
  "currentExecutionStatus" : "SUBMITTED_SUCCESS",
  "endTime" : 0,
  "varPool" : "[]",
  "dryRun" : 0,
  "paramsMap" : { },
  "cpuQuota" : -1,
  "memoryMax" : -1,
  "testFlag" : 0,
  "logBufferEnable" : false,
  "dispatchFailTimes" : 0
}
[INFO] 2024-04-25 05:19:43.991 +0800 - ***********************************************************************************************
[INFO] 2024-04-25 05:19:43.992 +0800 - *********************************  Load task instance plugin  *********************************
[INFO] 2024-04-25 05:19:43.993 +0800 - ***********************************************************************************************
[INFO] 2024-04-25 05:19:44.025 +0800 - Send task status RUNNING_EXECUTION master: 172.18.1.1:1234
[INFO] 2024-04-25 05:19:44.026 +0800 - TenantCode: default check successfully
[INFO] 2024-04-25 05:19:44.029 +0800 - WorkflowInstanceExecDir: /tmp/dolphinscheduler/exec/process/default/13001194483488/13383445003744_3/605/1662 check successfully
[INFO] 2024-04-25 05:19:44.029 +0800 - Create TaskChannel: org.apache.dolphinscheduler.plugin.task.shell.ShellTaskChannel successfully
[INFO] 2024-04-25 05:19:44.059 +0800 - Download resources successfully: 
ResourceContext(resourceItemMap={file:/dolphinscheduler/default/resources/spark-test.py=ResourceContext.ResourceItem(resourceAbsolutePathInStorage=file:/dolphinscheduler/default/resources/spark-test.py, resourceRelativePath=spark-test.py, resourceAbsolutePathInLocal=/tmp/dolphinscheduler/exec/process/default/13001194483488/13383445003744_3/605/1662/spark-test.py)})
[INFO] 2024-04-25 05:19:44.061 +0800 - Download upstream files: [] successfully
[INFO] 2024-04-25 05:19:44.062 +0800 - Task plugin instance: SHELL create successfully
[INFO] 2024-04-25 05:19:44.063 +0800 - Initialize shell task params {
  "localParams" : [ ],
  "varPool" : null,
  "rawScript" : "$SPARK_HOME/bin/spark-submit \\\n    --master spark://spark-master:7077 \\\n    --deploy-mode client \\\n    --conf spark.driver.cores=1 \\\n    --conf spark.driver.memory=1G \\\n    --conf spark.executor.instances=1 \\\n    --conf spark.executor.cores=1 \\\n    --conf spark.executor.memory=1G \\\n    --name reddit_preprocessing \\\n    spark-test.py\n",
  "resourceList" : [ {
    "id" : null,
    "resourceName" : "file:/dolphinscheduler/default/resources/spark-test.py",
    "res" : null
  } ]
}
[INFO] 2024-04-25 05:19:44.064 +0800 - Success initialized task plugin instance successfully
[INFO] 2024-04-25 05:19:44.065 +0800 - Set taskVarPool: [] successfully
[INFO] 2024-04-25 05:19:44.065 +0800 - ***********************************************************************************************
[INFO] 2024-04-25 05:19:44.065 +0800 - *********************************  Execute task instance  *************************************
[INFO] 2024-04-25 05:19:44.066 +0800 - ***********************************************************************************************
[INFO] 2024-04-25 05:19:44.070 +0800 - Final Shell file is: 
[INFO] 2024-04-25 05:19:44.075 +0800 - ****************************** Script Content *****************************************************************
[INFO] 2024-04-25 05:19:44.076 +0800 - #!/bin/bash
BASEDIR=$(cd `dirname $0`; pwd)
cd $BASEDIR
export SPARK_HOME=/opt/spark-3.5.1-bin-hadoop3-scala2.13
export JAVA_HOME=/opt/java/openjdk
export PYSPARK_DRIVER_PYTHON=/bin/python3.11
$SPARK_HOME/bin/spark-submit \
    --master spark://spark-master:7077 \
    --deploy-mode client \
    --conf spark.driver.cores=1 \
    --conf spark.driver.memory=1G \
    --conf spark.executor.instances=1 \
    --conf spark.executor.cores=1 \
    --conf spark.executor.memory=1G \
    --name reddit_preprocessing \
    spark-test.py

[INFO] 2024-04-25 05:19:44.077 +0800 - ****************************** Script Content *****************************************************************
[INFO] 2024-04-25 05:19:44.077 +0800 - Executing shell command : sudo -u default -i /tmp/dolphinscheduler/exec/process/default/13001194483488/13383445003744_3/605/1662/605_1662.sh
[INFO] 2024-04-25 05:19:44.145 +0800 - process start, process id is: 295
[INFO] 2024-04-25 05:19:44.164 +0800 -  -> 
	sudo: unable to change directory to /home/default: No such file or directory
[INFO] 2024-04-25 05:19:48.177 +0800 -  -> 
	24/04/25 05:19:48 INFO SparkContext: Running Spark version 3.5.1
	24/04/25 05:19:48 INFO SparkContext: OS info Linux, 6.5.0-28-generic, amd64
	24/04/25 05:19:48 INFO SparkContext: Java version 1.8.0_402
	24/04/25 05:19:48 WARN NativeCodeLoader: Unable to load native-hadoop library for your platform... using builtin-java classes where applicable
[INFO] 2024-04-25 05:19:49.187 +0800 -  -> 
	24/04/25 05:19:48 INFO ResourceUtils: ==============================================================
	24/04/25 05:19:48 INFO ResourceUtils: No custom resources configured for spark.driver.
	24/04/25 05:19:48 INFO ResourceUtils: ==============================================================
	24/04/25 05:19:48 INFO SparkContext: Submitted application: My App
	24/04/25 05:19:48 INFO ResourceProfile: Default ResourceProfile created, executor resources: Map(cores -> name: cores, amount: 1, script: , vendor: , memory -> name: memory, amount: 1024, script: , vendor: , offHeap -> name: offHeap, amount: 0, script: , vendor: ), task resources: Map(cpus -> name: cpus, amount: 1.0)
	24/04/25 05:19:48 INFO ResourceProfile: Limiting resource is cpus at 1 tasks per executor
	24/04/25 05:19:48 INFO ResourceProfileManager: Added ResourceProfile id: 0
	24/04/25 05:19:48 INFO SecurityManager: Changing view acls to: default
	24/04/25 05:19:48 INFO SecurityManager: Changing modify acls to: default
	24/04/25 05:19:48 INFO SecurityManager: Changing view acls groups to: 
	24/04/25 05:19:48 INFO SecurityManager: Changing modify acls groups to: 
	24/04/25 05:19:48 INFO SecurityManager: SecurityManager: authentication disabled; ui acls disabled; users with view permissions: default; groups with view permissions: EMPTY; users with modify permissions: default; groups with modify permissions: EMPTY
	24/04/25 05:19:48 INFO Utils: Successfully started service 'sparkDriver' on port 45427.
	24/04/25 05:19:49 INFO SparkEnv: Registering MapOutputTracker
	24/04/25 05:19:49 INFO SparkEnv: Registering BlockManagerMaster
	24/04/25 05:19:49 INFO BlockManagerMasterEndpoint: Using org.apache.spark.storage.DefaultTopologyMapper for getting topology information
	24/04/25 05:19:49 INFO BlockManagerMasterEndpoint: BlockManagerMasterEndpoint up
	24/04/25 05:19:49 INFO SparkEnv: Registering BlockManagerMasterHeartbeat
[INFO] 2024-04-25 05:19:50.188 +0800 -  -> 
	24/04/25 05:19:49 INFO DiskBlockManager: Created local directory at /tmp/blockmgr-a702eebd-2221-435d-a84a-3e00b721b11d
	24/04/25 05:19:49 INFO MemoryStore: MemoryStore started with capacity 366.3 MiB
	24/04/25 05:19:49 INFO SparkEnv: Registering OutputCommitCoordinator
	24/04/25 05:19:49 INFO JettyUtils: Start Jetty 0.0.0.0:4040 for SparkUI
	24/04/25 05:19:49 INFO Utils: Successfully started service 'SparkUI' on port 4040.
[INFO] 2024-04-25 05:19:51.193 +0800 -  -> 
	24/04/25 05:19:50 INFO StandaloneAppClient$ClientEndpoint: Connecting to master spark://spark-master:7077...
	24/04/25 05:19:50 INFO TransportClientFactory: Successfully created connection to spark-master/172.18.0.4:7077 after 231 ms (0 ms spent in bootstraps)
	24/04/25 05:19:50 WARN StandaloneAppClient$ClientEndpoint: Failed to connect to master spark-master:7077
	org.apache.spark.SparkException: Exception thrown in awaitResult: 
		at org.apache.spark.util.SparkThreadUtils$.awaitResult(SparkThreadUtils.scala:56)
		at org.apache.spark.util.ThreadUtils$.awaitResult(ThreadUtils.scala:310)
		at org.apache.spark.rpc.RpcTimeout.awaitResult(RpcTimeout.scala:75)
		at org.apache.spark.rpc.RpcEnv.setupEndpointRefByURI(RpcEnv.scala:102)
		at org.apache.spark.rpc.RpcEnv.setupEndpointRef(RpcEnv.scala:110)
		at org.apache.spark.deploy.client.StandaloneAppClient$ClientEndpoint$$anon$1.run(StandaloneAppClient.scala:108)
		at java.util.concurrent.Executors$RunnableAdapter.call(Executors.java:511)
		at java.util.concurrent.FutureTask.run(FutureTask.java:266)
		at java.util.concurrent.ThreadPoolExecutor.runWorker(ThreadPoolExecutor.java:1149)
		at java.util.concurrent.ThreadPoolExecutor$Worker.run(ThreadPoolExecutor.java:624)
		at java.lang.Thread.run(Thread.java:750)
	Caused by: java.lang.RuntimeException: java.io.InvalidClassException: org.apache.spark.rpc.netty.RpcEndpointVerifier$CheckExistence; local class incompatible: stream classdesc serialVersionUID = 5378738997755484868, local class serialVersionUID = 7789290765573734431
		at java.base/java.io.ObjectStreamClass.initNonProxy(ObjectStreamClass.java:597)
		at java.base/java.io.ObjectInputStream.readNonProxyDesc(ObjectInputStream.java:2051)
		at java.base/java.io.ObjectInputStream.readClassDesc(ObjectInputStream.java:1898)
		at java.base/java.io.ObjectInputStream.readOrdinaryObject(ObjectInputStream.java:2224)
		at java.base/java.io.ObjectInputStream.readObject0(ObjectInputStream.java:1733)
		at java.base/java.io.ObjectInputStream.readObject(ObjectInputStream.java:509)
		at java.base/java.io.ObjectInputStream.readObject(ObjectInputStream.java:467)
		at org.apache.spark.serializer.JavaDeserializationStream.readObject(JavaSerializer.scala:87)
		at org.apache.spark.serializer.JavaSerializerInstance.deserialize(JavaSerializer.scala:123)
		at org.apache.spark.rpc.netty.NettyRpcEnv.$anonfun$deserialize$2(NettyRpcEnv.scala:299)
		at scala.util.DynamicVariable.withValue(DynamicVariable.scala:62)
		at org.apache.spark.rpc.netty.NettyRpcEnv.deserialize(NettyRpcEnv.scala:352)
		at org.apache.spark.rpc.netty.NettyRpcEnv.$anonfun$deserialize$1(NettyRpcEnv.scala:298)
		at scala.util.DynamicVariable.withValue(DynamicVariable.scala:62)
		at org.apache.spark.rpc.netty.NettyRpcEnv.deserialize(NettyRpcEnv.scala:298)
		at org.apache.spark.rpc.netty.RequestMessage$.apply(NettyRpcEnv.scala:646)
		at org.apache.spark.rpc.netty.NettyRpcHandler.internalReceive(NettyRpcEnv.scala:697)
		at org.apache.spark.rpc.netty.NettyRpcHandler.receive(NettyRpcEnv.scala:682)
		at org.apache.spark.network.server.TransportRequestHandler.processRpcRequest(TransportRequestHandler.java:163)
		at org.apache.spark.network.server.TransportRequestHandler.handle(TransportRequestHandler.java:109)
		at org.apache.spark.network.server.TransportChannelHandler.channelRead0(TransportChannelHandler.java:140)
		at org.apache.spark.network.server.TransportChannelHandler.channelRead0(TransportChannelHandler.java:53)
		at io.netty.channel.SimpleChannelInboundHandler.channelRead(SimpleChannelInboundHandler.java:99)
		at io.netty.channel.AbstractChannelHandlerContext.invokeChannelRead(AbstractChannelHandlerContext.java:444)
		at io.netty.channel.AbstractChannelHandlerContext.invokeChannelRead(AbstractChannelHandlerContext.java:420)
		at io.netty.channel.AbstractChannelHandlerContext.fireChannelRead(AbstractChannelHandlerContext.java:412)
		at io.netty.handler.timeout.IdleStateHandler.channelRead(IdleStateHandler.java:286)
		at io.netty.channel.AbstractChannelHandlerContext.invokeChannelRead(AbstractChannelHandlerContext.java:442)
		at io.netty.channel.AbstractChannelHandlerContext.invokeChannelRead(AbstractChannelHandlerContext.java:420)
		at io.netty.channel.AbstractChannelHandlerContext.fireChannelRead(AbstractChannelHandlerContext.java:412)
		at io.netty.handler.codec.MessageToMessageDecoder.channelRead(MessageToMessageDecoder.java:103)
		at io.netty.channel.AbstractChannelHandlerContext.invokeChannelRead(AbstractChannelHandlerContext.java:444)
		at io.netty.channel.AbstractChannelHandlerContext.invokeChannelRead(AbstractChannelHandlerContext.java:420)
		at io.netty.channel.AbstractChannelHandlerContext.fireChannelRead(AbstractChannelHandlerContext.java:412)
		at org.apache.spark.network.util.TransportFrameDecoder.channelRead(TransportFrameDecoder.java:102)
		at io.netty.channel.AbstractChannelHandlerContext.invokeChannelRead(AbstractChannelHandlerContext.java:444)
		at io.netty.channel.AbstractChannelHandlerContext.invokeChannelRead(AbstractChannelHandlerContext.java:420)
		at io.netty.channel.AbstractChannelHandlerContext.fireChannelRead(AbstractChannelHandlerContext.java:412)
		at io.netty.channel.DefaultChannelPipeline$HeadContext.channelRead(DefaultChannelPipeline.java:1410)
		at io.netty.channel.AbstractChannelHandlerContext.invokeChannelRead(AbstractChannelHandlerContext.java:440)
		at io.netty.channel.AbstractChannelHandlerContext.invokeChannelRead(AbstractChannelHandlerContext.java:420)
		at io.netty.channel.DefaultChannelPipeline.fireChannelRead(DefaultChannelPipeline.java:919)
		at io.netty.channel.nio.AbstractNioByteChannel$NioByteUnsafe.read(AbstractNioByteChannel.java:166)
		at io.netty.channel.nio.NioEventLoop.processSelectedKey(NioEventLoop.java:788)
		at io.netty.channel.nio.NioEventLoop.processSelectedKeysOptimized(NioEventLoop.java:724)
		at io.netty.channel.nio.NioEventLoop.processSelectedKeys(NioEventLoop.java:650)
		at io.netty.channel.nio.NioEventLoop.run(NioEventLoop.java:562)
		at io.netty.util.concurrent.SingleThreadEventExecutor$4.run(SingleThreadEventExecutor.java:997)
		at io.netty.util.internal.ThreadExecutorMap$2.run(ThreadExecutorMap.java:74)
		at io.netty.util.concurrent.FastThreadLocalRunnable.run(FastThreadLocalRunnable.java:30)
		at java.base/java.lang.Thread.run(Thread.java:840)
	
		at org.apache.spark.network.client.TransportResponseHandler.handle(TransportResponseHandler.java:209)
		at org.apache.spark.network.server.TransportChannelHandler.channelRead0(TransportChannelHandler.java:142)
		at org.apache.spark.network.server.TransportChannelHandler.channelRead0(TransportChannelHandler.java:53)
		at io.netty.channel.SimpleChannelInboundHandler.channelRead(SimpleChannelInboundHandler.java:99)
		at io.netty.channel.AbstractChannelHandlerContext.invokeChannelRead(AbstractChannelHandlerContext.java:444)
		at io.netty.channel.AbstractChannelHandlerContext.invokeChannelRead(AbstractChannelHandlerContext.java:420)
		at io.netty.channel.AbstractChannelHandlerContext.fireChannelRead(AbstractChannelHandlerContext.java:412)
		at io.netty.handler.timeout.IdleStateHandler.channelRead(IdleStateHandler.java:286)
		at io.netty.channel.AbstractChannelHandlerContext.invokeChannelRead(AbstractChannelHandlerContext.java:442)
		at io.netty.channel.AbstractChannelHandlerContext.invokeChannelRead(AbstractChannelHandlerContext.java:420)
		at io.netty.channel.AbstractChannelHandlerContext.fireChannelRead(AbstractChannelHandlerContext.java:412)
		at io.netty.handler.codec.MessageToMessageDecoder.channelRead(MessageToMessageDecoder.java:103)
		at io.netty.channel.AbstractChannelHandlerContext.invokeChannelRead(AbstractChannelHandlerContext.java:444)
		at io.netty.channel.AbstractChannelHandlerContext.invokeChannelRead(AbstractChannelHandlerContext.java:420)
		at io.netty.channel.AbstractChannelHandlerContext.fireChannelRead(AbstractChannelHandlerContext.java:412)
		at org.apache.spark.network.util.TransportFrameDecoder.channelRead(TransportFrameDecoder.java:102)
		at io.netty.channel.AbstractChannelHandlerContext.invokeChannelRead(AbstractChannelHandlerContext.java:444)
		at io.netty.channel.AbstractChannelHandlerContext.invokeChannelRead(AbstractChannelHandlerContext.java:420)
		at io.netty.channel.AbstractChannelHandlerContext.fireChannelRead(AbstractChannelHandlerContext.java:412)
		at io.netty.channel.DefaultChannelPipeline$HeadContext.channelRead(DefaultChannelPipeline.java:1410)
		at io.netty.channel.AbstractChannelHandlerContext.invokeChannelRead(AbstractChannelHandlerContext.java:440)
		at io.netty.channel.AbstractChannelHandlerContext.invokeChannelRead(AbstractChannelHandlerContext.java:420)
		at io.netty.channel.DefaultChannelPipeline.fireChannelRead(DefaultChannelPipeline.java:919)
		at io.netty.channel.nio.AbstractNioByteChannel$NioByteUnsafe.read(AbstractNioByteChannel.java:166)
		at io.netty.channel.nio.NioEventLoop.processSelectedKey(NioEventLoop.java:788)
		at io.netty.channel.nio.NioEventLoop.processSelectedKeysOptimized(NioEventLoop.java:724)
		at io.netty.channel.nio.NioEventLoop.processSelectedKeys(NioEventLoop.java:650)
		at io.netty.channel.nio.NioEventLoop.run(NioEventLoop.java:562)
		at io.netty.util.concurrent.SingleThreadEventExecutor$4.run(SingleThreadEventExecutor.java:997)
		at io.netty.util.internal.ThreadExecutorMap$2.run(ThreadExecutorMap.java:74)
		at io.netty.util.concurrent.FastThreadLocalRunnable.run(FastThreadLocalRunnable.java:30)
		... 1 more
[INFO] 2024-04-25 05:20:11.219 +0800 -  -> 
	24/04/25 05:20:10 INFO StandaloneAppClient$ClientEndpoint: Connecting to master spark://spark-master:7077...
	24/04/25 05:20:10 WARN StandaloneAppClient$ClientEndpoint: Failed to connect to master spark-master:7077
	org.apache.spark.SparkException: Exception thrown in awaitResult: 
		at org.apache.spark.util.SparkThreadUtils$.awaitResult(SparkThreadUtils.scala:56)
		at org.apache.spark.util.ThreadUtils$.awaitResult(ThreadUtils.scala:310)
		at org.apache.spark.rpc.RpcTimeout.awaitResult(RpcTimeout.scala:75)
		at org.apache.spark.rpc.RpcEnv.setupEndpointRefByURI(RpcEnv.scala:102)
		at org.apache.spark.rpc.RpcEnv.setupEndpointRef(RpcEnv.scala:110)
		at org.apache.spark.deploy.client.StandaloneAppClient$ClientEndpoint$$anon$1.run(StandaloneAppClient.scala:108)
		at java.util.concurrent.Executors$RunnableAdapter.call(Executors.java:511)
		at java.util.concurrent.FutureTask.run(FutureTask.java:266)
		at java.util.concurrent.ThreadPoolExecutor.runWorker(ThreadPoolExecutor.java:1149)
		at java.util.concurrent.ThreadPoolExecutor$Worker.run(ThreadPoolExecutor.java:624)
		at java.lang.Thread.run(Thread.java:750)
	Caused by: java.lang.RuntimeException: java.io.InvalidClassException: org.apache.spark.rpc.netty.RpcEndpointVerifier$CheckExistence; local class incompatible: stream classdesc serialVersionUID = 5378738997755484868, local class serialVersionUID = 7789290765573734431
		at java.base/java.io.ObjectStreamClass.initNonProxy(ObjectStreamClass.java:597)
		at java.base/java.io.ObjectInputStream.readNonProxyDesc(ObjectInputStream.java:2051)
		at java.base/java.io.ObjectInputStream.readClassDesc(ObjectInputStream.java:1898)
		at java.base/java.io.ObjectInputStream.readOrdinaryObject(ObjectInputStream.java:2224)
		at java.base/java.io.ObjectInputStream.readObject0(ObjectInputStream.java:1733)
		at java.base/java.io.ObjectInputStream.readObject(ObjectInputStream.java:509)
		at java.base/java.io.ObjectInputStream.readObject(ObjectInputStream.java:467)
		at org.apache.spark.serializer.JavaDeserializationStream.readObject(JavaSerializer.scala:87)
		at org.apache.spark.serializer.JavaSerializerInstance.deserialize(JavaSerializer.scala:123)
		at org.apache.spark.rpc.netty.NettyRpcEnv.$anonfun$deserialize$2(NettyRpcEnv.scala:299)
		at scala.util.DynamicVariable.withValue(DynamicVariable.scala:62)
		at org.apache.spark.rpc.netty.NettyRpcEnv.deserialize(NettyRpcEnv.scala:352)
		at org.apache.spark.rpc.netty.NettyRpcEnv.$anonfun$deserialize$1(NettyRpcEnv.scala:298)
		at scala.util.DynamicVariable.withValue(DynamicVariable.scala:62)
		at org.apache.spark.rpc.netty.NettyRpcEnv.deserialize(NettyRpcEnv.scala:298)
		at org.apache.spark.rpc.netty.RequestMessage$.apply(NettyRpcEnv.scala:646)
		at org.apache.spark.rpc.netty.NettyRpcHandler.internalReceive(NettyRpcEnv.scala:697)
		at org.apache.spark.rpc.netty.NettyRpcHandler.receive(NettyRpcEnv.scala:682)
		at org.apache.spark.network.server.TransportRequestHandler.processRpcRequest(TransportRequestHandler.java:163)
		at org.apache.spark.network.server.TransportRequestHandler.handle(TransportRequestHandler.java:109)
		at org.apache.spark.network.server.TransportChannelHandler.channelRead0(TransportChannelHandler.java:140)
		at org.apache.spark.network.server.TransportChannelHandler.channelRead0(TransportChannelHandler.java:53)
		at io.netty.channel.SimpleChannelInboundHandler.channelRead(SimpleChannelInboundHandler.java:99)
		at io.netty.channel.AbstractChannelHandlerContext.invokeChannelRead(AbstractChannelHandlerContext.java:444)
		at io.netty.channel.AbstractChannelHandlerContext.invokeChannelRead(AbstractChannelHandlerContext.java:420)
		at io.netty.channel.AbstractChannelHandlerContext.fireChannelRead(AbstractChannelHandlerContext.java:412)
		at io.netty.handler.timeout.IdleStateHandler.channelRead(IdleStateHandler.java:286)
		at io.netty.channel.AbstractChannelHandlerContext.invokeChannelRead(AbstractChannelHandlerContext.java:442)
		at io.netty.channel.AbstractChannelHandlerContext.invokeChannelRead(AbstractChannelHandlerContext.java:420)
		at io.netty.channel.AbstractChannelHandlerContext.fireChannelRead(AbstractChannelHandlerContext.java:412)
		at io.netty.handler.codec.MessageToMessageDecoder.channelRead(MessageToMessageDecoder.java:103)
		at io.netty.channel.AbstractChannelHandlerContext.invokeChannelRead(AbstractChannelHandlerContext.java:444)
		at io.netty.channel.AbstractChannelHandlerContext.invokeChannelRead(AbstractChannelHandlerContext.java:420)
		at io.netty.channel.AbstractChannelHandlerContext.fireChannelRead(AbstractChannelHandlerContext.java:412)
		at org.apache.spark.network.util.TransportFrameDecoder.channelRead(TransportFrameDecoder.java:102)
		at io.netty.channel.AbstractChannelHandlerContext.invokeChannelRead(AbstractChannelHandlerContext.java:444)
		at io.netty.channel.AbstractChannelHandlerContext.invokeChannelRead(AbstractChannelHandlerContext.java:420)
		at io.netty.channel.AbstractChannelHandlerContext.fireChannelRead(AbstractChannelHandlerContext.java:412)
		at io.netty.channel.DefaultChannelPipeline$HeadContext.channelRead(DefaultChannelPipeline.java:1410)
		at io.netty.channel.AbstractChannelHandlerContext.invokeChannelRead(AbstractChannelHandlerContext.java:440)
		at io.netty.channel.AbstractChannelHandlerContext.invokeChannelRead(AbstractChannelHandlerContext.java:420)
		at io.netty.channel.DefaultChannelPipeline.fireChannelRead(DefaultChannelPipeline.java:919)
		at io.netty.channel.nio.AbstractNioByteChannel$NioByteUnsafe.read(AbstractNioByteChannel.java:166)
		at io.netty.channel.nio.NioEventLoop.processSelectedKey(NioEventLoop.java:788)
		at io.netty.channel.nio.NioEventLoop.processSelectedKeysOptimized(NioEventLoop.java:724)
		at io.netty.channel.nio.NioEventLoop.processSelectedKeys(NioEventLoop.java:650)
		at io.netty.channel.nio.NioEventLoop.run(NioEventLoop.java:562)
		at io.netty.util.concurrent.SingleThreadEventExecutor$4.run(SingleThreadEventExecutor.java:997)
		at io.netty.util.internal.ThreadExecutorMap$2.run(ThreadExecutorMap.java:74)
		at io.netty.util.concurrent.FastThreadLocalRunnable.run(FastThreadLocalRunnable.java:30)
		at java.base/java.lang.Thread.run(Thread.java:840)
	
		at org.apache.spark.network.client.TransportResponseHandler.handle(TransportResponseHandler.java:209)
		at org.apache.spark.network.server.TransportChannelHandler.channelRead0(TransportChannelHandler.java:142)
		at org.apache.spark.network.server.TransportChannelHandler.channelRead0(TransportChannelHandler.java:53)
		at io.netty.channel.SimpleChannelInboundHandler.channelRead(SimpleChannelInboundHandler.java:99)
		at io.netty.channel.AbstractChannelHandlerContext.invokeChannelRead(AbstractChannelHandlerContext.java:444)
		at io.netty.channel.AbstractChannelHandlerContext.invokeChannelRead(AbstractChannelHandlerContext.java:420)
		at io.netty.channel.AbstractChannelHandlerContext.fireChannelRead(AbstractChannelHandlerContext.java:412)
		at io.netty.handler.timeout.IdleStateHandler.channelRead(IdleStateHandler.java:286)
		at io.netty.channel.AbstractChannelHandlerContext.invokeChannelRead(AbstractChannelHandlerContext.java:442)
		at io.netty.channel.AbstractChannelHandlerContext.invokeChannelRead(AbstractChannelHandlerContext.java:420)
		at io.netty.channel.AbstractChannelHandlerContext.fireChannelRead(AbstractChannelHandlerContext.java:412)
		at io.netty.handler.codec.MessageToMessageDecoder.channelRead(MessageToMessageDecoder.java:103)
		at io.netty.channel.AbstractChannelHandlerContext.invokeChannelRead(AbstractChannelHandlerContext.java:444)
		at io.netty.channel.AbstractChannelHandlerContext.invokeChannelRead(AbstractChannelHandlerContext.java:420)
		at io.netty.channel.AbstractChannelHandlerContext.fireChannelRead(AbstractChannelHandlerContext.java:412)
		at org.apache.spark.network.util.TransportFrameDecoder.channelRead(TransportFrameDecoder.java:102)
		at io.netty.channel.AbstractChannelHandlerContext.invokeChannelRead(AbstractChannelHandlerContext.java:444)
		at io.netty.channel.AbstractChannelHandlerContext.invokeChannelRead(AbstractChannelHandlerContext.java:420)
		at io.netty.channel.AbstractChannelHandlerContext.fireChannelRead(AbstractChannelHandlerContext.java:412)
		at io.netty.channel.DefaultChannelPipeline$HeadContext.channelRead(DefaultChannelPipeline.java:1410)
		at io.netty.channel.AbstractChannelHandlerContext.invokeChannelRead(AbstractChannelHandlerContext.java:440)
		at io.netty.channel.AbstractChannelHandlerContext.invokeChannelRead(AbstractChannelHandlerContext.java:420)
		at io.netty.channel.DefaultChannelPipeline.fireChannelRead(DefaultChannelPipeline.java:919)
		at io.netty.channel.nio.AbstractNioByteChannel$NioByteUnsafe.read(AbstractNioByteChannel.java:166)
		at io.netty.channel.nio.NioEventLoop.processSelectedKey(NioEventLoop.java:788)
		at io.netty.channel.nio.NioEventLoop.processSelectedKeysOptimized(NioEventLoop.java:724)
		at io.netty.channel.nio.NioEventLoop.processSelectedKeys(NioEventLoop.java:650)
		at io.netty.channel.nio.NioEventLoop.run(NioEventLoop.java:562)
		at io.netty.util.concurrent.SingleThreadEventExecutor$4.run(SingleThreadEventExecutor.java:997)
		at io.netty.util.internal.ThreadExecutorMap$2.run(ThreadExecutorMap.java:74)
		at io.netty.util.concurrent.FastThreadLocalRunnable.run(FastThreadLocalRunnable.java:30)
		... 1 more
[INFO] 2024-04-25 05:20:30.476 +0800 -  -> 
	24/04/25 05:20:30 INFO StandaloneAppClient$ClientEndpoint: Connecting to master spark://spark-master:7077...
	24/04/25 05:20:30 WARN StandaloneAppClient$ClientEndpoint: Failed to connect to master spark-master:7077
	org.apache.spark.SparkException: Exception thrown in awaitResult: 
		at org.apache.spark.util.SparkThreadUtils$.awaitResult(SparkThreadUtils.scala:56)
		at org.apache.spark.util.ThreadUtils$.awaitResult(ThreadUtils.scala:310)
		at org.apache.spark.rpc.RpcTimeout.awaitResult(RpcTimeout.scala:75)
		at org.apache.spark.rpc.RpcEnv.setupEndpointRefByURI(RpcEnv.scala:102)
		at org.apache.spark.rpc.RpcEnv.setupEndpointRef(RpcEnv.scala:110)
		at org.apache.spark.deploy.client.StandaloneAppClient$ClientEndpoint$$anon$1.run(StandaloneAppClient.scala:108)
		at java.util.concurrent.Executors$RunnableAdapter.call(Executors.java:511)
		at java.util.concurrent.FutureTask.run(FutureTask.java:266)
		at java.util.concurrent.ThreadPoolExecutor.runWorker(ThreadPoolExecutor.java:1149)
		at java.util.concurrent.ThreadPoolExecutor$Worker.run(ThreadPoolExecutor.java:624)
		at java.lang.Thread.run(Thread.java:750)
	Caused by: java.lang.RuntimeException: java.io.InvalidClassException: org.apache.spark.rpc.netty.RpcEndpointVerifier$CheckExistence; local class incompatible: stream classdesc serialVersionUID = 5378738997755484868, local class serialVersionUID = 7789290765573734431
		at java.base/java.io.ObjectStreamClass.initNonProxy(ObjectStreamClass.java:597)
		at java.base/java.io.ObjectInputStream.readNonProxyDesc(ObjectInputStream.java:2051)
		at java.base/java.io.ObjectInputStream.readClassDesc(ObjectInputStream.java:1898)
		at java.base/java.io.ObjectInputStream.readOrdinaryObject(ObjectInputStream.java:2224)
		at java.base/java.io.ObjectInputStream.readObject0(ObjectInputStream.java:1733)
		at java.base/java.io.ObjectInputStream.readObject(ObjectInputStream.java:509)
		at java.base/java.io.ObjectInputStream.readObject(ObjectInputStream.java:467)
		at org.apache.spark.serializer.JavaDeserializationStream.readObject(JavaSerializer.scala:87)
		at org.apache.spark.serializer.JavaSerializerInstance.deserialize(JavaSerializer.scala:123)
		at org.apache.spark.rpc.netty.NettyRpcEnv.$anonfun$deserialize$2(NettyRpcEnv.scala:299)
		at scala.util.DynamicVariable.withValue(DynamicVariable.scala:62)
		at org.apache.spark.rpc.netty.NettyRpcEnv.deserialize(NettyRpcEnv.scala:352)
		at org.apache.spark.rpc.netty.NettyRpcEnv.$anonfun$deserialize$1(NettyRpcEnv.scala:298)
		at scala.util.DynamicVariable.withValue(DynamicVariable.scala:62)
		at org.apache.spark.rpc.netty.NettyRpcEnv.deserialize(NettyRpcEnv.scala:298)
		at org.apache.spark.rpc.netty.RequestMessage$.apply(NettyRpcEnv.scala:646)
		at org.apache.spark.rpc.netty.NettyRpcHandler.internalReceive(NettyRpcEnv.scala:697)
		at org.apache.spark.rpc.netty.NettyRpcHandler.receive(NettyRpcEnv.scala:682)
		at org.apache.spark.network.server.TransportRequestHandler.processRpcRequest(TransportRequestHandler.java:163)
		at org.apache.spark.network.server.TransportRequestHandler.handle(TransportRequestHandler.java:109)
		at org.apache.spark.network.server.TransportChannelHandler.channelRead0(TransportChannelHandler.java:140)
		at org.apache.spark.network.server.TransportChannelHandler.channelRead0(TransportChannelHandler.java:53)
		at io.netty.channel.SimpleChannelInboundHandler.channelRead(SimpleChannelInboundHandler.java:99)
		at io.netty.channel.AbstractChannelHandlerContext.invokeChannelRead(AbstractChannelHandlerContext.java:444)
		at io.netty.channel.AbstractChannelHandlerContext.invokeChannelRead(AbstractChannelHandlerContext.java:420)
		at io.netty.channel.AbstractChannelHandlerContext.fireChannelRead(AbstractChannelHandlerContext.java:412)
		at io.netty.handler.timeout.IdleStateHandler.channelRead(IdleStateHandler.java:286)
		at io.netty.channel.AbstractChannelHandlerContext.invokeChannelRead(AbstractChannelHandlerContext.java:442)
		at io.netty.channel.AbstractChannelHandlerContext.invokeChannelRead(AbstractChannelHandlerContext.java:420)
		at io.netty.channel.AbstractChannelHandlerContext.fireChannelRead(AbstractChannelHandlerContext.java:412)
		at io.netty.handler.codec.MessageToMessageDecoder.channelRead(MessageToMessageDecoder.java:103)
		at io.netty.channel.AbstractChannelHandlerContext.invokeChannelRead(AbstractChannelHandlerContext.java:444)
		at io.netty.channel.AbstractChannelHandlerContext.invokeChannelRead(AbstractChannelHandlerContext.java:420)
		at io.netty.channel.AbstractChannelHandlerContext.fireChannelRead(AbstractChannelHandlerContext.java:412)
		at org.apache.spark.network.util.TransportFrameDecoder.channelRead(TransportFrameDecoder.java:102)
		at io.netty.channel.AbstractChannelHandlerContext.invokeChannelRead(AbstractChannelHandlerContext.java:444)
		at io.netty.channel.AbstractChannelHandlerContext.invokeChannelRead(AbstractChannelHandlerContext.java:420)
		at io.netty.channel.AbstractChannelHandlerContext.fireChannelRead(AbstractChannelHandlerContext.java:412)
		at io.netty.channel.DefaultChannelPipeline$HeadContext.channelRead(DefaultChannelPipeline.java:1410)
		at io.netty.channel.AbstractChannelHandlerContext.invokeChannelRead(AbstractChannelHandlerContext.java:440)
		at io.netty.channel.AbstractChannelHandlerContext.invokeChannelRead(AbstractChannelHandlerContext.java:420)
		at io.netty.channel.DefaultChannelPipeline.fireChannelRead(DefaultChannelPipeline.java:919)
		at io.netty.channel.nio.AbstractNioByteChannel$NioByteUnsafe.read(AbstractNioByteChannel.java:166)
		at io.netty.channel.nio.NioEventLoop.processSelectedKey(NioEventLoop.java:788)
		at io.netty.channel.nio.NioEventLoop.processSelectedKeysOptimized(NioEventLoop.java:724)
		at io.netty.channel.nio.NioEventLoop.processSelectedKeys(NioEventLoop.java:650)
		at io.netty.channel.nio.NioEventLoop.run(NioEventLoop.java:562)
		at io.netty.util.concurrent.SingleThreadEventExecutor$4.run(SingleThreadEventExecutor.java:997)
		at io.netty.util.internal.ThreadExecutorMap$2.run(ThreadExecutorMap.java:74)
		at io.netty.util.concurrent.FastThreadLocalRunnable.run(FastThreadLocalRunnable.java:30)
		at java.base/java.lang.Thread.run(Thread.java:840)
	
		at org.apache.spark.network.client.TransportResponseHandler.handle(TransportResponseHandler.java:209)
		at org.apache.spark.network.server.TransportChannelHandler.channelRead0(TransportChannelHandler.java:142)
		at org.apache.spark.network.server.TransportChannelHandler.channelRead0(TransportChannelHandler.java:53)
		at io.netty.channel.SimpleChannelInboundHandler.channelRead(SimpleChannelInboundHandler.java:99)
		at io.netty.channel.AbstractChannelHandlerContext.invokeChannelRead(AbstractChannelHandlerContext.java:444)
		at io.netty.channel.AbstractChannelHandlerContext.invokeChannelRead(AbstractChannelHandlerContext.java:420)
		at io.netty.channel.AbstractChannelHandlerContext.fireChannelRead(AbstractChannelHandlerContext.java:412)
		at io.netty.handler.timeout.IdleStateHandler.channelRead(IdleStateHandler.java:286)
		at io.netty.channel.AbstractChannelHandlerContext.invokeChannelRead(AbstractChannelHandlerContext.java:442)
		at io.netty.channel.AbstractChannelHandlerContext.invokeChannelRead(AbstractChannelHandlerContext.java:420)
		at io.netty.channel.AbstractChannelHandlerContext.fireChannelRead(AbstractChannelHandlerContext.java:412)
		at io.netty.handler.codec.MessageToMessageDecoder.channelRead(MessageToMessageDecoder.java:103)
		at io.netty.channel.AbstractChannelHandlerContext.invokeChannelRead(AbstractChannelHandlerContext.java:444)
		at io.netty.channel.AbstractChannelHandlerContext.invokeChannelRead(AbstractChannelHandlerContext.java:420)
		at io.netty.channel.AbstractChannelHandlerContext.fireChannelRead(AbstractChannelHandlerContext.java:412)
		at org.apache.spark.network.util.TransportFrameDecoder.channelRead(TransportFrameDecoder.java:102)
		at io.netty.channel.AbstractChannelHandlerContext.invokeChannelRead(AbstractChannelHandlerContext.java:444)
		at io.netty.channel.AbstractChannelHandlerContext.invokeChannelRead(AbstractChannelHandlerContext.java:420)
		at io.netty.channel.AbstractChannelHandlerContext.fireChannelRead(AbstractChannelHandlerContext.java:412)
		at io.netty.channel.DefaultChannelPipeline$HeadContext.channelRead(DefaultChannelPipeline.java:1410)
		at io.netty.channel.AbstractChannelHandlerContext.invokeChannelRead(AbstractChannelHandlerContext.java:440)
		at io.netty.channel.AbstractChannelHandlerContext.invokeChannelRead(AbstractChannelHandlerContext.java:420)
		at io.netty.channel.DefaultChannelPipeline.fireChannelRead(DefaultChannelPipeline.java:919)
		at io.netty.channel.nio.AbstractNioByteChannel$NioByteUnsafe.read(AbstractNioByteChannel.java:166)
		at io.netty.channel.nio.NioEventLoop.processSelectedKey(NioEventLoop.java:788)
		at io.netty.channel.nio.NioEventLoop.processSelectedKeysOptimized(NioEventLoop.java:724)
		at io.netty.channel.nio.NioEventLoop.processSelectedKeys(NioEventLoop.java:650)
		at io.netty.channel.nio.NioEventLoop.run(NioEventLoop.java:562)
		at io.netty.util.concurrent.SingleThreadEventExecutor$4.run(SingleThreadEventExecutor.java:997)
		at io.netty.util.internal.ThreadExecutorMap$2.run(ThreadExecutorMap.java:74)
		at io.netty.util.concurrent.FastThreadLocalRunnable.run(FastThreadLocalRunnable.java:30)
		... 1 more
[INFO] 2024-04-25 05:20:50.506 +0800 -  -> 
	24/04/25 05:20:50 ERROR StandaloneSchedulerBackend: Application has been killed. Reason: All masters are unresponsive! Giving up.
	24/04/25 05:20:50 WARN StandaloneSchedulerBackend: Application ID is not initialized yet.
	24/04/25 05:20:50 INFO Utils: Successfully started service 'org.apache.spark.network.netty.NettyBlockTransferService' on port 42625.
	24/04/25 05:20:50 INFO NettyBlockTransferService: Server created on 33f93b0faf4e:42625
	24/04/25 05:20:50 INFO BlockManager: Using org.apache.spark.storage.RandomBlockReplicationPolicy for block replication policy
	24/04/25 05:20:50 INFO BlockManagerMaster: Registering BlockManager BlockManagerId(driver, 33f93b0faf4e, 42625, None)
	24/04/25 05:20:50 INFO BlockManagerMasterEndpoint: Registering block manager 33f93b0faf4e:42625 with 366.3 MiB RAM, BlockManagerId(driver, 33f93b0faf4e, 42625, None)
	24/04/25 05:20:50 INFO BlockManagerMaster: Registered BlockManager BlockManagerId(driver, 33f93b0faf4e, 42625, None)
	24/04/25 05:20:50 INFO BlockManager: Initialized BlockManager: BlockManagerId(driver, 33f93b0faf4e, 42625, None)
[INFO] 2024-04-25 05:20:51.509 +0800 -  -> 
	24/04/25 05:20:51 INFO StandaloneSchedulerBackend: SchedulerBackend is ready for scheduling beginning after reached minRegisteredResourcesRatio: 0.0
[INFO] 2024-04-25 05:20:52.514 +0800 -  -> 
	24/04/25 05:20:51 INFO SparkContext: SparkContext is stopping with exitCode 0.
	Traceback (most recent call last):
	  File "/tmp/dolphinscheduler/exec/process/default/13001194483488/13383445003744_3/605/1662/spark-test.py", line 8, in <module>
	24/04/25 05:20:51 INFO SparkUI: Stopped Spark web UI at http://33f93b0faf4e:4040
	    .getOrCreate()
	     ^^^^^^^^^^^^^
	  File "/opt/spark-3.5.1-bin-hadoop3-scala2.13/python/lib/pyspark.zip/pyspark/sql/session.py", line 500, in getOrCreate
	  File "/opt/spark-3.5.1-bin-hadoop3-scala2.13/python/lib/pyspark.zip/pyspark/sql/session.py", line 589, in __init__
	  File "/opt/spark-3.5.1-bin-hadoop3-scala2.13/python/lib/py4j-0.10.9.7-src.zip/py4j/java_gateway.py", line 1587, in __call__
	  File "/opt/spark-3.5.1-bin-hadoop3-scala2.13/python/lib/py4j-0.10.9.7-src.zip/py4j/protocol.py", line 326, in get_return_value
	py4j.protocol.Py4JJavaError: An error occurred while calling None.org.apache.spark.sql.SparkSession.
	: java.lang.IllegalStateException: Cannot call methods on a stopped SparkContext.
	This stopped SparkContext was created at:
	
	org.apache.spark.api.java.JavaSparkContext.<init>(JavaSparkContext.scala:58)
	sun.reflect.NativeConstructorAccessorImpl.newInstance0(Native Method)
	sun.reflect.NativeConstructorAccessorImpl.newInstance(NativeConstructorAccessorImpl.java:62)
	sun.reflect.DelegatingConstructorAccessorImpl.newInstance(DelegatingConstructorAccessorImpl.java:45)
	java.lang.reflect.Constructor.newInstance(Constructor.java:423)
	py4j.reflection.MethodInvoker.invoke(MethodInvoker.java:247)
	py4j.reflection.ReflectionEngine.invoke(ReflectionEngine.java:374)
	py4j.Gateway.invoke(Gateway.java:238)
	py4j.commands.ConstructorCommand.invokeConstructor(ConstructorCommand.java:80)
	py4j.commands.ConstructorCommand.execute(ConstructorCommand.java:69)
	py4j.ClientServerConnection.waitForCommands(ClientServerConnection.java:182)
	py4j.ClientServerConnection.run(ClientServerConnection.java:106)
	java.lang.Thread.run(Thread.java:750)
	
	The currently active SparkContext was created at:
	
	org.apache.spark.api.java.JavaSparkContext.<init>(JavaSparkContext.scala:58)
	sun.reflect.NativeConstructorAccessorImpl.newInstance0(Native Method)
	sun.reflect.NativeConstructorAccessorImpl.newInstance(NativeConstructorAccessorImpl.java:62)
	sun.reflect.DelegatingConstructorAccessorImpl.newInstance(DelegatingConstructorAccessorImpl.java:45)
	java.lang.reflect.Constructor.newInstance(Constructor.java:423)
	py4j.reflection.MethodInvoker.invoke(MethodInvoker.java:247)
	py4j.reflection.ReflectionEngine.invoke(ReflectionEngine.java:374)
	py4j.Gateway.invoke(Gateway.java:238)
	py4j.commands.ConstructorCommand.invokeConstructor(ConstructorCommand.java:80)
	py4j.commands.ConstructorCommand.execute(ConstructorCommand.java:69)
	py4j.ClientServerConnection.waitForCommands(ClientServerConnection.java:182)
	py4j.ClientServerConnection.run(ClientServerConnection.java:106)
	java.lang.Thread.run(Thread.java:750)
	         
		at org.apache.spark.SparkContext.assertNotStopped(SparkContext.scala:122)
		at org.apache.spark.sql.SparkSession.<init>(SparkSession.scala:113)
		at org.apache.spark.sql.SparkSession.<init>(SparkSession.scala:106)
		at sun.reflect.NativeConstructorAccessorImpl.newInstance0(Native Method)
		at sun.reflect.NativeConstructorAccessorImpl.newInstance(NativeConstructorAccessorImpl.java:62)
		at sun.reflect.DelegatingConstructorAccessorImpl.newInstance(DelegatingConstructorAccessorImpl.java:45)
		at java.lang.reflect.Constructor.newInstance(Constructor.java:423)
		at py4j.reflection.MethodInvoker.invoke(MethodInvoker.java:247)
		at py4j.reflection.ReflectionEngine.invoke(ReflectionEngine.java:374)
		at py4j.Gateway.invoke(Gateway.java:238)
		at py4j.commands.ConstructorCommand.invokeConstructor(ConstructorCommand.java:80)
		at py4j.commands.ConstructorCommand.execute(ConstructorCommand.java:69)
		at py4j.ClientServerConnection.waitForCommands(ClientServerConnection.java:182)
		at py4j.ClientServerConnection.run(ClientServerConnection.java:106)
		at java.lang.Thread.run(Thread.java:750)
	
	24/04/25 05:20:51 INFO StandaloneSchedulerBackend: Shutting down all executors
	24/04/25 05:20:51 INFO StandaloneSchedulerBackend$StandaloneDriverEndpoint: Asking each executor to shut down
	24/04/25 05:20:51 WARN StandaloneAppClient$ClientEndpoint: Drop UnregisterApplication(null) because has not yet connected to master
	24/04/25 05:20:51 INFO DiskBlockManager: Shutdown hook called
	24/04/25 05:20:51 INFO MapOutputTrackerMasterEndpoint: MapOutputTrackerMasterEndpoint stopped!
	24/04/25 05:20:51 INFO ShutdownHookManager: Shutdown hook called
	24/04/25 05:20:51 INFO ShutdownHookManager: Deleting directory /tmp/spark-e152a0c5-f499-43e2-90df-d4515b4f8083
	24/04/25 05:20:51 INFO ShutdownHookManager: Deleting directory /tmp/spark-fa0928e4-71bc-4f69-8f05-3b4bef61e347
	24/04/25 05:20:51 INFO ShutdownHookManager: Deleting directory /tmp/spark-e152a0c5-f499-43e2-90df-d4515b4f8083/userFiles-d1b7e551-9e34-470b-954e-e7be2853c740
	24/04/25 05:20:51 INFO MemoryStore: MemoryStore cleared
	24/04/25 05:20:51 INFO BlockManager: BlockManager stopped
	24/04/25 05:20:51 INFO ShutdownHookManager: Deleting directory /tmp/spark-e152a0c5-f499-43e2-90df-d4515b4f8083/pyspark-c5ca70a9-b8da-484c-b6d2-c151dcc017bc
	24/04/25 05:20:51 INFO BlockManagerMaster: BlockManagerMaster stopped
[INFO] 2024-04-25 05:20:52.518 +0800 - process has exited. execute path:/tmp/dolphinscheduler/exec/process/default/13001194483488/13383445003744_3/605/1662, processId:295 ,exitStatusCode:1 ,processWaitForStatus:true ,processExitValue:1
[INFO] 2024-04-25 05:20:52.520 +0800 - ***********************************************************************************************
[INFO] 2024-04-25 05:20:52.520 +0800 - *********************************  Finalize task instance  ************************************
[INFO] 2024-04-25 05:20:52.520 +0800 - ***********************************************************************************************
[INFO] 2024-04-25 05:20:52.521 +0800 - Upload output files: [] successfully
[INFO] 2024-04-25 05:20:52.526 +0800 - Send task execute status: FAILURE to master : 172.18.1.1:1234
[INFO] 2024-04-25 05:20:52.527 +0800 - Remove the current task execute context from worker cache
[INFO] 2024-04-25 05:20:52.528 +0800 - The current execute mode isn't develop mode, will clear the task execute file: /tmp/dolphinscheduler/exec/process/default/13001194483488/13383445003744_3/605/1662
[INFO] 2024-04-25 05:20:52.529 +0800 - Success clear the task execute file: /tmp/dolphinscheduler/exec/process/default/13001194483488/13383445003744_3/605/1662
[INFO] 2024-04-25 05:20:52.529 +0800 - FINALIZE_SESSION
