[INFO] 2024-04-25 05:27:42.453 +0800 - ***********************************************************************************************
[INFO] 2024-04-25 05:27:42.461 +0800 - *********************************  Initialize task context  ***********************************
[INFO] 2024-04-25 05:27:42.462 +0800 - ***********************************************************************************************
[INFO] 2024-04-25 05:27:42.463 +0800 - Begin to initialize task
[INFO] 2024-04-25 05:27:42.463 +0800 - Set task startTime: 1713994062463
[INFO] 2024-04-25 05:27:42.464 +0800 - Set task appId: 605_1697
[INFO] 2024-04-25 05:27:42.472 +0800 - End initialize task {
  "taskInstanceId" : 1697,
  "taskName" : "spark test",
  "firstSubmitTime" : 1713994062174,
  "startTime" : 1713994062463,
  "taskType" : "SHELL",
  "workflowInstanceHost" : "172.18.0.10:5678",
  "host" : "172.18.1.1:1234",
  "logPath" : "/opt/dolphinscheduler/logs/20240425/13383445003744/3/605/1697.log",
  "processId" : 0,
  "processDefineCode" : 13383445003744,
  "processDefineVersion" : 3,
  "processInstanceId" : 605,
  "scheduleTime" : 0,
  "executorId" : 1,
  "cmdTypeIfComplement" : 2,
  "tenantCode" : "default",
  "processDefineId" : 0,
  "projectId" : 0,
  "projectCode" : 13001194483488,
  "taskParams" : "{\"localParams\":[],\"rawScript\":\"$SPARK_HOME/bin/spark-submit \\\\\\n    --master spark://spark-master:7077 \\\\\\n    --deploy-mode client \\\\\\n    --conf spark.driver.cores=1 \\\\\\n    --conf spark.driver.memory=1G \\\\\\n    --conf spark.executor.instances=1 \\\\\\n    --conf spark.executor.cores=1 \\\\\\n    --conf spark.executor.memory=1G \\\\\\n    --name reddit_preprocessing \\\\\\n    spark-test.py\\n\",\"resourceList\":[{\"id\":null,\"resourceName\":\"file:/dolphinscheduler/default/resources/spark-test.py\",\"res\":null}]}",
  "environmentConfig" : "export SPARK_HOME=/opt/spark-3.5.1-bin-hadoop3\nexport JAVA_HOME=/opt/java/openjdk\nexport PYSPARK_DRIVER_PYTHON=/bin/python3.11",
  "prepareParamsMap" : {
    "system.task.definition.name" : {
      "prop" : "system.task.definition.name",
      "direct" : "IN",
      "type" : "VARCHAR",
      "value" : "spark test"
    },
    "system.project.name" : {
      "prop" : "system.project.name",
      "direct" : "IN",
      "type" : "VARCHAR",
      "value" : null
    },
    "system.project.code" : {
      "prop" : "system.project.code",
      "direct" : "IN",
      "type" : "VARCHAR",
      "value" : "13001194483488"
    },
    "system.workflow.instance.id" : {
      "prop" : "system.workflow.instance.id",
      "direct" : "IN",
      "type" : "VARCHAR",
      "value" : "605"
    },
    "system.biz.curdate" : {
      "prop" : "system.biz.curdate",
      "direct" : "IN",
      "type" : "VARCHAR",
      "value" : "20240425"
    },
    "system.biz.date" : {
      "prop" : "system.biz.date",
      "direct" : "IN",
      "type" : "VARCHAR",
      "value" : "20240424"
    },
    "system.task.instance.id" : {
      "prop" : "system.task.instance.id",
      "direct" : "IN",
      "type" : "VARCHAR",
      "value" : "1697"
    },
    "system.workflow.definition.name" : {
      "prop" : "system.workflow.definition.name",
      "direct" : "IN",
      "type" : "VARCHAR",
      "value" : "spark_test"
    },
    "system.task.definition.code" : {
      "prop" : "system.task.definition.code",
      "direct" : "IN",
      "type" : "VARCHAR",
      "value" : "13383432925920"
    },
    "system.workflow.definition.code" : {
      "prop" : "system.workflow.definition.code",
      "direct" : "IN",
      "type" : "VARCHAR",
      "value" : "13383445003744"
    },
    "system.datetime" : {
      "prop" : "system.datetime",
      "direct" : "IN",
      "type" : "VARCHAR",
      "value" : "20240425052742"
    }
  },
  "taskAppId" : "605_1697",
  "taskTimeout" : 2147483647,
  "workerGroup" : "default",
  "delayTime" : 0,
  "currentExecutionStatus" : "SUBMITTED_SUCCESS",
  "endTime" : 0,
  "varPool" : "[]",
  "dryRun" : 0,
  "paramsMap" : { },
  "cpuQuota" : -1,
  "memoryMax" : -1,
  "testFlag" : 0,
  "logBufferEnable" : false,
  "dispatchFailTimes" : 0
}
[INFO] 2024-04-25 05:27:42.476 +0800 - ***********************************************************************************************
[INFO] 2024-04-25 05:27:42.476 +0800 - *********************************  Load task instance plugin  *********************************
[INFO] 2024-04-25 05:27:42.478 +0800 - ***********************************************************************************************
[INFO] 2024-04-25 05:27:42.562 +0800 - Send task status RUNNING_EXECUTION master: 172.18.1.1:1234
[INFO] 2024-04-25 05:27:42.597 +0800 - create linux os user: default
[INFO] 2024-04-25 05:27:42.598 +0800 - execute cmd: sudo useradd -g root
 default
[INFO] 2024-04-25 05:27:42.669 +0800 - create user default success
[INFO] 2024-04-25 05:27:42.670 +0800 - TenantCode: default check successfully
[INFO] 2024-04-25 05:27:42.674 +0800 - WorkflowInstanceExecDir: /tmp/dolphinscheduler/exec/process/default/13001194483488/13383445003744_3/605/1697 check successfully
[INFO] 2024-04-25 05:27:42.675 +0800 - Create TaskChannel: org.apache.dolphinscheduler.plugin.task.shell.ShellTaskChannel successfully
[INFO] 2024-04-25 05:27:42.720 +0800 - Download resources successfully: 
ResourceContext(resourceItemMap={file:/dolphinscheduler/default/resources/spark-test.py=ResourceContext.ResourceItem(resourceAbsolutePathInStorage=file:/dolphinscheduler/default/resources/spark-test.py, resourceRelativePath=spark-test.py, resourceAbsolutePathInLocal=/tmp/dolphinscheduler/exec/process/default/13001194483488/13383445003744_3/605/1697/spark-test.py)})
[INFO] 2024-04-25 05:27:42.727 +0800 - Download upstream files: [] successfully
[INFO] 2024-04-25 05:27:42.730 +0800 - Task plugin instance: SHELL create successfully
[INFO] 2024-04-25 05:27:42.733 +0800 - Initialize shell task params {
  "localParams" : [ ],
  "varPool" : null,
  "rawScript" : "$SPARK_HOME/bin/spark-submit \\\n    --master spark://spark-master:7077 \\\n    --deploy-mode client \\\n    --conf spark.driver.cores=1 \\\n    --conf spark.driver.memory=1G \\\n    --conf spark.executor.instances=1 \\\n    --conf spark.executor.cores=1 \\\n    --conf spark.executor.memory=1G \\\n    --name reddit_preprocessing \\\n    spark-test.py\n",
  "resourceList" : [ {
    "id" : null,
    "resourceName" : "file:/dolphinscheduler/default/resources/spark-test.py",
    "res" : null
  } ]
}
[INFO] 2024-04-25 05:27:42.733 +0800 - Success initialized task plugin instance successfully
[INFO] 2024-04-25 05:27:42.734 +0800 - Set taskVarPool: [] successfully
[INFO] 2024-04-25 05:27:42.736 +0800 - ***********************************************************************************************
[INFO] 2024-04-25 05:27:42.737 +0800 - *********************************  Execute task instance  *************************************
[INFO] 2024-04-25 05:27:42.737 +0800 - ***********************************************************************************************
[INFO] 2024-04-25 05:27:42.747 +0800 - Final Shell file is: 
[INFO] 2024-04-25 05:27:42.747 +0800 - ****************************** Script Content *****************************************************************
[INFO] 2024-04-25 05:27:42.747 +0800 - #!/bin/bash
BASEDIR=$(cd `dirname $0`; pwd)
cd $BASEDIR
export SPARK_HOME=/opt/spark-3.5.1-bin-hadoop3
export JAVA_HOME=/opt/java/openjdk
export PYSPARK_DRIVER_PYTHON=/bin/python3.11
$SPARK_HOME/bin/spark-submit \
    --master spark://spark-master:7077 \
    --deploy-mode client \
    --conf spark.driver.cores=1 \
    --conf spark.driver.memory=1G \
    --conf spark.executor.instances=1 \
    --conf spark.executor.cores=1 \
    --conf spark.executor.memory=1G \
    --name reddit_preprocessing \
    spark-test.py

[INFO] 2024-04-25 05:27:42.748 +0800 - ****************************** Script Content *****************************************************************
[INFO] 2024-04-25 05:27:42.749 +0800 - Executing shell command : sudo -u default -i /tmp/dolphinscheduler/exec/process/default/13001194483488/13383445003744_3/605/1697/605_1697.sh
[INFO] 2024-04-25 05:27:42.756 +0800 - process start, process id is: 86
[INFO] 2024-04-25 05:27:43.754 +0800 -  -> 
	sudo: unable to change directory to /home/default: No such file or directory
[INFO] 2024-04-25 05:27:46.760 +0800 -  -> 
	24/04/25 05:27:46 INFO SparkContext: Running Spark version 3.5.1
	24/04/25 05:27:46 INFO SparkContext: OS info Linux, 6.5.0-28-generic, amd64
	24/04/25 05:27:46 INFO SparkContext: Java version 1.8.0_402
	24/04/25 05:27:46 WARN NativeCodeLoader: Unable to load native-hadoop library for your platform... using builtin-java classes where applicable
	24/04/25 05:27:46 INFO ResourceUtils: ==============================================================
	24/04/25 05:27:46 INFO ResourceUtils: No custom resources configured for spark.driver.
	24/04/25 05:27:46 INFO ResourceUtils: ==============================================================
	24/04/25 05:27:46 INFO SparkContext: Submitted application: My App
	24/04/25 05:27:46 INFO ResourceProfile: Default ResourceProfile created, executor resources: Map(cores -> name: cores, amount: 1, script: , vendor: , memory -> name: memory, amount: 1024, script: , vendor: , offHeap -> name: offHeap, amount: 0, script: , vendor: ), task resources: Map(cpus -> name: cpus, amount: 1.0)
	24/04/25 05:27:46 INFO ResourceProfile: Limiting resource is cpus at 1 tasks per executor
	24/04/25 05:27:46 INFO ResourceProfileManager: Added ResourceProfile id: 0
[INFO] 2024-04-25 05:27:47.762 +0800 -  -> 
	24/04/25 05:27:46 INFO SecurityManager: Changing view acls to: default
	24/04/25 05:27:46 INFO SecurityManager: Changing modify acls to: default
	24/04/25 05:27:46 INFO SecurityManager: Changing view acls groups to: 
	24/04/25 05:27:46 INFO SecurityManager: Changing modify acls groups to: 
	24/04/25 05:27:46 INFO SecurityManager: SecurityManager: authentication disabled; ui acls disabled; users with view permissions: default; groups with view permissions: EMPTY; users with modify permissions: default; groups with modify permissions: EMPTY
	24/04/25 05:27:47 INFO Utils: Successfully started service 'sparkDriver' on port 36197.
	24/04/25 05:27:47 INFO SparkEnv: Registering MapOutputTracker
	24/04/25 05:27:47 INFO SparkEnv: Registering BlockManagerMaster
	24/04/25 05:27:47 INFO BlockManagerMasterEndpoint: Using org.apache.spark.storage.DefaultTopologyMapper for getting topology information
	24/04/25 05:27:47 INFO BlockManagerMasterEndpoint: BlockManagerMasterEndpoint up
	24/04/25 05:27:47 INFO SparkEnv: Registering BlockManagerMasterHeartbeat
	24/04/25 05:27:47 INFO DiskBlockManager: Created local directory at /tmp/blockmgr-9e63841e-5935-484e-9279-8aea54b9fdb3
	24/04/25 05:27:47 INFO MemoryStore: MemoryStore started with capacity 366.3 MiB
	24/04/25 05:27:47 INFO SparkEnv: Registering OutputCommitCoordinator
[INFO] 2024-04-25 05:27:48.771 +0800 -  -> 
	24/04/25 05:27:47 INFO JettyUtils: Start Jetty 0.0.0.0:4040 for SparkUI
	24/04/25 05:27:48 INFO Utils: Successfully started service 'SparkUI' on port 4040.
	24/04/25 05:27:48 INFO StandaloneAppClient$ClientEndpoint: Connecting to master spark://spark-master:7077...
[INFO] 2024-04-25 05:27:49.772 +0800 -  -> 
	24/04/25 05:27:48 INFO TransportClientFactory: Successfully created connection to spark-master/172.18.0.3:7077 after 183 ms (0 ms spent in bootstraps)
	24/04/25 05:27:49 INFO StandaloneSchedulerBackend: Connected to Spark cluster with app ID app-20240424212749-0000
	24/04/25 05:27:49 INFO Utils: Successfully started service 'org.apache.spark.network.netty.NettyBlockTransferService' on port 37295.
	24/04/25 05:27:49 INFO NettyBlockTransferService: Server created on cc4473fea487:37295
	24/04/25 05:27:49 INFO BlockManager: Using org.apache.spark.storage.RandomBlockReplicationPolicy for block replication policy
	24/04/25 05:27:49 INFO BlockManagerMaster: Registering BlockManager BlockManagerId(driver, cc4473fea487, 37295, None)
	24/04/25 05:27:49 INFO BlockManagerMasterEndpoint: Registering block manager cc4473fea487:37295 with 366.3 MiB RAM, BlockManagerId(driver, cc4473fea487, 37295, None)
	24/04/25 05:27:49 INFO BlockManagerMaster: Registered BlockManager BlockManagerId(driver, cc4473fea487, 37295, None)
	24/04/25 05:27:49 INFO BlockManager: Initialized BlockManager: BlockManagerId(driver, cc4473fea487, 37295, None)
[INFO] 2024-04-25 05:27:50.773 +0800 -  -> 
	24/04/25 05:27:49 INFO StandaloneSchedulerBackend: SchedulerBackend is ready for scheduling beginning after reached minRegisteredResourcesRatio: 0.0
[INFO] 2024-04-25 05:27:51.784 +0800 -  -> 
	24/04/25 05:27:50 INFO SparkContext: Starting job: sum at /tmp/dolphinscheduler/exec/process/default/13001194483488/13383445003744_3/605/1697/spark-test.py:12
	24/04/25 05:27:50 INFO DAGScheduler: Got job 0 (sum at /tmp/dolphinscheduler/exec/process/default/13001194483488/13383445003744_3/605/1697/spark-test.py:12) with 2 output partitions
	24/04/25 05:27:50 INFO DAGScheduler: Final stage: ResultStage 0 (sum at /tmp/dolphinscheduler/exec/process/default/13001194483488/13383445003744_3/605/1697/spark-test.py:12)
	24/04/25 05:27:50 INFO DAGScheduler: Parents of final stage: List()
	24/04/25 05:27:50 INFO DAGScheduler: Missing parents: List()
	24/04/25 05:27:50 INFO DAGScheduler: Submitting ResultStage 0 (PythonRDD[1] at sum at /tmp/dolphinscheduler/exec/process/default/13001194483488/13383445003744_3/605/1697/spark-test.py:12), which has no missing parents
	24/04/25 05:27:51 INFO MemoryStore: Block broadcast_0 stored as values in memory (estimated size 8.1 KiB, free 366.3 MiB)
	24/04/25 05:27:51 INFO MemoryStore: Block broadcast_0_piece0 stored as bytes in memory (estimated size 5.1 KiB, free 366.3 MiB)
	24/04/25 05:27:51 INFO BlockManagerInfo: Added broadcast_0_piece0 in memory on cc4473fea487:37295 (size: 5.1 KiB, free: 366.3 MiB)
	24/04/25 05:27:51 INFO SparkContext: Created broadcast 0 from broadcast at DAGScheduler.scala:1585
	24/04/25 05:27:51 INFO DAGScheduler: Submitting 2 missing tasks from ResultStage 0 (PythonRDD[1] at sum at /tmp/dolphinscheduler/exec/process/default/13001194483488/13383445003744_3/605/1697/spark-test.py:12) (first 15 tasks are for partitions Vector(0, 1))
	24/04/25 05:27:51 INFO TaskSchedulerImpl: Adding task set 0.0 with 2 tasks resource profile 0
[INFO] 2024-04-25 05:28:06.902 +0800 -  -> 
	24/04/25 05:28:06 WARN TaskSchedulerImpl: Initial job has not accepted any resources; check your cluster UI to ensure that workers are registered and have sufficient resources
[INFO] 2024-04-25 05:28:21.925 +0800 -  -> 
	24/04/25 05:28:21 WARN TaskSchedulerImpl: Initial job has not accepted any resources; check your cluster UI to ensure that workers are registered and have sufficient resources
[INFO] 2024-04-25 05:28:37.017 +0800 -  -> 
	24/04/25 05:28:36 WARN TaskSchedulerImpl: Initial job has not accepted any resources; check your cluster UI to ensure that workers are registered and have sufficient resources
[INFO] 2024-04-25 05:28:52.151 +0800 -  -> 
	24/04/25 05:28:51 WARN TaskSchedulerImpl: Initial job has not accepted any resources; check your cluster UI to ensure that workers are registered and have sufficient resources
[INFO] 2024-04-25 05:29:06.213 +0800 -  -> 
	24/04/25 05:29:06 WARN TaskSchedulerImpl: Initial job has not accepted any resources; check your cluster UI to ensure that workers are registered and have sufficient resources
[INFO] 2024-04-25 05:29:21.252 +0800 -  -> 
	24/04/25 05:29:21 WARN TaskSchedulerImpl: Initial job has not accepted any resources; check your cluster UI to ensure that workers are registered and have sufficient resources
[INFO] 2024-04-25 05:29:36.296 +0800 -  -> 
	24/04/25 05:29:36 WARN TaskSchedulerImpl: Initial job has not accepted any resources; check your cluster UI to ensure that workers are registered and have sufficient resources
[INFO] 2024-04-25 05:29:51.357 +0800 -  -> 
	24/04/25 05:29:51 WARN TaskSchedulerImpl: Initial job has not accepted any resources; check your cluster UI to ensure that workers are registered and have sufficient resources
[ERROR] 2024-04-25 05:29:53.112 +0800 - kill task error
java.io.IOException: Cannot run program "pstree": error=2, No such file or directory
	at java.lang.ProcessBuilder.start(ProcessBuilder.java:1048)
	at org.apache.dolphinscheduler.common.shell.AbstractShell.runCommand(AbstractShell.java:138)
	at org.apache.dolphinscheduler.common.shell.AbstractShell.run(AbstractShell.java:118)
	at org.apache.dolphinscheduler.common.shell.ShellExecutor.execute(ShellExecutor.java:125)
	at org.apache.dolphinscheduler.common.shell.ShellExecutor.execCommand(ShellExecutor.java:103)
	at org.apache.dolphinscheduler.common.shell.ShellExecutor.execCommand(ShellExecutor.java:86)
	at org.apache.dolphinscheduler.common.utils.OSUtils.exeShell(OSUtils.java:345)
	at org.apache.dolphinscheduler.common.utils.OSUtils.exeCmd(OSUtils.java:334)
	at org.apache.dolphinscheduler.plugin.task.api.utils.ProcessUtils.getPidsStr(ProcessUtils.java:129)
	at org.apache.dolphinscheduler.server.worker.runner.operator.TaskInstanceKillOperationFunction.killProcess(TaskInstanceKillOperationFunction.java:130)
	at org.apache.dolphinscheduler.server.worker.runner.operator.TaskInstanceKillOperationFunction.doKill(TaskInstanceKillOperationFunction.java:96)
	at org.apache.dolphinscheduler.server.worker.runner.operator.TaskInstanceKillOperationFunction.operate(TaskInstanceKillOperationFunction.java:69)
	at org.apache.dolphinscheduler.server.worker.rpc.TaskInstanceOperatorImpl.killTask(TaskInstanceOperatorImpl.java:49)
	at sun.reflect.NativeMethodAccessorImpl.invoke0(Native Method)
	at sun.reflect.NativeMethodAccessorImpl.invoke(NativeMethodAccessorImpl.java:62)
	at sun.reflect.DelegatingMethodAccessorImpl.invoke(DelegatingMethodAccessorImpl.java:43)
	at java.lang.reflect.Method.invoke(Method.java:498)
	at org.apache.dolphinscheduler.extract.base.server.ServerMethodInvokerImpl.invoke(ServerMethodInvokerImpl.java:41)
	at org.apache.dolphinscheduler.extract.base.server.JdkDynamicServerHandler.lambda$processReceived$0(JdkDynamicServerHandler.java:108)
	at java.util.concurrent.ThreadPoolExecutor.runWorker(ThreadPoolExecutor.java:1149)
	at java.util.concurrent.ThreadPoolExecutor$Worker.run(ThreadPoolExecutor.java:624)
	at java.lang.Thread.run(Thread.java:750)
Caused by: java.io.IOException: error=2, No such file or directory
	at java.lang.UNIXProcess.forkAndExec(Native Method)
	at java.lang.UNIXProcess.<init>(UNIXProcess.java:247)
	at java.lang.ProcessImpl.start(ProcessImpl.java:134)
	at java.lang.ProcessBuilder.start(ProcessBuilder.java:1029)
	... 21 common frames omitted
[INFO] 2024-04-25 05:29:53.153 +0800 - Get appIds from worker 172.18.1.1:1234, taskLogPath: /opt/dolphinscheduler/logs/20240425/13383445003744/3/605/1697.log
[INFO] 2024-04-25 05:29:53.165 +0800 - Start finding appId in /opt/dolphinscheduler/logs/20240425/13383445003744/3/605/1697.log, fetch way: log 
[INFO] 2024-04-25 05:29:53.168 +0800 - The appId is empty
[INFO] 2024-04-25 05:29:53.169 +0800 - Begin to kill process process, pid is : 86
[INFO] 2024-04-25 05:29:58.209 +0800 - Success kill task: 605_1697, pid: 86
[INFO] 2024-04-25 05:29:58.234 +0800 - kill task by cancelApplication, taskInstanceId: 1697
[ERROR] 2024-04-25 05:30:06.204 +0800 - Parse var pool error
java.io.IOException: Stream closed
	at java.io.BufferedInputStream.getBufIfOpen(BufferedInputStream.java:170)
	at java.io.BufferedInputStream.read1(BufferedInputStream.java:283)
	at java.io.BufferedInputStream.read(BufferedInputStream.java:345)
	at sun.nio.cs.StreamDecoder.readBytes(StreamDecoder.java:284)
	at sun.nio.cs.StreamDecoder.implRead(StreamDecoder.java:326)
	at sun.nio.cs.StreamDecoder.read(StreamDecoder.java:178)
	at java.io.InputStreamReader.read(InputStreamReader.java:184)
	at java.io.BufferedReader.fill(BufferedReader.java:161)
	at java.io.BufferedReader.readLine(BufferedReader.java:324)
	at java.io.BufferedReader.readLine(BufferedReader.java:389)
	at org.apache.dolphinscheduler.plugin.task.api.AbstractCommandExecutor.lambda$parseProcessOutput$1(AbstractCommandExecutor.java:273)
	at java.util.concurrent.Executors$RunnableAdapter.call(Executors.java:511)
	at java.util.concurrent.FutureTask.run(FutureTask.java:266)
	at java.util.concurrent.ScheduledThreadPoolExecutor$ScheduledFutureTask.access$201(ScheduledThreadPoolExecutor.java:180)
	at java.util.concurrent.ScheduledThreadPoolExecutor$ScheduledFutureTask.run(ScheduledThreadPoolExecutor.java:293)
	at java.util.concurrent.ThreadPoolExecutor.runWorker(ThreadPoolExecutor.java:1149)
	at java.util.concurrent.ThreadPoolExecutor$Worker.run(ThreadPoolExecutor.java:624)
	at java.lang.Thread.run(Thread.java:750)
[INFO] 2024-04-25 05:30:06.403 +0800 - process has killed. execute path:/tmp/dolphinscheduler/exec/process/default/13001194483488/13383445003744_3/605/1697, processId:86 ,exitStatusCode:137 ,processWaitForStatus:true ,processExitValue:137
[INFO] 2024-04-25 05:30:06.404 +0800 - ***********************************************************************************************
[INFO] 2024-04-25 05:30:06.405 +0800 - *********************************  Finalize task instance  ************************************
[INFO] 2024-04-25 05:30:06.405 +0800 - ***********************************************************************************************
[INFO] 2024-04-25 05:30:06.407 +0800 - Upload output files: [] successfully
[INFO] 2024-04-25 05:30:06.429 +0800 - Send task execute status: KILL to master : 172.18.1.1:1234
[INFO] 2024-04-25 05:30:06.430 +0800 - Remove the current task execute context from worker cache
[INFO] 2024-04-25 05:30:06.430 +0800 - The current execute mode isn't develop mode, will clear the task execute file: /tmp/dolphinscheduler/exec/process/default/13001194483488/13383445003744_3/605/1697
[INFO] 2024-04-25 05:30:06.481 +0800 - Success clear the task execute file: /tmp/dolphinscheduler/exec/process/default/13001194483488/13383445003744_3/605/1697
[INFO] 2024-04-25 05:30:06.490 +0800 - FINALIZE_SESSION
