[INFO] 2024-04-30 04:05:10.511 +0800 - ***********************************************************************************************
[INFO] 2024-04-30 04:05:10.514 +0800 - *********************************  Initialize task context  ***********************************
[INFO] 2024-04-30 04:05:10.515 +0800 - ***********************************************************************************************
[INFO] 2024-04-30 04:05:10.515 +0800 - Begin to initialize task
[INFO] 2024-04-30 04:05:10.515 +0800 - Set task startTime: 1714421110515
[INFO] 2024-04-30 04:05:10.515 +0800 - Set task appId: 791_2242
[INFO] 2024-04-30 04:05:10.515 +0800 - End initialize task {
  "taskInstanceId" : 2242,
  "taskName" : "consume_filtered_data",
  "firstSubmitTime" : 1714421110499,
  "startTime" : 1714421110515,
  "taskType" : "SHELL",
  "workflowInstanceHost" : "172.18.0.3:5678",
  "host" : "172.18.1.1:1234",
  "logPath" : "/opt/dolphinscheduler/logs/20240430/13426477386080/25/791/2242.log",
  "processId" : 0,
  "processDefineCode" : 13426477386080,
  "processDefineVersion" : 25,
  "processInstanceId" : 791,
  "scheduleTime" : 0,
  "executorId" : 1,
  "cmdTypeIfComplement" : 7,
  "tenantCode" : "default",
  "processDefineId" : 0,
  "projectId" : 0,
  "projectCode" : 13010050770016,
  "taskParams" : "{\"localParams\":[],\"rawScript\":\"# /bin/kafka-console-consumer.sh \\\\\\n#     --bootstrap-server kafka:9092 \\\\\\n#     --topic reddit_post_filtered \\\\\\n#     --max-messages 10 \\\\\\n#     --from-beginning \\\\\\n#     --group filtered_data_consumer \\n#     --timeout-ms 15000\",\"resourceList\":[]}",
  "environmentConfig" : "export JAVA_HOME=/opt/java/openjdk",
  "prepareParamsMap" : {
    "system.task.definition.name" : {
      "prop" : "system.task.definition.name",
      "direct" : "IN",
      "type" : "VARCHAR",
      "value" : "consume_filtered_data"
    },
    "system.project.name" : {
      "prop" : "system.project.name",
      "direct" : "IN",
      "type" : "VARCHAR",
      "value" : null
    },
    "REDDIT_HOME" : {
      "prop" : "REDDIT_HOME",
      "direct" : "IN",
      "type" : "VARCHAR",
      "value" : "/local_storage/reddit"
    },
    "query" : {
      "prop" : "query",
      "direct" : "IN",
      "type" : "VARCHAR",
      "value" : "SELECT * FROM filtered_data_persistence"
    },
    "system.biz.curdate" : {
      "prop" : "system.biz.curdate",
      "direct" : "IN",
      "type" : "VARCHAR",
      "value" : "20240430"
    },
    "system.task.instance.id" : {
      "prop" : "system.task.instance.id",
      "direct" : "IN",
      "type" : "VARCHAR",
      "value" : "2242"
    },
    "system.task.definition.code" : {
      "prop" : "system.task.definition.code",
      "direct" : "IN",
      "type" : "VARCHAR",
      "value" : "13433255983872"
    },
    "system.datetime" : {
      "prop" : "system.datetime",
      "direct" : "IN",
      "type" : "VARCHAR",
      "value" : "20240430040510"
    },
    "system.project.code" : {
      "prop" : "system.project.code",
      "direct" : "IN",
      "type" : "VARCHAR",
      "value" : "13010050770016"
    },
    "system.workflow.instance.id" : {
      "prop" : "system.workflow.instance.id",
      "direct" : "IN",
      "type" : "VARCHAR",
      "value" : "791"
    },
    "system.biz.date" : {
      "prop" : "system.biz.date",
      "direct" : "IN",
      "type" : "VARCHAR",
      "value" : "20240429"
    },
    "system.workflow.definition.name" : {
      "prop" : "system.workflow.definition.name",
      "direct" : "IN",
      "type" : "VARCHAR",
      "value" : "es_filtered_data_persistence_subprocess"
    },
    "system.workflow.definition.code" : {
      "prop" : "system.workflow.definition.code",
      "direct" : "IN",
      "type" : "VARCHAR",
      "value" : "13426477386080"
    }
  },
  "taskAppId" : "791_2242",
  "taskTimeout" : 2147483647,
  "workerGroup" : "default",
  "delayTime" : 0,
  "currentExecutionStatus" : "SUBMITTED_SUCCESS",
  "endTime" : 0,
  "varPool" : "[{\"prop\":\"query\",\"direct\":\"IN\",\"type\":\"VARCHAR\",\"value\":\"SELECT * FROM filtered_data_persistence\"}]",
  "dryRun" : 0,
  "paramsMap" : { },
  "cpuQuota" : -1,
  "memoryMax" : -1,
  "testFlag" : 0,
  "logBufferEnable" : false,
  "dispatchFailTimes" : 0
}
[INFO] 2024-04-30 04:05:10.515 +0800 - ***********************************************************************************************
[INFO] 2024-04-30 04:05:10.515 +0800 - *********************************  Load task instance plugin  *********************************
[INFO] 2024-04-30 04:05:10.515 +0800 - ***********************************************************************************************
[INFO] 2024-04-30 04:05:10.521 +0800 - Send task status RUNNING_EXECUTION master: 172.18.1.1:1234
[INFO] 2024-04-30 04:05:10.522 +0800 - TenantCode: default check successfully
[INFO] 2024-04-30 04:05:10.523 +0800 - WorkflowInstanceExecDir: /tmp/dolphinscheduler/exec/process/default/13010050770016/13426477386080_25/791/2242 check successfully
[INFO] 2024-04-30 04:05:10.524 +0800 - Create TaskChannel: org.apache.dolphinscheduler.plugin.task.shell.ShellTaskChannel successfully
[INFO] 2024-04-30 04:05:10.524 +0800 - Download resources successfully: 
ResourceContext(resourceItemMap={})
[INFO] 2024-04-30 04:05:10.524 +0800 - Download upstream files: [] successfully
[INFO] 2024-04-30 04:05:10.524 +0800 - Task plugin instance: SHELL create successfully
[INFO] 2024-04-30 04:05:10.524 +0800 - Initialize shell task params {
  "localParams" : [ ],
  "varPool" : null,
  "rawScript" : "# /bin/kafka-console-consumer.sh \\\n#     --bootstrap-server kafka:9092 \\\n#     --topic reddit_post_filtered \\\n#     --max-messages 10 \\\n#     --from-beginning \\\n#     --group filtered_data_consumer \n#     --timeout-ms 15000",
  "resourceList" : [ ]
}
[INFO] 2024-04-30 04:05:10.524 +0800 - Success initialized task plugin instance successfully
[INFO] 2024-04-30 04:05:10.524 +0800 - Set taskVarPool: [{"prop":"query","direct":"IN","type":"VARCHAR","value":"SELECT * FROM filtered_data_persistence"}] successfully
[INFO] 2024-04-30 04:05:10.524 +0800 - ***********************************************************************************************
[INFO] 2024-04-30 04:05:10.524 +0800 - *********************************  Execute task instance  *************************************
[INFO] 2024-04-30 04:05:10.524 +0800 - ***********************************************************************************************
[INFO] 2024-04-30 04:05:10.525 +0800 - Final Shell file is: 
[INFO] 2024-04-30 04:05:10.525 +0800 - ****************************** Script Content *****************************************************************
[INFO] 2024-04-30 04:05:10.525 +0800 - #!/bin/bash
BASEDIR=$(cd `dirname $0`; pwd)
cd $BASEDIR
export JAVA_HOME=/opt/java/openjdk
# /bin/kafka-console-consumer.sh \
#     --bootstrap-server kafka:9092 \
#     --topic reddit_post_filtered \
#     --max-messages 10 \
#     --from-beginning \
#     --group filtered_data_consumer 
#     --timeout-ms 15000
[INFO] 2024-04-30 04:05:10.525 +0800 - ****************************** Script Content *****************************************************************
[INFO] 2024-04-30 04:05:10.525 +0800 - Executing shell command : sudo -u default -i /tmp/dolphinscheduler/exec/process/default/13010050770016/13426477386080_25/791/2242/791_2242.sh
[INFO] 2024-04-30 04:05:10.533 +0800 - process start, process id is: 2613
[INFO] 2024-04-30 04:05:11.534 +0800 -  -> 
	sudo: unable to change directory to /home/default: No such file or directory
[INFO] 2024-04-30 04:05:11.539 +0800 - process has exited. execute path:/tmp/dolphinscheduler/exec/process/default/13010050770016/13426477386080_25/791/2242, processId:2613 ,exitStatusCode:0 ,processWaitForStatus:true ,processExitValue:0
[INFO] 2024-04-30 04:05:11.539 +0800 - ***********************************************************************************************
[INFO] 2024-04-30 04:05:11.539 +0800 - *********************************  Finalize task instance  ************************************
[INFO] 2024-04-30 04:05:11.539 +0800 - ***********************************************************************************************
[INFO] 2024-04-30 04:05:11.540 +0800 - Upload output files: [] successfully
[INFO] 2024-04-30 04:05:11.544 +0800 - Send task execute status: SUCCESS to master : 172.18.1.1:1234
[INFO] 2024-04-30 04:05:11.544 +0800 - Remove the current task execute context from worker cache
[INFO] 2024-04-30 04:05:11.544 +0800 - The current execute mode isn't develop mode, will clear the task execute file: /tmp/dolphinscheduler/exec/process/default/13010050770016/13426477386080_25/791/2242
[INFO] 2024-04-30 04:05:11.545 +0800 - Success clear the task execute file: /tmp/dolphinscheduler/exec/process/default/13010050770016/13426477386080_25/791/2242
[INFO] 2024-04-30 04:05:11.545 +0800 - FINALIZE_SESSION
