[INFO] 2024-04-25 15:36:21.047 +0800 - ***********************************************************************************************
[INFO] 2024-04-25 15:36:21.049 +0800 - *********************************  Initialize task context  ***********************************
[INFO] 2024-04-25 15:36:21.049 +0800 - ***********************************************************************************************
[INFO] 2024-04-25 15:36:21.049 +0800 - Begin to initialize task
[INFO] 2024-04-25 15:36:21.049 +0800 - Set task startTime: 1714030581049
[INFO] 2024-04-25 15:36:21.049 +0800 - Set task appId: 658_1778
[INFO] 2024-04-25 15:36:21.051 +0800 - End initialize task {
  "taskInstanceId" : 1778,
  "taskName" : "sentiment anaysis",
  "firstSubmitTime" : 1714030581038,
  "startTime" : 1714030581049,
  "taskType" : "PYTHON",
  "workflowInstanceHost" : "172.18.0.9:5678",
  "host" : "172.18.1.1:1234",
  "logPath" : "/opt/dolphinscheduler/logs/20240425/13386218435520/9/658/1778.log",
  "processId" : 0,
  "processDefineCode" : 13386218435520,
  "processDefineVersion" : 9,
  "processInstanceId" : 658,
  "scheduleTime" : 0,
  "executorId" : 1,
  "cmdTypeIfComplement" : 0,
  "tenantCode" : "default",
  "processDefineId" : 0,
  "projectId" : 0,
  "projectCode" : 13010050770016,
  "taskParams" : "{\"localParams\":[],\"rawScript\":\"from pyspark.sql.functions import udf, split\\nfrom pyspark.sql.types import FloatType , ArrayType, StringType\\nimport nltk\\nfrom nltk.sentiment.vader import SentimentIntensityAnalyzer as SIA\\nfrom pyspark.sql import SparkSession\\n\\n\\n# init Spark session\\nspark = SparkSession.builder \\\\\\n    .appName(\\\"Sentiment Analysis\\\") \\\\\\n    .master(\\\"local\\\") \\\\\\n    .getOrCreate()\\n\\n# download the model\\nnltk.download('vader_lexicon')\\n\\n# init the sentiment analysis object\\nsia = SIA()\\n\\n# define a udf to perform sentiment analysis\\ndef analyze_sentiment(message):\\n    # Perform sentiment analysis\\n    pol_score = sia.polarity_scores(message)\\n    # Return the compound score\\n    return [pol_score['neg'], pol_score['neu'], pol_score['pos'], pol_score['compound']]\\n\\n# message = ${message}\\nmessage = {\\n  \\\"user\\\": \\\"premiumplatinum\\\",\\n  \\\"content\\\": \\\"singapore is bad\\\",\\n  \\\"url\\\": \\\"https://www.reddit.com/r/singapore/comments/1c9itat/21apr2024_orchard_road_camcar_turning_right_into/\\\",\\n  \\\"context\\\": \\\"21apr2024 orchard road camcar turning right into centrepoint get tbone by cyclist\\\",\\n  \\\"score\\\": 131,\\n  \\\"subreddit\\\": \\\"singapore\\\",\\n  \\\"type\\\": \\\"post\\\",\\n  \\\"id\\\": \\\"1c9itat\\\",\\n  \\\"datetime\\\": \\\"2024-04-21 22:10:42\\\"\\n}\\n\\nrdd = spark.sparkContext.parallelize([message])\\ndf = spark.read.json(rdd)\\n\\n# Register the function as a UDF\\nanalyze_sentiment_udf = udf(lambda x:analyze_sentiment(x), ArrayType(FloatType()))\\n\\n# create a new column to temporarily insert the sentiment scores\\ndf = df.withColumn('sentiment_score', analyze_sentiment_udf(df['content']))\\n\\n# split the sentiment_score column into separate columns\\n            \\nsa_reddit_df = df.withColumn(\\\"negative\\\", df[\\\"sentiment_score\\\"][0]) \\\\\\n            .withColumn(\\\"neutral\\\", df[\\\"sentiment_score\\\"][1]) \\\\\\n            .withColumn(\\\"positive\\\", df[\\\"sentiment_score\\\"][2]) \\\\\\n            .withColumn(\\\"compound\\\", df[\\\"sentiment_score\\\"][3]) \\\\\\n            .drop('sentiment_score')  # drop sentiment_score column after splitting\\n\\n# Show the DataFrame with the sentiment scores\\nsa_reddit_df.show()\\n\\n# send to repective kafka topic\\nsa_reddit_json = sa_reddit_df.toJSON().collect()\\n\\n# define the parameters for the kafka broker and topic\\nkafka_params = {\\n    \\\"kafka.bootstrap.servers\\\": \\\"kafka:9092\\\",  # Kafka broker address\\n    \\\"topic\\\": \\\"${output_topic}\\\"  # Kafka topic name\\n}\\n\\n# write data to Kafka\\nspark \\\\\\n    .createDataFrame(sa_reddit_json, StringType()) \\\\\\n    .write \\\\\\n    .format(\\\"kafka\\\") \\\\\\n    .options(**kafka_params) \\\\\\n    .save()\",\"resourceList\":[]}",
  "environmentConfig" : "export SPARK_HOME=/opt/spark-3.5.1-bin-hadoop3\nexport JAVA_HOME=/opt/java/openjdk\nexport PYSPARK_DRIVER_PYTHON=/bin/python3.11\nexport PYSPARK_PYTHON=/bin/python3.11\nexport PYTHON_LAUNCHER=/bin/python3.11\nexport NLTK_DATA=/local_storage/nltk_data",
  "prepareParamsMap" : {
    "output_topic" : {
      "prop" : "output_topic",
      "direct" : "IN",
      "type" : "VARCHAR",
      "value" : "reddit_post_sa_topic"
    },
    "system.task.definition.name" : {
      "prop" : "system.task.definition.name",
      "direct" : "IN",
      "type" : "VARCHAR",
      "value" : "sentiment anaysis"
    },
    "system.project.name" : {
      "prop" : "system.project.name",
      "direct" : "IN",
      "type" : "VARCHAR",
      "value" : null
    },
    "REDDIT_HOME" : {
      "prop" : "REDDIT_HOME",
      "direct" : "IN",
      "type" : "VARCHAR",
      "value" : "/local_storage/reddit"
    },
    "input_topic" : {
      "prop" : "input_topic",
      "direct" : "IN",
      "type" : "VARCHAR",
      "value" : "reddit_post_processed_topic"
    },
    "system.biz.curdate" : {
      "prop" : "system.biz.curdate",
      "direct" : "IN",
      "type" : "VARCHAR",
      "value" : "20240425"
    },
    "system.task.instance.id" : {
      "prop" : "system.task.instance.id",
      "direct" : "IN",
      "type" : "VARCHAR",
      "value" : "1778"
    },
    "system.task.definition.code" : {
      "prop" : "system.task.definition.code",
      "direct" : "IN",
      "type" : "VARCHAR",
      "value" : "13386027735104"
    },
    "system.datetime" : {
      "prop" : "system.datetime",
      "direct" : "IN",
      "type" : "VARCHAR",
      "value" : "20240425153621"
    },
    "system.project.code" : {
      "prop" : "system.project.code",
      "direct" : "IN",
      "type" : "VARCHAR",
      "value" : "13010050770016"
    },
    "system.workflow.instance.id" : {
      "prop" : "system.workflow.instance.id",
      "direct" : "IN",
      "type" : "VARCHAR",
      "value" : "658"
    },
    "system.biz.date" : {
      "prop" : "system.biz.date",
      "direct" : "IN",
      "type" : "VARCHAR",
      "value" : "20240424"
    },
    "system.workflow.definition.name" : {
      "prop" : "system.workflow.definition.name",
      "direct" : "IN",
      "type" : "VARCHAR",
      "value" : "sentiment_analysis"
    },
    "system.workflow.definition.code" : {
      "prop" : "system.workflow.definition.code",
      "direct" : "IN",
      "type" : "VARCHAR",
      "value" : "13386218435520"
    }
  },
  "taskAppId" : "658_1778",
  "taskTimeout" : 2147483647,
  "workerGroup" : "default",
  "delayTime" : 0,
  "currentExecutionStatus" : "SUBMITTED_SUCCESS",
  "endTime" : 0,
  "varPool" : "[{\"prop\":\"output_topic\",\"direct\":\"IN\",\"type\":\"VARCHAR\",\"value\":\"reddit_post_sa_topic\"},{\"prop\":\"input_topic\",\"direct\":\"IN\",\"type\":\"VARCHAR\",\"value\":\"reddit_post_processed_topic\"}]",
  "dryRun" : 0,
  "paramsMap" : { },
  "cpuQuota" : -1,
  "memoryMax" : -1,
  "testFlag" : 0,
  "logBufferEnable" : false,
  "dispatchFailTimes" : 0
}
[INFO] 2024-04-25 15:36:21.055 +0800 - ***********************************************************************************************
[INFO] 2024-04-25 15:36:21.055 +0800 - *********************************  Load task instance plugin  *********************************
[INFO] 2024-04-25 15:36:21.055 +0800 - ***********************************************************************************************
[INFO] 2024-04-25 15:36:21.063 +0800 - Send task status RUNNING_EXECUTION master: 172.18.1.1:1234
[INFO] 2024-04-25 15:36:21.064 +0800 - TenantCode: default check successfully
[INFO] 2024-04-25 15:36:21.064 +0800 - WorkflowInstanceExecDir: /tmp/dolphinscheduler/exec/process/default/13010050770016/13386218435520_9/658/1778 check successfully
[INFO] 2024-04-25 15:36:21.064 +0800 - Create TaskChannel: org.apache.dolphinscheduler.plugin.task.python.PythonTaskChannel successfully
[INFO] 2024-04-25 15:36:21.064 +0800 - Download resources successfully: 
ResourceContext(resourceItemMap={})
[INFO] 2024-04-25 15:36:21.065 +0800 - Download upstream files: [] successfully
[INFO] 2024-04-25 15:36:21.065 +0800 - Task plugin instance: PYTHON create successfully
[INFO] 2024-04-25 15:36:21.065 +0800 - Initialize python task params {
  "localParams" : [ ],
  "varPool" : null,
  "rawScript" : "from pyspark.sql.functions import udf, split\nfrom pyspark.sql.types import FloatType , ArrayType, StringType\nimport nltk\nfrom nltk.sentiment.vader import SentimentIntensityAnalyzer as SIA\nfrom pyspark.sql import SparkSession\n\n\n# init Spark session\nspark = SparkSession.builder \\\n    .appName(\"Sentiment Analysis\") \\\n    .master(\"local\") \\\n    .getOrCreate()\n\n# download the model\nnltk.download('vader_lexicon')\n\n# init the sentiment analysis object\nsia = SIA()\n\n# define a udf to perform sentiment analysis\ndef analyze_sentiment(message):\n    # Perform sentiment analysis\n    pol_score = sia.polarity_scores(message)\n    # Return the compound score\n    return [pol_score['neg'], pol_score['neu'], pol_score['pos'], pol_score['compound']]\n\n# message = ${message}\nmessage = {\n  \"user\": \"premiumplatinum\",\n  \"content\": \"singapore is bad\",\n  \"url\": \"https://www.reddit.com/r/singapore/comments/1c9itat/21apr2024_orchard_road_camcar_turning_right_into/\",\n  \"context\": \"21apr2024 orchard road camcar turning right into centrepoint get tbone by cyclist\",\n  \"score\": 131,\n  \"subreddit\": \"singapore\",\n  \"type\": \"post\",\n  \"id\": \"1c9itat\",\n  \"datetime\": \"2024-04-21 22:10:42\"\n}\n\nrdd = spark.sparkContext.parallelize([message])\ndf = spark.read.json(rdd)\n\n# Register the function as a UDF\nanalyze_sentiment_udf = udf(lambda x:analyze_sentiment(x), ArrayType(FloatType()))\n\n# create a new column to temporarily insert the sentiment scores\ndf = df.withColumn('sentiment_score', analyze_sentiment_udf(df['content']))\n\n# split the sentiment_score column into separate columns\n            \nsa_reddit_df = df.withColumn(\"negative\", df[\"sentiment_score\"][0]) \\\n            .withColumn(\"neutral\", df[\"sentiment_score\"][1]) \\\n            .withColumn(\"positive\", df[\"sentiment_score\"][2]) \\\n            .withColumn(\"compound\", df[\"sentiment_score\"][3]) \\\n            .drop('sentiment_score')  # drop sentiment_score column after splitting\n\n# Show the DataFrame with the sentiment scores\nsa_reddit_df.show()\n\n# send to repective kafka topic\nsa_reddit_json = sa_reddit_df.toJSON().collect()\n\n# define the parameters for the kafka broker and topic\nkafka_params = {\n    \"kafka.bootstrap.servers\": \"kafka:9092\",  # Kafka broker address\n    \"topic\": \"${output_topic}\"  # Kafka topic name\n}\n\n# write data to Kafka\nspark \\\n    .createDataFrame(sa_reddit_json, StringType()) \\\n    .write \\\n    .format(\"kafka\") \\\n    .options(**kafka_params) \\\n    .save()",
  "resourceList" : [ ]
}
[INFO] 2024-04-25 15:36:21.065 +0800 - Success initialized task plugin instance successfully
[INFO] 2024-04-25 15:36:21.066 +0800 - Set taskVarPool: [{"prop":"output_topic","direct":"IN","type":"VARCHAR","value":"reddit_post_sa_topic"},{"prop":"input_topic","direct":"IN","type":"VARCHAR","value":"reddit_post_processed_topic"}] successfully
[INFO] 2024-04-25 15:36:21.066 +0800 - ***********************************************************************************************
[INFO] 2024-04-25 15:36:21.066 +0800 - *********************************  Execute task instance  *************************************
[INFO] 2024-04-25 15:36:21.066 +0800 - ***********************************************************************************************
[INFO] 2024-04-25 15:36:21.066 +0800 - raw python script : from pyspark.sql.functions import udf, split
from pyspark.sql.types import FloatType , ArrayType, StringType
import nltk
from nltk.sentiment.vader import SentimentIntensityAnalyzer as SIA
from pyspark.sql import SparkSession


# init Spark session
spark = SparkSession.builder \
    .appName("Sentiment Analysis") \
    .master("local") \
    .getOrCreate()

# download the model
nltk.download('vader_lexicon')

# init the sentiment analysis object
sia = SIA()

# define a udf to perform sentiment analysis
def analyze_sentiment(message):
    # Perform sentiment analysis
    pol_score = sia.polarity_scores(message)
    # Return the compound score
    return [pol_score['neg'], pol_score['neu'], pol_score['pos'], pol_score['compound']]

# message = ${message}
message = {
  "user": "premiumplatinum",
  "content": "singapore is bad",
  "url": "https://www.reddit.com/r/singapore/comments/1c9itat/21apr2024_orchard_road_camcar_turning_right_into/",
  "context": "21apr2024 orchard road camcar turning right into centrepoint get tbone by cyclist",
  "score": 131,
  "subreddit": "singapore",
  "type": "post",
  "id": "1c9itat",
  "datetime": "2024-04-21 22:10:42"
}

rdd = spark.sparkContext.parallelize([message])
df = spark.read.json(rdd)

# Register the function as a UDF
analyze_sentiment_udf = udf(lambda x:analyze_sentiment(x), ArrayType(FloatType()))

# create a new column to temporarily insert the sentiment scores
df = df.withColumn('sentiment_score', analyze_sentiment_udf(df['content']))

# split the sentiment_score column into separate columns
            
sa_reddit_df = df.withColumn("negative", df["sentiment_score"][0]) \
            .withColumn("neutral", df["sentiment_score"][1]) \
            .withColumn("positive", df["sentiment_score"][2]) \
            .withColumn("compound", df["sentiment_score"][3]) \
            .drop('sentiment_score')  # drop sentiment_score column after splitting

# Show the DataFrame with the sentiment scores
sa_reddit_df.show()

# send to repective kafka topic
sa_reddit_json = sa_reddit_df.toJSON().collect()

# define the parameters for the kafka broker and topic
kafka_params = {
    "kafka.bootstrap.servers": "kafka:9092",  # Kafka broker address
    "topic": "${output_topic}"  # Kafka topic name
}

# write data to Kafka
spark \
    .createDataFrame(sa_reddit_json, StringType()) \
    .write \
    .format("kafka") \
    .options(**kafka_params) \
    .save()
[INFO] 2024-04-25 15:36:21.067 +0800 - tenantCode :default, task dir:/tmp/dolphinscheduler/exec/process/default/13010050770016/13386218435520_9/658/1778
[INFO] 2024-04-25 15:36:21.067 +0800 - generate python script file:/tmp/dolphinscheduler/exec/process/default/13010050770016/13386218435520_9/658/1778/py_658_1778.py
[INFO] 2024-04-25 15:36:21.067 +0800 - #-*- encoding=utf8 -*-

from pyspark.sql.functions import udf, split
from pyspark.sql.types import FloatType , ArrayType, StringType
import nltk
from nltk.sentiment.vader import SentimentIntensityAnalyzer as SIA
from pyspark.sql import SparkSession


# init Spark session
spark = SparkSession.builder \
    .appName("Sentiment Analysis") \
    .master("local") \
    .getOrCreate()

# download the model
nltk.download('vader_lexicon')

# init the sentiment analysis object
sia = SIA()

# define a udf to perform sentiment analysis
def analyze_sentiment(message):
    # Perform sentiment analysis
    pol_score = sia.polarity_scores(message)
    # Return the compound score
    return [pol_score['neg'], pol_score['neu'], pol_score['pos'], pol_score['compound']]

# message = ${message}
message = {
  "user": "premiumplatinum",
  "content": "singapore is bad",
  "url": "https://www.reddit.com/r/singapore/comments/1c9itat/21apr2024_orchard_road_camcar_turning_right_into/",
  "context": "21apr2024 orchard road camcar turning right into centrepoint get tbone by cyclist",
  "score": 131,
  "subreddit": "singapore",
  "type": "post",
  "id": "1c9itat",
  "datetime": "2024-04-21 22:10:42"
}

rdd = spark.sparkContext.parallelize([message])
df = spark.read.json(rdd)

# Register the function as a UDF
analyze_sentiment_udf = udf(lambda x:analyze_sentiment(x), ArrayType(FloatType()))

# create a new column to temporarily insert the sentiment scores
df = df.withColumn('sentiment_score', analyze_sentiment_udf(df['content']))

# split the sentiment_score column into separate columns
            
sa_reddit_df = df.withColumn("negative", df["sentiment_score"][0]) \
            .withColumn("neutral", df["sentiment_score"][1]) \
            .withColumn("positive", df["sentiment_score"][2]) \
            .withColumn("compound", df["sentiment_score"][3]) \
            .drop('sentiment_score')  # drop sentiment_score column after splitting

# Show the DataFrame with the sentiment scores
sa_reddit_df.show()

# send to repective kafka topic
sa_reddit_json = sa_reddit_df.toJSON().collect()

# define the parameters for the kafka broker and topic
kafka_params = {
    "kafka.bootstrap.servers": "kafka:9092",  # Kafka broker address
    "topic": "reddit_post_sa_topic"  # Kafka topic name
}

# write data to Kafka
spark \
    .createDataFrame(sa_reddit_json, StringType()) \
    .write \
    .format("kafka") \
    .options(**kafka_params) \
    .save()
[INFO] 2024-04-25 15:36:21.068 +0800 - Final Shell file is: 
[INFO] 2024-04-25 15:36:21.068 +0800 - ****************************** Script Content *****************************************************************
[INFO] 2024-04-25 15:36:21.068 +0800 - #!/bin/bash
BASEDIR=$(cd `dirname $0`; pwd)
cd $BASEDIR
export SPARK_HOME=/opt/spark-3.5.1-bin-hadoop3
export JAVA_HOME=/opt/java/openjdk
export PYSPARK_DRIVER_PYTHON=/bin/python3.11
export PYSPARK_PYTHON=/bin/python3.11
export PYTHON_LAUNCHER=/bin/python3.11
export NLTK_DATA=/local_storage/nltk_data
${PYTHON_LAUNCHER} /tmp/dolphinscheduler/exec/process/default/13010050770016/13386218435520_9/658/1778/py_658_1778.py
[INFO] 2024-04-25 15:36:21.068 +0800 - ****************************** Script Content *****************************************************************
[INFO] 2024-04-25 15:36:21.068 +0800 - Executing shell command : sudo -u default -i /tmp/dolphinscheduler/exec/process/default/13010050770016/13386218435520_9/658/1778/658_1778.sh
[INFO] 2024-04-25 15:36:21.083 +0800 - process start, process id is: 3350
[INFO] 2024-04-25 15:36:22.084 +0800 -  -> 
	sudo: unable to change directory to /home/default: No such file or directory
[INFO] 2024-04-25 15:36:25.093 +0800 -  -> 
	Setting default log level to "WARN".
	To adjust logging level use sc.setLogLevel(newLevel). For SparkR, use setLogLevel(newLevel).
	24/04/25 15:36:24 WARN NativeCodeLoader: Unable to load native-hadoop library for your platform... using builtin-java classes where applicable
[INFO] 2024-04-25 15:36:28.106 +0800 -  -> 
	[nltk_data] Downloading package vader_lexicon to
	[nltk_data]     /local_storage/nltk_data...
	[nltk_data]   Package vader_lexicon is already up-to-date!
[INFO] 2024-04-25 15:36:38.167 +0800 -  -> 
	
	[Stage 0:>                                                          (0 + 0) / 1]
	
	[Stage 0:>                                                          (0 + 1) / 1]
[INFO] 2024-04-25 15:36:40.194 +0800 -  -> 
	
	[Stage 0:===========================================================(1 + 0) / 1]
	
	                                                                                
[INFO] 2024-04-25 15:36:42.206 +0800 -  -> 
	
	[Stage 1:>                                                          (0 + 1) / 1]
[INFO] 2024-04-25 15:36:43.207 +0800 -  -> 
	
	                                                                                
[INFO] 2024-04-25 15:36:44.212 +0800 -  -> 
	
	[Stage 2:>                                                          (0 + 1) / 1]
[INFO] 2024-04-25 15:36:45.216 +0800 -  -> 
	
	                                                                                
	+----------------+--------------------+-------------------+-------+-----+---------+----+--------------------+---------------+--------+-------+--------+--------+
	|         content|             context|           datetime|     id|score|subreddit|type|                 url|           user|negative|neutral|positive|compound|
	+----------------+--------------------+-------------------+-------+-----+---------+----+--------------------+---------------+--------+-------+--------+--------+
	|singapore is bad|21apr2024 orchard...|2024-04-21 22:10:42|1c9itat|  131|singapore|post|https://www.reddi...|premiumplatinum|   0.636|  0.364|     0.0| -0.5423|
	+----------------+--------------------+-------------------+-------+-----+---------+----+--------------------+---------------+--------+-------+--------+--------+
	
	Traceback (most recent call last):
	  File "/tmp/dolphinscheduler/exec/process/default/13010050770016/13386218435520_9/658/1778/py_658_1778.py", line 77, in <module>
	    .save()
	     ^^^^^^
	  File "/usr/local/lib/python3.11/dist-packages/pyspark/sql/readwriter.py", line 1461, in save
	    self._jwrite.save()
	  File "/usr/local/lib/python3.11/dist-packages/py4j/java_gateway.py", line 1322, in __call__
	    return_value = get_return_value(
	                   ^^^^^^^^^^^^^^^^^
	  File "/usr/local/lib/python3.11/dist-packages/pyspark/errors/exceptions/captured.py", line 185, in deco
	    raise converted from None
	pyspark.errors.exceptions.captured.AnalysisException: Failed to find data source: kafka. Please deploy the application as per the deployment section of Structured Streaming + Kafka Integration Guide.
[INFO] 2024-04-25 15:36:46.219 +0800 - process has exited. execute path:/tmp/dolphinscheduler/exec/process/default/13010050770016/13386218435520_9/658/1778, processId:3350 ,exitStatusCode:1 ,processWaitForStatus:true ,processExitValue:1
[INFO] 2024-04-25 15:36:46.221 +0800 - ***********************************************************************************************
[INFO] 2024-04-25 15:36:46.221 +0800 - *********************************  Finalize task instance  ************************************
[INFO] 2024-04-25 15:36:46.221 +0800 - ***********************************************************************************************
[INFO] 2024-04-25 15:36:46.222 +0800 - Upload output files: [] successfully
[INFO] 2024-04-25 15:36:46.225 +0800 - Send task execute status: FAILURE to master : 172.18.1.1:1234
[INFO] 2024-04-25 15:36:46.226 +0800 - Remove the current task execute context from worker cache
[INFO] 2024-04-25 15:36:46.226 +0800 - The current execute mode isn't develop mode, will clear the task execute file: /tmp/dolphinscheduler/exec/process/default/13010050770016/13386218435520_9/658/1778
[INFO] 2024-04-25 15:36:46.226 +0800 - Success clear the task execute file: /tmp/dolphinscheduler/exec/process/default/13010050770016/13386218435520_9/658/1778
[INFO] 2024-04-25 15:36:46.227 +0800 - FINALIZE_SESSION
