[INFO] 2024-04-30 03:05:54.993 +0800 - ***********************************************************************************************
[INFO] 2024-04-30 03:05:55.019 +0800 - *********************************  Initialize task context  ***********************************
[INFO] 2024-04-30 03:05:55.019 +0800 - ***********************************************************************************************
[INFO] 2024-04-30 03:05:55.019 +0800 - Begin to initialize task
[INFO] 2024-04-30 03:05:55.020 +0800 - Set task startTime: 1714417555020
[INFO] 2024-04-30 03:05:55.020 +0800 - Set task appId: 788_2135
[INFO] 2024-04-30 03:05:55.022 +0800 - End initialize task {
  "taskInstanceId" : 2135,
  "taskName" : "consume_filtered_data",
  "firstSubmitTime" : 1714417554970,
  "startTime" : 1714417555020,
  "taskType" : "SHELL",
  "workflowInstanceHost" : "172.18.0.3:5678",
  "host" : "172.18.1.1:1234",
  "logPath" : "/opt/dolphinscheduler/logs/20240430/13426477386080/15/788/2135.log",
  "processId" : 0,
  "processDefineCode" : 13426477386080,
  "processDefineVersion" : 15,
  "processInstanceId" : 788,
  "scheduleTime" : 0,
  "executorId" : 1,
  "cmdTypeIfComplement" : 0,
  "tenantCode" : "default",
  "processDefineId" : 0,
  "projectId" : 0,
  "projectCode" : 13010050770016,
  "taskParams" : "{\"localParams\":[],\"rawScript\":\"# /bin/kafka-console-consumer.sh \\\\\\n#     --bootstrap-server kafka:9092 \\\\\\n#     --topic reddit_post_filtered \\\\\\n#     --max-messages 10 \\\\\\n#     --from-beginning \\\\\\n#     --group filtered_data_consumer \\n#     --timeout-ms 15000\",\"resourceList\":[]}",
  "environmentConfig" : "export JAVA_HOME=/opt/java/openjdk",
  "prepareParamsMap" : {
    "system.task.definition.name" : {
      "prop" : "system.task.definition.name",
      "direct" : "IN",
      "type" : "VARCHAR",
      "value" : "consume_filtered_data"
    },
    "system.project.name" : {
      "prop" : "system.project.name",
      "direct" : "IN",
      "type" : "VARCHAR",
      "value" : null
    },
    "REDDIT_HOME" : {
      "prop" : "REDDIT_HOME",
      "direct" : "IN",
      "type" : "VARCHAR",
      "value" : "/local_storage/reddit"
    },
    "system.project.code" : {
      "prop" : "system.project.code",
      "direct" : "IN",
      "type" : "VARCHAR",
      "value" : "13010050770016"
    },
    "system.workflow.instance.id" : {
      "prop" : "system.workflow.instance.id",
      "direct" : "IN",
      "type" : "VARCHAR",
      "value" : "788"
    },
    "system.biz.curdate" : {
      "prop" : "system.biz.curdate",
      "direct" : "IN",
      "type" : "VARCHAR",
      "value" : "20240430"
    },
    "system.biz.date" : {
      "prop" : "system.biz.date",
      "direct" : "IN",
      "type" : "VARCHAR",
      "value" : "20240429"
    },
    "system.task.instance.id" : {
      "prop" : "system.task.instance.id",
      "direct" : "IN",
      "type" : "VARCHAR",
      "value" : "2135"
    },
    "system.workflow.definition.name" : {
      "prop" : "system.workflow.definition.name",
      "direct" : "IN",
      "type" : "VARCHAR",
      "value" : "es_filtered_data_persistence_subprocess"
    },
    "system.task.definition.code" : {
      "prop" : "system.task.definition.code",
      "direct" : "IN",
      "type" : "VARCHAR",
      "value" : "13433255983872"
    },
    "system.workflow.definition.code" : {
      "prop" : "system.workflow.definition.code",
      "direct" : "IN",
      "type" : "VARCHAR",
      "value" : "13426477386080"
    },
    "system.datetime" : {
      "prop" : "system.datetime",
      "direct" : "IN",
      "type" : "VARCHAR",
      "value" : "20240430030554"
    }
  },
  "taskAppId" : "788_2135",
  "taskTimeout" : 2147483647,
  "workerGroup" : "default",
  "delayTime" : 0,
  "currentExecutionStatus" : "SUBMITTED_SUCCESS",
  "endTime" : 0,
  "dryRun" : 0,
  "paramsMap" : { },
  "cpuQuota" : -1,
  "memoryMax" : -1,
  "testFlag" : 0,
  "logBufferEnable" : false,
  "dispatchFailTimes" : 0
}
[INFO] 2024-04-30 03:05:55.025 +0800 - ***********************************************************************************************
[INFO] 2024-04-30 03:05:55.027 +0800 - *********************************  Load task instance plugin  *********************************
[INFO] 2024-04-30 03:05:55.030 +0800 - ***********************************************************************************************
[INFO] 2024-04-30 03:05:55.041 +0800 - Send task status RUNNING_EXECUTION master: 172.18.1.1:1234
[INFO] 2024-04-30 03:05:55.042 +0800 - TenantCode: default check successfully
[INFO] 2024-04-30 03:05:55.045 +0800 - WorkflowInstanceExecDir: /tmp/dolphinscheduler/exec/process/default/13010050770016/13426477386080_15/788/2135 check successfully
[INFO] 2024-04-30 03:05:55.045 +0800 - Create TaskChannel: org.apache.dolphinscheduler.plugin.task.shell.ShellTaskChannel successfully
[INFO] 2024-04-30 03:05:55.045 +0800 - Download resources successfully: 
ResourceContext(resourceItemMap={})
[INFO] 2024-04-30 03:05:55.045 +0800 - Download upstream files: [] successfully
[INFO] 2024-04-30 03:05:55.046 +0800 - Task plugin instance: SHELL create successfully
[INFO] 2024-04-30 03:05:55.046 +0800 - Initialize shell task params {
  "localParams" : [ ],
  "varPool" : null,
  "rawScript" : "# /bin/kafka-console-consumer.sh \\\n#     --bootstrap-server kafka:9092 \\\n#     --topic reddit_post_filtered \\\n#     --max-messages 10 \\\n#     --from-beginning \\\n#     --group filtered_data_consumer \n#     --timeout-ms 15000",
  "resourceList" : [ ]
}
[INFO] 2024-04-30 03:05:55.046 +0800 - Success initialized task plugin instance successfully
[INFO] 2024-04-30 03:05:55.046 +0800 - Set taskVarPool: null successfully
[INFO] 2024-04-30 03:05:55.046 +0800 - ***********************************************************************************************
[INFO] 2024-04-30 03:05:55.046 +0800 - *********************************  Execute task instance  *************************************
[INFO] 2024-04-30 03:05:55.046 +0800 - ***********************************************************************************************
[INFO] 2024-04-30 03:05:55.047 +0800 - Final Shell file is: 
[INFO] 2024-04-30 03:05:55.047 +0800 - ****************************** Script Content *****************************************************************
[INFO] 2024-04-30 03:05:55.047 +0800 - #!/bin/bash
BASEDIR=$(cd `dirname $0`; pwd)
cd $BASEDIR
export JAVA_HOME=/opt/java/openjdk
# /bin/kafka-console-consumer.sh \
#     --bootstrap-server kafka:9092 \
#     --topic reddit_post_filtered \
#     --max-messages 10 \
#     --from-beginning \
#     --group filtered_data_consumer 
#     --timeout-ms 15000
[INFO] 2024-04-30 03:05:55.047 +0800 - ****************************** Script Content *****************************************************************
[INFO] 2024-04-30 03:05:55.047 +0800 - Executing shell command : sudo -u default -i /tmp/dolphinscheduler/exec/process/default/13010050770016/13426477386080_15/788/2135/788_2135.sh
[INFO] 2024-04-30 03:05:55.158 +0800 - process start, process id is: 1455
[INFO] 2024-04-30 03:05:55.161 +0800 -  -> 
	sudo: unable to change directory to /home/default: No such file or directory
[INFO] 2024-04-30 03:05:56.251 +0800 - process has exited. execute path:/tmp/dolphinscheduler/exec/process/default/13010050770016/13426477386080_15/788/2135, processId:1455 ,exitStatusCode:0 ,processWaitForStatus:true ,processExitValue:0
[INFO] 2024-04-30 03:05:56.253 +0800 - ***********************************************************************************************
[INFO] 2024-04-30 03:05:56.253 +0800 - *********************************  Finalize task instance  ************************************
[INFO] 2024-04-30 03:05:56.254 +0800 - ***********************************************************************************************
[INFO] 2024-04-30 03:05:56.255 +0800 - Upload output files: [] successfully
[INFO] 2024-04-30 03:05:56.260 +0800 - Send task execute status: SUCCESS to master : 172.18.1.1:1234
[INFO] 2024-04-30 03:05:56.260 +0800 - Remove the current task execute context from worker cache
[INFO] 2024-04-30 03:05:56.260 +0800 - The current execute mode isn't develop mode, will clear the task execute file: /tmp/dolphinscheduler/exec/process/default/13010050770016/13426477386080_15/788/2135
[INFO] 2024-04-30 03:05:56.261 +0800 - Success clear the task execute file: /tmp/dolphinscheduler/exec/process/default/13010050770016/13426477386080_15/788/2135
[INFO] 2024-04-30 03:05:56.261 +0800 - FINALIZE_SESSION
