[INFO] 2024-04-18 21:21:35.620 +0800 - ***********************************************************************************************
[INFO] 2024-04-18 21:21:35.623 +0800 - *********************************  Initialize task context  ***********************************
[INFO] 2024-04-18 21:21:35.623 +0800 - ***********************************************************************************************
[INFO] 2024-04-18 21:21:35.623 +0800 - Begin to initialize task
[INFO] 2024-04-18 21:21:35.623 +0800 - Set task startTime: 1713446495623
[INFO] 2024-04-18 21:21:35.623 +0800 - Set task appId: 314_707
[INFO] 2024-04-18 21:21:35.624 +0800 - End initialize task {
  "taskInstanceId" : 707,
  "taskName" : "kafka",
  "firstSubmitTime" : 1713446495607,
  "startTime" : 1713446495623,
  "taskType" : "SHELL",
  "workflowInstanceHost" : "172.22.0.10:5678",
  "host" : "172.22.0.13:1234",
  "logPath" : "/opt/dolphinscheduler/logs/20240418/13314043532704/2/314/707.log",
  "processId" : 0,
  "processDefineCode" : 13314043532704,
  "processDefineVersion" : 2,
  "processInstanceId" : 314,
  "scheduleTime" : 0,
  "executorId" : 1,
  "cmdTypeIfComplement" : 0,
  "tenantCode" : "default",
  "processDefineId" : 0,
  "projectId" : 0,
  "projectCode" : 13001194483488,
  "taskParams" : "{\"localParams\":[],\"rawScript\":\"#!/bin/bash\\n\\n/opt/kafka_2.13-3.7.0/bin/kafka-console-producer.sh --bootstrap-server kafka:9092 --topic test <<EOF\\nhello\\nEOF\",\"resourceList\":[]}",
  "environmentConfig" : "export PYTHON_LAUNCHER=/bin/python3.11",
  "prepareParamsMap" : {
    "system.task.definition.name" : {
      "prop" : "system.task.definition.name",
      "direct" : "IN",
      "type" : "VARCHAR",
      "value" : "kafka"
    },
    "system.project.name" : {
      "prop" : "system.project.name",
      "direct" : "IN",
      "type" : "VARCHAR",
      "value" : null
    },
    "system.project.code" : {
      "prop" : "system.project.code",
      "direct" : "IN",
      "type" : "VARCHAR",
      "value" : "13001194483488"
    },
    "system.workflow.instance.id" : {
      "prop" : "system.workflow.instance.id",
      "direct" : "IN",
      "type" : "VARCHAR",
      "value" : "314"
    },
    "system.biz.curdate" : {
      "prop" : "system.biz.curdate",
      "direct" : "IN",
      "type" : "VARCHAR",
      "value" : "20240418"
    },
    "system.biz.date" : {
      "prop" : "system.biz.date",
      "direct" : "IN",
      "type" : "VARCHAR",
      "value" : "20240417"
    },
    "system.task.instance.id" : {
      "prop" : "system.task.instance.id",
      "direct" : "IN",
      "type" : "VARCHAR",
      "value" : "707"
    },
    "system.workflow.definition.name" : {
      "prop" : "system.workflow.definition.name",
      "direct" : "IN",
      "type" : "VARCHAR",
      "value" : "afsdf"
    },
    "system.task.definition.code" : {
      "prop" : "system.task.definition.code",
      "direct" : "IN",
      "type" : "VARCHAR",
      "value" : "13314036984608"
    },
    "system.workflow.definition.code" : {
      "prop" : "system.workflow.definition.code",
      "direct" : "IN",
      "type" : "VARCHAR",
      "value" : "13314043532704"
    },
    "system.datetime" : {
      "prop" : "system.datetime",
      "direct" : "IN",
      "type" : "VARCHAR",
      "value" : "20240418212135"
    }
  },
  "taskAppId" : "314_707",
  "taskTimeout" : 2147483647,
  "workerGroup" : "default",
  "delayTime" : 0,
  "currentExecutionStatus" : "SUBMITTED_SUCCESS",
  "endTime" : 0,
  "dryRun" : 0,
  "paramsMap" : { },
  "cpuQuota" : -1,
  "memoryMax" : -1,
  "testFlag" : 0,
  "logBufferEnable" : false,
  "dispatchFailTimes" : 0
}
[INFO] 2024-04-18 21:21:35.625 +0800 - ***********************************************************************************************
[INFO] 2024-04-18 21:21:35.625 +0800 - *********************************  Load task instance plugin  *********************************
[INFO] 2024-04-18 21:21:35.625 +0800 - ***********************************************************************************************
[INFO] 2024-04-18 21:21:35.633 +0800 - Send task status RUNNING_EXECUTION master: 172.22.0.13:1234
[INFO] 2024-04-18 21:21:35.634 +0800 - TenantCode: default check successfully
[INFO] 2024-04-18 21:21:35.635 +0800 - WorkflowInstanceExecDir: /tmp/dolphinscheduler/exec/process/default/13001194483488/13314043532704_2/314/707 check successfully
[INFO] 2024-04-18 21:21:35.636 +0800 - Create TaskChannel: org.apache.dolphinscheduler.plugin.task.shell.ShellTaskChannel successfully
[INFO] 2024-04-18 21:21:35.636 +0800 - Download resources successfully: 
ResourceContext(resourceItemMap={})
[INFO] 2024-04-18 21:21:35.636 +0800 - Download upstream files: [] successfully
[INFO] 2024-04-18 21:21:35.637 +0800 - Task plugin instance: SHELL create successfully
[INFO] 2024-04-18 21:21:35.637 +0800 - Initialize shell task params {
  "localParams" : [ ],
  "varPool" : null,
  "rawScript" : "#!/bin/bash\n\n/opt/kafka_2.13-3.7.0/bin/kafka-console-producer.sh --bootstrap-server kafka:9092 --topic test <<EOF\nhello\nEOF",
  "resourceList" : [ ]
}
[INFO] 2024-04-18 21:21:35.638 +0800 - Success initialized task plugin instance successfully
[INFO] 2024-04-18 21:21:35.638 +0800 - Set taskVarPool: null successfully
[INFO] 2024-04-18 21:21:35.638 +0800 - ***********************************************************************************************
[INFO] 2024-04-18 21:21:35.638 +0800 - *********************************  Execute task instance  *************************************
[INFO] 2024-04-18 21:21:35.638 +0800 - ***********************************************************************************************
[INFO] 2024-04-18 21:21:35.639 +0800 - Final Shell file is: 
[INFO] 2024-04-18 21:21:35.640 +0800 - ****************************** Script Content *****************************************************************
[INFO] 2024-04-18 21:21:35.642 +0800 - #!/bin/bash
BASEDIR=$(cd `dirname $0`; pwd)
cd $BASEDIR
export PYTHON_LAUNCHER=/bin/python3.11
#!/bin/bash

/opt/kafka_2.13-3.7.0/bin/kafka-console-producer.sh --bootstrap-server kafka:9092 --topic test <<EOF
hello
EOF
[INFO] 2024-04-18 21:21:35.643 +0800 - ****************************** Script Content *****************************************************************
[INFO] 2024-04-18 21:21:35.645 +0800 - Executing shell command : sudo -u default -i /tmp/dolphinscheduler/exec/process/default/13001194483488/13314043532704_2/314/707/314_707.sh
[INFO] 2024-04-18 21:21:35.650 +0800 - process start, process id is: 3650
[INFO] 2024-04-18 21:21:36.661 +0800 -  -> 
	sudo: unable to change directory to /home/default: No such file or directory
[INFO] 2024-04-18 21:21:37.667 +0800 -  -> 
	/opt/kafka_2.13-3.7.0/bin/kafka-run-class.sh: line 347: exec: java: not found
[INFO] 2024-04-18 21:21:37.672 +0800 - process has exited. execute path:/tmp/dolphinscheduler/exec/process/default/13001194483488/13314043532704_2/314/707, processId:3650 ,exitStatusCode:127 ,processWaitForStatus:true ,processExitValue:127
[INFO] 2024-04-18 21:21:37.681 +0800 - ***********************************************************************************************
[INFO] 2024-04-18 21:21:37.684 +0800 - *********************************  Finalize task instance  ************************************
[INFO] 2024-04-18 21:21:37.684 +0800 - ***********************************************************************************************
[INFO] 2024-04-18 21:21:37.687 +0800 - Upload output files: [] successfully
[INFO] 2024-04-18 21:21:37.701 +0800 - Send task execute status: FAILURE to master : 172.22.0.13:1234
[INFO] 2024-04-18 21:21:37.701 +0800 - Remove the current task execute context from worker cache
[INFO] 2024-04-18 21:21:37.701 +0800 - The current execute mode isn't develop mode, will clear the task execute file: /tmp/dolphinscheduler/exec/process/default/13001194483488/13314043532704_2/314/707
[INFO] 2024-04-18 21:21:37.702 +0800 - Success clear the task execute file: /tmp/dolphinscheduler/exec/process/default/13001194483488/13314043532704_2/314/707
[INFO] 2024-04-18 21:21:37.702 +0800 - FINALIZE_SESSION
