[INFO] 2024-04-24 10:42:25.959 +0800 - ***********************************************************************************************
[INFO] 2024-04-24 10:42:25.961 +0800 - *********************************  Initialize task context  ***********************************
[INFO] 2024-04-24 10:42:25.966 +0800 - ***********************************************************************************************
[INFO] 2024-04-24 10:42:25.967 +0800 - Begin to initialize task
[INFO] 2024-04-24 10:42:25.967 +0800 - Set task startTime: 1713926545967
[INFO] 2024-04-24 10:42:25.967 +0800 - Set task appId: 568_1406
[INFO] 2024-04-24 10:42:25.967 +0800 - End initialize task {
  "taskInstanceId" : 1406,
  "taskName" : "spark preprocessing",
  "firstSubmitTime" : 1713926545946,
  "startTime" : 1713926545967,
  "taskType" : "SHELL",
  "workflowInstanceHost" : "172.18.0.9:5678",
  "host" : "172.18.1.1:1234",
  "logPath" : "/opt/dolphinscheduler/logs/20240424/13201021801792/101/568/1406.log",
  "processId" : 0,
  "processDefineCode" : 13201021801792,
  "processDefineVersion" : 101,
  "processInstanceId" : 568,
  "scheduleTime" : 0,
  "globalParams" : "[{\"prop\":\"folder\",\"direct\":\"IN\",\"type\":\"VARCHAR\",\"value\":\"processing\"}]",
  "executorId" : 1,
  "cmdTypeIfComplement" : 0,
  "tenantCode" : "default",
  "processDefineId" : 0,
  "projectId" : 0,
  "projectCode" : 13010050770016,
  "taskParams" : "{\"localParams\":[],\"rawScript\":\"$SPARK_HOME/bin/spark-submit \\\\\\n    --master local \\\\\\n    --deploy-mode client \\\\\\n    --conf spark.driver.cores=1 \\\\\\n    --conf spark.driver.memory=1G \\\\\\n    --conf spark.executor.instances=1 \\\\\\n    --conf spark.executor.cores=1 \\\\\\n    --conf spark.executor.memory=1G \\\\\\n    --name reddit_preprocessing \\\\\\n    --files ${raw_file_dir} \\\\\\n    --packages --packages org.apache.spark:spark-sql-kafka-0-10_2.13-3.5.1 \\\\\\n    spark_reddit_preprocessing.py\\n\",\"resourceList\":[{\"id\":null,\"resourceName\":\"file:/dolphinscheduler/default/resources/spark_reddit_preprocessing.py\",\"res\":null}]}",
  "environmentConfig" : "export SPARK_HOME=/opt/spark-3.5.1-bin-hadoop3-scala2.13\nexport JAVA_HOME=/opt/java/openjdk\nexport PYSPARK_DRIVER_PYTHON=/bin/python3.11\nexport PYTHON_LAUNCHER=/bin/python3.11\nexport PYSPARK_PYTHON=/bin/python3.11",
  "prepareParamsMap" : {
    "system.task.definition.name" : {
      "prop" : "system.task.definition.name",
      "direct" : "IN",
      "type" : "VARCHAR",
      "value" : "spark preprocessing"
    },
    "system.project.name" : {
      "prop" : "system.project.name",
      "direct" : "IN",
      "type" : "VARCHAR",
      "value" : null
    },
    "REDDIT_HOME" : {
      "prop" : "REDDIT_HOME",
      "direct" : "IN",
      "type" : "VARCHAR",
      "value" : "/local_storage/reddit"
    },
    "system.biz.curdate" : {
      "prop" : "system.biz.curdate",
      "direct" : "IN",
      "type" : "VARCHAR",
      "value" : "20240424"
    },
    "system.task.instance.id" : {
      "prop" : "system.task.instance.id",
      "direct" : "IN",
      "type" : "VARCHAR",
      "value" : "1406"
    },
    "system.task.definition.code" : {
      "prop" : "system.task.definition.code",
      "direct" : "IN",
      "type" : "VARCHAR",
      "value" : "13210058002752"
    },
    "system.datetime" : {
      "prop" : "system.datetime",
      "direct" : "IN",
      "type" : "VARCHAR",
      "value" : "20240424104225"
    },
    "folder" : {
      "prop" : "folder",
      "direct" : "IN",
      "type" : "VARCHAR",
      "value" : "processing"
    },
    "system.project.code" : {
      "prop" : "system.project.code",
      "direct" : "IN",
      "type" : "VARCHAR",
      "value" : "13010050770016"
    },
    "system.workflow.instance.id" : {
      "prop" : "system.workflow.instance.id",
      "direct" : "IN",
      "type" : "VARCHAR",
      "value" : "568"
    },
    "raw_file_dir" : {
      "prop" : "raw_file_dir",
      "direct" : "IN",
      "type" : "VARCHAR",
      "value" : "/local_storage/reddit/processing/500-20240423.json"
    },
    "system.biz.date" : {
      "prop" : "system.biz.date",
      "direct" : "IN",
      "type" : "VARCHAR",
      "value" : "20240423"
    },
    "system.workflow.definition.name" : {
      "prop" : "system.workflow.definition.name",
      "direct" : "IN",
      "type" : "VARCHAR",
      "value" : "preprocess_post"
    },
    "system.workflow.definition.code" : {
      "prop" : "system.workflow.definition.code",
      "direct" : "IN",
      "type" : "VARCHAR",
      "value" : "13201021801792"
    }
  },
  "taskAppId" : "568_1406",
  "taskTimeout" : 2147483647,
  "workerGroup" : "default",
  "delayTime" : 0,
  "currentExecutionStatus" : "SUBMITTED_SUCCESS",
  "endTime" : 0,
  "varPool" : "[{\"prop\":\"raw_file_dir\",\"direct\":\"IN\",\"type\":\"VARCHAR\",\"value\":\"/local_storage/reddit/processing/500-20240423.json\"}]",
  "dryRun" : 0,
  "paramsMap" : { },
  "cpuQuota" : -1,
  "memoryMax" : -1,
  "testFlag" : 0,
  "logBufferEnable" : false,
  "dispatchFailTimes" : 0
}
[INFO] 2024-04-24 10:42:25.968 +0800 - ***********************************************************************************************
[INFO] 2024-04-24 10:42:25.968 +0800 - *********************************  Load task instance plugin  *********************************
[INFO] 2024-04-24 10:42:25.968 +0800 - ***********************************************************************************************
[INFO] 2024-04-24 10:42:25.974 +0800 - Send task status RUNNING_EXECUTION master: 172.18.1.1:1234
[INFO] 2024-04-24 10:42:25.975 +0800 - TenantCode: default check successfully
[INFO] 2024-04-24 10:42:25.984 +0800 - WorkflowInstanceExecDir: /tmp/dolphinscheduler/exec/process/default/13010050770016/13201021801792_101/568/1406 check successfully
[INFO] 2024-04-24 10:42:25.986 +0800 - Create TaskChannel: org.apache.dolphinscheduler.plugin.task.shell.ShellTaskChannel successfully
[INFO] 2024-04-24 10:42:25.990 +0800 - Download resources successfully: 
ResourceContext(resourceItemMap={file:/dolphinscheduler/default/resources/spark_reddit_preprocessing.py=ResourceContext.ResourceItem(resourceAbsolutePathInStorage=file:/dolphinscheduler/default/resources/spark_reddit_preprocessing.py, resourceRelativePath=spark_reddit_preprocessing.py, resourceAbsolutePathInLocal=/tmp/dolphinscheduler/exec/process/default/13010050770016/13201021801792_101/568/1406/spark_reddit_preprocessing.py)})
[INFO] 2024-04-24 10:42:25.994 +0800 - Download upstream files: [] successfully
[INFO] 2024-04-24 10:42:25.994 +0800 - Task plugin instance: SHELL create successfully
[INFO] 2024-04-24 10:42:25.995 +0800 - Initialize shell task params {
  "localParams" : [ ],
  "varPool" : null,
  "rawScript" : "$SPARK_HOME/bin/spark-submit \\\n    --master local \\\n    --deploy-mode client \\\n    --conf spark.driver.cores=1 \\\n    --conf spark.driver.memory=1G \\\n    --conf spark.executor.instances=1 \\\n    --conf spark.executor.cores=1 \\\n    --conf spark.executor.memory=1G \\\n    --name reddit_preprocessing \\\n    --files ${raw_file_dir} \\\n    --packages --packages org.apache.spark:spark-sql-kafka-0-10_2.13-3.5.1 \\\n    spark_reddit_preprocessing.py\n",
  "resourceList" : [ {
    "id" : null,
    "resourceName" : "file:/dolphinscheduler/default/resources/spark_reddit_preprocessing.py",
    "res" : null
  } ]
}
[INFO] 2024-04-24 10:42:25.997 +0800 - Success initialized task plugin instance successfully
[INFO] 2024-04-24 10:42:25.997 +0800 - Set taskVarPool: [{"prop":"raw_file_dir","direct":"IN","type":"VARCHAR","value":"/local_storage/reddit/processing/500-20240423.json"}] successfully
[INFO] 2024-04-24 10:42:25.997 +0800 - ***********************************************************************************************
[INFO] 2024-04-24 10:42:25.997 +0800 - *********************************  Execute task instance  *************************************
[INFO] 2024-04-24 10:42:25.997 +0800 - ***********************************************************************************************
[INFO] 2024-04-24 10:42:26.008 +0800 - Final Shell file is: 
[INFO] 2024-04-24 10:42:26.009 +0800 - ****************************** Script Content *****************************************************************
[INFO] 2024-04-24 10:42:26.009 +0800 - #!/bin/bash
BASEDIR=$(cd `dirname $0`; pwd)
cd $BASEDIR
export SPARK_HOME=/opt/spark-3.5.1-bin-hadoop3-scala2.13
export JAVA_HOME=/opt/java/openjdk
export PYSPARK_DRIVER_PYTHON=/bin/python3.11
export PYTHON_LAUNCHER=/bin/python3.11
export PYSPARK_PYTHON=/bin/python3.11
$SPARK_HOME/bin/spark-submit \
    --master local \
    --deploy-mode client \
    --conf spark.driver.cores=1 \
    --conf spark.driver.memory=1G \
    --conf spark.executor.instances=1 \
    --conf spark.executor.cores=1 \
    --conf spark.executor.memory=1G \
    --name reddit_preprocessing \
    --files /local_storage/reddit/processing/500-20240423.json \
    --packages --packages org.apache.spark:spark-sql-kafka-0-10_2.13-3.5.1 \
    spark_reddit_preprocessing.py

[INFO] 2024-04-24 10:42:26.009 +0800 - ****************************** Script Content *****************************************************************
[INFO] 2024-04-24 10:42:26.009 +0800 - Executing shell command : sudo -u default -i /tmp/dolphinscheduler/exec/process/default/13010050770016/13201021801792_101/568/1406/568_1406.sh
[INFO] 2024-04-24 10:42:26.014 +0800 - process start, process id is: 494
[INFO] 2024-04-24 10:42:27.015 +0800 -  -> 
	sudo: unable to change directory to /home/default: No such file or directory
[INFO] 2024-04-24 10:42:28.017 +0800 -  -> 
	:: loading settings :: url = jar:file:/opt/spark-3.5.1-bin-hadoop3-scala2.13/jars/ivy-2.5.1.jar!/org/apache/ivy/core/settings/ivysettings.xml
	Exception in thread "main" java.lang.IllegalArgumentException: requirement failed: Provided Maven Coordinates must be in the form 'groupId:artifactId:version'. The coordinate provided is: --packages
		at scala.Predef$.require(Predef.scala:337)
		at org.apache.spark.deploy.SparkSubmitUtils$.$anonfun$extractMavenCoordinates$1(SparkSubmit.scala:1221)
		at scala.collection.ArrayOps$.map$extension(ArrayOps.scala:929)
		at org.apache.spark.deploy.SparkSubmitUtils$.extractMavenCoordinates(SparkSubmit.scala:1219)
		at org.apache.spark.deploy.SparkSubmitUtils$.resolveMavenCoordinates(SparkSubmit.scala:1541)
		at org.apache.spark.util.DependencyUtils$.resolveMavenDependencies(DependencyUtils.scala:185)
		at org.apache.spark.deploy.SparkSubmit.prepareSubmitEnvironment(SparkSubmit.scala:334)
		at org.apache.spark.deploy.SparkSubmit.org$apache$spark$deploy$SparkSubmit$$runMain(SparkSubmit.scala:964)
		at org.apache.spark.deploy.SparkSubmit.doRunMain$1(SparkSubmit.scala:194)
		at org.apache.spark.deploy.SparkSubmit.submit(SparkSubmit.scala:217)
		at org.apache.spark.deploy.SparkSubmit.doSubmit(SparkSubmit.scala:91)
		at org.apache.spark.deploy.SparkSubmit$$anon$2.doSubmit(SparkSubmit.scala:1120)
		at org.apache.spark.deploy.SparkSubmit$.main(SparkSubmit.scala:1129)
		at org.apache.spark.deploy.SparkSubmit.main(SparkSubmit.scala)
[INFO] 2024-04-24 10:42:28.019 +0800 - process has exited. execute path:/tmp/dolphinscheduler/exec/process/default/13010050770016/13201021801792_101/568/1406, processId:494 ,exitStatusCode:1 ,processWaitForStatus:true ,processExitValue:1
[INFO] 2024-04-24 10:42:28.019 +0800 - ***********************************************************************************************
[INFO] 2024-04-24 10:42:28.020 +0800 - *********************************  Finalize task instance  ************************************
[INFO] 2024-04-24 10:42:28.021 +0800 - ***********************************************************************************************
[INFO] 2024-04-24 10:42:28.022 +0800 - Upload output files: [] successfully
[INFO] 2024-04-24 10:42:28.040 +0800 - Send task execute status: FAILURE to master : 172.18.1.1:1234
[INFO] 2024-04-24 10:42:28.041 +0800 - Remove the current task execute context from worker cache
[INFO] 2024-04-24 10:42:28.041 +0800 - The current execute mode isn't develop mode, will clear the task execute file: /tmp/dolphinscheduler/exec/process/default/13010050770016/13201021801792_101/568/1406
[INFO] 2024-04-24 10:42:28.043 +0800 - Success clear the task execute file: /tmp/dolphinscheduler/exec/process/default/13010050770016/13201021801792_101/568/1406
[INFO] 2024-04-24 10:42:28.044 +0800 - FINALIZE_SESSION
[INFO] 2024-04-24 10:44:11.703 +0800 - ***********************************************************************************************
[INFO] 2024-04-24 10:44:11.705 +0800 - *********************************  Initialize task context  ***********************************
[INFO] 2024-04-24 10:44:11.706 +0800 - ***********************************************************************************************
[INFO] 2024-04-24 10:44:11.706 +0800 - Begin to initialize task
[INFO] 2024-04-24 10:44:11.707 +0800 - Set task startTime: 1713926651707
[INFO] 2024-04-24 10:44:11.707 +0800 - Set task appId: 568_1406
[INFO] 2024-04-24 10:44:11.707 +0800 - End initialize task {
  "taskInstanceId" : 1406,
  "taskName" : "spark preprocessing",
  "firstSubmitTime" : 1713926545946,
  "startTime" : 1713926651707,
  "taskType" : "SHELL",
  "workflowInstanceHost" : "172.18.0.9:5678",
  "host" : "172.18.1.1:1234",
  "logPath" : "/opt/dolphinscheduler/logs/20240424/13201021801792/101/568/1406.log",
  "processId" : 0,
  "processDefineCode" : 13201021801792,
  "processDefineVersion" : 101,
  "processInstanceId" : 568,
  "scheduleTime" : 0,
  "globalParams" : "[{\"prop\":\"folder\",\"direct\":\"IN\",\"type\":\"VARCHAR\",\"value\":\"in\"}]",
  "executorId" : 1,
  "cmdTypeIfComplement" : 12,
  "tenantCode" : "default",
  "processDefineId" : 0,
  "projectId" : 0,
  "projectCode" : 13010050770016,
  "taskParams" : "{\"localParams\":[],\"rawScript\":\"$SPARK_HOME/bin/spark-submit \\\\\\n    --master local \\\\\\n    --deploy-mode client \\\\\\n    --conf spark.driver.cores=1 \\\\\\n    --conf spark.driver.memory=1G \\\\\\n    --conf spark.executor.instances=1 \\\\\\n    --conf spark.executor.cores=1 \\\\\\n    --conf spark.executor.memory=1G \\\\\\n    --name reddit_preprocessing \\\\\\n    --files ${raw_file_dir} \\\\\\n    --packages --packages org.apache.spark:spark-sql-kafka-0-10_2.13-3.5.1 \\\\\\n    spark_reddit_preprocessing.py\\n\",\"resourceList\":[{\"id\":null,\"resourceName\":\"file:/dolphinscheduler/default/resources/spark_reddit_preprocessing.py\",\"res\":null}]}",
  "prepareParamsMap" : {
    "system.task.definition.name" : {
      "prop" : "system.task.definition.name",
      "direct" : "IN",
      "type" : "VARCHAR",
      "value" : "spark preprocessing"
    },
    "system.project.name" : {
      "prop" : "system.project.name",
      "direct" : "IN",
      "type" : "VARCHAR",
      "value" : null
    },
    "REDDIT_HOME" : {
      "prop" : "REDDIT_HOME",
      "direct" : "IN",
      "type" : "VARCHAR",
      "value" : "/local_storage/reddit"
    },
    "system.biz.curdate" : {
      "prop" : "system.biz.curdate",
      "direct" : "IN",
      "type" : "VARCHAR",
      "value" : "20240424"
    },
    "system.task.instance.id" : {
      "prop" : "system.task.instance.id",
      "direct" : "IN",
      "type" : "VARCHAR",
      "value" : "1406"
    },
    "system.task.definition.code" : {
      "prop" : "system.task.definition.code",
      "direct" : "IN",
      "type" : "VARCHAR",
      "value" : "13210058002752"
    },
    "system.datetime" : {
      "prop" : "system.datetime",
      "direct" : "IN",
      "type" : "VARCHAR",
      "value" : "20240424104411"
    },
    "folder" : {
      "prop" : "folder",
      "direct" : "IN",
      "type" : "VARCHAR",
      "value" : "processing"
    },
    "system.task.execute.path" : {
      "prop" : "system.task.execute.path",
      "direct" : "IN",
      "type" : "VARCHAR",
      "value" : "/tmp/dolphinscheduler/exec/process/default/13010050770016/13201021801792_101/568/1406"
    },
    "system.project.code" : {
      "prop" : "system.project.code",
      "direct" : "IN",
      "type" : "VARCHAR",
      "value" : "13010050770016"
    },
    "system.workflow.instance.id" : {
      "prop" : "system.workflow.instance.id",
      "direct" : "IN",
      "type" : "VARCHAR",
      "value" : "568"
    },
    "raw_file_dir" : {
      "prop" : "raw_file_dir",
      "direct" : "IN",
      "type" : "VARCHAR",
      "value" : "/local_storage/reddit/processing/500-20240423.json"
    },
    "system.biz.date" : {
      "prop" : "system.biz.date",
      "direct" : "IN",
      "type" : "VARCHAR",
      "value" : "20240423"
    },
    "system.workflow.definition.name" : {
      "prop" : "system.workflow.definition.name",
      "direct" : "IN",
      "type" : "VARCHAR",
      "value" : "preprocess_post"
    },
    "system.workflow.definition.code" : {
      "prop" : "system.workflow.definition.code",
      "direct" : "IN",
      "type" : "VARCHAR",
      "value" : "13201021801792"
    }
  },
  "taskAppId" : "568_1406",
  "taskTimeout" : 2147483647,
  "workerGroup" : "default",
  "delayTime" : 0,
  "currentExecutionStatus" : "SUBMITTED_SUCCESS",
  "endTime" : 0,
  "varPool" : "[{\"prop\":\"raw_file_dir\",\"direct\":\"IN\",\"type\":\"VARCHAR\",\"value\":\"/local_storage/reddit/processing/500-20240423.json\"}]",
  "dryRun" : 0,
  "paramsMap" : { },
  "cpuQuota" : -1,
  "memoryMax" : -1,
  "testFlag" : 0,
  "logBufferEnable" : false,
  "dispatchFailTimes" : 0
}
[INFO] 2024-04-24 10:44:11.708 +0800 - ***********************************************************************************************
[INFO] 2024-04-24 10:44:11.708 +0800 - *********************************  Load task instance plugin  *********************************
[INFO] 2024-04-24 10:44:11.709 +0800 - ***********************************************************************************************
[INFO] 2024-04-24 10:44:11.716 +0800 - Send task status RUNNING_EXECUTION master: 172.18.1.1:1234
[INFO] 2024-04-24 10:44:11.717 +0800 - TenantCode: default check successfully
[INFO] 2024-04-24 10:44:11.718 +0800 - WorkflowInstanceExecDir: /tmp/dolphinscheduler/exec/process/default/13010050770016/13201021801792_101/568/1406 check successfully
[INFO] 2024-04-24 10:44:11.718 +0800 - Create TaskChannel: org.apache.dolphinscheduler.plugin.task.shell.ShellTaskChannel successfully
[INFO] 2024-04-24 10:44:11.721 +0800 - Download resources successfully: 
ResourceContext(resourceItemMap={file:/dolphinscheduler/default/resources/spark_reddit_preprocessing.py=ResourceContext.ResourceItem(resourceAbsolutePathInStorage=file:/dolphinscheduler/default/resources/spark_reddit_preprocessing.py, resourceRelativePath=spark_reddit_preprocessing.py, resourceAbsolutePathInLocal=/tmp/dolphinscheduler/exec/process/default/13010050770016/13201021801792_101/568/1406/spark_reddit_preprocessing.py)})
[INFO] 2024-04-24 10:44:11.722 +0800 - Download upstream files: [] successfully
[INFO] 2024-04-24 10:44:11.723 +0800 - Task plugin instance: SHELL create successfully
[INFO] 2024-04-24 10:44:11.724 +0800 - Initialize shell task params {
  "localParams" : [ ],
  "varPool" : null,
  "rawScript" : "$SPARK_HOME/bin/spark-submit \\\n    --master local \\\n    --deploy-mode client \\\n    --conf spark.driver.cores=1 \\\n    --conf spark.driver.memory=1G \\\n    --conf spark.executor.instances=1 \\\n    --conf spark.executor.cores=1 \\\n    --conf spark.executor.memory=1G \\\n    --name reddit_preprocessing \\\n    --files ${raw_file_dir} \\\n    --packages --packages org.apache.spark:spark-sql-kafka-0-10_2.13-3.5.1 \\\n    spark_reddit_preprocessing.py\n",
  "resourceList" : [ {
    "id" : null,
    "resourceName" : "file:/dolphinscheduler/default/resources/spark_reddit_preprocessing.py",
    "res" : null
  } ]
}
[INFO] 2024-04-24 10:44:11.728 +0800 - Success initialized task plugin instance successfully
[INFO] 2024-04-24 10:44:11.729 +0800 - Set taskVarPool: [{"prop":"raw_file_dir","direct":"IN","type":"VARCHAR","value":"/local_storage/reddit/processing/500-20240423.json"}] successfully
[INFO] 2024-04-24 10:44:11.729 +0800 - ***********************************************************************************************
[INFO] 2024-04-24 10:44:11.729 +0800 - *********************************  Execute task instance  *************************************
[INFO] 2024-04-24 10:44:11.729 +0800 - ***********************************************************************************************
[INFO] 2024-04-24 10:44:11.732 +0800 - Final Shell file is: 
[INFO] 2024-04-24 10:44:11.732 +0800 - ****************************** Script Content *****************************************************************
[INFO] 2024-04-24 10:44:11.732 +0800 - #!/bin/bash
BASEDIR=$(cd `dirname $0`; pwd)
cd $BASEDIR
$SPARK_HOME/bin/spark-submit \
    --master local \
    --deploy-mode client \
    --conf spark.driver.cores=1 \
    --conf spark.driver.memory=1G \
    --conf spark.executor.instances=1 \
    --conf spark.executor.cores=1 \
    --conf spark.executor.memory=1G \
    --name reddit_preprocessing \
    --files /local_storage/reddit/processing/500-20240423.json \
    --packages --packages org.apache.spark:spark-sql-kafka-0-10_2.13-3.5.1 \
    spark_reddit_preprocessing.py

[INFO] 2024-04-24 10:44:11.732 +0800 - ****************************** Script Content *****************************************************************
[INFO] 2024-04-24 10:44:11.732 +0800 - Executing shell command : sudo -u default -i /tmp/dolphinscheduler/exec/process/default/13010050770016/13201021801792_101/568/1406/568_1406.sh
[INFO] 2024-04-24 10:44:11.746 +0800 - process start, process id is: 554
[INFO] 2024-04-24 10:44:12.746 +0800 -  -> 
	sudo: unable to change directory to /home/default: No such file or directory
	/tmp/dolphinscheduler/exec/process/default/13010050770016/13201021801792_101/568/1406/568_1406.sh: line 5: /bin/spark-submit: No such file or directory
[INFO] 2024-04-24 10:44:12.747 +0800 - process has exited. execute path:/tmp/dolphinscheduler/exec/process/default/13010050770016/13201021801792_101/568/1406, processId:554 ,exitStatusCode:127 ,processWaitForStatus:true ,processExitValue:127
[INFO] 2024-04-24 10:44:12.747 +0800 - ***********************************************************************************************
[INFO] 2024-04-24 10:44:12.747 +0800 - *********************************  Finalize task instance  ************************************
[INFO] 2024-04-24 10:44:12.747 +0800 - ***********************************************************************************************
[INFO] 2024-04-24 10:44:12.748 +0800 - Upload output files: [] successfully
[INFO] 2024-04-24 10:44:12.752 +0800 - Send task execute status: FAILURE to master : 172.18.1.1:1234
[INFO] 2024-04-24 10:44:12.752 +0800 - Remove the current task execute context from worker cache
[INFO] 2024-04-24 10:44:12.752 +0800 - The current execute mode isn't develop mode, will clear the task execute file: /tmp/dolphinscheduler/exec/process/default/13010050770016/13201021801792_101/568/1406
[INFO] 2024-04-24 10:44:12.753 +0800 - Success clear the task execute file: /tmp/dolphinscheduler/exec/process/default/13010050770016/13201021801792_101/568/1406
[INFO] 2024-04-24 10:44:12.753 +0800 - FINALIZE_SESSION
