[INFO] 2024-04-24 09:42:08.130 +0800 - ***********************************************************************************************
[INFO] 2024-04-24 09:42:08.133 +0800 - *********************************  Initialize task context  ***********************************
[INFO] 2024-04-24 09:42:08.133 +0800 - ***********************************************************************************************
[INFO] 2024-04-24 09:42:08.134 +0800 - Begin to initialize task
[INFO] 2024-04-24 09:42:08.134 +0800 - Set task startTime: 1713922928134
[INFO] 2024-04-24 09:42:08.134 +0800 - Set task appId: 565_1376
[INFO] 2024-04-24 09:42:08.134 +0800 - End initialize task {
  "taskInstanceId" : 1376,
  "taskName" : "spark preprocessing",
  "firstSubmitTime" : 1713922928017,
  "startTime" : 1713922928134,
  "taskType" : "SHELL",
  "workflowInstanceHost" : "172.18.0.12:5678",
  "host" : "172.18.1.1:1234",
  "logPath" : "/opt/dolphinscheduler/logs/20240424/13201021801792/98/565/1376.log",
  "processId" : 0,
  "processDefineCode" : 13201021801792,
  "processDefineVersion" : 98,
  "processInstanceId" : 565,
  "scheduleTime" : 0,
  "globalParams" : "[{\"prop\":\"folder\",\"direct\":\"IN\",\"type\":\"VARCHAR\",\"value\":\"processing\"}]",
  "executorId" : 1,
  "cmdTypeIfComplement" : 7,
  "tenantCode" : "default",
  "processDefineId" : 0,
  "projectId" : 0,
  "projectCode" : 13010050770016,
  "taskParams" : "{\"localParams\":[],\"rawScript\":\"$SPARK_HOME/bin/spark-submit \\\\\\n    --master local \\\\\\n    --deploy-mode client \\\\\\n    --conf spark.driver.cores=1 \\\\\\n    --conf spark.driver.memory=1G \\\\\\n    --conf spark.executor.instances=1 \\\\\\n    --conf spark.executor.cores=1 \\\\\\n    --conf spark.executor.memory=1G \\\\\\n    --name reddit_preprocessing \\\\\\n    --files ${raw_file_dir} \\\\\\n    spark_reddit_preprocessing.py\\n\",\"resourceList\":[{\"id\":null,\"resourceName\":\"file:/dolphinscheduler/default/resources/spark_reddit_preprocessing.py\",\"res\":null}]}",
  "environmentConfig" : "export SPARK_HOME=/opt/spark-3.5.1-bin-hadoop3\nexport JAVA_HOME=/opt/java/openjdk\nexport PYSPARK_DRIVER_PYTHON=/bin/python3.11\nexport PYTHON_LAUNCHER=/bin/python3.11\nexport PYSPARK_PYTHON=/bin/python3.11",
  "prepareParamsMap" : {
    "system.task.definition.name" : {
      "prop" : "system.task.definition.name",
      "direct" : "IN",
      "type" : "VARCHAR",
      "value" : "spark preprocessing"
    },
    "system.project.name" : {
      "prop" : "system.project.name",
      "direct" : "IN",
      "type" : "VARCHAR",
      "value" : null
    },
    "REDDIT_HOME" : {
      "prop" : "REDDIT_HOME",
      "direct" : "IN",
      "type" : "VARCHAR",
      "value" : "/local_storage/reddit"
    },
    "system.biz.curdate" : {
      "prop" : "system.biz.curdate",
      "direct" : "IN",
      "type" : "VARCHAR",
      "value" : "20240424"
    },
    "system.task.instance.id" : {
      "prop" : "system.task.instance.id",
      "direct" : "IN",
      "type" : "VARCHAR",
      "value" : "1376"
    },
    "system.task.definition.code" : {
      "prop" : "system.task.definition.code",
      "direct" : "IN",
      "type" : "VARCHAR",
      "value" : "13210058002752"
    },
    "system.datetime" : {
      "prop" : "system.datetime",
      "direct" : "IN",
      "type" : "VARCHAR",
      "value" : "20240424094208"
    },
    "folder" : {
      "prop" : "folder",
      "direct" : "IN",
      "type" : "VARCHAR",
      "value" : "processing"
    },
    "system.project.code" : {
      "prop" : "system.project.code",
      "direct" : "IN",
      "type" : "VARCHAR",
      "value" : "13010050770016"
    },
    "system.workflow.instance.id" : {
      "prop" : "system.workflow.instance.id",
      "direct" : "IN",
      "type" : "VARCHAR",
      "value" : "565"
    },
    "raw_file_dir" : {
      "prop" : "raw_file_dir",
      "direct" : "IN",
      "type" : "VARCHAR",
      "value" : "/local_storage/reddit/processing/500-20240423.json"
    },
    "system.biz.date" : {
      "prop" : "system.biz.date",
      "direct" : "IN",
      "type" : "VARCHAR",
      "value" : "20240423"
    },
    "system.workflow.definition.name" : {
      "prop" : "system.workflow.definition.name",
      "direct" : "IN",
      "type" : "VARCHAR",
      "value" : "preprocess_post"
    },
    "system.workflow.definition.code" : {
      "prop" : "system.workflow.definition.code",
      "direct" : "IN",
      "type" : "VARCHAR",
      "value" : "13201021801792"
    }
  },
  "taskAppId" : "565_1376",
  "taskTimeout" : 2147483647,
  "workerGroup" : "default",
  "delayTime" : 0,
  "currentExecutionStatus" : "SUBMITTED_SUCCESS",
  "endTime" : 0,
  "varPool" : "[{\"prop\":\"raw_file_dir\",\"direct\":\"IN\",\"type\":\"VARCHAR\",\"value\":\"/local_storage/reddit/processing/500-20240423.json\"}]",
  "dryRun" : 0,
  "paramsMap" : { },
  "cpuQuota" : -1,
  "memoryMax" : -1,
  "testFlag" : 0,
  "logBufferEnable" : false,
  "dispatchFailTimes" : 0
}
[INFO] 2024-04-24 09:42:08.138 +0800 - ***********************************************************************************************
[INFO] 2024-04-24 09:42:08.139 +0800 - *********************************  Load task instance plugin  *********************************
[INFO] 2024-04-24 09:42:08.139 +0800 - ***********************************************************************************************
[INFO] 2024-04-24 09:42:08.265 +0800 - Send task status RUNNING_EXECUTION master: 172.18.1.1:1234
[INFO] 2024-04-24 09:42:08.267 +0800 - TenantCode: default check successfully
[INFO] 2024-04-24 09:42:08.267 +0800 - WorkflowInstanceExecDir: /tmp/dolphinscheduler/exec/process/default/13010050770016/13201021801792_98/565/1376 check successfully
[INFO] 2024-04-24 09:42:08.268 +0800 - Create TaskChannel: org.apache.dolphinscheduler.plugin.task.shell.ShellTaskChannel successfully
[INFO] 2024-04-24 09:42:08.270 +0800 - Download resources successfully: 
ResourceContext(resourceItemMap={file:/dolphinscheduler/default/resources/spark_reddit_preprocessing.py=ResourceContext.ResourceItem(resourceAbsolutePathInStorage=file:/dolphinscheduler/default/resources/spark_reddit_preprocessing.py, resourceRelativePath=spark_reddit_preprocessing.py, resourceAbsolutePathInLocal=/tmp/dolphinscheduler/exec/process/default/13010050770016/13201021801792_98/565/1376/spark_reddit_preprocessing.py)})
[INFO] 2024-04-24 09:42:08.294 +0800 - Download upstream files: [] successfully
[INFO] 2024-04-24 09:42:08.351 +0800 - Task plugin instance: SHELL create successfully
[INFO] 2024-04-24 09:42:08.354 +0800 - Initialize shell task params {
  "localParams" : [ ],
  "varPool" : null,
  "rawScript" : "$SPARK_HOME/bin/spark-submit \\\n    --master local \\\n    --deploy-mode client \\\n    --conf spark.driver.cores=1 \\\n    --conf spark.driver.memory=1G \\\n    --conf spark.executor.instances=1 \\\n    --conf spark.executor.cores=1 \\\n    --conf spark.executor.memory=1G \\\n    --name reddit_preprocessing \\\n    --files ${raw_file_dir} \\\n    spark_reddit_preprocessing.py\n",
  "resourceList" : [ {
    "id" : null,
    "resourceName" : "file:/dolphinscheduler/default/resources/spark_reddit_preprocessing.py",
    "res" : null
  } ]
}
[INFO] 2024-04-24 09:42:08.354 +0800 - Success initialized task plugin instance successfully
[INFO] 2024-04-24 09:42:08.356 +0800 - Set taskVarPool: [{"prop":"raw_file_dir","direct":"IN","type":"VARCHAR","value":"/local_storage/reddit/processing/500-20240423.json"}] successfully
[INFO] 2024-04-24 09:42:08.358 +0800 - ***********************************************************************************************
[INFO] 2024-04-24 09:42:08.360 +0800 - *********************************  Execute task instance  *************************************
[INFO] 2024-04-24 09:42:08.361 +0800 - ***********************************************************************************************
[INFO] 2024-04-24 09:42:08.365 +0800 - Final Shell file is: 
[INFO] 2024-04-24 09:42:08.367 +0800 - ****************************** Script Content *****************************************************************
[INFO] 2024-04-24 09:42:08.370 +0800 - #!/bin/bash
BASEDIR=$(cd `dirname $0`; pwd)
cd $BASEDIR
export SPARK_HOME=/opt/spark-3.5.1-bin-hadoop3
export JAVA_HOME=/opt/java/openjdk
export PYSPARK_DRIVER_PYTHON=/bin/python3.11
export PYTHON_LAUNCHER=/bin/python3.11
export PYSPARK_PYTHON=/bin/python3.11
$SPARK_HOME/bin/spark-submit \
    --master local \
    --deploy-mode client \
    --conf spark.driver.cores=1 \
    --conf spark.driver.memory=1G \
    --conf spark.executor.instances=1 \
    --conf spark.executor.cores=1 \
    --conf spark.executor.memory=1G \
    --name reddit_preprocessing \
    --files /local_storage/reddit/processing/500-20240423.json \
    spark_reddit_preprocessing.py

[INFO] 2024-04-24 09:42:08.385 +0800 - ****************************** Script Content *****************************************************************
[INFO] 2024-04-24 09:42:08.394 +0800 - Executing shell command : sudo -u default -i /tmp/dolphinscheduler/exec/process/default/13010050770016/13201021801792_98/565/1376/565_1376.sh
[INFO] 2024-04-24 09:42:08.442 +0800 - process start, process id is: 2472
[INFO] 2024-04-24 09:42:09.453 +0800 -  -> 
	sudo: unable to change directory to /home/default: No such file or directory
[INFO] 2024-04-24 09:42:13.462 +0800 -  -> 
	24/04/24 09:42:12 WARN NativeCodeLoader: Unable to load native-hadoop library for your platform... using builtin-java classes where applicable
[INFO] 2024-04-24 09:42:14.468 +0800 -  -> 
	24/04/24 09:42:13 INFO SparkContext: Running Spark version 3.5.1
	24/04/24 09:42:13 INFO SparkContext: OS info Linux, 6.5.0-28-generic, amd64
	24/04/24 09:42:13 INFO SparkContext: Java version 1.8.0_402
	24/04/24 09:42:13 INFO ResourceUtils: ==============================================================
	24/04/24 09:42:13 INFO ResourceUtils: No custom resources configured for spark.driver.
	24/04/24 09:42:13 INFO ResourceUtils: ==============================================================
	24/04/24 09:42:13 INFO SparkContext: Submitted application: reddit_preprocessing
	24/04/24 09:42:14 INFO ResourceProfile: Default ResourceProfile created, executor resources: Map(cores -> name: cores, amount: 1, script: , vendor: , memory -> name: memory, amount: 1024, script: , vendor: , offHeap -> name: offHeap, amount: 0, script: , vendor: ), task resources: Map(cpus -> name: cpus, amount: 1.0)
	24/04/24 09:42:14 INFO ResourceProfile: Limiting resource is cpus at 1 tasks per executor
	24/04/24 09:42:14 INFO ResourceProfileManager: Added ResourceProfile id: 0
	24/04/24 09:42:14 INFO SecurityManager: Changing view acls to: default
	24/04/24 09:42:14 INFO SecurityManager: Changing modify acls to: default
	24/04/24 09:42:14 INFO SecurityManager: Changing view acls groups to: 
	24/04/24 09:42:14 INFO SecurityManager: Changing modify acls groups to: 
	24/04/24 09:42:14 INFO SecurityManager: SecurityManager: authentication disabled; ui acls disabled; users with view permissions: default; groups with view permissions: EMPTY; users with modify permissions: default; groups with modify permissions: EMPTY
[INFO] 2024-04-24 09:42:15.470 +0800 -  -> 
	24/04/24 09:42:15 INFO Utils: Successfully started service 'sparkDriver' on port 32829.
	24/04/24 09:42:15 INFO SparkEnv: Registering MapOutputTracker
	24/04/24 09:42:15 INFO SparkEnv: Registering BlockManagerMaster
[INFO] 2024-04-24 09:42:16.485 +0800 -  -> 
	24/04/24 09:42:15 INFO BlockManagerMasterEndpoint: Using org.apache.spark.storage.DefaultTopologyMapper for getting topology information
	24/04/24 09:42:15 INFO BlockManagerMasterEndpoint: BlockManagerMasterEndpoint up
	24/04/24 09:42:15 INFO SparkEnv: Registering BlockManagerMasterHeartbeat
	24/04/24 09:42:15 INFO DiskBlockManager: Created local directory at /tmp/blockmgr-c275377d-a390-496b-9a58-8edffa72d3c3
	24/04/24 09:42:15 INFO MemoryStore: MemoryStore started with capacity 366.3 MiB
	24/04/24 09:42:15 INFO SparkEnv: Registering OutputCommitCoordinator
	24/04/24 09:42:15 INFO JettyUtils: Start Jetty 0.0.0.0:4040 for SparkUI
	24/04/24 09:42:16 WARN Utils: Service 'SparkUI' could not bind on port 4040. Attempting port 4041.
[INFO] 2024-04-24 09:42:17.492 +0800 -  -> 
	24/04/24 09:42:16 INFO SparkContext: Added file file:///local_storage/reddit/processing/500-20240423.json at file:///local_storage/reddit/processing/500-20240423.json with timestamp 1713922933873
	24/04/24 09:42:16 INFO Utils: Copying /local_storage/reddit/processing/500-20240423.json to /tmp/spark-8289a538-7cc5-47f8-8748-e25e42743cd3/userFiles-7d26e1bc-4e4b-4d22-91ba-f84413a4ed05/500-20240423.json
[INFO] 2024-04-24 09:42:18.495 +0800 -  -> 
	24/04/24 09:42:17 INFO Executor: Starting executor ID driver on host 67053a64aa3f
	24/04/24 09:42:17 INFO Executor: OS info Linux, 6.5.0-28-generic, amd64
	24/04/24 09:42:17 INFO Executor: Java version 1.8.0_402
	24/04/24 09:42:17 INFO Executor: Starting executor with user classpath (userClassPathFirst = false): ''
	24/04/24 09:42:17 INFO Executor: Created or updated repl class loader org.apache.spark.util.MutableURLClassLoader@1eddc10f for default.
	24/04/24 09:42:17 INFO Executor: Fetching file:///local_storage/reddit/processing/500-20240423.json with timestamp 1713922933873
	24/04/24 09:42:17 INFO Utils: /local_storage/reddit/processing/500-20240423.json has been previously copied to /tmp/spark-8289a538-7cc5-47f8-8748-e25e42743cd3/userFiles-7d26e1bc-4e4b-4d22-91ba-f84413a4ed05/500-20240423.json
	24/04/24 09:42:17 INFO Utils: Successfully started service 'org.apache.spark.network.netty.NettyBlockTransferService' on port 41609.
	24/04/24 09:42:17 INFO NettyBlockTransferService: Server created on 67053a64aa3f:41609
	24/04/24 09:42:17 INFO BlockManager: Using org.apache.spark.storage.RandomBlockReplicationPolicy for block replication policy
	24/04/24 09:42:17 INFO BlockManagerMaster: Registering BlockManager BlockManagerId(driver, 67053a64aa3f, 41609, None)
	24/04/24 09:42:17 INFO BlockManagerMasterEndpoint: Registering block manager 67053a64aa3f:41609 with 366.3 MiB RAM, BlockManagerId(driver, 67053a64aa3f, 41609, None)
	24/04/24 09:42:17 INFO BlockManagerMaster: Registered BlockManager BlockManagerId(driver, 67053a64aa3f, 41609, None)
	24/04/24 09:42:17 INFO BlockManager: Initialized BlockManager: BlockManagerId(driver, 67053a64aa3f, 41609, None)
[INFO] 2024-04-24 09:42:19.501 +0800 -  -> 
	
	
	
	 /tmp/spark-8289a538-7cc5-47f8-8748-e25e42743cd3/userFiles-7d26e1bc-4e4b-4d22-91ba-f84413a4ed05/500-20240423.json 
	
	
	
	24/04/24 09:42:19 INFO MemoryStore: Block broadcast_0 stored as values in memory (estimated size 345.6 KiB, free 366.0 MiB)
	24/04/24 09:42:19 INFO MemoryStore: Block broadcast_0_piece0 stored as bytes in memory (estimated size 32.7 KiB, free 365.9 MiB)
	24/04/24 09:42:19 INFO BlockManagerInfo: Added broadcast_0_piece0 in memory on 67053a64aa3f:41609 (size: 32.7 KiB, free: 366.3 MiB)
	24/04/24 09:42:19 INFO SparkContext: Created broadcast 0 from wholeTextFiles at NativeMethodAccessorImpl.java:0
[INFO] 2024-04-24 09:42:20.504 +0800 -  -> 
	24/04/24 09:42:19 INFO SharedState: Setting hive.metastore.warehouse.dir ('null') to the value of spark.sql.warehouse.dir.
	24/04/24 09:42:19 INFO SharedState: Warehouse path is 'file:/tmp/dolphinscheduler/exec/process/default/13010050770016/13201021801792_98/565/1376/spark-warehouse'.
[INFO] 2024-04-24 09:42:28.546 +0800 -  -> 
	24/04/24 09:42:27 INFO CodeGenerator: Code generated in 675.471446 ms
	24/04/24 09:42:27 INFO FileInputFormat: Total input files to process : 1
	24/04/24 09:42:27 INFO FileInputFormat: Total input files to process : 1
	24/04/24 09:42:28 INFO SparkContext: Starting job: json at NativeMethodAccessorImpl.java:0
	24/04/24 09:42:28 INFO DAGScheduler: Got job 0 (json at NativeMethodAccessorImpl.java:0) with 1 output partitions
	24/04/24 09:42:28 INFO DAGScheduler: Final stage: ResultStage 0 (json at NativeMethodAccessorImpl.java:0)
	24/04/24 09:42:28 INFO DAGScheduler: Parents of final stage: List()
	24/04/24 09:42:28 INFO DAGScheduler: Missing parents: List()
	24/04/24 09:42:28 INFO DAGScheduler: Submitting ResultStage 0 (MapPartitionsRDD[7] at json at NativeMethodAccessorImpl.java:0), which has no missing parents
	24/04/24 09:42:28 INFO MemoryStore: Block broadcast_1 stored as values in memory (estimated size 23.5 KiB, free 365.9 MiB)
	24/04/24 09:42:28 INFO MemoryStore: Block broadcast_1_piece0 stored as bytes in memory (estimated size 11.5 KiB, free 365.9 MiB)
	24/04/24 09:42:28 INFO BlockManagerInfo: Added broadcast_1_piece0 in memory on 67053a64aa3f:41609 (size: 11.5 KiB, free: 366.3 MiB)
	24/04/24 09:42:28 INFO SparkContext: Created broadcast 1 from broadcast at DAGScheduler.scala:1585
	24/04/24 09:42:28 INFO DAGScheduler: Submitting 1 missing tasks from ResultStage 0 (MapPartitionsRDD[7] at json at NativeMethodAccessorImpl.java:0) (first 15 tasks are for partitions Vector(0))
	24/04/24 09:42:28 INFO TaskSchedulerImpl: Adding task set 0.0 with 1 tasks resource profile 0
	24/04/24 09:42:28 INFO TaskSetManager: Starting task 0.0 in stage 0.0 (TID 0) (67053a64aa3f, executor driver, partition 0, PROCESS_LOCAL, 8011 bytes) 
	24/04/24 09:42:28 INFO Executor: Running task 0.0 in stage 0.0 (TID 0)
[INFO] 2024-04-24 09:42:29.547 +0800 -  -> 
	24/04/24 09:42:29 INFO WholeTextFileRDD: Input split: Paths:/tmp/spark-8289a538-7cc5-47f8-8748-e25e42743cd3/userFiles-7d26e1bc-4e4b-4d22-91ba-f84413a4ed05/500-20240423.json:0+147333
[INFO] 2024-04-24 09:42:30.549 +0800 -  -> 
	24/04/24 09:42:29 INFO CodeGenerator: Code generated in 102.847623 ms
	24/04/24 09:42:29 INFO PythonRunner: Times: total = 764, boot = 506, init = 220, finish = 38
	24/04/24 09:42:30 INFO Executor: Finished task 0.0 in stage 0.0 (TID 0). 2794 bytes result sent to driver
	24/04/24 09:42:30 INFO TaskSetManager: Finished task 0.0 in stage 0.0 (TID 0) in 1614 ms on 67053a64aa3f (executor driver) (1/1)
	24/04/24 09:42:30 INFO TaskSchedulerImpl: Removed TaskSet 0.0, whose tasks have all completed, from pool 
	24/04/24 09:42:30 INFO PythonAccumulatorV2: Connected to AccumulatorServer at host: 127.0.0.1 port: 44495
	24/04/24 09:42:30 INFO DAGScheduler: ResultStage 0 (json at NativeMethodAccessorImpl.java:0) finished in 1.994 s
	24/04/24 09:42:30 INFO DAGScheduler: Job 0 is finished. Cancelling potential speculative or zombie tasks for this job
	24/04/24 09:42:30 INFO TaskSchedulerImpl: Killing all running tasks in stage 0: Stage finished
	24/04/24 09:42:30 INFO DAGScheduler: Job 0 finished: json at NativeMethodAccessorImpl.java:0, took 2.106272 s
	
	
	
	 1 
	
	
	
	
	
	
	 2 
	
	
	
[INFO] 2024-04-24 09:42:31.551 +0800 -  -> 
	
	
	
	 3 
	
	
	
	
	
	
	 sdfsdf 
	
	
	
	Traceback (most recent call last):
	  File "/tmp/dolphinscheduler/exec/process/default/13010050770016/13201021801792_98/565/1376/spark_reddit_preprocessing.py", line 84, in <module>
	    processed_json = new_df.selectExpr("CAST(key AS STRING)", "to_json(struct(*)) AS value")
	                     ^^^^^^^^^^^^^^^^^^^^^^^^^^^^^^^^^^^^^^^^^^^^^^^^^^^^^^^^^^^^^^^^^^^^^^^
	  File "/opt/spark-3.5.1-bin-hadoop3/python/lib/pyspark.zip/pyspark/sql/dataframe.py", line 3267, in selectExpr
	  File "/opt/spark-3.5.1-bin-hadoop3/python/lib/py4j-0.10.9.7-src.zip/py4j/java_gateway.py", line 1322, in __call__
	  File "/opt/spark-3.5.1-bin-hadoop3/python/lib/pyspark.zip/pyspark/errors/exceptions/captured.py", line 185, in deco
	pyspark.errors.exceptions.captured.AnalysisException: [UNRESOLVED_COLUMN.WITH_SUGGESTION] A column or function parameter with name `key` cannot be resolved. Did you mean one of the following? [`id`, `type`, `url`, `user`, `score`].; line 1 pos 5;
	'Project [unresolvedalias(cast('key as string), None), to_json(struct(user, user#99, content, content#100, url, url#101, context, context#98, score, score#11L, subreddit, subreddit#12, type, type#67, id, id#32, datetime, datetime#54), Some(Asia/Shanghai)) AS value#111]
	+- Project [author#6 AS user#99, body#7 AS content#100, permalink#43 AS url#101, post_title#10 AS context#98, score#11L, subreddit#12, type#67, id#32, datetime#54]
	   +- Project [author#6, body#7, permalink#43, post_title#10, score#11L, subreddit#12, type#67, id#32, datetime#54]
	      +- Project [author#6, body#7, permalink#43, post_title#10, score#11L, subreddit#12, unix_time#13, type#67, id#32, datetime#54]
	         +- Project [author#6, body#7, name#8, permalink#43, post_title#10, score#11L, subreddit#12, unix_time#13, <lambda>(type#22)#66 AS type#67, id#32, datetime#54]
	            +- Project [author#6, body#7, name#8, permalink#43, post_title#10, score#11L, subreddit#12, unix_time#13, type#22, id#32, from_unixtime(cast(unix_time#13 as bigint), yyyy-MM-dd HH:mm:ss, Some(Asia/Shanghai)) AS datetime#54]
	               +- Project [author#6, body#7, name#8, concat(https://www.reddit.com, permalink#9) AS permalink#43, post_title#10, score#11L, subreddit#12, unix_time#13, type#22, id#32]
	                  +- Project [author#6, body#7, name#8, permalink#9, post_title#10, score#11L, subreddit#12, unix_time#13, type#22, split(name#8, _, -1)[1] AS id#32]
	                     +- Project [author#6, body#7, name#8, permalink#9, post_title#10, score#11L, subreddit#12, unix_time#13, split(name#8, _, -1)[0] AS type#22]
	                        +- LogicalRDD [author#6, body#7, name#8, permalink#9, post_title#10, score#11L, subreddit#12, unix_time#13], false
	
	24/04/24 09:42:31 INFO SparkContext: Invoking stop() from shutdown hook
	24/04/24 09:42:31 INFO SparkContext: SparkContext is stopping with exitCode 0.
	24/04/24 09:42:31 INFO SparkUI: Stopped Spark web UI at http://67053a64aa3f:4041
	24/04/24 09:42:31 INFO MapOutputTrackerMasterEndpoint: MapOutputTrackerMasterEndpoint stopped!
	24/04/24 09:42:31 INFO MemoryStore: MemoryStore cleared
	24/04/24 09:42:31 INFO BlockManager: BlockManager stopped
	24/04/24 09:42:31 INFO BlockManagerMaster: BlockManagerMaster stopped
	24/04/24 09:42:31 INFO OutputCommitCoordinator$OutputCommitCoordinatorEndpoint: OutputCommitCoordinator stopped!
	24/04/24 09:42:31 INFO SparkContext: Successfully stopped SparkContext
	24/04/24 09:42:31 INFO ShutdownHookManager: Shutdown hook called
	24/04/24 09:42:31 INFO ShutdownHookManager: Deleting directory /tmp/spark-6b1ef84d-f01f-48e9-8e94-28eb94644951
	24/04/24 09:42:31 INFO ShutdownHookManager: Deleting directory /tmp/spark-8289a538-7cc5-47f8-8748-e25e42743cd3/pyspark-8023c73f-7908-46e4-bd4f-6a1cc3ff2ef3
	24/04/24 09:42:31 INFO ShutdownHookManager: Deleting directory /tmp/spark-8289a538-7cc5-47f8-8748-e25e42743cd3
[INFO] 2024-04-24 09:42:32.556 +0800 - process has exited. execute path:/tmp/dolphinscheduler/exec/process/default/13010050770016/13201021801792_98/565/1376, processId:2472 ,exitStatusCode:1 ,processWaitForStatus:true ,processExitValue:1
[INFO] 2024-04-24 09:42:32.557 +0800 - ***********************************************************************************************
[INFO] 2024-04-24 09:42:32.558 +0800 - *********************************  Finalize task instance  ************************************
[INFO] 2024-04-24 09:42:32.559 +0800 - ***********************************************************************************************
[INFO] 2024-04-24 09:42:32.559 +0800 - Upload output files: [] successfully
[INFO] 2024-04-24 09:42:32.573 +0800 - Send task execute status: FAILURE to master : 172.18.1.1:1234
[INFO] 2024-04-24 09:42:32.573 +0800 - Remove the current task execute context from worker cache
[INFO] 2024-04-24 09:42:32.573 +0800 - The current execute mode isn't develop mode, will clear the task execute file: /tmp/dolphinscheduler/exec/process/default/13010050770016/13201021801792_98/565/1376
[INFO] 2024-04-24 09:42:32.601 +0800 - Success clear the task execute file: /tmp/dolphinscheduler/exec/process/default/13010050770016/13201021801792_98/565/1376
[INFO] 2024-04-24 09:42:32.601 +0800 - FINALIZE_SESSION
