[INFO] 2024-03-22 03:11:40.269 +0800 - ***********************************************************************************************
[INFO] 2024-03-22 03:11:40.270 +0800 - *********************************  Initialize task context  ***********************************
[INFO] 2024-03-22 03:11:40.270 +0800 - ***********************************************************************************************
[INFO] 2024-03-22 03:11:40.270 +0800 - Begin to initialize task
[INFO] 2024-03-22 03:11:40.271 +0800 - Set task startTime: 1711048300271
[INFO] 2024-03-22 03:11:40.271 +0800 - Set task appId: 87_270
[INFO] 2024-03-22 03:11:40.272 +0800 - End initialize task {
  "taskInstanceId" : 270,
  "taskName" : "show parameters",
  "firstSubmitTime" : 1711048300208,
  "startTime" : 1711048300271,
  "taskType" : "SHELL",
  "workflowInstanceHost" : "172.20.0.6:5678",
  "host" : "172.20.0.5:1234",
  "logPath" : "/opt/dolphinscheduler/logs/20240322/13003655208096/14/87/270.log",
  "processId" : 0,
  "processDefineCode" : 13003655208096,
  "processDefineVersion" : 14,
  "processInstanceId" : 87,
  "scheduleTime" : 0,
  "globalParams" : "[{\"prop\":\"num1\",\"direct\":\"IN\",\"type\":\"VARCHAR\",\"value\":\"0\"},{\"prop\":\"num2\",\"direct\":\"IN\",\"type\":\"VARCHAR\",\"value\":\"0\"}]",
  "executorId" : 1,
  "cmdTypeIfComplement" : 13,
  "tenantCode" : "default",
  "processDefineId" : 0,
  "projectId" : 0,
  "projectCode" : 13001194483488,
  "taskParams" : "{\"localParams\":[],\"rawScript\":\"#!/bin/bash\\n\\necho \\\"${num1}\\\"\\necho \\\"${num2}\\\"\\n\",\"resourceList\":[]}",
  "prepareParamsMap" : {
    "system.task.definition.name" : {
      "prop" : "system.task.definition.name",
      "direct" : "IN",
      "type" : "VARCHAR",
      "value" : "show parameters"
    },
    "system.project.name" : {
      "prop" : "system.project.name",
      "direct" : "IN",
      "type" : "VARCHAR",
      "value" : null
    },
    "system.biz.curdate" : {
      "prop" : "system.biz.curdate",
      "direct" : "IN",
      "type" : "VARCHAR",
      "value" : "20240322"
    },
    "system.task.instance.id" : {
      "prop" : "system.task.instance.id",
      "direct" : "IN",
      "type" : "VARCHAR",
      "value" : "270"
    },
    "system.task.definition.code" : {
      "prop" : "system.task.definition.code",
      "direct" : "IN",
      "type" : "VARCHAR",
      "value" : "13003648543392"
    },
    "system.datetime" : {
      "prop" : "system.datetime",
      "direct" : "IN",
      "type" : "VARCHAR",
      "value" : "20240322031140"
    },
    "system.project.code" : {
      "prop" : "system.project.code",
      "direct" : "IN",
      "type" : "VARCHAR",
      "value" : "13001194483488"
    },
    "system.workflow.instance.id" : {
      "prop" : "system.workflow.instance.id",
      "direct" : "IN",
      "type" : "VARCHAR",
      "value" : "87"
    },
    "num1" : {
      "prop" : "num1",
      "direct" : "IN",
      "type" : "VARCHAR",
      "value" : "0"
    },
    "system.biz.date" : {
      "prop" : "system.biz.date",
      "direct" : "IN",
      "type" : "VARCHAR",
      "value" : "20240321"
    },
    "system.workflow.definition.name" : {
      "prop" : "system.workflow.definition.name",
      "direct" : "IN",
      "type" : "VARCHAR",
      "value" : "dynamic_task_subprocess"
    },
    "system.workflow.definition.code" : {
      "prop" : "system.workflow.definition.code",
      "direct" : "IN",
      "type" : "VARCHAR",
      "value" : "13003655208096"
    },
    "num2" : {
      "prop" : "num2",
      "direct" : "IN",
      "type" : "VARCHAR",
      "value" : "0"
    }
  },
  "taskAppId" : "87_270",
  "taskTimeout" : 2147483647,
  "workerGroup" : "default",
  "delayTime" : 0,
  "currentExecutionStatus" : "SUBMITTED_SUCCESS",
  "endTime" : 0,
  "dryRun" : 0,
  "paramsMap" : { },
  "cpuQuota" : -1,
  "memoryMax" : -1,
  "testFlag" : 0,
  "logBufferEnable" : false,
  "dispatchFailTimes" : 0
}
[INFO] 2024-03-22 03:11:40.272 +0800 - ***********************************************************************************************
[INFO] 2024-03-22 03:11:40.272 +0800 - *********************************  Load task instance plugin  *********************************
[INFO] 2024-03-22 03:11:40.272 +0800 - ***********************************************************************************************
[INFO] 2024-03-22 03:11:40.301 +0800 - Send task status RUNNING_EXECUTION master: 172.20.0.5:1234
[INFO] 2024-03-22 03:11:40.302 +0800 - TenantCode: default check successfully
[INFO] 2024-03-22 03:11:40.302 +0800 - WorkflowInstanceExecDir: /tmp/dolphinscheduler/exec/process/default/13001194483488/13003655208096_14/87/270 check successfully
[INFO] 2024-03-22 03:11:40.302 +0800 - Create TaskChannel: org.apache.dolphinscheduler.plugin.task.shell.ShellTaskChannel successfully
[INFO] 2024-03-22 03:11:40.302 +0800 - Download resources successfully: 
ResourceContext(resourceItemMap={})
[INFO] 2024-03-22 03:11:40.302 +0800 - Download upstream files: [] successfully
[INFO] 2024-03-22 03:11:40.303 +0800 - Task plugin instance: SHELL create successfully
[INFO] 2024-03-22 03:11:40.305 +0800 - Initialize shell task params {
  "localParams" : [ ],
  "varPool" : null,
  "rawScript" : "#!/bin/bash\n\necho \"${num1}\"\necho \"${num2}\"\n",
  "resourceList" : [ ]
}
[INFO] 2024-03-22 03:11:40.305 +0800 - Success initialized task plugin instance successfully
[INFO] 2024-03-22 03:11:40.305 +0800 - Set taskVarPool: null successfully
[INFO] 2024-03-22 03:11:40.305 +0800 - ***********************************************************************************************
[INFO] 2024-03-22 03:11:40.305 +0800 - *********************************  Execute task instance  *************************************
[INFO] 2024-03-22 03:11:40.306 +0800 - ***********************************************************************************************
[INFO] 2024-03-22 03:11:40.306 +0800 - Final Shell file is: 
[INFO] 2024-03-22 03:11:40.306 +0800 - ****************************** Script Content *****************************************************************
[INFO] 2024-03-22 03:11:40.307 +0800 - #!/bin/bash
BASEDIR=$(cd `dirname $0`; pwd)
cd $BASEDIR
#!/bin/bash

echo "0"
echo "0"

[INFO] 2024-03-22 03:11:40.308 +0800 - ****************************** Script Content *****************************************************************
[INFO] 2024-03-22 03:11:40.308 +0800 - Executing shell command : sudo -u default -i /tmp/dolphinscheduler/exec/process/default/13001194483488/13003655208096_14/87/270/87_270.sh
[INFO] 2024-03-22 03:11:40.320 +0800 - process start, process id is: 6388
[INFO] 2024-03-22 03:11:41.343 +0800 -  -> 
	sudo: unable to change directory to /home/default: No such file or directory
	0
	0
[INFO] 2024-03-22 03:11:41.358 +0800 - process has exited. execute path:/tmp/dolphinscheduler/exec/process/default/13001194483488/13003655208096_14/87/270, processId:6388 ,exitStatusCode:0 ,processWaitForStatus:true ,processExitValue:0
[INFO] 2024-03-22 03:11:41.362 +0800 - ***********************************************************************************************
[INFO] 2024-03-22 03:11:41.363 +0800 - *********************************  Finalize task instance  ************************************
[INFO] 2024-03-22 03:11:41.363 +0800 - ***********************************************************************************************
[INFO] 2024-03-22 03:11:41.363 +0800 - Upload output files: [] successfully
[INFO] 2024-03-22 03:11:41.396 +0800 - Send task execute status: SUCCESS to master : 172.20.0.5:1234
[INFO] 2024-03-22 03:11:41.396 +0800 - Remove the current task execute context from worker cache
[INFO] 2024-03-22 03:11:41.396 +0800 - The current execute mode isn't develop mode, will clear the task execute file: /tmp/dolphinscheduler/exec/process/default/13001194483488/13003655208096_14/87/270
[INFO] 2024-03-22 03:11:41.398 +0800 - Success clear the task execute file: /tmp/dolphinscheduler/exec/process/default/13001194483488/13003655208096_14/87/270
[INFO] 2024-03-22 03:11:41.399 +0800 - FINALIZE_SESSION
