[INFO] 2024-03-22 03:11:41.827 +0800 - ***********************************************************************************************
[INFO] 2024-03-22 03:11:41.829 +0800 - *********************************  Initialize task context  ***********************************
[INFO] 2024-03-22 03:11:41.829 +0800 - ***********************************************************************************************
[INFO] 2024-03-22 03:11:41.829 +0800 - Begin to initialize task
[INFO] 2024-03-22 03:11:41.830 +0800 - Set task startTime: 1711048301830
[INFO] 2024-03-22 03:11:41.830 +0800 - Set task appId: 87_272
[INFO] 2024-03-22 03:11:41.830 +0800 - End initialize task {
  "taskInstanceId" : 272,
  "taskName" : "sum of numbers",
  "firstSubmitTime" : 1711048301749,
  "startTime" : 1711048301830,
  "taskType" : "SHELL",
  "workflowInstanceHost" : "172.20.0.6:5678",
  "host" : "172.20.0.5:1234",
  "logPath" : "/opt/dolphinscheduler/logs/20240322/13003655208096/14/87/272.log",
  "processId" : 0,
  "processDefineCode" : 13003655208096,
  "processDefineVersion" : 14,
  "processInstanceId" : 87,
  "scheduleTime" : 0,
  "globalParams" : "[{\"prop\":\"num1\",\"direct\":\"IN\",\"type\":\"VARCHAR\",\"value\":\"0\"},{\"prop\":\"num2\",\"direct\":\"IN\",\"type\":\"VARCHAR\",\"value\":\"0\"}]",
  "executorId" : 1,
  "cmdTypeIfComplement" : 13,
  "tenantCode" : "default",
  "processDefineId" : 0,
  "projectId" : 0,
  "projectCode" : 13001194483488,
  "taskParams" : "{\"localParams\":[{\"prop\":\"output_sum\",\"direct\":\"OUT\",\"type\":\"VARCHAR\",\"value\":\"\"}],\"rawScript\":\"#!/bin/bash\\n\\n# Add the two numbers together\\nsum=$((${num1} + ${num2}))\\n\\n# Display the result\\necho \\\"The sum of ${num1} and ${num2} is: $sum\\\"\\n\\necho \\\"#{setValue(output_sum=${sum})}\\\"\",\"resourceList\":[]}",
  "prepareParamsMap" : {
    "system.task.definition.name" : {
      "prop" : "system.task.definition.name",
      "direct" : "IN",
      "type" : "VARCHAR",
      "value" : "sum of numbers"
    },
    "system.project.name" : {
      "prop" : "system.project.name",
      "direct" : "IN",
      "type" : "VARCHAR",
      "value" : null
    },
    "system.biz.curdate" : {
      "prop" : "system.biz.curdate",
      "direct" : "IN",
      "type" : "VARCHAR",
      "value" : "20240322"
    },
    "system.task.instance.id" : {
      "prop" : "system.task.instance.id",
      "direct" : "IN",
      "type" : "VARCHAR",
      "value" : "272"
    },
    "system.task.definition.code" : {
      "prop" : "system.task.definition.code",
      "direct" : "IN",
      "type" : "VARCHAR",
      "value" : "13006679698240"
    },
    "system.datetime" : {
      "prop" : "system.datetime",
      "direct" : "IN",
      "type" : "VARCHAR",
      "value" : "20240322031141"
    },
    "system.project.code" : {
      "prop" : "system.project.code",
      "direct" : "IN",
      "type" : "VARCHAR",
      "value" : "13001194483488"
    },
    "system.workflow.instance.id" : {
      "prop" : "system.workflow.instance.id",
      "direct" : "IN",
      "type" : "VARCHAR",
      "value" : "87"
    },
    "num1" : {
      "prop" : "num1",
      "direct" : "IN",
      "type" : "VARCHAR",
      "value" : "0"
    },
    "system.biz.date" : {
      "prop" : "system.biz.date",
      "direct" : "IN",
      "type" : "VARCHAR",
      "value" : "20240321"
    },
    "system.workflow.definition.name" : {
      "prop" : "system.workflow.definition.name",
      "direct" : "IN",
      "type" : "VARCHAR",
      "value" : "dynamic_task_subprocess"
    },
    "system.workflow.definition.code" : {
      "prop" : "system.workflow.definition.code",
      "direct" : "IN",
      "type" : "VARCHAR",
      "value" : "13003655208096"
    },
    "num2" : {
      "prop" : "num2",
      "direct" : "IN",
      "type" : "VARCHAR",
      "value" : "0"
    }
  },
  "taskAppId" : "87_272",
  "taskTimeout" : 2147483647,
  "workerGroup" : "default",
  "delayTime" : 0,
  "currentExecutionStatus" : "SUBMITTED_SUCCESS",
  "endTime" : 0,
  "dryRun" : 0,
  "paramsMap" : { },
  "cpuQuota" : -1,
  "memoryMax" : -1,
  "testFlag" : 0,
  "logBufferEnable" : false,
  "dispatchFailTimes" : 0
}
[INFO] 2024-03-22 03:11:41.831 +0800 - ***********************************************************************************************
[INFO] 2024-03-22 03:11:41.832 +0800 - *********************************  Load task instance plugin  *********************************
[INFO] 2024-03-22 03:11:41.832 +0800 - ***********************************************************************************************
[INFO] 2024-03-22 03:11:41.880 +0800 - Send task status RUNNING_EXECUTION master: 172.20.0.5:1234
[INFO] 2024-03-22 03:11:41.882 +0800 - TenantCode: default check successfully
[INFO] 2024-03-22 03:11:41.909 +0800 - WorkflowInstanceExecDir: /tmp/dolphinscheduler/exec/process/default/13001194483488/13003655208096_14/87/272 check successfully
[INFO] 2024-03-22 03:11:41.910 +0800 - Create TaskChannel: org.apache.dolphinscheduler.plugin.task.shell.ShellTaskChannel successfully
[INFO] 2024-03-22 03:11:41.914 +0800 - Download resources successfully: 
ResourceContext(resourceItemMap={})
[INFO] 2024-03-22 03:11:41.915 +0800 - Download upstream files: [] successfully
[INFO] 2024-03-22 03:11:41.926 +0800 - Task plugin instance: SHELL create successfully
[INFO] 2024-03-22 03:11:41.929 +0800 - Initialize shell task params {
  "localParams" : [ {
    "prop" : "output_sum",
    "direct" : "OUT",
    "type" : "VARCHAR",
    "value" : ""
  } ],
  "varPool" : null,
  "rawScript" : "#!/bin/bash\n\n# Add the two numbers together\nsum=$((${num1} + ${num2}))\n\n# Display the result\necho \"The sum of ${num1} and ${num2} is: $sum\"\n\necho \"#{setValue(output_sum=${sum})}\"",
  "resourceList" : [ ]
}
[INFO] 2024-03-22 03:11:41.929 +0800 - Success initialized task plugin instance successfully
[INFO] 2024-03-22 03:11:41.930 +0800 - Set taskVarPool: null successfully
[INFO] 2024-03-22 03:11:41.941 +0800 - ***********************************************************************************************
[INFO] 2024-03-22 03:11:41.942 +0800 - *********************************  Execute task instance  *************************************
[INFO] 2024-03-22 03:11:41.944 +0800 - ***********************************************************************************************
[INFO] 2024-03-22 03:11:41.945 +0800 - Final Shell file is: 
[INFO] 2024-03-22 03:11:41.950 +0800 - ****************************** Script Content *****************************************************************
[INFO] 2024-03-22 03:11:41.952 +0800 - #!/bin/bash
BASEDIR=$(cd `dirname $0`; pwd)
cd $BASEDIR
#!/bin/bash

# Add the two numbers together
sum=$((0 + 0))

# Display the result
echo "The sum of 0 and 0 is: $sum"

echo "#{setValue(output_sum=${sum})}"
[INFO] 2024-03-22 03:11:41.956 +0800 - ****************************** Script Content *****************************************************************
[INFO] 2024-03-22 03:11:41.957 +0800 - Executing shell command : sudo -u default -i /tmp/dolphinscheduler/exec/process/default/13001194483488/13003655208096_14/87/272/87_272.sh
[INFO] 2024-03-22 03:11:41.985 +0800 - process start, process id is: 6413
[INFO] 2024-03-22 03:11:42.985 +0800 -  -> 
	sudo: unable to change directory to /home/default: No such file or directory
	The sum of 0 and 0 is: 0
	#{setValue(output_sum=0)}
[INFO] 2024-03-22 03:11:42.989 +0800 - process has exited. execute path:/tmp/dolphinscheduler/exec/process/default/13001194483488/13003655208096_14/87/272, processId:6413 ,exitStatusCode:0 ,processWaitForStatus:true ,processExitValue:0
[INFO] 2024-03-22 03:11:42.990 +0800 - ***********************************************************************************************
[INFO] 2024-03-22 03:11:42.990 +0800 - *********************************  Finalize task instance  ************************************
[INFO] 2024-03-22 03:11:42.992 +0800 - ***********************************************************************************************
[INFO] 2024-03-22 03:11:42.992 +0800 - Upload output files: [] successfully
[INFO] 2024-03-22 03:11:42.996 +0800 - Send task execute status: SUCCESS to master : 172.20.0.5:1234
[INFO] 2024-03-22 03:11:42.997 +0800 - Remove the current task execute context from worker cache
[INFO] 2024-03-22 03:11:42.997 +0800 - The current execute mode isn't develop mode, will clear the task execute file: /tmp/dolphinscheduler/exec/process/default/13001194483488/13003655208096_14/87/272
[INFO] 2024-03-22 03:11:42.999 +0800 - Success clear the task execute file: /tmp/dolphinscheduler/exec/process/default/13001194483488/13003655208096_14/87/272
[INFO] 2024-03-22 03:11:42.999 +0800 - FINALIZE_SESSION
