[INFO] 2024-05-07 11:03:10.282 +0800 - ***********************************************************************************************
[INFO] 2024-05-07 11:03:10.285 +0800 - *********************************  Initialize task context  ***********************************
[INFO] 2024-05-07 11:03:10.285 +0800 - ***********************************************************************************************
[INFO] 2024-05-07 11:03:10.285 +0800 - Begin to initialize task
[INFO] 2024-05-07 11:03:10.285 +0800 - Set task startTime: 1715050990285
[INFO] 2024-05-07 11:03:10.285 +0800 - Set task appId: 1094_3993
[INFO] 2024-05-07 11:03:10.286 +0800 - End initialize task {
  "taskInstanceId" : 3993,
  "taskName" : "[null check] filtered data persistence",
  "firstSubmitTime" : 1715050990240,
  "startTime" : 1715050990285,
  "taskType" : "DATA_QUALITY",
  "workflowInstanceHost" : "172.18.0.14:5678",
  "host" : "172.18.1.1:1234",
  "logPath" : "/opt/dolphinscheduler/logs/20240507/13505298546272/21/1094/3993.log",
  "processId" : 0,
  "processDefineCode" : 13505298546272,
  "processDefineVersion" : 21,
  "processInstanceId" : 1094,
  "scheduleTime" : 0,
  "executorId" : 1,
  "cmdTypeIfComplement" : 7,
  "tenantCode" : "default",
  "processDefineId" : 0,
  "projectId" : 0,
  "projectCode" : 13001194483488,
  "taskParams" : "{\"localParams\":[],\"resourceList\":[],\"ruleId\":6,\"ruleInputParameter\":{\"check_type\":\"0\",\"comparison_type\":1,\"comparison_name\":\"0\",\"failure_strategy\":\"0\",\"operator\":\"0\",\"src_connector_type\":1,\"src_datasource_id\":6,\"src_database\":\"persistence\",\"src_field\":\"content\",\"src_table\":\"filtered_data_persistence\",\"threshold\":\"0\"},\"sparkParameters\":{\"deployMode\":\"local\",\"driverCores\":1,\"driverMemory\":\"512M\",\"executorCores\":1,\"executorMemory\":\"1G\",\"numExecutors\":1,\"others\":\"--conf spark.driver.extraJavaOptions=\\\"-Divy.cache.dir=/tmp -Divy.home=/tmp\\\" \\\\\\n--packages org.postgresql:postgresql:42.7.3\",\"yarnQueue\":\"\"}}",
  "environmentConfig" : "export SPARK_HOME=/opt/spark-3.5.1-bin-hadoop3\nexport JAVA_HOME=/opt/java/openjdk\nexport PYSPARK_DRIVER_PYTHON=/bin/python3.11\nexport PYSPARK_PYTHON=/bin/python3.11",
  "prepareParamsMap" : {
    "system.task.definition.name" : {
      "prop" : "system.task.definition.name",
      "direct" : "IN",
      "type" : "VARCHAR",
      "value" : "[null check] filtered data persistence"
    },
    "system.project.name" : {
      "prop" : "system.project.name",
      "direct" : "IN",
      "type" : "VARCHAR",
      "value" : null
    },
    "system.project.code" : {
      "prop" : "system.project.code",
      "direct" : "IN",
      "type" : "VARCHAR",
      "value" : "13001194483488"
    },
    "system.workflow.instance.id" : {
      "prop" : "system.workflow.instance.id",
      "direct" : "IN",
      "type" : "VARCHAR",
      "value" : "1094"
    },
    "system.biz.curdate" : {
      "prop" : "system.biz.curdate",
      "direct" : "IN",
      "type" : "VARCHAR",
      "value" : "20240507"
    },
    "system.biz.date" : {
      "prop" : "system.biz.date",
      "direct" : "IN",
      "type" : "VARCHAR",
      "value" : "20240506"
    },
    "system.task.instance.id" : {
      "prop" : "system.task.instance.id",
      "direct" : "IN",
      "type" : "VARCHAR",
      "value" : "3993"
    },
    "system.workflow.definition.name" : {
      "prop" : "system.workflow.definition.name",
      "direct" : "IN",
      "type" : "VARCHAR",
      "value" : "qualti_test"
    },
    "system.task.definition.code" : {
      "prop" : "system.task.definition.code",
      "direct" : "IN",
      "type" : "VARCHAR",
      "value" : "13505264408800"
    },
    "system.workflow.definition.code" : {
      "prop" : "system.workflow.definition.code",
      "direct" : "IN",
      "type" : "VARCHAR",
      "value" : "13505298546272"
    },
    "system.datetime" : {
      "prop" : "system.datetime",
      "direct" : "IN",
      "type" : "VARCHAR",
      "value" : "20240507110310"
    }
  },
  "taskAppId" : "1094_3993",
  "taskTimeout" : 2147483647,
  "workerGroup" : "default",
  "delayTime" : 0,
  "currentExecutionStatus" : "SUBMITTED_SUCCESS",
  "endTime" : 0,
  "dryRun" : 0,
  "paramsMap" : { },
  "dataQualityTaskExecutionContext" : {
    "ruleId" : 6,
    "ruleName" : "$t(uniqueness_check)",
    "ruleType" : 0,
    "ruleInputEntryList" : "[{\"id\":1,\"field\":\"src_connector_type\",\"type\":\"select\",\"title\":\"$t(src_connector_type)\",\"data\":\"\",\"options\":\"[{\\\"label\\\":\\\"HIVE\\\",\\\"value\\\":\\\"HIVE\\\"},{\\\"label\\\":\\\"JDBC\\\",\\\"value\\\":\\\"JDBC\\\"}]\",\"placeholder\":\"please select source connector type\",\"optionSourceType\":2,\"dataType\":2,\"inputType\":0,\"isShow\":true,\"canEdit\":true,\"isEmit\":true,\"isValidate\":false,\"valuesMap\":null,\"index\":1,\"createTime\":null,\"updateTime\":null},{\"id\":2,\"field\":\"src_datasource_id\",\"type\":\"select\",\"title\":\"$t(src_datasource_id)\",\"data\":\"\",\"options\":null,\"placeholder\":\"please select source datasource id\",\"optionSourceType\":1,\"dataType\":2,\"inputType\":0,\"isShow\":true,\"canEdit\":true,\"isEmit\":true,\"isValidate\":false,\"valuesMap\":null,\"index\":2,\"createTime\":null,\"updateTime\":null},{\"id\":30,\"field\":\"src_database\",\"type\":\"select\",\"title\":\"$t(src_database)\",\"data\":null,\"options\":null,\"placeholder\":\"Please select source database\",\"optionSourceType\":0,\"dataType\":0,\"inputType\":0,\"isShow\":true,\"canEdit\":true,\"isEmit\":true,\"isValidate\":true,\"valuesMap\":null,\"index\":2,\"createTime\":null,\"updateTime\":null},{\"id\":3,\"field\":\"src_table\",\"type\":\"select\",\"title\":\"$t(src_table)\",\"data\":null,\"options\":null,\"placeholder\":\"Please enter source table name\",\"optionSourceType\":0,\"dataType\":0,\"inputType\":0,\"isShow\":true,\"canEdit\":true,\"isEmit\":true,\"isValidate\":true,\"valuesMap\":null,\"index\":3,\"createTime\":null,\"updateTime\":null},{\"id\":4,\"field\":\"src_filter\",\"type\":\"input\",\"title\":\"$t(src_filter)\",\"data\":null,\"options\":null,\"placeholder\":\"Please enter filter expression\",\"optionSourceType\":0,\"dataType\":3,\"inputType\":0,\"isShow\":true,\"canEdit\":true,\"isEmit\":false,\"isValidate\":false,\"valuesMap\":null,\"index\":4,\"createTime\":null,\"updateTime\":null},{\"id\":5,\"field\":\"src_field\",\"type\":\"select\",\"title\":\"$t(src_field)\",\"data\":null,\"options\":null,\"placeholder\":\"Please enter column, only single column is supported\",\"optionSourceType\":0,\"dataType\":0,\"inputType\":0,\"isShow\":true,\"canEdit\":true,\"isEmit\":false,\"isValidate\":true,\"valuesMap\":null,\"index\":5,\"createTime\":null,\"updateTime\":null},{\"id\":6,\"field\":\"statistics_name\",\"type\":\"input\",\"title\":\"$t(statistics_name)\",\"data\":\"duplicate_count.duplicates\",\"options\":null,\"placeholder\":\"Please enter statistics name, the alias in statistics execute sql\",\"optionSourceType\":0,\"dataType\":0,\"inputType\":1,\"isShow\":false,\"canEdit\":false,\"isEmit\":false,\"isValidate\":true,\"valuesMap\":\"{\\\"statistics_name\\\":\\\"duplicate_count.duplicates\\\"}\",\"index\":6,\"createTime\":null,\"updateTime\":null},{\"id\":7,\"field\":\"check_type\",\"type\":\"select\",\"title\":\"$t(check_type)\",\"data\":\"0\",\"options\":\"[{\\\"label\\\":\\\"Expected - Actual\\\",\\\"value\\\":\\\"0\\\"},{\\\"label\\\":\\\"Actual - Expected\\\",\\\"value\\\":\\\"1\\\"},{\\\"label\\\":\\\"Actual / Expected\\\",\\\"value\\\":\\\"2\\\"},{\\\"label\\\":\\\"(Expected - Actual) / Expected\\\",\\\"value\\\":\\\"3\\\"}]\",\"placeholder\":\"please select check type\",\"optionSourceType\":0,\"dataType\":0,\"inputType\":3,\"isShow\":true,\"canEdit\":true,\"isEmit\":true,\"isValidate\":false,\"valuesMap\":null,\"index\":7,\"createTime\":null,\"updateTime\":null},{\"id\":8,\"field\":\"operator\",\"type\":\"select\",\"title\":\"$t(operator)\",\"data\":\"0\",\"options\":\"[{\\\"label\\\":\\\"=\\\",\\\"value\\\":\\\"0\\\"},{\\\"label\\\":\\\"<\\\",\\\"value\\\":\\\"1\\\"},{\\\"label\\\":\\\"<=\\\",\\\"value\\\":\\\"2\\\"},{\\\"label\\\":\\\">\\\",\\\"value\\\":\\\"3\\\"},{\\\"label\\\":\\\">=\\\",\\\"value\\\":\\\"4\\\"},{\\\"label\\\":\\\"!=\\\",\\\"value\\\":\\\"5\\\"}]\",\"placeholder\":\"please select operator\",\"optionSourceType\":0,\"dataType\":0,\"inputType\":3,\"isShow\":true,\"canEdit\":true,\"isEmit\":false,\"isValidate\":false,\"valuesMap\":null,\"index\":8,\"createTime\":null,\"updateTime\":null},{\"id\":9,\"field\":\"threshold\",\"type\":\"input\",\"title\":\"$t(threshold)\",\"data\":null,\"options\":null,\"placeholder\":\"Please enter threshold, number is needed\",\"optionSourceType\":0,\"dataType\":2,\"inputType\":3,\"isShow\":true,\"canEdit\":true,\"isEmit\":false,\"isValidate\":true,\"valuesMap\":null,\"index\":9,\"createTime\":null,\"updateTime\":null},{\"id\":10,\"field\":\"failure_strategy\",\"type\":\"select\",\"title\":\"$t(failure_strategy)\",\"data\":\"0\",\"options\":\"[{\\\"label\\\":\\\"Alert\\\",\\\"value\\\":\\\"0\\\"},{\\\"label\\\":\\\"Block\\\",\\\"value\\\":\\\"1\\\"}]\",\"placeholder\":\"please select failure strategy\",\"optionSourceType\":0,\"dataType\":0,\"inputType\":3,\"isShow\":true,\"canEdit\":true,\"isEmit\":false,\"isValidate\":false,\"valuesMap\":null,\"index\":10,\"createTime\":null,\"updateTime\":null},{\"id\":17,\"field\":\"comparison_name\",\"type\":\"input\",\"title\":\"$t(comparison_name)\",\"data\":null,\"options\":null,\"placeholder\":\"Please enter comparison name, the alias in comparison execute sql\",\"optionSourceType\":0,\"dataType\":0,\"inputType\":0,\"isShow\":false,\"canEdit\":false,\"isEmit\":false,\"isValidate\":true,\"valuesMap\":\"\",\"index\":11,\"createTime\":null,\"updateTime\":null},{\"id\":19,\"field\":\"comparison_type\",\"type\":\"select\",\"title\":\"$t(comparison_type)\",\"data\":\"\",\"options\":null,\"placeholder\":\"Please enter comparison title\",\"optionSourceType\":3,\"dataType\":0,\"inputType\":2,\"isShow\":true,\"canEdit\":false,\"isEmit\":true,\"isValidate\":false,\"valuesMap\":null,\"index\":12,\"createTime\":null,\"updateTime\":null}]",
    "executeSqlList" : "[{\"id\":6,\"index\":1,\"sql\":\"SELECT ${src_field} FROM ${src_table} group by ${src_field} having count(*) > 1\",\"tableAlias\":\"duplicate_items\",\"type\":0,\"createTime\":\"2021-03-03 11:31:24\",\"updateTime\":\"2021-03-03 11:31:24\",\"errorOutputSql\":true},{\"id\":7,\"index\":1,\"sql\":\"SELECT COUNT(*) AS duplicates FROM duplicate_items\",\"tableAlias\":\"duplicate_count\",\"type\":1,\"createTime\":\"2021-03-03 11:31:24\",\"updateTime\":\"2021-03-03 11:31:24\",\"errorOutputSql\":false}]",
    "comparisonNeedStatisticsValueTable" : false,
    "compareWithFixedValue" : true,
    "hdfsPath" : "hdfs://mycluster:8020/user/default/data_quality_error_data",
    "sourceConnectorType" : "JDBC",
    "sourceType" : 1,
    "sourceConnectionParams" : "{\"user\":\"root\",\"password\":\"****\",\"address\":\"jdbc:postgresql://dolphinscheduler-postgresql:5432\",\"database\":\"persistence\",\"jdbcUrl\":\"jdbc:postgresql://dolphinscheduler-postgresql:5432/persistence\",\"driverClassName\":\"org.postgresql.Driver\",\"validationQuery\":\"select version()\",\"other\":{\"password\":\"****\"}}",
    "targetConnectorType" : null,
    "targetType" : 0,
    "targetConnectionParams" : null,
    "writerConnectorType" : "JDBC",
    "writerType" : 1,
    "writerTable" : "t_ds_dq_execute_result",
    "writerConnectionParams" : "{\"user\":\"root\",\"password\":\"****\",\"address\":\"jdbc:postgresql://dolphinscheduler-postgresql:5432\",\"database\":\"dolphinscheduler\",\"jdbcUrl\":\"jdbc:postgresql://dolphinscheduler-postgresql:5432/dolphinscheduler\"}",
    "statisticsValueConnectorType" : "JDBC",
    "statisticsValueType" : 1,
    "statisticsValueTable" : "t_ds_dq_task_statistics_value",
    "statisticsValueWriterConnectionParams" : "{\"user\":\"root\",\"password\":\"****\",\"address\":\"jdbc:postgresql://dolphinscheduler-postgresql:5432\",\"database\":\"dolphinscheduler\",\"jdbcUrl\":\"jdbc:postgresql://dolphinscheduler-postgresql:5432/dolphinscheduler\"}"
  },
  "cpuQuota" : -1,
  "memoryMax" : -1,
  "testFlag" : 0,
  "logBufferEnable" : false,
  "dispatchFailTimes" : 0
}
[INFO] 2024-05-07 11:03:10.287 +0800 - ***********************************************************************************************
[INFO] 2024-05-07 11:03:10.287 +0800 - *********************************  Load task instance plugin  *********************************
[INFO] 2024-05-07 11:03:10.288 +0800 - ***********************************************************************************************
[INFO] 2024-05-07 11:03:10.307 +0800 - Send task status RUNNING_EXECUTION master: 172.18.1.1:1234
[INFO] 2024-05-07 11:03:10.307 +0800 - TenantCode: default check successfully
[INFO] 2024-05-07 11:03:10.308 +0800 - WorkflowInstanceExecDir: /tmp/dolphinscheduler/exec/process/default/13001194483488/13505298546272_21/1094/3993 check successfully
[INFO] 2024-05-07 11:03:10.308 +0800 - Create TaskChannel: org.apache.dolphinscheduler.plugin.task.dq.DataQualityTaskChannel successfully
[INFO] 2024-05-07 11:03:10.308 +0800 - Download resources successfully: 
ResourceContext(resourceItemMap={})
[INFO] 2024-05-07 11:03:10.309 +0800 - Download upstream files: [] successfully
[INFO] 2024-05-07 11:03:10.312 +0800 - Task plugin instance: DATA_QUALITY create successfully
[INFO] 2024-05-07 11:03:10.312 +0800 - Initialize data quality task params {
  "localParams" : [ ],
  "varPool" : null,
  "ruleId" : 6,
  "ruleInputParameter" : {
    "check_type" : "0",
    "comparison_type" : "1",
    "comparison_name" : "0",
    "failure_strategy" : "0",
    "operator" : "0",
    "src_connector_type" : "1",
    "src_datasource_id" : "6",
    "src_database" : "persistence",
    "src_field" : "content",
    "src_table" : "filtered_data_persistence",
    "threshold" : "0"
  },
  "sparkParameters" : {
    "localParams" : null,
    "varPool" : null,
    "mainJar" : null,
    "mainClass" : null,
    "deployMode" : "local",
    "mainArgs" : null,
    "driverCores" : 1,
    "driverMemory" : "512M",
    "numExecutors" : 1,
    "executorCores" : 1,
    "executorMemory" : "1G",
    "appName" : null,
    "yarnQueue" : "",
    "others" : "--conf spark.driver.extraJavaOptions=\"-Divy.cache.dir=/tmp -Divy.home=/tmp\" \\\n--packages org.postgresql:postgresql:42.7.3",
    "programType" : null,
    "resourceList" : [ ]
  }
}
[INFO] 2024-05-07 11:03:10.329 +0800 - data quality configuration: {
  "name" : "$t(uniqueness_check)",
  "env" : {
    "type" : "batch",
    "config" : null
  },
  "readers" : [ {
    "type" : "JDBC",
    "config" : {
      "database" : "persistence",
      "password" : "****",
      "driver" : "org.postgresql.Driver",
      "user" : "root",
      "output_table" : "persistence_filtered_data_persistence",
      "table" : "filtered_data_persistence",
      "url" : "jdbc:postgresql://dolphinscheduler-postgresql:5432/persistence?password=root"
    }
  } ],
  "transformers" : [ {
    "type" : "sql",
    "config" : {
      "index" : 1,
      "output_table" : "duplicate_items",
      "sql" : "SELECT content FROM persistence_filtered_data_persistence group by content having count(*) > 1"
    }
  }, {
    "type" : "sql",
    "config" : {
      "index" : 2,
      "output_table" : "duplicate_count",
      "sql" : "SELECT COUNT(*) AS duplicates FROM duplicate_items"
    }
  } ],
  "writers" : [ {
    "type" : "JDBC",
    "config" : {
      "database" : "dolphinscheduler",
      "password" : "****",
      "driver" : "org.postgresql.Driver",
      "user" : "root",
      "table" : "t_ds_dq_execute_result",
      "url" : "jdbc:postgresql://dolphinscheduler-postgresql:5432/dolphinscheduler",
      "sql" : "select 0 as rule_type,'$t(uniqueness_check)' as rule_name,0 as process_definition_id,1094 as process_instance_id,3993 as task_instance_id,duplicate_count.duplicates AS statistics_value,0 AS comparison_value,1 AS comparison_type,0 as check_type,0 as threshold,0 as operator,0 as failure_strategy,'hdfs://mycluster:8020/user/default/data_quality_error_data/0_1094_[null check] filtered data persistence' as error_output_path,'2024-05-07 11:03:10' as create_time,'2024-05-07 11:03:10' as update_time from duplicate_count "
    }
  }, {
    "type" : "JDBC",
    "config" : {
      "database" : "dolphinscheduler",
      "password" : "****",
      "driver" : "org.postgresql.Driver",
      "user" : "root",
      "table" : "t_ds_dq_task_statistics_value",
      "url" : "jdbc:postgresql://dolphinscheduler-postgresql:5432/dolphinscheduler",
      "sql" : "select 0 as process_definition_id,3993 as task_instance_id,6 as rule_id,'KA0AXXWVHWW+GZX4BPZXFGFZ0F0OYMUQ+BVYG4+ZIKG=' as unique_code,'duplicate_count.duplicates'AS statistics_name,duplicate_count.duplicates AS statistics_value,'2024-05-07 11:03:10' as data_time,'2024-05-07 11:03:10' as create_time,'2024-05-07 11:03:10' as update_time from duplicate_count"
    }
  }, {
    "type" : "hdfs_file",
    "config" : {
      "path" : "hdfs://mycluster:8020/user/default/data_quality_error_data/0_1094_[null check] filtered data persistence",
      "input_table" : "duplicate_items"
    }
  } ]
}
[INFO] 2024-05-07 11:03:10.332 +0800 - Trying to get data quality jar in path
[INFO] 2024-05-07 11:03:10.332 +0800 - Success initialized task plugin instance successfully
[INFO] 2024-05-07 11:03:10.332 +0800 - Set taskVarPool: null successfully
[INFO] 2024-05-07 11:03:10.332 +0800 - ***********************************************************************************************
[INFO] 2024-05-07 11:03:10.332 +0800 - *********************************  Execute task instance  *************************************
[INFO] 2024-05-07 11:03:10.332 +0800 - ***********************************************************************************************
[INFO] 2024-05-07 11:03:10.336 +0800 - Final Shell file is: 
[INFO] 2024-05-07 11:03:10.336 +0800 - ****************************** Script Content *****************************************************************
[INFO] 2024-05-07 11:03:10.336 +0800 - #!/bin/bash
BASEDIR=$(cd `dirname $0`; pwd)
cd $BASEDIR
export SPARK_HOME=/opt/spark-3.5.1-bin-hadoop3
export JAVA_HOME=/opt/java/openjdk
export PYSPARK_DRIVER_PYTHON=/bin/python3.11
export PYSPARK_PYTHON=/bin/python3.11
${SPARK_HOME}/bin/spark-submit --master local --driver-cores 1 --driver-memory 512M --num-executors 1 --executor-cores 1 --executor-memory 1G --conf spark.driver.extraJavaOptions="-Divy.cache.dir=/tmp -Divy.home=/tmp" \
--packages org.postgresql:postgresql:42.7.3 /opt/dolphinscheduler/conf/../libs/dolphinscheduler-data-quality-3.2.1.jar "{\"name\":\"$t(uniqueness_check)\",\"env\":{\"type\":\"batch\",\"config\":null},\"readers\":[{\"type\":\"JDBC\",\"config\":{\"database\":\"persistence\",\"password\":\"****\",\"driver\":\"org.postgresql.Driver\",\"user\":\"root\",\"output_table\":\"persistence_filtered_data_persistence\",\"table\":\"filtered_data_persistence\",\"url\":\"jdbc:postgresql://dolphinscheduler-postgresql:5432/persistence?password=root\"} }],\"transformers\":[{\"type\":\"sql\",\"config\":{\"index\":1,\"output_table\":\"duplicate_items\",\"sql\":\"SELECT content FROM persistence_filtered_data_persistence group by content having count(*) > 1\"} },{\"type\":\"sql\",\"config\":{\"index\":2,\"output_table\":\"duplicate_count\",\"sql\":\"SELECT COUNT(*) AS duplicates FROM duplicate_items\"} }],\"writers\":[{\"type\":\"JDBC\",\"config\":{\"database\":\"dolphinscheduler\",\"password\":\"****\",\"driver\":\"org.postgresql.Driver\",\"user\":\"root\",\"table\":\"t_ds_dq_execute_result\",\"url\":\"jdbc:postgresql://dolphinscheduler-postgresql:5432/dolphinscheduler\",\"sql\":\"select 0 as rule_type,'$t(uniqueness_check)' as rule_name,0 as process_definition_id,1094 as process_instance_id,3993 as task_instance_id,duplicate_count.duplicates AS statistics_value,0 AS comparison_value,1 AS comparison_type,0 as check_type,0 as threshold,0 as operator,0 as failure_strategy,'hdfs://mycluster:8020/user/default/data_quality_error_data/0_1094_[null check] filtered data persistence' as error_output_path,'2024-05-07 11:03:10' as create_time,'2024-05-07 11:03:10' as update_time from duplicate_count \"} },{\"type\":\"JDBC\",\"config\":{\"database\":\"dolphinscheduler\",\"password\":\"****\",\"driver\":\"org.postgresql.Driver\",\"user\":\"root\",\"table\":\"t_ds_dq_task_statistics_value\",\"url\":\"jdbc:postgresql://dolphinscheduler-postgresql:5432/dolphinscheduler\",\"sql\":\"select 0 as process_definition_id,3993 as task_instance_id,6 as rule_id,'KA0AXXWVHWW+GZX4BPZXFGFZ0F0OYMUQ+BVYG4+ZIKG=' as unique_code,'duplicate_count.duplicates'AS statistics_name,duplicate_count.duplicates AS statistics_value,'2024-05-07 11:03:10' as data_time,'2024-05-07 11:03:10' as create_time,'2024-05-07 11:03:10' as update_time from duplicate_count\"} },{\"type\":\"hdfs_file\",\"config\":{\"path\":\"hdfs://mycluster:8020/user/default/data_quality_error_data/0_1094_[null check] filtered data persistence\",\"input_table\":\"duplicate_items\"} }]}"
[INFO] 2024-05-07 11:03:10.336 +0800 - ****************************** Script Content *****************************************************************
[INFO] 2024-05-07 11:03:10.336 +0800 - Executing shell command : sudo -u default -i /tmp/dolphinscheduler/exec/process/default/13001194483488/13505298546272_21/1094/3993/1094_3993.sh
[INFO] 2024-05-07 11:03:10.362 +0800 - process start, process id is: 520
[INFO] 2024-05-07 11:03:10.363 +0800 -  -> 
	sudo: unable to change directory to /home/default: No such file or directory
[INFO] 2024-05-07 11:03:13.381 +0800 -  -> 
	:: loading settings :: url = jar:file:/opt/spark-3.5.1-bin-hadoop3/jars/ivy-2.5.1.jar!/org/apache/ivy/core/settings/ivysettings.xml
	Ivy Default Cache set to: /tmp
	The jars for the packages stored in: /tmp/jars
	org.postgresql#postgresql added as a dependency
	:: resolving dependencies :: org.apache.spark#spark-submit-parent-29486e8f-448a-4df9-b138-dc4801fb3120;1.0
		confs: [default]
[INFO] 2024-05-07 11:03:14.383 +0800 -  -> 
		found org.postgresql#postgresql;42.7.3 in central
		found org.checkerframework#checker-qual;3.42.0 in central
	:: resolution report :: resolve 253ms :: artifacts dl 9ms
		:: modules in use:
		org.checkerframework#checker-qual;3.42.0 from central in [default]
		org.postgresql#postgresql;42.7.3 from central in [default]
		---------------------------------------------------------------------
		|                  |            modules            ||   artifacts   |
		|       conf       | number| search|dwnlded|evicted|| number|dwnlded|
		---------------------------------------------------------------------
		|      default     |   2   |   0   |   0   |   0   ||   2   |   0   |
		---------------------------------------------------------------------
	:: retrieving :: org.apache.spark#spark-submit-parent-29486e8f-448a-4df9-b138-dc4801fb3120
		confs: [default]
		0 artifacts copied, 2 already retrieved (0kB/7ms)
	24/05/07 11:03:14 WARN NativeCodeLoader: Unable to load native-hadoop library for your platform... using builtin-java classes where applicable
[INFO] 2024-05-07 11:03:15.387 +0800 -  -> 
	24/05/07 11:03:15 INFO SparkContext: Running Spark version 3.5.1
	24/05/07 11:03:15 INFO SparkContext: OS info Linux, 6.5.0-28-generic, amd64
	24/05/07 11:03:15 INFO SparkContext: Java version 1.8.0_402
	24/05/07 11:03:15 INFO ResourceUtils: ==============================================================
	24/05/07 11:03:15 INFO ResourceUtils: No custom resources configured for spark.driver.
	24/05/07 11:03:15 INFO ResourceUtils: ==============================================================
	24/05/07 11:03:15 INFO SparkContext: Submitted application: (uniqueness_check)
	24/05/07 11:03:15 INFO ResourceProfile: Default ResourceProfile created, executor resources: Map(cores -> name: cores, amount: 1, script: , vendor: , memory -> name: memory, amount: 1024, script: , vendor: , offHeap -> name: offHeap, amount: 0, script: , vendor: ), task resources: Map(cpus -> name: cpus, amount: 1.0)
	24/05/07 11:03:15 INFO ResourceProfile: Limiting resource is cpu
	24/05/07 11:03:15 INFO ResourceProfileManager: Added ResourceProfile id: 0
	24/05/07 11:03:15 INFO SecurityManager: Changing view acls to: default
	24/05/07 11:03:15 INFO SecurityManager: Changing modify acls to: default
	24/05/07 11:03:15 INFO SecurityManager: Changing view acls groups to: 
	24/05/07 11:03:15 INFO SecurityManager: Changing modify acls groups to: 
	24/05/07 11:03:15 INFO SecurityManager: SecurityManager: authentication disabled; ui acls disabled; users with view permissions: default; groups with view permissions: EMPTY; users with modify permissions: default; groups with modify permissions: EMPTY
[INFO] 2024-05-07 11:03:16.389 +0800 -  -> 
	24/05/07 11:03:15 INFO Utils: Successfully started service 'sparkDriver' on port 34847.
	24/05/07 11:03:15 INFO SparkEnv: Registering MapOutputTracker
	24/05/07 11:03:15 INFO SparkEnv: Registering BlockManagerMaster
	24/05/07 11:03:15 INFO BlockManagerMasterEndpoint: Using org.apache.spark.storage.DefaultTopologyMapper for getting topology information
	24/05/07 11:03:15 INFO BlockManagerMasterEndpoint: BlockManagerMasterEndpoint up
	24/05/07 11:03:15 INFO SparkEnv: Registering BlockManagerMasterHeartbeat
	24/05/07 11:03:15 INFO DiskBlockManager: Created local directory at /tmp/blockmgr-8c2e57fe-456f-4f7b-9105-dd0c676e25c5
	24/05/07 11:03:15 INFO MemoryStore: MemoryStore started with capacity 93.3 MiB
	24/05/07 11:03:15 INFO SparkEnv: Registering OutputCommitCoordinator
	24/05/07 11:03:15 INFO JettyUtils: Start Jetty 0.0.0.0:4040 for SparkUI
	24/05/07 11:03:16 INFO Utils: Successfully started service 'SparkUI' on port 4040.
	24/05/07 11:03:16 INFO SparkContext: Added JAR file:///tmp/jars/org.postgresql_postgresql-42.7.3.jar at spark://56042a532902:34847/jars/org.postgresql_postgresql-42.7.3.jar with timestamp 1715050995055
	24/05/07 11:03:16 INFO SparkContext: Added JAR file:///tmp/jars/org.checkerframework_checker-qual-3.42.0.jar at spark://56042a532902:34847/jars/org.checkerframework_checker-qual-3.42.0.jar with timestamp 1715050995055
	24/05/07 11:03:16 INFO SparkContext: Added JAR file:/opt/dolphinscheduler/libs/dolphinscheduler-data-quality-3.2.1.jar at spark://56042a532902:34847/jars/dolphinscheduler-data-quality-3.2.1.jar with timestamp 1715050995055
	24/05/07 11:03:16 INFO Executor: Starting executor ID driver on host 56042a532902
	24/05/07 11:03:16 INFO Executor: OS info Linux, 6.5.0-28-generic, amd64
	24/05/07 11:03:16 INFO Executor: Java version 1.8.0_402
	24/05/07 11:03:16 INFO Executor: Starting executor with user classpath (userClassPathFirst = false): ''
	24/05/07 11:03:16 INFO Executor: Created or updated repl class loader org.apache.spark.util.MutableURLClassLoader@698fee9a for default.
	24/05/07 11:03:16 INFO Executor: Fetching spark://56042a532902:34847/jars/org.postgresql_postgresql-42.7.3.jar with timestamp 1715050995055
[INFO] 2024-05-07 11:03:17.393 +0800 -  -> 
	24/05/07 11:03:16 INFO TransportClientFactory: Successfully created connection to 56042a532902/172.18.1.1:34847 after 113 ms (0 ms spent in bootstraps)
	24/05/07 11:03:16 INFO Utils: Fetching spark://56042a532902:34847/jars/org.postgresql_postgresql-42.7.3.jar to /tmp/spark-565beb51-261d-40c3-b907-5af56a6f1a69/userFiles-1b1bcd68-24b4-4c4e-a725-ca068b55cd69/fetchFileTemp8978746998192090661.tmp
	24/05/07 11:03:16 INFO Executor: Adding file:/tmp/spark-565beb51-261d-40c3-b907-5af56a6f1a69/userFiles-1b1bcd68-24b4-4c4e-a725-ca068b55cd69/org.postgresql_postgresql-42.7.3.jar to class loader default
	24/05/07 11:03:16 INFO Executor: Fetching spark://56042a532902:34847/jars/dolphinscheduler-data-quality-3.2.1.jar with timestamp 1715050995055
	24/05/07 11:03:16 INFO Utils: Fetching spark://56042a532902:34847/jars/dolphinscheduler-data-quality-3.2.1.jar to /tmp/spark-565beb51-261d-40c3-b907-5af56a6f1a69/userFiles-1b1bcd68-24b4-4c4e-a725-ca068b55cd69/fetchFileTemp609550753752240065.tmp
	24/05/07 11:03:16 INFO Executor: Adding file:/tmp/spark-565beb51-261d-40c3-b907-5af56a6f1a69/userFiles-1b1bcd68-24b4-4c4e-a725-ca068b55cd69/dolphinscheduler-data-quality-3.2.1.jar to class loader default
	24/05/07 11:03:16 INFO Executor: Fetching spark://56042a532902:34847/jars/org.checkerframework_checker-qual-3.42.0.jar with timestamp 1715050995055
	24/05/07 11:03:16 INFO Utils: Fetching spark://56042a532902:34847/jars/org.checkerframework_checker-qual-3.42.0.jar to /tmp/spark-565beb51-261d-40c3-b907-5af56a6f1a69/userFiles-1b1bcd68-24b4-4c4e-a725-ca068b55cd69/fetchFileTemp3148170018336124396.tmp
	24/05/07 11:03:16 INFO Executor: Adding file:/tmp/spark-565beb51-261d-40c3-b907-5af56a6f1a69/userFiles-1b1bcd68-24b4-4c4e-a725-ca068b55cd69/org.checkerframework_checker-qual-3.42.0.jar to class loader default
	24/05/07 11:03:16 INFO Utils: Successfully started service 'org.apache.spark.network.netty.NettyBlockTransferService' on port 45923.
	24/05/07 11:03:16 INFO NettyBlockTransferService: Server created on 56042a532902:45923
	24/05/07 11:03:16 INFO BlockManager: Using org.apache.spark.storage.RandomBlockReplicationPolicy for block replication policy
	24/05/07 11:03:16 INFO BlockManagerMaster: Registering BlockManager BlockManagerId(driver, 56042a532902, 45923, None)
	24/05/07 11:03:16 INFO BlockManagerMasterEndpoint: Registering block manager 56042a532902:45923 with 93.3 MiB RAM, BlockManagerId(driver, 56042a532902, 45923, None)
	24/05/07 11:03:16 INFO BlockManagerMaster: Registered BlockManager BlockManagerId(driver, 56042a532902, 45923, None)
	24/05/07 11:03:16 INFO BlockManager: Initialized BlockManager: BlockManagerId(driver, 56042a532902, 45923, None)
	24/05/07 11:03:17 INFO SharedState: Setting hive.metastore.warehouse.dir ('null') to the value of spark.sql.warehouse.dir.
	24/05/07 11:03:17 INFO SharedState: Warehouse path is 'file:/tmp/dolphinscheduler/exec/process/default/13001194483488/13505298546272_21/1094/3993/spark-warehouse'.
[INFO] 2024-05-07 11:03:23.442 +0800 -  -> 
	24/05/07 11:03:23 WARN SparkStringUtils: Truncated the string representation of a plan since it was too large. This behavior can be adjusted by setting 'spark.sql.debug.maxToStringFields'.
[INFO] 2024-05-07 11:03:25.458 +0800 -  -> 
	24/05/07 11:03:24 INFO CodeGenerator: Code generated in 514.657865 ms
	24/05/07 11:03:24 INFO DAGScheduler: Registering RDD 2 (save at JdbcWriter.java:87) as input to shuffle 0
	24/05/07 11:03:24 INFO DAGScheduler: Got map stage job 0 (save at JdbcWriter.java:87) with 1 output partitions
	24/05/07 11:03:24 INFO DAGScheduler: Final stage: ShuffleMapStage 0 (save at JdbcWriter.java:87)
	24/05/07 11:03:24 INFO DAGScheduler: Parents of final stage: List()
	24/05/07 11:03:24 INFO DAGScheduler: Missing parents: List()
	24/05/07 11:03:24 INFO DAGScheduler: Submitting ShuffleMapStage 0 (MapPartitionsRDD[2] at save at JdbcWriter.java:87), which has no missing parents
	24/05/07 11:03:25 INFO MemoryStore: Block broadcast_0 stored as values in memory (estimated size 34.8 KiB, free 93.3 MiB)
	24/05/07 11:03:25 INFO MemoryStore: Block broadcast_0_piece0 stored as bytes in memory (estimated size 16.4 KiB, free 93.3 MiB)
	24/05/07 11:03:25 INFO BlockManagerInfo: Added broadcast_0_piece0 in memory on 56042a532902:45923 (size: 16.4 KiB, free: 93.3 MiB)
	24/05/07 11:03:25 INFO SparkContext: Created broadcast 0 from broadcast at DAGScheduler.scala:1585
	24/05/07 11:03:25 INFO DAGScheduler: Submitting 1 missing tasks from ShuffleMapStage 0 (MapPartitionsRDD[2] at save at JdbcWriter.java:87) (first 15 tasks are for partitions Vector(0))
	24/05/07 11:03:25 INFO TaskSchedulerImpl: Adding task set 0.0 with 1 tasks resource profile 0
	24/05/07 11:03:25 INFO TaskSetManager: Starting task 0.0 in stage 0.0 (TID 0) (56042a532902, executor driver, partition 0, PROCESS_LOCAL, 7878 bytes) 
	24/05/07 11:03:25 INFO Executor: Running task 0.0 in stage 0.0 (TID 0)
[INFO] 2024-05-07 11:03:26.463 +0800 -  -> 
	24/05/07 11:03:25 INFO CodeGenerator: Code generated in 119.905651 ms
	24/05/07 11:03:26 INFO CodeGenerator: Code generated in 40.081367 ms
	24/05/07 11:03:26 INFO CodeGenerator: Code generated in 30.212256 ms
	24/05/07 11:03:26 INFO CodeGenerator: Code generated in 10.541282 ms
	24/05/07 11:03:26 INFO CodeGenerator: Code generated in 28.039992 ms
	24/05/07 11:03:26 INFO JDBCRDD: closed connection
[INFO] 2024-05-07 11:03:27.465 +0800 -  -> 
	24/05/07 11:03:26 INFO Executor: Finished task 0.0 in stage 0.0 (TID 0). 2534 bytes result sent to driver
	24/05/07 11:03:26 INFO TaskSetManager: Finished task 0.0 in stage 0.0 (TID 0) in 1287 ms on 56042a532902 (executor driver) (1/1)
	24/05/07 11:03:26 INFO TaskSchedulerImpl: Removed TaskSet 0.0, whose tasks have all completed, from pool 
	24/05/07 11:03:26 INFO DAGScheduler: ShuffleMapStage 0 (save at JdbcWriter.java:87) finished in 1.643 s
	24/05/07 11:03:26 INFO DAGScheduler: looking for newly runnable stages
	24/05/07 11:03:26 INFO DAGScheduler: running: Set()
	24/05/07 11:03:26 INFO DAGScheduler: waiting: Set()
	24/05/07 11:03:26 INFO DAGScheduler: failed: Set()
	24/05/07 11:03:26 INFO ShufflePartitionsUtil: For shuffle(0), advisory target size: 67108864, actual target size 1048576, minimum partition size: 1048576
	24/05/07 11:03:26 INFO HashAggregateExec: spark.sql.codegen.aggregate.map.twolevel.enabled is set to true, but current version of codegened fast hashmap does not support this aggregate.
	24/05/07 11:03:26 INFO CodeGenerator: Code generated in 38.871799 ms
	24/05/07 11:03:26 INFO DAGScheduler: Registering RDD 5 (save at JdbcWriter.java:87) as input to shuffle 1
	24/05/07 11:03:26 INFO DAGScheduler: Got map stage job 1 (save at JdbcWriter.java:87) with 1 output partitions
	24/05/07 11:03:26 INFO DAGScheduler: Final stage: ShuffleMapStage 2 (save at JdbcWriter.java:87)
	24/05/07 11:03:26 INFO DAGScheduler: Parents of final stage: List(ShuffleMapStage 1)
	24/05/07 11:03:26 INFO DAGScheduler: Missing parents: List()
	24/05/07 11:03:26 INFO DAGScheduler: Submitting ShuffleMapStage 2 (MapPartitionsRDD[5] at save at JdbcWriter.java:87), which has no missing parents
	24/05/07 11:03:27 INFO MemoryStore: Block broadcast_1 stored as values in memory (estimated size 40.5 KiB, free 93.2 MiB)
	24/05/07 11:03:27 INFO MemoryStore: Block broadcast_1_piece0 stored as bytes in memory (estimated size 19.1 KiB, free 93.2 MiB)
	24/05/07 11:03:27 INFO BlockManagerInfo: Added broadcast_1_piece0 in memory on 56042a532902:45923 (size: 19.1 KiB, free: 93.3 MiB)
	24/05/07 11:03:27 INFO SparkContext: Created broadcast 1 from broadcast at DAGScheduler.scala:1585
	24/05/07 11:03:27 INFO DAGScheduler: Submitting 1 missing tasks from ShuffleMapStage 2 (MapPartitionsRDD[5] at save at JdbcWriter.java:87) (first 15 tasks are for partitions Vector(0))
	24/05/07 11:03:27 INFO TaskSchedulerImpl: Adding task set 2.0 with 1 tasks resource profile 0
	24/05/07 11:03:27 INFO TaskSetManager: Starting task 0.0 in stage 2.0 (TID 1) (56042a532902, executor driver, partition 0, NODE_LOCAL, 8032 bytes) 
	24/05/07 11:03:27 INFO Executor: Running task 0.0 in stage 2.0 (TID 1)
	24/05/07 11:03:27 INFO ShuffleBlockFetcherIterator: Getting 1 (2.9 KiB) non-empty blocks including 1 (2.9 KiB) local and 0 (0.0 B) host-local and 0 (0.0 B) push-merged-local and 0 (0.0 B) remote blocks
	24/05/07 11:03:27 INFO ShuffleBlockFetcherIterator: Started 0 remote fetches in 25 ms
	24/05/07 11:03:27 INFO CodeGenerator: Code generated in 44.708058 ms
	24/05/07 11:03:27 INFO Executor: Finished task 0.0 in stage 2.0 (TID 1). 5420 bytes result sent to driver
	24/05/07 11:03:27 INFO TaskSetManager: Finished task 0.0 in stage 2.0 (TID 1) in 167 ms on 56042a532902 (executor driver) (1/1)
	24/05/07 11:03:27 INFO TaskSchedulerImpl: Removed TaskSet 2.0, whose tasks have all completed, from pool 
	24/05/07 11:03:27 INFO DAGScheduler: ShuffleMapStage 2 (save at JdbcWriter.java:87) finished in 0.185 s
	24/05/07 11:03:27 INFO DAGScheduler: looking for newly runnable stages
	24/05/07 11:03:27 INFO DAGScheduler: running: Set()
	24/05/07 11:03:27 INFO DAGScheduler: waiting: Set()
	24/05/07 11:03:27 INFO DAGScheduler: failed: Set()
	24/05/07 11:03:27 INFO CodeGenerator: Code generated in 9.503342 ms
	24/05/07 11:03:27 INFO SparkContext: Starting job: save at JdbcWriter.java:87
	24/05/07 11:03:27 INFO DAGScheduler: Got job 2 (save at JdbcWriter.java:87) with 1 output partitions
	24/05/07 11:03:27 INFO DAGScheduler: Final stage: ResultStage 5 (save at JdbcWriter.java:87)
	24/05/07 11:03:27 INFO DAGScheduler: Parents of final stage: List(ShuffleMapStage 4)
	24/05/07 11:03:27 INFO DAGScheduler: Missing parents: List()
	24/05/07 11:03:27 INFO DAGScheduler: Submitting ResultStage 5 (MapPartitionsRDD[10] at save at JdbcWriter.java:87), which has no missing parents
[INFO] 2024-05-07 11:03:28.467 +0800 -  -> 
	24/05/07 11:03:27 INFO MemoryStore: Block broadcast_2 stored as values in memory (estimated size 51.4 KiB, free 93.1 MiB)
	24/05/07 11:03:27 INFO MemoryStore: Block broadcast_2_piece0 stored as bytes in memory (estimated size 23.0 KiB, free 93.1 MiB)
	24/05/07 11:03:27 INFO BlockManagerInfo: Added broadcast_2_piece0 in memory on 56042a532902:45923 (size: 23.0 KiB, free: 93.2 MiB)
	24/05/07 11:03:27 INFO SparkContext: Created broadcast 2 from broadcast at DAGScheduler.scala:1585
	24/05/07 11:03:27 INFO DAGScheduler: Submitting 1 missing tasks from ResultStage 5 (MapPartitionsRDD[10] at save at JdbcWriter.java:87) (first 15 tasks are for partitions Vector(0))
	24/05/07 11:03:27 INFO TaskSchedulerImpl: Adding task set 5.0 with 1 tasks resource profile 0
	24/05/07 11:03:27 INFO TaskSetManager: Starting task 0.0 in stage 5.0 (TID 2) (56042a532902, executor driver, partition 0, NODE_LOCAL, 8043 bytes) 
	24/05/07 11:03:27 INFO Executor: Running task 0.0 in stage 5.0 (TID 2)
	24/05/07 11:03:27 INFO BlockManagerInfo: Removed broadcast_0_piece0 on 56042a532902:45923 in memory (size: 16.4 KiB, free: 93.3 MiB)
	24/05/07 11:03:27 INFO BlockManagerInfo: Removed broadcast_1_piece0 on 56042a532902:45923 in memory (size: 19.1 KiB, free: 93.3 MiB)
	24/05/07 11:03:28 INFO ShuffleBlockFetcherIterator: Getting 1 (60.0 B) non-empty blocks including 1 (60.0 B) local and 0 (0.0 B) host-local and 0 (0.0 B) push-merged-local and 0 (0.0 B) remote blocks
	24/05/07 11:03:28 INFO ShuffleBlockFetcherIterator: Started 0 remote fetches in 2 ms
	24/05/07 11:03:28 INFO CodeGenerator: Code generated in 32.163804 ms
[INFO] 2024-05-07 11:03:30.474 +0800 -  -> 
	24/05/07 11:03:30 INFO CodeGenerator: Code generated in 21.100036 ms
	24/05/07 11:03:30 INFO Executor: Finished task 0.0 in stage 5.0 (TID 2). 6668 bytes result sent to driver
	24/05/07 11:03:30 INFO TaskSetManager: Finished task 0.0 in stage 5.0 (TID 2) in 2591 ms on 56042a532902 (executor driver) (1/1)
	24/05/07 11:03:30 INFO TaskSchedulerImpl: Removed TaskSet 5.0, whose tasks have all completed, from pool 
	24/05/07 11:03:30 INFO DAGScheduler: ResultStage 5 (save at JdbcWriter.java:87) finished in 2.841 s
	24/05/07 11:03:30 INFO DAGScheduler: Job 2 is finished. Cancelling potential speculative or zombie tasks for this job
	24/05/07 11:03:30 INFO TaskSchedulerImpl: Killing all running tasks in stage 5: Stage finished
	24/05/07 11:03:30 INFO DAGScheduler: Job 2 finished: save at JdbcWriter.java:87, took 2.923946 s
[INFO] 2024-05-07 11:03:31.475 +0800 -  -> 
	24/05/07 11:03:30 INFO DAGScheduler: Registering RDD 13 (save at JdbcWriter.java:87) as input to shuffle 2
	24/05/07 11:03:30 INFO DAGScheduler: Got map stage job 3 (save at JdbcWriter.java:87) with 1 output partitions
	24/05/07 11:03:30 INFO DAGScheduler: Final stage: ShuffleMapStage 6 (save at JdbcWriter.java:87)
	24/05/07 11:03:30 INFO DAGScheduler: Parents of final stage: List()
	24/05/07 11:03:30 INFO DAGScheduler: Missing parents: List()
	24/05/07 11:03:30 INFO DAGScheduler: Submitting ShuffleMapStage 6 (MapPartitionsRDD[13] at save at JdbcWriter.java:87), which has no missing parents
	24/05/07 11:03:30 INFO MemoryStore: Block broadcast_3 stored as values in memory (estimated size 34.8 KiB, free 93.2 MiB)
	24/05/07 11:03:30 INFO MemoryStore: Block broadcast_3_piece0 stored as bytes in memory (estimated size 16.5 KiB, free 93.2 MiB)
	24/05/07 11:03:30 INFO BlockManagerInfo: Added broadcast_3_piece0 in memory on 56042a532902:45923 (size: 16.5 KiB, free: 93.3 MiB)
	24/05/07 11:03:30 INFO SparkContext: Created broadcast 3 from broadcast at DAGScheduler.scala:1585
	24/05/07 11:03:30 INFO DAGScheduler: Submitting 1 missing tasks from ShuffleMapStage 6 (MapPartitionsRDD[13] at save at JdbcWriter.java:87) (first 15 tasks are for partitions Vector(0))
	24/05/07 11:03:30 INFO TaskSchedulerImpl: Adding task set 6.0 with 1 tasks resource profile 0
	24/05/07 11:03:30 INFO TaskSetManager: Starting task 0.0 in stage 6.0 (TID 3) (56042a532902, executor driver, partition 0, PROCESS_LOCAL, 7878 bytes) 
	24/05/07 11:03:30 INFO Executor: Running task 0.0 in stage 6.0 (TID 3)
	24/05/07 11:03:30 INFO JDBCRDD: closed connection
	24/05/07 11:03:30 INFO Executor: Finished task 0.0 in stage 6.0 (TID 3). 2448 bytes result sent to driver
	24/05/07 11:03:30 INFO TaskSetManager: Finished task 0.0 in stage 6.0 (TID 3) in 130 ms on 56042a532902 (executor driver) (1/1)
	24/05/07 11:03:30 INFO TaskSchedulerImpl: Removed TaskSet 6.0, whose tasks have all completed, from pool 
	24/05/07 11:03:30 INFO DAGScheduler: ShuffleMapStage 6 (save at JdbcWriter.java:87) finished in 0.161 s
	24/05/07 11:03:30 INFO DAGScheduler: looking for newly runnable stages
	24/05/07 11:03:30 INFO DAGScheduler: running: Set()
	24/05/07 11:03:30 INFO DAGScheduler: waiting: Set()
	24/05/07 11:03:30 INFO DAGScheduler: failed: Set()
	24/05/07 11:03:30 INFO ShufflePartitionsUtil: For shuffle(2), advisory target size: 67108864, actual target size 1048576, minimum partition size: 1048576
	24/05/07 11:03:30 INFO HashAggregateExec: spark.sql.codegen.aggregate.map.twolevel.enabled is set to true, but current version of codegened fast hashmap does not support this aggregate.
	24/05/07 11:03:30 INFO DAGScheduler: Registering RDD 16 (save at JdbcWriter.java:87) as input to shuffle 3
	24/05/07 11:03:30 INFO DAGScheduler: Got map stage job 4 (save at JdbcWriter.java:87) with 1 output partitions
	24/05/07 11:03:30 INFO DAGScheduler: Final stage: ShuffleMapStage 8 (save at JdbcWriter.java:87)
	24/05/07 11:03:30 INFO DAGScheduler: Parents of final stage: List(ShuffleMapStage 7)
	24/05/07 11:03:30 INFO DAGScheduler: Missing parents: List()
	24/05/07 11:03:30 INFO DAGScheduler: Submitting ShuffleMapStage 8 (MapPartitionsRDD[16] at save at JdbcWriter.java:87), which has no missing parents
	24/05/07 11:03:30 INFO MemoryStore: Block broadcast_4 stored as values in memory (estimated size 40.6 KiB, free 93.1 MiB)
	24/05/07 11:03:30 INFO MemoryStore: Block broadcast_4_piece0 stored as bytes in memory (estimated size 19.1 KiB, free 93.1 MiB)
	24/05/07 11:03:30 INFO BlockManagerInfo: Added broadcast_4_piece0 in memory on 56042a532902:45923 (size: 19.1 KiB, free: 93.2 MiB)
	24/05/07 11:03:30 INFO SparkContext: Created broadcast 4 from broadcast at DAGScheduler.scala:1585
	24/05/07 11:03:30 INFO DAGScheduler: Submitting 1 missing tasks from ShuffleMapStage 8 (MapPartitionsRDD[16] at save at JdbcWriter.java:87) (first 15 tasks are for partitions Vector(0))
	24/05/07 11:03:30 INFO TaskSchedulerImpl: Adding task set 8.0 with 1 tasks resource profile 0
	24/05/07 11:03:30 INFO TaskSetManager: Starting task 0.0 in stage 8.0 (TID 4) (56042a532902, executor driver, partition 0, NODE_LOCAL, 8032 bytes) 
	24/05/07 11:03:30 INFO Executor: Running task 0.0 in stage 8.0 (TID 4)
	24/05/07 11:03:30 INFO ShuffleBlockFetcherIterator: Getting 1 (2.9 KiB) non-empty blocks including 1 (2.9 KiB) local and 0 (0.0 B) host-local and 0 (0.0 B) push-merged-local and 0 (0.0 B) remote blocks
	24/05/07 11:03:30 INFO ShuffleBlockFetcherIterator: Started 0 remote fetches in 4 ms
	24/05/07 11:03:30 INFO Executor: Finished task 0.0 in stage 8.0 (TID 4). 5420 bytes result sent to driver
	24/05/07 11:03:30 INFO TaskSetManager: Finished task 0.0 in stage 8.0 (TID 4) in 36 ms on 56042a532902 (executor driver) (1/1)
	24/05/07 11:03:30 INFO TaskSchedulerImpl: Removed TaskSet 8.0, whose tasks have all completed, from pool 
	24/05/07 11:03:30 INFO DAGScheduler: ShuffleMapStage 8 (save at JdbcWriter.java:87) finished in 0.069 s
	24/05/07 11:03:30 INFO DAGScheduler: looking for newly runnable stages
	24/05/07 11:03:30 INFO DAGScheduler: running: Set()
	24/05/07 11:03:30 INFO DAGScheduler: waiting: Set()
	24/05/07 11:03:30 INFO DAGScheduler: failed: Set()
	24/05/07 11:03:30 INFO CodeGenerator: Code generated in 15.550637 ms
	24/05/07 11:03:31 INFO SparkContext: Starting job: save at JdbcWriter.java:87
	24/05/07 11:03:31 INFO DAGScheduler: Got job 5 (save at JdbcWriter.java:87) with 1 output partitions
	24/05/07 11:03:31 INFO DAGScheduler: Final stage: ResultStage 11 (save at JdbcWriter.java:87)
	24/05/07 11:03:31 INFO DAGScheduler: Parents of final stage: List(ShuffleMapStage 10)
	24/05/07 11:03:31 INFO DAGScheduler: Missing parents: List()
	24/05/07 11:03:31 INFO DAGScheduler: Submitting ResultStage 11 (MapPartitionsRDD[21] at save at JdbcWriter.java:87), which has no missing parents
	24/05/07 11:03:31 INFO MemoryStore: Block broadcast_5 stored as values in memory (estimated size 49.2 KiB, free 93.1 MiB)
	24/05/07 11:03:31 INFO MemoryStore: Block broadcast_5_piece0 stored as bytes in memory (estimated size 22.7 KiB, free 93.0 MiB)
	24/05/07 11:03:31 INFO BlockManagerInfo: Added broadcast_5_piece0 in memory on 56042a532902:45923 (size: 22.7 KiB, free: 93.2 MiB)
	24/05/07 11:03:31 INFO SparkContext: Created broadcast 5 from broadcast at DAGScheduler.scala:1585
	24/05/07 11:03:31 INFO DAGScheduler: Submitting 1 missing tasks from ResultStage 11 (MapPartitionsRDD[21] at save at JdbcWriter.java:87) (first 15 tasks are for partitions Vector(0))
	24/05/07 11:03:31 INFO TaskSchedulerImpl: Adding task set 11.0 with 1 tasks resource profile 0
	24/05/07 11:03:31 INFO TaskSetManager: Starting task 0.0 in stage 11.0 (TID 5) (56042a532902, executor driver, partition 0, NODE_LOCAL, 8043 bytes) 
	24/05/07 11:03:31 INFO Executor: Running task 0.0 in stage 11.0 (TID 5)
	24/05/07 11:03:31 INFO ShuffleBlockFetcherIterator: Getting 1 (60.0 B) non-empty blocks including 1 (60.0 B) local and 0 (0.0 B) host-local and 0 (0.0 B) push-merged-local and 0 (0.0 B) remote blocks
	24/05/07 11:03:31 INFO ShuffleBlockFetcherIterator: Started 0 remote fetches in 1 ms
	24/05/07 11:03:31 INFO CodeGenerator: Code generated in 13.056009 ms
	24/05/07 11:03:31 INFO CodeGenerator: Code generated in 20.768261 ms
	24/05/07 11:03:31 INFO Executor: Finished task 0.0 in stage 11.0 (TID 5). 6668 bytes result sent to driver
	24/05/07 11:03:31 INFO TaskSetManager: Finished task 0.0 in stage 11.0 (TID 5) in 139 ms on 56042a532902 (executor driver) (1/1)
	24/05/07 11:03:31 INFO TaskSchedulerImpl: Removed TaskSet 11.0, whose tasks have all completed, from pool 
	24/05/07 11:03:31 INFO DAGScheduler: ResultStage 11 (save at JdbcWriter.java:87) finished in 0.216 s
	24/05/07 11:03:31 INFO DAGScheduler: Job 5 is finished. Cancelling potential speculative or zombie tasks for this job
	24/05/07 11:03:31 INFO TaskSchedulerImpl: Killing all running tasks in stage 11: Stage finished
	24/05/07 11:03:31 INFO DAGScheduler: Job 5 finished: save at JdbcWriter.java:87, took 0.252521 s
[INFO] 2024-05-07 11:03:32.482 +0800 -  -> 
	24/05/07 11:03:31 INFO BlockManagerInfo: Removed broadcast_5_piece0 on 56042a532902:45923 in memory (size: 22.7 KiB, free: 93.2 MiB)
	24/05/07 11:03:31 INFO BlockManagerInfo: Removed broadcast_2_piece0 on 56042a532902:45923 in memory (size: 23.0 KiB, free: 93.3 MiB)
	24/05/07 11:03:31 INFO BlockManagerInfo: Removed broadcast_3_piece0 on 56042a532902:45923 in memory (size: 16.5 KiB, free: 93.3 MiB)
	24/05/07 11:03:31 INFO BlockManagerInfo: Removed broadcast_4_piece0 on 56042a532902:45923 in memory (size: 19.1 KiB, free: 93.3 MiB)
	24/05/07 11:03:32 INFO DAGScheduler: Registering RDD 24 (csv at BaseFileWriter.java:114) as input to shuffle 4
	24/05/07 11:03:32 INFO DAGScheduler: Got map stage job 6 (csv at BaseFileWriter.java:114) with 1 output partitions
	24/05/07 11:03:32 INFO DAGScheduler: Final stage: ShuffleMapStage 12 (csv at BaseFileWriter.java:114)
	24/05/07 11:03:32 INFO DAGScheduler: Parents of final stage: List()
	24/05/07 11:03:32 INFO DAGScheduler: Missing parents: List()
	24/05/07 11:03:32 INFO DAGScheduler: Submitting ShuffleMapStage 12 (MapPartitionsRDD[24] at csv at BaseFileWriter.java:114), which has no missing parents
	24/05/07 11:03:32 INFO MemoryStore: Block broadcast_6 stored as values in memory (estimated size 34.8 KiB, free 93.3 MiB)
	24/05/07 11:03:32 INFO MemoryStore: Block broadcast_6_piece0 stored as bytes in memory (estimated size 16.5 KiB, free 93.2 MiB)
	24/05/07 11:03:32 INFO BlockManagerInfo: Added broadcast_6_piece0 in memory on 56042a532902:45923 (size: 16.5 KiB, free: 93.3 MiB)
	24/05/07 11:03:32 INFO SparkContext: Created broadcast 6 from broadcast at DAGScheduler.scala:1585
	24/05/07 11:03:32 INFO DAGScheduler: Submitting 1 missing tasks from ShuffleMapStage 12 (MapPartitionsRDD[24] at csv at BaseFileWriter.java:114) (first 15 tasks are for partitions Vector(0))
	24/05/07 11:03:32 INFO TaskSchedulerImpl: Adding task set 12.0 with 1 tasks resource profile 0
	24/05/07 11:03:32 INFO TaskSetManager: Starting task 0.0 in stage 12.0 (TID 6) (56042a532902, executor driver, partition 0, PROCESS_LOCAL, 7878 bytes) 
	24/05/07 11:03:32 INFO Executor: Running task 0.0 in stage 12.0 (TID 6)
	24/05/07 11:03:32 INFO JDBCRDD: closed connection
[INFO] 2024-05-07 11:03:33.489 +0800 -  -> 
	24/05/07 11:03:32 INFO Executor: Finished task 0.0 in stage 12.0 (TID 6). 2448 bytes result sent to driver
	24/05/07 11:03:32 INFO TaskSetManager: Finished task 0.0 in stage 12.0 (TID 6) in 149 ms on 56042a532902 (executor driver) (1/1)
	24/05/07 11:03:32 INFO TaskSchedulerImpl: Removed TaskSet 12.0, whose tasks have all completed, from pool 
	24/05/07 11:03:32 INFO DAGScheduler: ShuffleMapStage 12 (csv at BaseFileWriter.java:114) finished in 0.215 s
	24/05/07 11:03:32 INFO DAGScheduler: looking for newly runnable stages
	24/05/07 11:03:32 INFO DAGScheduler: running: Set()
	24/05/07 11:03:32 INFO DAGScheduler: waiting: Set()
	24/05/07 11:03:32 INFO DAGScheduler: failed: Set()
	24/05/07 11:03:32 INFO ShufflePartitionsUtil: For shuffle(4), advisory target size: 67108864, actual target size 1048576, minimum partition size: 1048576
	24/05/07 11:03:32 INFO FileOutputCommitter: File Output Committer Algorithm version is 1
	24/05/07 11:03:32 INFO FileOutputCommitter: FileOutputCommitter skip cleanup _temporary folders under output directory:false, ignore cleanup failures: false
	24/05/07 11:03:32 INFO SQLHadoopMapReduceCommitProtocol: Using output committer class org.apache.hadoop.mapreduce.lib.output.FileOutputCommitter
	24/05/07 11:03:32 INFO HashAggregateExec: spark.sql.codegen.aggregate.map.twolevel.enabled is set to true, but current version of codegened fast hashmap does not support this aggregate.
	24/05/07 11:03:32 INFO CodeGenerator: Code generated in 12.867954 ms
	24/05/07 11:03:32 INFO SparkContext: Starting job: csv at BaseFileWriter.java:114
	24/05/07 11:03:32 INFO DAGScheduler: Got job 7 (csv at BaseFileWriter.java:114) with 1 output partitions
	24/05/07 11:03:32 INFO DAGScheduler: Final stage: ResultStage 14 (csv at BaseFileWriter.java:114)
	24/05/07 11:03:32 INFO DAGScheduler: Parents of final stage: List(ShuffleMapStage 13)
	24/05/07 11:03:32 INFO DAGScheduler: Missing parents: List()
	24/05/07 11:03:32 INFO DAGScheduler: Submitting ResultStage 14 (MapPartitionsRDD[27] at csv at BaseFileWriter.java:114), which has no missing parents
	24/05/07 11:03:33 INFO MemoryStore: Block broadcast_7 stored as values in memory (estimated size 239.5 KiB, free 93.0 MiB)
	24/05/07 11:03:33 INFO MemoryStore: Block broadcast_7_piece0 stored as bytes in memory (estimated size 89.7 KiB, free 92.9 MiB)
	24/05/07 11:03:33 INFO BlockManagerInfo: Added broadcast_7_piece0 in memory on 56042a532902:45923 (size: 89.7 KiB, free: 93.2 MiB)
	24/05/07 11:03:33 INFO SparkContext: Created broadcast 7 from broadcast at DAGScheduler.scala:1585
	24/05/07 11:03:33 INFO DAGScheduler: Submitting 1 missing tasks from ResultStage 14 (MapPartitionsRDD[27] at csv at BaseFileWriter.java:114) (first 15 tasks are for partitions Vector(0))
	24/05/07 11:03:33 INFO TaskSchedulerImpl: Adding task set 14.0 with 1 tasks resource profile 0
	24/05/07 11:03:33 INFO TaskSetManager: Starting task 0.0 in stage 14.0 (TID 7) (56042a532902, executor driver, partition 0, NODE_LOCAL, 8043 bytes) 
	24/05/07 11:03:33 INFO Executor: Running task 0.0 in stage 14.0 (TID 7)
	24/05/07 11:03:33 INFO ShuffleBlockFetcherIterator: Getting 1 (2.9 KiB) non-empty blocks including 1 (2.9 KiB) local and 0 (0.0 B) host-local and 0 (0.0 B) push-merged-local and 0 (0.0 B) remote blocks
	24/05/07 11:03:33 INFO ShuffleBlockFetcherIterator: Started 0 remote fetches in 0 ms
	24/05/07 11:03:33 INFO CodeGenerator: Code generated in 13.911154 ms
	24/05/07 11:03:33 INFO FileOutputCommitter: File Output Committer Algorithm version is 1
	24/05/07 11:03:33 INFO FileOutputCommitter: FileOutputCommitter skip cleanup _temporary folders under output directory:false, ignore cleanup failures: false
	24/05/07 11:03:33 INFO SQLHadoopMapReduceCommitProtocol: Using output committer class org.apache.hadoop.mapreduce.lib.output.FileOutputCommitter
	24/05/07 11:03:33 INFO BlockManagerInfo: Removed broadcast_6_piece0 on 56042a532902:45923 in memory (size: 16.5 KiB, free: 93.2 MiB)
[INFO] 2024-05-07 11:03:35.493 +0800 -  -> 
	24/05/07 11:03:34 INFO FileOutputCommitter: Saved output of task 'attempt_202405071103327168109252444440387_0014_m_000000_7' to hdfs://mycluster:8020/user/default/data_quality_error_data/0_1094_[null check] filtered data persistence/_temporary/0/task_202405071103327168109252444440387_0014_m_000000
	24/05/07 11:03:34 INFO SparkHadoopMapRedUtil: attempt_202405071103327168109252444440387_0014_m_000000_7: Committed. Elapsed time: 47 ms.
	24/05/07 11:03:34 INFO Executor: Finished task 0.0 in stage 14.0 (TID 7). 6005 bytes result sent to driver
	24/05/07 11:03:34 INFO TaskSetManager: Finished task 0.0 in stage 14.0 (TID 7) in 1496 ms on 56042a532902 (executor driver) (1/1)
	24/05/07 11:03:34 INFO TaskSchedulerImpl: Removed TaskSet 14.0, whose tasks have all completed, from pool 
	24/05/07 11:03:34 INFO DAGScheduler: ResultStage 14 (csv at BaseFileWriter.java:114) finished in 1.760 s
	24/05/07 11:03:34 INFO DAGScheduler: Job 7 is finished. Cancelling potential speculative or zombie tasks for this job
	24/05/07 11:03:34 INFO TaskSchedulerImpl: Killing all running tasks in stage 14: Stage finished
	24/05/07 11:03:34 INFO DAGScheduler: Job 7 finished: csv at BaseFileWriter.java:114, took 1.791827 s
	24/05/07 11:03:34 INFO FileFormatWriter: Start to commit write Job fc70a79a-e5d4-4b7b-8f3d-caa5ee755c2e.
	24/05/07 11:03:34 INFO FileFormatWriter: Write Job fc70a79a-e5d4-4b7b-8f3d-caa5ee755c2e committed. Elapsed time: 168 ms.
	24/05/07 11:03:34 INFO FileFormatWriter: Finished processing stats for write job fc70a79a-e5d4-4b7b-8f3d-caa5ee755c2e.
	24/05/07 11:03:34 INFO SparkContext: SparkContext is stopping with exitCode 0.
	24/05/07 11:03:34 INFO SparkUI: Stopped Spark web UI at http://56042a532902:4040
	24/05/07 11:03:34 INFO MapOutputTrackerMasterEndpoint: MapOutputTrackerMasterEndpoint stopped!
	24/05/07 11:03:35 INFO MemoryStore: MemoryStore cleared
	24/05/07 11:03:35 INFO BlockManager: BlockManager stopped
	24/05/07 11:03:35 INFO BlockManagerMaster: BlockManagerMaster stopped
	24/05/07 11:03:35 INFO OutputCommitCoordinator$OutputCommitCoordinatorEndpoint: OutputCommitCoordinator stopped!
	24/05/07 11:03:35 INFO SparkContext: Successfully stopped SparkContext
	24/05/07 11:03:35 INFO ShutdownHookManager: Shutdown hook called
	24/05/07 11:03:35 INFO ShutdownHookManager: Deleting directory /tmp/spark-565beb51-261d-40c3-b907-5af56a6f1a69
	24/05/07 11:03:35 INFO ShutdownHookManager: Deleting directory /tmp/spark-8af4b1ee-ebc2-4de2-9be1-8127b15c4299
[INFO] 2024-05-07 11:03:35.495 +0800 - process has exited. execute path:/tmp/dolphinscheduler/exec/process/default/13001194483488/13505298546272_21/1094/3993, processId:520 ,exitStatusCode:0 ,processWaitForStatus:true ,processExitValue:0
[INFO] 2024-05-07 11:03:35.497 +0800 - Start finding appId in /opt/dolphinscheduler/logs/20240507/13505298546272/21/1094/3993.log, fetch way: log 
[INFO] 2024-05-07 11:03:35.498 +0800 - ***********************************************************************************************
[INFO] 2024-05-07 11:03:35.499 +0800 - *********************************  Finalize task instance  ************************************
[INFO] 2024-05-07 11:03:35.499 +0800 - ***********************************************************************************************
[INFO] 2024-05-07 11:03:35.499 +0800 - Upload output files: [] successfully
[INFO] 2024-05-07 11:03:35.511 +0800 - Send task execute status: SUCCESS to master : 172.18.1.1:1234
[INFO] 2024-05-07 11:03:35.512 +0800 - Remove the current task execute context from worker cache
[INFO] 2024-05-07 11:03:35.513 +0800 - The current execute mode isn't develop mode, will clear the task execute file: /tmp/dolphinscheduler/exec/process/default/13001194483488/13505298546272_21/1094/3993
[INFO] 2024-05-07 11:03:35.514 +0800 - Success clear the task execute file: /tmp/dolphinscheduler/exec/process/default/13001194483488/13505298546272_21/1094/3993
[INFO] 2024-05-07 11:03:35.515 +0800 - FINALIZE_SESSION
