[INFO] 2024-04-22 10:11:28.718 +0800 - ***********************************************************************************************
[INFO] 2024-04-22 10:11:28.719 +0800 - *********************************  Initialize task context  ***********************************
[INFO] 2024-04-22 10:11:28.719 +0800 - ***********************************************************************************************
[INFO] 2024-04-22 10:11:28.719 +0800 - Begin to initialize task
[INFO] 2024-04-22 10:11:28.719 +0800 - Set task startTime: 1713751888719
[INFO] 2024-04-22 10:11:28.720 +0800 - Set task appId: 397_907
[INFO] 2024-04-22 10:11:28.720 +0800 - End initialize task {
  "taskInstanceId" : 907,
  "taskName" : "Workflow B",
  "firstSubmitTime" : 1713751888703,
  "startTime" : 1713751888719,
  "taskType" : "SHELL",
  "workflowInstanceHost" : "172.18.0.11:5678",
  "host" : "172.18.1.1:1234",
  "logPath" : "/opt/dolphinscheduler/logs/20240422/13005346143424/1/397/907.log",
  "processId" : 0,
  "processDefineCode" : 13005346143424,
  "processDefineVersion" : 1,
  "processInstanceId" : 397,
  "scheduleTime" : 0,
  "globalParams" : "[]",
  "executorId" : 1,
  "cmdTypeIfComplement" : 0,
  "tenantCode" : "default",
  "processDefineId" : 0,
  "projectId" : 0,
  "projectCode" : 13001194483488,
  "taskParams" : "{\"localParams\":[],\"rawScript\":\"#!/bin/bash\\necho \\\"Task B\\\"\",\"resourceList\":[]}",
  "prepareParamsMap" : {
    "system.task.definition.name" : {
      "prop" : "system.task.definition.name",
      "direct" : "IN",
      "type" : "VARCHAR",
      "value" : "Workflow B"
    },
    "system.project.name" : {
      "prop" : "system.project.name",
      "direct" : "IN",
      "type" : "VARCHAR",
      "value" : null
    },
    "system.project.code" : {
      "prop" : "system.project.code",
      "direct" : "IN",
      "type" : "VARCHAR",
      "value" : "13001194483488"
    },
    "system.workflow.instance.id" : {
      "prop" : "system.workflow.instance.id",
      "direct" : "IN",
      "type" : "VARCHAR",
      "value" : "397"
    },
    "system.biz.curdate" : {
      "prop" : "system.biz.curdate",
      "direct" : "IN",
      "type" : "VARCHAR",
      "value" : "20240422"
    },
    "system.biz.date" : {
      "prop" : "system.biz.date",
      "direct" : "IN",
      "type" : "VARCHAR",
      "value" : "20240421"
    },
    "system.task.instance.id" : {
      "prop" : "system.task.instance.id",
      "direct" : "IN",
      "type" : "VARCHAR",
      "value" : "907"
    },
    "system.workflow.definition.name" : {
      "prop" : "system.workflow.definition.name",
      "direct" : "IN",
      "type" : "VARCHAR",
      "value" : "Workflow_B"
    },
    "system.task.definition.code" : {
      "prop" : "system.task.definition.code",
      "direct" : "IN",
      "type" : "VARCHAR",
      "value" : "13005334545216"
    },
    "system.workflow.definition.code" : {
      "prop" : "system.workflow.definition.code",
      "direct" : "IN",
      "type" : "VARCHAR",
      "value" : "13005346143424"
    },
    "system.datetime" : {
      "prop" : "system.datetime",
      "direct" : "IN",
      "type" : "VARCHAR",
      "value" : "20240422101128"
    }
  },
  "taskAppId" : "397_907",
  "taskTimeout" : 2147483647,
  "workerGroup" : "default",
  "delayTime" : 0,
  "currentExecutionStatus" : "SUBMITTED_SUCCESS",
  "endTime" : 0,
  "varPool" : "[]",
  "dryRun" : 0,
  "paramsMap" : { },
  "cpuQuota" : -1,
  "memoryMax" : -1,
  "testFlag" : 0,
  "logBufferEnable" : false,
  "dispatchFailTimes" : 0
}
[INFO] 2024-04-22 10:11:28.721 +0800 - ***********************************************************************************************
[INFO] 2024-04-22 10:11:28.721 +0800 - *********************************  Load task instance plugin  *********************************
[INFO] 2024-04-22 10:11:28.721 +0800 - ***********************************************************************************************
[INFO] 2024-04-22 10:11:28.727 +0800 - Send task status RUNNING_EXECUTION master: 172.18.1.1:1234
[INFO] 2024-04-22 10:11:28.735 +0800 - TenantCode: default check successfully
[INFO] 2024-04-22 10:11:28.738 +0800 - WorkflowInstanceExecDir: /tmp/dolphinscheduler/exec/process/default/13001194483488/13005346143424_1/397/907 check successfully
[INFO] 2024-04-22 10:11:28.738 +0800 - Create TaskChannel: org.apache.dolphinscheduler.plugin.task.shell.ShellTaskChannel successfully
[INFO] 2024-04-22 10:11:28.739 +0800 - Download resources successfully: 
ResourceContext(resourceItemMap={})
[INFO] 2024-04-22 10:11:28.740 +0800 - Download upstream files: [] successfully
[INFO] 2024-04-22 10:11:28.741 +0800 - Task plugin instance: SHELL create successfully
[INFO] 2024-04-22 10:11:28.741 +0800 - Initialize shell task params {
  "localParams" : [ ],
  "varPool" : null,
  "rawScript" : "#!/bin/bash\necho \"Task B\"",
  "resourceList" : [ ]
}
[INFO] 2024-04-22 10:11:28.741 +0800 - Success initialized task plugin instance successfully
[INFO] 2024-04-22 10:11:28.742 +0800 - Set taskVarPool: [] successfully
[INFO] 2024-04-22 10:11:28.742 +0800 - ***********************************************************************************************
[INFO] 2024-04-22 10:11:28.742 +0800 - *********************************  Execute task instance  *************************************
[INFO] 2024-04-22 10:11:28.742 +0800 - ***********************************************************************************************
[INFO] 2024-04-22 10:11:28.743 +0800 - Final Shell file is: 
[INFO] 2024-04-22 10:11:28.743 +0800 - ****************************** Script Content *****************************************************************
[INFO] 2024-04-22 10:11:28.743 +0800 - #!/bin/bash
BASEDIR=$(cd `dirname $0`; pwd)
cd $BASEDIR
#!/bin/bash
echo "Task B"
[INFO] 2024-04-22 10:11:28.743 +0800 - ****************************** Script Content *****************************************************************
[INFO] 2024-04-22 10:11:28.744 +0800 - Executing shell command : sudo -u default -i /tmp/dolphinscheduler/exec/process/default/13001194483488/13005346143424_1/397/907/397_907.sh
[INFO] 2024-04-22 10:11:28.748 +0800 - process start, process id is: 2199
[INFO] 2024-04-22 10:11:29.752 +0800 -  -> 
	sudo: unable to change directory to /home/default: No such file or directory
	Task B
[INFO] 2024-04-22 10:11:29.754 +0800 - process has exited. execute path:/tmp/dolphinscheduler/exec/process/default/13001194483488/13005346143424_1/397/907, processId:2199 ,exitStatusCode:0 ,processWaitForStatus:true ,processExitValue:0
[INFO] 2024-04-22 10:11:29.756 +0800 - ***********************************************************************************************
[INFO] 2024-04-22 10:11:29.756 +0800 - *********************************  Finalize task instance  ************************************
[INFO] 2024-04-22 10:11:29.756 +0800 - ***********************************************************************************************
[INFO] 2024-04-22 10:11:29.757 +0800 - Upload output files: [] successfully
[INFO] 2024-04-22 10:11:29.761 +0800 - Send task execute status: SUCCESS to master : 172.18.1.1:1234
[INFO] 2024-04-22 10:11:29.762 +0800 - Remove the current task execute context from worker cache
[INFO] 2024-04-22 10:11:29.763 +0800 - The current execute mode isn't develop mode, will clear the task execute file: /tmp/dolphinscheduler/exec/process/default/13001194483488/13005346143424_1/397/907
[INFO] 2024-04-22 10:11:29.764 +0800 - Success clear the task execute file: /tmp/dolphinscheduler/exec/process/default/13001194483488/13005346143424_1/397/907
[INFO] 2024-04-22 10:11:29.765 +0800 - FINALIZE_SESSION
