[INFO] 2024-04-22 02:26:34.910 +0800 - ***********************************************************************************************
[INFO] 2024-04-22 02:26:34.912 +0800 - *********************************  Initialize task context  ***********************************
[INFO] 2024-04-22 02:26:34.913 +0800 - ***********************************************************************************************
[INFO] 2024-04-22 02:26:34.913 +0800 - Begin to initialize task
[INFO] 2024-04-22 02:26:34.913 +0800 - Set task startTime: 1713723994913
[INFO] 2024-04-22 02:26:34.913 +0800 - Set task appId: 350_798
[INFO] 2024-04-22 02:26:34.914 +0800 - End initialize task {
  "taskInstanceId" : 798,
  "taskName" : "spark_shell",
  "firstSubmitTime" : 1713723994864,
  "startTime" : 1713723994913,
  "taskType" : "SHELL",
  "workflowInstanceHost" : "172.18.0.12:5678",
  "host" : "172.18.1.1:1234",
  "logPath" : "/opt/dolphinscheduler/logs/20240422/13201021801792/30/350/798.log",
  "processId" : 0,
  "processDefineCode" : 13201021801792,
  "processDefineVersion" : 30,
  "processInstanceId" : 350,
  "scheduleTime" : 0,
  "globalParams" : "[{\"prop\":\"folder\",\"direct\":\"IN\",\"type\":\"VARCHAR\",\"value\":\"in\"}]",
  "executorId" : 1,
  "cmdTypeIfComplement" : 0,
  "tenantCode" : "default",
  "processDefineId" : 0,
  "projectId" : 0,
  "projectCode" : 13010050770016,
  "taskParams" : "{\"localParams\":[],\"rawScript\":\"# $SPARK_HOME/bin/spark-submit \\\\\\n#     --master spark://spark-master:7077 \\\\\\n#     --conf spark.driver.cores=1 \\\\\\n#     --conf spark.driver.memory=512M \\\\\\n#     --conf spark.executor.instances=2 \\\\\\n#     --conf spark.executor.cores=2 \\\\\\n#     --conf spark.executor.memory=1G \\\\\\n#     --name myapple spark-test.py\\n\\nprocessed=$(cat )\",\"resourceList\":[{\"id\":null,\"resourceName\":\"file:/dolphinscheduler/default/resources/spark-test.py\",\"res\":null}]}",
  "environmentConfig" : "export SPARK_HOME=/opt/spark-3.5.1-bin-hadoop3\nexport JAVA_HOME=/opt/java/openjdk\nexport HADOOP_CONF_DIR=/opt/hadoop-3.4.0/etc/hadoop\nexport PYSPARK_DRIVER_PYTHON=/bin/python3.11",
  "prepareParamsMap" : {
    "system.task.definition.name" : {
      "prop" : "system.task.definition.name",
      "direct" : "IN",
      "type" : "VARCHAR",
      "value" : "spark_shell"
    },
    "system.project.name" : {
      "prop" : "system.project.name",
      "direct" : "IN",
      "type" : "VARCHAR",
      "value" : null
    },
    "system.biz.curdate" : {
      "prop" : "system.biz.curdate",
      "direct" : "IN",
      "type" : "VARCHAR",
      "value" : "20240422"
    },
    "system.task.instance.id" : {
      "prop" : "system.task.instance.id",
      "direct" : "IN",
      "type" : "VARCHAR",
      "value" : "798"
    },
    "system.task.definition.code" : {
      "prop" : "system.task.definition.code",
      "direct" : "IN",
      "type" : "VARCHAR",
      "value" : "13210058002752"
    },
    "system.datetime" : {
      "prop" : "system.datetime",
      "direct" : "IN",
      "type" : "VARCHAR",
      "value" : "20240422022634"
    },
    "folder" : {
      "prop" : "folder",
      "direct" : "IN",
      "type" : "VARCHAR",
      "value" : "in"
    },
    "system.project.code" : {
      "prop" : "system.project.code",
      "direct" : "IN",
      "type" : "VARCHAR",
      "value" : "13010050770016"
    },
    "system.workflow.instance.id" : {
      "prop" : "system.workflow.instance.id",
      "direct" : "IN",
      "type" : "VARCHAR",
      "value" : "350"
    },
    "raw_file_dir" : {
      "prop" : "raw_file_dir",
      "direct" : "IN",
      "type" : "VARCHAR",
      "value" : "./342-20240421.json"
    },
    "system.biz.date" : {
      "prop" : "system.biz.date",
      "direct" : "IN",
      "type" : "VARCHAR",
      "value" : "20240421"
    },
    "system.workflow.definition.name" : {
      "prop" : "system.workflow.definition.name",
      "direct" : "IN",
      "type" : "VARCHAR",
      "value" : "preprocess_post"
    },
    "system.workflow.definition.code" : {
      "prop" : "system.workflow.definition.code",
      "direct" : "IN",
      "type" : "VARCHAR",
      "value" : "13201021801792"
    }
  },
  "taskAppId" : "350_798",
  "taskTimeout" : 2147483647,
  "workerGroup" : "default",
  "delayTime" : 0,
  "currentExecutionStatus" : "SUBMITTED_SUCCESS",
  "endTime" : 0,
  "varPool" : "[{\"prop\":\"raw_file_dir\",\"direct\":\"IN\",\"type\":\"VARCHAR\",\"value\":\"./342-20240421.json\"}]",
  "dryRun" : 0,
  "paramsMap" : { },
  "cpuQuota" : -1,
  "memoryMax" : -1,
  "testFlag" : 0,
  "logBufferEnable" : false,
  "dispatchFailTimes" : 0
}
[INFO] 2024-04-22 02:26:34.914 +0800 - ***********************************************************************************************
[INFO] 2024-04-22 02:26:34.914 +0800 - *********************************  Load task instance plugin  *********************************
[INFO] 2024-04-22 02:26:34.914 +0800 - ***********************************************************************************************
[INFO] 2024-04-22 02:26:34.923 +0800 - Send task status RUNNING_EXECUTION master: 172.18.1.1:1234
[INFO] 2024-04-22 02:26:34.925 +0800 - TenantCode: default check successfully
[INFO] 2024-04-22 02:26:34.926 +0800 - WorkflowInstanceExecDir: /tmp/dolphinscheduler/exec/process/default/13010050770016/13201021801792_30/350/798 check successfully
[INFO] 2024-04-22 02:26:34.926 +0800 - Create TaskChannel: org.apache.dolphinscheduler.plugin.task.shell.ShellTaskChannel successfully
[INFO] 2024-04-22 02:26:35.041 +0800 - Download resources successfully: 
ResourceContext(resourceItemMap={file:/dolphinscheduler/default/resources/spark-test.py=ResourceContext.ResourceItem(resourceAbsolutePathInStorage=file:/dolphinscheduler/default/resources/spark-test.py, resourceRelativePath=spark-test.py, resourceAbsolutePathInLocal=/tmp/dolphinscheduler/exec/process/default/13010050770016/13201021801792_30/350/798/spark-test.py)})
[INFO] 2024-04-22 02:26:35.044 +0800 - Download upstream files: [] successfully
[INFO] 2024-04-22 02:26:35.045 +0800 - Task plugin instance: SHELL create successfully
[INFO] 2024-04-22 02:26:35.046 +0800 - Initialize shell task params {
  "localParams" : [ ],
  "varPool" : null,
  "rawScript" : "# $SPARK_HOME/bin/spark-submit \\\n#     --master spark://spark-master:7077 \\\n#     --conf spark.driver.cores=1 \\\n#     --conf spark.driver.memory=512M \\\n#     --conf spark.executor.instances=2 \\\n#     --conf spark.executor.cores=2 \\\n#     --conf spark.executor.memory=1G \\\n#     --name myapple spark-test.py\n\nprocessed=$(cat )",
  "resourceList" : [ {
    "id" : null,
    "resourceName" : "file:/dolphinscheduler/default/resources/spark-test.py",
    "res" : null
  } ]
}
[INFO] 2024-04-22 02:26:35.050 +0800 - Success initialized task plugin instance successfully
[INFO] 2024-04-22 02:26:35.050 +0800 - Set taskVarPool: [{"prop":"raw_file_dir","direct":"IN","type":"VARCHAR","value":"./342-20240421.json"}] successfully
[INFO] 2024-04-22 02:26:35.051 +0800 - ***********************************************************************************************
[INFO] 2024-04-22 02:26:35.051 +0800 - *********************************  Execute task instance  *************************************
[INFO] 2024-04-22 02:26:35.052 +0800 - ***********************************************************************************************
[INFO] 2024-04-22 02:26:35.053 +0800 - Final Shell file is: 
[INFO] 2024-04-22 02:26:35.053 +0800 - ****************************** Script Content *****************************************************************
[INFO] 2024-04-22 02:26:35.054 +0800 - #!/bin/bash
BASEDIR=$(cd `dirname $0`; pwd)
cd $BASEDIR
export SPARK_HOME=/opt/spark-3.5.1-bin-hadoop3
export JAVA_HOME=/opt/java/openjdk
export HADOOP_CONF_DIR=/opt/hadoop-3.4.0/etc/hadoop
export PYSPARK_DRIVER_PYTHON=/bin/python3.11
# $SPARK_HOME/bin/spark-submit \
#     --master spark://spark-master:7077 \
#     --conf spark.driver.cores=1 \
#     --conf spark.driver.memory=512M \
#     --conf spark.executor.instances=2 \
#     --conf spark.executor.cores=2 \
#     --conf spark.executor.memory=1G \
#     --name myapple spark-test.py

processed=$(cat )
[INFO] 2024-04-22 02:26:35.054 +0800 - ****************************** Script Content *****************************************************************
[INFO] 2024-04-22 02:26:35.054 +0800 - Executing shell command : sudo -u default -i /tmp/dolphinscheduler/exec/process/default/13010050770016/13201021801792_30/350/798/350_798.sh
[INFO] 2024-04-22 02:26:35.064 +0800 - process start, process id is: 2205
[INFO] 2024-04-22 02:26:36.065 +0800 -  -> 
	sudo: unable to change directory to /home/default: No such file or directory
[ERROR] 2024-04-22 02:28:06.342 +0800 - kill task error
java.io.IOException: Cannot run program "pstree": error=2, No such file or directory
	at java.lang.ProcessBuilder.start(ProcessBuilder.java:1048)
	at org.apache.dolphinscheduler.common.shell.AbstractShell.runCommand(AbstractShell.java:138)
	at org.apache.dolphinscheduler.common.shell.AbstractShell.run(AbstractShell.java:118)
	at org.apache.dolphinscheduler.common.shell.ShellExecutor.execute(ShellExecutor.java:125)
	at org.apache.dolphinscheduler.common.shell.ShellExecutor.execCommand(ShellExecutor.java:103)
	at org.apache.dolphinscheduler.common.shell.ShellExecutor.execCommand(ShellExecutor.java:86)
	at org.apache.dolphinscheduler.common.utils.OSUtils.exeShell(OSUtils.java:345)
	at org.apache.dolphinscheduler.common.utils.OSUtils.exeCmd(OSUtils.java:334)
	at org.apache.dolphinscheduler.plugin.task.api.utils.ProcessUtils.getPidsStr(ProcessUtils.java:129)
	at org.apache.dolphinscheduler.server.worker.runner.operator.TaskInstanceKillOperationFunction.killProcess(TaskInstanceKillOperationFunction.java:130)
	at org.apache.dolphinscheduler.server.worker.runner.operator.TaskInstanceKillOperationFunction.doKill(TaskInstanceKillOperationFunction.java:96)
	at org.apache.dolphinscheduler.server.worker.runner.operator.TaskInstanceKillOperationFunction.operate(TaskInstanceKillOperationFunction.java:69)
	at org.apache.dolphinscheduler.server.worker.rpc.TaskInstanceOperatorImpl.killTask(TaskInstanceOperatorImpl.java:49)
	at sun.reflect.NativeMethodAccessorImpl.invoke0(Native Method)
	at sun.reflect.NativeMethodAccessorImpl.invoke(NativeMethodAccessorImpl.java:62)
	at sun.reflect.DelegatingMethodAccessorImpl.invoke(DelegatingMethodAccessorImpl.java:43)
	at java.lang.reflect.Method.invoke(Method.java:498)
	at org.apache.dolphinscheduler.extract.base.server.ServerMethodInvokerImpl.invoke(ServerMethodInvokerImpl.java:41)
	at org.apache.dolphinscheduler.extract.base.server.JdkDynamicServerHandler.lambda$processReceived$0(JdkDynamicServerHandler.java:108)
	at java.util.concurrent.ThreadPoolExecutor.runWorker(ThreadPoolExecutor.java:1149)
	at java.util.concurrent.ThreadPoolExecutor$Worker.run(ThreadPoolExecutor.java:624)
	at java.lang.Thread.run(Thread.java:750)
Caused by: java.io.IOException: error=2, No such file or directory
	at java.lang.UNIXProcess.forkAndExec(Native Method)
	at java.lang.UNIXProcess.<init>(UNIXProcess.java:247)
	at java.lang.ProcessImpl.start(ProcessImpl.java:134)
	at java.lang.ProcessBuilder.start(ProcessBuilder.java:1029)
	... 21 common frames omitted
[INFO] 2024-04-22 02:28:06.360 +0800 - Get appIds from worker 172.18.1.1:1234, taskLogPath: /opt/dolphinscheduler/logs/20240422/13201021801792/30/350/798.log
[INFO] 2024-04-22 02:28:06.361 +0800 - Start finding appId in /opt/dolphinscheduler/logs/20240422/13201021801792/30/350/798.log, fetch way: log 
[INFO] 2024-04-22 02:28:06.379 +0800 - The appId is empty
[INFO] 2024-04-22 02:28:06.380 +0800 - Begin to kill process process, pid is : 2205
[INFO] 2024-04-22 02:28:06.426 +0800 - Success kill task: 350_798, pid: 2205
[INFO] 2024-04-22 02:28:06.427 +0800 - kill task by cancelApplication, taskInstanceId: 798
[INFO] 2024-04-22 02:28:07.197 +0800 - process has exited. execute path:/tmp/dolphinscheduler/exec/process/default/13010050770016/13201021801792_30/350/798, processId:2205 ,exitStatusCode:0 ,processWaitForStatus:true ,processExitValue:0
[INFO] 2024-04-22 02:28:07.198 +0800 - ***********************************************************************************************
[INFO] 2024-04-22 02:28:07.198 +0800 - *********************************  Finalize task instance  ************************************
[INFO] 2024-04-22 02:28:07.198 +0800 - ***********************************************************************************************
[INFO] 2024-04-22 02:28:07.199 +0800 - Upload output files: [] successfully
[INFO] 2024-04-22 02:28:07.216 +0800 - Send task execute status: SUCCESS to master : 172.18.1.1:1234
[INFO] 2024-04-22 02:28:07.216 +0800 - Remove the current task execute context from worker cache
[INFO] 2024-04-22 02:28:07.216 +0800 - The current execute mode isn't develop mode, will clear the task execute file: /tmp/dolphinscheduler/exec/process/default/13010050770016/13201021801792_30/350/798
[INFO] 2024-04-22 02:28:07.217 +0800 - Success clear the task execute file: /tmp/dolphinscheduler/exec/process/default/13010050770016/13201021801792_30/350/798
[INFO] 2024-04-22 02:28:07.218 +0800 - FINALIZE_SESSION
