[INFO] 2024-05-05 08:44:36.562 +0800 - ***********************************************************************************************
[INFO] 2024-05-05 08:44:36.662 +0800 - *********************************  Initialize task context  ***********************************
[INFO] 2024-05-05 08:44:36.663 +0800 - ***********************************************************************************************
[INFO] 2024-05-05 08:44:36.663 +0800 - Begin to initialize task
[INFO] 2024-05-05 08:44:36.663 +0800 - Set task startTime: 1714869876663
[INFO] 2024-05-05 08:44:36.663 +0800 - Set task appId: 996_3686
[INFO] 2024-05-05 08:44:36.664 +0800 - End initialize task {
  "taskInstanceId" : 3686,
  "taskName" : "consume filtered data",
  "firstSubmitTime" : 1714869876445,
  "startTime" : 1714869876663,
  "taskType" : "SHELL",
  "workflowInstanceHost" : "172.18.0.12:5678",
  "host" : "172.18.1.1:1234",
  "logPath" : "/opt/dolphinscheduler/logs/20240505/13426477386080/40/996/3686.log",
  "processId" : 0,
  "processDefineCode" : 13426477386080,
  "processDefineVersion" : 40,
  "processInstanceId" : 996,
  "scheduleTime" : 0,
  "globalParams" : "[{\"prop\":\"input_topic\",\"direct\":\"IN\",\"type\":\"VARCHAR\",\"value\":\"gnews_filtered\"}]",
  "executorId" : 1,
  "cmdTypeIfComplement" : 0,
  "tenantCode" : "default",
  "processDefineId" : 0,
  "projectId" : 0,
  "projectCode" : 13010050770016,
  "taskParams" : "{\"localParams\":[{\"prop\":\"filtered_data_message\",\"direct\":\"OUT\",\"type\":\"VARCHAR\",\"value\":\"\"}],\"rawScript\":\"# filtered_data_message = $(${KAFKA_HOME}/bin/kafka-console-consumer.sh \\\\\\n#     --bootstrap-server kafka:9092 \\\\\\n#     --topic ${input_topic} \\\\\\n#     --max-messages 1 \\\\\\n#     --from-beginning \\\\\\n#     --group filtered_data_consumer \\\\\\n#     --timeout-ms 15000)\\n\\n# echo \\\"#{setValue(filtered_data_message=${filtered_data_message})}\\\"\",\"resourceList\":[]}",
  "environmentConfig" : "export JAVA_HOME=/opt/java/openjdk\nexport KAFKA_HOME=/opt/kafka_2.13-3.7.0",
  "prepareParamsMap" : {
    "GNEWS_HOME" : {
      "prop" : "GNEWS_HOME",
      "direct" : "IN",
      "type" : "VARCHAR",
      "value" : "/local_storage/google_news"
    },
    "system.task.definition.name" : {
      "prop" : "system.task.definition.name",
      "direct" : "IN",
      "type" : "VARCHAR",
      "value" : "consume filtered data"
    },
    "system.project.name" : {
      "prop" : "system.project.name",
      "direct" : "IN",
      "type" : "VARCHAR",
      "value" : null
    },
    "REDDIT_HOME" : {
      "prop" : "REDDIT_HOME",
      "direct" : "IN",
      "type" : "VARCHAR",
      "value" : "/local_storage/reddit"
    },
    "input_topic" : {
      "prop" : "input_topic",
      "direct" : "IN",
      "type" : "VARCHAR",
      "value" : "gnews_filtered"
    },
    "system.biz.curdate" : {
      "prop" : "system.biz.curdate",
      "direct" : "IN",
      "type" : "VARCHAR",
      "value" : "20240505"
    },
    "system.task.instance.id" : {
      "prop" : "system.task.instance.id",
      "direct" : "IN",
      "type" : "VARCHAR",
      "value" : "3686"
    },
    "system.task.definition.code" : {
      "prop" : "system.task.definition.code",
      "direct" : "IN",
      "type" : "VARCHAR",
      "value" : "13433255983872"
    },
    "system.datetime" : {
      "prop" : "system.datetime",
      "direct" : "IN",
      "type" : "VARCHAR",
      "value" : "20240505084436"
    },
    "system.project.code" : {
      "prop" : "system.project.code",
      "direct" : "IN",
      "type" : "VARCHAR",
      "value" : "13010050770016"
    },
    "system.workflow.instance.id" : {
      "prop" : "system.workflow.instance.id",
      "direct" : "IN",
      "type" : "VARCHAR",
      "value" : "996"
    },
    "system.biz.date" : {
      "prop" : "system.biz.date",
      "direct" : "IN",
      "type" : "VARCHAR",
      "value" : "20240504"
    },
    "system.workflow.definition.name" : {
      "prop" : "system.workflow.definition.name",
      "direct" : "IN",
      "type" : "VARCHAR",
      "value" : "es_filtered_data_persistence_subprocess"
    },
    "system.workflow.definition.code" : {
      "prop" : "system.workflow.definition.code",
      "direct" : "IN",
      "type" : "VARCHAR",
      "value" : "13426477386080"
    }
  },
  "taskAppId" : "996_3686",
  "taskTimeout" : 2147483647,
  "workerGroup" : "default",
  "delayTime" : 0,
  "currentExecutionStatus" : "SUBMITTED_SUCCESS",
  "endTime" : 0,
  "dryRun" : 0,
  "paramsMap" : { },
  "cpuQuota" : -1,
  "memoryMax" : -1,
  "testFlag" : 0,
  "logBufferEnable" : false,
  "dispatchFailTimes" : 0
}
[INFO] 2024-05-05 08:44:36.686 +0800 - ***********************************************************************************************
[INFO] 2024-05-05 08:44:36.687 +0800 - *********************************  Load task instance plugin  *********************************
[INFO] 2024-05-05 08:44:36.687 +0800 - ***********************************************************************************************
[INFO] 2024-05-05 08:44:36.720 +0800 - Send task status RUNNING_EXECUTION master: 172.18.1.1:1234
[INFO] 2024-05-05 08:44:36.721 +0800 - TenantCode: default check successfully
[INFO] 2024-05-05 08:44:36.723 +0800 - WorkflowInstanceExecDir: /tmp/dolphinscheduler/exec/process/default/13010050770016/13426477386080_40/996/3686 check successfully
[INFO] 2024-05-05 08:44:36.724 +0800 - Create TaskChannel: org.apache.dolphinscheduler.plugin.task.shell.ShellTaskChannel successfully
[INFO] 2024-05-05 08:44:36.725 +0800 - Download resources successfully: 
ResourceContext(resourceItemMap={})
[INFO] 2024-05-05 08:44:36.725 +0800 - Download upstream files: [] successfully
[INFO] 2024-05-05 08:44:36.725 +0800 - Task plugin instance: SHELL create successfully
[INFO] 2024-05-05 08:44:36.726 +0800 - Initialize shell task params {
  "localParams" : [ {
    "prop" : "filtered_data_message",
    "direct" : "OUT",
    "type" : "VARCHAR",
    "value" : ""
  } ],
  "varPool" : null,
  "rawScript" : "# filtered_data_message = $(${KAFKA_HOME}/bin/kafka-console-consumer.sh \\\n#     --bootstrap-server kafka:9092 \\\n#     --topic ${input_topic} \\\n#     --max-messages 1 \\\n#     --from-beginning \\\n#     --group filtered_data_consumer \\\n#     --timeout-ms 15000)\n\n# echo \"#{setValue(filtered_data_message=${filtered_data_message})}\"",
  "resourceList" : [ ]
}
[INFO] 2024-05-05 08:44:36.726 +0800 - Success initialized task plugin instance successfully
[INFO] 2024-05-05 08:44:36.728 +0800 - Set taskVarPool: null successfully
[INFO] 2024-05-05 08:44:36.728 +0800 - ***********************************************************************************************
[INFO] 2024-05-05 08:44:36.729 +0800 - *********************************  Execute task instance  *************************************
[INFO] 2024-05-05 08:44:36.730 +0800 - ***********************************************************************************************
[INFO] 2024-05-05 08:44:36.732 +0800 - Final Shell file is: 
[INFO] 2024-05-05 08:44:36.733 +0800 - ****************************** Script Content *****************************************************************
[INFO] 2024-05-05 08:44:36.733 +0800 - #!/bin/bash
BASEDIR=$(cd `dirname $0`; pwd)
cd $BASEDIR
export JAVA_HOME=/opt/java/openjdk
export KAFKA_HOME=/opt/kafka_2.13-3.7.0
# filtered_data_message = $(${KAFKA_HOME}/bin/kafka-console-consumer.sh \
#     --bootstrap-server kafka:9092 \
#     --topic gnews_filtered \
#     --max-messages 1 \
#     --from-beginning \
#     --group filtered_data_consumer \
#     --timeout-ms 15000)

# echo "#{setValue(filtered_data_message=${filtered_data_message})}"
[INFO] 2024-05-05 08:44:36.734 +0800 - ****************************** Script Content *****************************************************************
[INFO] 2024-05-05 08:44:36.735 +0800 - Executing shell command : sudo -u default -i /tmp/dolphinscheduler/exec/process/default/13010050770016/13426477386080_40/996/3686/996_3686.sh
[INFO] 2024-05-05 08:44:36.763 +0800 - process start, process id is: 4282
[INFO] 2024-05-05 08:44:37.772 +0800 -  -> 
	sudo: unable to change directory to /home/default: No such file or directory
[INFO] 2024-05-05 08:44:37.774 +0800 - process has exited. execute path:/tmp/dolphinscheduler/exec/process/default/13010050770016/13426477386080_40/996/3686, processId:4282 ,exitStatusCode:0 ,processWaitForStatus:true ,processExitValue:0
[INFO] 2024-05-05 08:44:37.775 +0800 - ***********************************************************************************************
[INFO] 2024-05-05 08:44:37.776 +0800 - *********************************  Finalize task instance  ************************************
[INFO] 2024-05-05 08:44:37.777 +0800 - ***********************************************************************************************
[INFO] 2024-05-05 08:44:37.777 +0800 - Upload output files: [] successfully
[INFO] 2024-05-05 08:44:37.779 +0800 - Send task execute status: SUCCESS to master : 172.18.1.1:1234
[INFO] 2024-05-05 08:44:37.780 +0800 - Remove the current task execute context from worker cache
[INFO] 2024-05-05 08:44:37.780 +0800 - The current execute mode isn't develop mode, will clear the task execute file: /tmp/dolphinscheduler/exec/process/default/13010050770016/13426477386080_40/996/3686
[INFO] 2024-05-05 08:44:37.781 +0800 - Success clear the task execute file: /tmp/dolphinscheduler/exec/process/default/13010050770016/13426477386080_40/996/3686
[INFO] 2024-05-05 08:44:37.781 +0800 - FINALIZE_SESSION
