[INFO] 2024-04-17 15:44:57.340 +0800 - ***********************************************************************************************
[INFO] 2024-04-17 15:44:57.342 +0800 - *********************************  Initialize task context  ***********************************
[INFO] 2024-04-17 15:44:57.342 +0800 - ***********************************************************************************************
[INFO] 2024-04-17 15:44:57.342 +0800 - Begin to initialize task
[INFO] 2024-04-17 15:44:57.342 +0800 - Set task startTime: 1713339897342
[INFO] 2024-04-17 15:44:57.342 +0800 - Set task appId: 297_645
[INFO] 2024-04-17 15:44:57.343 +0800 - End initialize task {
  "taskInstanceId" : 645,
  "taskName" : "sum of numbers python",
  "firstSubmitTime" : 1713339897306,
  "startTime" : 1713339897342,
  "taskType" : "PYTHON",
  "workflowInstanceHost" : "172.27.0.8:5678",
  "host" : "172.27.0.12:1234",
  "logPath" : "/opt/dolphinscheduler/logs/20240417/13001314456096/44/297/645.log",
  "processId" : 0,
  "processDefineCode" : 13001314456096,
  "processDefineVersion" : 44,
  "processInstanceId" : 297,
  "scheduleTime" : 0,
  "executorId" : 1,
  "cmdTypeIfComplement" : 0,
  "tenantCode" : "default",
  "processDefineId" : 0,
  "projectId" : 0,
  "projectCode" : 13001194483488,
  "taskParams" : "{\"localParams\":[{\"prop\":\"sum\",\"direct\":\"OUT\",\"type\":\"VARCHAR\",\"value\":\"\"}],\"rawScript\":\"print(int(${num1}))\\nprint(int(${num2}))\\n\\nnumber1 = int(${num1})\\nnumber2 = int(${num2})\\n\\nsum_of_num = number1 + number2\\nprint(sum_of_num)\\nprint(\\\"#{setValue(sum=sum_of_num)}\\\")\",\"resourceList\":[]}",
  "environmentConfig" : "export PYTHON_LAUNCHER=/bin/python3.11",
  "prepareParamsMap" : {
    "system.task.definition.name" : {
      "prop" : "system.task.definition.name",
      "direct" : "IN",
      "type" : "VARCHAR",
      "value" : "sum of numbers python"
    },
    "system.project.name" : {
      "prop" : "system.project.name",
      "direct" : "IN",
      "type" : "VARCHAR",
      "value" : null
    },
    "system.biz.curdate" : {
      "prop" : "system.biz.curdate",
      "direct" : "IN",
      "type" : "VARCHAR",
      "value" : "20240417"
    },
    "system.task.instance.id" : {
      "prop" : "system.task.instance.id",
      "direct" : "IN",
      "type" : "VARCHAR",
      "value" : "645"
    },
    "system.task.definition.code" : {
      "prop" : "system.task.definition.code",
      "direct" : "IN",
      "type" : "VARCHAR",
      "value" : "13300304456864"
    },
    "system.datetime" : {
      "prop" : "system.datetime",
      "direct" : "IN",
      "type" : "VARCHAR",
      "value" : "20240417154457"
    },
    "system.project.code" : {
      "prop" : "system.project.code",
      "direct" : "IN",
      "type" : "VARCHAR",
      "value" : "13001194483488"
    },
    "system.workflow.instance.id" : {
      "prop" : "system.workflow.instance.id",
      "direct" : "IN",
      "type" : "VARCHAR",
      "value" : "297"
    },
    "num1" : {
      "prop" : "num1",
      "direct" : "IN",
      "type" : "VARCHAR",
      "value" : "1"
    },
    "system.biz.date" : {
      "prop" : "system.biz.date",
      "direct" : "IN",
      "type" : "VARCHAR",
      "value" : "20240416"
    },
    "system.workflow.definition.name" : {
      "prop" : "system.workflow.definition.name",
      "direct" : "IN",
      "type" : "VARCHAR",
      "value" : "random_numbers_generator"
    },
    "system.workflow.definition.code" : {
      "prop" : "system.workflow.definition.code",
      "direct" : "IN",
      "type" : "VARCHAR",
      "value" : "13001314456096"
    },
    "num2" : {
      "prop" : "num2",
      "direct" : "IN",
      "type" : "VARCHAR",
      "value" : "0"
    }
  },
  "taskAppId" : "297_645",
  "taskTimeout" : 2147483647,
  "workerGroup" : "default",
  "delayTime" : 0,
  "currentExecutionStatus" : "SUBMITTED_SUCCESS",
  "endTime" : 0,
  "varPool" : "[{\"prop\":\"num1\",\"direct\":\"IN\",\"type\":\"VARCHAR\",\"value\":\"1\"},{\"prop\":\"num2\",\"direct\":\"IN\",\"type\":\"VARCHAR\",\"value\":\"0\"}]",
  "dryRun" : 0,
  "paramsMap" : { },
  "cpuQuota" : -1,
  "memoryMax" : -1,
  "testFlag" : 0,
  "logBufferEnable" : false,
  "dispatchFailTimes" : 0
}
[INFO] 2024-04-17 15:44:57.344 +0800 - ***********************************************************************************************
[INFO] 2024-04-17 15:44:57.344 +0800 - *********************************  Load task instance plugin  *********************************
[INFO] 2024-04-17 15:44:57.344 +0800 - ***********************************************************************************************
[INFO] 2024-04-17 15:44:57.362 +0800 - Send task status RUNNING_EXECUTION master: 172.27.0.12:1234
[INFO] 2024-04-17 15:44:57.362 +0800 - TenantCode: default check successfully
[INFO] 2024-04-17 15:44:57.363 +0800 - WorkflowInstanceExecDir: /tmp/dolphinscheduler/exec/process/default/13001194483488/13001314456096_44/297/645 check successfully
[INFO] 2024-04-17 15:44:57.364 +0800 - Create TaskChannel: org.apache.dolphinscheduler.plugin.task.python.PythonTaskChannel successfully
[INFO] 2024-04-17 15:44:57.364 +0800 - Download resources successfully: 
ResourceContext(resourceItemMap={})
[INFO] 2024-04-17 15:44:57.364 +0800 - Download upstream files: [] successfully
[INFO] 2024-04-17 15:44:57.365 +0800 - Task plugin instance: PYTHON create successfully
[INFO] 2024-04-17 15:44:57.366 +0800 - Initialize python task params {
  "localParams" : [ {
    "prop" : "sum",
    "direct" : "OUT",
    "type" : "VARCHAR",
    "value" : ""
  } ],
  "varPool" : null,
  "rawScript" : "print(int(${num1}))\nprint(int(${num2}))\n\nnumber1 = int(${num1})\nnumber2 = int(${num2})\n\nsum_of_num = number1 + number2\nprint(sum_of_num)\nprint(\"#{setValue(sum=sum_of_num)}\")",
  "resourceList" : [ ]
}
[INFO] 2024-04-17 15:44:57.366 +0800 - Success initialized task plugin instance successfully
[INFO] 2024-04-17 15:44:57.366 +0800 - Set taskVarPool: [{"prop":"num1","direct":"IN","type":"VARCHAR","value":"1"},{"prop":"num2","direct":"IN","type":"VARCHAR","value":"0"}] successfully
[INFO] 2024-04-17 15:44:57.366 +0800 - ***********************************************************************************************
[INFO] 2024-04-17 15:44:57.366 +0800 - *********************************  Execute task instance  *************************************
[INFO] 2024-04-17 15:44:57.366 +0800 - ***********************************************************************************************
[INFO] 2024-04-17 15:44:57.368 +0800 - raw python script : print(int(${num1}))
print(int(${num2}))

number1 = int(${num1})
number2 = int(${num2})

sum_of_num = number1 + number2
print(sum_of_num)
print("#{setValue(sum=sum_of_num)}")
[INFO] 2024-04-17 15:44:57.369 +0800 - tenantCode :default, task dir:/tmp/dolphinscheduler/exec/process/default/13001194483488/13001314456096_44/297/645
[INFO] 2024-04-17 15:44:57.369 +0800 - generate python script file:/tmp/dolphinscheduler/exec/process/default/13001194483488/13001314456096_44/297/645/py_297_645.py
[INFO] 2024-04-17 15:44:57.369 +0800 - #-*- encoding=utf8 -*-

print(int(1))
print(int(0))

number1 = int(1)
number2 = int(0)

sum_of_num = number1 + number2
print(sum_of_num)
print("#{setValue(sum=sum_of_num)}")
[INFO] 2024-04-17 15:44:57.369 +0800 - Final Shell file is: 
[INFO] 2024-04-17 15:44:57.370 +0800 - ****************************** Script Content *****************************************************************
[INFO] 2024-04-17 15:44:57.370 +0800 - #!/bin/bash
BASEDIR=$(cd `dirname $0`; pwd)
cd $BASEDIR
export PYTHON_LAUNCHER=/bin/python3.11
${PYTHON_LAUNCHER} /tmp/dolphinscheduler/exec/process/default/13001194483488/13001314456096_44/297/645/py_297_645.py
[INFO] 2024-04-17 15:44:57.370 +0800 - ****************************** Script Content *****************************************************************
[INFO] 2024-04-17 15:44:57.370 +0800 - Executing shell command : sudo -u default -i /tmp/dolphinscheduler/exec/process/default/13001194483488/13001314456096_44/297/645/297_645.sh
[INFO] 2024-04-17 15:44:57.392 +0800 - process start, process id is: 3891
[INFO] 2024-04-17 15:44:57.407 +0800 -  -> 
	sudo: unable to change directory to /home/default: No such file or directory
[INFO] 2024-04-17 15:44:58.413 +0800 -  -> 
	1
	0
	1
	#{setValue(sum=sum_of_num)}
[INFO] 2024-04-17 15:44:58.415 +0800 - process has exited. execute path:/tmp/dolphinscheduler/exec/process/default/13001194483488/13001314456096_44/297/645, processId:3891 ,exitStatusCode:0 ,processWaitForStatus:true ,processExitValue:0
[INFO] 2024-04-17 15:44:58.415 +0800 - ***********************************************************************************************
[INFO] 2024-04-17 15:44:58.415 +0800 - *********************************  Finalize task instance  ************************************
[INFO] 2024-04-17 15:44:58.415 +0800 - ***********************************************************************************************
[INFO] 2024-04-17 15:44:58.416 +0800 - Upload output files: [] successfully
[INFO] 2024-04-17 15:44:58.423 +0800 - Send task execute status: SUCCESS to master : 172.27.0.12:1234
[INFO] 2024-04-17 15:44:58.423 +0800 - Remove the current task execute context from worker cache
[INFO] 2024-04-17 15:44:58.423 +0800 - The current execute mode isn't develop mode, will clear the task execute file: /tmp/dolphinscheduler/exec/process/default/13001194483488/13001314456096_44/297/645
[INFO] 2024-04-17 15:44:58.424 +0800 - Success clear the task execute file: /tmp/dolphinscheduler/exec/process/default/13001194483488/13001314456096_44/297/645
[INFO] 2024-04-17 15:44:58.424 +0800 - FINALIZE_SESSION
