[INFO] 2024-03-21 16:33:11.559 +0800 - ***********************************************************************************************
[INFO] 2024-03-21 16:33:11.563 +0800 - *********************************  Initialize task context  ***********************************
[INFO] 2024-03-21 16:33:11.563 +0800 - ***********************************************************************************************
[INFO] 2024-03-21 16:33:11.563 +0800 - Begin to initialize task
[INFO] 2024-03-21 16:33:11.563 +0800 - Set task startTime: 1711009991563
[INFO] 2024-03-21 16:33:11.563 +0800 - Set task appId: 9_56
[INFO] 2024-03-21 16:33:11.569 +0800 - End initialize task {
  "taskInstanceId" : 56,
  "taskName" : "show final state",
  "firstSubmitTime" : 1711009991542,
  "startTime" : 1711009991563,
  "taskType" : "SHELL",
  "workflowInstanceHost" : "172.19.0.5:5678",
  "host" : "172.19.0.7:1234",
  "logPath" : "/opt/dolphinscheduler/logs/20240321/13001314456096/15/9/56.log",
  "processId" : 0,
  "processDefineCode" : 13001314456096,
  "processDefineVersion" : 15,
  "processInstanceId" : 9,
  "scheduleTime" : 0,
  "executorId" : 1,
  "cmdTypeIfComplement" : 0,
  "tenantCode" : "default",
  "processDefineId" : 0,
  "projectId" : 0,
  "projectCode" : 13001194483488,
  "taskParams" : "{\"localParams\":[],\"rawScript\":\"echo \\\"${num1}\\\"\\necho \\\"${num2}\\\"\",\"resourceList\":[]}",
  "prepareParamsMap" : {
    "system.task.definition.name" : {
      "prop" : "system.task.definition.name",
      "direct" : "IN",
      "type" : "VARCHAR",
      "value" : "show final state"
    },
    "system.project.name" : {
      "prop" : "system.project.name",
      "direct" : "IN",
      "type" : "VARCHAR",
      "value" : null
    },
    "system.project.code" : {
      "prop" : "system.project.code",
      "direct" : "IN",
      "type" : "VARCHAR",
      "value" : "13001194483488"
    },
    "system.workflow.instance.id" : {
      "prop" : "system.workflow.instance.id",
      "direct" : "IN",
      "type" : "VARCHAR",
      "value" : "9"
    },
    "system.biz.curdate" : {
      "prop" : "system.biz.curdate",
      "direct" : "IN",
      "type" : "VARCHAR",
      "value" : "20240321"
    },
    "system.biz.date" : {
      "prop" : "system.biz.date",
      "direct" : "IN",
      "type" : "VARCHAR",
      "value" : "20240320"
    },
    "system.task.instance.id" : {
      "prop" : "system.task.instance.id",
      "direct" : "IN",
      "type" : "VARCHAR",
      "value" : "56"
    },
    "system.workflow.definition.name" : {
      "prop" : "system.workflow.definition.name",
      "direct" : "IN",
      "type" : "VARCHAR",
      "value" : "random_numbers_generator"
    },
    "system.task.definition.code" : {
      "prop" : "system.task.definition.code",
      "direct" : "IN",
      "type" : "VARCHAR",
      "value" : "13001393547168"
    },
    "system.workflow.definition.code" : {
      "prop" : "system.workflow.definition.code",
      "direct" : "IN",
      "type" : "VARCHAR",
      "value" : "13001314456096"
    },
    "system.datetime" : {
      "prop" : "system.datetime",
      "direct" : "IN",
      "type" : "VARCHAR",
      "value" : "20240321163311"
    },
    "num2" : {
      "prop" : "num2",
      "direct" : "IN",
      "type" : "INTEGER",
      "value" : "1"
    }
  },
  "taskAppId" : "9_56",
  "taskTimeout" : 2147483647,
  "workerGroup" : "default",
  "delayTime" : 0,
  "currentExecutionStatus" : "SUBMITTED_SUCCESS",
  "endTime" : 0,
  "varPool" : "[{\"prop\":\"num2\",\"direct\":\"IN\",\"type\":\"INTEGER\",\"value\":\"1\"}]",
  "dryRun" : 0,
  "paramsMap" : { },
  "cpuQuota" : -1,
  "memoryMax" : -1,
  "testFlag" : 0,
  "logBufferEnable" : false,
  "dispatchFailTimes" : 0
}
[INFO] 2024-03-21 16:33:11.570 +0800 - ***********************************************************************************************
[INFO] 2024-03-21 16:33:11.570 +0800 - *********************************  Load task instance plugin  *********************************
[INFO] 2024-03-21 16:33:11.570 +0800 - ***********************************************************************************************
[INFO] 2024-03-21 16:33:11.586 +0800 - Send task status RUNNING_EXECUTION master: 172.19.0.7:1234
[INFO] 2024-03-21 16:33:11.587 +0800 - TenantCode: default check successfully
[INFO] 2024-03-21 16:33:11.589 +0800 - WorkflowInstanceExecDir: /tmp/dolphinscheduler/exec/process/default/13001194483488/13001314456096_15/9/56 check successfully
[INFO] 2024-03-21 16:33:11.589 +0800 - Create TaskChannel: org.apache.dolphinscheduler.plugin.task.shell.ShellTaskChannel successfully
[INFO] 2024-03-21 16:33:11.590 +0800 - Download resources successfully: 
ResourceContext(resourceItemMap={})
[INFO] 2024-03-21 16:33:11.590 +0800 - Download upstream files: [] successfully
[INFO] 2024-03-21 16:33:11.590 +0800 - Task plugin instance: SHELL create successfully
[INFO] 2024-03-21 16:33:11.592 +0800 - Initialize shell task params {
  "localParams" : [ ],
  "varPool" : null,
  "rawScript" : "echo \"${num1}\"\necho \"${num2}\"",
  "resourceList" : [ ]
}
[INFO] 2024-03-21 16:33:11.595 +0800 - Success initialized task plugin instance successfully
[INFO] 2024-03-21 16:33:11.596 +0800 - Set taskVarPool: [{"prop":"num2","direct":"IN","type":"INTEGER","value":"1"}] successfully
[INFO] 2024-03-21 16:33:11.596 +0800 - ***********************************************************************************************
[INFO] 2024-03-21 16:33:11.596 +0800 - *********************************  Execute task instance  *************************************
[INFO] 2024-03-21 16:33:11.597 +0800 - ***********************************************************************************************
[INFO] 2024-03-21 16:33:11.598 +0800 - Final Shell file is: 
[INFO] 2024-03-21 16:33:11.598 +0800 - ****************************** Script Content *****************************************************************
[INFO] 2024-03-21 16:33:11.599 +0800 - #!/bin/bash
BASEDIR=$(cd `dirname $0`; pwd)
cd $BASEDIR
echo "${num1}"
echo "1"
[INFO] 2024-03-21 16:33:11.599 +0800 - ****************************** Script Content *****************************************************************
[INFO] 2024-03-21 16:33:11.599 +0800 - Executing shell command : sudo -u default -i /tmp/dolphinscheduler/exec/process/default/13001194483488/13001314456096_15/9/56/9_56.sh
[INFO] 2024-03-21 16:33:11.606 +0800 - process start, process id is: 1621
[INFO] 2024-03-21 16:33:12.611 +0800 -  -> 
	sudo: unable to change directory to /home/default: No such file or directory
	
	1
[INFO] 2024-03-21 16:33:12.616 +0800 - process has exited. execute path:/tmp/dolphinscheduler/exec/process/default/13001194483488/13001314456096_15/9/56, processId:1621 ,exitStatusCode:0 ,processWaitForStatus:true ,processExitValue:0
[INFO] 2024-03-21 16:33:12.616 +0800 - ***********************************************************************************************
[INFO] 2024-03-21 16:33:12.618 +0800 - *********************************  Finalize task instance  ************************************
[INFO] 2024-03-21 16:33:12.618 +0800 - ***********************************************************************************************
[INFO] 2024-03-21 16:33:12.620 +0800 - Upload output files: [] successfully
[INFO] 2024-03-21 16:33:12.644 +0800 - Send task execute status: SUCCESS to master : 172.19.0.7:1234
[INFO] 2024-03-21 16:33:12.645 +0800 - Remove the current task execute context from worker cache
[INFO] 2024-03-21 16:33:12.646 +0800 - The current execute mode isn't develop mode, will clear the task execute file: /tmp/dolphinscheduler/exec/process/default/13001194483488/13001314456096_15/9/56
[INFO] 2024-03-21 16:33:12.648 +0800 - Success clear the task execute file: /tmp/dolphinscheduler/exec/process/default/13001194483488/13001314456096_15/9/56
[INFO] 2024-03-21 16:33:12.649 +0800 - FINALIZE_SESSION
